<?xml version="1.0" encoding="UTF-8"?>
<testsuite xmlns:xsi="http://www.w3.org/2001/XMLSchema-instance" xsi:noNamespaceSchemaLocation="https://maven.apache.org/surefire/maven-surefire-plugin/xsd/surefire-test-report-3.0.xsd" version="3.0" name="TestSuite" time="10.566" tests="3" errors="0" skipped="0" failures="1">
  <properties>
    <property name="java.specification.version" value="17"/>
    <property name="sun.jnu.encoding" value="UTF-8"/>
    <property name="java.class.path" value="/home/saurav.purohit/eclipse-workspace/Liftlab/target/test-classes:/home/saurav.purohit/eclipse-workspace/Liftlab/target/classes:/home/saurav.purohit/.m2/repository/org/testng/testng/7.8.0/testng-7.8.0.jar:/home/saurav.purohit/.m2/repository/org/slf4j/slf4j-api/1.7.36/slf4j-api-1.7.36.jar:/home/saurav.purohit/.m2/repository/com/beust/jcommander/1.82/jcommander-1.82.jar:/home/saurav.purohit/.m2/repository/org/webjars/jquery/3.6.1/jquery-3.6.1.jar:/home/saurav.purohit/.m2/repository/io/rest-assured/rest-assured/5.3.1/rest-assured-5.3.1.jar:/home/saurav.purohit/.m2/repository/org/apache/groovy/groovy/4.0.11/groovy-4.0.11.jar:/home/saurav.purohit/.m2/repository/org/apache/groovy/groovy-xml/4.0.11/groovy-xml-4.0.11.jar:/home/saurav.purohit/.m2/repository/org/apache/httpcomponents/httpclient/4.5.13/httpclient-4.5.13.jar:/home/saurav.purohit/.m2/repository/org/apache/httpcomponents/httpcore/4.4.13/httpcore-4.4.13.jar:/home/saurav.purohit/.m2/repository/commons-logging/commons-logging/1.2/commons-logging-1.2.jar:/home/saurav.purohit/.m2/repository/commons-codec/commons-codec/1.11/commons-codec-1.11.jar:/home/saurav.purohit/.m2/repository/org/apache/httpcomponents/httpmime/4.5.13/httpmime-4.5.13.jar:/home/saurav.purohit/.m2/repository/org/hamcrest/hamcrest/2.2/hamcrest-2.2.jar:/home/saurav.purohit/.m2/repository/org/ccil/cowan/tagsoup/tagsoup/1.2.1/tagsoup-1.2.1.jar:/home/saurav.purohit/.m2/repository/io/rest-assured/json-path/5.3.1/json-path-5.3.1.jar:/home/saurav.purohit/.m2/repository/org/apache/groovy/groovy-json/4.0.11/groovy-json-4.0.11.jar:/home/saurav.purohit/.m2/repository/io/rest-assured/rest-assured-common/5.3.1/rest-assured-common-5.3.1.jar:/home/saurav.purohit/.m2/repository/io/rest-assured/xml-path/5.3.1/xml-path-5.3.1.jar:/home/saurav.purohit/.m2/repository/io/rest-assured/json-schema-validator/5.3.1/json-schema-validator-5.3.1.jar:/home/saurav.purohit/.m2/repository/com/github/java-json-tools/json-schema-validator/2.2.14/json-schema-validator-2.2.14.jar:/home/saurav.purohit/.m2/repository/com/github/java-json-tools/jackson-coreutils-equivalence/1.0/jackson-coreutils-equivalence-1.0.jar:/home/saurav.purohit/.m2/repository/com/fasterxml/jackson/core/jackson-databind/2.11.0/jackson-databind-2.11.0.jar:/home/saurav.purohit/.m2/repository/com/fasterxml/jackson/core/jackson-annotations/2.11.0/jackson-annotations-2.11.0.jar:/home/saurav.purohit/.m2/repository/com/fasterxml/jackson/core/jackson-core/2.11.0/jackson-core-2.11.0.jar:/home/saurav.purohit/.m2/repository/com/github/java-json-tools/jackson-coreutils/2.0/jackson-coreutils-2.0.jar:/home/saurav.purohit/.m2/repository/com/github/java-json-tools/msg-simple/1.2/msg-simple-1.2.jar:/home/saurav.purohit/.m2/repository/com/github/java-json-tools/btf/1.3/btf-1.3.jar:/home/saurav.purohit/.m2/repository/com/github/java-json-tools/json-schema-core/1.2.14/json-schema-core-1.2.14.jar:/home/saurav.purohit/.m2/repository/com/github/java-json-tools/uri-template/0.10/uri-template-0.10.jar:/home/saurav.purohit/.m2/repository/org/mozilla/rhino/1.7.7.2/rhino-1.7.7.2.jar:/home/saurav.purohit/.m2/repository/com/sun/mail/mailapi/1.6.2/mailapi-1.6.2.jar:/home/saurav.purohit/.m2/repository/joda-time/joda-time/2.10.5/joda-time-2.10.5.jar:/home/saurav.purohit/.m2/repository/com/googlecode/libphonenumber/libphonenumber/8.11.1/libphonenumber-8.11.1.jar:/home/saurav.purohit/.m2/repository/com/google/code/findbugs/jsr305/3.0.2/jsr305-3.0.2.jar:/home/saurav.purohit/.m2/repository/net/sf/jopt-simple/jopt-simple/5.0.4/jopt-simple-5.0.4.jar:/home/saurav.purohit/.m2/repository/com/google/guava/guava/32.0.1-jre/guava-32.0.1-jre.jar:/home/saurav.purohit/.m2/repository/com/google/guava/failureaccess/1.0.1/failureaccess-1.0.1.jar:/home/saurav.purohit/.m2/repository/com/google/guava/listenablefuture/9999.0-empty-to-avoid-conflict-with-guava/listenablefuture-9999.0-empty-to-avoid-conflict-with-guava.jar:/home/saurav.purohit/.m2/repository/org/checkerframework/checker-qual/3.33.0/checker-qual-3.33.0.jar:/home/saurav.purohit/.m2/repository/com/google/errorprone/error_prone_annotations/2.18.0/error_prone_annotations-2.18.0.jar:/home/saurav.purohit/.m2/repository/com/google/j2objc/j2objc-annotations/2.8/j2objc-annotations-2.8.jar:/home/saurav.purohit/.m2/repository/io/qameta/allure/allure-testng/2.24.0/allure-testng-2.24.0.jar:/home/saurav.purohit/.m2/repository/io/qameta/allure/allure-java-commons/2.24.0/allure-java-commons-2.24.0.jar:/home/saurav.purohit/.m2/repository/io/qameta/allure/allure-model/2.24.0/allure-model-2.24.0.jar:/home/saurav.purohit/.m2/repository/io/qameta/allure/allure-test-filter/2.24.0/allure-test-filter-2.24.0.jar:/home/saurav.purohit/.m2/repository/org/apache/commons/commons-lang3/3.13.0/commons-lang3-3.13.0.jar:/home/saurav.purohit/.m2/repository/org/apache/logging/log4j/log4j-core/3.0.0-alpha1/log4j-core-3.0.0-alpha1.jar:/home/saurav.purohit/.m2/repository/org/apache/logging/log4j/log4j-plugins/3.0.0-alpha1/log4j-plugins-3.0.0-alpha1.jar:/home/saurav.purohit/.m2/repository/javax/activation/javax.activation-api/1.2.0/javax.activation-api-1.2.0.jar:/home/saurav.purohit/.m2/repository/javax/xml/bind/jaxb-api/2.3.1/jaxb-api-2.3.1.jar:/home/saurav.purohit/.m2/repository/com/fasterxml/woodstox/woodstox-core/6.5.0/woodstox-core-6.5.0.jar:/home/saurav.purohit/.m2/repository/org/codehaus/woodstox/stax2-api/4.2.1/stax2-api-4.2.1.jar:/home/saurav.purohit/.m2/repository/javax/json/javax.json-api/1.1.4/javax.json-api-1.1.4.jar:/home/saurav.purohit/.m2/repository/org/apache/logging/log4j/log4j-api/3.0.0-alpha1/log4j-api-3.0.0-alpha1.jar:"/>
    <property name="java.vm.vendor" value="Private Build"/>
    <property name="sun.arch.data.model" value="64"/>
    <property name="java.vendor.url" value="Unknown"/>
    <property name="user.timezone" value="Asia/Kolkata"/>
    <property name="os.name" value="Linux"/>
    <property name="java.vm.specification.version" value="17"/>
    <property name="sun.java.launcher" value="SUN_STANDARD"/>
    <property name="user.country" value="IN"/>
    <property name="sun.boot.library.path" value="/usr/lib/jvm/java-17-openjdk-amd64/lib"/>
    <property name="sun.java.command" value="/home/saurav.purohit/eclipse-workspace/Liftlab/target/surefire/surefirebooter-20240203214133202_3.jar /home/saurav.purohit/eclipse-workspace/Liftlab/target/surefire 2024-02-03T21-41-33_132-jvmRun1 surefire-20240203214133202_1tmp surefire_0-20240203214133202_2tmp"/>
    <property name="jdk.debug" value="release"/>
    <property name="surefire.test.class.path" value="/home/saurav.purohit/eclipse-workspace/Liftlab/target/test-classes:/home/saurav.purohit/eclipse-workspace/Liftlab/target/classes:/home/saurav.purohit/.m2/repository/org/testng/testng/7.8.0/testng-7.8.0.jar:/home/saurav.purohit/.m2/repository/org/slf4j/slf4j-api/1.7.36/slf4j-api-1.7.36.jar:/home/saurav.purohit/.m2/repository/com/beust/jcommander/1.82/jcommander-1.82.jar:/home/saurav.purohit/.m2/repository/org/webjars/jquery/3.6.1/jquery-3.6.1.jar:/home/saurav.purohit/.m2/repository/io/rest-assured/rest-assured/5.3.1/rest-assured-5.3.1.jar:/home/saurav.purohit/.m2/repository/org/apache/groovy/groovy/4.0.11/groovy-4.0.11.jar:/home/saurav.purohit/.m2/repository/org/apache/groovy/groovy-xml/4.0.11/groovy-xml-4.0.11.jar:/home/saurav.purohit/.m2/repository/org/apache/httpcomponents/httpclient/4.5.13/httpclient-4.5.13.jar:/home/saurav.purohit/.m2/repository/org/apache/httpcomponents/httpcore/4.4.13/httpcore-4.4.13.jar:/home/saurav.purohit/.m2/repository/commons-logging/commons-logging/1.2/commons-logging-1.2.jar:/home/saurav.purohit/.m2/repository/commons-codec/commons-codec/1.11/commons-codec-1.11.jar:/home/saurav.purohit/.m2/repository/org/apache/httpcomponents/httpmime/4.5.13/httpmime-4.5.13.jar:/home/saurav.purohit/.m2/repository/org/hamcrest/hamcrest/2.2/hamcrest-2.2.jar:/home/saurav.purohit/.m2/repository/org/ccil/cowan/tagsoup/tagsoup/1.2.1/tagsoup-1.2.1.jar:/home/saurav.purohit/.m2/repository/io/rest-assured/json-path/5.3.1/json-path-5.3.1.jar:/home/saurav.purohit/.m2/repository/org/apache/groovy/groovy-json/4.0.11/groovy-json-4.0.11.jar:/home/saurav.purohit/.m2/repository/io/rest-assured/rest-assured-common/5.3.1/rest-assured-common-5.3.1.jar:/home/saurav.purohit/.m2/repository/io/rest-assured/xml-path/5.3.1/xml-path-5.3.1.jar:/home/saurav.purohit/.m2/repository/io/rest-assured/json-schema-validator/5.3.1/json-schema-validator-5.3.1.jar:/home/saurav.purohit/.m2/repository/com/github/java-json-tools/json-schema-validator/2.2.14/json-schema-validator-2.2.14.jar:/home/saurav.purohit/.m2/repository/com/github/java-json-tools/jackson-coreutils-equivalence/1.0/jackson-coreutils-equivalence-1.0.jar:/home/saurav.purohit/.m2/repository/com/fasterxml/jackson/core/jackson-databind/2.11.0/jackson-databind-2.11.0.jar:/home/saurav.purohit/.m2/repository/com/fasterxml/jackson/core/jackson-annotations/2.11.0/jackson-annotations-2.11.0.jar:/home/saurav.purohit/.m2/repository/com/fasterxml/jackson/core/jackson-core/2.11.0/jackson-core-2.11.0.jar:/home/saurav.purohit/.m2/repository/com/github/java-json-tools/jackson-coreutils/2.0/jackson-coreutils-2.0.jar:/home/saurav.purohit/.m2/repository/com/github/java-json-tools/msg-simple/1.2/msg-simple-1.2.jar:/home/saurav.purohit/.m2/repository/com/github/java-json-tools/btf/1.3/btf-1.3.jar:/home/saurav.purohit/.m2/repository/com/github/java-json-tools/json-schema-core/1.2.14/json-schema-core-1.2.14.jar:/home/saurav.purohit/.m2/repository/com/github/java-json-tools/uri-template/0.10/uri-template-0.10.jar:/home/saurav.purohit/.m2/repository/org/mozilla/rhino/1.7.7.2/rhino-1.7.7.2.jar:/home/saurav.purohit/.m2/repository/com/sun/mail/mailapi/1.6.2/mailapi-1.6.2.jar:/home/saurav.purohit/.m2/repository/joda-time/joda-time/2.10.5/joda-time-2.10.5.jar:/home/saurav.purohit/.m2/repository/com/googlecode/libphonenumber/libphonenumber/8.11.1/libphonenumber-8.11.1.jar:/home/saurav.purohit/.m2/repository/com/google/code/findbugs/jsr305/3.0.2/jsr305-3.0.2.jar:/home/saurav.purohit/.m2/repository/net/sf/jopt-simple/jopt-simple/5.0.4/jopt-simple-5.0.4.jar:/home/saurav.purohit/.m2/repository/com/google/guava/guava/32.0.1-jre/guava-32.0.1-jre.jar:/home/saurav.purohit/.m2/repository/com/google/guava/failureaccess/1.0.1/failureaccess-1.0.1.jar:/home/saurav.purohit/.m2/repository/com/google/guava/listenablefuture/9999.0-empty-to-avoid-conflict-with-guava/listenablefuture-9999.0-empty-to-avoid-conflict-with-guava.jar:/home/saurav.purohit/.m2/repository/org/checkerframework/checker-qual/3.33.0/checker-qual-3.33.0.jar:/home/saurav.purohit/.m2/repository/com/google/errorprone/error_prone_annotations/2.18.0/error_prone_annotations-2.18.0.jar:/home/saurav.purohit/.m2/repository/com/google/j2objc/j2objc-annotations/2.8/j2objc-annotations-2.8.jar:/home/saurav.purohit/.m2/repository/io/qameta/allure/allure-testng/2.24.0/allure-testng-2.24.0.jar:/home/saurav.purohit/.m2/repository/io/qameta/allure/allure-java-commons/2.24.0/allure-java-commons-2.24.0.jar:/home/saurav.purohit/.m2/repository/io/qameta/allure/allure-model/2.24.0/allure-model-2.24.0.jar:/home/saurav.purohit/.m2/repository/io/qameta/allure/allure-test-filter/2.24.0/allure-test-filter-2.24.0.jar:/home/saurav.purohit/.m2/repository/org/apache/commons/commons-lang3/3.13.0/commons-lang3-3.13.0.jar:/home/saurav.purohit/.m2/repository/org/apache/logging/log4j/log4j-core/3.0.0-alpha1/log4j-core-3.0.0-alpha1.jar:/home/saurav.purohit/.m2/repository/org/apache/logging/log4j/log4j-plugins/3.0.0-alpha1/log4j-plugins-3.0.0-alpha1.jar:/home/saurav.purohit/.m2/repository/javax/activation/javax.activation-api/1.2.0/javax.activation-api-1.2.0.jar:/home/saurav.purohit/.m2/repository/javax/xml/bind/jaxb-api/2.3.1/jaxb-api-2.3.1.jar:/home/saurav.purohit/.m2/repository/com/fasterxml/woodstox/woodstox-core/6.5.0/woodstox-core-6.5.0.jar:/home/saurav.purohit/.m2/repository/org/codehaus/woodstox/stax2-api/4.2.1/stax2-api-4.2.1.jar:/home/saurav.purohit/.m2/repository/javax/json/javax.json-api/1.1.4/javax.json-api-1.1.4.jar:/home/saurav.purohit/.m2/repository/org/apache/logging/log4j/log4j-api/3.0.0-alpha1/log4j-api-3.0.0-alpha1.jar:"/>
    <property name="sun.cpu.endian" value="little"/>
    <property name="user.home" value="/home/saurav.purohit"/>
    <property name="user.language" value="en"/>
    <property name="java.specification.vendor" value="Oracle Corporation"/>
    <property name="java.version.date" value="2023-10-17"/>
    <property name="java.home" value="/usr/lib/jvm/java-17-openjdk-amd64"/>
    <property name="file.separator" value="/"/>
    <property name="basedir" value="/home/saurav.purohit/eclipse-workspace/Liftlab"/>
    <property name="java.vm.compressedOopsMode" value="Zero based"/>
    <property name="line.separator" value="&#10;"/>
    <property name="java.vm.specification.vendor" value="Oracle Corporation"/>
    <property name="java.specification.name" value="Java Platform API Specification"/>
    <property name="surefire.real.class.path" value="/home/saurav.purohit/eclipse-workspace/Liftlab/target/surefire/surefirebooter-20240203214133202_3.jar"/>
    <property name="sun.management.compiler" value="HotSpot 64-Bit Tiered Compilers"/>
    <property name="java.runtime.version" value="17.0.9+9-Ubuntu-122.04"/>
    <property name="user.name" value="saurav.purohit"/>
    <property name="path.separator" value=":"/>
    <property name="os.version" value="6.5.0-15-generic"/>
    <property name="java.runtime.name" value="OpenJDK Runtime Environment"/>
    <property name="file.encoding" value="UTF-8"/>
    <property name="java.vm.name" value="OpenJDK 64-Bit Server VM"/>
    <property name="localRepository" value="/home/saurav.purohit/.m2/repository"/>
    <property name="java.vendor.url.bug" value="Unknown"/>
    <property name="java.io.tmpdir" value="/tmp"/>
    <property name="java.version" value="17.0.9"/>
    <property name="user.dir" value="/home/saurav.purohit/eclipse-workspace/Liftlab"/>
    <property name="os.arch" value="amd64"/>
    <property name="java.vm.specification.name" value="Java Virtual Machine Specification"/>
    <property name="native.encoding" value="UTF-8"/>
    <property name="java.library.path" value="/usr/java/packages/lib:/usr/lib/x86_64-linux-gnu/jni:/lib/x86_64-linux-gnu:/usr/lib/x86_64-linux-gnu:/usr/lib/jni:/lib:/usr/lib"/>
    <property name="java.vm.info" value="mixed mode, sharing"/>
    <property name="java.vendor" value="Private Build"/>
    <property name="java.vm.version" value="17.0.9+9-Ubuntu-122.04"/>
    <property name="sun.io.unicode.encoding" value="UnicodeLittle"/>
    <property name="java.class.version" value="61.0"/>
  </properties>
  <testcase name="testGetAllAvaiablePets[org.testng.TestRunner@76134b9b](1)" classname="petapitests.PetAPITests" time="4.215">
    <failure message="1 expectation failed.&#10;Response body doesn&apos;t match expectation.&#10;Expected: The content to match the given JSON schema.&#10;warning: the following keywords are unknown and will be ignored: [$id]&#10;    level: &quot;warning&quot;&#10;    schema: {&quot;loadingURI&quot;:&quot;#&quot;,&quot;pointer&quot;:&quot;&quot;}&#10;    domain: &quot;syntax&quot;&#10;    ignored: [&quot;$id&quot;]&#10;warning: the following keywords are unknown and will be ignored: [$id]&#10;    level: &quot;warning&quot;&#10;    schema: {&quot;loadingURI&quot;:&quot;#&quot;,&quot;pointer&quot;:&quot;/items&quot;}&#10;    domain: &quot;syntax&quot;&#10;    ignored: [&quot;$id&quot;]&#10;warning: the following keywords are unknown and will be ignored: [$id]&#10;    level: &quot;warning&quot;&#10;    schema: {&quot;loadingURI&quot;:&quot;#&quot;,&quot;pointer&quot;:&quot;/items/properties/category&quot;}&#10;    domain: &quot;syntax&quot;&#10;    ignored: [&quot;$id&quot;]&#10;warning: the following keywords are unknown and will be ignored: [$id, examples]&#10;    level: &quot;warning&quot;&#10;    schema: {&quot;loadingURI&quot;:&quot;#&quot;,&quot;pointer&quot;:&quot;/items/properties/category/properties/id&quot;}&#10;    domain: &quot;syntax&quot;&#10;    ignored: [&quot;$id&quot;,&quot;examples&quot;]&#10;warning: the following keywords are unknown and will be ignored: [$id, examples]&#10;    level: &quot;warning&quot;&#10;    schema: {&quot;loadingURI&quot;:&quot;#&quot;,&quot;pointer&quot;:&quot;/items/properties/category/properties/name&quot;}&#10;    domain: &quot;syntax&quot;&#10;    ignored: [&quot;$id&quot;,&quot;examples&quot;]&#10;warning: the following keywords are unknown and will be ignored: [$id, examples]&#10;    level: &quot;warning&quot;&#10;    schema: {&quot;loadingURI&quot;:&quot;#&quot;,&quot;pointer&quot;:&quot;/items/properties/id&quot;}&#10;    domain: &quot;syntax&quot;&#10;    ignored: [&quot;$id&quot;,&quot;examples&quot;]&#10;warning: the following keywords are unknown and will be ignored: [$id, examples]&#10;    level: &quot;warning&quot;&#10;    schema: {&quot;loadingURI&quot;:&quot;#&quot;,&quot;pointer&quot;:&quot;/items/properties/name&quot;}&#10;    domain: &quot;syntax&quot;&#10;    ignored: [&quot;$id&quot;,&quot;examples&quot;]&#10;warning: the following keywords are unknown and will be ignored: [$id]&#10;    level: &quot;warning&quot;&#10;    schema: {&quot;loadingURI&quot;:&quot;#&quot;,&quot;pointer&quot;:&quot;/items/properties/photoUrls&quot;}&#10;    domain: &quot;syntax&quot;&#10;    ignored: [&quot;$id&quot;]&#10;warning: the following keywords are unknown and will be ignored: [$id, examples]&#10;    level: &quot;warning&quot;&#10;    schema: {&quot;loadingURI&quot;:&quot;#&quot;,&quot;pointer&quot;:&quot;/items/properties/photoUrls/items&quot;}&#10;    domain: &quot;syntax&quot;&#10;    ignored: [&quot;$id&quot;,&quot;examples&quot;]&#10;warning: the following keywords are unknown and will be ignored: [$id, examples]&#10;    level: &quot;warning&quot;&#10;    schema: {&quot;loadingURI&quot;:&quot;#&quot;,&quot;pointer&quot;:&quot;/items/properties/status&quot;}&#10;    domain: &quot;syntax&quot;&#10;    ignored: [&quot;$id&quot;,&quot;examples&quot;]&#10;warning: the following keywords are unknown and will be ignored: [$id]&#10;    level: &quot;warning&quot;&#10;    schema: {&quot;loadingURI&quot;:&quot;#&quot;,&quot;pointer&quot;:&quot;/items/properties/tags&quot;}&#10;    domain: &quot;syntax&quot;&#10;    ignored: [&quot;$id&quot;]&#10;warning: the following keywords are unknown and will be ignored: [$id]&#10;    level: &quot;warning&quot;&#10;    schema: {&quot;loadingURI&quot;:&quot;#&quot;,&quot;pointer&quot;:&quot;/items/properties/tags/items&quot;}&#10;    domain: &quot;syntax&quot;&#10;    ignored: [&quot;$id&quot;]&#10;warning: the following keywords are unknown and will be ignored: [$id, examples]&#10;    level: &quot;warning&quot;&#10;    schema: {&quot;loadingURI&quot;:&quot;#&quot;,&quot;pointer&quot;:&quot;/items/properties/tags/items/properties/id&quot;}&#10;    domain: &quot;syntax&quot;&#10;    ignored: [&quot;$id&quot;,&quot;examples&quot;]&#10;warning: the following keywords are unknown and will be ignored: [$id, examples]&#10;    level: &quot;warning&quot;&#10;    schema: {&quot;loadingURI&quot;:&quot;#&quot;,&quot;pointer&quot;:&quot;/items/properties/tags/items/properties/name&quot;}&#10;    domain: &quot;syntax&quot;&#10;    ignored: [&quot;$id&quot;,&quot;examples&quot;]&#10;warning: the following keywords are unknown and will be ignored: [$id]&#10;    level: &quot;warning&quot;&#10;    schema: {&quot;loadingURI&quot;:&quot;#&quot;,&quot;pointer&quot;:&quot;/items&quot;}&#10;    domain: &quot;syntax&quot;&#10;    ignored: [&quot;$id&quot;]&#10;warning: the following keywords are unknown and will be ignored: [$id]&#10;    level: &quot;warning&quot;&#10;    schema: {&quot;loadingURI&quot;:&quot;#&quot;,&quot;pointer&quot;:&quot;/items/properties/category&quot;}&#10;    domain: &quot;syntax&quot;&#10;    ignored: [&quot;$id&quot;]&#10;warning: the following keywords are unknown and will be ignored: [$id, examples]&#10;    level: &quot;warning&quot;&#10;    schema: {&quot;loadingURI&quot;:&quot;#&quot;,&quot;pointer&quot;:&quot;/items/properties/category/properties/id&quot;}&#10;    domain: &quot;syntax&quot;&#10;    ignored: [&quot;$id&quot;,&quot;examples&quot;]&#10;warning: the following keywords are unknown and will be ignored: [$id, examples]&#10;    level: &quot;warning&quot;&#10;    schema: {&quot;loadingURI&quot;:&quot;#&quot;,&quot;pointer&quot;:&quot;/items/properties/category/properties/name&quot;}&#10;    domain: &quot;syntax&quot;&#10;    ignored: [&quot;$id&quot;,&quot;examples&quot;]&#10;warning: the following keywords are unknown and will be ignored: [$id, examples]&#10;    level: &quot;warning&quot;&#10;    schema: {&quot;loadingURI&quot;:&quot;#&quot;,&quot;pointer&quot;:&quot;/items/properties/id&quot;}&#10;    domain: &quot;syntax&quot;&#10;    ignored: [&quot;$id&quot;,&quot;examples&quot;]&#10;warning: the following keywords are unknown and will be ignored: [$id, examples]&#10;    level: &quot;warning&quot;&#10;    schema: {&quot;loadingURI&quot;:&quot;#&quot;,&quot;pointer&quot;:&quot;/items/properties/name&quot;}&#10;    domain: &quot;syntax&quot;&#10;    ignored: [&quot;$id&quot;,&quot;examples&quot;]&#10;warning: the following keywords are unknown and will be ignored: [$id]&#10;    level: &quot;warning&quot;&#10;    schema: {&quot;loadingURI&quot;:&quot;#&quot;,&quot;pointer&quot;:&quot;/items/properties/photoUrls&quot;}&#10;    domain: &quot;syntax&quot;&#10;    ignored: [&quot;$id&quot;]&#10;warning: the following keywords are unknown and will be ignored: [$id, examples]&#10;    level: &quot;warning&quot;&#10;    schema: {&quot;loadingURI&quot;:&quot;#&quot;,&quot;pointer&quot;:&quot;/items/properties/photoUrls/items&quot;}&#10;    domain: &quot;syntax&quot;&#10;    ignored: [&quot;$id&quot;,&quot;examples&quot;]&#10;warning: the following keywords are unknown and will be ignored: [$id, examples]&#10;    level: &quot;warning&quot;&#10;    schema: {&quot;loadingURI&quot;:&quot;#&quot;,&quot;pointer&quot;:&quot;/items/properties/status&quot;}&#10;    domain: &quot;syntax&quot;&#10;    ignored: [&quot;$id&quot;,&quot;examples&quot;]&#10;warning: the following keywords are unknown and will be ignored: [$id]&#10;    level: &quot;warning&quot;&#10;    schema: {&quot;loadingURI&quot;:&quot;#&quot;,&quot;pointer&quot;:&quot;/items/properties/tags&quot;}&#10;    domain: &quot;syntax&quot;&#10;    ignored: [&quot;$id&quot;]&#10;warning: the following keywords are unknown and will be ignored: [$id]&#10;    level: &quot;warning&quot;&#10;    schema: {&quot;loadingURI&quot;:&quot;#&quot;,&quot;pointer&quot;:&quot;/items/properties/tags/items&quot;}&#10;    domain: &quot;syntax&quot;&#10;    ignored: [&quot;$id&quot;]&#10;warning: the following keywords are unknown and will be ignored: [$id, examples]&#10;    level: &quot;warning&quot;&#10;    schema: {&quot;loadingURI&quot;:&quot;#&quot;,&quot;pointer&quot;:&quot;/items/properties/tags/items/properties/id&quot;}&#10;    domain: &quot;syntax&quot;&#10;    ignored: [&quot;$id&quot;,&quot;examples&quot;]&#10;warning: the following keywords are unknown and will be ignored: [$id, examples]&#10;    level: &quot;warning&quot;&#10;    schema: {&quot;loadingURI&quot;:&quot;#&quot;,&quot;pointer&quot;:&quot;/items/properties/tags/items/properties/name&quot;}&#10;    domain: &quot;syntax&quot;&#10;    ignored: [&quot;$id&quot;,&quot;examples&quot;]&#10;warning: the following keywords are unknown and will be ignored: [$id]&#10;    level: &quot;warning&quot;&#10;    schema: {&quot;loadingURI&quot;:&quot;#&quot;,&quot;pointer&quot;:&quot;/items/properties/category&quot;}&#10;    domain: &quot;syntax&quot;&#10;    ignored: [&quot;$id&quot;]&#10;warning: the following keywords are unknown and will be ignored: [$id, examples]&#10;    level: &quot;warning&quot;&#10;    schema: {&quot;loadingURI&quot;:&quot;#&quot;,&quot;pointer&quot;:&quot;/items/properties/category/properties/id&quot;}&#10;    domain: &quot;syntax&quot;&#10;    ignored: [&quot;$id&quot;,&quot;examples&quot;]&#10;warning: the following keywords are unknown and will be ignored: [$id, examples]&#10;    level: &quot;warning&quot;&#10;    schema: {&quot;loadingURI&quot;:&quot;#&quot;,&quot;pointer&quot;:&quot;/items/properties/category/properties/name&quot;}&#10;    domain: &quot;syntax&quot;&#10;    ignored: [&quot;$id&quot;,&quot;examples&quot;]&#10;warning: the following keywords are unknown and will be ignored: [$id, examples]&#10;    level: &quot;warning&quot;&#10;    schema: {&quot;loadingURI&quot;:&quot;#&quot;,&quot;pointer&quot;:&quot;/items/properties/category/properties/id&quot;}&#10;    domain: &quot;syntax&quot;&#10;    ignored: [&quot;$id&quot;,&quot;examples&quot;]&#10;warning: the following keywords are unknown and will be ignored: [$id, examples]&#10;    level: &quot;warning&quot;&#10;    schema: {&quot;loadingURI&quot;:&quot;#&quot;,&quot;pointer&quot;:&quot;/items/properties/category/properties/name&quot;}&#10;    domain: &quot;syntax&quot;&#10;    ignored: [&quot;$id&quot;,&quot;examples&quot;]&#10;warning: the following keywords are unknown and will be ignored: [$id, examples]&#10;    level: &quot;warning&quot;&#10;    schema: {&quot;loadingURI&quot;:&quot;#&quot;,&quot;pointer&quot;:&quot;/items/properties/id&quot;}&#10;    domain: &quot;syntax&quot;&#10;    ignored: [&quot;$id&quot;,&quot;examples&quot;]&#10;warning: the following keywords are unknown and will be ignored: [$id, examples]&#10;    level: &quot;warning&quot;&#10;    schema: {&quot;loadingURI&quot;:&quot;#&quot;,&quot;pointer&quot;:&quot;/items/properties/name&quot;}&#10;    domain: &quot;syntax&quot;&#10;    ignored: [&quot;$id&quot;,&quot;examples&quot;]&#10;warning: the following keywords are unknown and will be ignored: [$id]&#10;    level: &quot;warning&quot;&#10;    schema: {&quot;loadingURI&quot;:&quot;#&quot;,&quot;pointer&quot;:&quot;/items/properties/photoUrls&quot;}&#10;    domain: &quot;syntax&quot;&#10;    ignored: [&quot;$id&quot;]&#10;warning: the following keywords are unknown and will be ignored: [$id, examples]&#10;    level: &quot;warning&quot;&#10;    schema: {&quot;loadingURI&quot;:&quot;#&quot;,&quot;pointer&quot;:&quot;/items/properties/photoUrls/items&quot;}&#10;    domain: &quot;syntax&quot;&#10;    ignored: [&quot;$id&quot;,&quot;examples&quot;]&#10;warning: the following keywords are unknown and will be ignored: [$id, examples]&#10;    level: &quot;warning&quot;&#10;    schema: {&quot;loadingURI&quot;:&quot;#&quot;,&quot;pointer&quot;:&quot;/items/properties/photoUrls/items&quot;}&#10;    domain: &quot;syntax&quot;&#10;    ignored: [&quot;$id&quot;,&quot;examples&quot;]&#10;warning: the following keywords are unknown and will be ignored: [$id, examples]&#10;    level: &quot;warning&quot;&#10;    schema: {&quot;loadingURI&quot;:&quot;#&quot;,&quot;pointer&quot;:&quot;/items/properties/status&quot;}&#10;    domain: &quot;syntax&quot;&#10;    ignored: [&quot;$id&quot;,&quot;examples&quot;]&#10;warning: the following keywords are unknown and will be ignored: [$id]&#10;    level: &quot;warning&quot;&#10;    schema: {&quot;loadingURI&quot;:&quot;#&quot;,&quot;pointer&quot;:&quot;/items/properties/tags&quot;}&#10;    domain: &quot;syntax&quot;&#10;    ignored: [&quot;$id&quot;]&#10;warning: the following keywords are unknown and will be ignored: [$id]&#10;    level: &quot;warning&quot;&#10;    schema: {&quot;loadingURI&quot;:&quot;#&quot;,&quot;pointer&quot;:&quot;/items/properties/tags/items&quot;}&#10;    domain: &quot;syntax&quot;&#10;    ignored: [&quot;$id&quot;]&#10;warning: the following keywords are unknown and will be ignored: [$id, examples]&#10;    level: &quot;warning&quot;&#10;    schema: {&quot;loadingURI&quot;:&quot;#&quot;,&quot;pointer&quot;:&quot;/items/properties/tags/items/properties/id&quot;}&#10;    domain: &quot;syntax&quot;&#10;    ignored: [&quot;$id&quot;,&quot;examples&quot;]&#10;warning: the following keywords are unknown and will be ignored: [$id, examples]&#10;    level: &quot;warning&quot;&#10;    schema: {&quot;loadingURI&quot;:&quot;#&quot;,&quot;pointer&quot;:&quot;/items/properties/tags/items/properties/name&quot;}&#10;    domain: &quot;syntax&quot;&#10;    ignored: [&quot;$id&quot;,&quot;examples&quot;]&#10;warning: the following keywords are unknown and will be ignored: [$id]&#10;    level: &quot;warning&quot;&#10;    schema: {&quot;loadingURI&quot;:&quot;#&quot;,&quot;pointer&quot;:&quot;/items/properties/tags/items&quot;}&#10;    domain: &quot;syntax&quot;&#10;    ignored: [&quot;$id&quot;]&#10;warning: the following keywords are unknown and will be ignored: [$id, examples]&#10;    level: &quot;warning&quot;&#10;    schema: {&quot;loadingURI&quot;:&quot;#&quot;,&quot;pointer&quot;:&quot;/items/properties/tags/items/properties/id&quot;}&#10;    domain: &quot;syntax&quot;&#10;    ignored: [&quot;$id&quot;,&quot;examples&quot;]&#10;warning: the following keywords are unknown and will be ignored: [$id, examples]&#10;    level: &quot;warning&quot;&#10;    schema: {&quot;loadingURI&quot;:&quot;#&quot;,&quot;pointer&quot;:&quot;/items/properties/tags/items/properties/name&quot;}&#10;    domain: &quot;syntax&quot;&#10;    ignored: [&quot;$id&quot;,&quot;examples&quot;]&#10;warning: the following keywords are unknown and will be ignored: [$id, examples]&#10;    level: &quot;warning&quot;&#10;    schema: {&quot;loadingURI&quot;:&quot;#&quot;,&quot;pointer&quot;:&quot;/items/properties/tags/items/properties/id&quot;}&#10;    domain: &quot;syntax&quot;&#10;    ignored: [&quot;$id&quot;,&quot;examples&quot;]&#10;warning: the following keywords are unknown and will be ignored: [$id, examples]&#10;    level: &quot;warning&quot;&#10;    schema: {&quot;loadingURI&quot;:&quot;#&quot;,&quot;pointer&quot;:&quot;/items/properties/tags/items/properties/name&quot;}&#10;    domain: &quot;syntax&quot;&#10;    ignored: [&quot;$id&quot;,&quot;examples&quot;]&#10;warning: the following keywords are unknown and will be ignored: [$id]&#10;    level: &quot;warning&quot;&#10;    schema: {&quot;loadingURI&quot;:&quot;#&quot;,&quot;pointer&quot;:&quot;/items&quot;}&#10;    domain: &quot;syntax&quot;&#10;    ignored: [&quot;$id&quot;]&#10;warning: the following keywords are unknown and will be ignored: [$id]&#10;    level: &quot;warning&quot;&#10;    schema: {&quot;loadingURI&quot;:&quot;#&quot;,&quot;pointer&quot;:&quot;/items/properties/category&quot;}&#10;    domain: &quot;syntax&quot;&#10;    ignored: [&quot;$id&quot;]&#10;warning: the following keywords are unknown and will be ignored: [$id, examples]&#10;    level: &quot;warning&quot;&#10;    schema: {&quot;loadingURI&quot;:&quot;#&quot;,&quot;pointer&quot;:&quot;/items/properties/category/properties/id&quot;}&#10;    domain: &quot;syntax&quot;&#10;    ignored: [&quot;$id&quot;,&quot;examples&quot;]&#10;warning: the following keywords are unknown and will be ignored: [$id, examples]&#10;    level: &quot;warning&quot;&#10;    schema: {&quot;loadingURI&quot;:&quot;#&quot;,&quot;pointer&quot;:&quot;/items/properties/category/properties/name&quot;}&#10;    domain: &quot;syntax&quot;&#10;    ignored: [&quot;$id&quot;,&quot;examples&quot;]&#10;warning: the following keywords are unknown and will be ignored: [$id, examples]&#10;    level: &quot;warning&quot;&#10;    schema: {&quot;loadingURI&quot;:&quot;#&quot;,&quot;pointer&quot;:&quot;/items/properties/id&quot;}&#10;    domain: &quot;syntax&quot;&#10;    ignored: [&quot;$id&quot;,&quot;examples&quot;]&#10;warning: the following keywords are unknown and will be ignored: [$id, examples]&#10;    level: &quot;warning&quot;&#10;    schema: {&quot;loadingURI&quot;:&quot;#&quot;,&quot;pointer&quot;:&quot;/items/properties/name&quot;}&#10;    domain: &quot;syntax&quot;&#10;    ignored: [&quot;$id&quot;,&quot;examples&quot;]&#10;warning: the following keywords are unknown and will be ignored: [$id]&#10;    level: &quot;warning&quot;&#10;    schema: {&quot;loadingURI&quot;:&quot;#&quot;,&quot;pointer&quot;:&quot;/items/properties/photoUrls&quot;}&#10;    domain: &quot;syntax&quot;&#10;    ignored: [&quot;$id&quot;]&#10;warning: the following keywords are unknown and will be ignored: [$id, examples]&#10;    level: &quot;warning&quot;&#10;    schema: {&quot;loadingURI&quot;:&quot;#&quot;,&quot;pointer&quot;:&quot;/items/properties/photoUrls/items&quot;}&#10;    domain: &quot;syntax&quot;&#10;    ignored: [&quot;$id&quot;,&quot;examples&quot;]&#10;warning: the following keywords are unknown and will be ignored: [$id, examples]&#10;    level: &quot;warning&quot;&#10;    schema: {&quot;loadingURI&quot;:&quot;#&quot;,&quot;pointer&quot;:&quot;/items/properties/status&quot;}&#10;    domain: &quot;syntax&quot;&#10;    ignored: [&quot;$id&quot;,&quot;examples&quot;]&#10;warning: the following keywords are unknown and will be ignored: [$id]&#10;    level: &quot;warning&quot;&#10;    schema: {&quot;loadingURI&quot;:&quot;#&quot;,&quot;pointer&quot;:&quot;/items/properties/tags&quot;}&#10;    domain: &quot;syntax&quot;&#10;    ignored: [&quot;$id&quot;]&#10;warning: the following keywords are unknown and will be ignored: [$id]&#10;    level: &quot;warning&quot;&#10;    schema: {&quot;loadingURI&quot;:&quot;#&quot;,&quot;pointer&quot;:&quot;/items/properties/tags/items&quot;}&#10;    domain: &quot;syntax&quot;&#10;    ignored: [&quot;$id&quot;]&#10;warning: the following keywords are unknown and will be ignored: [$id, examples]&#10;    level: &quot;warning&quot;&#10;    schema: {&quot;loadingURI&quot;:&quot;#&quot;,&quot;pointer&quot;:&quot;/items/properties/tags/items/properties/id&quot;}&#10;    domain: &quot;syntax&quot;&#10;    ignored: [&quot;$id&quot;,&quot;examples&quot;]&#10;warning: the following keywords are unknown and will be ignored: [$id, examples]&#10;    level: &quot;warning&quot;&#10;    schema: {&quot;loadingURI&quot;:&quot;#&quot;,&quot;pointer&quot;:&quot;/items/properties/tags/items/properties/name&quot;}&#10;    domain: &quot;syntax&quot;&#10;    ignored: [&quot;$id&quot;,&quot;examples&quot;]&#10;warning: the following keywords are unknown and will be ignored: [$id]&#10;    level: &quot;warning&quot;&#10;    schema: {&quot;loadingURI&quot;:&quot;#&quot;,&quot;pointer&quot;:&quot;/items/properties/category&quot;}&#10;    domain: &quot;syntax&quot;&#10;    ignored: [&quot;$id&quot;]&#10;warning: the following keywords are unknown and will be ignored: [$id, examples]&#10;    level: &quot;warning&quot;&#10;    schema: {&quot;loadingURI&quot;:&quot;#&quot;,&quot;pointer&quot;:&quot;/items/properties/category/properties/id&quot;}&#10;    domain: &quot;syntax&quot;&#10;    ignored: [&quot;$id&quot;,&quot;examples&quot;]&#10;warning: the following keywords are unknown and will be ignored: [$id, examples]&#10;    level: &quot;warning&quot;&#10;    schema: {&quot;loadingURI&quot;:&quot;#&quot;,&quot;pointer&quot;:&quot;/items/properties/category/properties/name&quot;}&#10;    domain: &quot;syntax&quot;&#10;    ignored: [&quot;$id&quot;,&quot;examples&quot;]&#10;warning: the following keywords are unknown and will be ignored: [$id, examples]&#10;    level: &quot;warning&quot;&#10;    schema: {&quot;loadingURI&quot;:&quot;#&quot;,&quot;pointer&quot;:&quot;/items/properties/category/properties/id&quot;}&#10;    domain: &quot;syntax&quot;&#10;    ignored: [&quot;$id&quot;,&quot;examples&quot;]&#10;warning: the following keywords are unknown and will be ignored: [$id, examples]&#10;    level: &quot;warning&quot;&#10;    schema: {&quot;loadingURI&quot;:&quot;#&quot;,&quot;pointer&quot;:&quot;/items/properties/category/properties/name&quot;}&#10;    domain: &quot;syntax&quot;&#10;    ignored: [&quot;$id&quot;,&quot;examples&quot;]&#10;warning: the following keywords are unknown and will be ignored: [$id, examples]&#10;    level: &quot;warning&quot;&#10;    schema: {&quot;loadingURI&quot;:&quot;#&quot;,&quot;pointer&quot;:&quot;/items/properties/id&quot;}&#10;    domain: &quot;syntax&quot;&#10;    ignored: [&quot;$id&quot;,&quot;examples&quot;]&#10;warning: the following keywords are unknown and will be ignored: [$id, examples]&#10;    level: &quot;warning&quot;&#10;    schema: {&quot;loadingURI&quot;:&quot;#&quot;,&quot;pointer&quot;:&quot;/items/properties/name&quot;}&#10;    domain: &quot;syntax&quot;&#10;    ignored: [&quot;$id&quot;,&quot;examples&quot;]&#10;warning: the following keywords are unknown and will be ignored: [$id]&#10;    level: &quot;warning&quot;&#10;    schema: {&quot;loadingURI&quot;:&quot;#&quot;,&quot;pointer&quot;:&quot;/items/properties/photoUrls&quot;}&#10;    domain: &quot;syntax&quot;&#10;    ignored: [&quot;$id&quot;]&#10;warning: the following keywords are unknown and will be ignored: [$id, examples]&#10;    level: &quot;warning&quot;&#10;    schema: {&quot;loadingURI&quot;:&quot;#&quot;,&quot;pointer&quot;:&quot;/items/properties/photoUrls/items&quot;}&#10;    domain: &quot;syntax&quot;&#10;    ignored: [&quot;$id&quot;,&quot;examples&quot;]&#10;warning: the following keywords are unknown and will be ignored: [$id, examples]&#10;    level: &quot;warning&quot;&#10;    schema: {&quot;loadingURI&quot;:&quot;#&quot;,&quot;pointer&quot;:&quot;/items/properties/photoUrls/items&quot;}&#10;    domain: &quot;syntax&quot;&#10;    ignored: [&quot;$id&quot;,&quot;examples&quot;]&#10;warning: the following keywords are unknown and will be ignored: [$id, examples]&#10;    level: &quot;warning&quot;&#10;    schema: {&quot;loadingURI&quot;:&quot;#&quot;,&quot;pointer&quot;:&quot;/items/properties/status&quot;}&#10;    domain: &quot;syntax&quot;&#10;    ignored: [&quot;$id&quot;,&quot;examples&quot;]&#10;warning: the following keywords are unknown and will be ignored: [$id]&#10;    level: &quot;warning&quot;&#10;    schema: {&quot;loadingURI&quot;:&quot;#&quot;,&quot;pointer&quot;:&quot;/items/properties/tags&quot;}&#10;    domain: &quot;syntax&quot;&#10;    ignored: [&quot;$id&quot;]&#10;warning: the following keywords are unknown and will be ignored: [$id]&#10;    level: &quot;warning&quot;&#10;    schema: {&quot;loadingURI&quot;:&quot;#&quot;,&quot;pointer&quot;:&quot;/items/properties/tags/items&quot;}&#10;    domain: &quot;syntax&quot;&#10;    ignored: [&quot;$id&quot;]&#10;warning: the following keywords are unknown and will be ignored: [$id, examples]&#10;    level: &quot;warning&quot;&#10;    schema: {&quot;loadingURI&quot;:&quot;#&quot;,&quot;pointer&quot;:&quot;/items/properties/tags/items/properties/id&quot;}&#10;    domain: &quot;syntax&quot;&#10;    ignored: [&quot;$id&quot;,&quot;examples&quot;]&#10;warning: the following keywords are unknown and will be ignored: [$id, examples]&#10;    level: &quot;warning&quot;&#10;    schema: {&quot;loadingURI&quot;:&quot;#&quot;,&quot;pointer&quot;:&quot;/items/properties/tags/items/properties/name&quot;}&#10;    domain: &quot;syntax&quot;&#10;    ignored: [&quot;$id&quot;,&quot;examples&quot;]&#10;warning: the following keywords are unknown and will be ignored: [$id]&#10;    level: &quot;warning&quot;&#10;    schema: {&quot;loadingURI&quot;:&quot;#&quot;,&quot;pointer&quot;:&quot;/items/properties/tags/items&quot;}&#10;    domain: &quot;syntax&quot;&#10;    ignored: [&quot;$id&quot;]&#10;warning: the following keywords are unknown and will be ignored: [$id, examples]&#10;    level: &quot;warning&quot;&#10;    schema: {&quot;loadingURI&quot;:&quot;#&quot;,&quot;pointer&quot;:&quot;/items/properties/tags/items/properties/id&quot;}&#10;    domain: &quot;syntax&quot;&#10;    ignored: [&quot;$id&quot;,&quot;examples&quot;]&#10;warning: the following keywords are unknown and will be ignored: [$id, examples]&#10;    level: &quot;warning&quot;&#10;    schema: {&quot;loadingURI&quot;:&quot;#&quot;,&quot;pointer&quot;:&quot;/items/properties/tags/items/properties/name&quot;}&#10;    domain: &quot;syntax&quot;&#10;    ignored: [&quot;$id&quot;,&quot;examples&quot;]&#10;warning: the following keywords are unknown and will be ignored: [$id, examples]&#10;    level: &quot;warning&quot;&#10;    schema: {&quot;loadingURI&quot;:&quot;#&quot;,&quot;pointer&quot;:&quot;/items/properties/tags/items/properties/id&quot;}&#10;    domain: &quot;syntax&quot;&#10;    ignored: [&quot;$id&quot;,&quot;examples&quot;]&#10;warning: the following keywords are unknown and will be ignored: [$id, examples]&#10;    level: &quot;warning&quot;&#10;    schema: {&quot;loadingURI&quot;:&quot;#&quot;,&quot;pointer&quot;:&quot;/items/properties/tags/items/properties/name&quot;}&#10;    domain: &quot;syntax&quot;&#10;    ignored: [&quot;$id&quot;,&quot;examples&quot;]&#10;warning: the following keywords are unknown and will be ignored: [$id]&#10;    level: &quot;warning&quot;&#10;    schema: {&quot;loadingURI&quot;:&quot;#&quot;,&quot;pointer&quot;:&quot;/items&quot;}&#10;    domain: &quot;syntax&quot;&#10;    ignored: [&quot;$id&quot;]&#10;warning: the following keywords are unknown and will be ignored: [$id]&#10;    level: &quot;warning&quot;&#10;    schema: {&quot;loadingURI&quot;:&quot;#&quot;,&quot;pointer&quot;:&quot;/items/properties/category&quot;}&#10;    domain: &quot;syntax&quot;&#10;    ignored: [&quot;$id&quot;]&#10;warning: the following keywords are unknown and will be ignored: [$id, examples]&#10;    level: &quot;warning&quot;&#10;    schema: {&quot;loadingURI&quot;:&quot;#&quot;,&quot;pointer&quot;:&quot;/items/properties/category/properties/id&quot;}&#10;    domain: &quot;syntax&quot;&#10;    ignored: [&quot;$id&quot;,&quot;examples&quot;]&#10;warning: the following keywords are unknown and will be ignored: [$id, examples]&#10;    level: &quot;warning&quot;&#10;    schema: {&quot;loadingURI&quot;:&quot;#&quot;,&quot;pointer&quot;:&quot;/items/properties/category/properties/name&quot;}&#10;    domain: &quot;syntax&quot;&#10;    ignored: [&quot;$id&quot;,&quot;examples&quot;]&#10;warning: the following keywords are unknown and will be ignored: [$id, examples]&#10;    level: &quot;warning&quot;&#10;    schema: {&quot;loadingURI&quot;:&quot;#&quot;,&quot;pointer&quot;:&quot;/items/properties/id&quot;}&#10;    domain: &quot;syntax&quot;&#10;    ignored: [&quot;$id&quot;,&quot;examples&quot;]&#10;warning: the following keywords are unknown and will be ignored: [$id, examples]&#10;    level: &quot;warning&quot;&#10;    schema: {&quot;loadingURI&quot;:&quot;#&quot;,&quot;pointer&quot;:&quot;/items/properties/name&quot;}&#10;    domain: &quot;syntax&quot;&#10;    ignored: [&quot;$id&quot;,&quot;examples&quot;]&#10;warning: the following keywords are unknown and will be ignored: [$id]&#10;    level: &quot;warning&quot;&#10;    schema: {&quot;loadingURI&quot;:&quot;#&quot;,&quot;pointer&quot;:&quot;/items/properties/photoUrls&quot;}&#10;    domain: &quot;syntax&quot;&#10;    ignored: [&quot;$id&quot;]&#10;warning: the following keywords are unknown and will be ignored: [$id, examples]&#10;    level: &quot;warning&quot;&#10;    schema: {&quot;loadingURI&quot;:&quot;#&quot;,&quot;pointer&quot;:&quot;/items/properties/photoUrls/items&quot;}&#10;    domain: &quot;syntax&quot;&#10;    ignored: [&quot;$id&quot;,&quot;examples&quot;]&#10;warning: the following keywords are unknown and will be ignored: [$id, examples]&#10;    level: &quot;warning&quot;&#10;    schema: {&quot;loadingURI&quot;:&quot;#&quot;,&quot;pointer&quot;:&quot;/items/properties/status&quot;}&#10;    domain: &quot;syntax&quot;&#10;    ignored: [&quot;$id&quot;,&quot;examples&quot;]&#10;warning: the following keywords are unknown and will be ignored: [$id]&#10;    level: &quot;warning&quot;&#10;    schema: {&quot;loadingURI&quot;:&quot;#&quot;,&quot;pointer&quot;:&quot;/items/properties/tags&quot;}&#10;    domain: &quot;syntax&quot;&#10;    ignored: [&quot;$id&quot;]&#10;warning: the following keywords are unknown and will be ignored: [$id]&#10;    level: &quot;warning&quot;&#10;    schema: {&quot;loadingURI&quot;:&quot;#&quot;,&quot;pointer&quot;:&quot;/items/properties/tags/items&quot;}&#10;    domain: &quot;syntax&quot;&#10;    ignored: [&quot;$id&quot;]&#10;warning: the following keywords are unknown and will be ignored: [$id, examples]&#10;    level: &quot;warning&quot;&#10;    schema: {&quot;loadingURI&quot;:&quot;#&quot;,&quot;pointer&quot;:&quot;/items/properties/tags/items/properties/id&quot;}&#10;    domain: &quot;syntax&quot;&#10;    ignored: [&quot;$id&quot;,&quot;examples&quot;]&#10;warning: the following keywords are unknown and will be ignored: [$id, examples]&#10;    level: &quot;warning&quot;&#10;    schema: {&quot;loadingURI&quot;:&quot;#&quot;,&quot;pointer&quot;:&quot;/items/properties/tags/items/properties/name&quot;}&#10;    domain: &quot;syntax&quot;&#10;    ignored: [&quot;$id&quot;,&quot;examples&quot;]&#10;warning: the following keywords are unknown and will be ignored: [$id]&#10;    level: &quot;warning&quot;&#10;    schema: {&quot;loadingURI&quot;:&quot;#&quot;,&quot;pointer&quot;:&quot;/items/properties/category&quot;}&#10;    domain: &quot;syntax&quot;&#10;    ignored: [&quot;$id&quot;]&#10;warning: the following keywords are unknown and will be ignored: [$id, examples]&#10;    level: &quot;warning&quot;&#10;    schema: {&quot;loadingURI&quot;:&quot;#&quot;,&quot;pointer&quot;:&quot;/items/properties/category/properties/id&quot;}&#10;    domain: &quot;syntax&quot;&#10;    ignored: [&quot;$id&quot;,&quot;examples&quot;]&#10;warning: the following keywords are unknown and will be ignored: [$id, examples]&#10;    level: &quot;warning&quot;&#10;    schema: {&quot;loadingURI&quot;:&quot;#&quot;,&quot;pointer&quot;:&quot;/items/properties/category/properties/name&quot;}&#10;    domain: &quot;syntax&quot;&#10;    ignored: [&quot;$id&quot;,&quot;examples&quot;]&#10;warning: the following keywords are unknown and will be ignored: [$id, examples]&#10;    level: &quot;warning&quot;&#10;    schema: {&quot;loadingURI&quot;:&quot;#&quot;,&quot;pointer&quot;:&quot;/items/properties/category/properties/id&quot;}&#10;    domain: &quot;syntax&quot;&#10;    ignored: [&quot;$id&quot;,&quot;examples&quot;]&#10;warning: the following keywords are unknown and will be ignored: [$id, examples]&#10;    level: &quot;warning&quot;&#10;    schema: {&quot;loadingURI&quot;:&quot;#&quot;,&quot;pointer&quot;:&quot;/items/properties/category/properties/name&quot;}&#10;    domain: &quot;syntax&quot;&#10;    ignored: [&quot;$id&quot;,&quot;examples&quot;]&#10;warning: the following keywords are unknown and will be ignored: [$id, examples]&#10;    level: &quot;warning&quot;&#10;    schema: {&quot;loadingURI&quot;:&quot;#&quot;,&quot;pointer&quot;:&quot;/items/properties/id&quot;}&#10;    domain: &quot;syntax&quot;&#10;    ignored: [&quot;$id&quot;,&quot;examples&quot;]&#10;warning: the following keywords are unknown and will be ignored: [$id, examples]&#10;    level: &quot;warning&quot;&#10;    schema: {&quot;loadingURI&quot;:&quot;#&quot;,&quot;pointer&quot;:&quot;/items/properties/name&quot;}&#10;    domain: &quot;syntax&quot;&#10;    ignored: [&quot;$id&quot;,&quot;examples&quot;]&#10;warning: the following keywords are unknown and will be ignored: [$id]&#10;    level: &quot;warning&quot;&#10;    schema: {&quot;loadingURI&quot;:&quot;#&quot;,&quot;pointer&quot;:&quot;/items/properties/photoUrls&quot;}&#10;    domain: &quot;syntax&quot;&#10;    ignored: [&quot;$id&quot;]&#10;warning: the following keywords are unknown and will be ignored: [$id, examples]&#10;    level: &quot;warning&quot;&#10;    schema: {&quot;loadingURI&quot;:&quot;#&quot;,&quot;pointer&quot;:&quot;/items/properties/photoUrls/items&quot;}&#10;    domain: &quot;syntax&quot;&#10;    ignored: [&quot;$id&quot;,&quot;examples&quot;]&#10;warning: the following keywords are unknown and will be ignored: [$id, examples]&#10;    level: &quot;warning&quot;&#10;    schema: {&quot;loadingURI&quot;:&quot;#&quot;,&quot;pointer&quot;:&quot;/items/properties/photoUrls/items&quot;}&#10;    domain: &quot;syntax&quot;&#10;    ignored: [&quot;$id&quot;,&quot;examples&quot;]&#10;warning: the following keywords are unknown and will be ignored: [$id, examples]&#10;    level: &quot;warning&quot;&#10;    schema: {&quot;loadingURI&quot;:&quot;#&quot;,&quot;pointer&quot;:&quot;/items/properties/status&quot;}&#10;    domain: &quot;syntax&quot;&#10;    ignored: [&quot;$id&quot;,&quot;examples&quot;]&#10;warning: the following keywords are unknown and will be ignored: [$id]&#10;    level: &quot;warning&quot;&#10;    schema: {&quot;loadingURI&quot;:&quot;#&quot;,&quot;pointer&quot;:&quot;/items/properties/tags&quot;}&#10;    domain: &quot;syntax&quot;&#10;    ignored: [&quot;$id&quot;]&#10;warning: the following keywords are unknown and will be ignored: [$id]&#10;    level: &quot;warning&quot;&#10;    schema: {&quot;loadingURI&quot;:&quot;#&quot;,&quot;pointer&quot;:&quot;/items/properties/tags/items&quot;}&#10;    domain: &quot;syntax&quot;&#10;    ignored: [&quot;$id&quot;]&#10;warning: the following keywords are unknown and will be ignored: [$id, examples]&#10;    level: &quot;warning&quot;&#10;    schema: {&quot;loadingURI&quot;:&quot;#&quot;,&quot;pointer&quot;:&quot;/items/properties/tags/items/properties/id&quot;}&#10;    domain: &quot;syntax&quot;&#10;    ignored: [&quot;$id&quot;,&quot;examples&quot;]&#10;warning: the following keywords are unknown and will be ignored: [$id, examples]&#10;    level: &quot;warning&quot;&#10;    schema: {&quot;loadingURI&quot;:&quot;#&quot;,&quot;pointer&quot;:&quot;/items/properties/tags/items/properties/name&quot;}&#10;    domain: &quot;syntax&quot;&#10;    ignored: [&quot;$id&quot;,&quot;examples&quot;]&#10;warning: the following keywords are unknown and will be ignored: [$id]&#10;    level: &quot;warning&quot;&#10;    schema: {&quot;loadingURI&quot;:&quot;#&quot;,&quot;pointer&quot;:&quot;/items/properties/tags/items&quot;}&#10;    domain: &quot;syntax&quot;&#10;    ignored: [&quot;$id&quot;]&#10;warning: the following keywords are unknown and will be ignored: [$id, examples]&#10;    level: &quot;warning&quot;&#10;    schema: {&quot;loadingURI&quot;:&quot;#&quot;,&quot;pointer&quot;:&quot;/items/properties/tags/items/properties/id&quot;}&#10;    domain: &quot;syntax&quot;&#10;    ignored: [&quot;$id&quot;,&quot;examples&quot;]&#10;warning: the following keywords are unknown and will be ignored: [$id, examples]&#10;    level: &quot;warning&quot;&#10;    schema: {&quot;loadingURI&quot;:&quot;#&quot;,&quot;pointer&quot;:&quot;/items/properties/tags/items/properties/name&quot;}&#10;    domain: &quot;syntax&quot;&#10;    ignored: [&quot;$id&quot;,&quot;examples&quot;]&#10;warning: the following keywords are unknown and will be ignored: [$id, examples]&#10;    level: &quot;warning&quot;&#10;    schema: {&quot;loadingURI&quot;:&quot;#&quot;,&quot;pointer&quot;:&quot;/items/properties/tags/items/properties/id&quot;}&#10;    domain: &quot;syntax&quot;&#10;    ignored: [&quot;$id&quot;,&quot;examples&quot;]&#10;warning: the following keywords are unknown and will be ignored: [$id, examples]&#10;    level: &quot;warning&quot;&#10;    schema: {&quot;loadingURI&quot;:&quot;#&quot;,&quot;pointer&quot;:&quot;/items/properties/tags/items/properties/name&quot;}&#10;    domain: &quot;syntax&quot;&#10;    ignored: [&quot;$id&quot;,&quot;examples&quot;]&#10;warning: the following keywords are unknown and will be ignored: [$id]&#10;    level: &quot;warning&quot;&#10;    schema: {&quot;loadingURI&quot;:&quot;#&quot;,&quot;pointer&quot;:&quot;/items&quot;}&#10;    domain: &quot;syntax&quot;&#10;    ignored: [&quot;$id&quot;]&#10;warning: the following keywords are unknown and will be ignored: [$id]&#10;    level: &quot;warning&quot;&#10;    schema: {&quot;loadingURI&quot;:&quot;#&quot;,&quot;pointer&quot;:&quot;/items/properties/category&quot;}&#10;    domain: &quot;syntax&quot;&#10;    ignored: [&quot;$id&quot;]&#10;warning: the following keywords are unknown and will be ignored: [$id, examples]&#10;    level: &quot;warning&quot;&#10;    schema: {&quot;loadingURI&quot;:&quot;#&quot;,&quot;pointer&quot;:&quot;/items/properties/category/properties/id&quot;}&#10;    domain: &quot;syntax&quot;&#10;    ignored: [&quot;$id&quot;,&quot;examples&quot;]&#10;warning: the following keywords are unknown and will be ignored: [$id, examples]&#10;    level: &quot;warning&quot;&#10;    schema: {&quot;loadingURI&quot;:&quot;#&quot;,&quot;pointer&quot;:&quot;/items/properties/category/properties/name&quot;}&#10;    domain: &quot;syntax&quot;&#10;    ignored: [&quot;$id&quot;,&quot;examples&quot;]&#10;warning: the following keywords are unknown and will be ignored: [$id, examples]&#10;    level: &quot;warning&quot;&#10;    schema: {&quot;loadingURI&quot;:&quot;#&quot;,&quot;pointer&quot;:&quot;/items/properties/id&quot;}&#10;    domain: &quot;syntax&quot;&#10;    ignored: [&quot;$id&quot;,&quot;examples&quot;]&#10;warning: the following keywords are unknown and will be ignored: [$id, examples]&#10;    level: &quot;warning&quot;&#10;    schema: {&quot;loadingURI&quot;:&quot;#&quot;,&quot;pointer&quot;:&quot;/items/properties/name&quot;}&#10;    domain: &quot;syntax&quot;&#10;    ignored: [&quot;$id&quot;,&quot;examples&quot;]&#10;warning: the following keywords are unknown and will be ignored: [$id]&#10;    level: &quot;warning&quot;&#10;    schema: {&quot;loadingURI&quot;:&quot;#&quot;,&quot;pointer&quot;:&quot;/items/properties/photoUrls&quot;}&#10;    domain: &quot;syntax&quot;&#10;    ignored: [&quot;$id&quot;]&#10;warning: the following keywords are unknown and will be ignored: [$id, examples]&#10;    level: &quot;warning&quot;&#10;    schema: {&quot;loadingURI&quot;:&quot;#&quot;,&quot;pointer&quot;:&quot;/items/properties/photoUrls/items&quot;}&#10;    domain: &quot;syntax&quot;&#10;    ignored: [&quot;$id&quot;,&quot;examples&quot;]&#10;warning: the following keywords are unknown and will be ignored: [$id, examples]&#10;    level: &quot;warning&quot;&#10;    schema: {&quot;loadingURI&quot;:&quot;#&quot;,&quot;pointer&quot;:&quot;/items/properties/status&quot;}&#10;    domain: &quot;syntax&quot;&#10;    ignored: [&quot;$id&quot;,&quot;examples&quot;]&#10;warning: the following keywords are unknown and will be ignored: [$id]&#10;    level: &quot;warning&quot;&#10;    schema: {&quot;loadingURI&quot;:&quot;#&quot;,&quot;pointer&quot;:&quot;/items/properties/tags&quot;}&#10;    domain: &quot;syntax&quot;&#10;    ignored: [&quot;$id&quot;]&#10;warning: the following keywords are unknown and will be ignored: [$id]&#10;    level: &quot;warning&quot;&#10;    schema: {&quot;loadingURI&quot;:&quot;#&quot;,&quot;pointer&quot;:&quot;/items/properties/tags/items&quot;}&#10;    domain: &quot;syntax&quot;&#10;    ignored: [&quot;$id&quot;]&#10;warning: the following keywords are unknown and will be ignored: [$id, examples]&#10;    level: &quot;warning&quot;&#10;    schema: {&quot;loadingURI&quot;:&quot;#&quot;,&quot;pointer&quot;:&quot;/items/properties/tags/items/properties/id&quot;}&#10;    domain: &quot;syntax&quot;&#10;    ignored: [&quot;$id&quot;,&quot;examples&quot;]&#10;warning: the following keywords are unknown and will be ignored: [$id, examples]&#10;    level: &quot;warning&quot;&#10;    schema: {&quot;loadingURI&quot;:&quot;#&quot;,&quot;pointer&quot;:&quot;/items/properties/tags/items/properties/name&quot;}&#10;    domain: &quot;syntax&quot;&#10;    ignored: [&quot;$id&quot;,&quot;examples&quot;]&#10;warning: the following keywords are unknown and will be ignored: [$id]&#10;    level: &quot;warning&quot;&#10;    schema: {&quot;loadingURI&quot;:&quot;#&quot;,&quot;pointer&quot;:&quot;/items/properties/category&quot;}&#10;    domain: &quot;syntax&quot;&#10;    ignored: [&quot;$id&quot;]&#10;warning: the following keywords are unknown and will be ignored: [$id, examples]&#10;    level: &quot;warning&quot;&#10;    schema: {&quot;loadingURI&quot;:&quot;#&quot;,&quot;pointer&quot;:&quot;/items/properties/category/properties/id&quot;}&#10;    domain: &quot;syntax&quot;&#10;    ignored: [&quot;$id&quot;,&quot;examples&quot;]&#10;warning: the following keywords are unknown and will be ignored: [$id, examples]&#10;    level: &quot;warning&quot;&#10;    schema: {&quot;loadingURI&quot;:&quot;#&quot;,&quot;pointer&quot;:&quot;/items/properties/category/properties/name&quot;}&#10;    domain: &quot;syntax&quot;&#10;    ignored: [&quot;$id&quot;,&quot;examples&quot;]&#10;warning: the following keywords are unknown and will be ignored: [$id, examples]&#10;    level: &quot;warning&quot;&#10;    schema: {&quot;loadingURI&quot;:&quot;#&quot;,&quot;pointer&quot;:&quot;/items/properties/category/properties/id&quot;}&#10;    domain: &quot;syntax&quot;&#10;    ignored: [&quot;$id&quot;,&quot;examples&quot;]&#10;warning: the following keywords are unknown and will be ignored: [$id, examples]&#10;    level: &quot;warning&quot;&#10;    schema: {&quot;loadingURI&quot;:&quot;#&quot;,&quot;pointer&quot;:&quot;/items/properties/category/properties/name&quot;}&#10;    domain: &quot;syntax&quot;&#10;    ignored: [&quot;$id&quot;,&quot;examples&quot;]&#10;warning: the following keywords are unknown and will be ignored: [$id, examples]&#10;    level: &quot;warning&quot;&#10;    schema: {&quot;loadingURI&quot;:&quot;#&quot;,&quot;pointer&quot;:&quot;/items/properties/id&quot;}&#10;    domain: &quot;syntax&quot;&#10;    ignored: [&quot;$id&quot;,&quot;examples&quot;]&#10;warning: the following keywords are unknown and will be ignored: [$id, examples]&#10;    level: &quot;warning&quot;&#10;    schema: {&quot;loadingURI&quot;:&quot;#&quot;,&quot;pointer&quot;:&quot;/items/properties/name&quot;}&#10;    domain: &quot;syntax&quot;&#10;    ignored: [&quot;$id&quot;,&quot;examples&quot;]&#10;warning: the following keywords are unknown and will be ignored: [$id]&#10;    level: &quot;warning&quot;&#10;    schema: {&quot;loadingURI&quot;:&quot;#&quot;,&quot;pointer&quot;:&quot;/items/properties/photoUrls&quot;}&#10;    domain: &quot;syntax&quot;&#10;    ignored: [&quot;$id&quot;]&#10;warning: the following keywords are unknown and will be ignored: [$id, examples]&#10;    level: &quot;warning&quot;&#10;    schema: {&quot;loadingURI&quot;:&quot;#&quot;,&quot;pointer&quot;:&quot;/items/properties/photoUrls/items&quot;}&#10;    domain: &quot;syntax&quot;&#10;    ignored: [&quot;$id&quot;,&quot;examples&quot;]&#10;warning: the following keywords are unknown and will be ignored: [$id, examples]&#10;    level: &quot;warning&quot;&#10;    schema: {&quot;loadingURI&quot;:&quot;#&quot;,&quot;pointer&quot;:&quot;/items/properties/photoUrls/items&quot;}&#10;    domain: &quot;syntax&quot;&#10;    ignored: [&quot;$id&quot;,&quot;examples&quot;]&#10;warning: the following keywords are unknown and will be ignored: [$id, examples]&#10;    level: &quot;warning&quot;&#10;    schema: {&quot;loadingURI&quot;:&quot;#&quot;,&quot;pointer&quot;:&quot;/items/properties/status&quot;}&#10;    domain: &quot;syntax&quot;&#10;    ignored: [&quot;$id&quot;,&quot;examples&quot;]&#10;warning: the following keywords are unknown and will be ignored: [$id]&#10;    level: &quot;warning&quot;&#10;    schema: {&quot;loadingURI&quot;:&quot;#&quot;,&quot;pointer&quot;:&quot;/items/properties/tags&quot;}&#10;    domain: &quot;syntax&quot;&#10;    ignored: [&quot;$id&quot;]&#10;warning: the following keywords are unknown and will be ignored: [$id]&#10;    level: &quot;warning&quot;&#10;    schema: {&quot;loadingURI&quot;:&quot;#&quot;,&quot;pointer&quot;:&quot;/items/properties/tags/items&quot;}&#10;    domain: &quot;syntax&quot;&#10;    ignored: [&quot;$id&quot;]&#10;warning: the following keywords are unknown and will be ignored: [$id, examples]&#10;    level: &quot;warning&quot;&#10;    schema: {&quot;loadingURI&quot;:&quot;#&quot;,&quot;pointer&quot;:&quot;/items/properties/tags/items/properties/id&quot;}&#10;    domain: &quot;syntax&quot;&#10;    ignored: [&quot;$id&quot;,&quot;examples&quot;]&#10;warning: the following keywords are unknown and will be ignored: [$id, examples]&#10;    level: &quot;warning&quot;&#10;    schema: {&quot;loadingURI&quot;:&quot;#&quot;,&quot;pointer&quot;:&quot;/items/properties/tags/items/properties/name&quot;}&#10;    domain: &quot;syntax&quot;&#10;    ignored: [&quot;$id&quot;,&quot;examples&quot;]&#10;warning: the following keywords are unknown and will be ignored: [$id]&#10;    level: &quot;warning&quot;&#10;    schema: {&quot;loadingURI&quot;:&quot;#&quot;,&quot;pointer&quot;:&quot;/items/properties/tags/items&quot;}&#10;    domain: &quot;syntax&quot;&#10;    ignored: [&quot;$id&quot;]&#10;warning: the following keywords are unknown and will be ignored: [$id, examples]&#10;    level: &quot;warning&quot;&#10;    schema: {&quot;loadingURI&quot;:&quot;#&quot;,&quot;pointer&quot;:&quot;/items/properties/tags/items/properties/id&quot;}&#10;    domain: &quot;syntax&quot;&#10;    ignored: [&quot;$id&quot;,&quot;examples&quot;]&#10;warning: the following keywords are unknown and will be ignored: [$id, examples]&#10;    level: &quot;warning&quot;&#10;    schema: {&quot;loadingURI&quot;:&quot;#&quot;,&quot;pointer&quot;:&quot;/items/properties/tags/items/properties/name&quot;}&#10;    domain: &quot;syntax&quot;&#10;    ignored: [&quot;$id&quot;,&quot;examples&quot;]&#10;warning: the following keywords are unknown and will be ignored: [$id, examples]&#10;    level: &quot;warning&quot;&#10;    schema: {&quot;loadingURI&quot;:&quot;#&quot;,&quot;pointer&quot;:&quot;/items/properties/tags/items/properties/id&quot;}&#10;    domain: &quot;syntax&quot;&#10;    ignored: [&quot;$id&quot;,&quot;examples&quot;]&#10;warning: the following keywords are unknown and will be ignored: [$id, examples]&#10;    level: &quot;warning&quot;&#10;    schema: {&quot;loadingURI&quot;:&quot;#&quot;,&quot;pointer&quot;:&quot;/items/properties/tags/items/properties/name&quot;}&#10;    domain: &quot;syntax&quot;&#10;    ignored: [&quot;$id&quot;,&quot;examples&quot;]&#10;warning: the following keywords are unknown and will be ignored: [$id]&#10;    level: &quot;warning&quot;&#10;    schema: {&quot;loadingURI&quot;:&quot;#&quot;,&quot;pointer&quot;:&quot;/items&quot;}&#10;    domain: &quot;syntax&quot;&#10;    ignored: [&quot;$id&quot;]&#10;warning: the following keywords are unknown and will be ignored: [$id]&#10;    level: &quot;warning&quot;&#10;    schema: {&quot;loadingURI&quot;:&quot;#&quot;,&quot;pointer&quot;:&quot;/items/properties/category&quot;}&#10;    domain: &quot;syntax&quot;&#10;    ignored: [&quot;$id&quot;]&#10;warning: the following keywords are unknown and will be ignored: [$id, examples]&#10;    level: &quot;warning&quot;&#10;    schema: {&quot;loadingURI&quot;:&quot;#&quot;,&quot;pointer&quot;:&quot;/items/properties/category/properties/id&quot;}&#10;    domain: &quot;syntax&quot;&#10;    ignored: [&quot;$id&quot;,&quot;examples&quot;]&#10;warning: the following keywords are unknown and will be ignored: [$id, examples]&#10;    level: &quot;warning&quot;&#10;    schema: {&quot;loadingURI&quot;:&quot;#&quot;,&quot;pointer&quot;:&quot;/items/properties/category/properties/name&quot;}&#10;    domain: &quot;syntax&quot;&#10;    ignored: [&quot;$id&quot;,&quot;examples&quot;]&#10;warning: the following keywords are unknown and will be ignored: [$id, examples]&#10;    level: &quot;warning&quot;&#10;    schema: {&quot;loadingURI&quot;:&quot;#&quot;,&quot;pointer&quot;:&quot;/items/properties/id&quot;}&#10;    domain: &quot;syntax&quot;&#10;    ignored: [&quot;$id&quot;,&quot;examples&quot;]&#10;warning: the following keywords are unknown and will be ignored: [$id, examples]&#10;    level: &quot;warning&quot;&#10;    schema: {&quot;loadingURI&quot;:&quot;#&quot;,&quot;pointer&quot;:&quot;/items/properties/name&quot;}&#10;    domain: &quot;syntax&quot;&#10;    ignored: [&quot;$id&quot;,&quot;examples&quot;]&#10;warning: the following keywords are unknown and will be ignored: [$id]&#10;    level: &quot;warning&quot;&#10;    schema: {&quot;loadingURI&quot;:&quot;#&quot;,&quot;pointer&quot;:&quot;/items/properties/photoUrls&quot;}&#10;    domain: &quot;syntax&quot;&#10;    ignored: [&quot;$id&quot;]&#10;warning: the following keywords are unknown and will be ignored: [$id, examples]&#10;    level: &quot;warning&quot;&#10;    schema: {&quot;loadingURI&quot;:&quot;#&quot;,&quot;pointer&quot;:&quot;/items/properties/photoUrls/items&quot;}&#10;    domain: &quot;syntax&quot;&#10;    ignored: [&quot;$id&quot;,&quot;examples&quot;]&#10;warning: the following keywords are unknown and will be ignored: [$id, examples]&#10;    level: &quot;warning&quot;&#10;    schema: {&quot;loadingURI&quot;:&quot;#&quot;,&quot;pointer&quot;:&quot;/items/properties/status&quot;}&#10;    domain: &quot;syntax&quot;&#10;    ignored: [&quot;$id&quot;,&quot;examples&quot;]&#10;warning: the following keywords are unknown and will be ignored: [$id]&#10;    level: &quot;warning&quot;&#10;    schema: {&quot;loadingURI&quot;:&quot;#&quot;,&quot;pointer&quot;:&quot;/items/properties/tags&quot;}&#10;    domain: &quot;syntax&quot;&#10;    ignored: [&quot;$id&quot;]&#10;warning: the following keywords are unknown and will be ignored: [$id]&#10;    level: &quot;warning&quot;&#10;    schema: {&quot;loadingURI&quot;:&quot;#&quot;,&quot;pointer&quot;:&quot;/items/properties/tags/items&quot;}&#10;    domain: &quot;syntax&quot;&#10;    ignored: [&quot;$id&quot;]&#10;warning: the following keywords are unknown and will be ignored: [$id, examples]&#10;    level: &quot;warning&quot;&#10;    schema: {&quot;loadingURI&quot;:&quot;#&quot;,&quot;pointer&quot;:&quot;/items/properties/tags/items/properties/id&quot;}&#10;    domain: &quot;syntax&quot;&#10;    ignored: [&quot;$id&quot;,&quot;examples&quot;]&#10;warning: the following keywords are unknown and will be ignored: [$id, examples]&#10;    level: &quot;warning&quot;&#10;    schema: {&quot;loadingURI&quot;:&quot;#&quot;,&quot;pointer&quot;:&quot;/items/properties/tags/items/properties/name&quot;}&#10;    domain: &quot;syntax&quot;&#10;    ignored: [&quot;$id&quot;,&quot;examples&quot;]&#10;warning: the following keywords are unknown and will be ignored: [$id]&#10;    level: &quot;warning&quot;&#10;    schema: {&quot;loadingURI&quot;:&quot;#&quot;,&quot;pointer&quot;:&quot;/items/properties/category&quot;}&#10;    domain: &quot;syntax&quot;&#10;    ignored: [&quot;$id&quot;]&#10;warning: the following keywords are unknown and will be ignored: [$id, examples]&#10;    level: &quot;warning&quot;&#10;    schema: {&quot;loadingURI&quot;:&quot;#&quot;,&quot;pointer&quot;:&quot;/items/properties/category/properties/id&quot;}&#10;    domain: &quot;syntax&quot;&#10;    ignored: [&quot;$id&quot;,&quot;examples&quot;]&#10;warning: the following keywords are unknown and will be ignored: [$id, examples]&#10;    level: &quot;warning&quot;&#10;    schema: {&quot;loadingURI&quot;:&quot;#&quot;,&quot;pointer&quot;:&quot;/items/properties/category/properties/name&quot;}&#10;    domain: &quot;syntax&quot;&#10;    ignored: [&quot;$id&quot;,&quot;examples&quot;]&#10;warning: the following keywords are unknown and will be ignored: [$id, examples]&#10;    level: &quot;warning&quot;&#10;    schema: {&quot;loadingURI&quot;:&quot;#&quot;,&quot;pointer&quot;:&quot;/items/properties/category/properties/id&quot;}&#10;    domain: &quot;syntax&quot;&#10;    ignored: [&quot;$id&quot;,&quot;examples&quot;]&#10;warning: the following keywords are unknown and will be ignored: [$id, examples]&#10;    level: &quot;warning&quot;&#10;    schema: {&quot;loadingURI&quot;:&quot;#&quot;,&quot;pointer&quot;:&quot;/items/properties/category/properties/name&quot;}&#10;    domain: &quot;syntax&quot;&#10;    ignored: [&quot;$id&quot;,&quot;examples&quot;]&#10;warning: the following keywords are unknown and will be ignored: [$id, examples]&#10;    level: &quot;warning&quot;&#10;    schema: {&quot;loadingURI&quot;:&quot;#&quot;,&quot;pointer&quot;:&quot;/items/properties/id&quot;}&#10;    domain: &quot;syntax&quot;&#10;    ignored: [&quot;$id&quot;,&quot;examples&quot;]&#10;warning: the following keywords are unknown and will be ignored: [$id, examples]&#10;    level: &quot;warning&quot;&#10;    schema: {&quot;loadingURI&quot;:&quot;#&quot;,&quot;pointer&quot;:&quot;/items/properties/name&quot;}&#10;    domain: &quot;syntax&quot;&#10;    ignored: [&quot;$id&quot;,&quot;examples&quot;]&#10;warning: the following keywords are unknown and will be ignored: [$id]&#10;    level: &quot;warning&quot;&#10;    schema: {&quot;loadingURI&quot;:&quot;#&quot;,&quot;pointer&quot;:&quot;/items/properties/photoUrls&quot;}&#10;    domain: &quot;syntax&quot;&#10;    ignored: [&quot;$id&quot;]&#10;warning: the following keywords are unknown and will be ignored: [$id, examples]&#10;    level: &quot;warning&quot;&#10;    schema: {&quot;loadingURI&quot;:&quot;#&quot;,&quot;pointer&quot;:&quot;/items/properties/photoUrls/items&quot;}&#10;    domain: &quot;syntax&quot;&#10;    ignored: [&quot;$id&quot;,&quot;examples&quot;]&#10;warning: the following keywords are unknown and will be ignored: [$id, examples]&#10;    level: &quot;warning&quot;&#10;    schema: {&quot;loadingURI&quot;:&quot;#&quot;,&quot;pointer&quot;:&quot;/items/properties/photoUrls/items&quot;}&#10;    domain: &quot;syntax&quot;&#10;    ignored: [&quot;$id&quot;,&quot;examples&quot;]&#10;warning: the following keywords are unknown and will be ignored: [$id, examples]&#10;    level: &quot;warning&quot;&#10;    schema: {&quot;loadingURI&quot;:&quot;#&quot;,&quot;pointer&quot;:&quot;/items/properties/status&quot;}&#10;    domain: &quot;syntax&quot;&#10;    ignored: [&quot;$id&quot;,&quot;examples&quot;]&#10;warning: the following keywords are unknown and will be ignored: [$id]&#10;    level: &quot;warning&quot;&#10;    schema: {&quot;loadingURI&quot;:&quot;#&quot;,&quot;pointer&quot;:&quot;/items/properties/tags&quot;}&#10;    domain: &quot;syntax&quot;&#10;    ignored: [&quot;$id&quot;]&#10;warning: the following keywords are unknown and will be ignored: [$id]&#10;    level: &quot;warning&quot;&#10;    schema: {&quot;loadingURI&quot;:&quot;#&quot;,&quot;pointer&quot;:&quot;/items/properties/tags/items&quot;}&#10;    domain: &quot;syntax&quot;&#10;    ignored: [&quot;$id&quot;]&#10;warning: the following keywords are unknown and will be ignored: [$id, examples]&#10;    level: &quot;warning&quot;&#10;    schema: {&quot;loadingURI&quot;:&quot;#&quot;,&quot;pointer&quot;:&quot;/items/properties/tags/items/properties/id&quot;}&#10;    domain: &quot;syntax&quot;&#10;    ignored: [&quot;$id&quot;,&quot;examples&quot;]&#10;warning: the following keywords are unknown and will be ignored: [$id, examples]&#10;    level: &quot;warning&quot;&#10;    schema: {&quot;loadingURI&quot;:&quot;#&quot;,&quot;pointer&quot;:&quot;/items/properties/tags/items/properties/name&quot;}&#10;    domain: &quot;syntax&quot;&#10;    ignored: [&quot;$id&quot;,&quot;examples&quot;]&#10;warning: the following keywords are unknown and will be ignored: [$id]&#10;    level: &quot;warning&quot;&#10;    schema: {&quot;loadingURI&quot;:&quot;#&quot;,&quot;pointer&quot;:&quot;/items/properties/tags/items&quot;}&#10;    domain: &quot;syntax&quot;&#10;    ignored: [&quot;$id&quot;]&#10;warning: the following keywords are unknown and will be ignored: [$id, examples]&#10;    level: &quot;warning&quot;&#10;    schema: {&quot;loadingURI&quot;:&quot;#&quot;,&quot;pointer&quot;:&quot;/items/properties/tags/items/properties/id&quot;}&#10;    domain: &quot;syntax&quot;&#10;    ignored: [&quot;$id&quot;,&quot;examples&quot;]&#10;warning: the following keywords are unknown and will be ignored: [$id, examples]&#10;    level: &quot;warning&quot;&#10;    schema: {&quot;loadingURI&quot;:&quot;#&quot;,&quot;pointer&quot;:&quot;/items/properties/tags/items/properties/name&quot;}&#10;    domain: &quot;syntax&quot;&#10;    ignored: [&quot;$id&quot;,&quot;examples&quot;]&#10;warning: the following keywords are unknown and will be ignored: [$id, examples]&#10;    level: &quot;warning&quot;&#10;    schema: {&quot;loadingURI&quot;:&quot;#&quot;,&quot;pointer&quot;:&quot;/items/properties/tags/items/properties/id&quot;}&#10;    domain: &quot;syntax&quot;&#10;    ignored: [&quot;$id&quot;,&quot;examples&quot;]&#10;warning: the following keywords are unknown and will be ignored: [$id, examples]&#10;    level: &quot;warning&quot;&#10;    schema: {&quot;loadingURI&quot;:&quot;#&quot;,&quot;pointer&quot;:&quot;/items/properties/tags/items/properties/name&quot;}&#10;    domain: &quot;syntax&quot;&#10;    ignored: [&quot;$id&quot;,&quot;examples&quot;]&#10;warning: the following keywords are unknown and will be ignored: [$id]&#10;    level: &quot;warning&quot;&#10;    schema: {&quot;loadingURI&quot;:&quot;#&quot;,&quot;pointer&quot;:&quot;/items&quot;}&#10;    domain: &quot;syntax&quot;&#10;    ignored: [&quot;$id&quot;]&#10;warning: the following keywords are unknown and will be ignored: [$id]&#10;    level: &quot;warning&quot;&#10;    schema: {&quot;loadingURI&quot;:&quot;#&quot;,&quot;pointer&quot;:&quot;/items/properties/category&quot;}&#10;    domain: &quot;syntax&quot;&#10;    ignored: [&quot;$id&quot;]&#10;warning: the following keywords are unknown and will be ignored: [$id, examples]&#10;    level: &quot;warning&quot;&#10;    schema: {&quot;loadingURI&quot;:&quot;#&quot;,&quot;pointer&quot;:&quot;/items/properties/category/properties/id&quot;}&#10;    domain: &quot;syntax&quot;&#10;    ignored: [&quot;$id&quot;,&quot;examples&quot;]&#10;warning: the following keywords are unknown and will be ignored: [$id, examples]&#10;    level: &quot;warning&quot;&#10;    schema: {&quot;loadingURI&quot;:&quot;#&quot;,&quot;pointer&quot;:&quot;/items/properties/category/properties/name&quot;}&#10;    domain: &quot;syntax&quot;&#10;    ignored: [&quot;$id&quot;,&quot;examples&quot;]&#10;warning: the following keywords are unknown and will be ignored: [$id, examples]&#10;    level: &quot;warning&quot;&#10;    schema: {&quot;loadingURI&quot;:&quot;#&quot;,&quot;pointer&quot;:&quot;/items/properties/id&quot;}&#10;    domain: &quot;syntax&quot;&#10;    ignored: [&quot;$id&quot;,&quot;examples&quot;]&#10;warning: the following keywords are unknown and will be ignored: [$id, examples]&#10;    level: &quot;warning&quot;&#10;    schema: {&quot;loadingURI&quot;:&quot;#&quot;,&quot;pointer&quot;:&quot;/items/properties/name&quot;}&#10;    domain: &quot;syntax&quot;&#10;    ignored: [&quot;$id&quot;,&quot;examples&quot;]&#10;warning: the following keywords are unknown and will be ignored: [$id]&#10;    level: &quot;warning&quot;&#10;    schema: {&quot;loadingURI&quot;:&quot;#&quot;,&quot;pointer&quot;:&quot;/items/properties/photoUrls&quot;}&#10;    domain: &quot;syntax&quot;&#10;    ignored: [&quot;$id&quot;]&#10;warning: the following keywords are unknown and will be ignored: [$id, examples]&#10;    level: &quot;warning&quot;&#10;    schema: {&quot;loadingURI&quot;:&quot;#&quot;,&quot;pointer&quot;:&quot;/items/properties/photoUrls/items&quot;}&#10;    domain: &quot;syntax&quot;&#10;    ignored: [&quot;$id&quot;,&quot;examples&quot;]&#10;warning: the following keywords are unknown and will be ignored: [$id, examples]&#10;    level: &quot;warning&quot;&#10;    schema: {&quot;loadingURI&quot;:&quot;#&quot;,&quot;pointer&quot;:&quot;/items/properties/status&quot;}&#10;    domain: &quot;syntax&quot;&#10;    ignored: [&quot;$id&quot;,&quot;examples&quot;]&#10;warning: the following keywords are unknown and will be ignored: [$id]&#10;    level: &quot;warning&quot;&#10;    schema: {&quot;loadingURI&quot;:&quot;#&quot;,&quot;pointer&quot;:&quot;/items/properties/tags&quot;}&#10;    domain: &quot;syntax&quot;&#10;    ignored: [&quot;$id&quot;]&#10;warning: the following keywords are unknown and will be ignored: [$id]&#10;    level: &quot;warning&quot;&#10;    schema: {&quot;loadingURI&quot;:&quot;#&quot;,&quot;pointer&quot;:&quot;/items/properties/tags/items&quot;}&#10;    domain: &quot;syntax&quot;&#10;    ignored: [&quot;$id&quot;]&#10;warning: the following keywords are unknown and will be ignored: [$id, examples]&#10;    level: &quot;warning&quot;&#10;    schema: {&quot;loadingURI&quot;:&quot;#&quot;,&quot;pointer&quot;:&quot;/items/properties/tags/items/properties/id&quot;}&#10;    domain: &quot;syntax&quot;&#10;    ignored: [&quot;$id&quot;,&quot;examples&quot;]&#10;warning: the following keywords are unknown and will be ignored: [$id, examples]&#10;    level: &quot;warning&quot;&#10;    schema: {&quot;loadingURI&quot;:&quot;#&quot;,&quot;pointer&quot;:&quot;/items/properties/tags/items/properties/name&quot;}&#10;    domain: &quot;syntax&quot;&#10;    ignored: [&quot;$id&quot;,&quot;examples&quot;]&#10;warning: the following keywords are unknown and will be ignored: [$id]&#10;    level: &quot;warning&quot;&#10;    schema: {&quot;loadingURI&quot;:&quot;#&quot;,&quot;pointer&quot;:&quot;/items/properties/category&quot;}&#10;    domain: &quot;syntax&quot;&#10;    ignored: [&quot;$id&quot;]&#10;warning: the following keywords are unknown and will be ignored: [$id, examples]&#10;    level: &quot;warning&quot;&#10;    schema: {&quot;loadingURI&quot;:&quot;#&quot;,&quot;pointer&quot;:&quot;/items/properties/category/properties/id&quot;}&#10;    domain: &quot;syntax&quot;&#10;    ignored: [&quot;$id&quot;,&quot;examples&quot;]&#10;warning: the following keywords are unknown and will be ignored: [$id, examples]&#10;    level: &quot;warning&quot;&#10;    schema: {&quot;loadingURI&quot;:&quot;#&quot;,&quot;pointer&quot;:&quot;/items/properties/category/properties/name&quot;}&#10;    domain: &quot;syntax&quot;&#10;    ignored: [&quot;$id&quot;,&quot;examples&quot;]&#10;warning: the following keywords are unknown and will be ignored: [$id, examples]&#10;    level: &quot;warning&quot;&#10;    schema: {&quot;loadingURI&quot;:&quot;#&quot;,&quot;pointer&quot;:&quot;/items/properties/category/properties/id&quot;}&#10;    domain: &quot;syntax&quot;&#10;    ignored: [&quot;$id&quot;,&quot;examples&quot;]&#10;warning: the following keywords are unknown and will be ignored: [$id, examples]&#10;    level: &quot;warning&quot;&#10;    schema: {&quot;loadingURI&quot;:&quot;#&quot;,&quot;pointer&quot;:&quot;/items/properties/category/properties/name&quot;}&#10;    domain: &quot;syntax&quot;&#10;    ignored: [&quot;$id&quot;,&quot;examples&quot;]&#10;warning: the following keywords are unknown and will be ignored: [$id, examples]&#10;    level: &quot;warning&quot;&#10;    schema: {&quot;loadingURI&quot;:&quot;#&quot;,&quot;pointer&quot;:&quot;/items/properties/id&quot;}&#10;    domain: &quot;syntax&quot;&#10;    ignored: [&quot;$id&quot;,&quot;examples&quot;]&#10;warning: the following keywords are unknown and will be ignored: [$id, examples]&#10;    level: &quot;warning&quot;&#10;    schema: {&quot;loadingURI&quot;:&quot;#&quot;,&quot;pointer&quot;:&quot;/items/properties/name&quot;}&#10;    domain: &quot;syntax&quot;&#10;    ignored: [&quot;$id&quot;,&quot;examples&quot;]&#10;warning: the following keywords are unknown and will be ignored: [$id]&#10;    level: &quot;warning&quot;&#10;    schema: {&quot;loadingURI&quot;:&quot;#&quot;,&quot;pointer&quot;:&quot;/items/properties/photoUrls&quot;}&#10;    domain: &quot;syntax&quot;&#10;    ignored: [&quot;$id&quot;]&#10;warning: the following keywords are unknown and will be ignored: [$id, examples]&#10;    level: &quot;warning&quot;&#10;    schema: {&quot;loadingURI&quot;:&quot;#&quot;,&quot;pointer&quot;:&quot;/items/properties/photoUrls/items&quot;}&#10;    domain: &quot;syntax&quot;&#10;    ignored: [&quot;$id&quot;,&quot;examples&quot;]&#10;warning: the following keywords are unknown and will be ignored: [$id, examples]&#10;    level: &quot;warning&quot;&#10;    schema: {&quot;loadingURI&quot;:&quot;#&quot;,&quot;pointer&quot;:&quot;/items/properties/photoUrls/items&quot;}&#10;    domain: &quot;syntax&quot;&#10;    ignored: [&quot;$id&quot;,&quot;examples&quot;]&#10;warning: the following keywords are unknown and will be ignored: [$id, examples]&#10;    level: &quot;warning&quot;&#10;    schema: {&quot;loadingURI&quot;:&quot;#&quot;,&quot;pointer&quot;:&quot;/items/properties/status&quot;}&#10;    domain: &quot;syntax&quot;&#10;    ignored: [&quot;$id&quot;,&quot;examples&quot;]&#10;warning: the following keywords are unknown and will be ignored: [$id]&#10;    level: &quot;warning&quot;&#10;    schema: {&quot;loadingURI&quot;:&quot;#&quot;,&quot;pointer&quot;:&quot;/items/properties/tags&quot;}&#10;    domain: &quot;syntax&quot;&#10;    ignored: [&quot;$id&quot;]&#10;warning: the following keywords are unknown and will be ignored: [$id]&#10;    level: &quot;warning&quot;&#10;    schema: {&quot;loadingURI&quot;:&quot;#&quot;,&quot;pointer&quot;:&quot;/items/properties/tags/items&quot;}&#10;    domain: &quot;syntax&quot;&#10;    ignored: [&quot;$id&quot;]&#10;warning: the following keywords are unknown and will be ignored: [$id, examples]&#10;    level: &quot;warning&quot;&#10;    schema: {&quot;loadingURI&quot;:&quot;#&quot;,&quot;pointer&quot;:&quot;/items/properties/tags/items/properties/id&quot;}&#10;    domain: &quot;syntax&quot;&#10;    ignored: [&quot;$id&quot;,&quot;examples&quot;]&#10;warning: the following keywords are unknown and will be ignored: [$id, examples]&#10;    level: &quot;warning&quot;&#10;    schema: {&quot;loadingURI&quot;:&quot;#&quot;,&quot;pointer&quot;:&quot;/items/properties/tags/items/properties/name&quot;}&#10;    domain: &quot;syntax&quot;&#10;    ignored: [&quot;$id&quot;,&quot;examples&quot;]&#10;warning: the following keywords are unknown and will be ignored: [$id]&#10;    level: &quot;warning&quot;&#10;    schema: {&quot;loadingURI&quot;:&quot;#&quot;,&quot;pointer&quot;:&quot;/items/properties/tags/items&quot;}&#10;    domain: &quot;syntax&quot;&#10;    ignored: [&quot;$id&quot;]&#10;warning: the following keywords are unknown and will be ignored: [$id, examples]&#10;    level: &quot;warning&quot;&#10;    schema: {&quot;loadingURI&quot;:&quot;#&quot;,&quot;pointer&quot;:&quot;/items/properties/tags/items/properties/id&quot;}&#10;    domain: &quot;syntax&quot;&#10;    ignored: [&quot;$id&quot;,&quot;examples&quot;]&#10;warning: the following keywords are unknown and will be ignored: [$id, examples]&#10;    level: &quot;warning&quot;&#10;    schema: {&quot;loadingURI&quot;:&quot;#&quot;,&quot;pointer&quot;:&quot;/items/properties/tags/items/properties/name&quot;}&#10;    domain: &quot;syntax&quot;&#10;    ignored: [&quot;$id&quot;,&quot;examples&quot;]&#10;warning: the following keywords are unknown and will be ignored: [$id, examples]&#10;    level: &quot;warning&quot;&#10;    schema: {&quot;loadingURI&quot;:&quot;#&quot;,&quot;pointer&quot;:&quot;/items/properties/tags/items/properties/id&quot;}&#10;    domain: &quot;syntax&quot;&#10;    ignored: [&quot;$id&quot;,&quot;examples&quot;]&#10;warning: the following keywords are unknown and will be ignored: [$id, examples]&#10;    level: &quot;warning&quot;&#10;    schema: {&quot;loadingURI&quot;:&quot;#&quot;,&quot;pointer&quot;:&quot;/items/properties/tags/items/properties/name&quot;}&#10;    domain: &quot;syntax&quot;&#10;    ignored: [&quot;$id&quot;,&quot;examples&quot;]&#10;warning: the following keywords are unknown and will be ignored: [$id]&#10;    level: &quot;warning&quot;&#10;    schema: {&quot;loadingURI&quot;:&quot;#&quot;,&quot;pointer&quot;:&quot;/items&quot;}&#10;    domain: &quot;syntax&quot;&#10;    ignored: [&quot;$id&quot;]&#10;warning: the following keywords are unknown and will be ignored: [$id]&#10;    level: &quot;warning&quot;&#10;    schema: {&quot;loadingURI&quot;:&quot;#&quot;,&quot;pointer&quot;:&quot;/items/properties/category&quot;}&#10;    domain: &quot;syntax&quot;&#10;    ignored: [&quot;$id&quot;]&#10;warning: the following keywords are unknown and will be ignored: [$id, examples]&#10;    level: &quot;warning&quot;&#10;    schema: {&quot;loadingURI&quot;:&quot;#&quot;,&quot;pointer&quot;:&quot;/items/properties/category/properties/id&quot;}&#10;    domain: &quot;syntax&quot;&#10;    ignored: [&quot;$id&quot;,&quot;examples&quot;]&#10;warning: the following keywords are unknown and will be ignored: [$id, examples]&#10;    level: &quot;warning&quot;&#10;    schema: {&quot;loadingURI&quot;:&quot;#&quot;,&quot;pointer&quot;:&quot;/items/properties/category/properties/name&quot;}&#10;    domain: &quot;syntax&quot;&#10;    ignored: [&quot;$id&quot;,&quot;examples&quot;]&#10;warning: the following keywords are unknown and will be ignored: [$id, examples]&#10;    level: &quot;warning&quot;&#10;    schema: {&quot;loadingURI&quot;:&quot;#&quot;,&quot;pointer&quot;:&quot;/items/properties/id&quot;}&#10;    domain: &quot;syntax&quot;&#10;    ignored: [&quot;$id&quot;,&quot;examples&quot;]&#10;warning: the following keywords are unknown and will be ignored: [$id, examples]&#10;    level: &quot;warning&quot;&#10;    schema: {&quot;loadingURI&quot;:&quot;#&quot;,&quot;pointer&quot;:&quot;/items/properties/name&quot;}&#10;    domain: &quot;syntax&quot;&#10;    ignored: [&quot;$id&quot;,&quot;examples&quot;]&#10;warning: the following keywords are unknown and will be ignored: [$id]&#10;    level: &quot;warning&quot;&#10;    schema: {&quot;loadingURI&quot;:&quot;#&quot;,&quot;pointer&quot;:&quot;/items/properties/photoUrls&quot;}&#10;    domain: &quot;syntax&quot;&#10;    ignored: [&quot;$id&quot;]&#10;warning: the following keywords are unknown and will be ignored: [$id, examples]&#10;    level: &quot;warning&quot;&#10;    schema: {&quot;loadingURI&quot;:&quot;#&quot;,&quot;pointer&quot;:&quot;/items/properties/photoUrls/items&quot;}&#10;    domain: &quot;syntax&quot;&#10;    ignored: [&quot;$id&quot;,&quot;examples&quot;]&#10;warning: the following keywords are unknown and will be ignored: [$id, examples]&#10;    level: &quot;warning&quot;&#10;    schema: {&quot;loadingURI&quot;:&quot;#&quot;,&quot;pointer&quot;:&quot;/items/properties/status&quot;}&#10;    domain: &quot;syntax&quot;&#10;    ignored: [&quot;$id&quot;,&quot;examples&quot;]&#10;warning: the following keywords are unknown and will be ignored: [$id]&#10;    level: &quot;warning&quot;&#10;    schema: {&quot;loadingURI&quot;:&quot;#&quot;,&quot;pointer&quot;:&quot;/items/properties/tags&quot;}&#10;    domain: &quot;syntax&quot;&#10;    ignored: [&quot;$id&quot;]&#10;warning: the following keywords are unknown and will be ignored: [$id]&#10;    level: &quot;warning&quot;&#10;    schema: {&quot;loadingURI&quot;:&quot;#&quot;,&quot;pointer&quot;:&quot;/items/properties/tags/items&quot;}&#10;    domain: &quot;syntax&quot;&#10;    ignored: [&quot;$id&quot;]&#10;warning: the following keywords are unknown and will be ignored: [$id, examples]&#10;    level: &quot;warning&quot;&#10;    schema: {&quot;loadingURI&quot;:&quot;#&quot;,&quot;pointer&quot;:&quot;/items/properties/tags/items/properties/id&quot;}&#10;    domain: &quot;syntax&quot;&#10;    ignored: [&quot;$id&quot;,&quot;examples&quot;]&#10;warning: the following keywords are unknown and will be ignored: [$id, examples]&#10;    level: &quot;warning&quot;&#10;    schema: {&quot;loadingURI&quot;:&quot;#&quot;,&quot;pointer&quot;:&quot;/items/properties/tags/items/properties/name&quot;}&#10;    domain: &quot;syntax&quot;&#10;    ignored: [&quot;$id&quot;,&quot;examples&quot;]&#10;warning: the following keywords are unknown and will be ignored: [$id]&#10;    level: &quot;warning&quot;&#10;    schema: {&quot;loadingURI&quot;:&quot;#&quot;,&quot;pointer&quot;:&quot;/items/properties/category&quot;}&#10;    domain: &quot;syntax&quot;&#10;    ignored: [&quot;$id&quot;]&#10;warning: the following keywords are unknown and will be ignored: [$id, examples]&#10;    level: &quot;warning&quot;&#10;    schema: {&quot;loadingURI&quot;:&quot;#&quot;,&quot;pointer&quot;:&quot;/items/properties/category/properties/id&quot;}&#10;    domain: &quot;syntax&quot;&#10;    ignored: [&quot;$id&quot;,&quot;examples&quot;]&#10;warning: the following keywords are unknown and will be ignored: [$id, examples]&#10;    level: &quot;warning&quot;&#10;    schema: {&quot;loadingURI&quot;:&quot;#&quot;,&quot;pointer&quot;:&quot;/items/properties/category/properties/name&quot;}&#10;    domain: &quot;syntax&quot;&#10;    ignored: [&quot;$id&quot;,&quot;examples&quot;]&#10;warning: the following keywords are unknown and will be ignored: [$id, examples]&#10;    level: &quot;warning&quot;&#10;    schema: {&quot;loadingURI&quot;:&quot;#&quot;,&quot;pointer&quot;:&quot;/items/properties/category/properties/id&quot;}&#10;    domain: &quot;syntax&quot;&#10;    ignored: [&quot;$id&quot;,&quot;examples&quot;]&#10;warning: the following keywords are unknown and will be ignored: [$id, examples]&#10;    level: &quot;warning&quot;&#10;    schema: {&quot;loadingURI&quot;:&quot;#&quot;,&quot;pointer&quot;:&quot;/items/properties/category/properties/name&quot;}&#10;    domain: &quot;syntax&quot;&#10;    ignored: [&quot;$id&quot;,&quot;examples&quot;]&#10;warning: the following keywords are unknown and will be ignored: [$id, examples]&#10;    level: &quot;warning&quot;&#10;    schema: {&quot;loadingURI&quot;:&quot;#&quot;,&quot;pointer&quot;:&quot;/items/properties/id&quot;}&#10;    domain: &quot;syntax&quot;&#10;    ignored: [&quot;$id&quot;,&quot;examples&quot;]&#10;warning: the following keywords are unknown and will be ignored: [$id, examples]&#10;    level: &quot;warning&quot;&#10;    schema: {&quot;loadingURI&quot;:&quot;#&quot;,&quot;pointer&quot;:&quot;/items/properties/name&quot;}&#10;    domain: &quot;syntax&quot;&#10;    ignored: [&quot;$id&quot;,&quot;examples&quot;]&#10;warning: the following keywords are unknown and will be ignored: [$id]&#10;    level: &quot;warning&quot;&#10;    schema: {&quot;loadingURI&quot;:&quot;#&quot;,&quot;pointer&quot;:&quot;/items/properties/photoUrls&quot;}&#10;    domain: &quot;syntax&quot;&#10;    ignored: [&quot;$id&quot;]&#10;warning: the following keywords are unknown and will be ignored: [$id, examples]&#10;    level: &quot;warning&quot;&#10;    schema: {&quot;loadingURI&quot;:&quot;#&quot;,&quot;pointer&quot;:&quot;/items/properties/photoUrls/items&quot;}&#10;    domain: &quot;syntax&quot;&#10;    ignored: [&quot;$id&quot;,&quot;examples&quot;]&#10;warning: the following keywords are unknown and will be ignored: [$id, examples]&#10;    level: &quot;warning&quot;&#10;    schema: {&quot;loadingURI&quot;:&quot;#&quot;,&quot;pointer&quot;:&quot;/items/properties/photoUrls/items&quot;}&#10;    domain: &quot;syntax&quot;&#10;    ignored: [&quot;$id&quot;,&quot;examples&quot;]&#10;warning: the following keywords are unknown and will be ignored: [$id, examples]&#10;    level: &quot;warning&quot;&#10;    schema: {&quot;loadingURI&quot;:&quot;#&quot;,&quot;pointer&quot;:&quot;/items/properties/status&quot;}&#10;    domain: &quot;syntax&quot;&#10;    ignored: [&quot;$id&quot;,&quot;examples&quot;]&#10;warning: the following keywords are unknown and will be ignored: [$id]&#10;    level: &quot;warning&quot;&#10;    schema: {&quot;loadingURI&quot;:&quot;#&quot;,&quot;pointer&quot;:&quot;/items/properties/tags&quot;}&#10;    domain: &quot;syntax&quot;&#10;    ignored: [&quot;$id&quot;]&#10;warning: the following keywords are unknown and will be ignored: [$id]&#10;    level: &quot;warning&quot;&#10;    schema: {&quot;loadingURI&quot;:&quot;#&quot;,&quot;pointer&quot;:&quot;/items/properties/tags/items&quot;}&#10;    domain: &quot;syntax&quot;&#10;    ignored: [&quot;$id&quot;]&#10;warning: the following keywords are unknown and will be ignored: [$id, examples]&#10;    level: &quot;warning&quot;&#10;    schema: {&quot;loadingURI&quot;:&quot;#&quot;,&quot;pointer&quot;:&quot;/items/properties/tags/items/properties/id&quot;}&#10;    domain: &quot;syntax&quot;&#10;    ignored: [&quot;$id&quot;,&quot;examples&quot;]&#10;warning: the following keywords are unknown and will be ignored: [$id, examples]&#10;    level: &quot;warning&quot;&#10;    schema: {&quot;loadingURI&quot;:&quot;#&quot;,&quot;pointer&quot;:&quot;/items/properties/tags/items/properties/name&quot;}&#10;    domain: &quot;syntax&quot;&#10;    ignored: [&quot;$id&quot;,&quot;examples&quot;]&#10;warning: the following keywords are unknown and will be ignored: [$id]&#10;    level: &quot;warning&quot;&#10;    schema: {&quot;loadingURI&quot;:&quot;#&quot;,&quot;pointer&quot;:&quot;/items/properties/tags/items&quot;}&#10;    domain: &quot;syntax&quot;&#10;    ignored: [&quot;$id&quot;]&#10;warning: the following keywords are unknown and will be ignored: [$id, examples]&#10;    level: &quot;warning&quot;&#10;    schema: {&quot;loadingURI&quot;:&quot;#&quot;,&quot;pointer&quot;:&quot;/items/properties/tags/items/properties/id&quot;}&#10;    domain: &quot;syntax&quot;&#10;    ignored: [&quot;$id&quot;,&quot;examples&quot;]&#10;warning: the following keywords are unknown and will be ignored: [$id, examples]&#10;    level: &quot;warning&quot;&#10;    schema: {&quot;loadingURI&quot;:&quot;#&quot;,&quot;pointer&quot;:&quot;/items/properties/tags/items/properties/name&quot;}&#10;    domain: &quot;syntax&quot;&#10;    ignored: [&quot;$id&quot;,&quot;examples&quot;]&#10;warning: the following keywords are unknown and will be ignored: [$id, examples]&#10;    level: &quot;warning&quot;&#10;    schema: {&quot;loadingURI&quot;:&quot;#&quot;,&quot;pointer&quot;:&quot;/items/properties/tags/items/properties/id&quot;}&#10;    domain: &quot;syntax&quot;&#10;    ignored: [&quot;$id&quot;,&quot;examples&quot;]&#10;warning: the following keywords are unknown and will be ignored: [$id, examples]&#10;    level: &quot;warning&quot;&#10;    schema: {&quot;loadingURI&quot;:&quot;#&quot;,&quot;pointer&quot;:&quot;/items/properties/tags/items/properties/name&quot;}&#10;    domain: &quot;syntax&quot;&#10;    ignored: [&quot;$id&quot;,&quot;examples&quot;]&#10;warning: the following keywords are unknown and will be ignored: [$id]&#10;    level: &quot;warning&quot;&#10;    schema: {&quot;loadingURI&quot;:&quot;#&quot;,&quot;pointer&quot;:&quot;/items&quot;}&#10;    domain: &quot;syntax&quot;&#10;    ignored: [&quot;$id&quot;]&#10;warning: the following keywords are unknown and will be ignored: [$id]&#10;    level: &quot;warning&quot;&#10;    schema: {&quot;loadingURI&quot;:&quot;#&quot;,&quot;pointer&quot;:&quot;/items/properties/category&quot;}&#10;    domain: &quot;syntax&quot;&#10;    ignored: [&quot;$id&quot;]&#10;warning: the following keywords are unknown and will be ignored: [$id, examples]&#10;    level: &quot;warning&quot;&#10;    schema: {&quot;loadingURI&quot;:&quot;#&quot;,&quot;pointer&quot;:&quot;/items/properties/category/properties/id&quot;}&#10;    domain: &quot;syntax&quot;&#10;    ignored: [&quot;$id&quot;,&quot;examples&quot;]&#10;warning: the following keywords are unknown and will be ignored: [$id, examples]&#10;    level: &quot;warning&quot;&#10;    schema: {&quot;loadingURI&quot;:&quot;#&quot;,&quot;pointer&quot;:&quot;/items/properties/category/properties/name&quot;}&#10;    domain: &quot;syntax&quot;&#10;    ignored: [&quot;$id&quot;,&quot;examples&quot;]&#10;warning: the following keywords are unknown and will be ignored: [$id, examples]&#10;    level: &quot;warning&quot;&#10;    schema: {&quot;loadingURI&quot;:&quot;#&quot;,&quot;pointer&quot;:&quot;/items/properties/id&quot;}&#10;    domain: &quot;syntax&quot;&#10;    ignored: [&quot;$id&quot;,&quot;examples&quot;]&#10;warning: the following keywords are unknown and will be ignored: [$id, examples]&#10;    level: &quot;warning&quot;&#10;    schema: {&quot;loadingURI&quot;:&quot;#&quot;,&quot;pointer&quot;:&quot;/items/properties/name&quot;}&#10;    domain: &quot;syntax&quot;&#10;    ignored: [&quot;$id&quot;,&quot;examples&quot;]&#10;warning: the following keywords are unknown and will be ignored: [$id]&#10;    level: &quot;warning&quot;&#10;    schema: {&quot;loadingURI&quot;:&quot;#&quot;,&quot;pointer&quot;:&quot;/items/properties/photoUrls&quot;}&#10;    domain: &quot;syntax&quot;&#10;    ignored: [&quot;$id&quot;]&#10;warning: the following keywords are unknown and will be ignored: [$id, examples]&#10;    level: &quot;warning&quot;&#10;    schema: {&quot;loadingURI&quot;:&quot;#&quot;,&quot;pointer&quot;:&quot;/items/properties/photoUrls/items&quot;}&#10;    domain: &quot;syntax&quot;&#10;    ignored: [&quot;$id&quot;,&quot;examples&quot;]&#10;warning: the following keywords are unknown and will be ignored: [$id, examples]&#10;    level: &quot;warning&quot;&#10;    schema: {&quot;loadingURI&quot;:&quot;#&quot;,&quot;pointer&quot;:&quot;/items/properties/status&quot;}&#10;    domain: &quot;syntax&quot;&#10;    ignored: [&quot;$id&quot;,&quot;examples&quot;]&#10;warning: the following keywords are unknown and will be ignored: [$id]&#10;    level: &quot;warning&quot;&#10;    schema: {&quot;loadingURI&quot;:&quot;#&quot;,&quot;pointer&quot;:&quot;/items/properties/tags&quot;}&#10;    domain: &quot;syntax&quot;&#10;    ignored: [&quot;$id&quot;]&#10;warning: the following keywords are unknown and will be ignored: [$id]&#10;    level: &quot;warning&quot;&#10;    schema: {&quot;loadingURI&quot;:&quot;#&quot;,&quot;pointer&quot;:&quot;/items/properties/tags/items&quot;}&#10;    domain: &quot;syntax&quot;&#10;    ignored: [&quot;$id&quot;]&#10;warning: the following keywords are unknown and will be ignored: [$id, examples]&#10;    level: &quot;warning&quot;&#10;    schema: {&quot;loadingURI&quot;:&quot;#&quot;,&quot;pointer&quot;:&quot;/items/properties/tags/items/properties/id&quot;}&#10;    domain: &quot;syntax&quot;&#10;    ignored: [&quot;$id&quot;,&quot;examples&quot;]&#10;warning: the following keywords are unknown and will be ignored: [$id, examples]&#10;    level: &quot;warning&quot;&#10;    schema: {&quot;loadingURI&quot;:&quot;#&quot;,&quot;pointer&quot;:&quot;/items/properties/tags/items/properties/name&quot;}&#10;    domain: &quot;syntax&quot;&#10;    ignored: [&quot;$id&quot;,&quot;examples&quot;]&#10;warning: the following keywords are unknown and will be ignored: [$id]&#10;    level: &quot;warning&quot;&#10;    schema: {&quot;loadingURI&quot;:&quot;#&quot;,&quot;pointer&quot;:&quot;/items/properties/category&quot;}&#10;    domain: &quot;syntax&quot;&#10;    ignored: [&quot;$id&quot;]&#10;warning: the following keywords are unknown and will be ignored: [$id, examples]&#10;    level: &quot;warning&quot;&#10;    schema: {&quot;loadingURI&quot;:&quot;#&quot;,&quot;pointer&quot;:&quot;/items/properties/category/properties/id&quot;}&#10;    domain: &quot;syntax&quot;&#10;    ignored: [&quot;$id&quot;,&quot;examples&quot;]&#10;warning: the following keywords are unknown and will be ignored: [$id, examples]&#10;    level: &quot;warning&quot;&#10;    schema: {&quot;loadingURI&quot;:&quot;#&quot;,&quot;pointer&quot;:&quot;/items/properties/category/properties/name&quot;}&#10;    domain: &quot;syntax&quot;&#10;    ignored: [&quot;$id&quot;,&quot;examples&quot;]&#10;warning: the following keywords are unknown and will be ignored: [$id, examples]&#10;    level: &quot;warning&quot;&#10;    schema: {&quot;loadingURI&quot;:&quot;#&quot;,&quot;pointer&quot;:&quot;/items/properties/category/properties/id&quot;}&#10;    domain: &quot;syntax&quot;&#10;    ignored: [&quot;$id&quot;,&quot;examples&quot;]&#10;warning: the following keywords are unknown and will be ignored: [$id, examples]&#10;    level: &quot;warning&quot;&#10;    schema: {&quot;loadingURI&quot;:&quot;#&quot;,&quot;pointer&quot;:&quot;/items/properties/category/properties/name&quot;}&#10;    domain: &quot;syntax&quot;&#10;    ignored: [&quot;$id&quot;,&quot;examples&quot;]&#10;warning: the following keywords are unknown and will be ignored: [$id, examples]&#10;    level: &quot;warning&quot;&#10;    schema: {&quot;loadingURI&quot;:&quot;#&quot;,&quot;pointer&quot;:&quot;/items/properties/id&quot;}&#10;    domain: &quot;syntax&quot;&#10;    ignored: [&quot;$id&quot;,&quot;examples&quot;]&#10;warning: the following keywords are unknown and will be ignored: [$id, examples]&#10;    level: &quot;warning&quot;&#10;    schema: {&quot;loadingURI&quot;:&quot;#&quot;,&quot;pointer&quot;:&quot;/items/properties/name&quot;}&#10;    domain: &quot;syntax&quot;&#10;    ignored: [&quot;$id&quot;,&quot;examples&quot;]&#10;warning: the following keywords are unknown and will be ignored: [$id]&#10;    level: &quot;warning&quot;&#10;    schema: {&quot;loadingURI&quot;:&quot;#&quot;,&quot;pointer&quot;:&quot;/items/properties/photoUrls&quot;}&#10;    domain: &quot;syntax&quot;&#10;    ignored: [&quot;$id&quot;]&#10;warning: the following keywords are unknown and will be ignored: [$id, examples]&#10;    level: &quot;warning&quot;&#10;    schema: {&quot;loadingURI&quot;:&quot;#&quot;,&quot;pointer&quot;:&quot;/items/properties/photoUrls/items&quot;}&#10;    domain: &quot;syntax&quot;&#10;    ignored: [&quot;$id&quot;,&quot;examples&quot;]&#10;warning: the following keywords are unknown and will be ignored: [$id, examples]&#10;    level: &quot;warning&quot;&#10;    schema: {&quot;loadingURI&quot;:&quot;#&quot;,&quot;pointer&quot;:&quot;/items/properties/photoUrls/items&quot;}&#10;    domain: &quot;syntax&quot;&#10;    ignored: [&quot;$id&quot;,&quot;examples&quot;]&#10;warning: the following keywords are unknown and will be ignored: [$id, examples]&#10;    level: &quot;warning&quot;&#10;    schema: {&quot;loadingURI&quot;:&quot;#&quot;,&quot;pointer&quot;:&quot;/items/properties/status&quot;}&#10;    domain: &quot;syntax&quot;&#10;    ignored: [&quot;$id&quot;,&quot;examples&quot;]&#10;warning: the following keywords are unknown and will be ignored: [$id]&#10;    level: &quot;warning&quot;&#10;    schema: {&quot;loadingURI&quot;:&quot;#&quot;,&quot;pointer&quot;:&quot;/items/properties/tags&quot;}&#10;    domain: &quot;syntax&quot;&#10;    ignored: [&quot;$id&quot;]&#10;warning: the following keywords are unknown and will be ignored: [$id]&#10;    level: &quot;warning&quot;&#10;    schema: {&quot;loadingURI&quot;:&quot;#&quot;,&quot;pointer&quot;:&quot;/items/properties/tags/items&quot;}&#10;    domain: &quot;syntax&quot;&#10;    ignored: [&quot;$id&quot;]&#10;warning: the following keywords are unknown and will be ignored: [$id, examples]&#10;    level: &quot;warning&quot;&#10;    schema: {&quot;loadingURI&quot;:&quot;#&quot;,&quot;pointer&quot;:&quot;/items/properties/tags/items/properties/id&quot;}&#10;    domain: &quot;syntax&quot;&#10;    ignored: [&quot;$id&quot;,&quot;examples&quot;]&#10;warning: the following keywords are unknown and will be ignored: [$id, examples]&#10;    level: &quot;warning&quot;&#10;    schema: {&quot;loadingURI&quot;:&quot;#&quot;,&quot;pointer&quot;:&quot;/items/properties/tags/items/properties/name&quot;}&#10;    domain: &quot;syntax&quot;&#10;    ignored: [&quot;$id&quot;,&quot;examples&quot;]&#10;warning: the following keywords are unknown and will be ignored: [$id]&#10;    level: &quot;warning&quot;&#10;    schema: {&quot;loadingURI&quot;:&quot;#&quot;,&quot;pointer&quot;:&quot;/items/properties/tags/items&quot;}&#10;    domain: &quot;syntax&quot;&#10;    ignored: [&quot;$id&quot;]&#10;warning: the following keywords are unknown and will be ignored: [$id, examples]&#10;    level: &quot;warning&quot;&#10;    schema: {&quot;loadingURI&quot;:&quot;#&quot;,&quot;pointer&quot;:&quot;/items/properties/tags/items/properties/id&quot;}&#10;    domain: &quot;syntax&quot;&#10;    ignored: [&quot;$id&quot;,&quot;examples&quot;]&#10;warning: the following keywords are unknown and will be ignored: [$id, examples]&#10;    level: &quot;warning&quot;&#10;    schema: {&quot;loadingURI&quot;:&quot;#&quot;,&quot;pointer&quot;:&quot;/items/properties/tags/items/properties/name&quot;}&#10;    domain: &quot;syntax&quot;&#10;    ignored: [&quot;$id&quot;,&quot;examples&quot;]&#10;warning: the following keywords are unknown and will be ignored: [$id, examples]&#10;    level: &quot;warning&quot;&#10;    schema: {&quot;loadingURI&quot;:&quot;#&quot;,&quot;pointer&quot;:&quot;/items/properties/tags/items/properties/id&quot;}&#10;    domain: &quot;syntax&quot;&#10;    ignored: [&quot;$id&quot;,&quot;examples&quot;]&#10;warning: the following keywords are unknown and will be ignored: [$id, examples]&#10;    level: &quot;warning&quot;&#10;    schema: {&quot;loadingURI&quot;:&quot;#&quot;,&quot;pointer&quot;:&quot;/items/properties/tags/items/properties/name&quot;}&#10;    domain: &quot;syntax&quot;&#10;    ignored: [&quot;$id&quot;,&quot;examples&quot;]&#10;warning: the following keywords are unknown and will be ignored: [$id]&#10;    level: &quot;warning&quot;&#10;    schema: {&quot;loadingURI&quot;:&quot;#&quot;,&quot;pointer&quot;:&quot;/items&quot;}&#10;    domain: &quot;syntax&quot;&#10;    ignored: [&quot;$id&quot;]&#10;warning: the following keywords are unknown and will be ignored: [$id]&#10;    level: &quot;warning&quot;&#10;    schema: {&quot;loadingURI&quot;:&quot;#&quot;,&quot;pointer&quot;:&quot;/items/properties/category&quot;}&#10;    domain: &quot;syntax&quot;&#10;    ignored: [&quot;$id&quot;]&#10;warning: the following keywords are unknown and will be ignored: [$id, examples]&#10;    level: &quot;warning&quot;&#10;    schema: {&quot;loadingURI&quot;:&quot;#&quot;,&quot;pointer&quot;:&quot;/items/properties/category/properties/id&quot;}&#10;    domain: &quot;syntax&quot;&#10;    ignored: [&quot;$id&quot;,&quot;examples&quot;]&#10;warning: the following keywords are unknown and will be ignored: [$id, examples]&#10;    level: &quot;warning&quot;&#10;    schema: {&quot;loadingURI&quot;:&quot;#&quot;,&quot;pointer&quot;:&quot;/items/properties/category/properties/name&quot;}&#10;    domain: &quot;syntax&quot;&#10;    ignored: [&quot;$id&quot;,&quot;examples&quot;]&#10;warning: the following keywords are unknown and will be ignored: [$id, examples]&#10;    level: &quot;warning&quot;&#10;    schema: {&quot;loadingURI&quot;:&quot;#&quot;,&quot;pointer&quot;:&quot;/items/properties/id&quot;}&#10;    domain: &quot;syntax&quot;&#10;    ignored: [&quot;$id&quot;,&quot;examples&quot;]&#10;warning: the following keywords are unknown and will be ignored: [$id, examples]&#10;    level: &quot;warning&quot;&#10;    schema: {&quot;loadingURI&quot;:&quot;#&quot;,&quot;pointer&quot;:&quot;/items/properties/name&quot;}&#10;    domain: &quot;syntax&quot;&#10;    ignored: [&quot;$id&quot;,&quot;examples&quot;]&#10;warning: the following keywords are unknown and will be ignored: [$id]&#10;    level: &quot;warning&quot;&#10;    schema: {&quot;loadingURI&quot;:&quot;#&quot;,&quot;pointer&quot;:&quot;/items/properties/photoUrls&quot;}&#10;    domain: &quot;syntax&quot;&#10;    ignored: [&quot;$id&quot;]&#10;warning: the following keywords are unknown and will be ignored: [$id, examples]&#10;    level: &quot;warning&quot;&#10;    schema: {&quot;loadingURI&quot;:&quot;#&quot;,&quot;pointer&quot;:&quot;/items/properties/photoUrls/items&quot;}&#10;    domain: &quot;syntax&quot;&#10;    ignored: [&quot;$id&quot;,&quot;examples&quot;]&#10;warning: the following keywords are unknown and will be ignored: [$id, examples]&#10;    level: &quot;warning&quot;&#10;    schema: {&quot;loadingURI&quot;:&quot;#&quot;,&quot;pointer&quot;:&quot;/items/properties/status&quot;}&#10;    domain: &quot;syntax&quot;&#10;    ignored: [&quot;$id&quot;,&quot;examples&quot;]&#10;warning: the following keywords are unknown and will be ignored: [$id]&#10;    level: &quot;warning&quot;&#10;    schema: {&quot;loadingURI&quot;:&quot;#&quot;,&quot;pointer&quot;:&quot;/items/properties/tags&quot;}&#10;    domain: &quot;syntax&quot;&#10;    ignored: [&quot;$id&quot;]&#10;warning: the following keywords are unknown and will be ignored: [$id]&#10;    level: &quot;warning&quot;&#10;    schema: {&quot;loadingURI&quot;:&quot;#&quot;,&quot;pointer&quot;:&quot;/items/properties/tags/items&quot;}&#10;    domain: &quot;syntax&quot;&#10;    ignored: [&quot;$id&quot;]&#10;warning: the following keywords are unknown and will be ignored: [$id, examples]&#10;    level: &quot;warning&quot;&#10;    schema: {&quot;loadingURI&quot;:&quot;#&quot;,&quot;pointer&quot;:&quot;/items/properties/tags/items/properties/id&quot;}&#10;    domain: &quot;syntax&quot;&#10;    ignored: [&quot;$id&quot;,&quot;examples&quot;]&#10;warning: the following keywords are unknown and will be ignored: [$id, examples]&#10;    level: &quot;warning&quot;&#10;    schema: {&quot;loadingURI&quot;:&quot;#&quot;,&quot;pointer&quot;:&quot;/items/properties/tags/items/properties/name&quot;}&#10;    domain: &quot;syntax&quot;&#10;    ignored: [&quot;$id&quot;,&quot;examples&quot;]&#10;warning: the following keywords are unknown and will be ignored: [$id]&#10;    level: &quot;warning&quot;&#10;    schema: {&quot;loadingURI&quot;:&quot;#&quot;,&quot;pointer&quot;:&quot;/items/properties/category&quot;}&#10;    domain: &quot;syntax&quot;&#10;    ignored: [&quot;$id&quot;]&#10;warning: the following keywords are unknown and will be ignored: [$id, examples]&#10;    level: &quot;warning&quot;&#10;    schema: {&quot;loadingURI&quot;:&quot;#&quot;,&quot;pointer&quot;:&quot;/items/properties/category/properties/id&quot;}&#10;    domain: &quot;syntax&quot;&#10;    ignored: [&quot;$id&quot;,&quot;examples&quot;]&#10;warning: the following keywords are unknown and will be ignored: [$id, examples]&#10;    level: &quot;warning&quot;&#10;    schema: {&quot;loadingURI&quot;:&quot;#&quot;,&quot;pointer&quot;:&quot;/items/properties/category/properties/name&quot;}&#10;    domain: &quot;syntax&quot;&#10;    ignored: [&quot;$id&quot;,&quot;examples&quot;]&#10;warning: the following keywords are unknown and will be ignored: [$id, examples]&#10;    level: &quot;warning&quot;&#10;    schema: {&quot;loadingURI&quot;:&quot;#&quot;,&quot;pointer&quot;:&quot;/items/properties/category/properties/id&quot;}&#10;    domain: &quot;syntax&quot;&#10;    ignored: [&quot;$id&quot;,&quot;examples&quot;]&#10;warning: the following keywords are unknown and will be ignored: [$id, examples]&#10;    level: &quot;warning&quot;&#10;    schema: {&quot;loadingURI&quot;:&quot;#&quot;,&quot;pointer&quot;:&quot;/items/properties/category/properties/name&quot;}&#10;    domain: &quot;syntax&quot;&#10;    ignored: [&quot;$id&quot;,&quot;examples&quot;]&#10;warning: the following keywords are unknown and will be ignored: [$id, examples]&#10;    level: &quot;warning&quot;&#10;    schema: {&quot;loadingURI&quot;:&quot;#&quot;,&quot;pointer&quot;:&quot;/items/properties/id&quot;}&#10;    domain: &quot;syntax&quot;&#10;    ignored: [&quot;$id&quot;,&quot;examples&quot;]&#10;warning: the following keywords are unknown and will be ignored: [$id, examples]&#10;    level: &quot;warning&quot;&#10;    schema: {&quot;loadingURI&quot;:&quot;#&quot;,&quot;pointer&quot;:&quot;/items/properties/name&quot;}&#10;    domain: &quot;syntax&quot;&#10;    ignored: [&quot;$id&quot;,&quot;examples&quot;]&#10;warning: the following keywords are unknown and will be ignored: [$id]&#10;    level: &quot;warning&quot;&#10;    schema: {&quot;loadingURI&quot;:&quot;#&quot;,&quot;pointer&quot;:&quot;/items/properties/photoUrls&quot;}&#10;    domain: &quot;syntax&quot;&#10;    ignored: [&quot;$id&quot;]&#10;warning: the following keywords are unknown and will be ignored: [$id, examples]&#10;    level: &quot;warning&quot;&#10;    schema: {&quot;loadingURI&quot;:&quot;#&quot;,&quot;pointer&quot;:&quot;/items/properties/photoUrls/items&quot;}&#10;    domain: &quot;syntax&quot;&#10;    ignored: [&quot;$id&quot;,&quot;examples&quot;]&#10;warning: the following keywords are unknown and will be ignored: [$id, examples]&#10;    level: &quot;warning&quot;&#10;    schema: {&quot;loadingURI&quot;:&quot;#&quot;,&quot;pointer&quot;:&quot;/items/properties/photoUrls/items&quot;}&#10;    domain: &quot;syntax&quot;&#10;    ignored: [&quot;$id&quot;,&quot;examples&quot;]&#10;warning: the following keywords are unknown and will be ignored: [$id, examples]&#10;    level: &quot;warning&quot;&#10;    schema: {&quot;loadingURI&quot;:&quot;#&quot;,&quot;pointer&quot;:&quot;/items/properties/status&quot;}&#10;    domain: &quot;syntax&quot;&#10;    ignored: [&quot;$id&quot;,&quot;examples&quot;]&#10;warning: the following keywords are unknown and will be ignored: [$id]&#10;    level: &quot;warning&quot;&#10;    schema: {&quot;loadingURI&quot;:&quot;#&quot;,&quot;pointer&quot;:&quot;/items/properties/tags&quot;}&#10;    domain: &quot;syntax&quot;&#10;    ignored: [&quot;$id&quot;]&#10;warning: the following keywords are unknown and will be ignored: [$id]&#10;    level: &quot;warning&quot;&#10;    schema: {&quot;loadingURI&quot;:&quot;#&quot;,&quot;pointer&quot;:&quot;/items/properties/tags/items&quot;}&#10;    domain: &quot;syntax&quot;&#10;    ignored: [&quot;$id&quot;]&#10;warning: the following keywords are unknown and will be ignored: [$id, examples]&#10;    level: &quot;warning&quot;&#10;    schema: {&quot;loadingURI&quot;:&quot;#&quot;,&quot;pointer&quot;:&quot;/items/properties/tags/items/properties/id&quot;}&#10;    domain: &quot;syntax&quot;&#10;    ignored: [&quot;$id&quot;,&quot;examples&quot;]&#10;warning: the following keywords are unknown and will be ignored: [$id, examples]&#10;    level: &quot;warning&quot;&#10;    schema: {&quot;loadingURI&quot;:&quot;#&quot;,&quot;pointer&quot;:&quot;/items/properties/tags/items/properties/name&quot;}&#10;    domain: &quot;syntax&quot;&#10;    ignored: [&quot;$id&quot;,&quot;examples&quot;]&#10;warning: the following keywords are unknown and will be ignored: [$id]&#10;    level: &quot;warning&quot;&#10;    schema: {&quot;loadingURI&quot;:&quot;#&quot;,&quot;pointer&quot;:&quot;/items/properties/tags/items&quot;}&#10;    domain: &quot;syntax&quot;&#10;    ignored: [&quot;$id&quot;]&#10;warning: the following keywords are unknown and will be ignored: [$id, examples]&#10;    level: &quot;warning&quot;&#10;    schema: {&quot;loadingURI&quot;:&quot;#&quot;,&quot;pointer&quot;:&quot;/items/properties/tags/items/properties/id&quot;}&#10;    domain: &quot;syntax&quot;&#10;    ignored: [&quot;$id&quot;,&quot;examples&quot;]&#10;warning: the following keywords are unknown and will be ignored: [$id, examples]&#10;    level: &quot;warning&quot;&#10;    schema: {&quot;loadingURI&quot;:&quot;#&quot;,&quot;pointer&quot;:&quot;/items/properties/tags/items/properties/name&quot;}&#10;    domain: &quot;syntax&quot;&#10;    ignored: [&quot;$id&quot;,&quot;examples&quot;]&#10;warning: the following keywords are unknown and will be ignored: [$id, examples]&#10;    level: &quot;warning&quot;&#10;    schema: {&quot;loadingURI&quot;:&quot;#&quot;,&quot;pointer&quot;:&quot;/items/properties/tags/items/properties/id&quot;}&#10;    domain: &quot;syntax&quot;&#10;    ignored: [&quot;$id&quot;,&quot;examples&quot;]&#10;warning: the following keywords are unknown and will be ignored: [$id, examples]&#10;    level: &quot;warning&quot;&#10;    schema: {&quot;loadingURI&quot;:&quot;#&quot;,&quot;pointer&quot;:&quot;/items/properties/tags/items/properties/name&quot;}&#10;    domain: &quot;syntax&quot;&#10;    ignored: [&quot;$id&quot;,&quot;examples&quot;]&#10;warning: the following keywords are unknown and will be ignored: [$id]&#10;    level: &quot;warning&quot;&#10;    schema: {&quot;loadingURI&quot;:&quot;#&quot;,&quot;pointer&quot;:&quot;/items&quot;}&#10;    domain: &quot;syntax&quot;&#10;    ignored: [&quot;$id&quot;]&#10;warning: the following keywords are unknown and will be ignored: [$id]&#10;    level: &quot;warning&quot;&#10;    schema: {&quot;loadingURI&quot;:&quot;#&quot;,&quot;pointer&quot;:&quot;/items/properties/category&quot;}&#10;    domain: &quot;syntax&quot;&#10;    ignored: [&quot;$id&quot;]&#10;warning: the following keywords are unknown and will be ignored: [$id, examples]&#10;    level: &quot;warning&quot;&#10;    schema: {&quot;loadingURI&quot;:&quot;#&quot;,&quot;pointer&quot;:&quot;/items/properties/category/properties/id&quot;}&#10;    domain: &quot;syntax&quot;&#10;    ignored: [&quot;$id&quot;,&quot;examples&quot;]&#10;warning: the following keywords are unknown and will be ignored: [$id, examples]&#10;    level: &quot;warning&quot;&#10;    schema: {&quot;loadingURI&quot;:&quot;#&quot;,&quot;pointer&quot;:&quot;/items/properties/category/properties/name&quot;}&#10;    domain: &quot;syntax&quot;&#10;    ignored: [&quot;$id&quot;,&quot;examples&quot;]&#10;warning: the following keywords are unknown and will be ignored: [$id, examples]&#10;    level: &quot;warning&quot;&#10;    schema: {&quot;loadingURI&quot;:&quot;#&quot;,&quot;pointer&quot;:&quot;/items/properties/id&quot;}&#10;    domain: &quot;syntax&quot;&#10;    ignored: [&quot;$id&quot;,&quot;examples&quot;]&#10;warning: the following keywords are unknown and will be ignored: [$id, examples]&#10;    level: &quot;warning&quot;&#10;    schema: {&quot;loadingURI&quot;:&quot;#&quot;,&quot;pointer&quot;:&quot;/items/properties/name&quot;}&#10;    domain: &quot;syntax&quot;&#10;    ignored: [&quot;$id&quot;,&quot;examples&quot;]&#10;warning: the following keywords are unknown and will be ignored: [$id]&#10;    level: &quot;warning&quot;&#10;    schema: {&quot;loadingURI&quot;:&quot;#&quot;,&quot;pointer&quot;:&quot;/items/properties/photoUrls&quot;}&#10;    domain: &quot;syntax&quot;&#10;    ignored: [&quot;$id&quot;]&#10;warning: the following keywords are unknown and will be ignored: [$id, examples]&#10;    level: &quot;warning&quot;&#10;    schema: {&quot;loadingURI&quot;:&quot;#&quot;,&quot;pointer&quot;:&quot;/items/properties/photoUrls/items&quot;}&#10;    domain: &quot;syntax&quot;&#10;    ignored: [&quot;$id&quot;,&quot;examples&quot;]&#10;warning: the following keywords are unknown and will be ignored: [$id, examples]&#10;    level: &quot;warning&quot;&#10;    schema: {&quot;loadingURI&quot;:&quot;#&quot;,&quot;pointer&quot;:&quot;/items/properties/status&quot;}&#10;    domain: &quot;syntax&quot;&#10;    ignored: [&quot;$id&quot;,&quot;examples&quot;]&#10;warning: the following keywords are unknown and will be ignored: [$id]&#10;    level: &quot;warning&quot;&#10;    schema: {&quot;loadingURI&quot;:&quot;#&quot;,&quot;pointer&quot;:&quot;/items/properties/tags&quot;}&#10;    domain: &quot;syntax&quot;&#10;    ignored: [&quot;$id&quot;]&#10;warning: the following keywords are unknown and will be ignored: [$id]&#10;    level: &quot;warning&quot;&#10;    schema: {&quot;loadingURI&quot;:&quot;#&quot;,&quot;pointer&quot;:&quot;/items/properties/tags/items&quot;}&#10;    domain: &quot;syntax&quot;&#10;    ignored: [&quot;$id&quot;]&#10;warning: the following keywords are unknown and will be ignored: [$id, examples]&#10;    level: &quot;warning&quot;&#10;    schema: {&quot;loadingURI&quot;:&quot;#&quot;,&quot;pointer&quot;:&quot;/items/properties/tags/items/properties/id&quot;}&#10;    domain: &quot;syntax&quot;&#10;    ignored: [&quot;$id&quot;,&quot;examples&quot;]&#10;warning: the following keywords are unknown and will be ignored: [$id, examples]&#10;    level: &quot;warning&quot;&#10;    schema: {&quot;loadingURI&quot;:&quot;#&quot;,&quot;pointer&quot;:&quot;/items/properties/tags/items/properties/name&quot;}&#10;    domain: &quot;syntax&quot;&#10;    ignored: [&quot;$id&quot;,&quot;examples&quot;]&#10;warning: the following keywords are unknown and will be ignored: [$id]&#10;    level: &quot;warning&quot;&#10;    schema: {&quot;loadingURI&quot;:&quot;#&quot;,&quot;pointer&quot;:&quot;/items/properties/category&quot;}&#10;    domain: &quot;syntax&quot;&#10;    ignored: [&quot;$id&quot;]&#10;warning: the following keywords are unknown and will be ignored: [$id, examples]&#10;    level: &quot;warning&quot;&#10;    schema: {&quot;loadingURI&quot;:&quot;#&quot;,&quot;pointer&quot;:&quot;/items/properties/category/properties/id&quot;}&#10;    domain: &quot;syntax&quot;&#10;    ignored: [&quot;$id&quot;,&quot;examples&quot;]&#10;warning: the following keywords are unknown and will be ignored: [$id, examples]&#10;    level: &quot;warning&quot;&#10;    schema: {&quot;loadingURI&quot;:&quot;#&quot;,&quot;pointer&quot;:&quot;/items/properties/category/properties/name&quot;}&#10;    domain: &quot;syntax&quot;&#10;    ignored: [&quot;$id&quot;,&quot;examples&quot;]&#10;warning: the following keywords are unknown and will be ignored: [$id, examples]&#10;    level: &quot;warning&quot;&#10;    schema: {&quot;loadingURI&quot;:&quot;#&quot;,&quot;pointer&quot;:&quot;/items/properties/category/properties/id&quot;}&#10;    domain: &quot;syntax&quot;&#10;    ignored: [&quot;$id&quot;,&quot;examples&quot;]&#10;warning: the following keywords are unknown and will be ignored: [$id, examples]&#10;    level: &quot;warning&quot;&#10;    schema: {&quot;loadingURI&quot;:&quot;#&quot;,&quot;pointer&quot;:&quot;/items/properties/category/properties/name&quot;}&#10;    domain: &quot;syntax&quot;&#10;    ignored: [&quot;$id&quot;,&quot;examples&quot;]&#10;warning: the following keywords are unknown and will be ignored: [$id, examples]&#10;    level: &quot;warning&quot;&#10;    schema: {&quot;loadingURI&quot;:&quot;#&quot;,&quot;pointer&quot;:&quot;/items/properties/id&quot;}&#10;    domain: &quot;syntax&quot;&#10;    ignored: [&quot;$id&quot;,&quot;examples&quot;]&#10;warning: the following keywords are unknown and will be ignored: [$id, examples]&#10;    level: &quot;warning&quot;&#10;    schema: {&quot;loadingURI&quot;:&quot;#&quot;,&quot;pointer&quot;:&quot;/items/properties/name&quot;}&#10;    domain: &quot;syntax&quot;&#10;    ignored: [&quot;$id&quot;,&quot;examples&quot;]&#10;warning: the following keywords are unknown and will be ignored: [$id]&#10;    level: &quot;warning&quot;&#10;    schema: {&quot;loadingURI&quot;:&quot;#&quot;,&quot;pointer&quot;:&quot;/items/properties/photoUrls&quot;}&#10;    domain: &quot;syntax&quot;&#10;    ignored: [&quot;$id&quot;]&#10;warning: the following keywords are unknown and will be ignored: [$id, examples]&#10;    level: &quot;warning&quot;&#10;    schema: {&quot;loadingURI&quot;:&quot;#&quot;,&quot;pointer&quot;:&quot;/items/properties/photoUrls/items&quot;}&#10;    domain: &quot;syntax&quot;&#10;    ignored: [&quot;$id&quot;,&quot;examples&quot;]&#10;warning: the following keywords are unknown and will be ignored: [$id, examples]&#10;    level: &quot;warning&quot;&#10;    schema: {&quot;loadingURI&quot;:&quot;#&quot;,&quot;pointer&quot;:&quot;/items/properties/photoUrls/items&quot;}&#10;    domain: &quot;syntax&quot;&#10;    ignored: [&quot;$id&quot;,&quot;examples&quot;]&#10;warning: the following keywords are unknown and will be ignored: [$id, examples]&#10;    level: &quot;warning&quot;&#10;    schema: {&quot;loadingURI&quot;:&quot;#&quot;,&quot;pointer&quot;:&quot;/items/properties/status&quot;}&#10;    domain: &quot;syntax&quot;&#10;    ignored: [&quot;$id&quot;,&quot;examples&quot;]&#10;warning: the following keywords are unknown and will be ignored: [$id]&#10;    level: &quot;warning&quot;&#10;    schema: {&quot;loadingURI&quot;:&quot;#&quot;,&quot;pointer&quot;:&quot;/items/properties/tags&quot;}&#10;    domain: &quot;syntax&quot;&#10;    ignored: [&quot;$id&quot;]&#10;warning: the following keywords are unknown and will be ignored: [$id]&#10;    level: &quot;warning&quot;&#10;    schema: {&quot;loadingURI&quot;:&quot;#&quot;,&quot;pointer&quot;:&quot;/items/properties/tags/items&quot;}&#10;    domain: &quot;syntax&quot;&#10;    ignored: [&quot;$id&quot;]&#10;warning: the following keywords are unknown and will be ignored: [$id, examples]&#10;    level: &quot;warning&quot;&#10;    schema: {&quot;loadingURI&quot;:&quot;#&quot;,&quot;pointer&quot;:&quot;/items/properties/tags/items/properties/id&quot;}&#10;    domain: &quot;syntax&quot;&#10;    ignored: [&quot;$id&quot;,&quot;examples&quot;]&#10;warning: the following keywords are unknown and will be ignored: [$id, examples]&#10;    level: &quot;warning&quot;&#10;    schema: {&quot;loadingURI&quot;:&quot;#&quot;,&quot;pointer&quot;:&quot;/items/properties/tags/items/properties/name&quot;}&#10;    domain: &quot;syntax&quot;&#10;    ignored: [&quot;$id&quot;,&quot;examples&quot;]&#10;warning: the following keywords are unknown and will be ignored: [$id]&#10;    level: &quot;warning&quot;&#10;    schema: {&quot;loadingURI&quot;:&quot;#&quot;,&quot;pointer&quot;:&quot;/items/properties/tags/items&quot;}&#10;    domain: &quot;syntax&quot;&#10;    ignored: [&quot;$id&quot;]&#10;warning: the following keywords are unknown and will be ignored: [$id, examples]&#10;    level: &quot;warning&quot;&#10;    schema: {&quot;loadingURI&quot;:&quot;#&quot;,&quot;pointer&quot;:&quot;/items/properties/tags/items/properties/id&quot;}&#10;    domain: &quot;syntax&quot;&#10;    ignored: [&quot;$id&quot;,&quot;examples&quot;]&#10;warning: the following keywords are unknown and will be ignored: [$id, examples]&#10;    level: &quot;warning&quot;&#10;    schema: {&quot;loadingURI&quot;:&quot;#&quot;,&quot;pointer&quot;:&quot;/items/properties/tags/items/properties/name&quot;}&#10;    domain: &quot;syntax&quot;&#10;    ignored: [&quot;$id&quot;,&quot;examples&quot;]&#10;warning: the following keywords are unknown and will be ignored: [$id, examples]&#10;    level: &quot;warning&quot;&#10;    schema: {&quot;loadingURI&quot;:&quot;#&quot;,&quot;pointer&quot;:&quot;/items/properties/tags/items/properties/id&quot;}&#10;    domain: &quot;syntax&quot;&#10;    ignored: [&quot;$id&quot;,&quot;examples&quot;]&#10;warning: the following keywords are unknown and will be ignored: [$id, examples]&#10;    level: &quot;warning&quot;&#10;    schema: {&quot;loadingURI&quot;:&quot;#&quot;,&quot;pointer&quot;:&quot;/items/properties/tags/items/properties/name&quot;}&#10;    domain: &quot;syntax&quot;&#10;    ignored: [&quot;$id&quot;,&quot;examples&quot;]&#10;warning: the following keywords are unknown and will be ignored: [$id]&#10;    level: &quot;warning&quot;&#10;    schema: {&quot;loadingURI&quot;:&quot;#&quot;,&quot;pointer&quot;:&quot;/items&quot;}&#10;    domain: &quot;syntax&quot;&#10;    ignored: [&quot;$id&quot;]&#10;warning: the following keywords are unknown and will be ignored: [$id]&#10;    level: &quot;warning&quot;&#10;    schema: {&quot;loadingURI&quot;:&quot;#&quot;,&quot;pointer&quot;:&quot;/items/properties/category&quot;}&#10;    domain: &quot;syntax&quot;&#10;    ignored: [&quot;$id&quot;]&#10;warning: the following keywords are unknown and will be ignored: [$id, examples]&#10;    level: &quot;warning&quot;&#10;    schema: {&quot;loadingURI&quot;:&quot;#&quot;,&quot;pointer&quot;:&quot;/items/properties/category/properties/id&quot;}&#10;    domain: &quot;syntax&quot;&#10;    ignored: [&quot;$id&quot;,&quot;examples&quot;]&#10;warning: the following keywords are unknown and will be ignored: [$id, examples]&#10;    level: &quot;warning&quot;&#10;    schema: {&quot;loadingURI&quot;:&quot;#&quot;,&quot;pointer&quot;:&quot;/items/properties/category/properties/name&quot;}&#10;    domain: &quot;syntax&quot;&#10;    ignored: [&quot;$id&quot;,&quot;examples&quot;]&#10;warning: the following keywords are unknown and will be ignored: [$id, examples]&#10;    level: &quot;warning&quot;&#10;    schema: {&quot;loadingURI&quot;:&quot;#&quot;,&quot;pointer&quot;:&quot;/items/properties/id&quot;}&#10;    domain: &quot;syntax&quot;&#10;    ignored: [&quot;$id&quot;,&quot;examples&quot;]&#10;warning: the following keywords are unknown and will be ignored: [$id, examples]&#10;    level: &quot;warning&quot;&#10;    schema: {&quot;loadingURI&quot;:&quot;#&quot;,&quot;pointer&quot;:&quot;/items/properties/name&quot;}&#10;    domain: &quot;syntax&quot;&#10;    ignored: [&quot;$id&quot;,&quot;examples&quot;]&#10;warning: the following keywords are unknown and will be ignored: [$id]&#10;    level: &quot;warning&quot;&#10;    schema: {&quot;loadingURI&quot;:&quot;#&quot;,&quot;pointer&quot;:&quot;/items/properties/photoUrls&quot;}&#10;    domain: &quot;syntax&quot;&#10;    ignored: [&quot;$id&quot;]&#10;warning: the following keywords are unknown and will be ignored: [$id, examples]&#10;    level: &quot;warning&quot;&#10;    schema: {&quot;loadingURI&quot;:&quot;#&quot;,&quot;pointer&quot;:&quot;/items/properties/photoUrls/items&quot;}&#10;    domain: &quot;syntax&quot;&#10;    ignored: [&quot;$id&quot;,&quot;examples&quot;]&#10;warning: the following keywords are unknown and will be ignored: [$id, examples]&#10;    level: &quot;warning&quot;&#10;    schema: {&quot;loadingURI&quot;:&quot;#&quot;,&quot;pointer&quot;:&quot;/items/properties/status&quot;}&#10;    domain: &quot;syntax&quot;&#10;    ignored: [&quot;$id&quot;,&quot;examples&quot;]&#10;warning: the following keywords are unknown and will be ignored: [$id]&#10;    level: &quot;warning&quot;&#10;    schema: {&quot;loadingURI&quot;:&quot;#&quot;,&quot;pointer&quot;:&quot;/items/properties/tags&quot;}&#10;    domain: &quot;syntax&quot;&#10;    ignored: [&quot;$id&quot;]&#10;warning: the following keywords are unknown and will be ignored: [$id]&#10;    level: &quot;warning&quot;&#10;    schema: {&quot;loadingURI&quot;:&quot;#&quot;,&quot;pointer&quot;:&quot;/items/properties/tags/items&quot;}&#10;    domain: &quot;syntax&quot;&#10;    ignored: [&quot;$id&quot;]&#10;warning: the following keywords are unknown and will be ignored: [$id, examples]&#10;    level: &quot;warning&quot;&#10;    schema: {&quot;loadingURI&quot;:&quot;#&quot;,&quot;pointer&quot;:&quot;/items/properties/tags/items/properties/id&quot;}&#10;    domain: &quot;syntax&quot;&#10;    ignored: [&quot;$id&quot;,&quot;examples&quot;]&#10;warning: the following keywords are unknown and will be ignored: [$id, examples]&#10;    level: &quot;warning&quot;&#10;    schema: {&quot;loadingURI&quot;:&quot;#&quot;,&quot;pointer&quot;:&quot;/items/properties/tags/items/properties/name&quot;}&#10;    domain: &quot;syntax&quot;&#10;    ignored: [&quot;$id&quot;,&quot;examples&quot;]&#10;warning: the following keywords are unknown and will be ignored: [$id]&#10;    level: &quot;warning&quot;&#10;    schema: {&quot;loadingURI&quot;:&quot;#&quot;,&quot;pointer&quot;:&quot;/items/properties/category&quot;}&#10;    domain: &quot;syntax&quot;&#10;    ignored: [&quot;$id&quot;]&#10;warning: the following keywords are unknown and will be ignored: [$id, examples]&#10;    level: &quot;warning&quot;&#10;    schema: {&quot;loadingURI&quot;:&quot;#&quot;,&quot;pointer&quot;:&quot;/items/properties/category/properties/id&quot;}&#10;    domain: &quot;syntax&quot;&#10;    ignored: [&quot;$id&quot;,&quot;examples&quot;]&#10;warning: the following keywords are unknown and will be ignored: [$id, examples]&#10;    level: &quot;warning&quot;&#10;    schema: {&quot;loadingURI&quot;:&quot;#&quot;,&quot;pointer&quot;:&quot;/items/properties/category/properties/name&quot;}&#10;    domain: &quot;syntax&quot;&#10;    ignored: [&quot;$id&quot;,&quot;examples&quot;]&#10;warning: the following keywords are unknown and will be ignored: [$id, examples]&#10;    level: &quot;warning&quot;&#10;    schema: {&quot;loadingURI&quot;:&quot;#&quot;,&quot;pointer&quot;:&quot;/items/properties/category/properties/id&quot;}&#10;    domain: &quot;syntax&quot;&#10;    ignored: [&quot;$id&quot;,&quot;examples&quot;]&#10;warning: the following keywords are unknown and will be ignored: [$id, examples]&#10;    level: &quot;warning&quot;&#10;    schema: {&quot;loadingURI&quot;:&quot;#&quot;,&quot;pointer&quot;:&quot;/items/properties/category/properties/name&quot;}&#10;    domain: &quot;syntax&quot;&#10;    ignored: [&quot;$id&quot;,&quot;examples&quot;]&#10;warning: the following keywords are unknown and will be ignored: [$id, examples]&#10;    level: &quot;warning&quot;&#10;    schema: {&quot;loadingURI&quot;:&quot;#&quot;,&quot;pointer&quot;:&quot;/items/properties/id&quot;}&#10;    domain: &quot;syntax&quot;&#10;    ignored: [&quot;$id&quot;,&quot;examples&quot;]&#10;warning: the following keywords are unknown and will be ignored: [$id, examples]&#10;    level: &quot;warning&quot;&#10;    schema: {&quot;loadingURI&quot;:&quot;#&quot;,&quot;pointer&quot;:&quot;/items/properties/name&quot;}&#10;    domain: &quot;syntax&quot;&#10;    ignored: [&quot;$id&quot;,&quot;examples&quot;]&#10;warning: the following keywords are unknown and will be ignored: [$id]&#10;    level: &quot;warning&quot;&#10;    schema: {&quot;loadingURI&quot;:&quot;#&quot;,&quot;pointer&quot;:&quot;/items/properties/photoUrls&quot;}&#10;    domain: &quot;syntax&quot;&#10;    ignored: [&quot;$id&quot;]&#10;warning: the following keywords are unknown and will be ignored: [$id, examples]&#10;    level: &quot;warning&quot;&#10;    schema: {&quot;loadingURI&quot;:&quot;#&quot;,&quot;pointer&quot;:&quot;/items/properties/photoUrls/items&quot;}&#10;    domain: &quot;syntax&quot;&#10;    ignored: [&quot;$id&quot;,&quot;examples&quot;]&#10;warning: the following keywords are unknown and will be ignored: [$id, examples]&#10;    level: &quot;warning&quot;&#10;    schema: {&quot;loadingURI&quot;:&quot;#&quot;,&quot;pointer&quot;:&quot;/items/properties/photoUrls/items&quot;}&#10;    domain: &quot;syntax&quot;&#10;    ignored: [&quot;$id&quot;,&quot;examples&quot;]&#10;warning: the following keywords are unknown and will be ignored: [$id, examples]&#10;    level: &quot;warning&quot;&#10;    schema: {&quot;loadingURI&quot;:&quot;#&quot;,&quot;pointer&quot;:&quot;/items/properties/status&quot;}&#10;    domain: &quot;syntax&quot;&#10;    ignored: [&quot;$id&quot;,&quot;examples&quot;]&#10;warning: the following keywords are unknown and will be ignored: [$id]&#10;    level: &quot;warning&quot;&#10;    schema: {&quot;loadingURI&quot;:&quot;#&quot;,&quot;pointer&quot;:&quot;/items/properties/tags&quot;}&#10;    domain: &quot;syntax&quot;&#10;    ignored: [&quot;$id&quot;]&#10;warning: the following keywords are unknown and will be ignored: [$id]&#10;    level: &quot;warning&quot;&#10;    schema: {&quot;loadingURI&quot;:&quot;#&quot;,&quot;pointer&quot;:&quot;/items/properties/tags/items&quot;}&#10;    domain: &quot;syntax&quot;&#10;    ignored: [&quot;$id&quot;]&#10;warning: the following keywords are unknown and will be ignored: [$id, examples]&#10;    level: &quot;warning&quot;&#10;    schema: {&quot;loadingURI&quot;:&quot;#&quot;,&quot;pointer&quot;:&quot;/items/properties/tags/items/properties/id&quot;}&#10;    domain: &quot;syntax&quot;&#10;    ignored: [&quot;$id&quot;,&quot;examples&quot;]&#10;warning: the following keywords are unknown and will be ignored: [$id, examples]&#10;    level: &quot;warning&quot;&#10;    schema: {&quot;loadingURI&quot;:&quot;#&quot;,&quot;pointer&quot;:&quot;/items/properties/tags/items/properties/name&quot;}&#10;    domain: &quot;syntax&quot;&#10;    ignored: [&quot;$id&quot;,&quot;examples&quot;]&#10;warning: the following keywords are unknown and will be ignored: [$id]&#10;    level: &quot;warning&quot;&#10;    schema: {&quot;loadingURI&quot;:&quot;#&quot;,&quot;pointer&quot;:&quot;/items/properties/tags/items&quot;}&#10;    domain: &quot;syntax&quot;&#10;    ignored: [&quot;$id&quot;]&#10;warning: the following keywords are unknown and will be ignored: [$id, examples]&#10;    level: &quot;warning&quot;&#10;    schema: {&quot;loadingURI&quot;:&quot;#&quot;,&quot;pointer&quot;:&quot;/items/properties/tags/items/properties/id&quot;}&#10;    domain: &quot;syntax&quot;&#10;    ignored: [&quot;$id&quot;,&quot;examples&quot;]&#10;warning: the following keywords are unknown and will be ignored: [$id, examples]&#10;    level: &quot;warning&quot;&#10;    schema: {&quot;loadingURI&quot;:&quot;#&quot;,&quot;pointer&quot;:&quot;/items/properties/tags/items/properties/name&quot;}&#10;    domain: &quot;syntax&quot;&#10;    ignored: [&quot;$id&quot;,&quot;examples&quot;]&#10;warning: the following keywords are unknown and will be ignored: [$id, examples]&#10;    level: &quot;warning&quot;&#10;    schema: {&quot;loadingURI&quot;:&quot;#&quot;,&quot;pointer&quot;:&quot;/items/properties/tags/items/properties/id&quot;}&#10;    domain: &quot;syntax&quot;&#10;    ignored: [&quot;$id&quot;,&quot;examples&quot;]&#10;warning: the following keywords are unknown and will be ignored: [$id, examples]&#10;    level: &quot;warning&quot;&#10;    schema: {&quot;loadingURI&quot;:&quot;#&quot;,&quot;pointer&quot;:&quot;/items/properties/tags/items/properties/name&quot;}&#10;    domain: &quot;syntax&quot;&#10;    ignored: [&quot;$id&quot;,&quot;examples&quot;]&#10;warning: the following keywords are unknown and will be ignored: [$id]&#10;    level: &quot;warning&quot;&#10;    schema: {&quot;loadingURI&quot;:&quot;#&quot;,&quot;pointer&quot;:&quot;/items&quot;}&#10;    domain: &quot;syntax&quot;&#10;    ignored: [&quot;$id&quot;]&#10;warning: the following keywords are unknown and will be ignored: [$id]&#10;    level: &quot;warning&quot;&#10;    schema: {&quot;loadingURI&quot;:&quot;#&quot;,&quot;pointer&quot;:&quot;/items/properties/category&quot;}&#10;    domain: &quot;syntax&quot;&#10;    ignored: [&quot;$id&quot;]&#10;warning: the following keywords are unknown and will be ignored: [$id, examples]&#10;    level: &quot;warning&quot;&#10;    schema: {&quot;loadingURI&quot;:&quot;#&quot;,&quot;pointer&quot;:&quot;/items/properties/category/properties/id&quot;}&#10;    domain: &quot;syntax&quot;&#10;    ignored: [&quot;$id&quot;,&quot;examples&quot;]&#10;warning: the following keywords are unknown and will be ignored: [$id, examples]&#10;    level: &quot;warning&quot;&#10;    schema: {&quot;loadingURI&quot;:&quot;#&quot;,&quot;pointer&quot;:&quot;/items/properties/category/properties/name&quot;}&#10;    domain: &quot;syntax&quot;&#10;    ignored: [&quot;$id&quot;,&quot;examples&quot;]&#10;warning: the following keywords are unknown and will be ignored: [$id, examples]&#10;    level: &quot;warning&quot;&#10;    schema: {&quot;loadingURI&quot;:&quot;#&quot;,&quot;pointer&quot;:&quot;/items/properties/id&quot;}&#10;    domain: &quot;syntax&quot;&#10;    ignored: [&quot;$id&quot;,&quot;examples&quot;]&#10;warning: the following keywords are unknown and will be ignored: [$id, examples]&#10;    level: &quot;warning&quot;&#10;    schema: {&quot;loadingURI&quot;:&quot;#&quot;,&quot;pointer&quot;:&quot;/items/properties/name&quot;}&#10;    domain: &quot;syntax&quot;&#10;    ignored: [&quot;$id&quot;,&quot;examples&quot;]&#10;warning: the following keywords are unknown and will be ignored: [$id]&#10;    level: &quot;warning&quot;&#10;    schema: {&quot;loadingURI&quot;:&quot;#&quot;,&quot;pointer&quot;:&quot;/items/properties/photoUrls&quot;}&#10;    domain: &quot;syntax&quot;&#10;    ignored: [&quot;$id&quot;]&#10;warning: the following keywords are unknown and will be ignored: [$id, examples]&#10;    level: &quot;warning&quot;&#10;    schema: {&quot;loadingURI&quot;:&quot;#&quot;,&quot;pointer&quot;:&quot;/items/properties/photoUrls/items&quot;}&#10;    domain: &quot;syntax&quot;&#10;    ignored: [&quot;$id&quot;,&quot;examples&quot;]&#10;warning: the following keywords are unknown and will be ignored: [$id, examples]&#10;    level: &quot;warning&quot;&#10;    schema: {&quot;loadingURI&quot;:&quot;#&quot;,&quot;pointer&quot;:&quot;/items/properties/status&quot;}&#10;    domain: &quot;syntax&quot;&#10;    ignored: [&quot;$id&quot;,&quot;examples&quot;]&#10;warning: the following keywords are unknown and will be ignored: [$id]&#10;    level: &quot;warning&quot;&#10;    schema: {&quot;loadingURI&quot;:&quot;#&quot;,&quot;pointer&quot;:&quot;/items/properties/tags&quot;}&#10;    domain: &quot;syntax&quot;&#10;    ignored: [&quot;$id&quot;]&#10;warning: the following keywords are unknown and will be ignored: [$id]&#10;    level: &quot;warning&quot;&#10;    schema: {&quot;loadingURI&quot;:&quot;#&quot;,&quot;pointer&quot;:&quot;/items/properties/tags/items&quot;}&#10;    domain: &quot;syntax&quot;&#10;    ignored: [&quot;$id&quot;]&#10;warning: the following keywords are unknown and will be ignored: [$id, examples]&#10;    level: &quot;warning&quot;&#10;    schema: {&quot;loadingURI&quot;:&quot;#&quot;,&quot;pointer&quot;:&quot;/items/properties/tags/items/properties/id&quot;}&#10;    domain: &quot;syntax&quot;&#10;    ignored: [&quot;$id&quot;,&quot;examples&quot;]&#10;warning: the following keywords are unknown and will be ignored: [$id, examples]&#10;    level: &quot;warning&quot;&#10;    schema: {&quot;loadingURI&quot;:&quot;#&quot;,&quot;pointer&quot;:&quot;/items/properties/tags/items/properties/name&quot;}&#10;    domain: &quot;syntax&quot;&#10;    ignored: [&quot;$id&quot;,&quot;examples&quot;]&#10;warning: the following keywords are unknown and will be ignored: [$id]&#10;    level: &quot;warning&quot;&#10;    schema: {&quot;loadingURI&quot;:&quot;#&quot;,&quot;pointer&quot;:&quot;/items/properties/category&quot;}&#10;    domain: &quot;syntax&quot;&#10;    ignored: [&quot;$id&quot;]&#10;warning: the following keywords are unknown and will be ignored: [$id, examples]&#10;    level: &quot;warning&quot;&#10;    schema: {&quot;loadingURI&quot;:&quot;#&quot;,&quot;pointer&quot;:&quot;/items/properties/category/properties/id&quot;}&#10;    domain: &quot;syntax&quot;&#10;    ignored: [&quot;$id&quot;,&quot;examples&quot;]&#10;warning: the following keywords are unknown and will be ignored: [$id, examples]&#10;    level: &quot;warning&quot;&#10;    schema: {&quot;loadingURI&quot;:&quot;#&quot;,&quot;pointer&quot;:&quot;/items/properties/category/properties/name&quot;}&#10;    domain: &quot;syntax&quot;&#10;    ignored: [&quot;$id&quot;,&quot;examples&quot;]&#10;warning: the following keywords are unknown and will be ignored: [$id, examples]&#10;    level: &quot;warning&quot;&#10;    schema: {&quot;loadingURI&quot;:&quot;#&quot;,&quot;pointer&quot;:&quot;/items/properties/category/properties/id&quot;}&#10;    domain: &quot;syntax&quot;&#10;    ignored: [&quot;$id&quot;,&quot;examples&quot;]&#10;warning: the following keywords are unknown and will be ignored: [$id, examples]&#10;    level: &quot;warning&quot;&#10;    schema: {&quot;loadingURI&quot;:&quot;#&quot;,&quot;pointer&quot;:&quot;/items/properties/category/properties/name&quot;}&#10;    domain: &quot;syntax&quot;&#10;    ignored: [&quot;$id&quot;,&quot;examples&quot;]&#10;warning: the following keywords are unknown and will be ignored: [$id, examples]&#10;    level: &quot;warning&quot;&#10;    schema: {&quot;loadingURI&quot;:&quot;#&quot;,&quot;pointer&quot;:&quot;/items/properties/id&quot;}&#10;    domain: &quot;syntax&quot;&#10;    ignored: [&quot;$id&quot;,&quot;examples&quot;]&#10;warning: the following keywords are unknown and will be ignored: [$id, examples]&#10;    level: &quot;warning&quot;&#10;    schema: {&quot;loadingURI&quot;:&quot;#&quot;,&quot;pointer&quot;:&quot;/items/properties/name&quot;}&#10;    domain: &quot;syntax&quot;&#10;    ignored: [&quot;$id&quot;,&quot;examples&quot;]&#10;warning: the following keywords are unknown and will be ignored: [$id]&#10;    level: &quot;warning&quot;&#10;    schema: {&quot;loadingURI&quot;:&quot;#&quot;,&quot;pointer&quot;:&quot;/items/properties/photoUrls&quot;}&#10;    domain: &quot;syntax&quot;&#10;    ignored: [&quot;$id&quot;]&#10;warning: the following keywords are unknown and will be ignored: [$id, examples]&#10;    level: &quot;warning&quot;&#10;    schema: {&quot;loadingURI&quot;:&quot;#&quot;,&quot;pointer&quot;:&quot;/items/properties/photoUrls/items&quot;}&#10;    domain: &quot;syntax&quot;&#10;    ignored: [&quot;$id&quot;,&quot;examples&quot;]&#10;warning: the following keywords are unknown and will be ignored: [$id, examples]&#10;    level: &quot;warning&quot;&#10;    schema: {&quot;loadingURI&quot;:&quot;#&quot;,&quot;pointer&quot;:&quot;/items/properties/photoUrls/items&quot;}&#10;    domain: &quot;syntax&quot;&#10;    ignored: [&quot;$id&quot;,&quot;examples&quot;]&#10;warning: the following keywords are unknown and will be ignored: [$id, examples]&#10;    level: &quot;warning&quot;&#10;    schema: {&quot;loadingURI&quot;:&quot;#&quot;,&quot;pointer&quot;:&quot;/items/properties/status&quot;}&#10;    domain: &quot;syntax&quot;&#10;    ignored: [&quot;$id&quot;,&quot;examples&quot;]&#10;warning: the following keywords are unknown and will be ignored: [$id]&#10;    level: &quot;warning&quot;&#10;    schema: {&quot;loadingURI&quot;:&quot;#&quot;,&quot;pointer&quot;:&quot;/items/properties/tags&quot;}&#10;    domain: &quot;syntax&quot;&#10;    ignored: [&quot;$id&quot;]&#10;warning: the following keywords are unknown and will be ignored: [$id]&#10;    level: &quot;warning&quot;&#10;    schema: {&quot;loadingURI&quot;:&quot;#&quot;,&quot;pointer&quot;:&quot;/items/properties/tags/items&quot;}&#10;    domain: &quot;syntax&quot;&#10;    ignored: [&quot;$id&quot;]&#10;warning: the following keywords are unknown and will be ignored: [$id, examples]&#10;    level: &quot;warning&quot;&#10;    schema: {&quot;loadingURI&quot;:&quot;#&quot;,&quot;pointer&quot;:&quot;/items/properties/tags/items/properties/id&quot;}&#10;    domain: &quot;syntax&quot;&#10;    ignored: [&quot;$id&quot;,&quot;examples&quot;]&#10;warning: the following keywords are unknown and will be ignored: [$id, examples]&#10;    level: &quot;warning&quot;&#10;    schema: {&quot;loadingURI&quot;:&quot;#&quot;,&quot;pointer&quot;:&quot;/items/properties/tags/items/properties/name&quot;}&#10;    domain: &quot;syntax&quot;&#10;    ignored: [&quot;$id&quot;,&quot;examples&quot;]&#10;warning: the following keywords are unknown and will be ignored: [$id]&#10;    level: &quot;warning&quot;&#10;    schema: {&quot;loadingURI&quot;:&quot;#&quot;,&quot;pointer&quot;:&quot;/items/properties/tags/items&quot;}&#10;    domain: &quot;syntax&quot;&#10;    ignored: [&quot;$id&quot;]&#10;warning: the following keywords are unknown and will be ignored: [$id, examples]&#10;    level: &quot;warning&quot;&#10;    schema: {&quot;loadingURI&quot;:&quot;#&quot;,&quot;pointer&quot;:&quot;/items/properties/tags/items/properties/id&quot;}&#10;    domain: &quot;syntax&quot;&#10;    ignored: [&quot;$id&quot;,&quot;examples&quot;]&#10;warning: the following keywords are unknown and will be ignored: [$id, examples]&#10;    level: &quot;warning&quot;&#10;    schema: {&quot;loadingURI&quot;:&quot;#&quot;,&quot;pointer&quot;:&quot;/items/properties/tags/items/properties/name&quot;}&#10;    domain: &quot;syntax&quot;&#10;    ignored: [&quot;$id&quot;,&quot;examples&quot;]&#10;warning: the following keywords are unknown and will be ignored: [$id, examples]&#10;    level: &quot;warning&quot;&#10;    schema: {&quot;loadingURI&quot;:&quot;#&quot;,&quot;pointer&quot;:&quot;/items/properties/tags/items/properties/id&quot;}&#10;    domain: &quot;syntax&quot;&#10;    ignored: [&quot;$id&quot;,&quot;examples&quot;]&#10;warning: the following keywords are unknown and will be ignored: [$id, examples]&#10;    level: &quot;warning&quot;&#10;    schema: {&quot;loadingURI&quot;:&quot;#&quot;,&quot;pointer&quot;:&quot;/items/properties/tags/items/properties/name&quot;}&#10;    domain: &quot;syntax&quot;&#10;    ignored: [&quot;$id&quot;,&quot;examples&quot;]&#10;warning: the following keywords are unknown and will be ignored: [$id]&#10;    level: &quot;warning&quot;&#10;    schema: {&quot;loadingURI&quot;:&quot;#&quot;,&quot;pointer&quot;:&quot;/items&quot;}&#10;    domain: &quot;syntax&quot;&#10;    ignored: [&quot;$id&quot;]&#10;warning: the following keywords are unknown and will be ignored: [$id]&#10;    level: &quot;warning&quot;&#10;    schema: {&quot;loadingURI&quot;:&quot;#&quot;,&quot;pointer&quot;:&quot;/items/properties/category&quot;}&#10;    domain: &quot;syntax&quot;&#10;    ignored: [&quot;$id&quot;]&#10;warning: the following keywords are unknown and will be ignored: [$id, examples]&#10;    level: &quot;warning&quot;&#10;    schema: {&quot;loadingURI&quot;:&quot;#&quot;,&quot;pointer&quot;:&quot;/items/properties/category/properties/id&quot;}&#10;    domain: &quot;syntax&quot;&#10;    ignored: [&quot;$id&quot;,&quot;examples&quot;]&#10;warning: the following keywords are unknown and will be ignored: [$id, examples]&#10;    level: &quot;warning&quot;&#10;    schema: {&quot;loadingURI&quot;:&quot;#&quot;,&quot;pointer&quot;:&quot;/items/properties/category/properties/name&quot;}&#10;    domain: &quot;syntax&quot;&#10;    ignored: [&quot;$id&quot;,&quot;examples&quot;]&#10;warning: the following keywords are unknown and will be ignored: [$id, examples]&#10;    level: &quot;warning&quot;&#10;    schema: {&quot;loadingURI&quot;:&quot;#&quot;,&quot;pointer&quot;:&quot;/items/properties/id&quot;}&#10;    domain: &quot;syntax&quot;&#10;    ignored: [&quot;$id&quot;,&quot;examples&quot;]&#10;warning: the following keywords are unknown and will be ignored: [$id, examples]&#10;    level: &quot;warning&quot;&#10;    schema: {&quot;loadingURI&quot;:&quot;#&quot;,&quot;pointer&quot;:&quot;/items/properties/name&quot;}&#10;    domain: &quot;syntax&quot;&#10;    ignored: [&quot;$id&quot;,&quot;examples&quot;]&#10;warning: the following keywords are unknown and will be ignored: [$id]&#10;    level: &quot;warning&quot;&#10;    schema: {&quot;loadingURI&quot;:&quot;#&quot;,&quot;pointer&quot;:&quot;/items/properties/photoUrls&quot;}&#10;    domain: &quot;syntax&quot;&#10;    ignored: [&quot;$id&quot;]&#10;warning: the following keywords are unknown and will be ignored: [$id, examples]&#10;    level: &quot;warning&quot;&#10;    schema: {&quot;loadingURI&quot;:&quot;#&quot;,&quot;pointer&quot;:&quot;/items/properties/photoUrls/items&quot;}&#10;    domain: &quot;syntax&quot;&#10;    ignored: [&quot;$id&quot;,&quot;examples&quot;]&#10;warning: the following keywords are unknown and will be ignored: [$id, examples]&#10;    level: &quot;warning&quot;&#10;    schema: {&quot;loadingURI&quot;:&quot;#&quot;,&quot;pointer&quot;:&quot;/items/properties/status&quot;}&#10;    domain: &quot;syntax&quot;&#10;    ignored: [&quot;$id&quot;,&quot;examples&quot;]&#10;warning: the following keywords are unknown and will be ignored: [$id]&#10;    level: &quot;warning&quot;&#10;    schema: {&quot;loadingURI&quot;:&quot;#&quot;,&quot;pointer&quot;:&quot;/items/properties/tags&quot;}&#10;    domain: &quot;syntax&quot;&#10;    ignored: [&quot;$id&quot;]&#10;warning: the following keywords are unknown and will be ignored: [$id]&#10;    level: &quot;warning&quot;&#10;    schema: {&quot;loadingURI&quot;:&quot;#&quot;,&quot;pointer&quot;:&quot;/items/properties/tags/items&quot;}&#10;    domain: &quot;syntax&quot;&#10;    ignored: [&quot;$id&quot;]&#10;warning: the following keywords are unknown and will be ignored: [$id, examples]&#10;    level: &quot;warning&quot;&#10;    schema: {&quot;loadingURI&quot;:&quot;#&quot;,&quot;pointer&quot;:&quot;/items/properties/tags/items/properties/id&quot;}&#10;    domain: &quot;syntax&quot;&#10;    ignored: [&quot;$id&quot;,&quot;examples&quot;]&#10;warning: the following keywords are unknown and will be ignored: [$id, examples]&#10;    level: &quot;warning&quot;&#10;    schema: {&quot;loadingURI&quot;:&quot;#&quot;,&quot;pointer&quot;:&quot;/items/properties/tags/items/properties/name&quot;}&#10;    domain: &quot;syntax&quot;&#10;    ignored: [&quot;$id&quot;,&quot;examples&quot;]&#10;warning: the following keywords are unknown and will be ignored: [$id]&#10;    level: &quot;warning&quot;&#10;    schema: {&quot;loadingURI&quot;:&quot;#&quot;,&quot;pointer&quot;:&quot;/items/properties/category&quot;}&#10;    domain: &quot;syntax&quot;&#10;    ignored: [&quot;$id&quot;]&#10;warning: the following keywords are unknown and will be ignored: [$id, examples]&#10;    level: &quot;warning&quot;&#10;    schema: {&quot;loadingURI&quot;:&quot;#&quot;,&quot;pointer&quot;:&quot;/items/properties/category/properties/id&quot;}&#10;    domain: &quot;syntax&quot;&#10;    ignored: [&quot;$id&quot;,&quot;examples&quot;]&#10;warning: the following keywords are unknown and will be ignored: [$id, examples]&#10;    level: &quot;warning&quot;&#10;    schema: {&quot;loadingURI&quot;:&quot;#&quot;,&quot;pointer&quot;:&quot;/items/properties/category/properties/name&quot;}&#10;    domain: &quot;syntax&quot;&#10;    ignored: [&quot;$id&quot;,&quot;examples&quot;]&#10;warning: the following keywords are unknown and will be ignored: [$id, examples]&#10;    level: &quot;warning&quot;&#10;    schema: {&quot;loadingURI&quot;:&quot;#&quot;,&quot;pointer&quot;:&quot;/items/properties/category/properties/id&quot;}&#10;    domain: &quot;syntax&quot;&#10;    ignored: [&quot;$id&quot;,&quot;examples&quot;]&#10;warning: the following keywords are unknown and will be ignored: [$id, examples]&#10;    level: &quot;warning&quot;&#10;    schema: {&quot;loadingURI&quot;:&quot;#&quot;,&quot;pointer&quot;:&quot;/items/properties/category/properties/name&quot;}&#10;    domain: &quot;syntax&quot;&#10;    ignored: [&quot;$id&quot;,&quot;examples&quot;]&#10;warning: the following keywords are unknown and will be ignored: [$id, examples]&#10;    level: &quot;warning&quot;&#10;    schema: {&quot;loadingURI&quot;:&quot;#&quot;,&quot;pointer&quot;:&quot;/items/properties/id&quot;}&#10;    domain: &quot;syntax&quot;&#10;    ignored: [&quot;$id&quot;,&quot;examples&quot;]&#10;warning: the following keywords are unknown and will be ignored: [$id, examples]&#10;    level: &quot;warning&quot;&#10;    schema: {&quot;loadingURI&quot;:&quot;#&quot;,&quot;pointer&quot;:&quot;/items/properties/name&quot;}&#10;    domain: &quot;syntax&quot;&#10;    ignored: [&quot;$id&quot;,&quot;examples&quot;]&#10;warning: the following keywords are unknown and will be ignored: [$id]&#10;    level: &quot;warning&quot;&#10;    schema: {&quot;loadingURI&quot;:&quot;#&quot;,&quot;pointer&quot;:&quot;/items/properties/photoUrls&quot;}&#10;    domain: &quot;syntax&quot;&#10;    ignored: [&quot;$id&quot;]&#10;warning: the following keywords are unknown and will be ignored: [$id, examples]&#10;    level: &quot;warning&quot;&#10;    schema: {&quot;loadingURI&quot;:&quot;#&quot;,&quot;pointer&quot;:&quot;/items/properties/photoUrls/items&quot;}&#10;    domain: &quot;syntax&quot;&#10;    ignored: [&quot;$id&quot;,&quot;examples&quot;]&#10;warning: the following keywords are unknown and will be ignored: [$id, examples]&#10;    level: &quot;warning&quot;&#10;    schema: {&quot;loadingURI&quot;:&quot;#&quot;,&quot;pointer&quot;:&quot;/items/properties/photoUrls/items&quot;}&#10;    domain: &quot;syntax&quot;&#10;    ignored: [&quot;$id&quot;,&quot;examples&quot;]&#10;warning: the following keywords are unknown and will be ignored: [$id, examples]&#10;    level: &quot;warning&quot;&#10;    schema: {&quot;loadingURI&quot;:&quot;#&quot;,&quot;pointer&quot;:&quot;/items/properties/status&quot;}&#10;    domain: &quot;syntax&quot;&#10;    ignored: [&quot;$id&quot;,&quot;examples&quot;]&#10;warning: the following keywords are unknown and will be ignored: [$id]&#10;    level: &quot;warning&quot;&#10;    schema: {&quot;loadingURI&quot;:&quot;#&quot;,&quot;pointer&quot;:&quot;/items/properties/tags&quot;}&#10;    domain: &quot;syntax&quot;&#10;    ignored: [&quot;$id&quot;]&#10;warning: the following keywords are unknown and will be ignored: [$id]&#10;    level: &quot;warning&quot;&#10;    schema: {&quot;loadingURI&quot;:&quot;#&quot;,&quot;pointer&quot;:&quot;/items/properties/tags/items&quot;}&#10;    domain: &quot;syntax&quot;&#10;    ignored: [&quot;$id&quot;]&#10;warning: the following keywords are unknown and will be ignored: [$id, examples]&#10;    level: &quot;warning&quot;&#10;    schema: {&quot;loadingURI&quot;:&quot;#&quot;,&quot;pointer&quot;:&quot;/items/properties/tags/items/properties/id&quot;}&#10;    domain: &quot;syntax&quot;&#10;    ignored: [&quot;$id&quot;,&quot;examples&quot;]&#10;warning: the following keywords are unknown and will be ignored: [$id, examples]&#10;    level: &quot;warning&quot;&#10;    schema: {&quot;loadingURI&quot;:&quot;#&quot;,&quot;pointer&quot;:&quot;/items/properties/tags/items/properties/name&quot;}&#10;    domain: &quot;syntax&quot;&#10;    ignored: [&quot;$id&quot;,&quot;examples&quot;]&#10;warning: the following keywords are unknown and will be ignored: [$id]&#10;    level: &quot;warning&quot;&#10;    schema: {&quot;loadingURI&quot;:&quot;#&quot;,&quot;pointer&quot;:&quot;/items/properties/tags/items&quot;}&#10;    domain: &quot;syntax&quot;&#10;    ignored: [&quot;$id&quot;]&#10;warning: the following keywords are unknown and will be ignored: [$id, examples]&#10;    level: &quot;warning&quot;&#10;    schema: {&quot;loadingURI&quot;:&quot;#&quot;,&quot;pointer&quot;:&quot;/items/properties/tags/items/properties/id&quot;}&#10;    domain: &quot;syntax&quot;&#10;    ignored: [&quot;$id&quot;,&quot;examples&quot;]&#10;warning: the following keywords are unknown and will be ignored: [$id, examples]&#10;    level: &quot;warning&quot;&#10;    schema: {&quot;loadingURI&quot;:&quot;#&quot;,&quot;pointer&quot;:&quot;/items/properties/tags/items/properties/name&quot;}&#10;    domain: &quot;syntax&quot;&#10;    ignored: [&quot;$id&quot;,&quot;examples&quot;]&#10;warning: the following keywords are unknown and will be ignored: [$id, examples]&#10;    level: &quot;warning&quot;&#10;    schema: {&quot;loadingURI&quot;:&quot;#&quot;,&quot;pointer&quot;:&quot;/items/properties/tags/items/properties/id&quot;}&#10;    domain: &quot;syntax&quot;&#10;    ignored: [&quot;$id&quot;,&quot;examples&quot;]&#10;warning: the following keywords are unknown and will be ignored: [$id, examples]&#10;    level: &quot;warning&quot;&#10;    schema: {&quot;loadingURI&quot;:&quot;#&quot;,&quot;pointer&quot;:&quot;/items/properties/tags/items/properties/name&quot;}&#10;    domain: &quot;syntax&quot;&#10;    ignored: [&quot;$id&quot;,&quot;examples&quot;]&#10;warning: the following keywords are unknown and will be ignored: [$id]&#10;    level: &quot;warning&quot;&#10;    schema: {&quot;loadingURI&quot;:&quot;#&quot;,&quot;pointer&quot;:&quot;/items&quot;}&#10;    domain: &quot;syntax&quot;&#10;    ignored: [&quot;$id&quot;]&#10;warning: the following keywords are unknown and will be ignored: [$id]&#10;    level: &quot;warning&quot;&#10;    schema: {&quot;loadingURI&quot;:&quot;#&quot;,&quot;pointer&quot;:&quot;/items/properties/category&quot;}&#10;    domain: &quot;syntax&quot;&#10;    ignored: [&quot;$id&quot;]&#10;warning: the following keywords are unknown and will be ignored: [$id, examples]&#10;    level: &quot;warning&quot;&#10;    schema: {&quot;loadingURI&quot;:&quot;#&quot;,&quot;pointer&quot;:&quot;/items/properties/category/properties/id&quot;}&#10;    domain: &quot;syntax&quot;&#10;    ignored: [&quot;$id&quot;,&quot;examples&quot;]&#10;warning: the following keywords are unknown and will be ignored: [$id, examples]&#10;    level: &quot;warning&quot;&#10;    schema: {&quot;loadingURI&quot;:&quot;#&quot;,&quot;pointer&quot;:&quot;/items/properties/category/properties/name&quot;}&#10;    domain: &quot;syntax&quot;&#10;    ignored: [&quot;$id&quot;,&quot;examples&quot;]&#10;warning: the following keywords are unknown and will be ignored: [$id, examples]&#10;    level: &quot;warning&quot;&#10;    schema: {&quot;loadingURI&quot;:&quot;#&quot;,&quot;pointer&quot;:&quot;/items/properties/id&quot;}&#10;    domain: &quot;syntax&quot;&#10;    ignored: [&quot;$id&quot;,&quot;examples&quot;]&#10;warning: the following keywords are unknown and will be ignored: [$id, examples]&#10;    level: &quot;warning&quot;&#10;    schema: {&quot;loadingURI&quot;:&quot;#&quot;,&quot;pointer&quot;:&quot;/items/properties/name&quot;}&#10;    domain: &quot;syntax&quot;&#10;    ignored: [&quot;$id&quot;,&quot;examples&quot;]&#10;warning: the following keywords are unknown and will be ignored: [$id]&#10;    level: &quot;warning&quot;&#10;    schema: {&quot;loadingURI&quot;:&quot;#&quot;,&quot;pointer&quot;:&quot;/items/properties/photoUrls&quot;}&#10;    domain: &quot;syntax&quot;&#10;    ignored: [&quot;$id&quot;]&#10;warning: the following keywords are unknown and will be ignored: [$id, examples]&#10;    level: &quot;warning&quot;&#10;    schema: {&quot;loadingURI&quot;:&quot;#&quot;,&quot;pointer&quot;:&quot;/items/properties/photoUrls/items&quot;}&#10;    domain: &quot;syntax&quot;&#10;    ignored: [&quot;$id&quot;,&quot;examples&quot;]&#10;warning: the following keywords are unknown and will be ignored: [$id, examples]&#10;    level: &quot;warning&quot;&#10;    schema: {&quot;loadingURI&quot;:&quot;#&quot;,&quot;pointer&quot;:&quot;/items/properties/status&quot;}&#10;    domain: &quot;syntax&quot;&#10;    ignored: [&quot;$id&quot;,&quot;examples&quot;]&#10;warning: the following keywords are unknown and will be ignored: [$id]&#10;    level: &quot;warning&quot;&#10;    schema: {&quot;loadingURI&quot;:&quot;#&quot;,&quot;pointer&quot;:&quot;/items/properties/tags&quot;}&#10;    domain: &quot;syntax&quot;&#10;    ignored: [&quot;$id&quot;]&#10;warning: the following keywords are unknown and will be ignored: [$id]&#10;    level: &quot;warning&quot;&#10;    schema: {&quot;loadingURI&quot;:&quot;#&quot;,&quot;pointer&quot;:&quot;/items/properties/tags/items&quot;}&#10;    domain: &quot;syntax&quot;&#10;    ignored: [&quot;$id&quot;]&#10;warning: the following keywords are unknown and will be ignored: [$id, examples]&#10;    level: &quot;warning&quot;&#10;    schema: {&quot;loadingURI&quot;:&quot;#&quot;,&quot;pointer&quot;:&quot;/items/properties/tags/items/properties/id&quot;}&#10;    domain: &quot;syntax&quot;&#10;    ignored: [&quot;$id&quot;,&quot;examples&quot;]&#10;warning: the following keywords are unknown and will be ignored: [$id, examples]&#10;    level: &quot;warning&quot;&#10;    schema: {&quot;loadingURI&quot;:&quot;#&quot;,&quot;pointer&quot;:&quot;/items/properties/tags/items/properties/name&quot;}&#10;    domain: &quot;syntax&quot;&#10;    ignored: [&quot;$id&quot;,&quot;examples&quot;]&#10;warning: the following keywords are unknown and will be ignored: [$id]&#10;    level: &quot;warning&quot;&#10;    schema: {&quot;loadingURI&quot;:&quot;#&quot;,&quot;pointer&quot;:&quot;/items/properties/category&quot;}&#10;    domain: &quot;syntax&quot;&#10;    ignored: [&quot;$id&quot;]&#10;warning: the following keywords are unknown and will be ignored: [$id, examples]&#10;    level: &quot;warning&quot;&#10;    schema: {&quot;loadingURI&quot;:&quot;#&quot;,&quot;pointer&quot;:&quot;/items/properties/category/properties/id&quot;}&#10;    domain: &quot;syntax&quot;&#10;    ignored: [&quot;$id&quot;,&quot;examples&quot;]&#10;warning: the following keywords are unknown and will be ignored: [$id, examples]&#10;    level: &quot;warning&quot;&#10;    schema: {&quot;loadingURI&quot;:&quot;#&quot;,&quot;pointer&quot;:&quot;/items/properties/category/properties/name&quot;}&#10;    domain: &quot;syntax&quot;&#10;    ignored: [&quot;$id&quot;,&quot;examples&quot;]&#10;warning: the following keywords are unknown and will be ignored: [$id, examples]&#10;    level: &quot;warning&quot;&#10;    schema: {&quot;loadingURI&quot;:&quot;#&quot;,&quot;pointer&quot;:&quot;/items/properties/category/properties/id&quot;}&#10;    domain: &quot;syntax&quot;&#10;    ignored: [&quot;$id&quot;,&quot;examples&quot;]&#10;warning: the following keywords are unknown and will be ignored: [$id, examples]&#10;    level: &quot;warning&quot;&#10;    schema: {&quot;loadingURI&quot;:&quot;#&quot;,&quot;pointer&quot;:&quot;/items/properties/category/properties/name&quot;}&#10;    domain: &quot;syntax&quot;&#10;    ignored: [&quot;$id&quot;,&quot;examples&quot;]&#10;warning: the following keywords are unknown and will be ignored: [$id, examples]&#10;    level: &quot;warning&quot;&#10;    schema: {&quot;loadingURI&quot;:&quot;#&quot;,&quot;pointer&quot;:&quot;/items/properties/id&quot;}&#10;    domain: &quot;syntax&quot;&#10;    ignored: [&quot;$id&quot;,&quot;examples&quot;]&#10;warning: the following keywords are unknown and will be ignored: [$id, examples]&#10;    level: &quot;warning&quot;&#10;    schema: {&quot;loadingURI&quot;:&quot;#&quot;,&quot;pointer&quot;:&quot;/items/properties/name&quot;}&#10;    domain: &quot;syntax&quot;&#10;    ignored: [&quot;$id&quot;,&quot;examples&quot;]&#10;warning: the following keywords are unknown and will be ignored: [$id]&#10;    level: &quot;warning&quot;&#10;    schema: {&quot;loadingURI&quot;:&quot;#&quot;,&quot;pointer&quot;:&quot;/items/properties/photoUrls&quot;}&#10;    domain: &quot;syntax&quot;&#10;    ignored: [&quot;$id&quot;]&#10;warning: the following keywords are unknown and will be ignored: [$id, examples]&#10;    level: &quot;warning&quot;&#10;    schema: {&quot;loadingURI&quot;:&quot;#&quot;,&quot;pointer&quot;:&quot;/items/properties/photoUrls/items&quot;}&#10;    domain: &quot;syntax&quot;&#10;    ignored: [&quot;$id&quot;,&quot;examples&quot;]&#10;warning: the following keywords are unknown and will be ignored: [$id, examples]&#10;    level: &quot;warning&quot;&#10;    schema: {&quot;loadingURI&quot;:&quot;#&quot;,&quot;pointer&quot;:&quot;/items/properties/photoUrls/items&quot;}&#10;    domain: &quot;syntax&quot;&#10;    ignored: [&quot;$id&quot;,&quot;examples&quot;]&#10;warning: the following keywords are unknown and will be ignored: [$id, examples]&#10;    level: &quot;warning&quot;&#10;    schema: {&quot;loadingURI&quot;:&quot;#&quot;,&quot;pointer&quot;:&quot;/items/properties/status&quot;}&#10;    domain: &quot;syntax&quot;&#10;    ignored: [&quot;$id&quot;,&quot;examples&quot;]&#10;warning: the following keywords are unknown and will be ignored: [$id]&#10;    level: &quot;warning&quot;&#10;    schema: {&quot;loadingURI&quot;:&quot;#&quot;,&quot;pointer&quot;:&quot;/items/properties/tags&quot;}&#10;    domain: &quot;syntax&quot;&#10;    ignored: [&quot;$id&quot;]&#10;warning: the following keywords are unknown and will be ignored: [$id]&#10;    level: &quot;warning&quot;&#10;    schema: {&quot;loadingURI&quot;:&quot;#&quot;,&quot;pointer&quot;:&quot;/items/properties/tags/items&quot;}&#10;    domain: &quot;syntax&quot;&#10;    ignored: [&quot;$id&quot;]&#10;warning: the following keywords are unknown and will be ignored: [$id, examples]&#10;    level: &quot;warning&quot;&#10;    schema: {&quot;loadingURI&quot;:&quot;#&quot;,&quot;pointer&quot;:&quot;/items/properties/tags/items/properties/id&quot;}&#10;    domain: &quot;syntax&quot;&#10;    ignored: [&quot;$id&quot;,&quot;examples&quot;]&#10;warning: the following keywords are unknown and will be ignored: [$id, examples]&#10;    level: &quot;warning&quot;&#10;    schema: {&quot;loadingURI&quot;:&quot;#&quot;,&quot;pointer&quot;:&quot;/items/properties/tags/items/properties/name&quot;}&#10;    domain: &quot;syntax&quot;&#10;    ignored: [&quot;$id&quot;,&quot;examples&quot;]&#10;warning: the following keywords are unknown and will be ignored: [$id]&#10;    level: &quot;warning&quot;&#10;    schema: {&quot;loadingURI&quot;:&quot;#&quot;,&quot;pointer&quot;:&quot;/items/properties/tags/items&quot;}&#10;    domain: &quot;syntax&quot;&#10;    ignored: [&quot;$id&quot;]&#10;warning: the following keywords are unknown and will be ignored: [$id, examples]&#10;    level: &quot;warning&quot;&#10;    schema: {&quot;loadingURI&quot;:&quot;#&quot;,&quot;pointer&quot;:&quot;/items/properties/tags/items/properties/id&quot;}&#10;    domain: &quot;syntax&quot;&#10;    ignored: [&quot;$id&quot;,&quot;examples&quot;]&#10;warning: the following keywords are unknown and will be ignored: [$id, examples]&#10;    level: &quot;warning&quot;&#10;    schema: {&quot;loadingURI&quot;:&quot;#&quot;,&quot;pointer&quot;:&quot;/items/properties/tags/items/properties/name&quot;}&#10;    domain: &quot;syntax&quot;&#10;    ignored: [&quot;$id&quot;,&quot;examples&quot;]&#10;warning: the following keywords are unknown and will be ignored: [$id, examples]&#10;    level: &quot;warning&quot;&#10;    schema: {&quot;loadingURI&quot;:&quot;#&quot;,&quot;pointer&quot;:&quot;/items/properties/tags/items/properties/id&quot;}&#10;    domain: &quot;syntax&quot;&#10;    ignored: [&quot;$id&quot;,&quot;examples&quot;]&#10;warning: the following keywords are unknown and will be ignored: [$id, examples]&#10;    level: &quot;warning&quot;&#10;    schema: {&quot;loadingURI&quot;:&quot;#&quot;,&quot;pointer&quot;:&quot;/items/properties/tags/items/properties/name&quot;}&#10;    domain: &quot;syntax&quot;&#10;    ignored: [&quot;$id&quot;,&quot;examples&quot;]&#10;warning: the following keywords are unknown and will be ignored: [$id]&#10;    level: &quot;warning&quot;&#10;    schema: {&quot;loadingURI&quot;:&quot;#&quot;,&quot;pointer&quot;:&quot;/items&quot;}&#10;    domain: &quot;syntax&quot;&#10;    ignored: [&quot;$id&quot;]&#10;warning: the following keywords are unknown and will be ignored: [$id]&#10;    level: &quot;warning&quot;&#10;    schema: {&quot;loadingURI&quot;:&quot;#&quot;,&quot;pointer&quot;:&quot;/items/properties/category&quot;}&#10;    domain: &quot;syntax&quot;&#10;    ignored: [&quot;$id&quot;]&#10;warning: the following keywords are unknown and will be ignored: [$id, examples]&#10;    level: &quot;warning&quot;&#10;    schema: {&quot;loadingURI&quot;:&quot;#&quot;,&quot;pointer&quot;:&quot;/items/properties/category/properties/id&quot;}&#10;    domain: &quot;syntax&quot;&#10;    ignored: [&quot;$id&quot;,&quot;examples&quot;]&#10;warning: the following keywords are unknown and will be ignored: [$id, examples]&#10;    level: &quot;warning&quot;&#10;    schema: {&quot;loadingURI&quot;:&quot;#&quot;,&quot;pointer&quot;:&quot;/items/properties/category/properties/name&quot;}&#10;    domain: &quot;syntax&quot;&#10;    ignored: [&quot;$id&quot;,&quot;examples&quot;]&#10;warning: the following keywords are unknown and will be ignored: [$id, examples]&#10;    level: &quot;warning&quot;&#10;    schema: {&quot;loadingURI&quot;:&quot;#&quot;,&quot;pointer&quot;:&quot;/items/properties/id&quot;}&#10;    domain: &quot;syntax&quot;&#10;    ignored: [&quot;$id&quot;,&quot;examples&quot;]&#10;warning: the following keywords are unknown and will be ignored: [$id, examples]&#10;    level: &quot;warning&quot;&#10;    schema: {&quot;loadingURI&quot;:&quot;#&quot;,&quot;pointer&quot;:&quot;/items/properties/name&quot;}&#10;    domain: &quot;syntax&quot;&#10;    ignored: [&quot;$id&quot;,&quot;examples&quot;]&#10;warning: the following keywords are unknown and will be ignored: [$id]&#10;    level: &quot;warning&quot;&#10;    schema: {&quot;loadingURI&quot;:&quot;#&quot;,&quot;pointer&quot;:&quot;/items/properties/photoUrls&quot;}&#10;    domain: &quot;syntax&quot;&#10;    ignored: [&quot;$id&quot;]&#10;warning: the following keywords are unknown and will be ignored: [$id, examples]&#10;    level: &quot;warning&quot;&#10;    schema: {&quot;loadingURI&quot;:&quot;#&quot;,&quot;pointer&quot;:&quot;/items/properties/photoUrls/items&quot;}&#10;    domain: &quot;syntax&quot;&#10;    ignored: [&quot;$id&quot;,&quot;examples&quot;]&#10;warning: the following keywords are unknown and will be ignored: [$id, examples]&#10;    level: &quot;warning&quot;&#10;    schema: {&quot;loadingURI&quot;:&quot;#&quot;,&quot;pointer&quot;:&quot;/items/properties/status&quot;}&#10;    domain: &quot;syntax&quot;&#10;    ignored: [&quot;$id&quot;,&quot;examples&quot;]&#10;warning: the following keywords are unknown and will be ignored: [$id]&#10;    level: &quot;warning&quot;&#10;    schema: {&quot;loadingURI&quot;:&quot;#&quot;,&quot;pointer&quot;:&quot;/items/properties/tags&quot;}&#10;    domain: &quot;syntax&quot;&#10;    ignored: [&quot;$id&quot;]&#10;warning: the following keywords are unknown and will be ignored: [$id]&#10;    level: &quot;warning&quot;&#10;    schema: {&quot;loadingURI&quot;:&quot;#&quot;,&quot;pointer&quot;:&quot;/items/properties/tags/items&quot;}&#10;    domain: &quot;syntax&quot;&#10;    ignored: [&quot;$id&quot;]&#10;warning: the following keywords are unknown and will be ignored: [$id, examples]&#10;    level: &quot;warning&quot;&#10;    schema: {&quot;loadingURI&quot;:&quot;#&quot;,&quot;pointer&quot;:&quot;/items/properties/tags/items/properties/id&quot;}&#10;    domain: &quot;syntax&quot;&#10;    ignored: [&quot;$id&quot;,&quot;examples&quot;]&#10;warning: the following keywords are unknown and will be ignored: [$id, examples]&#10;    level: &quot;warning&quot;&#10;    schema: {&quot;loadingURI&quot;:&quot;#&quot;,&quot;pointer&quot;:&quot;/items/properties/tags/items/properties/name&quot;}&#10;    domain: &quot;syntax&quot;&#10;    ignored: [&quot;$id&quot;,&quot;examples&quot;]&#10;warning: the following keywords are unknown and will be ignored: [$id]&#10;    level: &quot;warning&quot;&#10;    schema: {&quot;loadingURI&quot;:&quot;#&quot;,&quot;pointer&quot;:&quot;/items/properties/category&quot;}&#10;    domain: &quot;syntax&quot;&#10;    ignored: [&quot;$id&quot;]&#10;warning: the following keywords are unknown and will be ignored: [$id, examples]&#10;    level: &quot;warning&quot;&#10;    schema: {&quot;loadingURI&quot;:&quot;#&quot;,&quot;pointer&quot;:&quot;/items/properties/category/properties/id&quot;}&#10;    domain: &quot;syntax&quot;&#10;    ignored: [&quot;$id&quot;,&quot;examples&quot;]&#10;warning: the following keywords are unknown and will be ignored: [$id, examples]&#10;    level: &quot;warning&quot;&#10;    schema: {&quot;loadingURI&quot;:&quot;#&quot;,&quot;pointer&quot;:&quot;/items/properties/category/properties/name&quot;}&#10;    domain: &quot;syntax&quot;&#10;    ignored: [&quot;$id&quot;,&quot;examples&quot;]&#10;warning: the following keywords are unknown and will be ignored: [$id, examples]&#10;    level: &quot;warning&quot;&#10;    schema: {&quot;loadingURI&quot;:&quot;#&quot;,&quot;pointer&quot;:&quot;/items/properties/category/properties/id&quot;}&#10;    domain: &quot;syntax&quot;&#10;    ignored: [&quot;$id&quot;,&quot;examples&quot;]&#10;warning: the following keywords are unknown and will be ignored: [$id, examples]&#10;    level: &quot;warning&quot;&#10;    schema: {&quot;loadingURI&quot;:&quot;#&quot;,&quot;pointer&quot;:&quot;/items/properties/category/properties/name&quot;}&#10;    domain: &quot;syntax&quot;&#10;    ignored: [&quot;$id&quot;,&quot;examples&quot;]&#10;warning: the following keywords are unknown and will be ignored: [$id, examples]&#10;    level: &quot;warning&quot;&#10;    schema: {&quot;loadingURI&quot;:&quot;#&quot;,&quot;pointer&quot;:&quot;/items/properties/id&quot;}&#10;    domain: &quot;syntax&quot;&#10;    ignored: [&quot;$id&quot;,&quot;examples&quot;]&#10;warning: the following keywords are unknown and will be ignored: [$id, examples]&#10;    level: &quot;warning&quot;&#10;    schema: {&quot;loadingURI&quot;:&quot;#&quot;,&quot;pointer&quot;:&quot;/items/properties/name&quot;}&#10;    domain: &quot;syntax&quot;&#10;    ignored: [&quot;$id&quot;,&quot;examples&quot;]&#10;warning: the following keywords are unknown and will be ignored: [$id]&#10;    level: &quot;warning&quot;&#10;    schema: {&quot;loadingURI&quot;:&quot;#&quot;,&quot;pointer&quot;:&quot;/items/properties/photoUrls&quot;}&#10;    domain: &quot;syntax&quot;&#10;    ignored: [&quot;$id&quot;]&#10;warning: the following keywords are unknown and will be ignored: [$id, examples]&#10;    level: &quot;warning&quot;&#10;    schema: {&quot;loadingURI&quot;:&quot;#&quot;,&quot;pointer&quot;:&quot;/items/properties/photoUrls/items&quot;}&#10;    domain: &quot;syntax&quot;&#10;    ignored: [&quot;$id&quot;,&quot;examples&quot;]&#10;warning: the following keywords are unknown and will be ignored: [$id, examples]&#10;    level: &quot;warning&quot;&#10;    schema: {&quot;loadingURI&quot;:&quot;#&quot;,&quot;pointer&quot;:&quot;/items/properties/photoUrls/items&quot;}&#10;    domain: &quot;syntax&quot;&#10;    ignored: [&quot;$id&quot;,&quot;examples&quot;]&#10;warning: the following keywords are unknown and will be ignored: [$id, examples]&#10;    level: &quot;warning&quot;&#10;    schema: {&quot;loadingURI&quot;:&quot;#&quot;,&quot;pointer&quot;:&quot;/items/properties/status&quot;}&#10;    domain: &quot;syntax&quot;&#10;    ignored: [&quot;$id&quot;,&quot;examples&quot;]&#10;warning: the following keywords are unknown and will be ignored: [$id]&#10;    level: &quot;warning&quot;&#10;    schema: {&quot;loadingURI&quot;:&quot;#&quot;,&quot;pointer&quot;:&quot;/items/properties/tags&quot;}&#10;    domain: &quot;syntax&quot;&#10;    ignored: [&quot;$id&quot;]&#10;warning: the following keywords are unknown and will be ignored: [$id]&#10;    level: &quot;warning&quot;&#10;    schema: {&quot;loadingURI&quot;:&quot;#&quot;,&quot;pointer&quot;:&quot;/items/properties/tags/items&quot;}&#10;    domain: &quot;syntax&quot;&#10;    ignored: [&quot;$id&quot;]&#10;warning: the following keywords are unknown and will be ignored: [$id, examples]&#10;    level: &quot;warning&quot;&#10;    schema: {&quot;loadingURI&quot;:&quot;#&quot;,&quot;pointer&quot;:&quot;/items/properties/tags/items/properties/id&quot;}&#10;    domain: &quot;syntax&quot;&#10;    ignored: [&quot;$id&quot;,&quot;examples&quot;]&#10;warning: the following keywords are unknown and will be ignored: [$id, examples]&#10;    level: &quot;warning&quot;&#10;    schema: {&quot;loadingURI&quot;:&quot;#&quot;,&quot;pointer&quot;:&quot;/items/properties/tags/items/properties/name&quot;}&#10;    domain: &quot;syntax&quot;&#10;    ignored: [&quot;$id&quot;,&quot;examples&quot;]&#10;warning: the following keywords are unknown and will be ignored: [$id]&#10;    level: &quot;warning&quot;&#10;    schema: {&quot;loadingURI&quot;:&quot;#&quot;,&quot;pointer&quot;:&quot;/items/properties/tags/items&quot;}&#10;    domain: &quot;syntax&quot;&#10;    ignored: [&quot;$id&quot;]&#10;warning: the following keywords are unknown and will be ignored: [$id, examples]&#10;    level: &quot;warning&quot;&#10;    schema: {&quot;loadingURI&quot;:&quot;#&quot;,&quot;pointer&quot;:&quot;/items/properties/tags/items/properties/id&quot;}&#10;    domain: &quot;syntax&quot;&#10;    ignored: [&quot;$id&quot;,&quot;examples&quot;]&#10;warning: the following keywords are unknown and will be ignored: [$id, examples]&#10;    level: &quot;warning&quot;&#10;    schema: {&quot;loadingURI&quot;:&quot;#&quot;,&quot;pointer&quot;:&quot;/items/properties/tags/items/properties/name&quot;}&#10;    domain: &quot;syntax&quot;&#10;    ignored: [&quot;$id&quot;,&quot;examples&quot;]&#10;warning: the following keywords are unknown and will be ignored: [$id, examples]&#10;    level: &quot;warning&quot;&#10;    schema: {&quot;loadingURI&quot;:&quot;#&quot;,&quot;pointer&quot;:&quot;/items/properties/tags/items/properties/id&quot;}&#10;    domain: &quot;syntax&quot;&#10;    ignored: [&quot;$id&quot;,&quot;examples&quot;]&#10;warning: the following keywords are unknown and will be ignored: [$id, examples]&#10;    level: &quot;warning&quot;&#10;    schema: {&quot;loadingURI&quot;:&quot;#&quot;,&quot;pointer&quot;:&quot;/items/properties/tags/items/properties/name&quot;}&#10;    domain: &quot;syntax&quot;&#10;    ignored: [&quot;$id&quot;,&quot;examples&quot;]&#10;warning: the following keywords are unknown and will be ignored: [$id]&#10;    level: &quot;warning&quot;&#10;    schema: {&quot;loadingURI&quot;:&quot;#&quot;,&quot;pointer&quot;:&quot;/items&quot;}&#10;    domain: &quot;syntax&quot;&#10;    ignored: [&quot;$id&quot;]&#10;warning: the following keywords are unknown and will be ignored: [$id]&#10;    level: &quot;warning&quot;&#10;    schema: {&quot;loadingURI&quot;:&quot;#&quot;,&quot;pointer&quot;:&quot;/items/properties/category&quot;}&#10;    domain: &quot;syntax&quot;&#10;    ignored: [&quot;$id&quot;]&#10;warning: the following keywords are unknown and will be ignored: [$id, examples]&#10;    level: &quot;warning&quot;&#10;    schema: {&quot;loadingURI&quot;:&quot;#&quot;,&quot;pointer&quot;:&quot;/items/properties/category/properties/id&quot;}&#10;    domain: &quot;syntax&quot;&#10;    ignored: [&quot;$id&quot;,&quot;examples&quot;]&#10;warning: the following keywords are unknown and will be ignored: [$id, examples]&#10;    level: &quot;warning&quot;&#10;    schema: {&quot;loadingURI&quot;:&quot;#&quot;,&quot;pointer&quot;:&quot;/items/properties/category/properties/name&quot;}&#10;    domain: &quot;syntax&quot;&#10;    ignored: [&quot;$id&quot;,&quot;examples&quot;]&#10;warning: the following keywords are unknown and will be ignored: [$id, examples]&#10;    level: &quot;warning&quot;&#10;    schema: {&quot;loadingURI&quot;:&quot;#&quot;,&quot;pointer&quot;:&quot;/items/properties/id&quot;}&#10;    domain: &quot;syntax&quot;&#10;    ignored: [&quot;$id&quot;,&quot;examples&quot;]&#10;warning: the following keywords are unknown and will be ignored: [$id, examples]&#10;    level: &quot;warning&quot;&#10;    schema: {&quot;loadingURI&quot;:&quot;#&quot;,&quot;pointer&quot;:&quot;/items/properties/name&quot;}&#10;    domain: &quot;syntax&quot;&#10;    ignored: [&quot;$id&quot;,&quot;examples&quot;]&#10;warning: the following keywords are unknown and will be ignored: [$id]&#10;    level: &quot;warning&quot;&#10;    schema: {&quot;loadingURI&quot;:&quot;#&quot;,&quot;pointer&quot;:&quot;/items/properties/photoUrls&quot;}&#10;    domain: &quot;syntax&quot;&#10;    ignored: [&quot;$id&quot;]&#10;warning: the following keywords are unknown and will be ignored: [$id, examples]&#10;    level: &quot;warning&quot;&#10;    schema: {&quot;loadingURI&quot;:&quot;#&quot;,&quot;pointer&quot;:&quot;/items/properties/photoUrls/items&quot;}&#10;    domain: &quot;syntax&quot;&#10;    ignored: [&quot;$id&quot;,&quot;examples&quot;]&#10;warning: the following keywords are unknown and will be ignored: [$id, examples]&#10;    level: &quot;warning&quot;&#10;    schema: {&quot;loadingURI&quot;:&quot;#&quot;,&quot;pointer&quot;:&quot;/items/properties/status&quot;}&#10;    domain: &quot;syntax&quot;&#10;    ignored: [&quot;$id&quot;,&quot;examples&quot;]&#10;warning: the following keywords are unknown and will be ignored: [$id]&#10;    level: &quot;warning&quot;&#10;    schema: {&quot;loadingURI&quot;:&quot;#&quot;,&quot;pointer&quot;:&quot;/items/properties/tags&quot;}&#10;    domain: &quot;syntax&quot;&#10;    ignored: [&quot;$id&quot;]&#10;warning: the following keywords are unknown and will be ignored: [$id]&#10;    level: &quot;warning&quot;&#10;    schema: {&quot;loadingURI&quot;:&quot;#&quot;,&quot;pointer&quot;:&quot;/items/properties/tags/items&quot;}&#10;    domain: &quot;syntax&quot;&#10;    ignored: [&quot;$id&quot;]&#10;warning: the following keywords are unknown and will be ignored: [$id, examples]&#10;    level: &quot;warning&quot;&#10;    schema: {&quot;loadingURI&quot;:&quot;#&quot;,&quot;pointer&quot;:&quot;/items/properties/tags/items/properties/id&quot;}&#10;    domain: &quot;syntax&quot;&#10;    ignored: [&quot;$id&quot;,&quot;examples&quot;]&#10;warning: the following keywords are unknown and will be ignored: [$id, examples]&#10;    level: &quot;warning&quot;&#10;    schema: {&quot;loadingURI&quot;:&quot;#&quot;,&quot;pointer&quot;:&quot;/items/properties/tags/items/properties/name&quot;}&#10;    domain: &quot;syntax&quot;&#10;    ignored: [&quot;$id&quot;,&quot;examples&quot;]&#10;warning: the following keywords are unknown and will be ignored: [$id]&#10;    level: &quot;warning&quot;&#10;    schema: {&quot;loadingURI&quot;:&quot;#&quot;,&quot;pointer&quot;:&quot;/items/properties/category&quot;}&#10;    domain: &quot;syntax&quot;&#10;    ignored: [&quot;$id&quot;]&#10;warning: the following keywords are unknown and will be ignored: [$id, examples]&#10;    level: &quot;warning&quot;&#10;    schema: {&quot;loadingURI&quot;:&quot;#&quot;,&quot;pointer&quot;:&quot;/items/properties/category/properties/id&quot;}&#10;    domain: &quot;syntax&quot;&#10;    ignored: [&quot;$id&quot;,&quot;examples&quot;]&#10;warning: the following keywords are unknown and will be ignored: [$id, examples]&#10;    level: &quot;warning&quot;&#10;    schema: {&quot;loadingURI&quot;:&quot;#&quot;,&quot;pointer&quot;:&quot;/items/properties/category/properties/name&quot;}&#10;    domain: &quot;syntax&quot;&#10;    ignored: [&quot;$id&quot;,&quot;examples&quot;]&#10;warning: the following keywords are unknown and will be ignored: [$id, examples]&#10;    level: &quot;warning&quot;&#10;    schema: {&quot;loadingURI&quot;:&quot;#&quot;,&quot;pointer&quot;:&quot;/items/properties/category/properties/id&quot;}&#10;    domain: &quot;syntax&quot;&#10;    ignored: [&quot;$id&quot;,&quot;examples&quot;]&#10;warning: the following keywords are unknown and will be ignored: [$id, examples]&#10;    level: &quot;warning&quot;&#10;    schema: {&quot;loadingURI&quot;:&quot;#&quot;,&quot;pointer&quot;:&quot;/items/properties/category/properties/name&quot;}&#10;    domain: &quot;syntax&quot;&#10;    ignored: [&quot;$id&quot;,&quot;examples&quot;]&#10;warning: the following keywords are unknown and will be ignored: [$id, examples]&#10;    level: &quot;warning&quot;&#10;    schema: {&quot;loadingURI&quot;:&quot;#&quot;,&quot;pointer&quot;:&quot;/items/properties/id&quot;}&#10;    domain: &quot;syntax&quot;&#10;    ignored: [&quot;$id&quot;,&quot;examples&quot;]&#10;warning: the following keywords are unknown and will be ignored: [$id, examples]&#10;    level: &quot;warning&quot;&#10;    schema: {&quot;loadingURI&quot;:&quot;#&quot;,&quot;pointer&quot;:&quot;/items/properties/name&quot;}&#10;    domain: &quot;syntax&quot;&#10;    ignored: [&quot;$id&quot;,&quot;examples&quot;]&#10;warning: the following keywords are unknown and will be ignored: [$id]&#10;    level: &quot;warning&quot;&#10;    schema: {&quot;loadingURI&quot;:&quot;#&quot;,&quot;pointer&quot;:&quot;/items/properties/photoUrls&quot;}&#10;    domain: &quot;syntax&quot;&#10;    ignored: [&quot;$id&quot;]&#10;warning: the following keywords are unknown and will be ignored: [$id, examples]&#10;    level: &quot;warning&quot;&#10;    schema: {&quot;loadingURI&quot;:&quot;#&quot;,&quot;pointer&quot;:&quot;/items/properties/photoUrls/items&quot;}&#10;    domain: &quot;syntax&quot;&#10;    ignored: [&quot;$id&quot;,&quot;examples&quot;]&#10;warning: the following keywords are unknown and will be ignored: [$id, examples]&#10;    level: &quot;warning&quot;&#10;    schema: {&quot;loadingURI&quot;:&quot;#&quot;,&quot;pointer&quot;:&quot;/items/properties/photoUrls/items&quot;}&#10;    domain: &quot;syntax&quot;&#10;    ignored: [&quot;$id&quot;,&quot;examples&quot;]&#10;warning: the following keywords are unknown and will be ignored: [$id, examples]&#10;    level: &quot;warning&quot;&#10;    schema: {&quot;loadingURI&quot;:&quot;#&quot;,&quot;pointer&quot;:&quot;/items/properties/status&quot;}&#10;    domain: &quot;syntax&quot;&#10;    ignored: [&quot;$id&quot;,&quot;examples&quot;]&#10;warning: the following keywords are unknown and will be ignored: [$id]&#10;    level: &quot;warning&quot;&#10;    schema: {&quot;loadingURI&quot;:&quot;#&quot;,&quot;pointer&quot;:&quot;/items/properties/tags&quot;}&#10;    domain: &quot;syntax&quot;&#10;    ignored: [&quot;$id&quot;]&#10;warning: the following keywords are unknown and will be ignored: [$id]&#10;    level: &quot;warning&quot;&#10;    schema: {&quot;loadingURI&quot;:&quot;#&quot;,&quot;pointer&quot;:&quot;/items/properties/tags/items&quot;}&#10;    domain: &quot;syntax&quot;&#10;    ignored: [&quot;$id&quot;]&#10;warning: the following keywords are unknown and will be ignored: [$id, examples]&#10;    level: &quot;warning&quot;&#10;    schema: {&quot;loadingURI&quot;:&quot;#&quot;,&quot;pointer&quot;:&quot;/items/properties/tags/items/properties/id&quot;}&#10;    domain: &quot;syntax&quot;&#10;    ignored: [&quot;$id&quot;,&quot;examples&quot;]&#10;warning: the following keywords are unknown and will be ignored: [$id, examples]&#10;    level: &quot;warning&quot;&#10;    schema: {&quot;loadingURI&quot;:&quot;#&quot;,&quot;pointer&quot;:&quot;/items/properties/tags/items/properties/name&quot;}&#10;    domain: &quot;syntax&quot;&#10;    ignored: [&quot;$id&quot;,&quot;examples&quot;]&#10;warning: the following keywords are unknown and will be ignored: [$id]&#10;    level: &quot;warning&quot;&#10;    schema: {&quot;loadingURI&quot;:&quot;#&quot;,&quot;pointer&quot;:&quot;/items/properties/tags/items&quot;}&#10;    domain: &quot;syntax&quot;&#10;    ignored: [&quot;$id&quot;]&#10;warning: the following keywords are unknown and will be ignored: [$id, examples]&#10;    level: &quot;warning&quot;&#10;    schema: {&quot;loadingURI&quot;:&quot;#&quot;,&quot;pointer&quot;:&quot;/items/properties/tags/items/properties/id&quot;}&#10;    domain: &quot;syntax&quot;&#10;    ignored: [&quot;$id&quot;,&quot;examples&quot;]&#10;warning: the following keywords are unknown and will be ignored: [$id, examples]&#10;    level: &quot;warning&quot;&#10;    schema: {&quot;loadingURI&quot;:&quot;#&quot;,&quot;pointer&quot;:&quot;/items/properties/tags/items/properties/name&quot;}&#10;    domain: &quot;syntax&quot;&#10;    ignored: [&quot;$id&quot;,&quot;examples&quot;]&#10;warning: the following keywords are unknown and will be ignored: [$id, examples]&#10;    level: &quot;warning&quot;&#10;    schema: {&quot;loadingURI&quot;:&quot;#&quot;,&quot;pointer&quot;:&quot;/items/properties/tags/items/properties/id&quot;}&#10;    domain: &quot;syntax&quot;&#10;    ignored: [&quot;$id&quot;,&quot;examples&quot;]&#10;warning: the following keywords are unknown and will be ignored: [$id, examples]&#10;    level: &quot;warning&quot;&#10;    schema: {&quot;loadingURI&quot;:&quot;#&quot;,&quot;pointer&quot;:&quot;/items/properties/tags/items/properties/name&quot;}&#10;    domain: &quot;syntax&quot;&#10;    ignored: [&quot;$id&quot;,&quot;examples&quot;]&#10;warning: the following keywords are unknown and will be ignored: [$id]&#10;    level: &quot;warning&quot;&#10;    schema: {&quot;loadingURI&quot;:&quot;#&quot;,&quot;pointer&quot;:&quot;/items&quot;}&#10;    domain: &quot;syntax&quot;&#10;    ignored: [&quot;$id&quot;]&#10;warning: the following keywords are unknown and will be ignored: [$id]&#10;    level: &quot;warning&quot;&#10;    schema: {&quot;loadingURI&quot;:&quot;#&quot;,&quot;pointer&quot;:&quot;/items/properties/category&quot;}&#10;    domain: &quot;syntax&quot;&#10;    ignored: [&quot;$id&quot;]&#10;warning: the following keywords are unknown and will be ignored: [$id, examples]&#10;    level: &quot;warning&quot;&#10;    schema: {&quot;loadingURI&quot;:&quot;#&quot;,&quot;pointer&quot;:&quot;/items/properties/category/properties/id&quot;}&#10;    domain: &quot;syntax&quot;&#10;    ignored: [&quot;$id&quot;,&quot;examples&quot;]&#10;warning: the following keywords are unknown and will be ignored: [$id, examples]&#10;    level: &quot;warning&quot;&#10;    schema: {&quot;loadingURI&quot;:&quot;#&quot;,&quot;pointer&quot;:&quot;/items/properties/category/properties/name&quot;}&#10;    domain: &quot;syntax&quot;&#10;    ignored: [&quot;$id&quot;,&quot;examples&quot;]&#10;warning: the following keywords are unknown and will be ignored: [$id, examples]&#10;    level: &quot;warning&quot;&#10;    schema: {&quot;loadingURI&quot;:&quot;#&quot;,&quot;pointer&quot;:&quot;/items/properties/id&quot;}&#10;    domain: &quot;syntax&quot;&#10;    ignored: [&quot;$id&quot;,&quot;examples&quot;]&#10;warning: the following keywords are unknown and will be ignored: [$id, examples]&#10;    level: &quot;warning&quot;&#10;    schema: {&quot;loadingURI&quot;:&quot;#&quot;,&quot;pointer&quot;:&quot;/items/properties/name&quot;}&#10;    domain: &quot;syntax&quot;&#10;    ignored: [&quot;$id&quot;,&quot;examples&quot;]&#10;warning: the following keywords are unknown and will be ignored: [$id]&#10;    level: &quot;warning&quot;&#10;    schema: {&quot;loadingURI&quot;:&quot;#&quot;,&quot;pointer&quot;:&quot;/items/properties/photoUrls&quot;}&#10;    domain: &quot;syntax&quot;&#10;    ignored: [&quot;$id&quot;]&#10;warning: the following keywords are unknown and will be ignored: [$id, examples]&#10;    level: &quot;warning&quot;&#10;    schema: {&quot;loadingURI&quot;:&quot;#&quot;,&quot;pointer&quot;:&quot;/items/properties/photoUrls/items&quot;}&#10;    domain: &quot;syntax&quot;&#10;    ignored: [&quot;$id&quot;,&quot;examples&quot;]&#10;warning: the following keywords are unknown and will be ignored: [$id, examples]&#10;    level: &quot;warning&quot;&#10;    schema: {&quot;loadingURI&quot;:&quot;#&quot;,&quot;pointer&quot;:&quot;/items/properties/status&quot;}&#10;    domain: &quot;syntax&quot;&#10;    ignored: [&quot;$id&quot;,&quot;examples&quot;]&#10;warning: the following keywords are unknown and will be ignored: [$id]&#10;    level: &quot;warning&quot;&#10;    schema: {&quot;loadingURI&quot;:&quot;#&quot;,&quot;pointer&quot;:&quot;/items/properties/tags&quot;}&#10;    domain: &quot;syntax&quot;&#10;    ignored: [&quot;$id&quot;]&#10;warning: the following keywords are unknown and will be ignored: [$id]&#10;    level: &quot;warning&quot;&#10;    schema: {&quot;loadingURI&quot;:&quot;#&quot;,&quot;pointer&quot;:&quot;/items/properties/tags/items&quot;}&#10;    domain: &quot;syntax&quot;&#10;    ignored: [&quot;$id&quot;]&#10;warning: the following keywords are unknown and will be ignored: [$id, examples]&#10;    level: &quot;warning&quot;&#10;    schema: {&quot;loadingURI&quot;:&quot;#&quot;,&quot;pointer&quot;:&quot;/items/properties/tags/items/properties/id&quot;}&#10;    domain: &quot;syntax&quot;&#10;    ignored: [&quot;$id&quot;,&quot;examples&quot;]&#10;warning: the following keywords are unknown and will be ignored: [$id, examples]&#10;    level: &quot;warning&quot;&#10;    schema: {&quot;loadingURI&quot;:&quot;#&quot;,&quot;pointer&quot;:&quot;/items/properties/tags/items/properties/name&quot;}&#10;    domain: &quot;syntax&quot;&#10;    ignored: [&quot;$id&quot;,&quot;examples&quot;]&#10;warning: the following keywords are unknown and will be ignored: [$id]&#10;    level: &quot;warning&quot;&#10;    schema: {&quot;loadingURI&quot;:&quot;#&quot;,&quot;pointer&quot;:&quot;/items/properties/category&quot;}&#10;    domain: &quot;syntax&quot;&#10;    ignored: [&quot;$id&quot;]&#10;warning: the following keywords are unknown and will be ignored: [$id, examples]&#10;    level: &quot;warning&quot;&#10;    schema: {&quot;loadingURI&quot;:&quot;#&quot;,&quot;pointer&quot;:&quot;/items/properties/category/properties/id&quot;}&#10;    domain: &quot;syntax&quot;&#10;    ignored: [&quot;$id&quot;,&quot;examples&quot;]&#10;warning: the following keywords are unknown and will be ignored: [$id, examples]&#10;    level: &quot;warning&quot;&#10;    schema: {&quot;loadingURI&quot;:&quot;#&quot;,&quot;pointer&quot;:&quot;/items/properties/category/properties/name&quot;}&#10;    domain: &quot;syntax&quot;&#10;    ignored: [&quot;$id&quot;,&quot;examples&quot;]&#10;warning: the following keywords are unknown and will be ignored: [$id, examples]&#10;    level: &quot;warning&quot;&#10;    schema: {&quot;loadingURI&quot;:&quot;#&quot;,&quot;pointer&quot;:&quot;/items/properties/category/properties/id&quot;}&#10;    domain: &quot;syntax&quot;&#10;    ignored: [&quot;$id&quot;,&quot;examples&quot;]&#10;warning: the following keywords are unknown and will be ignored: [$id, examples]&#10;    level: &quot;warning&quot;&#10;    schema: {&quot;loadingURI&quot;:&quot;#&quot;,&quot;pointer&quot;:&quot;/items/properties/category/properties/name&quot;}&#10;    domain: &quot;syntax&quot;&#10;    ignored: [&quot;$id&quot;,&quot;examples&quot;]&#10;warning: the following keywords are unknown and will be ignored: [$id, examples]&#10;    level: &quot;warning&quot;&#10;    schema: {&quot;loadingURI&quot;:&quot;#&quot;,&quot;pointer&quot;:&quot;/items/properties/id&quot;}&#10;    domain: &quot;syntax&quot;&#10;    ignored: [&quot;$id&quot;,&quot;examples&quot;]&#10;warning: the following keywords are unknown and will be ignored: [$id, examples]&#10;    level: &quot;warning&quot;&#10;    schema: {&quot;loadingURI&quot;:&quot;#&quot;,&quot;pointer&quot;:&quot;/items/properties/name&quot;}&#10;    domain: &quot;syntax&quot;&#10;    ignored: [&quot;$id&quot;,&quot;examples&quot;]&#10;warning: the following keywords are unknown and will be ignored: [$id]&#10;    level: &quot;warning&quot;&#10;    schema: {&quot;loadingURI&quot;:&quot;#&quot;,&quot;pointer&quot;:&quot;/items/properties/photoUrls&quot;}&#10;    domain: &quot;syntax&quot;&#10;    ignored: [&quot;$id&quot;]&#10;warning: the following keywords are unknown and will be ignored: [$id, examples]&#10;    level: &quot;warning&quot;&#10;    schema: {&quot;loadingURI&quot;:&quot;#&quot;,&quot;pointer&quot;:&quot;/items/properties/photoUrls/items&quot;}&#10;    domain: &quot;syntax&quot;&#10;    ignored: [&quot;$id&quot;,&quot;examples&quot;]&#10;warning: the following keywords are unknown and will be ignored: [$id, examples]&#10;    level: &quot;warning&quot;&#10;    schema: {&quot;loadingURI&quot;:&quot;#&quot;,&quot;pointer&quot;:&quot;/items/properties/photoUrls/items&quot;}&#10;    domain: &quot;syntax&quot;&#10;    ignored: [&quot;$id&quot;,&quot;examples&quot;]&#10;warning: the following keywords are unknown and will be ignored: [$id, examples]&#10;    level: &quot;warning&quot;&#10;    schema: {&quot;loadingURI&quot;:&quot;#&quot;,&quot;pointer&quot;:&quot;/items/properties/status&quot;}&#10;    domain: &quot;syntax&quot;&#10;    ignored: [&quot;$id&quot;,&quot;examples&quot;]&#10;warning: the following keywords are unknown and will be ignored: [$id]&#10;    level: &quot;warning&quot;&#10;    schema: {&quot;loadingURI&quot;:&quot;#&quot;,&quot;pointer&quot;:&quot;/items/properties/tags&quot;}&#10;    domain: &quot;syntax&quot;&#10;    ignored: [&quot;$id&quot;]&#10;warning: the following keywords are unknown and will be ignored: [$id]&#10;    level: &quot;warning&quot;&#10;    schema: {&quot;loadingURI&quot;:&quot;#&quot;,&quot;pointer&quot;:&quot;/items/properties/tags/items&quot;}&#10;    domain: &quot;syntax&quot;&#10;    ignored: [&quot;$id&quot;]&#10;warning: the following keywords are unknown and will be ignored: [$id, examples]&#10;    level: &quot;warning&quot;&#10;    schema: {&quot;loadingURI&quot;:&quot;#&quot;,&quot;pointer&quot;:&quot;/items/properties/tags/items/properties/id&quot;}&#10;    domain: &quot;syntax&quot;&#10;    ignored: [&quot;$id&quot;,&quot;examples&quot;]&#10;warning: the following keywords are unknown and will be ignored: [$id, examples]&#10;    level: &quot;warning&quot;&#10;    schema: {&quot;loadingURI&quot;:&quot;#&quot;,&quot;pointer&quot;:&quot;/items/properties/tags/items/properties/name&quot;}&#10;    domain: &quot;syntax&quot;&#10;    ignored: [&quot;$id&quot;,&quot;examples&quot;]&#10;warning: the following keywords are unknown and will be ignored: [$id]&#10;    level: &quot;warning&quot;&#10;    schema: {&quot;loadingURI&quot;:&quot;#&quot;,&quot;pointer&quot;:&quot;/items/properties/tags/items&quot;}&#10;    domain: &quot;syntax&quot;&#10;    ignored: [&quot;$id&quot;]&#10;warning: the following keywords are unknown and will be ignored: [$id, examples]&#10;    level: &quot;warning&quot;&#10;    schema: {&quot;loadingURI&quot;:&quot;#&quot;,&quot;pointer&quot;:&quot;/items/properties/tags/items/properties/id&quot;}&#10;    domain: &quot;syntax&quot;&#10;    ignored: [&quot;$id&quot;,&quot;examples&quot;]&#10;warning: the following keywords are unknown and will be ignored: [$id, examples]&#10;    level: &quot;warning&quot;&#10;    schema: {&quot;loadingURI&quot;:&quot;#&quot;,&quot;pointer&quot;:&quot;/items/properties/tags/items/properties/name&quot;}&#10;    domain: &quot;syntax&quot;&#10;    ignored: [&quot;$id&quot;,&quot;examples&quot;]&#10;warning: the following keywords are unknown and will be ignored: [$id, examples]&#10;    level: &quot;warning&quot;&#10;    schema: {&quot;loadingURI&quot;:&quot;#&quot;,&quot;pointer&quot;:&quot;/items/properties/tags/items/properties/id&quot;}&#10;    domain: &quot;syntax&quot;&#10;    ignored: [&quot;$id&quot;,&quot;examples&quot;]&#10;warning: the following keywords are unknown and will be ignored: [$id, examples]&#10;    level: &quot;warning&quot;&#10;    schema: {&quot;loadingURI&quot;:&quot;#&quot;,&quot;pointer&quot;:&quot;/items/properties/tags/items/properties/name&quot;}&#10;    domain: &quot;syntax&quot;&#10;    ignored: [&quot;$id&quot;,&quot;examples&quot;]&#10;warning: the following keywords are unknown and will be ignored: [$id]&#10;    level: &quot;warning&quot;&#10;    schema: {&quot;loadingURI&quot;:&quot;#&quot;,&quot;pointer&quot;:&quot;/items&quot;}&#10;    domain: &quot;syntax&quot;&#10;    ignored: [&quot;$id&quot;]&#10;warning: the following keywords are unknown and will be ignored: [$id]&#10;    level: &quot;warning&quot;&#10;    schema: {&quot;loadingURI&quot;:&quot;#&quot;,&quot;pointer&quot;:&quot;/items/properties/category&quot;}&#10;    domain: &quot;syntax&quot;&#10;    ignored: [&quot;$id&quot;]&#10;warning: the following keywords are unknown and will be ignored: [$id, examples]&#10;    level: &quot;warning&quot;&#10;    schema: {&quot;loadingURI&quot;:&quot;#&quot;,&quot;pointer&quot;:&quot;/items/properties/category/properties/id&quot;}&#10;    domain: &quot;syntax&quot;&#10;    ignored: [&quot;$id&quot;,&quot;examples&quot;]&#10;warning: the following keywords are unknown and will be ignored: [$id, examples]&#10;    level: &quot;warning&quot;&#10;    schema: {&quot;loadingURI&quot;:&quot;#&quot;,&quot;pointer&quot;:&quot;/items/properties/category/properties/name&quot;}&#10;    domain: &quot;syntax&quot;&#10;    ignored: [&quot;$id&quot;,&quot;examples&quot;]&#10;warning: the following keywords are unknown and will be ignored: [$id, examples]&#10;    level: &quot;warning&quot;&#10;    schema: {&quot;loadingURI&quot;:&quot;#&quot;,&quot;pointer&quot;:&quot;/items/properties/id&quot;}&#10;    domain: &quot;syntax&quot;&#10;    ignored: [&quot;$id&quot;,&quot;examples&quot;]&#10;warning: the following keywords are unknown and will be ignored: [$id, examples]&#10;    level: &quot;warning&quot;&#10;    schema: {&quot;loadingURI&quot;:&quot;#&quot;,&quot;pointer&quot;:&quot;/items/properties/name&quot;}&#10;    domain: &quot;syntax&quot;&#10;    ignored: [&quot;$id&quot;,&quot;examples&quot;]&#10;warning: the following keywords are unknown and will be ignored: [$id]&#10;    level: &quot;warning&quot;&#10;    schema: {&quot;loadingURI&quot;:&quot;#&quot;,&quot;pointer&quot;:&quot;/items/properties/photoUrls&quot;}&#10;    domain: &quot;syntax&quot;&#10;    ignored: [&quot;$id&quot;]&#10;warning: the following keywords are unknown and will be ignored: [$id, examples]&#10;    level: &quot;warning&quot;&#10;    schema: {&quot;loadingURI&quot;:&quot;#&quot;,&quot;pointer&quot;:&quot;/items/properties/photoUrls/items&quot;}&#10;    domain: &quot;syntax&quot;&#10;    ignored: [&quot;$id&quot;,&quot;examples&quot;]&#10;warning: the following keywords are unknown and will be ignored: [$id, examples]&#10;    level: &quot;warning&quot;&#10;    schema: {&quot;loadingURI&quot;:&quot;#&quot;,&quot;pointer&quot;:&quot;/items/properties/status&quot;}&#10;    domain: &quot;syntax&quot;&#10;    ignored: [&quot;$id&quot;,&quot;examples&quot;]&#10;warning: the following keywords are unknown and will be ignored: [$id]&#10;    level: &quot;warning&quot;&#10;    schema: {&quot;loadingURI&quot;:&quot;#&quot;,&quot;pointer&quot;:&quot;/items/properties/tags&quot;}&#10;    domain: &quot;syntax&quot;&#10;    ignored: [&quot;$id&quot;]&#10;warning: the following keywords are unknown and will be ignored: [$id]&#10;    level: &quot;warning&quot;&#10;    schema: {&quot;loadingURI&quot;:&quot;#&quot;,&quot;pointer&quot;:&quot;/items/properties/tags/items&quot;}&#10;    domain: &quot;syntax&quot;&#10;    ignored: [&quot;$id&quot;]&#10;warning: the following keywords are unknown and will be ignored: [$id, examples]&#10;    level: &quot;warning&quot;&#10;    schema: {&quot;loadingURI&quot;:&quot;#&quot;,&quot;pointer&quot;:&quot;/items/properties/tags/items/properties/id&quot;}&#10;    domain: &quot;syntax&quot;&#10;    ignored: [&quot;$id&quot;,&quot;examples&quot;]&#10;warning: the following keywords are unknown and will be ignored: [$id, examples]&#10;    level: &quot;warning&quot;&#10;    schema: {&quot;loadingURI&quot;:&quot;#&quot;,&quot;pointer&quot;:&quot;/items/properties/tags/items/properties/name&quot;}&#10;    domain: &quot;syntax&quot;&#10;    ignored: [&quot;$id&quot;,&quot;examples&quot;]&#10;warning: the following keywords are unknown and will be ignored: [$id]&#10;    level: &quot;warning&quot;&#10;    schema: {&quot;loadingURI&quot;:&quot;#&quot;,&quot;pointer&quot;:&quot;/items/properties/category&quot;}&#10;    domain: &quot;syntax&quot;&#10;    ignored: [&quot;$id&quot;]&#10;warning: the following keywords are unknown and will be ignored: [$id, examples]&#10;    level: &quot;warning&quot;&#10;    schema: {&quot;loadingURI&quot;:&quot;#&quot;,&quot;pointer&quot;:&quot;/items/properties/category/properties/id&quot;}&#10;    domain: &quot;syntax&quot;&#10;    ignored: [&quot;$id&quot;,&quot;examples&quot;]&#10;warning: the following keywords are unknown and will be ignored: [$id, examples]&#10;    level: &quot;warning&quot;&#10;    schema: {&quot;loadingURI&quot;:&quot;#&quot;,&quot;pointer&quot;:&quot;/items/properties/category/properties/name&quot;}&#10;    domain: &quot;syntax&quot;&#10;    ignored: [&quot;$id&quot;,&quot;examples&quot;]&#10;warning: the following keywords are unknown and will be ignored: [$id, examples]&#10;    level: &quot;warning&quot;&#10;    schema: {&quot;loadingURI&quot;:&quot;#&quot;,&quot;pointer&quot;:&quot;/items/properties/category/properties/id&quot;}&#10;    domain: &quot;syntax&quot;&#10;    ignored: [&quot;$id&quot;,&quot;examples&quot;]&#10;warning: the following keywords are unknown and will be ignored: [$id, examples]&#10;    level: &quot;warning&quot;&#10;    schema: {&quot;loadingURI&quot;:&quot;#&quot;,&quot;pointer&quot;:&quot;/items/properties/category/properties/name&quot;}&#10;    domain: &quot;syntax&quot;&#10;    ignored: [&quot;$id&quot;,&quot;examples&quot;]&#10;warning: the following keywords are unknown and will be ignored: [$id, examples]&#10;    level: &quot;warning&quot;&#10;    schema: {&quot;loadingURI&quot;:&quot;#&quot;,&quot;pointer&quot;:&quot;/items/properties/id&quot;}&#10;    domain: &quot;syntax&quot;&#10;    ignored: [&quot;$id&quot;,&quot;examples&quot;]&#10;warning: the following keywords are unknown and will be ignored: [$id, examples]&#10;    level: &quot;warning&quot;&#10;    schema: {&quot;loadingURI&quot;:&quot;#&quot;,&quot;pointer&quot;:&quot;/items/properties/name&quot;}&#10;    domain: &quot;syntax&quot;&#10;    ignored: [&quot;$id&quot;,&quot;examples&quot;]&#10;warning: the following keywords are unknown and will be ignored: [$id]&#10;    level: &quot;warning&quot;&#10;    schema: {&quot;loadingURI&quot;:&quot;#&quot;,&quot;pointer&quot;:&quot;/items/properties/photoUrls&quot;}&#10;    domain: &quot;syntax&quot;&#10;    ignored: [&quot;$id&quot;]&#10;warning: the following keywords are unknown and will be ignored: [$id, examples]&#10;    level: &quot;warning&quot;&#10;    schema: {&quot;loadingURI&quot;:&quot;#&quot;,&quot;pointer&quot;:&quot;/items/properties/photoUrls/items&quot;}&#10;    domain: &quot;syntax&quot;&#10;    ignored: [&quot;$id&quot;,&quot;examples&quot;]&#10;warning: the following keywords are unknown and will be ignored: [$id, examples]&#10;    level: &quot;warning&quot;&#10;    schema: {&quot;loadingURI&quot;:&quot;#&quot;,&quot;pointer&quot;:&quot;/items/properties/photoUrls/items&quot;}&#10;    domain: &quot;syntax&quot;&#10;    ignored: [&quot;$id&quot;,&quot;examples&quot;]&#10;warning: the following keywords are unknown and will be ignored: [$id, examples]&#10;    level: &quot;warning&quot;&#10;    schema: {&quot;loadingURI&quot;:&quot;#&quot;,&quot;pointer&quot;:&quot;/items/properties/status&quot;}&#10;    domain: &quot;syntax&quot;&#10;    ignored: [&quot;$id&quot;,&quot;examples&quot;]&#10;warning: the following keywords are unknown and will be ignored: [$id]&#10;    level: &quot;warning&quot;&#10;    schema: {&quot;loadingURI&quot;:&quot;#&quot;,&quot;pointer&quot;:&quot;/items/properties/tags&quot;}&#10;    domain: &quot;syntax&quot;&#10;    ignored: [&quot;$id&quot;]&#10;warning: the following keywords are unknown and will be ignored: [$id]&#10;    level: &quot;warning&quot;&#10;    schema: {&quot;loadingURI&quot;:&quot;#&quot;,&quot;pointer&quot;:&quot;/items/properties/tags/items&quot;}&#10;    domain: &quot;syntax&quot;&#10;    ignored: [&quot;$id&quot;]&#10;warning: the following keywords are unknown and will be ignored: [$id, examples]&#10;    level: &quot;warning&quot;&#10;    schema: {&quot;loadingURI&quot;:&quot;#&quot;,&quot;pointer&quot;:&quot;/items/properties/tags/items/properties/id&quot;}&#10;    domain: &quot;syntax&quot;&#10;    ignored: [&quot;$id&quot;,&quot;examples&quot;]&#10;warning: the following keywords are unknown and will be ignored: [$id, examples]&#10;    level: &quot;warning&quot;&#10;    schema: {&quot;loadingURI&quot;:&quot;#&quot;,&quot;pointer&quot;:&quot;/items/properties/tags/items/properties/name&quot;}&#10;    domain: &quot;syntax&quot;&#10;    ignored: [&quot;$id&quot;,&quot;examples&quot;]&#10;warning: the following keywords are unknown and will be ignored: [$id]&#10;    level: &quot;warning&quot;&#10;    schema: {&quot;loadingURI&quot;:&quot;#&quot;,&quot;pointer&quot;:&quot;/items/properties/tags/items&quot;}&#10;    domain: &quot;syntax&quot;&#10;    ignored: [&quot;$id&quot;]&#10;warning: the following keywords are unknown and will be ignored: [$id, examples]&#10;    level: &quot;warning&quot;&#10;    schema: {&quot;loadingURI&quot;:&quot;#&quot;,&quot;pointer&quot;:&quot;/items/properties/tags/items/properties/id&quot;}&#10;    domain: &quot;syntax&quot;&#10;    ignored: [&quot;$id&quot;,&quot;examples&quot;]&#10;warning: the following keywords are unknown and will be ignored: [$id, examples]&#10;    level: &quot;warning&quot;&#10;    schema: {&quot;loadingURI&quot;:&quot;#&quot;,&quot;pointer&quot;:&quot;/items/properties/tags/items/properties/name&quot;}&#10;    domain: &quot;syntax&quot;&#10;    ignored: [&quot;$id&quot;,&quot;examples&quot;]&#10;warning: the following keywords are unknown and will be ignored: [$id, examples]&#10;    level: &quot;warning&quot;&#10;    schema: {&quot;loadingURI&quot;:&quot;#&quot;,&quot;pointer&quot;:&quot;/items/properties/tags/items/properties/id&quot;}&#10;    domain: &quot;syntax&quot;&#10;    ignored: [&quot;$id&quot;,&quot;examples&quot;]&#10;warning: the following keywords are unknown and will be ignored: [$id, examples]&#10;    level: &quot;warning&quot;&#10;    schema: {&quot;loadingURI&quot;:&quot;#&quot;,&quot;pointer&quot;:&quot;/items/properties/tags/items/properties/name&quot;}&#10;    domain: &quot;syntax&quot;&#10;    ignored: [&quot;$id&quot;,&quot;examples&quot;]&#10;warning: the following keywords are unknown and will be ignored: [$id]&#10;    level: &quot;warning&quot;&#10;    schema: {&quot;loadingURI&quot;:&quot;#&quot;,&quot;pointer&quot;:&quot;/items&quot;}&#10;    domain: &quot;syntax&quot;&#10;    ignored: [&quot;$id&quot;]&#10;warning: the following keywords are unknown and will be ignored: [$id]&#10;    level: &quot;warning&quot;&#10;    schema: {&quot;loadingURI&quot;:&quot;#&quot;,&quot;pointer&quot;:&quot;/items/properties/category&quot;}&#10;    domain: &quot;syntax&quot;&#10;    ignored: [&quot;$id&quot;]&#10;warning: the following keywords are unknown and will be ignored: [$id, examples]&#10;    level: &quot;warning&quot;&#10;    schema: {&quot;loadingURI&quot;:&quot;#&quot;,&quot;pointer&quot;:&quot;/items/properties/category/properties/id&quot;}&#10;    domain: &quot;syntax&quot;&#10;    ignored: [&quot;$id&quot;,&quot;examples&quot;]&#10;warning: the following keywords are unknown and will be ignored: [$id, examples]&#10;    level: &quot;warning&quot;&#10;    schema: {&quot;loadingURI&quot;:&quot;#&quot;,&quot;pointer&quot;:&quot;/items/properties/category/properties/name&quot;}&#10;    domain: &quot;syntax&quot;&#10;    ignored: [&quot;$id&quot;,&quot;examples&quot;]&#10;warning: the following keywords are unknown and will be ignored: [$id, examples]&#10;    level: &quot;warning&quot;&#10;    schema: {&quot;loadingURI&quot;:&quot;#&quot;,&quot;pointer&quot;:&quot;/items/properties/id&quot;}&#10;    domain: &quot;syntax&quot;&#10;    ignored: [&quot;$id&quot;,&quot;examples&quot;]&#10;warning: the following keywords are unknown and will be ignored: [$id, examples]&#10;    level: &quot;warning&quot;&#10;    schema: {&quot;loadingURI&quot;:&quot;#&quot;,&quot;pointer&quot;:&quot;/items/properties/name&quot;}&#10;    domain: &quot;syntax&quot;&#10;    ignored: [&quot;$id&quot;,&quot;examples&quot;]&#10;warning: the following keywords are unknown and will be ignored: [$id]&#10;    level: &quot;warning&quot;&#10;    schema: {&quot;loadingURI&quot;:&quot;#&quot;,&quot;pointer&quot;:&quot;/items/properties/photoUrls&quot;}&#10;    domain: &quot;syntax&quot;&#10;    ignored: [&quot;$id&quot;]&#10;warning: the following keywords are unknown and will be ignored: [$id, examples]&#10;    level: &quot;warning&quot;&#10;    schema: {&quot;loadingURI&quot;:&quot;#&quot;,&quot;pointer&quot;:&quot;/items/properties/photoUrls/items&quot;}&#10;    domain: &quot;syntax&quot;&#10;    ignored: [&quot;$id&quot;,&quot;examples&quot;]&#10;warning: the following keywords are unknown and will be ignored: [$id, examples]&#10;    level: &quot;warning&quot;&#10;    schema: {&quot;loadingURI&quot;:&quot;#&quot;,&quot;pointer&quot;:&quot;/items/properties/status&quot;}&#10;    domain: &quot;syntax&quot;&#10;    ignored: [&quot;$id&quot;,&quot;examples&quot;]&#10;warning: the following keywords are unknown and will be ignored: [$id]&#10;    level: &quot;warning&quot;&#10;    schema: {&quot;loadingURI&quot;:&quot;#&quot;,&quot;pointer&quot;:&quot;/items/properties/tags&quot;}&#10;    domain: &quot;syntax&quot;&#10;    ignored: [&quot;$id&quot;]&#10;warning: the following keywords are unknown and will be ignored: [$id]&#10;    level: &quot;warning&quot;&#10;    schema: {&quot;loadingURI&quot;:&quot;#&quot;,&quot;pointer&quot;:&quot;/items/properties/tags/items&quot;}&#10;    domain: &quot;syntax&quot;&#10;    ignored: [&quot;$id&quot;]&#10;warning: the following keywords are unknown and will be ignored: [$id, examples]&#10;    level: &quot;warning&quot;&#10;    schema: {&quot;loadingURI&quot;:&quot;#&quot;,&quot;pointer&quot;:&quot;/items/properties/tags/items/properties/id&quot;}&#10;    domain: &quot;syntax&quot;&#10;    ignored: [&quot;$id&quot;,&quot;examples&quot;]&#10;warning: the following keywords are unknown and will be ignored: [$id, examples]&#10;    level: &quot;warning&quot;&#10;    schema: {&quot;loadingURI&quot;:&quot;#&quot;,&quot;pointer&quot;:&quot;/items/properties/tags/items/properties/name&quot;}&#10;    domain: &quot;syntax&quot;&#10;    ignored: [&quot;$id&quot;,&quot;examples&quot;]&#10;warning: the following keywords are unknown and will be ignored: [$id]&#10;    level: &quot;warning&quot;&#10;    schema: {&quot;loadingURI&quot;:&quot;#&quot;,&quot;pointer&quot;:&quot;/items/properties/category&quot;}&#10;    domain: &quot;syntax&quot;&#10;    ignored: [&quot;$id&quot;]&#10;warning: the following keywords are unknown and will be ignored: [$id, examples]&#10;    level: &quot;warning&quot;&#10;    schema: {&quot;loadingURI&quot;:&quot;#&quot;,&quot;pointer&quot;:&quot;/items/properties/category/properties/id&quot;}&#10;    domain: &quot;syntax&quot;&#10;    ignored: [&quot;$id&quot;,&quot;examples&quot;]&#10;warning: the following keywords are unknown and will be ignored: [$id, examples]&#10;    level: &quot;warning&quot;&#10;    schema: {&quot;loadingURI&quot;:&quot;#&quot;,&quot;pointer&quot;:&quot;/items/properties/category/properties/name&quot;}&#10;    domain: &quot;syntax&quot;&#10;    ignored: [&quot;$id&quot;,&quot;examples&quot;]&#10;warning: the following keywords are unknown and will be ignored: [$id, examples]&#10;    level: &quot;warning&quot;&#10;    schema: {&quot;loadingURI&quot;:&quot;#&quot;,&quot;pointer&quot;:&quot;/items/properties/category/properties/id&quot;}&#10;    domain: &quot;syntax&quot;&#10;    ignored: [&quot;$id&quot;,&quot;examples&quot;]&#10;warning: the following keywords are unknown and will be ignored: [$id, examples]&#10;    level: &quot;warning&quot;&#10;    schema: {&quot;loadingURI&quot;:&quot;#&quot;,&quot;pointer&quot;:&quot;/items/properties/category/properties/name&quot;}&#10;    domain: &quot;syntax&quot;&#10;    ignored: [&quot;$id&quot;,&quot;examples&quot;]&#10;warning: the following keywords are unknown and will be ignored: [$id, examples]&#10;    level: &quot;warning&quot;&#10;    schema: {&quot;loadingURI&quot;:&quot;#&quot;,&quot;pointer&quot;:&quot;/items/properties/id&quot;}&#10;    domain: &quot;syntax&quot;&#10;    ignored: [&quot;$id&quot;,&quot;examples&quot;]&#10;warning: the following keywords are unknown and will be ignored: [$id, examples]&#10;    level: &quot;warning&quot;&#10;    schema: {&quot;loadingURI&quot;:&quot;#&quot;,&quot;pointer&quot;:&quot;/items/properties/name&quot;}&#10;    domain: &quot;syntax&quot;&#10;    ignored: [&quot;$id&quot;,&quot;examples&quot;]&#10;warning: the following keywords are unknown and will be ignored: [$id]&#10;    level: &quot;warning&quot;&#10;    schema: {&quot;loadingURI&quot;:&quot;#&quot;,&quot;pointer&quot;:&quot;/items/properties/photoUrls&quot;}&#10;    domain: &quot;syntax&quot;&#10;    ignored: [&quot;$id&quot;]&#10;warning: the following keywords are unknown and will be ignored: [$id, examples]&#10;    level: &quot;warning&quot;&#10;    schema: {&quot;loadingURI&quot;:&quot;#&quot;,&quot;pointer&quot;:&quot;/items/properties/photoUrls/items&quot;}&#10;    domain: &quot;syntax&quot;&#10;    ignored: [&quot;$id&quot;,&quot;examples&quot;]&#10;warning: the following keywords are unknown and will be ignored: [$id, examples]&#10;    level: &quot;warning&quot;&#10;    schema: {&quot;loadingURI&quot;:&quot;#&quot;,&quot;pointer&quot;:&quot;/items/properties/photoUrls/items&quot;}&#10;    domain: &quot;syntax&quot;&#10;    ignored: [&quot;$id&quot;,&quot;examples&quot;]&#10;warning: the following keywords are unknown and will be ignored: [$id, examples]&#10;    level: &quot;warning&quot;&#10;    schema: {&quot;loadingURI&quot;:&quot;#&quot;,&quot;pointer&quot;:&quot;/items/properties/status&quot;}&#10;    domain: &quot;syntax&quot;&#10;    ignored: [&quot;$id&quot;,&quot;examples&quot;]&#10;warning: the following keywords are unknown and will be ignored: [$id]&#10;    level: &quot;warning&quot;&#10;    schema: {&quot;loadingURI&quot;:&quot;#&quot;,&quot;pointer&quot;:&quot;/items/properties/tags&quot;}&#10;    domain: &quot;syntax&quot;&#10;    ignored: [&quot;$id&quot;]&#10;warning: the following keywords are unknown and will be ignored: [$id]&#10;    level: &quot;warning&quot;&#10;    schema: {&quot;loadingURI&quot;:&quot;#&quot;,&quot;pointer&quot;:&quot;/items/properties/tags/items&quot;}&#10;    domain: &quot;syntax&quot;&#10;    ignored: [&quot;$id&quot;]&#10;warning: the following keywords are unknown and will be ignored: [$id, examples]&#10;    level: &quot;warning&quot;&#10;    schema: {&quot;loadingURI&quot;:&quot;#&quot;,&quot;pointer&quot;:&quot;/items/properties/tags/items/properties/id&quot;}&#10;    domain: &quot;syntax&quot;&#10;    ignored: [&quot;$id&quot;,&quot;examples&quot;]&#10;warning: the following keywords are unknown and will be ignored: [$id, examples]&#10;    level: &quot;warning&quot;&#10;    schema: {&quot;loadingURI&quot;:&quot;#&quot;,&quot;pointer&quot;:&quot;/items/properties/tags/items/properties/name&quot;}&#10;    domain: &quot;syntax&quot;&#10;    ignored: [&quot;$id&quot;,&quot;examples&quot;]&#10;warning: the following keywords are unknown and will be ignored: [$id]&#10;    level: &quot;warning&quot;&#10;    schema: {&quot;loadingURI&quot;:&quot;#&quot;,&quot;pointer&quot;:&quot;/items/properties/tags/items&quot;}&#10;    domain: &quot;syntax&quot;&#10;    ignored: [&quot;$id&quot;]&#10;warning: the following keywords are unknown and will be ignored: [$id, examples]&#10;    level: &quot;warning&quot;&#10;    schema: {&quot;loadingURI&quot;:&quot;#&quot;,&quot;pointer&quot;:&quot;/items/properties/tags/items/properties/id&quot;}&#10;    domain: &quot;syntax&quot;&#10;    ignored: [&quot;$id&quot;,&quot;examples&quot;]&#10;warning: the following keywords are unknown and will be ignored: [$id, examples]&#10;    level: &quot;warning&quot;&#10;    schema: {&quot;loadingURI&quot;:&quot;#&quot;,&quot;pointer&quot;:&quot;/items/properties/tags/items/properties/name&quot;}&#10;    domain: &quot;syntax&quot;&#10;    ignored: [&quot;$id&quot;,&quot;examples&quot;]&#10;warning: the following keywords are unknown and will be ignored: [$id, examples]&#10;    level: &quot;warning&quot;&#10;    schema: {&quot;loadingURI&quot;:&quot;#&quot;,&quot;pointer&quot;:&quot;/items/properties/tags/items/properties/id&quot;}&#10;    domain: &quot;syntax&quot;&#10;    ignored: [&quot;$id&quot;,&quot;examples&quot;]&#10;warning: the following keywords are unknown and will be ignored: [$id, examples]&#10;    level: &quot;warning&quot;&#10;    schema: {&quot;loadingURI&quot;:&quot;#&quot;,&quot;pointer&quot;:&quot;/items/properties/tags/items/properties/name&quot;}&#10;    domain: &quot;syntax&quot;&#10;    ignored: [&quot;$id&quot;,&quot;examples&quot;]&#10;warning: the following keywords are unknown and will be ignored: [$id]&#10;    level: &quot;warning&quot;&#10;    schema: {&quot;loadingURI&quot;:&quot;#&quot;,&quot;pointer&quot;:&quot;/items&quot;}&#10;    domain: &quot;syntax&quot;&#10;    ignored: [&quot;$id&quot;]&#10;warning: the following keywords are unknown and will be ignored: [$id]&#10;    level: &quot;warning&quot;&#10;    schema: {&quot;loadingURI&quot;:&quot;#&quot;,&quot;pointer&quot;:&quot;/items/properties/category&quot;}&#10;    domain: &quot;syntax&quot;&#10;    ignored: [&quot;$id&quot;]&#10;warning: the following keywords are unknown and will be ignored: [$id, examples]&#10;    level: &quot;warning&quot;&#10;    schema: {&quot;loadingURI&quot;:&quot;#&quot;,&quot;pointer&quot;:&quot;/items/properties/category/properties/id&quot;}&#10;    domain: &quot;syntax&quot;&#10;    ignored: [&quot;$id&quot;,&quot;examples&quot;]&#10;warning: the following keywords are unknown and will be ignored: [$id, examples]&#10;    level: &quot;warning&quot;&#10;    schema: {&quot;loadingURI&quot;:&quot;#&quot;,&quot;pointer&quot;:&quot;/items/properties/category/properties/name&quot;}&#10;    domain: &quot;syntax&quot;&#10;    ignored: [&quot;$id&quot;,&quot;examples&quot;]&#10;warning: the following keywords are unknown and will be ignored: [$id, examples]&#10;    level: &quot;warning&quot;&#10;    schema: {&quot;loadingURI&quot;:&quot;#&quot;,&quot;pointer&quot;:&quot;/items/properties/id&quot;}&#10;    domain: &quot;syntax&quot;&#10;    ignored: [&quot;$id&quot;,&quot;examples&quot;]&#10;warning: the following keywords are unknown and will be ignored: [$id, examples]&#10;    level: &quot;warning&quot;&#10;    schema: {&quot;loadingURI&quot;:&quot;#&quot;,&quot;pointer&quot;:&quot;/items/properties/name&quot;}&#10;    domain: &quot;syntax&quot;&#10;    ignored: [&quot;$id&quot;,&quot;examples&quot;]&#10;warning: the following keywords are unknown and will be ignored: [$id]&#10;    level: &quot;warning&quot;&#10;    schema: {&quot;loadingURI&quot;:&quot;#&quot;,&quot;pointer&quot;:&quot;/items/properties/photoUrls&quot;}&#10;    domain: &quot;syntax&quot;&#10;    ignored: [&quot;$id&quot;]&#10;warning: the following keywords are unknown and will be ignored: [$id, examples]&#10;    level: &quot;warning&quot;&#10;    schema: {&quot;loadingURI&quot;:&quot;#&quot;,&quot;pointer&quot;:&quot;/items/properties/photoUrls/items&quot;}&#10;    domain: &quot;syntax&quot;&#10;    ignored: [&quot;$id&quot;,&quot;examples&quot;]&#10;warning: the following keywords are unknown and will be ignored: [$id, examples]&#10;    level: &quot;warning&quot;&#10;    schema: {&quot;loadingURI&quot;:&quot;#&quot;,&quot;pointer&quot;:&quot;/items/properties/status&quot;}&#10;    domain: &quot;syntax&quot;&#10;    ignored: [&quot;$id&quot;,&quot;examples&quot;]&#10;warning: the following keywords are unknown and will be ignored: [$id]&#10;    level: &quot;warning&quot;&#10;    schema: {&quot;loadingURI&quot;:&quot;#&quot;,&quot;pointer&quot;:&quot;/items/properties/tags&quot;}&#10;    domain: &quot;syntax&quot;&#10;    ignored: [&quot;$id&quot;]&#10;warning: the following keywords are unknown and will be ignored: [$id]&#10;    level: &quot;warning&quot;&#10;    schema: {&quot;loadingURI&quot;:&quot;#&quot;,&quot;pointer&quot;:&quot;/items/properties/tags/items&quot;}&#10;    domain: &quot;syntax&quot;&#10;    ignored: [&quot;$id&quot;]&#10;warning: the following keywords are unknown and will be ignored: [$id, examples]&#10;    level: &quot;warning&quot;&#10;    schema: {&quot;loadingURI&quot;:&quot;#&quot;,&quot;pointer&quot;:&quot;/items/properties/tags/items/properties/id&quot;}&#10;    domain: &quot;syntax&quot;&#10;    ignored: [&quot;$id&quot;,&quot;examples&quot;]&#10;warning: the following keywords are unknown and will be ignored: [$id, examples]&#10;    level: &quot;warning&quot;&#10;    schema: {&quot;loadingURI&quot;:&quot;#&quot;,&quot;pointer&quot;:&quot;/items/properties/tags/items/properties/name&quot;}&#10;    domain: &quot;syntax&quot;&#10;    ignored: [&quot;$id&quot;,&quot;examples&quot;]&#10;warning: the following keywords are unknown and will be ignored: [$id]&#10;    level: &quot;warning&quot;&#10;    schema: {&quot;loadingURI&quot;:&quot;#&quot;,&quot;pointer&quot;:&quot;/items/properties/category&quot;}&#10;    domain: &quot;syntax&quot;&#10;    ignored: [&quot;$id&quot;]&#10;warning: the following keywords are unknown and will be ignored: [$id, examples]&#10;    level: &quot;warning&quot;&#10;    schema: {&quot;loadingURI&quot;:&quot;#&quot;,&quot;pointer&quot;:&quot;/items/properties/category/properties/id&quot;}&#10;    domain: &quot;syntax&quot;&#10;    ignored: [&quot;$id&quot;,&quot;examples&quot;]&#10;warning: the following keywords are unknown and will be ignored: [$id, examples]&#10;    level: &quot;warning&quot;&#10;    schema: {&quot;loadingURI&quot;:&quot;#&quot;,&quot;pointer&quot;:&quot;/items/properties/category/properties/name&quot;}&#10;    domain: &quot;syntax&quot;&#10;    ignored: [&quot;$id&quot;,&quot;examples&quot;]&#10;warning: the following keywords are unknown and will be ignored: [$id, examples]&#10;    level: &quot;warning&quot;&#10;    schema: {&quot;loadingURI&quot;:&quot;#&quot;,&quot;pointer&quot;:&quot;/items/properties/category/properties/id&quot;}&#10;    domain: &quot;syntax&quot;&#10;    ignored: [&quot;$id&quot;,&quot;examples&quot;]&#10;warning: the following keywords are unknown and will be ignored: [$id, examples]&#10;    level: &quot;warning&quot;&#10;    schema: {&quot;loadingURI&quot;:&quot;#&quot;,&quot;pointer&quot;:&quot;/items/properties/category/properties/name&quot;}&#10;    domain: &quot;syntax&quot;&#10;    ignored: [&quot;$id&quot;,&quot;examples&quot;]&#10;warning: the following keywords are unknown and will be ignored: [$id, examples]&#10;    level: &quot;warning&quot;&#10;    schema: {&quot;loadingURI&quot;:&quot;#&quot;,&quot;pointer&quot;:&quot;/items/properties/id&quot;}&#10;    domain: &quot;syntax&quot;&#10;    ignored: [&quot;$id&quot;,&quot;examples&quot;]&#10;warning: the following keywords are unknown and will be ignored: [$id, examples]&#10;    level: &quot;warning&quot;&#10;    schema: {&quot;loadingURI&quot;:&quot;#&quot;,&quot;pointer&quot;:&quot;/items/properties/name&quot;}&#10;    domain: &quot;syntax&quot;&#10;    ignored: [&quot;$id&quot;,&quot;examples&quot;]&#10;warning: the following keywords are unknown and will be ignored: [$id]&#10;    level: &quot;warning&quot;&#10;    schema: {&quot;loadingURI&quot;:&quot;#&quot;,&quot;pointer&quot;:&quot;/items/properties/photoUrls&quot;}&#10;    domain: &quot;syntax&quot;&#10;    ignored: [&quot;$id&quot;]&#10;warning: the following keywords are unknown and will be ignored: [$id, examples]&#10;    level: &quot;warning&quot;&#10;    schema: {&quot;loadingURI&quot;:&quot;#&quot;,&quot;pointer&quot;:&quot;/items/properties/photoUrls/items&quot;}&#10;    domain: &quot;syntax&quot;&#10;    ignored: [&quot;$id&quot;,&quot;examples&quot;]&#10;warning: the following keywords are unknown and will be ignored: [$id, examples]&#10;    level: &quot;warning&quot;&#10;    schema: {&quot;loadingURI&quot;:&quot;#&quot;,&quot;pointer&quot;:&quot;/items/properties/photoUrls/items&quot;}&#10;    domain: &quot;syntax&quot;&#10;    ignored: [&quot;$id&quot;,&quot;examples&quot;]&#10;warning: the following keywords are unknown and will be ignored: [$id, examples]&#10;    level: &quot;warning&quot;&#10;    schema: {&quot;loadingURI&quot;:&quot;#&quot;,&quot;pointer&quot;:&quot;/items/properties/status&quot;}&#10;    domain: &quot;syntax&quot;&#10;    ignored: [&quot;$id&quot;,&quot;examples&quot;]&#10;warning: the following keywords are unknown and will be ignored: [$id]&#10;    level: &quot;warning&quot;&#10;    schema: {&quot;loadingURI&quot;:&quot;#&quot;,&quot;pointer&quot;:&quot;/items/properties/tags&quot;}&#10;    domain: &quot;syntax&quot;&#10;    ignored: [&quot;$id&quot;]&#10;warning: the following keywords are unknown and will be ignored: [$id]&#10;    level: &quot;warning&quot;&#10;    schema: {&quot;loadingURI&quot;:&quot;#&quot;,&quot;pointer&quot;:&quot;/items/properties/tags/items&quot;}&#10;    domain: &quot;syntax&quot;&#10;    ignored: [&quot;$id&quot;]&#10;warning: the following keywords are unknown and will be ignored: [$id, examples]&#10;    level: &quot;warning&quot;&#10;    schema: {&quot;loadingURI&quot;:&quot;#&quot;,&quot;pointer&quot;:&quot;/items/properties/tags/items/properties/id&quot;}&#10;    domain: &quot;syntax&quot;&#10;    ignored: [&quot;$id&quot;,&quot;examples&quot;]&#10;warning: the following keywords are unknown and will be ignored: [$id, examples]&#10;    level: &quot;warning&quot;&#10;    schema: {&quot;loadingURI&quot;:&quot;#&quot;,&quot;pointer&quot;:&quot;/items/properties/tags/items/properties/name&quot;}&#10;    domain: &quot;syntax&quot;&#10;    ignored: [&quot;$id&quot;,&quot;examples&quot;]&#10;warning: the following keywords are unknown and will be ignored: [$id]&#10;    level: &quot;warning&quot;&#10;    schema: {&quot;loadingURI&quot;:&quot;#&quot;,&quot;pointer&quot;:&quot;/items/properties/tags/items&quot;}&#10;    domain: &quot;syntax&quot;&#10;    ignored: [&quot;$id&quot;]&#10;warning: the following keywords are unknown and will be ignored: [$id, examples]&#10;    level: &quot;warning&quot;&#10;    schema: {&quot;loadingURI&quot;:&quot;#&quot;,&quot;pointer&quot;:&quot;/items/properties/tags/items/properties/id&quot;}&#10;    domain: &quot;syntax&quot;&#10;    ignored: [&quot;$id&quot;,&quot;examples&quot;]&#10;warning: the following keywords are unknown and will be ignored: [$id, examples]&#10;    level: &quot;warning&quot;&#10;    schema: {&quot;loadingURI&quot;:&quot;#&quot;,&quot;pointer&quot;:&quot;/items/properties/tags/items/properties/name&quot;}&#10;    domain: &quot;syntax&quot;&#10;    ignored: [&quot;$id&quot;,&quot;examples&quot;]&#10;warning: the following keywords are unknown and will be ignored: [$id, examples]&#10;    level: &quot;warning&quot;&#10;    schema: {&quot;loadingURI&quot;:&quot;#&quot;,&quot;pointer&quot;:&quot;/items/properties/tags/items/properties/id&quot;}&#10;    domain: &quot;syntax&quot;&#10;    ignored: [&quot;$id&quot;,&quot;examples&quot;]&#10;warning: the following keywords are unknown and will be ignored: [$id, examples]&#10;    level: &quot;warning&quot;&#10;    schema: {&quot;loadingURI&quot;:&quot;#&quot;,&quot;pointer&quot;:&quot;/items/properties/tags/items/properties/name&quot;}&#10;    domain: &quot;syntax&quot;&#10;    ignored: [&quot;$id&quot;,&quot;examples&quot;]&#10;warning: the following keywords are unknown and will be ignored: [$id]&#10;    level: &quot;warning&quot;&#10;    schema: {&quot;loadingURI&quot;:&quot;#&quot;,&quot;pointer&quot;:&quot;/items&quot;}&#10;    domain: &quot;syntax&quot;&#10;    ignored: [&quot;$id&quot;]&#10;warning: the following keywords are unknown and will be ignored: [$id]&#10;    level: &quot;warning&quot;&#10;    schema: {&quot;loadingURI&quot;:&quot;#&quot;,&quot;pointer&quot;:&quot;/items/properties/category&quot;}&#10;    domain: &quot;syntax&quot;&#10;    ignored: [&quot;$id&quot;]&#10;warning: the following keywords are unknown and will be ignored: [$id, examples]&#10;    level: &quot;warning&quot;&#10;    schema: {&quot;loadingURI&quot;:&quot;#&quot;,&quot;pointer&quot;:&quot;/items/properties/category/properties/id&quot;}&#10;    domain: &quot;syntax&quot;&#10;    ignored: [&quot;$id&quot;,&quot;examples&quot;]&#10;warning: the following keywords are unknown and will be ignored: [$id, examples]&#10;    level: &quot;warning&quot;&#10;    schema: {&quot;loadingURI&quot;:&quot;#&quot;,&quot;pointer&quot;:&quot;/items/properties/category/properties/name&quot;}&#10;    domain: &quot;syntax&quot;&#10;    ignored: [&quot;$id&quot;,&quot;examples&quot;]&#10;warning: the following keywords are unknown and will be ignored: [$id, examples]&#10;    level: &quot;warning&quot;&#10;    schema: {&quot;loadingURI&quot;:&quot;#&quot;,&quot;pointer&quot;:&quot;/items/properties/id&quot;}&#10;    domain: &quot;syntax&quot;&#10;    ignored: [&quot;$id&quot;,&quot;examples&quot;]&#10;warning: the following keywords are unknown and will be ignored: [$id, examples]&#10;    level: &quot;warning&quot;&#10;    schema: {&quot;loadingURI&quot;:&quot;#&quot;,&quot;pointer&quot;:&quot;/items/properties/name&quot;}&#10;    domain: &quot;syntax&quot;&#10;    ignored: [&quot;$id&quot;,&quot;examples&quot;]&#10;warning: the following keywords are unknown and will be ignored: [$id]&#10;    level: &quot;warning&quot;&#10;    schema: {&quot;loadingURI&quot;:&quot;#&quot;,&quot;pointer&quot;:&quot;/items/properties/photoUrls&quot;}&#10;    domain: &quot;syntax&quot;&#10;    ignored: [&quot;$id&quot;]&#10;warning: the following keywords are unknown and will be ignored: [$id, examples]&#10;    level: &quot;warning&quot;&#10;    schema: {&quot;loadingURI&quot;:&quot;#&quot;,&quot;pointer&quot;:&quot;/items/properties/photoUrls/items&quot;}&#10;    domain: &quot;syntax&quot;&#10;    ignored: [&quot;$id&quot;,&quot;examples&quot;]&#10;warning: the following keywords are unknown and will be ignored: [$id, examples]&#10;    level: &quot;warning&quot;&#10;    schema: {&quot;loadingURI&quot;:&quot;#&quot;,&quot;pointer&quot;:&quot;/items/properties/status&quot;}&#10;    domain: &quot;syntax&quot;&#10;    ignored: [&quot;$id&quot;,&quot;examples&quot;]&#10;warning: the following keywords are unknown and will be ignored: [$id]&#10;    level: &quot;warning&quot;&#10;    schema: {&quot;loadingURI&quot;:&quot;#&quot;,&quot;pointer&quot;:&quot;/items/properties/tags&quot;}&#10;    domain: &quot;syntax&quot;&#10;    ignored: [&quot;$id&quot;]&#10;warning: the following keywords are unknown and will be ignored: [$id]&#10;    level: &quot;warning&quot;&#10;    schema: {&quot;loadingURI&quot;:&quot;#&quot;,&quot;pointer&quot;:&quot;/items/properties/tags/items&quot;}&#10;    domain: &quot;syntax&quot;&#10;    ignored: [&quot;$id&quot;]&#10;warning: the following keywords are unknown and will be ignored: [$id, examples]&#10;    level: &quot;warning&quot;&#10;    schema: {&quot;loadingURI&quot;:&quot;#&quot;,&quot;pointer&quot;:&quot;/items/properties/tags/items/properties/id&quot;}&#10;    domain: &quot;syntax&quot;&#10;    ignored: [&quot;$id&quot;,&quot;examples&quot;]&#10;warning: the following keywords are unknown and will be ignored: [$id, examples]&#10;    level: &quot;warning&quot;&#10;    schema: {&quot;loadingURI&quot;:&quot;#&quot;,&quot;pointer&quot;:&quot;/items/properties/tags/items/properties/name&quot;}&#10;    domain: &quot;syntax&quot;&#10;    ignored: [&quot;$id&quot;,&quot;examples&quot;]&#10;warning: the following keywords are unknown and will be ignored: [$id]&#10;    level: &quot;warning&quot;&#10;    schema: {&quot;loadingURI&quot;:&quot;#&quot;,&quot;pointer&quot;:&quot;/items/properties/category&quot;}&#10;    domain: &quot;syntax&quot;&#10;    ignored: [&quot;$id&quot;]&#10;warning: the following keywords are unknown and will be ignored: [$id, examples]&#10;    level: &quot;warning&quot;&#10;    schema: {&quot;loadingURI&quot;:&quot;#&quot;,&quot;pointer&quot;:&quot;/items/properties/category/properties/id&quot;}&#10;    domain: &quot;syntax&quot;&#10;    ignored: [&quot;$id&quot;,&quot;examples&quot;]&#10;warning: the following keywords are unknown and will be ignored: [$id, examples]&#10;    level: &quot;warning&quot;&#10;    schema: {&quot;loadingURI&quot;:&quot;#&quot;,&quot;pointer&quot;:&quot;/items/properties/category/properties/name&quot;}&#10;    domain: &quot;syntax&quot;&#10;    ignored: [&quot;$id&quot;,&quot;examples&quot;]&#10;warning: the following keywords are unknown and will be ignored: [$id, examples]&#10;    level: &quot;warning&quot;&#10;    schema: {&quot;loadingURI&quot;:&quot;#&quot;,&quot;pointer&quot;:&quot;/items/properties/category/properties/id&quot;}&#10;    domain: &quot;syntax&quot;&#10;    ignored: [&quot;$id&quot;,&quot;examples&quot;]&#10;warning: the following keywords are unknown and will be ignored: [$id, examples]&#10;    level: &quot;warning&quot;&#10;    schema: {&quot;loadingURI&quot;:&quot;#&quot;,&quot;pointer&quot;:&quot;/items/properties/category/properties/name&quot;}&#10;    domain: &quot;syntax&quot;&#10;    ignored: [&quot;$id&quot;,&quot;examples&quot;]&#10;warning: the following keywords are unknown and will be ignored: [$id, examples]&#10;    level: &quot;warning&quot;&#10;    schema: {&quot;loadingURI&quot;:&quot;#&quot;,&quot;pointer&quot;:&quot;/items/properties/id&quot;}&#10;    domain: &quot;syntax&quot;&#10;    ignored: [&quot;$id&quot;,&quot;examples&quot;]&#10;warning: the following keywords are unknown and will be ignored: [$id, examples]&#10;    level: &quot;warning&quot;&#10;    schema: {&quot;loadingURI&quot;:&quot;#&quot;,&quot;pointer&quot;:&quot;/items/properties/name&quot;}&#10;    domain: &quot;syntax&quot;&#10;    ignored: [&quot;$id&quot;,&quot;examples&quot;]&#10;warning: the following keywords are unknown and will be ignored: [$id]&#10;    level: &quot;warning&quot;&#10;    schema: {&quot;loadingURI&quot;:&quot;#&quot;,&quot;pointer&quot;:&quot;/items/properties/photoUrls&quot;}&#10;    domain: &quot;syntax&quot;&#10;    ignored: [&quot;$id&quot;]&#10;warning: the following keywords are unknown and will be ignored: [$id, examples]&#10;    level: &quot;warning&quot;&#10;    schema: {&quot;loadingURI&quot;:&quot;#&quot;,&quot;pointer&quot;:&quot;/items/properties/photoUrls/items&quot;}&#10;    domain: &quot;syntax&quot;&#10;    ignored: [&quot;$id&quot;,&quot;examples&quot;]&#10;warning: the following keywords are unknown and will be ignored: [$id, examples]&#10;    level: &quot;warning&quot;&#10;    schema: {&quot;loadingURI&quot;:&quot;#&quot;,&quot;pointer&quot;:&quot;/items/properties/photoUrls/items&quot;}&#10;    domain: &quot;syntax&quot;&#10;    ignored: [&quot;$id&quot;,&quot;examples&quot;]&#10;warning: the following keywords are unknown and will be ignored: [$id, examples]&#10;    level: &quot;warning&quot;&#10;    schema: {&quot;loadingURI&quot;:&quot;#&quot;,&quot;pointer&quot;:&quot;/items/properties/status&quot;}&#10;    domain: &quot;syntax&quot;&#10;    ignored: [&quot;$id&quot;,&quot;examples&quot;]&#10;warning: the following keywords are unknown and will be ignored: [$id]&#10;    level: &quot;warning&quot;&#10;    schema: {&quot;loadingURI&quot;:&quot;#&quot;,&quot;pointer&quot;:&quot;/items/properties/tags&quot;}&#10;    domain: &quot;syntax&quot;&#10;    ignored: [&quot;$id&quot;]&#10;warning: the following keywords are unknown and will be ignored: [$id]&#10;    level: &quot;warning&quot;&#10;    schema: {&quot;loadingURI&quot;:&quot;#&quot;,&quot;pointer&quot;:&quot;/items/properties/tags/items&quot;}&#10;    domain: &quot;syntax&quot;&#10;    ignored: [&quot;$id&quot;]&#10;warning: the following keywords are unknown and will be ignored: [$id, examples]&#10;    level: &quot;warning&quot;&#10;    schema: {&quot;loadingURI&quot;:&quot;#&quot;,&quot;pointer&quot;:&quot;/items/properties/tags/items/properties/id&quot;}&#10;    domain: &quot;syntax&quot;&#10;    ignored: [&quot;$id&quot;,&quot;examples&quot;]&#10;warning: the following keywords are unknown and will be ignored: [$id, examples]&#10;    level: &quot;warning&quot;&#10;    schema: {&quot;loadingURI&quot;:&quot;#&quot;,&quot;pointer&quot;:&quot;/items/properties/tags/items/properties/name&quot;}&#10;    domain: &quot;syntax&quot;&#10;    ignored: [&quot;$id&quot;,&quot;examples&quot;]&#10;warning: the following keywords are unknown and will be ignored: [$id]&#10;    level: &quot;warning&quot;&#10;    schema: {&quot;loadingURI&quot;:&quot;#&quot;,&quot;pointer&quot;:&quot;/items/properties/tags/items&quot;}&#10;    domain: &quot;syntax&quot;&#10;    ignored: [&quot;$id&quot;]&#10;warning: the following keywords are unknown and will be ignored: [$id, examples]&#10;    level: &quot;warning&quot;&#10;    schema: {&quot;loadingURI&quot;:&quot;#&quot;,&quot;pointer&quot;:&quot;/items/properties/tags/items/properties/id&quot;}&#10;    domain: &quot;syntax&quot;&#10;    ignored: [&quot;$id&quot;,&quot;examples&quot;]&#10;warning: the following keywords are unknown and will be ignored: [$id, examples]&#10;    level: &quot;warning&quot;&#10;    schema: {&quot;loadingURI&quot;:&quot;#&quot;,&quot;pointer&quot;:&quot;/items/properties/tags/items/properties/name&quot;}&#10;    domain: &quot;syntax&quot;&#10;    ignored: [&quot;$id&quot;,&quot;examples&quot;]&#10;warning: the following keywords are unknown and will be ignored: [$id, examples]&#10;    level: &quot;warning&quot;&#10;    schema: {&quot;loadingURI&quot;:&quot;#&quot;,&quot;pointer&quot;:&quot;/items/properties/tags/items/properties/id&quot;}&#10;    domain: &quot;syntax&quot;&#10;    ignored: [&quot;$id&quot;,&quot;examples&quot;]&#10;warning: the following keywords are unknown and will be ignored: [$id, examples]&#10;    level: &quot;warning&quot;&#10;    schema: {&quot;loadingURI&quot;:&quot;#&quot;,&quot;pointer&quot;:&quot;/items/properties/tags/items/properties/name&quot;}&#10;    domain: &quot;syntax&quot;&#10;    ignored: [&quot;$id&quot;,&quot;examples&quot;]&#10;warning: the following keywords are unknown and will be ignored: [$id]&#10;    level: &quot;warning&quot;&#10;    schema: {&quot;loadingURI&quot;:&quot;#&quot;,&quot;pointer&quot;:&quot;/items&quot;}&#10;    domain: &quot;syntax&quot;&#10;    ignored: [&quot;$id&quot;]&#10;warning: the following keywords are unknown and will be ignored: [$id]&#10;    level: &quot;warning&quot;&#10;    schema: {&quot;loadingURI&quot;:&quot;#&quot;,&quot;pointer&quot;:&quot;/items/properties/category&quot;}&#10;    domain: &quot;syntax&quot;&#10;    ignored: [&quot;$id&quot;]&#10;warning: the following keywords are unknown and will be ignored: [$id, examples]&#10;    level: &quot;warning&quot;&#10;    schema: {&quot;loadingURI&quot;:&quot;#&quot;,&quot;pointer&quot;:&quot;/items/properties/category/properties/id&quot;}&#10;    domain: &quot;syntax&quot;&#10;    ignored: [&quot;$id&quot;,&quot;examples&quot;]&#10;warning: the following keywords are unknown and will be ignored: [$id, examples]&#10;    level: &quot;warning&quot;&#10;    schema: {&quot;loadingURI&quot;:&quot;#&quot;,&quot;pointer&quot;:&quot;/items/properties/category/properties/name&quot;}&#10;    domain: &quot;syntax&quot;&#10;    ignored: [&quot;$id&quot;,&quot;examples&quot;]&#10;warning: the following keywords are unknown and will be ignored: [$id, examples]&#10;    level: &quot;warning&quot;&#10;    schema: {&quot;loadingURI&quot;:&quot;#&quot;,&quot;pointer&quot;:&quot;/items/properties/id&quot;}&#10;    domain: &quot;syntax&quot;&#10;    ignored: [&quot;$id&quot;,&quot;examples&quot;]&#10;warning: the following keywords are unknown and will be ignored: [$id, examples]&#10;    level: &quot;warning&quot;&#10;    schema: {&quot;loadingURI&quot;:&quot;#&quot;,&quot;pointer&quot;:&quot;/items/properties/name&quot;}&#10;    domain: &quot;syntax&quot;&#10;    ignored: [&quot;$id&quot;,&quot;examples&quot;]&#10;warning: the following keywords are unknown and will be ignored: [$id]&#10;    level: &quot;warning&quot;&#10;    schema: {&quot;loadingURI&quot;:&quot;#&quot;,&quot;pointer&quot;:&quot;/items/properties/photoUrls&quot;}&#10;    domain: &quot;syntax&quot;&#10;    ignored: [&quot;$id&quot;]&#10;warning: the following keywords are unknown and will be ignored: [$id, examples]&#10;    level: &quot;warning&quot;&#10;    schema: {&quot;loadingURI&quot;:&quot;#&quot;,&quot;pointer&quot;:&quot;/items/properties/photoUrls/items&quot;}&#10;    domain: &quot;syntax&quot;&#10;    ignored: [&quot;$id&quot;,&quot;examples&quot;]&#10;warning: the following keywords are unknown and will be ignored: [$id, examples]&#10;    level: &quot;warning&quot;&#10;    schema: {&quot;loadingURI&quot;:&quot;#&quot;,&quot;pointer&quot;:&quot;/items/properties/status&quot;}&#10;    domain: &quot;syntax&quot;&#10;    ignored: [&quot;$id&quot;,&quot;examples&quot;]&#10;warning: the following keywords are unknown and will be ignored: [$id]&#10;    level: &quot;warning&quot;&#10;    schema: {&quot;loadingURI&quot;:&quot;#&quot;,&quot;pointer&quot;:&quot;/items/properties/tags&quot;}&#10;    domain: &quot;syntax&quot;&#10;    ignored: [&quot;$id&quot;]&#10;warning: the following keywords are unknown and will be ignored: [$id]&#10;    level: &quot;warning&quot;&#10;    schema: {&quot;loadingURI&quot;:&quot;#&quot;,&quot;pointer&quot;:&quot;/items/properties/tags/items&quot;}&#10;    domain: &quot;syntax&quot;&#10;    ignored: [&quot;$id&quot;]&#10;warning: the following keywords are unknown and will be ignored: [$id, examples]&#10;    level: &quot;warning&quot;&#10;    schema: {&quot;loadingURI&quot;:&quot;#&quot;,&quot;pointer&quot;:&quot;/items/properties/tags/items/properties/id&quot;}&#10;    domain: &quot;syntax&quot;&#10;    ignored: [&quot;$id&quot;,&quot;examples&quot;]&#10;warning: the following keywords are unknown and will be ignored: [$id, examples]&#10;    level: &quot;warning&quot;&#10;    schema: {&quot;loadingURI&quot;:&quot;#&quot;,&quot;pointer&quot;:&quot;/items/properties/tags/items/properties/name&quot;}&#10;    domain: &quot;syntax&quot;&#10;    ignored: [&quot;$id&quot;,&quot;examples&quot;]&#10;warning: the following keywords are unknown and will be ignored: [$id]&#10;    level: &quot;warning&quot;&#10;    schema: {&quot;loadingURI&quot;:&quot;#&quot;,&quot;pointer&quot;:&quot;/items/properties/category&quot;}&#10;    domain: &quot;syntax&quot;&#10;    ignored: [&quot;$id&quot;]&#10;warning: the following keywords are unknown and will be ignored: [$id, examples]&#10;    level: &quot;warning&quot;&#10;    schema: {&quot;loadingURI&quot;:&quot;#&quot;,&quot;pointer&quot;:&quot;/items/properties/category/properties/id&quot;}&#10;    domain: &quot;syntax&quot;&#10;    ignored: [&quot;$id&quot;,&quot;examples&quot;]&#10;warning: the following keywords are unknown and will be ignored: [$id, examples]&#10;    level: &quot;warning&quot;&#10;    schema: {&quot;loadingURI&quot;:&quot;#&quot;,&quot;pointer&quot;:&quot;/items/properties/category/properties/name&quot;}&#10;    domain: &quot;syntax&quot;&#10;    ignored: [&quot;$id&quot;,&quot;examples&quot;]&#10;warning: the following keywords are unknown and will be ignored: [$id, examples]&#10;    level: &quot;warning&quot;&#10;    schema: {&quot;loadingURI&quot;:&quot;#&quot;,&quot;pointer&quot;:&quot;/items/properties/category/properties/id&quot;}&#10;    domain: &quot;syntax&quot;&#10;    ignored: [&quot;$id&quot;,&quot;examples&quot;]&#10;warning: the following keywords are unknown and will be ignored: [$id, examples]&#10;    level: &quot;warning&quot;&#10;    schema: {&quot;loadingURI&quot;:&quot;#&quot;,&quot;pointer&quot;:&quot;/items/properties/category/properties/name&quot;}&#10;    domain: &quot;syntax&quot;&#10;    ignored: [&quot;$id&quot;,&quot;examples&quot;]&#10;warning: the following keywords are unknown and will be ignored: [$id, examples]&#10;    level: &quot;warning&quot;&#10;    schema: {&quot;loadingURI&quot;:&quot;#&quot;,&quot;pointer&quot;:&quot;/items/properties/id&quot;}&#10;    domain: &quot;syntax&quot;&#10;    ignored: [&quot;$id&quot;,&quot;examples&quot;]&#10;warning: the following keywords are unknown and will be ignored: [$id, examples]&#10;    level: &quot;warning&quot;&#10;    schema: {&quot;loadingURI&quot;:&quot;#&quot;,&quot;pointer&quot;:&quot;/items/properties/name&quot;}&#10;    domain: &quot;syntax&quot;&#10;    ignored: [&quot;$id&quot;,&quot;examples&quot;]&#10;warning: the following keywords are unknown and will be ignored: [$id]&#10;    level: &quot;warning&quot;&#10;    schema: {&quot;loadingURI&quot;:&quot;#&quot;,&quot;pointer&quot;:&quot;/items/properties/photoUrls&quot;}&#10;    domain: &quot;syntax&quot;&#10;    ignored: [&quot;$id&quot;]&#10;warning: the following keywords are unknown and will be ignored: [$id, examples]&#10;    level: &quot;warning&quot;&#10;    schema: {&quot;loadingURI&quot;:&quot;#&quot;,&quot;pointer&quot;:&quot;/items/properties/photoUrls/items&quot;}&#10;    domain: &quot;syntax&quot;&#10;    ignored: [&quot;$id&quot;,&quot;examples&quot;]&#10;warning: the following keywords are unknown and will be ignored: [$id, examples]&#10;    level: &quot;warning&quot;&#10;    schema: {&quot;loadingURI&quot;:&quot;#&quot;,&quot;pointer&quot;:&quot;/items/properties/photoUrls/items&quot;}&#10;    domain: &quot;syntax&quot;&#10;    ignored: [&quot;$id&quot;,&quot;examples&quot;]&#10;warning: the following keywords are unknown and will be ignored: [$id, examples]&#10;    level: &quot;warning&quot;&#10;    schema: {&quot;loadingURI&quot;:&quot;#&quot;,&quot;pointer&quot;:&quot;/items/properties/status&quot;}&#10;    domain: &quot;syntax&quot;&#10;    ignored: [&quot;$id&quot;,&quot;examples&quot;]&#10;warning: the following keywords are unknown and will be ignored: [$id]&#10;    level: &quot;warning&quot;&#10;    schema: {&quot;loadingURI&quot;:&quot;#&quot;,&quot;pointer&quot;:&quot;/items/properties/tags&quot;}&#10;    domain: &quot;syntax&quot;&#10;    ignored: [&quot;$id&quot;]&#10;warning: the following keywords are unknown and will be ignored: [$id]&#10;    level: &quot;warning&quot;&#10;    schema: {&quot;loadingURI&quot;:&quot;#&quot;,&quot;pointer&quot;:&quot;/items/properties/tags/items&quot;}&#10;    domain: &quot;syntax&quot;&#10;    ignored: [&quot;$id&quot;]&#10;warning: the following keywords are unknown and will be ignored: [$id, examples]&#10;    level: &quot;warning&quot;&#10;    schema: {&quot;loadingURI&quot;:&quot;#&quot;,&quot;pointer&quot;:&quot;/items/properties/tags/items/properties/id&quot;}&#10;    domain: &quot;syntax&quot;&#10;    ignored: [&quot;$id&quot;,&quot;examples&quot;]&#10;warning: the following keywords are unknown and will be ignored: [$id, examples]&#10;    level: &quot;warning&quot;&#10;    schema: {&quot;loadingURI&quot;:&quot;#&quot;,&quot;pointer&quot;:&quot;/items/properties/tags/items/properties/name&quot;}&#10;    domain: &quot;syntax&quot;&#10;    ignored: [&quot;$id&quot;,&quot;examples&quot;]&#10;warning: the following keywords are unknown and will be ignored: [$id]&#10;    level: &quot;warning&quot;&#10;    schema: {&quot;loadingURI&quot;:&quot;#&quot;,&quot;pointer&quot;:&quot;/items/properties/tags/items&quot;}&#10;    domain: &quot;syntax&quot;&#10;    ignored: [&quot;$id&quot;]&#10;warning: the following keywords are unknown and will be ignored: [$id, examples]&#10;    level: &quot;warning&quot;&#10;    schema: {&quot;loadingURI&quot;:&quot;#&quot;,&quot;pointer&quot;:&quot;/items/properties/tags/items/properties/id&quot;}&#10;    domain: &quot;syntax&quot;&#10;    ignored: [&quot;$id&quot;,&quot;examples&quot;]&#10;warning: the following keywords are unknown and will be ignored: [$id, examples]&#10;    level: &quot;warning&quot;&#10;    schema: {&quot;loadingURI&quot;:&quot;#&quot;,&quot;pointer&quot;:&quot;/items/properties/tags/items/properties/name&quot;}&#10;    domain: &quot;syntax&quot;&#10;    ignored: [&quot;$id&quot;,&quot;examples&quot;]&#10;warning: the following keywords are unknown and will be ignored: [$id, examples]&#10;    level: &quot;warning&quot;&#10;    schema: {&quot;loadingURI&quot;:&quot;#&quot;,&quot;pointer&quot;:&quot;/items/properties/tags/items/properties/id&quot;}&#10;    domain: &quot;syntax&quot;&#10;    ignored: [&quot;$id&quot;,&quot;examples&quot;]&#10;warning: the following keywords are unknown and will be ignored: [$id, examples]&#10;    level: &quot;warning&quot;&#10;    schema: {&quot;loadingURI&quot;:&quot;#&quot;,&quot;pointer&quot;:&quot;/items/properties/tags/items/properties/name&quot;}&#10;    domain: &quot;syntax&quot;&#10;    ignored: [&quot;$id&quot;,&quot;examples&quot;]&#10;warning: the following keywords are unknown and will be ignored: [$id]&#10;    level: &quot;warning&quot;&#10;    schema: {&quot;loadingURI&quot;:&quot;#&quot;,&quot;pointer&quot;:&quot;/items&quot;}&#10;    domain: &quot;syntax&quot;&#10;    ignored: [&quot;$id&quot;]&#10;warning: the following keywords are unknown and will be ignored: [$id]&#10;    level: &quot;warning&quot;&#10;    schema: {&quot;loadingURI&quot;:&quot;#&quot;,&quot;pointer&quot;:&quot;/items/properties/category&quot;}&#10;    domain: &quot;syntax&quot;&#10;    ignored: [&quot;$id&quot;]&#10;warning: the following keywords are unknown and will be ignored: [$id, examples]&#10;    level: &quot;warning&quot;&#10;    schema: {&quot;loadingURI&quot;:&quot;#&quot;,&quot;pointer&quot;:&quot;/items/properties/category/properties/id&quot;}&#10;    domain: &quot;syntax&quot;&#10;    ignored: [&quot;$id&quot;,&quot;examples&quot;]&#10;warning: the following keywords are unknown and will be ignored: [$id, examples]&#10;    level: &quot;warning&quot;&#10;    schema: {&quot;loadingURI&quot;:&quot;#&quot;,&quot;pointer&quot;:&quot;/items/properties/category/properties/name&quot;}&#10;    domain: &quot;syntax&quot;&#10;    ignored: [&quot;$id&quot;,&quot;examples&quot;]&#10;warning: the following keywords are unknown and will be ignored: [$id, examples]&#10;    level: &quot;warning&quot;&#10;    schema: {&quot;loadingURI&quot;:&quot;#&quot;,&quot;pointer&quot;:&quot;/items/properties/id&quot;}&#10;    domain: &quot;syntax&quot;&#10;    ignored: [&quot;$id&quot;,&quot;examples&quot;]&#10;warning: the following keywords are unknown and will be ignored: [$id, examples]&#10;    level: &quot;warning&quot;&#10;    schema: {&quot;loadingURI&quot;:&quot;#&quot;,&quot;pointer&quot;:&quot;/items/properties/name&quot;}&#10;    domain: &quot;syntax&quot;&#10;    ignored: [&quot;$id&quot;,&quot;examples&quot;]&#10;warning: the following keywords are unknown and will be ignored: [$id]&#10;    level: &quot;warning&quot;&#10;    schema: {&quot;loadingURI&quot;:&quot;#&quot;,&quot;pointer&quot;:&quot;/items/properties/photoUrls&quot;}&#10;    domain: &quot;syntax&quot;&#10;    ignored: [&quot;$id&quot;]&#10;warning: the following keywords are unknown and will be ignored: [$id, examples]&#10;    level: &quot;warning&quot;&#10;    schema: {&quot;loadingURI&quot;:&quot;#&quot;,&quot;pointer&quot;:&quot;/items/properties/photoUrls/items&quot;}&#10;    domain: &quot;syntax&quot;&#10;    ignored: [&quot;$id&quot;,&quot;examples&quot;]&#10;warning: the following keywords are unknown and will be ignored: [$id, examples]&#10;    level: &quot;warning&quot;&#10;    schema: {&quot;loadingURI&quot;:&quot;#&quot;,&quot;pointer&quot;:&quot;/items/properties/status&quot;}&#10;    domain: &quot;syntax&quot;&#10;    ignored: [&quot;$id&quot;,&quot;examples&quot;]&#10;warning: the following keywords are unknown and will be ignored: [$id]&#10;    level: &quot;warning&quot;&#10;    schema: {&quot;loadingURI&quot;:&quot;#&quot;,&quot;pointer&quot;:&quot;/items/properties/tags&quot;}&#10;    domain: &quot;syntax&quot;&#10;    ignored: [&quot;$id&quot;]&#10;warning: the following keywords are unknown and will be ignored: [$id]&#10;    level: &quot;warning&quot;&#10;    schema: {&quot;loadingURI&quot;:&quot;#&quot;,&quot;pointer&quot;:&quot;/items/properties/tags/items&quot;}&#10;    domain: &quot;syntax&quot;&#10;    ignored: [&quot;$id&quot;]&#10;warning: the following keywords are unknown and will be ignored: [$id, examples]&#10;    level: &quot;warning&quot;&#10;    schema: {&quot;loadingURI&quot;:&quot;#&quot;,&quot;pointer&quot;:&quot;/items/properties/tags/items/properties/id&quot;}&#10;    domain: &quot;syntax&quot;&#10;    ignored: [&quot;$id&quot;,&quot;examples&quot;]&#10;warning: the following keywords are unknown and will be ignored: [$id, examples]&#10;    level: &quot;warning&quot;&#10;    schema: {&quot;loadingURI&quot;:&quot;#&quot;,&quot;pointer&quot;:&quot;/items/properties/tags/items/properties/name&quot;}&#10;    domain: &quot;syntax&quot;&#10;    ignored: [&quot;$id&quot;,&quot;examples&quot;]&#10;warning: the following keywords are unknown and will be ignored: [$id]&#10;    level: &quot;warning&quot;&#10;    schema: {&quot;loadingURI&quot;:&quot;#&quot;,&quot;pointer&quot;:&quot;/items/properties/category&quot;}&#10;    domain: &quot;syntax&quot;&#10;    ignored: [&quot;$id&quot;]&#10;warning: the following keywords are unknown and will be ignored: [$id, examples]&#10;    level: &quot;warning&quot;&#10;    schema: {&quot;loadingURI&quot;:&quot;#&quot;,&quot;pointer&quot;:&quot;/items/properties/category/properties/id&quot;}&#10;    domain: &quot;syntax&quot;&#10;    ignored: [&quot;$id&quot;,&quot;examples&quot;]&#10;warning: the following keywords are unknown and will be ignored: [$id, examples]&#10;    level: &quot;warning&quot;&#10;    schema: {&quot;loadingURI&quot;:&quot;#&quot;,&quot;pointer&quot;:&quot;/items/properties/category/properties/name&quot;}&#10;    domain: &quot;syntax&quot;&#10;    ignored: [&quot;$id&quot;,&quot;examples&quot;]&#10;warning: the following keywords are unknown and will be ignored: [$id, examples]&#10;    level: &quot;warning&quot;&#10;    schema: {&quot;loadingURI&quot;:&quot;#&quot;,&quot;pointer&quot;:&quot;/items/properties/category/properties/id&quot;}&#10;    domain: &quot;syntax&quot;&#10;    ignored: [&quot;$id&quot;,&quot;examples&quot;]&#10;warning: the following keywords are unknown and will be ignored: [$id, examples]&#10;    level: &quot;warning&quot;&#10;    schema: {&quot;loadingURI&quot;:&quot;#&quot;,&quot;pointer&quot;:&quot;/items/properties/category/properties/name&quot;}&#10;    domain: &quot;syntax&quot;&#10;    ignored: [&quot;$id&quot;,&quot;examples&quot;]&#10;warning: the following keywords are unknown and will be ignored: [$id, examples]&#10;    level: &quot;warning&quot;&#10;    schema: {&quot;loadingURI&quot;:&quot;#&quot;,&quot;pointer&quot;:&quot;/items/properties/id&quot;}&#10;    domain: &quot;syntax&quot;&#10;    ignored: [&quot;$id&quot;,&quot;examples&quot;]&#10;warning: the following keywords are unknown and will be ignored: [$id, examples]&#10;    level: &quot;warning&quot;&#10;    schema: {&quot;loadingURI&quot;:&quot;#&quot;,&quot;pointer&quot;:&quot;/items/properties/name&quot;}&#10;    domain: &quot;syntax&quot;&#10;    ignored: [&quot;$id&quot;,&quot;examples&quot;]&#10;warning: the following keywords are unknown and will be ignored: [$id]&#10;    level: &quot;warning&quot;&#10;    schema: {&quot;loadingURI&quot;:&quot;#&quot;,&quot;pointer&quot;:&quot;/items/properties/photoUrls&quot;}&#10;    domain: &quot;syntax&quot;&#10;    ignored: [&quot;$id&quot;]&#10;warning: the following keywords are unknown and will be ignored: [$id, examples]&#10;    level: &quot;warning&quot;&#10;    schema: {&quot;loadingURI&quot;:&quot;#&quot;,&quot;pointer&quot;:&quot;/items/properties/photoUrls/items&quot;}&#10;    domain: &quot;syntax&quot;&#10;    ignored: [&quot;$id&quot;,&quot;examples&quot;]&#10;warning: the following keywords are unknown and will be ignored: [$id, examples]&#10;    level: &quot;warning&quot;&#10;    schema: {&quot;loadingURI&quot;:&quot;#&quot;,&quot;pointer&quot;:&quot;/items/properties/photoUrls/items&quot;}&#10;    domain: &quot;syntax&quot;&#10;    ignored: [&quot;$id&quot;,&quot;examples&quot;]&#10;warning: the following keywords are unknown and will be ignored: [$id, examples]&#10;    level: &quot;warning&quot;&#10;    schema: {&quot;loadingURI&quot;:&quot;#&quot;,&quot;pointer&quot;:&quot;/items/properties/status&quot;}&#10;    domain: &quot;syntax&quot;&#10;    ignored: [&quot;$id&quot;,&quot;examples&quot;]&#10;warning: the following keywords are unknown and will be ignored: [$id]&#10;    level: &quot;warning&quot;&#10;    schema: {&quot;loadingURI&quot;:&quot;#&quot;,&quot;pointer&quot;:&quot;/items/properties/tags&quot;}&#10;    domain: &quot;syntax&quot;&#10;    ignored: [&quot;$id&quot;]&#10;warning: the following keywords are unknown and will be ignored: [$id]&#10;    level: &quot;warning&quot;&#10;    schema: {&quot;loadingURI&quot;:&quot;#&quot;,&quot;pointer&quot;:&quot;/items/properties/tags/items&quot;}&#10;    domain: &quot;syntax&quot;&#10;    ignored: [&quot;$id&quot;]&#10;warning: the following keywords are unknown and will be ignored: [$id, examples]&#10;    level: &quot;warning&quot;&#10;    schema: {&quot;loadingURI&quot;:&quot;#&quot;,&quot;pointer&quot;:&quot;/items/properties/tags/items/properties/id&quot;}&#10;    domain: &quot;syntax&quot;&#10;    ignored: [&quot;$id&quot;,&quot;examples&quot;]&#10;warning: the following keywords are unknown and will be ignored: [$id, examples]&#10;    level: &quot;warning&quot;&#10;    schema: {&quot;loadingURI&quot;:&quot;#&quot;,&quot;pointer&quot;:&quot;/items/properties/tags/items/properties/name&quot;}&#10;    domain: &quot;syntax&quot;&#10;    ignored: [&quot;$id&quot;,&quot;examples&quot;]&#10;warning: the following keywords are unknown and will be ignored: [$id]&#10;    level: &quot;warning&quot;&#10;    schema: {&quot;loadingURI&quot;:&quot;#&quot;,&quot;pointer&quot;:&quot;/items/properties/tags/items&quot;}&#10;    domain: &quot;syntax&quot;&#10;    ignored: [&quot;$id&quot;]&#10;warning: the following keywords are unknown and will be ignored: [$id, examples]&#10;    level: &quot;warning&quot;&#10;    schema: {&quot;loadingURI&quot;:&quot;#&quot;,&quot;pointer&quot;:&quot;/items/properties/tags/items/properties/id&quot;}&#10;    domain: &quot;syntax&quot;&#10;    ignored: [&quot;$id&quot;,&quot;examples&quot;]&#10;warning: the following keywords are unknown and will be ignored: [$id, examples]&#10;    level: &quot;warning&quot;&#10;    schema: {&quot;loadingURI&quot;:&quot;#&quot;,&quot;pointer&quot;:&quot;/items/properties/tags/items/properties/name&quot;}&#10;    domain: &quot;syntax&quot;&#10;    ignored: [&quot;$id&quot;,&quot;examples&quot;]&#10;warning: the following keywords are unknown and will be ignored: [$id, examples]&#10;    level: &quot;warning&quot;&#10;    schema: {&quot;loadingURI&quot;:&quot;#&quot;,&quot;pointer&quot;:&quot;/items/properties/tags/items/properties/id&quot;}&#10;    domain: &quot;syntax&quot;&#10;    ignored: [&quot;$id&quot;,&quot;examples&quot;]&#10;warning: the following keywords are unknown and will be ignored: [$id, examples]&#10;    level: &quot;warning&quot;&#10;    schema: {&quot;loadingURI&quot;:&quot;#&quot;,&quot;pointer&quot;:&quot;/items/properties/tags/items/properties/name&quot;}&#10;    domain: &quot;syntax&quot;&#10;    ignored: [&quot;$id&quot;,&quot;examples&quot;]&#10;warning: the following keywords are unknown and will be ignored: [$id]&#10;    level: &quot;warning&quot;&#10;    schema: {&quot;loadingURI&quot;:&quot;#&quot;,&quot;pointer&quot;:&quot;/items&quot;}&#10;    domain: &quot;syntax&quot;&#10;    ignored: [&quot;$id&quot;]&#10;warning: the following keywords are unknown and will be ignored: [$id]&#10;    level: &quot;warning&quot;&#10;    schema: {&quot;loadingURI&quot;:&quot;#&quot;,&quot;pointer&quot;:&quot;/items/properties/category&quot;}&#10;    domain: &quot;syntax&quot;&#10;    ignored: [&quot;$id&quot;]&#10;warning: the following keywords are unknown and will be ignored: [$id, examples]&#10;    level: &quot;warning&quot;&#10;    schema: {&quot;loadingURI&quot;:&quot;#&quot;,&quot;pointer&quot;:&quot;/items/properties/category/properties/id&quot;}&#10;    domain: &quot;syntax&quot;&#10;    ignored: [&quot;$id&quot;,&quot;examples&quot;]&#10;warning: the following keywords are unknown and will be ignored: [$id, examples]&#10;    level: &quot;warning&quot;&#10;    schema: {&quot;loadingURI&quot;:&quot;#&quot;,&quot;pointer&quot;:&quot;/items/properties/category/properties/name&quot;}&#10;    domain: &quot;syntax&quot;&#10;    ignored: [&quot;$id&quot;,&quot;examples&quot;]&#10;warning: the following keywords are unknown and will be ignored: [$id, examples]&#10;    level: &quot;warning&quot;&#10;    schema: {&quot;loadingURI&quot;:&quot;#&quot;,&quot;pointer&quot;:&quot;/items/properties/id&quot;}&#10;    domain: &quot;syntax&quot;&#10;    ignored: [&quot;$id&quot;,&quot;examples&quot;]&#10;warning: the following keywords are unknown and will be ignored: [$id, examples]&#10;    level: &quot;warning&quot;&#10;    schema: {&quot;loadingURI&quot;:&quot;#&quot;,&quot;pointer&quot;:&quot;/items/properties/name&quot;}&#10;    domain: &quot;syntax&quot;&#10;    ignored: [&quot;$id&quot;,&quot;examples&quot;]&#10;warning: the following keywords are unknown and will be ignored: [$id]&#10;    level: &quot;warning&quot;&#10;    schema: {&quot;loadingURI&quot;:&quot;#&quot;,&quot;pointer&quot;:&quot;/items/properties/photoUrls&quot;}&#10;    domain: &quot;syntax&quot;&#10;    ignored: [&quot;$id&quot;]&#10;warning: the following keywords are unknown and will be ignored: [$id, examples]&#10;    level: &quot;warning&quot;&#10;    schema: {&quot;loadingURI&quot;:&quot;#&quot;,&quot;pointer&quot;:&quot;/items/properties/photoUrls/items&quot;}&#10;    domain: &quot;syntax&quot;&#10;    ignored: [&quot;$id&quot;,&quot;examples&quot;]&#10;warning: the following keywords are unknown and will be ignored: [$id, examples]&#10;    level: &quot;warning&quot;&#10;    schema: {&quot;loadingURI&quot;:&quot;#&quot;,&quot;pointer&quot;:&quot;/items/properties/status&quot;}&#10;    domain: &quot;syntax&quot;&#10;    ignored: [&quot;$id&quot;,&quot;examples&quot;]&#10;warning: the following keywords are unknown and will be ignored: [$id]&#10;    level: &quot;warning&quot;&#10;    schema: {&quot;loadingURI&quot;:&quot;#&quot;,&quot;pointer&quot;:&quot;/items/properties/tags&quot;}&#10;    domain: &quot;syntax&quot;&#10;    ignored: [&quot;$id&quot;]&#10;warning: the following keywords are unknown and will be ignored: [$id]&#10;    level: &quot;warning&quot;&#10;    schema: {&quot;loadingURI&quot;:&quot;#&quot;,&quot;pointer&quot;:&quot;/items/properties/tags/items&quot;}&#10;    domain: &quot;syntax&quot;&#10;    ignored: [&quot;$id&quot;]&#10;warning: the following keywords are unknown and will be ignored: [$id, examples]&#10;    level: &quot;warning&quot;&#10;    schema: {&quot;loadingURI&quot;:&quot;#&quot;,&quot;pointer&quot;:&quot;/items/properties/tags/items/properties/id&quot;}&#10;    domain: &quot;syntax&quot;&#10;    ignored: [&quot;$id&quot;,&quot;examples&quot;]&#10;warning: the following keywords are unknown and will be ignored: [$id, examples]&#10;    level: &quot;warning&quot;&#10;    schema: {&quot;loadingURI&quot;:&quot;#&quot;,&quot;pointer&quot;:&quot;/items/properties/tags/items/properties/name&quot;}&#10;    domain: &quot;syntax&quot;&#10;    ignored: [&quot;$id&quot;,&quot;examples&quot;]&#10;warning: the following keywords are unknown and will be ignored: [$id]&#10;    level: &quot;warning&quot;&#10;    schema: {&quot;loadingURI&quot;:&quot;#&quot;,&quot;pointer&quot;:&quot;/items/properties/category&quot;}&#10;    domain: &quot;syntax&quot;&#10;    ignored: [&quot;$id&quot;]&#10;warning: the following keywords are unknown and will be ignored: [$id, examples]&#10;    level: &quot;warning&quot;&#10;    schema: {&quot;loadingURI&quot;:&quot;#&quot;,&quot;pointer&quot;:&quot;/items/properties/category/properties/id&quot;}&#10;    domain: &quot;syntax&quot;&#10;    ignored: [&quot;$id&quot;,&quot;examples&quot;]&#10;warning: the following keywords are unknown and will be ignored: [$id, examples]&#10;    level: &quot;warning&quot;&#10;    schema: {&quot;loadingURI&quot;:&quot;#&quot;,&quot;pointer&quot;:&quot;/items/properties/category/properties/name&quot;}&#10;    domain: &quot;syntax&quot;&#10;    ignored: [&quot;$id&quot;,&quot;examples&quot;]&#10;warning: the following keywords are unknown and will be ignored: [$id, examples]&#10;    level: &quot;warning&quot;&#10;    schema: {&quot;loadingURI&quot;:&quot;#&quot;,&quot;pointer&quot;:&quot;/items/properties/category/properties/id&quot;}&#10;    domain: &quot;syntax&quot;&#10;    ignored: [&quot;$id&quot;,&quot;examples&quot;]&#10;warning: the following keywords are unknown and will be ignored: [$id, examples]&#10;    level: &quot;warning&quot;&#10;    schema: {&quot;loadingURI&quot;:&quot;#&quot;,&quot;pointer&quot;:&quot;/items/properties/category/properties/name&quot;}&#10;    domain: &quot;syntax&quot;&#10;    ignored: [&quot;$id&quot;,&quot;examples&quot;]&#10;warning: the following keywords are unknown and will be ignored: [$id, examples]&#10;    level: &quot;warning&quot;&#10;    schema: {&quot;loadingURI&quot;:&quot;#&quot;,&quot;pointer&quot;:&quot;/items/properties/id&quot;}&#10;    domain: &quot;syntax&quot;&#10;    ignored: [&quot;$id&quot;,&quot;examples&quot;]&#10;warning: the following keywords are unknown and will be ignored: [$id, examples]&#10;    level: &quot;warning&quot;&#10;    schema: {&quot;loadingURI&quot;:&quot;#&quot;,&quot;pointer&quot;:&quot;/items/properties/name&quot;}&#10;    domain: &quot;syntax&quot;&#10;    ignored: [&quot;$id&quot;,&quot;examples&quot;]&#10;warning: the following keywords are unknown and will be ignored: [$id]&#10;    level: &quot;warning&quot;&#10;    schema: {&quot;loadingURI&quot;:&quot;#&quot;,&quot;pointer&quot;:&quot;/items/properties/photoUrls&quot;}&#10;    domain: &quot;syntax&quot;&#10;    ignored: [&quot;$id&quot;]&#10;warning: the following keywords are unknown and will be ignored: [$id, examples]&#10;    level: &quot;warning&quot;&#10;    schema: {&quot;loadingURI&quot;:&quot;#&quot;,&quot;pointer&quot;:&quot;/items/properties/photoUrls/items&quot;}&#10;    domain: &quot;syntax&quot;&#10;    ignored: [&quot;$id&quot;,&quot;examples&quot;]&#10;warning: the following keywords are unknown and will be ignored: [$id, examples]&#10;    level: &quot;warning&quot;&#10;    schema: {&quot;loadingURI&quot;:&quot;#&quot;,&quot;pointer&quot;:&quot;/items/properties/photoUrls/items&quot;}&#10;    domain: &quot;syntax&quot;&#10;    ignored: [&quot;$id&quot;,&quot;examples&quot;]&#10;warning: the following keywords are unknown and will be ignored: [$id, examples]&#10;    level: &quot;warning&quot;&#10;    schema: {&quot;loadingURI&quot;:&quot;#&quot;,&quot;pointer&quot;:&quot;/items/properties/status&quot;}&#10;    domain: &quot;syntax&quot;&#10;    ignored: [&quot;$id&quot;,&quot;examples&quot;]&#10;warning: the following keywords are unknown and will be ignored: [$id]&#10;    level: &quot;warning&quot;&#10;    schema: {&quot;loadingURI&quot;:&quot;#&quot;,&quot;pointer&quot;:&quot;/items/properties/tags&quot;}&#10;    domain: &quot;syntax&quot;&#10;    ignored: [&quot;$id&quot;]&#10;warning: the following keywords are unknown and will be ignored: [$id]&#10;    level: &quot;warning&quot;&#10;    schema: {&quot;loadingURI&quot;:&quot;#&quot;,&quot;pointer&quot;:&quot;/items/properties/tags/items&quot;}&#10;    domain: &quot;syntax&quot;&#10;    ignored: [&quot;$id&quot;]&#10;warning: the following keywords are unknown and will be ignored: [$id, examples]&#10;    level: &quot;warning&quot;&#10;    schema: {&quot;loadingURI&quot;:&quot;#&quot;,&quot;pointer&quot;:&quot;/items/properties/tags/items/properties/id&quot;}&#10;    domain: &quot;syntax&quot;&#10;    ignored: [&quot;$id&quot;,&quot;examples&quot;]&#10;warning: the following keywords are unknown and will be ignored: [$id, examples]&#10;    level: &quot;warning&quot;&#10;    schema: {&quot;loadingURI&quot;:&quot;#&quot;,&quot;pointer&quot;:&quot;/items/properties/tags/items/properties/name&quot;}&#10;    domain: &quot;syntax&quot;&#10;    ignored: [&quot;$id&quot;,&quot;examples&quot;]&#10;warning: the following keywords are unknown and will be ignored: [$id]&#10;    level: &quot;warning&quot;&#10;    schema: {&quot;loadingURI&quot;:&quot;#&quot;,&quot;pointer&quot;:&quot;/items/properties/tags/items&quot;}&#10;    domain: &quot;syntax&quot;&#10;    ignored: [&quot;$id&quot;]&#10;warning: the following keywords are unknown and will be ignored: [$id, examples]&#10;    level: &quot;warning&quot;&#10;    schema: {&quot;loadingURI&quot;:&quot;#&quot;,&quot;pointer&quot;:&quot;/items/properties/tags/items/properties/id&quot;}&#10;    domain: &quot;syntax&quot;&#10;    ignored: [&quot;$id&quot;,&quot;examples&quot;]&#10;warning: the following keywords are unknown and will be ignored: [$id, examples]&#10;    level: &quot;warning&quot;&#10;    schema: {&quot;loadingURI&quot;:&quot;#&quot;,&quot;pointer&quot;:&quot;/items/properties/tags/items/properties/name&quot;}&#10;    domain: &quot;syntax&quot;&#10;    ignored: [&quot;$id&quot;,&quot;examples&quot;]&#10;warning: the following keywords are unknown and will be ignored: [$id, examples]&#10;    level: &quot;warning&quot;&#10;    schema: {&quot;loadingURI&quot;:&quot;#&quot;,&quot;pointer&quot;:&quot;/items/properties/tags/items/properties/id&quot;}&#10;    domain: &quot;syntax&quot;&#10;    ignored: [&quot;$id&quot;,&quot;examples&quot;]&#10;warning: the following keywords are unknown and will be ignored: [$id, examples]&#10;    level: &quot;warning&quot;&#10;    schema: {&quot;loadingURI&quot;:&quot;#&quot;,&quot;pointer&quot;:&quot;/items/properties/tags/items/properties/name&quot;}&#10;    domain: &quot;syntax&quot;&#10;    ignored: [&quot;$id&quot;,&quot;examples&quot;]&#10;warning: the following keywords are unknown and will be ignored: [$id]&#10;    level: &quot;warning&quot;&#10;    schema: {&quot;loadingURI&quot;:&quot;#&quot;,&quot;pointer&quot;:&quot;/items&quot;}&#10;    domain: &quot;syntax&quot;&#10;    ignored: [&quot;$id&quot;]&#10;warning: the following keywords are unknown and will be ignored: [$id]&#10;    level: &quot;warning&quot;&#10;    schema: {&quot;loadingURI&quot;:&quot;#&quot;,&quot;pointer&quot;:&quot;/items/properties/category&quot;}&#10;    domain: &quot;syntax&quot;&#10;    ignored: [&quot;$id&quot;]&#10;warning: the following keywords are unknown and will be ignored: [$id, examples]&#10;    level: &quot;warning&quot;&#10;    schema: {&quot;loadingURI&quot;:&quot;#&quot;,&quot;pointer&quot;:&quot;/items/properties/category/properties/id&quot;}&#10;    domain: &quot;syntax&quot;&#10;    ignored: [&quot;$id&quot;,&quot;examples&quot;]&#10;warning: the following keywords are unknown and will be ignored: [$id, examples]&#10;    level: &quot;warning&quot;&#10;    schema: {&quot;loadingURI&quot;:&quot;#&quot;,&quot;pointer&quot;:&quot;/items/properties/category/properties/name&quot;}&#10;    domain: &quot;syntax&quot;&#10;    ignored: [&quot;$id&quot;,&quot;examples&quot;]&#10;warning: the following keywords are unknown and will be ignored: [$id, examples]&#10;    level: &quot;warning&quot;&#10;    schema: {&quot;loadingURI&quot;:&quot;#&quot;,&quot;pointer&quot;:&quot;/items/properties/id&quot;}&#10;    domain: &quot;syntax&quot;&#10;    ignored: [&quot;$id&quot;,&quot;examples&quot;]&#10;warning: the following keywords are unknown and will be ignored: [$id, examples]&#10;    level: &quot;warning&quot;&#10;    schema: {&quot;loadingURI&quot;:&quot;#&quot;,&quot;pointer&quot;:&quot;/items/properties/name&quot;}&#10;    domain: &quot;syntax&quot;&#10;    ignored: [&quot;$id&quot;,&quot;examples&quot;]&#10;warning: the following keywords are unknown and will be ignored: [$id]&#10;    level: &quot;warning&quot;&#10;    schema: {&quot;loadingURI&quot;:&quot;#&quot;,&quot;pointer&quot;:&quot;/items/properties/photoUrls&quot;}&#10;    domain: &quot;syntax&quot;&#10;    ignored: [&quot;$id&quot;]&#10;warning: the following keywords are unknown and will be ignored: [$id, examples]&#10;    level: &quot;warning&quot;&#10;    schema: {&quot;loadingURI&quot;:&quot;#&quot;,&quot;pointer&quot;:&quot;/items/properties/photoUrls/items&quot;}&#10;    domain: &quot;syntax&quot;&#10;    ignored: [&quot;$id&quot;,&quot;examples&quot;]&#10;warning: the following keywords are unknown and will be ignored: [$id, examples]&#10;    level: &quot;warning&quot;&#10;    schema: {&quot;loadingURI&quot;:&quot;#&quot;,&quot;pointer&quot;:&quot;/items/properties/status&quot;}&#10;    domain: &quot;syntax&quot;&#10;    ignored: [&quot;$id&quot;,&quot;examples&quot;]&#10;warning: the following keywords are unknown and will be ignored: [$id]&#10;    level: &quot;warning&quot;&#10;    schema: {&quot;loadingURI&quot;:&quot;#&quot;,&quot;pointer&quot;:&quot;/items/properties/tags&quot;}&#10;    domain: &quot;syntax&quot;&#10;    ignored: [&quot;$id&quot;]&#10;warning: the following keywords are unknown and will be ignored: [$id]&#10;    level: &quot;warning&quot;&#10;    schema: {&quot;loadingURI&quot;:&quot;#&quot;,&quot;pointer&quot;:&quot;/items/properties/tags/items&quot;}&#10;    domain: &quot;syntax&quot;&#10;    ignored: [&quot;$id&quot;]&#10;warning: the following keywords are unknown and will be ignored: [$id, examples]&#10;    level: &quot;warning&quot;&#10;    schema: {&quot;loadingURI&quot;:&quot;#&quot;,&quot;pointer&quot;:&quot;/items/properties/tags/items/properties/id&quot;}&#10;    domain: &quot;syntax&quot;&#10;    ignored: [&quot;$id&quot;,&quot;examples&quot;]&#10;warning: the following keywords are unknown and will be ignored: [$id, examples]&#10;    level: &quot;warning&quot;&#10;    schema: {&quot;loadingURI&quot;:&quot;#&quot;,&quot;pointer&quot;:&quot;/items/properties/tags/items/properties/name&quot;}&#10;    domain: &quot;syntax&quot;&#10;    ignored: [&quot;$id&quot;,&quot;examples&quot;]&#10;warning: the following keywords are unknown and will be ignored: [$id]&#10;    level: &quot;warning&quot;&#10;    schema: {&quot;loadingURI&quot;:&quot;#&quot;,&quot;pointer&quot;:&quot;/items/properties/category&quot;}&#10;    domain: &quot;syntax&quot;&#10;    ignored: [&quot;$id&quot;]&#10;warning: the following keywords are unknown and will be ignored: [$id, examples]&#10;    level: &quot;warning&quot;&#10;    schema: {&quot;loadingURI&quot;:&quot;#&quot;,&quot;pointer&quot;:&quot;/items/properties/category/properties/id&quot;}&#10;    domain: &quot;syntax&quot;&#10;    ignored: [&quot;$id&quot;,&quot;examples&quot;]&#10;warning: the following keywords are unknown and will be ignored: [$id, examples]&#10;    level: &quot;warning&quot;&#10;    schema: {&quot;loadingURI&quot;:&quot;#&quot;,&quot;pointer&quot;:&quot;/items/properties/category/properties/name&quot;}&#10;    domain: &quot;syntax&quot;&#10;    ignored: [&quot;$id&quot;,&quot;examples&quot;]&#10;warning: the following keywords are unknown and will be ignored: [$id, examples]&#10;    level: &quot;warning&quot;&#10;    schema: {&quot;loadingURI&quot;:&quot;#&quot;,&quot;pointer&quot;:&quot;/items/properties/category/properties/id&quot;}&#10;    domain: &quot;syntax&quot;&#10;    ignored: [&quot;$id&quot;,&quot;examples&quot;]&#10;warning: the following keywords are unknown and will be ignored: [$id, examples]&#10;    level: &quot;warning&quot;&#10;    schema: {&quot;loadingURI&quot;:&quot;#&quot;,&quot;pointer&quot;:&quot;/items/properties/category/properties/name&quot;}&#10;    domain: &quot;syntax&quot;&#10;    ignored: [&quot;$id&quot;,&quot;examples&quot;]&#10;warning: the following keywords are unknown and will be ignored: [$id, examples]&#10;    level: &quot;warning&quot;&#10;    schema: {&quot;loadingURI&quot;:&quot;#&quot;,&quot;pointer&quot;:&quot;/items/properties/id&quot;}&#10;    domain: &quot;syntax&quot;&#10;    ignored: [&quot;$id&quot;,&quot;examples&quot;]&#10;warning: the following keywords are unknown and will be ignored: [$id, examples]&#10;    level: &quot;warning&quot;&#10;    schema: {&quot;loadingURI&quot;:&quot;#&quot;,&quot;pointer&quot;:&quot;/items/properties/name&quot;}&#10;    domain: &quot;syntax&quot;&#10;    ignored: [&quot;$id&quot;,&quot;examples&quot;]&#10;warning: the following keywords are unknown and will be ignored: [$id]&#10;    level: &quot;warning&quot;&#10;    schema: {&quot;loadingURI&quot;:&quot;#&quot;,&quot;pointer&quot;:&quot;/items/properties/photoUrls&quot;}&#10;    domain: &quot;syntax&quot;&#10;    ignored: [&quot;$id&quot;]&#10;warning: the following keywords are unknown and will be ignored: [$id, examples]&#10;    level: &quot;warning&quot;&#10;    schema: {&quot;loadingURI&quot;:&quot;#&quot;,&quot;pointer&quot;:&quot;/items/properties/photoUrls/items&quot;}&#10;    domain: &quot;syntax&quot;&#10;    ignored: [&quot;$id&quot;,&quot;examples&quot;]&#10;warning: the following keywords are unknown and will be ignored: [$id, examples]&#10;    level: &quot;warning&quot;&#10;    schema: {&quot;loadingURI&quot;:&quot;#&quot;,&quot;pointer&quot;:&quot;/items/properties/photoUrls/items&quot;}&#10;    domain: &quot;syntax&quot;&#10;    ignored: [&quot;$id&quot;,&quot;examples&quot;]&#10;warning: the following keywords are unknown and will be ignored: [$id, examples]&#10;    level: &quot;warning&quot;&#10;    schema: {&quot;loadingURI&quot;:&quot;#&quot;,&quot;pointer&quot;:&quot;/items/properties/status&quot;}&#10;    domain: &quot;syntax&quot;&#10;    ignored: [&quot;$id&quot;,&quot;examples&quot;]&#10;warning: the following keywords are unknown and will be ignored: [$id]&#10;    level: &quot;warning&quot;&#10;    schema: {&quot;loadingURI&quot;:&quot;#&quot;,&quot;pointer&quot;:&quot;/items/properties/tags&quot;}&#10;    domain: &quot;syntax&quot;&#10;    ignored: [&quot;$id&quot;]&#10;warning: the following keywords are unknown and will be ignored: [$id]&#10;    level: &quot;warning&quot;&#10;    schema: {&quot;loadingURI&quot;:&quot;#&quot;,&quot;pointer&quot;:&quot;/items/properties/tags/items&quot;}&#10;    domain: &quot;syntax&quot;&#10;    ignored: [&quot;$id&quot;]&#10;warning: the following keywords are unknown and will be ignored: [$id, examples]&#10;    level: &quot;warning&quot;&#10;    schema: {&quot;loadingURI&quot;:&quot;#&quot;,&quot;pointer&quot;:&quot;/items/properties/tags/items/properties/id&quot;}&#10;    domain: &quot;syntax&quot;&#10;    ignored: [&quot;$id&quot;,&quot;examples&quot;]&#10;warning: the following keywords are unknown and will be ignored: [$id, examples]&#10;    level: &quot;warning&quot;&#10;    schema: {&quot;loadingURI&quot;:&quot;#&quot;,&quot;pointer&quot;:&quot;/items/properties/tags/items/properties/name&quot;}&#10;    domain: &quot;syntax&quot;&#10;    ignored: [&quot;$id&quot;,&quot;examples&quot;]&#10;warning: the following keywords are unknown and will be ignored: [$id]&#10;    level: &quot;warning&quot;&#10;    schema: {&quot;loadingURI&quot;:&quot;#&quot;,&quot;pointer&quot;:&quot;/items/properties/tags/items&quot;}&#10;    domain: &quot;syntax&quot;&#10;    ignored: [&quot;$id&quot;]&#10;warning: the following keywords are unknown and will be ignored: [$id, examples]&#10;    level: &quot;warning&quot;&#10;    schema: {&quot;loadingURI&quot;:&quot;#&quot;,&quot;pointer&quot;:&quot;/items/properties/tags/items/properties/id&quot;}&#10;    domain: &quot;syntax&quot;&#10;    ignored: [&quot;$id&quot;,&quot;examples&quot;]&#10;warning: the following keywords are unknown and will be ignored: [$id, examples]&#10;    level: &quot;warning&quot;&#10;    schema: {&quot;loadingURI&quot;:&quot;#&quot;,&quot;pointer&quot;:&quot;/items/properties/tags/items/properties/name&quot;}&#10;    domain: &quot;syntax&quot;&#10;    ignored: [&quot;$id&quot;,&quot;examples&quot;]&#10;warning: the following keywords are unknown and will be ignored: [$id, examples]&#10;    level: &quot;warning&quot;&#10;    schema: {&quot;loadingURI&quot;:&quot;#&quot;,&quot;pointer&quot;:&quot;/items/properties/tags/items/properties/id&quot;}&#10;    domain: &quot;syntax&quot;&#10;    ignored: [&quot;$id&quot;,&quot;examples&quot;]&#10;warning: the following keywords are unknown and will be ignored: [$id, examples]&#10;    level: &quot;warning&quot;&#10;    schema: {&quot;loadingURI&quot;:&quot;#&quot;,&quot;pointer&quot;:&quot;/items/properties/tags/items/properties/name&quot;}&#10;    domain: &quot;syntax&quot;&#10;    ignored: [&quot;$id&quot;,&quot;examples&quot;]&#10;warning: the following keywords are unknown and will be ignored: [$id]&#10;    level: &quot;warning&quot;&#10;    schema: {&quot;loadingURI&quot;:&quot;#&quot;,&quot;pointer&quot;:&quot;/items&quot;}&#10;    domain: &quot;syntax&quot;&#10;    ignored: [&quot;$id&quot;]&#10;warning: the following keywords are unknown and will be ignored: [$id]&#10;    level: &quot;warning&quot;&#10;    schema: {&quot;loadingURI&quot;:&quot;#&quot;,&quot;pointer&quot;:&quot;/items/properties/category&quot;}&#10;    domain: &quot;syntax&quot;&#10;    ignored: [&quot;$id&quot;]&#10;warning: the following keywords are unknown and will be ignored: [$id, examples]&#10;    level: &quot;warning&quot;&#10;    schema: {&quot;loadingURI&quot;:&quot;#&quot;,&quot;pointer&quot;:&quot;/items/properties/category/properties/id&quot;}&#10;    domain: &quot;syntax&quot;&#10;    ignored: [&quot;$id&quot;,&quot;examples&quot;]&#10;warning: the following keywords are unknown and will be ignored: [$id, examples]&#10;    level: &quot;warning&quot;&#10;    schema: {&quot;loadingURI&quot;:&quot;#&quot;,&quot;pointer&quot;:&quot;/items/properties/category/properties/name&quot;}&#10;    domain: &quot;syntax&quot;&#10;    ignored: [&quot;$id&quot;,&quot;examples&quot;]&#10;warning: the following keywords are unknown and will be ignored: [$id, examples]&#10;    level: &quot;warning&quot;&#10;    schema: {&quot;loadingURI&quot;:&quot;#&quot;,&quot;pointer&quot;:&quot;/items/properties/id&quot;}&#10;    domain: &quot;syntax&quot;&#10;    ignored: [&quot;$id&quot;,&quot;examples&quot;]&#10;warning: the following keywords are unknown and will be ignored: [$id, examples]&#10;    level: &quot;warning&quot;&#10;    schema: {&quot;loadingURI&quot;:&quot;#&quot;,&quot;pointer&quot;:&quot;/items/properties/name&quot;}&#10;    domain: &quot;syntax&quot;&#10;    ignored: [&quot;$id&quot;,&quot;examples&quot;]&#10;warning: the following keywords are unknown and will be ignored: [$id]&#10;    level: &quot;warning&quot;&#10;    schema: {&quot;loadingURI&quot;:&quot;#&quot;,&quot;pointer&quot;:&quot;/items/properties/photoUrls&quot;}&#10;    domain: &quot;syntax&quot;&#10;    ignored: [&quot;$id&quot;]&#10;warning: the following keywords are unknown and will be ignored: [$id, examples]&#10;    level: &quot;warning&quot;&#10;    schema: {&quot;loadingURI&quot;:&quot;#&quot;,&quot;pointer&quot;:&quot;/items/properties/photoUrls/items&quot;}&#10;    domain: &quot;syntax&quot;&#10;    ignored: [&quot;$id&quot;,&quot;examples&quot;]&#10;warning: the following keywords are unknown and will be ignored: [$id, examples]&#10;    level: &quot;warning&quot;&#10;    schema: {&quot;loadingURI&quot;:&quot;#&quot;,&quot;pointer&quot;:&quot;/items/properties/status&quot;}&#10;    domain: &quot;syntax&quot;&#10;    ignored: [&quot;$id&quot;,&quot;examples&quot;]&#10;warning: the following keywords are unknown and will be ignored: [$id]&#10;    level: &quot;warning&quot;&#10;    schema: {&quot;loadingURI&quot;:&quot;#&quot;,&quot;pointer&quot;:&quot;/items/properties/tags&quot;}&#10;    domain: &quot;syntax&quot;&#10;    ignored: [&quot;$id&quot;]&#10;warning: the following keywords are unknown and will be ignored: [$id]&#10;    level: &quot;warning&quot;&#10;    schema: {&quot;loadingURI&quot;:&quot;#&quot;,&quot;pointer&quot;:&quot;/items/properties/tags/items&quot;}&#10;    domain: &quot;syntax&quot;&#10;    ignored: [&quot;$id&quot;]&#10;warning: the following keywords are unknown and will be ignored: [$id, examples]&#10;    level: &quot;warning&quot;&#10;    schema: {&quot;loadingURI&quot;:&quot;#&quot;,&quot;pointer&quot;:&quot;/items/properties/tags/items/properties/id&quot;}&#10;    domain: &quot;syntax&quot;&#10;    ignored: [&quot;$id&quot;,&quot;examples&quot;]&#10;warning: the following keywords are unknown and will be ignored: [$id, examples]&#10;    level: &quot;warning&quot;&#10;    schema: {&quot;loadingURI&quot;:&quot;#&quot;,&quot;pointer&quot;:&quot;/items/properties/tags/items/properties/name&quot;}&#10;    domain: &quot;syntax&quot;&#10;    ignored: [&quot;$id&quot;,&quot;examples&quot;]&#10;warning: the following keywords are unknown and will be ignored: [$id]&#10;    level: &quot;warning&quot;&#10;    schema: {&quot;loadingURI&quot;:&quot;#&quot;,&quot;pointer&quot;:&quot;/items/properties/category&quot;}&#10;    domain: &quot;syntax&quot;&#10;    ignored: [&quot;$id&quot;]&#10;warning: the following keywords are unknown and will be ignored: [$id, examples]&#10;    level: &quot;warning&quot;&#10;    schema: {&quot;loadingURI&quot;:&quot;#&quot;,&quot;pointer&quot;:&quot;/items/properties/category/properties/id&quot;}&#10;    domain: &quot;syntax&quot;&#10;    ignored: [&quot;$id&quot;,&quot;examples&quot;]&#10;warning: the following keywords are unknown and will be ignored: [$id, examples]&#10;    level: &quot;warning&quot;&#10;    schema: {&quot;loadingURI&quot;:&quot;#&quot;,&quot;pointer&quot;:&quot;/items/properties/category/properties/name&quot;}&#10;    domain: &quot;syntax&quot;&#10;    ignored: [&quot;$id&quot;,&quot;examples&quot;]&#10;warning: the following keywords are unknown and will be ignored: [$id, examples]&#10;    level: &quot;warning&quot;&#10;    schema: {&quot;loadingURI&quot;:&quot;#&quot;,&quot;pointer&quot;:&quot;/items/properties/category/properties/id&quot;}&#10;    domain: &quot;syntax&quot;&#10;    ignored: [&quot;$id&quot;,&quot;examples&quot;]&#10;warning: the following keywords are unknown and will be ignored: [$id, examples]&#10;    level: &quot;warning&quot;&#10;    schema: {&quot;loadingURI&quot;:&quot;#&quot;,&quot;pointer&quot;:&quot;/items/properties/category/properties/name&quot;}&#10;    domain: &quot;syntax&quot;&#10;    ignored: [&quot;$id&quot;,&quot;examples&quot;]&#10;warning: the following keywords are unknown and will be ignored: [$id, examples]&#10;    level: &quot;warning&quot;&#10;    schema: {&quot;loadingURI&quot;:&quot;#&quot;,&quot;pointer&quot;:&quot;/items/properties/id&quot;}&#10;    domain: &quot;syntax&quot;&#10;    ignored: [&quot;$id&quot;,&quot;examples&quot;]&#10;warning: the following keywords are unknown and will be ignored: [$id, examples]&#10;    level: &quot;warning&quot;&#10;    schema: {&quot;loadingURI&quot;:&quot;#&quot;,&quot;pointer&quot;:&quot;/items/properties/name&quot;}&#10;    domain: &quot;syntax&quot;&#10;    ignored: [&quot;$id&quot;,&quot;examples&quot;]&#10;warning: the following keywords are unknown and will be ignored: [$id]&#10;    level: &quot;warning&quot;&#10;    schema: {&quot;loadingURI&quot;:&quot;#&quot;,&quot;pointer&quot;:&quot;/items/properties/photoUrls&quot;}&#10;    domain: &quot;syntax&quot;&#10;    ignored: [&quot;$id&quot;]&#10;warning: the following keywords are unknown and will be ignored: [$id, examples]&#10;    level: &quot;warning&quot;&#10;    schema: {&quot;loadingURI&quot;:&quot;#&quot;,&quot;pointer&quot;:&quot;/items/properties/photoUrls/items&quot;}&#10;    domain: &quot;syntax&quot;&#10;    ignored: [&quot;$id&quot;,&quot;examples&quot;]&#10;warning: the following keywords are unknown and will be ignored: [$id, examples]&#10;    level: &quot;warning&quot;&#10;    schema: {&quot;loadingURI&quot;:&quot;#&quot;,&quot;pointer&quot;:&quot;/items/properties/photoUrls/items&quot;}&#10;    domain: &quot;syntax&quot;&#10;    ignored: [&quot;$id&quot;,&quot;examples&quot;]&#10;warning: the following keywords are unknown and will be ignored: [$id, examples]&#10;    level: &quot;warning&quot;&#10;    schema: {&quot;loadingURI&quot;:&quot;#&quot;,&quot;pointer&quot;:&quot;/items/properties/status&quot;}&#10;    domain: &quot;syntax&quot;&#10;    ignored: [&quot;$id&quot;,&quot;examples&quot;]&#10;warning: the following keywords are unknown and will be ignored: [$id]&#10;    level: &quot;warning&quot;&#10;    schema: {&quot;loadingURI&quot;:&quot;#&quot;,&quot;pointer&quot;:&quot;/items/properties/tags&quot;}&#10;    domain: &quot;syntax&quot;&#10;    ignored: [&quot;$id&quot;]&#10;warning: the following keywords are unknown and will be ignored: [$id]&#10;    level: &quot;warning&quot;&#10;    schema: {&quot;loadingURI&quot;:&quot;#&quot;,&quot;pointer&quot;:&quot;/items/properties/tags/items&quot;}&#10;    domain: &quot;syntax&quot;&#10;    ignored: [&quot;$id&quot;]&#10;warning: the following keywords are unknown and will be ignored: [$id, examples]&#10;    level: &quot;warning&quot;&#10;    schema: {&quot;loadingURI&quot;:&quot;#&quot;,&quot;pointer&quot;:&quot;/items/properties/tags/items/properties/id&quot;}&#10;    domain: &quot;syntax&quot;&#10;    ignored: [&quot;$id&quot;,&quot;examples&quot;]&#10;warning: the following keywords are unknown and will be ignored: [$id, examples]&#10;    level: &quot;warning&quot;&#10;    schema: {&quot;loadingURI&quot;:&quot;#&quot;,&quot;pointer&quot;:&quot;/items/properties/tags/items/properties/name&quot;}&#10;    domain: &quot;syntax&quot;&#10;    ignored: [&quot;$id&quot;,&quot;examples&quot;]&#10;warning: the following keywords are unknown and will be ignored: [$id]&#10;    level: &quot;warning&quot;&#10;    schema: {&quot;loadingURI&quot;:&quot;#&quot;,&quot;pointer&quot;:&quot;/items/properties/tags/items&quot;}&#10;    domain: &quot;syntax&quot;&#10;    ignored: [&quot;$id&quot;]&#10;warning: the following keywords are unknown and will be ignored: [$id, examples]&#10;    level: &quot;warning&quot;&#10;    schema: {&quot;loadingURI&quot;:&quot;#&quot;,&quot;pointer&quot;:&quot;/items/properties/tags/items/properties/id&quot;}&#10;    domain: &quot;syntax&quot;&#10;    ignored: [&quot;$id&quot;,&quot;examples&quot;]&#10;warning: the following keywords are unknown and will be ignored: [$id, examples]&#10;    level: &quot;warning&quot;&#10;    schema: {&quot;loadingURI&quot;:&quot;#&quot;,&quot;pointer&quot;:&quot;/items/properties/tags/items/properties/name&quot;}&#10;    domain: &quot;syntax&quot;&#10;    ignored: [&quot;$id&quot;,&quot;examples&quot;]&#10;warning: the following keywords are unknown and will be ignored: [$id, examples]&#10;    level: &quot;warning&quot;&#10;    schema: {&quot;loadingURI&quot;:&quot;#&quot;,&quot;pointer&quot;:&quot;/items/properties/tags/items/properties/id&quot;}&#10;    domain: &quot;syntax&quot;&#10;    ignored: [&quot;$id&quot;,&quot;examples&quot;]&#10;warning: the following keywords are unknown and will be ignored: [$id, examples]&#10;    level: &quot;warning&quot;&#10;    schema: {&quot;loadingURI&quot;:&quot;#&quot;,&quot;pointer&quot;:&quot;/items/properties/tags/items/properties/name&quot;}&#10;    domain: &quot;syntax&quot;&#10;    ignored: [&quot;$id&quot;,&quot;examples&quot;]&#10;warning: the following keywords are unknown and will be ignored: [$id]&#10;    level: &quot;warning&quot;&#10;    schema: {&quot;loadingURI&quot;:&quot;#&quot;,&quot;pointer&quot;:&quot;/items&quot;}&#10;    domain: &quot;syntax&quot;&#10;    ignored: [&quot;$id&quot;]&#10;warning: the following keywords are unknown and will be ignored: [$id]&#10;    level: &quot;warning&quot;&#10;    schema: {&quot;loadingURI&quot;:&quot;#&quot;,&quot;pointer&quot;:&quot;/items/properties/category&quot;}&#10;    domain: &quot;syntax&quot;&#10;    ignored: [&quot;$id&quot;]&#10;warning: the following keywords are unknown and will be ignored: [$id, examples]&#10;    level: &quot;warning&quot;&#10;    schema: {&quot;loadingURI&quot;:&quot;#&quot;,&quot;pointer&quot;:&quot;/items/properties/category/properties/id&quot;}&#10;    domain: &quot;syntax&quot;&#10;    ignored: [&quot;$id&quot;,&quot;examples&quot;]&#10;warning: the following keywords are unknown and will be ignored: [$id, examples]&#10;    level: &quot;warning&quot;&#10;    schema: {&quot;loadingURI&quot;:&quot;#&quot;,&quot;pointer&quot;:&quot;/items/properties/category/properties/name&quot;}&#10;    domain: &quot;syntax&quot;&#10;    ignored: [&quot;$id&quot;,&quot;examples&quot;]&#10;warning: the following keywords are unknown and will be ignored: [$id, examples]&#10;    level: &quot;warning&quot;&#10;    schema: {&quot;loadingURI&quot;:&quot;#&quot;,&quot;pointer&quot;:&quot;/items/properties/id&quot;}&#10;    domain: &quot;syntax&quot;&#10;    ignored: [&quot;$id&quot;,&quot;examples&quot;]&#10;warning: the following keywords are unknown and will be ignored: [$id, examples]&#10;    level: &quot;warning&quot;&#10;    schema: {&quot;loadingURI&quot;:&quot;#&quot;,&quot;pointer&quot;:&quot;/items/properties/name&quot;}&#10;    domain: &quot;syntax&quot;&#10;    ignored: [&quot;$id&quot;,&quot;examples&quot;]&#10;warning: the following keywords are unknown and will be ignored: [$id]&#10;    level: &quot;warning&quot;&#10;    schema: {&quot;loadingURI&quot;:&quot;#&quot;,&quot;pointer&quot;:&quot;/items/properties/photoUrls&quot;}&#10;    domain: &quot;syntax&quot;&#10;    ignored: [&quot;$id&quot;]&#10;warning: the following keywords are unknown and will be ignored: [$id, examples]&#10;    level: &quot;warning&quot;&#10;    schema: {&quot;loadingURI&quot;:&quot;#&quot;,&quot;pointer&quot;:&quot;/items/properties/photoUrls/items&quot;}&#10;    domain: &quot;syntax&quot;&#10;    ignored: [&quot;$id&quot;,&quot;examples&quot;]&#10;warning: the following keywords are unknown and will be ignored: [$id, examples]&#10;    level: &quot;warning&quot;&#10;    schema: {&quot;loadingURI&quot;:&quot;#&quot;,&quot;pointer&quot;:&quot;/items/properties/status&quot;}&#10;    domain: &quot;syntax&quot;&#10;    ignored: [&quot;$id&quot;,&quot;examples&quot;]&#10;warning: the following keywords are unknown and will be ignored: [$id]&#10;    level: &quot;warning&quot;&#10;    schema: {&quot;loadingURI&quot;:&quot;#&quot;,&quot;pointer&quot;:&quot;/items/properties/tags&quot;}&#10;    domain: &quot;syntax&quot;&#10;    ignored: [&quot;$id&quot;]&#10;warning: the following keywords are unknown and will be ignored: [$id]&#10;    level: &quot;warning&quot;&#10;    schema: {&quot;loadingURI&quot;:&quot;#&quot;,&quot;pointer&quot;:&quot;/items/properties/tags/items&quot;}&#10;    domain: &quot;syntax&quot;&#10;    ignored: [&quot;$id&quot;]&#10;warning: the following keywords are unknown and will be ignored: [$id, examples]&#10;    level: &quot;warning&quot;&#10;    schema: {&quot;loadingURI&quot;:&quot;#&quot;,&quot;pointer&quot;:&quot;/items/properties/tags/items/properties/id&quot;}&#10;    domain: &quot;syntax&quot;&#10;    ignored: [&quot;$id&quot;,&quot;examples&quot;]&#10;warning: the following keywords are unknown and will be ignored: [$id, examples]&#10;    level: &quot;warning&quot;&#10;    schema: {&quot;loadingURI&quot;:&quot;#&quot;,&quot;pointer&quot;:&quot;/items/properties/tags/items/properties/name&quot;}&#10;    domain: &quot;syntax&quot;&#10;    ignored: [&quot;$id&quot;,&quot;examples&quot;]&#10;warning: the following keywords are unknown and will be ignored: [$id]&#10;    level: &quot;warning&quot;&#10;    schema: {&quot;loadingURI&quot;:&quot;#&quot;,&quot;pointer&quot;:&quot;/items/properties/category&quot;}&#10;    domain: &quot;syntax&quot;&#10;    ignored: [&quot;$id&quot;]&#10;warning: the following keywords are unknown and will be ignored: [$id, examples]&#10;    level: &quot;warning&quot;&#10;    schema: {&quot;loadingURI&quot;:&quot;#&quot;,&quot;pointer&quot;:&quot;/items/properties/category/properties/id&quot;}&#10;    domain: &quot;syntax&quot;&#10;    ignored: [&quot;$id&quot;,&quot;examples&quot;]&#10;warning: the following keywords are unknown and will be ignored: [$id, examples]&#10;    level: &quot;warning&quot;&#10;    schema: {&quot;loadingURI&quot;:&quot;#&quot;,&quot;pointer&quot;:&quot;/items/properties/category/properties/name&quot;}&#10;    domain: &quot;syntax&quot;&#10;    ignored: [&quot;$id&quot;,&quot;examples&quot;]&#10;warning: the following keywords are unknown and will be ignored: [$id, examples]&#10;    level: &quot;warning&quot;&#10;    schema: {&quot;loadingURI&quot;:&quot;#&quot;,&quot;pointer&quot;:&quot;/items/properties/category/properties/id&quot;}&#10;    domain: &quot;syntax&quot;&#10;    ignored: [&quot;$id&quot;,&quot;examples&quot;]&#10;warning: the following keywords are unknown and will be ignored: [$id, examples]&#10;    level: &quot;warning&quot;&#10;    schema: {&quot;loadingURI&quot;:&quot;#&quot;,&quot;pointer&quot;:&quot;/items/properties/category/properties/name&quot;}&#10;    domain: &quot;syntax&quot;&#10;    ignored: [&quot;$id&quot;,&quot;examples&quot;]&#10;warning: the following keywords are unknown and will be ignored: [$id, examples]&#10;    level: &quot;warning&quot;&#10;    schema: {&quot;loadingURI&quot;:&quot;#&quot;,&quot;pointer&quot;:&quot;/items/properties/id&quot;}&#10;    domain: &quot;syntax&quot;&#10;    ignored: [&quot;$id&quot;,&quot;examples&quot;]&#10;warning: the following keywords are unknown and will be ignored: [$id, examples]&#10;    level: &quot;warning&quot;&#10;    schema: {&quot;loadingURI&quot;:&quot;#&quot;,&quot;pointer&quot;:&quot;/items/properties/name&quot;}&#10;    domain: &quot;syntax&quot;&#10;    ignored: [&quot;$id&quot;,&quot;examples&quot;]&#10;warning: the following keywords are unknown and will be ignored: [$id]&#10;    level: &quot;warning&quot;&#10;    schema: {&quot;loadingURI&quot;:&quot;#&quot;,&quot;pointer&quot;:&quot;/items/properties/photoUrls&quot;}&#10;    domain: &quot;syntax&quot;&#10;    ignored: [&quot;$id&quot;]&#10;warning: the following keywords are unknown and will be ignored: [$id, examples]&#10;    level: &quot;warning&quot;&#10;    schema: {&quot;loadingURI&quot;:&quot;#&quot;,&quot;pointer&quot;:&quot;/items/properties/photoUrls/items&quot;}&#10;    domain: &quot;syntax&quot;&#10;    ignored: [&quot;$id&quot;,&quot;examples&quot;]&#10;warning: the following keywords are unknown and will be ignored: [$id, examples]&#10;    level: &quot;warning&quot;&#10;    schema: {&quot;loadingURI&quot;:&quot;#&quot;,&quot;pointer&quot;:&quot;/items/properties/photoUrls/items&quot;}&#10;    domain: &quot;syntax&quot;&#10;    ignored: [&quot;$id&quot;,&quot;examples&quot;]&#10;warning: the following keywords are unknown and will be ignored: [$id, examples]&#10;    level: &quot;warning&quot;&#10;    schema: {&quot;loadingURI&quot;:&quot;#&quot;,&quot;pointer&quot;:&quot;/items/properties/status&quot;}&#10;    domain: &quot;syntax&quot;&#10;    ignored: [&quot;$id&quot;,&quot;examples&quot;]&#10;warning: the following keywords are unknown and will be ignored: [$id]&#10;    level: &quot;warning&quot;&#10;    schema: {&quot;loadingURI&quot;:&quot;#&quot;,&quot;pointer&quot;:&quot;/items/properties/tags&quot;}&#10;    domain: &quot;syntax&quot;&#10;    ignored: [&quot;$id&quot;]&#10;warning: the following keywords are unknown and will be ignored: [$id]&#10;    level: &quot;warning&quot;&#10;    schema: {&quot;loadingURI&quot;:&quot;#&quot;,&quot;pointer&quot;:&quot;/items/properties/tags/items&quot;}&#10;    domain: &quot;syntax&quot;&#10;    ignored: [&quot;$id&quot;]&#10;warning: the following keywords are unknown and will be ignored: [$id, examples]&#10;    level: &quot;warning&quot;&#10;    schema: {&quot;loadingURI&quot;:&quot;#&quot;,&quot;pointer&quot;:&quot;/items/properties/tags/items/properties/id&quot;}&#10;    domain: &quot;syntax&quot;&#10;    ignored: [&quot;$id&quot;,&quot;examples&quot;]&#10;warning: the following keywords are unknown and will be ignored: [$id, examples]&#10;    level: &quot;warning&quot;&#10;    schema: {&quot;loadingURI&quot;:&quot;#&quot;,&quot;pointer&quot;:&quot;/items/properties/tags/items/properties/name&quot;}&#10;    domain: &quot;syntax&quot;&#10;    ignored: [&quot;$id&quot;,&quot;examples&quot;]&#10;warning: the following keywords are unknown and will be ignored: [$id]&#10;    level: &quot;warning&quot;&#10;    schema: {&quot;loadingURI&quot;:&quot;#&quot;,&quot;pointer&quot;:&quot;/items/properties/tags/items&quot;}&#10;    domain: &quot;syntax&quot;&#10;    ignored: [&quot;$id&quot;]&#10;warning: the following keywords are unknown and will be ignored: [$id, examples]&#10;    level: &quot;warning&quot;&#10;    schema: {&quot;loadingURI&quot;:&quot;#&quot;,&quot;pointer&quot;:&quot;/items/properties/tags/items/properties/id&quot;}&#10;    domain: &quot;syntax&quot;&#10;    ignored: [&quot;$id&quot;,&quot;examples&quot;]&#10;warning: the following keywords are unknown and will be ignored: [$id, examples]&#10;    level: &quot;warning&quot;&#10;    schema: {&quot;loadingURI&quot;:&quot;#&quot;,&quot;pointer&quot;:&quot;/items/properties/tags/items/properties/name&quot;}&#10;    domain: &quot;syntax&quot;&#10;    ignored: [&quot;$id&quot;,&quot;examples&quot;]&#10;warning: the following keywords are unknown and will be ignored: [$id, examples]&#10;    level: &quot;warning&quot;&#10;    schema: {&quot;loadingURI&quot;:&quot;#&quot;,&quot;pointer&quot;:&quot;/items/properties/tags/items/properties/id&quot;}&#10;    domain: &quot;syntax&quot;&#10;    ignored: [&quot;$id&quot;,&quot;examples&quot;]&#10;warning: the following keywords are unknown and will be ignored: [$id, examples]&#10;    level: &quot;warning&quot;&#10;    schema: {&quot;loadingURI&quot;:&quot;#&quot;,&quot;pointer&quot;:&quot;/items/properties/tags/items/properties/name&quot;}&#10;    domain: &quot;syntax&quot;&#10;    ignored: [&quot;$id&quot;,&quot;examples&quot;]&#10;warning: the following keywords are unknown and will be ignored: [$id]&#10;    level: &quot;warning&quot;&#10;    schema: {&quot;loadingURI&quot;:&quot;#&quot;,&quot;pointer&quot;:&quot;/items&quot;}&#10;    domain: &quot;syntax&quot;&#10;    ignored: [&quot;$id&quot;]&#10;warning: the following keywords are unknown and will be ignored: [$id]&#10;    level: &quot;warning&quot;&#10;    schema: {&quot;loadingURI&quot;:&quot;#&quot;,&quot;pointer&quot;:&quot;/items/properties/category&quot;}&#10;    domain: &quot;syntax&quot;&#10;    ignored: [&quot;$id&quot;]&#10;warning: the following keywords are unknown and will be ignored: [$id, examples]&#10;    level: &quot;warning&quot;&#10;    schema: {&quot;loadingURI&quot;:&quot;#&quot;,&quot;pointer&quot;:&quot;/items/properties/category/properties/id&quot;}&#10;    domain: &quot;syntax&quot;&#10;    ignored: [&quot;$id&quot;,&quot;examples&quot;]&#10;warning: the following keywords are unknown and will be ignored: [$id, examples]&#10;    level: &quot;warning&quot;&#10;    schema: {&quot;loadingURI&quot;:&quot;#&quot;,&quot;pointer&quot;:&quot;/items/properties/category/properties/name&quot;}&#10;    domain: &quot;syntax&quot;&#10;    ignored: [&quot;$id&quot;,&quot;examples&quot;]&#10;warning: the following keywords are unknown and will be ignored: [$id, examples]&#10;    level: &quot;warning&quot;&#10;    schema: {&quot;loadingURI&quot;:&quot;#&quot;,&quot;pointer&quot;:&quot;/items/properties/id&quot;}&#10;    domain: &quot;syntax&quot;&#10;    ignored: [&quot;$id&quot;,&quot;examples&quot;]&#10;warning: the following keywords are unknown and will be ignored: [$id, examples]&#10;    level: &quot;warning&quot;&#10;    schema: {&quot;loadingURI&quot;:&quot;#&quot;,&quot;pointer&quot;:&quot;/items/properties/name&quot;}&#10;    domain: &quot;syntax&quot;&#10;    ignored: [&quot;$id&quot;,&quot;examples&quot;]&#10;warning: the following keywords are unknown and will be ignored: [$id]&#10;    level: &quot;warning&quot;&#10;    schema: {&quot;loadingURI&quot;:&quot;#&quot;,&quot;pointer&quot;:&quot;/items/properties/photoUrls&quot;}&#10;    domain: &quot;syntax&quot;&#10;    ignored: [&quot;$id&quot;]&#10;warning: the following keywords are unknown and will be ignored: [$id, examples]&#10;    level: &quot;warning&quot;&#10;    schema: {&quot;loadingURI&quot;:&quot;#&quot;,&quot;pointer&quot;:&quot;/items/properties/photoUrls/items&quot;}&#10;    domain: &quot;syntax&quot;&#10;    ignored: [&quot;$id&quot;,&quot;examples&quot;]&#10;warning: the following keywords are unknown and will be ignored: [$id, examples]&#10;    level: &quot;warning&quot;&#10;    schema: {&quot;loadingURI&quot;:&quot;#&quot;,&quot;pointer&quot;:&quot;/items/properties/status&quot;}&#10;    domain: &quot;syntax&quot;&#10;    ignored: [&quot;$id&quot;,&quot;examples&quot;]&#10;warning: the following keywords are unknown and will be ignored: [$id]&#10;    level: &quot;warning&quot;&#10;    schema: {&quot;loadingURI&quot;:&quot;#&quot;,&quot;pointer&quot;:&quot;/items/properties/tags&quot;}&#10;    domain: &quot;syntax&quot;&#10;    ignored: [&quot;$id&quot;]&#10;warning: the following keywords are unknown and will be ignored: [$id]&#10;    level: &quot;warning&quot;&#10;    schema: {&quot;loadingURI&quot;:&quot;#&quot;,&quot;pointer&quot;:&quot;/items/properties/tags/items&quot;}&#10;    domain: &quot;syntax&quot;&#10;    ignored: [&quot;$id&quot;]&#10;warning: the following keywords are unknown and will be ignored: [$id, examples]&#10;    level: &quot;warning&quot;&#10;    schema: {&quot;loadingURI&quot;:&quot;#&quot;,&quot;pointer&quot;:&quot;/items/properties/tags/items/properties/id&quot;}&#10;    domain: &quot;syntax&quot;&#10;    ignored: [&quot;$id&quot;,&quot;examples&quot;]&#10;warning: the following keywords are unknown and will be ignored: [$id, examples]&#10;    level: &quot;warning&quot;&#10;    schema: {&quot;loadingURI&quot;:&quot;#&quot;,&quot;pointer&quot;:&quot;/items/properties/tags/items/properties/name&quot;}&#10;    domain: &quot;syntax&quot;&#10;    ignored: [&quot;$id&quot;,&quot;examples&quot;]&#10;warning: the following keywords are unknown and will be ignored: [$id]&#10;    level: &quot;warning&quot;&#10;    schema: {&quot;loadingURI&quot;:&quot;#&quot;,&quot;pointer&quot;:&quot;/items/properties/category&quot;}&#10;    domain: &quot;syntax&quot;&#10;    ignored: [&quot;$id&quot;]&#10;warning: the following keywords are unknown and will be ignored: [$id, examples]&#10;    level: &quot;warning&quot;&#10;    schema: {&quot;loadingURI&quot;:&quot;#&quot;,&quot;pointer&quot;:&quot;/items/properties/category/properties/id&quot;}&#10;    domain: &quot;syntax&quot;&#10;    ignored: [&quot;$id&quot;,&quot;examples&quot;]&#10;warning: the following keywords are unknown and will be ignored: [$id, examples]&#10;    level: &quot;warning&quot;&#10;    schema: {&quot;loadingURI&quot;:&quot;#&quot;,&quot;pointer&quot;:&quot;/items/properties/category/properties/name&quot;}&#10;    domain: &quot;syntax&quot;&#10;    ignored: [&quot;$id&quot;,&quot;examples&quot;]&#10;warning: the following keywords are unknown and will be ignored: [$id, examples]&#10;    level: &quot;warning&quot;&#10;    schema: {&quot;loadingURI&quot;:&quot;#&quot;,&quot;pointer&quot;:&quot;/items/properties/category/properties/id&quot;}&#10;    domain: &quot;syntax&quot;&#10;    ignored: [&quot;$id&quot;,&quot;examples&quot;]&#10;warning: the following keywords are unknown and will be ignored: [$id, examples]&#10;    level: &quot;warning&quot;&#10;    schema: {&quot;loadingURI&quot;:&quot;#&quot;,&quot;pointer&quot;:&quot;/items/properties/category/properties/name&quot;}&#10;    domain: &quot;syntax&quot;&#10;    ignored: [&quot;$id&quot;,&quot;examples&quot;]&#10;warning: the following keywords are unknown and will be ignored: [$id, examples]&#10;    level: &quot;warning&quot;&#10;    schema: {&quot;loadingURI&quot;:&quot;#&quot;,&quot;pointer&quot;:&quot;/items/properties/id&quot;}&#10;    domain: &quot;syntax&quot;&#10;    ignored: [&quot;$id&quot;,&quot;examples&quot;]&#10;warning: the following keywords are unknown and will be ignored: [$id, examples]&#10;    level: &quot;warning&quot;&#10;    schema: {&quot;loadingURI&quot;:&quot;#&quot;,&quot;pointer&quot;:&quot;/items/properties/name&quot;}&#10;    domain: &quot;syntax&quot;&#10;    ignored: [&quot;$id&quot;,&quot;examples&quot;]&#10;warning: the following keywords are unknown and will be ignored: [$id]&#10;    level: &quot;warning&quot;&#10;    schema: {&quot;loadingURI&quot;:&quot;#&quot;,&quot;pointer&quot;:&quot;/items/properties/photoUrls&quot;}&#10;    domain: &quot;syntax&quot;&#10;    ignored: [&quot;$id&quot;]&#10;warning: the following keywords are unknown and will be ignored: [$id, examples]&#10;    level: &quot;warning&quot;&#10;    schema: {&quot;loadingURI&quot;:&quot;#&quot;,&quot;pointer&quot;:&quot;/items/properties/photoUrls/items&quot;}&#10;    domain: &quot;syntax&quot;&#10;    ignored: [&quot;$id&quot;,&quot;examples&quot;]&#10;warning: the following keywords are unknown and will be ignored: [$id, examples]&#10;    level: &quot;warning&quot;&#10;    schema: {&quot;loadingURI&quot;:&quot;#&quot;,&quot;pointer&quot;:&quot;/items/properties/photoUrls/items&quot;}&#10;    domain: &quot;syntax&quot;&#10;    ignored: [&quot;$id&quot;,&quot;examples&quot;]&#10;warning: the following keywords are unknown and will be ignored: [$id, examples]&#10;    level: &quot;warning&quot;&#10;    schema: {&quot;loadingURI&quot;:&quot;#&quot;,&quot;pointer&quot;:&quot;/items/properties/status&quot;}&#10;    domain: &quot;syntax&quot;&#10;    ignored: [&quot;$id&quot;,&quot;examples&quot;]&#10;warning: the following keywords are unknown and will be ignored: [$id]&#10;    level: &quot;warning&quot;&#10;    schema: {&quot;loadingURI&quot;:&quot;#&quot;,&quot;pointer&quot;:&quot;/items/properties/tags&quot;}&#10;    domain: &quot;syntax&quot;&#10;    ignored: [&quot;$id&quot;]&#10;warning: the following keywords are unknown and will be ignored: [$id]&#10;    level: &quot;warning&quot;&#10;    schema: {&quot;loadingURI&quot;:&quot;#&quot;,&quot;pointer&quot;:&quot;/items/properties/tags/items&quot;}&#10;    domain: &quot;syntax&quot;&#10;    ignored: [&quot;$id&quot;]&#10;warning: the following keywords are unknown and will be ignored: [$id, examples]&#10;    level: &quot;warning&quot;&#10;    schema: {&quot;loadingURI&quot;:&quot;#&quot;,&quot;pointer&quot;:&quot;/items/properties/tags/items/properties/id&quot;}&#10;    domain: &quot;syntax&quot;&#10;    ignored: [&quot;$id&quot;,&quot;examples&quot;]&#10;warning: the following keywords are unknown and will be ignored: [$id, examples]&#10;    level: &quot;warning&quot;&#10;    schema: {&quot;loadingURI&quot;:&quot;#&quot;,&quot;pointer&quot;:&quot;/items/properties/tags/items/properties/name&quot;}&#10;    domain: &quot;syntax&quot;&#10;    ignored: [&quot;$id&quot;,&quot;examples&quot;]&#10;warning: the following keywords are unknown and will be ignored: [$id]&#10;    level: &quot;warning&quot;&#10;    schema: {&quot;loadingURI&quot;:&quot;#&quot;,&quot;pointer&quot;:&quot;/items/properties/tags/items&quot;}&#10;    domain: &quot;syntax&quot;&#10;    ignored: [&quot;$id&quot;]&#10;warning: the following keywords are unknown and will be ignored: [$id, examples]&#10;    level: &quot;warning&quot;&#10;    schema: {&quot;loadingURI&quot;:&quot;#&quot;,&quot;pointer&quot;:&quot;/items/properties/tags/items/properties/id&quot;}&#10;    domain: &quot;syntax&quot;&#10;    ignored: [&quot;$id&quot;,&quot;examples&quot;]&#10;warning: the following keywords are unknown and will be ignored: [$id, examples]&#10;    level: &quot;warning&quot;&#10;    schema: {&quot;loadingURI&quot;:&quot;#&quot;,&quot;pointer&quot;:&quot;/items/properties/tags/items/properties/name&quot;}&#10;    domain: &quot;syntax&quot;&#10;    ignored: [&quot;$id&quot;,&quot;examples&quot;]&#10;warning: the following keywords are unknown and will be ignored: [$id, examples]&#10;    level: &quot;warning&quot;&#10;    schema: {&quot;loadingURI&quot;:&quot;#&quot;,&quot;pointer&quot;:&quot;/items/properties/tags/items/properties/id&quot;}&#10;    domain: &quot;syntax&quot;&#10;    ignored: [&quot;$id&quot;,&quot;examples&quot;]&#10;warning: the following keywords are unknown and will be ignored: [$id, examples]&#10;    level: &quot;warning&quot;&#10;    schema: {&quot;loadingURI&quot;:&quot;#&quot;,&quot;pointer&quot;:&quot;/items/properties/tags/items/properties/name&quot;}&#10;    domain: &quot;syntax&quot;&#10;    ignored: [&quot;$id&quot;,&quot;examples&quot;]&#10;warning: the following keywords are unknown and will be ignored: [$id]&#10;    level: &quot;warning&quot;&#10;    schema: {&quot;loadingURI&quot;:&quot;#&quot;,&quot;pointer&quot;:&quot;/items&quot;}&#10;    domain: &quot;syntax&quot;&#10;    ignored: [&quot;$id&quot;]&#10;warning: the following keywords are unknown and will be ignored: [$id]&#10;    level: &quot;warning&quot;&#10;    schema: {&quot;loadingURI&quot;:&quot;#&quot;,&quot;pointer&quot;:&quot;/items/properties/category&quot;}&#10;    domain: &quot;syntax&quot;&#10;    ignored: [&quot;$id&quot;]&#10;warning: the following keywords are unknown and will be ignored: [$id, examples]&#10;    level: &quot;warning&quot;&#10;    schema: {&quot;loadingURI&quot;:&quot;#&quot;,&quot;pointer&quot;:&quot;/items/properties/category/properties/id&quot;}&#10;    domain: &quot;syntax&quot;&#10;    ignored: [&quot;$id&quot;,&quot;examples&quot;]&#10;warning: the following keywords are unknown and will be ignored: [$id, examples]&#10;    level: &quot;warning&quot;&#10;    schema: {&quot;loadingURI&quot;:&quot;#&quot;,&quot;pointer&quot;:&quot;/items/properties/category/properties/name&quot;}&#10;    domain: &quot;syntax&quot;&#10;    ignored: [&quot;$id&quot;,&quot;examples&quot;]&#10;warning: the following keywords are unknown and will be ignored: [$id, examples]&#10;    level: &quot;warning&quot;&#10;    schema: {&quot;loadingURI&quot;:&quot;#&quot;,&quot;pointer&quot;:&quot;/items/properties/id&quot;}&#10;    domain: &quot;syntax&quot;&#10;    ignored: [&quot;$id&quot;,&quot;examples&quot;]&#10;warning: the following keywords are unknown and will be ignored: [$id, examples]&#10;    level: &quot;warning&quot;&#10;    schema: {&quot;loadingURI&quot;:&quot;#&quot;,&quot;pointer&quot;:&quot;/items/properties/name&quot;}&#10;    domain: &quot;syntax&quot;&#10;    ignored: [&quot;$id&quot;,&quot;examples&quot;]&#10;warning: the following keywords are unknown and will be ignored: [$id]&#10;    level: &quot;warning&quot;&#10;    schema: {&quot;loadingURI&quot;:&quot;#&quot;,&quot;pointer&quot;:&quot;/items/properties/photoUrls&quot;}&#10;    domain: &quot;syntax&quot;&#10;    ignored: [&quot;$id&quot;]&#10;warning: the following keywords are unknown and will be ignored: [$id, examples]&#10;    level: &quot;warning&quot;&#10;    schema: {&quot;loadingURI&quot;:&quot;#&quot;,&quot;pointer&quot;:&quot;/items/properties/photoUrls/items&quot;}&#10;    domain: &quot;syntax&quot;&#10;    ignored: [&quot;$id&quot;,&quot;examples&quot;]&#10;warning: the following keywords are unknown and will be ignored: [$id, examples]&#10;    level: &quot;warning&quot;&#10;    schema: {&quot;loadingURI&quot;:&quot;#&quot;,&quot;pointer&quot;:&quot;/items/properties/status&quot;}&#10;    domain: &quot;syntax&quot;&#10;    ignored: [&quot;$id&quot;,&quot;examples&quot;]&#10;warning: the following keywords are unknown and will be ignored: [$id]&#10;    level: &quot;warning&quot;&#10;    schema: {&quot;loadingURI&quot;:&quot;#&quot;,&quot;pointer&quot;:&quot;/items/properties/tags&quot;}&#10;    domain: &quot;syntax&quot;&#10;    ignored: [&quot;$id&quot;]&#10;warning: the following keywords are unknown and will be ignored: [$id]&#10;    level: &quot;warning&quot;&#10;    schema: {&quot;loadingURI&quot;:&quot;#&quot;,&quot;pointer&quot;:&quot;/items/properties/tags/items&quot;}&#10;    domain: &quot;syntax&quot;&#10;    ignored: [&quot;$id&quot;]&#10;warning: the following keywords are unknown and will be ignored: [$id, examples]&#10;    level: &quot;warning&quot;&#10;    schema: {&quot;loadingURI&quot;:&quot;#&quot;,&quot;pointer&quot;:&quot;/items/properties/tags/items/properties/id&quot;}&#10;    domain: &quot;syntax&quot;&#10;    ignored: [&quot;$id&quot;,&quot;examples&quot;]&#10;warning: the following keywords are unknown and will be ignored: [$id, examples]&#10;    level: &quot;warning&quot;&#10;    schema: {&quot;loadingURI&quot;:&quot;#&quot;,&quot;pointer&quot;:&quot;/items/properties/tags/items/properties/name&quot;}&#10;    domain: &quot;syntax&quot;&#10;    ignored: [&quot;$id&quot;,&quot;examples&quot;]&#10;warning: the following keywords are unknown and will be ignored: [$id]&#10;    level: &quot;warning&quot;&#10;    schema: {&quot;loadingURI&quot;:&quot;#&quot;,&quot;pointer&quot;:&quot;/items/properties/category&quot;}&#10;    domain: &quot;syntax&quot;&#10;    ignored: [&quot;$id&quot;]&#10;warning: the following keywords are unknown and will be ignored: [$id, examples]&#10;    level: &quot;warning&quot;&#10;    schema: {&quot;loadingURI&quot;:&quot;#&quot;,&quot;pointer&quot;:&quot;/items/properties/category/properties/id&quot;}&#10;    domain: &quot;syntax&quot;&#10;    ignored: [&quot;$id&quot;,&quot;examples&quot;]&#10;warning: the following keywords are unknown and will be ignored: [$id, examples]&#10;    level: &quot;warning&quot;&#10;    schema: {&quot;loadingURI&quot;:&quot;#&quot;,&quot;pointer&quot;:&quot;/items/properties/category/properties/name&quot;}&#10;    domain: &quot;syntax&quot;&#10;    ignored: [&quot;$id&quot;,&quot;examples&quot;]&#10;warning: the following keywords are unknown and will be ignored: [$id, examples]&#10;    level: &quot;warning&quot;&#10;    schema: {&quot;loadingURI&quot;:&quot;#&quot;,&quot;pointer&quot;:&quot;/items/properties/category/properties/id&quot;}&#10;    domain: &quot;syntax&quot;&#10;    ignored: [&quot;$id&quot;,&quot;examples&quot;]&#10;warning: the following keywords are unknown and will be ignored: [$id, examples]&#10;    level: &quot;warning&quot;&#10;    schema: {&quot;loadingURI&quot;:&quot;#&quot;,&quot;pointer&quot;:&quot;/items/properties/category/properties/name&quot;}&#10;    domain: &quot;syntax&quot;&#10;    ignored: [&quot;$id&quot;,&quot;examples&quot;]&#10;warning: the following keywords are unknown and will be ignored: [$id, examples]&#10;    level: &quot;warning&quot;&#10;    schema: {&quot;loadingURI&quot;:&quot;#&quot;,&quot;pointer&quot;:&quot;/items/properties/id&quot;}&#10;    domain: &quot;syntax&quot;&#10;    ignored: [&quot;$id&quot;,&quot;examples&quot;]&#10;warning: the following keywords are unknown and will be ignored: [$id, examples]&#10;    level: &quot;warning&quot;&#10;    schema: {&quot;loadingURI&quot;:&quot;#&quot;,&quot;pointer&quot;:&quot;/items/properties/name&quot;}&#10;    domain: &quot;syntax&quot;&#10;    ignored: [&quot;$id&quot;,&quot;examples&quot;]&#10;warning: the following keywords are unknown and will be ignored: [$id]&#10;    level: &quot;warning&quot;&#10;    schema: {&quot;loadingURI&quot;:&quot;#&quot;,&quot;pointer&quot;:&quot;/items/properties/photoUrls&quot;}&#10;    domain: &quot;syntax&quot;&#10;    ignored: [&quot;$id&quot;]&#10;warning: the following keywords are unknown and will be ignored: [$id, examples]&#10;    level: &quot;warning&quot;&#10;    schema: {&quot;loadingURI&quot;:&quot;#&quot;,&quot;pointer&quot;:&quot;/items/properties/photoUrls/items&quot;}&#10;    domain: &quot;syntax&quot;&#10;    ignored: [&quot;$id&quot;,&quot;examples&quot;]&#10;warning: the following keywords are unknown and will be ignored: [$id, examples]&#10;    level: &quot;warning&quot;&#10;    schema: {&quot;loadingURI&quot;:&quot;#&quot;,&quot;pointer&quot;:&quot;/items/properties/photoUrls/items&quot;}&#10;    domain: &quot;syntax&quot;&#10;    ignored: [&quot;$id&quot;,&quot;examples&quot;]&#10;warning: the following keywords are unknown and will be ignored: [$id, examples]&#10;    level: &quot;warning&quot;&#10;    schema: {&quot;loadingURI&quot;:&quot;#&quot;,&quot;pointer&quot;:&quot;/items/properties/status&quot;}&#10;    domain: &quot;syntax&quot;&#10;    ignored: [&quot;$id&quot;,&quot;examples&quot;]&#10;warning: the following keywords are unknown and will be ignored: [$id]&#10;    level: &quot;warning&quot;&#10;    schema: {&quot;loadingURI&quot;:&quot;#&quot;,&quot;pointer&quot;:&quot;/items/properties/tags&quot;}&#10;    domain: &quot;syntax&quot;&#10;    ignored: [&quot;$id&quot;]&#10;warning: the following keywords are unknown and will be ignored: [$id]&#10;    level: &quot;warning&quot;&#10;    schema: {&quot;loadingURI&quot;:&quot;#&quot;,&quot;pointer&quot;:&quot;/items/properties/tags/items&quot;}&#10;    domain: &quot;syntax&quot;&#10;    ignored: [&quot;$id&quot;]&#10;warning: the following keywords are unknown and will be ignored: [$id, examples]&#10;    level: &quot;warning&quot;&#10;    schema: {&quot;loadingURI&quot;:&quot;#&quot;,&quot;pointer&quot;:&quot;/items/properties/tags/items/properties/id&quot;}&#10;    domain: &quot;syntax&quot;&#10;    ignored: [&quot;$id&quot;,&quot;examples&quot;]&#10;warning: the following keywords are unknown and will be ignored: [$id, examples]&#10;    level: &quot;warning&quot;&#10;    schema: {&quot;loadingURI&quot;:&quot;#&quot;,&quot;pointer&quot;:&quot;/items/properties/tags/items/properties/name&quot;}&#10;    domain: &quot;syntax&quot;&#10;    ignored: [&quot;$id&quot;,&quot;examples&quot;]&#10;warning: the following keywords are unknown and will be ignored: [$id]&#10;    level: &quot;warning&quot;&#10;    schema: {&quot;loadingURI&quot;:&quot;#&quot;,&quot;pointer&quot;:&quot;/items/properties/tags/items&quot;}&#10;    domain: &quot;syntax&quot;&#10;    ignored: [&quot;$id&quot;]&#10;warning: the following keywords are unknown and will be ignored: [$id, examples]&#10;    level: &quot;warning&quot;&#10;    schema: {&quot;loadingURI&quot;:&quot;#&quot;,&quot;pointer&quot;:&quot;/items/properties/tags/items/properties/id&quot;}&#10;    domain: &quot;syntax&quot;&#10;    ignored: [&quot;$id&quot;,&quot;examples&quot;]&#10;warning: the following keywords are unknown and will be ignored: [$id, examples]&#10;    level: &quot;warning&quot;&#10;    schema: {&quot;loadingURI&quot;:&quot;#&quot;,&quot;pointer&quot;:&quot;/items/properties/tags/items/properties/name&quot;}&#10;    domain: &quot;syntax&quot;&#10;    ignored: [&quot;$id&quot;,&quot;examples&quot;]&#10;warning: the following keywords are unknown and will be ignored: [$id, examples]&#10;    level: &quot;warning&quot;&#10;    schema: {&quot;loadingURI&quot;:&quot;#&quot;,&quot;pointer&quot;:&quot;/items/properties/tags/items/properties/id&quot;}&#10;    domain: &quot;syntax&quot;&#10;    ignored: [&quot;$id&quot;,&quot;examples&quot;]&#10;warning: the following keywords are unknown and will be ignored: [$id, examples]&#10;    level: &quot;warning&quot;&#10;    schema: {&quot;loadingURI&quot;:&quot;#&quot;,&quot;pointer&quot;:&quot;/items/properties/tags/items/properties/name&quot;}&#10;    domain: &quot;syntax&quot;&#10;    ignored: [&quot;$id&quot;,&quot;examples&quot;]&#10;warning: the following keywords are unknown and will be ignored: [$id]&#10;    level: &quot;warning&quot;&#10;    schema: {&quot;loadingURI&quot;:&quot;#&quot;,&quot;pointer&quot;:&quot;/items&quot;}&#10;    domain: &quot;syntax&quot;&#10;    ignored: [&quot;$id&quot;]&#10;warning: the following keywords are unknown and will be ignored: [$id]&#10;    level: &quot;warning&quot;&#10;    schema: {&quot;loadingURI&quot;:&quot;#&quot;,&quot;pointer&quot;:&quot;/items/properties/category&quot;}&#10;    domain: &quot;syntax&quot;&#10;    ignored: [&quot;$id&quot;]&#10;warning: the following keywords are unknown and will be ignored: [$id, examples]&#10;    level: &quot;warning&quot;&#10;    schema: {&quot;loadingURI&quot;:&quot;#&quot;,&quot;pointer&quot;:&quot;/items/properties/category/properties/id&quot;}&#10;    domain: &quot;syntax&quot;&#10;    ignored: [&quot;$id&quot;,&quot;examples&quot;]&#10;warning: the following keywords are unknown and will be ignored: [$id, examples]&#10;    level: &quot;warning&quot;&#10;    schema: {&quot;loadingURI&quot;:&quot;#&quot;,&quot;pointer&quot;:&quot;/items/properties/category/properties/name&quot;}&#10;    domain: &quot;syntax&quot;&#10;    ignored: [&quot;$id&quot;,&quot;examples&quot;]&#10;warning: the following keywords are unknown and will be ignored: [$id, examples]&#10;    level: &quot;warning&quot;&#10;    schema: {&quot;loadingURI&quot;:&quot;#&quot;,&quot;pointer&quot;:&quot;/items/properties/id&quot;}&#10;    domain: &quot;syntax&quot;&#10;    ignored: [&quot;$id&quot;,&quot;examples&quot;]&#10;warning: the following keywords are unknown and will be ignored: [$id, examples]&#10;    level: &quot;warning&quot;&#10;    schema: {&quot;loadingURI&quot;:&quot;#&quot;,&quot;pointer&quot;:&quot;/items/properties/name&quot;}&#10;    domain: &quot;syntax&quot;&#10;    ignored: [&quot;$id&quot;,&quot;examples&quot;]&#10;warning: the following keywords are unknown and will be ignored: [$id]&#10;    level: &quot;warning&quot;&#10;    schema: {&quot;loadingURI&quot;:&quot;#&quot;,&quot;pointer&quot;:&quot;/items/properties/photoUrls&quot;}&#10;    domain: &quot;syntax&quot;&#10;    ignored: [&quot;$id&quot;]&#10;warning: the following keywords are unknown and will be ignored: [$id, examples]&#10;    level: &quot;warning&quot;&#10;    schema: {&quot;loadingURI&quot;:&quot;#&quot;,&quot;pointer&quot;:&quot;/items/properties/photoUrls/items&quot;}&#10;    domain: &quot;syntax&quot;&#10;    ignored: [&quot;$id&quot;,&quot;examples&quot;]&#10;warning: the following keywords are unknown and will be ignored: [$id, examples]&#10;    level: &quot;warning&quot;&#10;    schema: {&quot;loadingURI&quot;:&quot;#&quot;,&quot;pointer&quot;:&quot;/items/properties/status&quot;}&#10;    domain: &quot;syntax&quot;&#10;    ignored: [&quot;$id&quot;,&quot;examples&quot;]&#10;warning: the following keywords are unknown and will be ignored: [$id]&#10;    level: &quot;warning&quot;&#10;    schema: {&quot;loadingURI&quot;:&quot;#&quot;,&quot;pointer&quot;:&quot;/items/properties/tags&quot;}&#10;    domain: &quot;syntax&quot;&#10;    ignored: [&quot;$id&quot;]&#10;warning: the following keywords are unknown and will be ignored: [$id]&#10;    level: &quot;warning&quot;&#10;    schema: {&quot;loadingURI&quot;:&quot;#&quot;,&quot;pointer&quot;:&quot;/items/properties/tags/items&quot;}&#10;    domain: &quot;syntax&quot;&#10;    ignored: [&quot;$id&quot;]&#10;warning: the following keywords are unknown and will be ignored: [$id, examples]&#10;    level: &quot;warning&quot;&#10;    schema: {&quot;loadingURI&quot;:&quot;#&quot;,&quot;pointer&quot;:&quot;/items/properties/tags/items/properties/id&quot;}&#10;    domain: &quot;syntax&quot;&#10;    ignored: [&quot;$id&quot;,&quot;examples&quot;]&#10;warning: the following keywords are unknown and will be ignored: [$id, examples]&#10;    level: &quot;warning&quot;&#10;    schema: {&quot;loadingURI&quot;:&quot;#&quot;,&quot;pointer&quot;:&quot;/items/properties/tags/items/properties/name&quot;}&#10;    domain: &quot;syntax&quot;&#10;    ignored: [&quot;$id&quot;,&quot;examples&quot;]&#10;warning: the following keywords are unknown and will be ignored: [$id]&#10;    level: &quot;warning&quot;&#10;    schema: {&quot;loadingURI&quot;:&quot;#&quot;,&quot;pointer&quot;:&quot;/items/properties/category&quot;}&#10;    domain: &quot;syntax&quot;&#10;    ignored: [&quot;$id&quot;]&#10;warning: the following keywords are unknown and will be ignored: [$id, examples]&#10;    level: &quot;warning&quot;&#10;    schema: {&quot;loadingURI&quot;:&quot;#&quot;,&quot;pointer&quot;:&quot;/items/properties/category/properties/id&quot;}&#10;    domain: &quot;syntax&quot;&#10;    ignored: [&quot;$id&quot;,&quot;examples&quot;]&#10;warning: the following keywords are unknown and will be ignored: [$id, examples]&#10;    level: &quot;warning&quot;&#10;    schema: {&quot;loadingURI&quot;:&quot;#&quot;,&quot;pointer&quot;:&quot;/items/properties/category/properties/name&quot;}&#10;    domain: &quot;syntax&quot;&#10;    ignored: [&quot;$id&quot;,&quot;examples&quot;]&#10;warning: the following keywords are unknown and will be ignored: [$id, examples]&#10;    level: &quot;warning&quot;&#10;    schema: {&quot;loadingURI&quot;:&quot;#&quot;,&quot;pointer&quot;:&quot;/items/properties/category/properties/id&quot;}&#10;    domain: &quot;syntax&quot;&#10;    ignored: [&quot;$id&quot;,&quot;examples&quot;]&#10;warning: the following keywords are unknown and will be ignored: [$id, examples]&#10;    level: &quot;warning&quot;&#10;    schema: {&quot;loadingURI&quot;:&quot;#&quot;,&quot;pointer&quot;:&quot;/items/properties/category/properties/name&quot;}&#10;    domain: &quot;syntax&quot;&#10;    ignored: [&quot;$id&quot;,&quot;examples&quot;]&#10;warning: the following keywords are unknown and will be ignored: [$id, examples]&#10;    level: &quot;warning&quot;&#10;    schema: {&quot;loadingURI&quot;:&quot;#&quot;,&quot;pointer&quot;:&quot;/items/properties/id&quot;}&#10;    domain: &quot;syntax&quot;&#10;    ignored: [&quot;$id&quot;,&quot;examples&quot;]&#10;warning: the following keywords are unknown and will be ignored: [$id, examples]&#10;    level: &quot;warning&quot;&#10;    schema: {&quot;loadingURI&quot;:&quot;#&quot;,&quot;pointer&quot;:&quot;/items/properties/name&quot;}&#10;    domain: &quot;syntax&quot;&#10;    ignored: [&quot;$id&quot;,&quot;examples&quot;]&#10;warning: the following keywords are unknown and will be ignored: [$id]&#10;    level: &quot;warning&quot;&#10;    schema: {&quot;loadingURI&quot;:&quot;#&quot;,&quot;pointer&quot;:&quot;/items/properties/photoUrls&quot;}&#10;    domain: &quot;syntax&quot;&#10;    ignored: [&quot;$id&quot;]&#10;warning: the following keywords are unknown and will be ignored: [$id, examples]&#10;    level: &quot;warning&quot;&#10;    schema: {&quot;loadingURI&quot;:&quot;#&quot;,&quot;pointer&quot;:&quot;/items/properties/photoUrls/items&quot;}&#10;    domain: &quot;syntax&quot;&#10;    ignored: [&quot;$id&quot;,&quot;examples&quot;]&#10;warning: the following keywords are unknown and will be ignored: [$id, examples]&#10;    level: &quot;warning&quot;&#10;    schema: {&quot;loadingURI&quot;:&quot;#&quot;,&quot;pointer&quot;:&quot;/items/properties/photoUrls/items&quot;}&#10;    domain: &quot;syntax&quot;&#10;    ignored: [&quot;$id&quot;,&quot;examples&quot;]&#10;warning: the following keywords are unknown and will be ignored: [$id, examples]&#10;    level: &quot;warning&quot;&#10;    schema: {&quot;loadingURI&quot;:&quot;#&quot;,&quot;pointer&quot;:&quot;/items/properties/status&quot;}&#10;    domain: &quot;syntax&quot;&#10;    ignored: [&quot;$id&quot;,&quot;examples&quot;]&#10;warning: the following keywords are unknown and will be ignored: [$id]&#10;    level: &quot;warning&quot;&#10;    schema: {&quot;loadingURI&quot;:&quot;#&quot;,&quot;pointer&quot;:&quot;/items/properties/tags&quot;}&#10;    domain: &quot;syntax&quot;&#10;    ignored: [&quot;$id&quot;]&#10;warning: the following keywords are unknown and will be ignored: [$id]&#10;    level: &quot;warning&quot;&#10;    schema: {&quot;loadingURI&quot;:&quot;#&quot;,&quot;pointer&quot;:&quot;/items/properties/tags/items&quot;}&#10;    domain: &quot;syntax&quot;&#10;    ignored: [&quot;$id&quot;]&#10;warning: the following keywords are unknown and will be ignored: [$id, examples]&#10;    level: &quot;warning&quot;&#10;    schema: {&quot;loadingURI&quot;:&quot;#&quot;,&quot;pointer&quot;:&quot;/items/properties/tags/items/properties/id&quot;}&#10;    domain: &quot;syntax&quot;&#10;    ignored: [&quot;$id&quot;,&quot;examples&quot;]&#10;warning: the following keywords are unknown and will be ignored: [$id, examples]&#10;    level: &quot;warning&quot;&#10;    schema: {&quot;loadingURI&quot;:&quot;#&quot;,&quot;pointer&quot;:&quot;/items/properties/tags/items/properties/name&quot;}&#10;    domain: &quot;syntax&quot;&#10;    ignored: [&quot;$id&quot;,&quot;examples&quot;]&#10;warning: the following keywords are unknown and will be ignored: [$id]&#10;    level: &quot;warning&quot;&#10;    schema: {&quot;loadingURI&quot;:&quot;#&quot;,&quot;pointer&quot;:&quot;/items/properties/tags/items&quot;}&#10;    domain: &quot;syntax&quot;&#10;    ignored: [&quot;$id&quot;]&#10;warning: the following keywords are unknown and will be ignored: [$id, examples]&#10;    level: &quot;warning&quot;&#10;    schema: {&quot;loadingURI&quot;:&quot;#&quot;,&quot;pointer&quot;:&quot;/items/properties/tags/items/properties/id&quot;}&#10;    domain: &quot;syntax&quot;&#10;    ignored: [&quot;$id&quot;,&quot;examples&quot;]&#10;warning: the following keywords are unknown and will be ignored: [$id, examples]&#10;    level: &quot;warning&quot;&#10;    schema: {&quot;loadingURI&quot;:&quot;#&quot;,&quot;pointer&quot;:&quot;/items/properties/tags/items/properties/name&quot;}&#10;    domain: &quot;syntax&quot;&#10;    ignored: [&quot;$id&quot;,&quot;examples&quot;]&#10;warning: the following keywords are unknown and will be ignored: [$id, examples]&#10;    level: &quot;warning&quot;&#10;    schema: {&quot;loadingURI&quot;:&quot;#&quot;,&quot;pointer&quot;:&quot;/items/properties/tags/items/properties/id&quot;}&#10;    domain: &quot;syntax&quot;&#10;    ignored: [&quot;$id&quot;,&quot;examples&quot;]&#10;warning: the following keywords are unknown and will be ignored: [$id, examples]&#10;    level: &quot;warning&quot;&#10;    schema: {&quot;loadingURI&quot;:&quot;#&quot;,&quot;pointer&quot;:&quot;/items/properties/tags/items/properties/name&quot;}&#10;    domain: &quot;syntax&quot;&#10;    ignored: [&quot;$id&quot;,&quot;examples&quot;]&#10;warning: the following keywords are unknown and will be ignored: [$id]&#10;    level: &quot;warning&quot;&#10;    schema: {&quot;loadingURI&quot;:&quot;#&quot;,&quot;pointer&quot;:&quot;/items&quot;}&#10;    domain: &quot;syntax&quot;&#10;    ignored: [&quot;$id&quot;]&#10;warning: the following keywords are unknown and will be ignored: [$id]&#10;    level: &quot;warning&quot;&#10;    schema: {&quot;loadingURI&quot;:&quot;#&quot;,&quot;pointer&quot;:&quot;/items/properties/category&quot;}&#10;    domain: &quot;syntax&quot;&#10;    ignored: [&quot;$id&quot;]&#10;warning: the following keywords are unknown and will be ignored: [$id, examples]&#10;    level: &quot;warning&quot;&#10;    schema: {&quot;loadingURI&quot;:&quot;#&quot;,&quot;pointer&quot;:&quot;/items/properties/category/properties/id&quot;}&#10;    domain: &quot;syntax&quot;&#10;    ignored: [&quot;$id&quot;,&quot;examples&quot;]&#10;warning: the following keywords are unknown and will be ignored: [$id, examples]&#10;    level: &quot;warning&quot;&#10;    schema: {&quot;loadingURI&quot;:&quot;#&quot;,&quot;pointer&quot;:&quot;/items/properties/category/properties/name&quot;}&#10;    domain: &quot;syntax&quot;&#10;    ignored: [&quot;$id&quot;,&quot;examples&quot;]&#10;warning: the following keywords are unknown and will be ignored: [$id, examples]&#10;    level: &quot;warning&quot;&#10;    schema: {&quot;loadingURI&quot;:&quot;#&quot;,&quot;pointer&quot;:&quot;/items/properties/id&quot;}&#10;    domain: &quot;syntax&quot;&#10;    ignored: [&quot;$id&quot;,&quot;examples&quot;]&#10;warning: the following keywords are unknown and will be ignored: [$id, examples]&#10;    level: &quot;warning&quot;&#10;    schema: {&quot;loadingURI&quot;:&quot;#&quot;,&quot;pointer&quot;:&quot;/items/properties/name&quot;}&#10;    domain: &quot;syntax&quot;&#10;    ignored: [&quot;$id&quot;,&quot;examples&quot;]&#10;warning: the following keywords are unknown and will be ignored: [$id]&#10;    level: &quot;warning&quot;&#10;    schema: {&quot;loadingURI&quot;:&quot;#&quot;,&quot;pointer&quot;:&quot;/items/properties/photoUrls&quot;}&#10;    domain: &quot;syntax&quot;&#10;    ignored: [&quot;$id&quot;]&#10;warning: the following keywords are unknown and will be ignored: [$id, examples]&#10;    level: &quot;warning&quot;&#10;    schema: {&quot;loadingURI&quot;:&quot;#&quot;,&quot;pointer&quot;:&quot;/items/properties/photoUrls/items&quot;}&#10;    domain: &quot;syntax&quot;&#10;    ignored: [&quot;$id&quot;,&quot;examples&quot;]&#10;warning: the following keywords are unknown and will be ignored: [$id, examples]&#10;    level: &quot;warning&quot;&#10;    schema: {&quot;loadingURI&quot;:&quot;#&quot;,&quot;pointer&quot;:&quot;/items/properties/status&quot;}&#10;    domain: &quot;syntax&quot;&#10;    ignored: [&quot;$id&quot;,&quot;examples&quot;]&#10;warning: the following keywords are unknown and will be ignored: [$id]&#10;    level: &quot;warning&quot;&#10;    schema: {&quot;loadingURI&quot;:&quot;#&quot;,&quot;pointer&quot;:&quot;/items/properties/tags&quot;}&#10;    domain: &quot;syntax&quot;&#10;    ignored: [&quot;$id&quot;]&#10;warning: the following keywords are unknown and will be ignored: [$id]&#10;    level: &quot;warning&quot;&#10;    schema: {&quot;loadingURI&quot;:&quot;#&quot;,&quot;pointer&quot;:&quot;/items/properties/tags/items&quot;}&#10;    domain: &quot;syntax&quot;&#10;    ignored: [&quot;$id&quot;]&#10;warning: the following keywords are unknown and will be ignored: [$id, examples]&#10;    level: &quot;warning&quot;&#10;    schema: {&quot;loadingURI&quot;:&quot;#&quot;,&quot;pointer&quot;:&quot;/items/properties/tags/items/properties/id&quot;}&#10;    domain: &quot;syntax&quot;&#10;    ignored: [&quot;$id&quot;,&quot;examples&quot;]&#10;warning: the following keywords are unknown and will be ignored: [$id, examples]&#10;    level: &quot;warning&quot;&#10;    schema: {&quot;loadingURI&quot;:&quot;#&quot;,&quot;pointer&quot;:&quot;/items/properties/tags/items/properties/name&quot;}&#10;    domain: &quot;syntax&quot;&#10;    ignored: [&quot;$id&quot;,&quot;examples&quot;]&#10;warning: the following keywords are unknown and will be ignored: [$id]&#10;    level: &quot;warning&quot;&#10;    schema: {&quot;loadingURI&quot;:&quot;#&quot;,&quot;pointer&quot;:&quot;/items/properties/category&quot;}&#10;    domain: &quot;syntax&quot;&#10;    ignored: [&quot;$id&quot;]&#10;warning: the following keywords are unknown and will be ignored: [$id, examples]&#10;    level: &quot;warning&quot;&#10;    schema: {&quot;loadingURI&quot;:&quot;#&quot;,&quot;pointer&quot;:&quot;/items/properties/category/properties/id&quot;}&#10;    domain: &quot;syntax&quot;&#10;    ignored: [&quot;$id&quot;,&quot;examples&quot;]&#10;warning: the following keywords are unknown and will be ignored: [$id, examples]&#10;    level: &quot;warning&quot;&#10;    schema: {&quot;loadingURI&quot;:&quot;#&quot;,&quot;pointer&quot;:&quot;/items/properties/category/properties/name&quot;}&#10;    domain: &quot;syntax&quot;&#10;    ignored: [&quot;$id&quot;,&quot;examples&quot;]&#10;warning: the following keywords are unknown and will be ignored: [$id, examples]&#10;    level: &quot;warning&quot;&#10;    schema: {&quot;loadingURI&quot;:&quot;#&quot;,&quot;pointer&quot;:&quot;/items/properties/category/properties/id&quot;}&#10;    domain: &quot;syntax&quot;&#10;    ignored: [&quot;$id&quot;,&quot;examples&quot;]&#10;warning: the following keywords are unknown and will be ignored: [$id, examples]&#10;    level: &quot;warning&quot;&#10;    schema: {&quot;loadingURI&quot;:&quot;#&quot;,&quot;pointer&quot;:&quot;/items/properties/category/properties/name&quot;}&#10;    domain: &quot;syntax&quot;&#10;    ignored: [&quot;$id&quot;,&quot;examples&quot;]&#10;warning: the following keywords are unknown and will be ignored: [$id, examples]&#10;    level: &quot;warning&quot;&#10;    schema: {&quot;loadingURI&quot;:&quot;#&quot;,&quot;pointer&quot;:&quot;/items/properties/id&quot;}&#10;    domain: &quot;syntax&quot;&#10;    ignored: [&quot;$id&quot;,&quot;examples&quot;]&#10;warning: the following keywords are unknown and will be ignored: [$id, examples]&#10;    level: &quot;warning&quot;&#10;    schema: {&quot;loadingURI&quot;:&quot;#&quot;,&quot;pointer&quot;:&quot;/items/properties/name&quot;}&#10;    domain: &quot;syntax&quot;&#10;    ignored: [&quot;$id&quot;,&quot;examples&quot;]&#10;warning: the following keywords are unknown and will be ignored: [$id]&#10;    level: &quot;warning&quot;&#10;    schema: {&quot;loadingURI&quot;:&quot;#&quot;,&quot;pointer&quot;:&quot;/items/properties/photoUrls&quot;}&#10;    domain: &quot;syntax&quot;&#10;    ignored: [&quot;$id&quot;]&#10;warning: the following keywords are unknown and will be ignored: [$id, examples]&#10;    level: &quot;warning&quot;&#10;    schema: {&quot;loadingURI&quot;:&quot;#&quot;,&quot;pointer&quot;:&quot;/items/properties/photoUrls/items&quot;}&#10;    domain: &quot;syntax&quot;&#10;    ignored: [&quot;$id&quot;,&quot;examples&quot;]&#10;warning: the following keywords are unknown and will be ignored: [$id, examples]&#10;    level: &quot;warning&quot;&#10;    schema: {&quot;loadingURI&quot;:&quot;#&quot;,&quot;pointer&quot;:&quot;/items/properties/photoUrls/items&quot;}&#10;    domain: &quot;syntax&quot;&#10;    ignored: [&quot;$id&quot;,&quot;examples&quot;]&#10;warning: the following keywords are unknown and will be ignored: [$id, examples]&#10;    level: &quot;warning&quot;&#10;    schema: {&quot;loadingURI&quot;:&quot;#&quot;,&quot;pointer&quot;:&quot;/items/properties/status&quot;}&#10;    domain: &quot;syntax&quot;&#10;    ignored: [&quot;$id&quot;,&quot;examples&quot;]&#10;warning: the following keywords are unknown and will be ignored: [$id]&#10;    level: &quot;warning&quot;&#10;    schema: {&quot;loadingURI&quot;:&quot;#&quot;,&quot;pointer&quot;:&quot;/items/properties/tags&quot;}&#10;    domain: &quot;syntax&quot;&#10;    ignored: [&quot;$id&quot;]&#10;warning: the following keywords are unknown and will be ignored: [$id]&#10;    level: &quot;warning&quot;&#10;    schema: {&quot;loadingURI&quot;:&quot;#&quot;,&quot;pointer&quot;:&quot;/items/properties/tags/items&quot;}&#10;    domain: &quot;syntax&quot;&#10;    ignored: [&quot;$id&quot;]&#10;warning: the following keywords are unknown and will be ignored: [$id, examples]&#10;    level: &quot;warning&quot;&#10;    schema: {&quot;loadingURI&quot;:&quot;#&quot;,&quot;pointer&quot;:&quot;/items/properties/tags/items/properties/id&quot;}&#10;    domain: &quot;syntax&quot;&#10;    ignored: [&quot;$id&quot;,&quot;examples&quot;]&#10;warning: the following keywords are unknown and will be ignored: [$id, examples]&#10;    level: &quot;warning&quot;&#10;    schema: {&quot;loadingURI&quot;:&quot;#&quot;,&quot;pointer&quot;:&quot;/items/properties/tags/items/properties/name&quot;}&#10;    domain: &quot;syntax&quot;&#10;    ignored: [&quot;$id&quot;,&quot;examples&quot;]&#10;warning: the following keywords are unknown and will be ignored: [$id]&#10;    level: &quot;warning&quot;&#10;    schema: {&quot;loadingURI&quot;:&quot;#&quot;,&quot;pointer&quot;:&quot;/items/properties/tags/items&quot;}&#10;    domain: &quot;syntax&quot;&#10;    ignored: [&quot;$id&quot;]&#10;warning: the following keywords are unknown and will be ignored: [$id, examples]&#10;    level: &quot;warning&quot;&#10;    schema: {&quot;loadingURI&quot;:&quot;#&quot;,&quot;pointer&quot;:&quot;/items/properties/tags/items/properties/id&quot;}&#10;    domain: &quot;syntax&quot;&#10;    ignored: [&quot;$id&quot;,&quot;examples&quot;]&#10;warning: the following keywords are unknown and will be ignored: [$id, examples]&#10;    level: &quot;warning&quot;&#10;    schema: {&quot;loadingURI&quot;:&quot;#&quot;,&quot;pointer&quot;:&quot;/items/properties/tags/items/properties/name&quot;}&#10;    domain: &quot;syntax&quot;&#10;    ignored: [&quot;$id&quot;,&quot;examples&quot;]&#10;warning: the following keywords are unknown and will be ignored: [$id, examples]&#10;    level: &quot;warning&quot;&#10;    schema: {&quot;loadingURI&quot;:&quot;#&quot;,&quot;pointer&quot;:&quot;/items/properties/tags/items/properties/id&quot;}&#10;    domain: &quot;syntax&quot;&#10;    ignored: [&quot;$id&quot;,&quot;examples&quot;]&#10;warning: the following keywords are unknown and will be ignored: [$id, examples]&#10;    level: &quot;warning&quot;&#10;    schema: {&quot;loadingURI&quot;:&quot;#&quot;,&quot;pointer&quot;:&quot;/items/properties/tags/items/properties/name&quot;}&#10;    domain: &quot;syntax&quot;&#10;    ignored: [&quot;$id&quot;,&quot;examples&quot;]&#10;warning: the following keywords are unknown and will be ignored: [$id]&#10;    level: &quot;warning&quot;&#10;    schema: {&quot;loadingURI&quot;:&quot;#&quot;,&quot;pointer&quot;:&quot;/items&quot;}&#10;    domain: &quot;syntax&quot;&#10;    ignored: [&quot;$id&quot;]&#10;warning: the following keywords are unknown and will be ignored: [$id]&#10;    level: &quot;warning&quot;&#10;    schema: {&quot;loadingURI&quot;:&quot;#&quot;,&quot;pointer&quot;:&quot;/items/properties/category&quot;}&#10;    domain: &quot;syntax&quot;&#10;    ignored: [&quot;$id&quot;]&#10;warning: the following keywords are unknown and will be ignored: [$id, examples]&#10;    level: &quot;warning&quot;&#10;    schema: {&quot;loadingURI&quot;:&quot;#&quot;,&quot;pointer&quot;:&quot;/items/properties/category/properties/id&quot;}&#10;    domain: &quot;syntax&quot;&#10;    ignored: [&quot;$id&quot;,&quot;examples&quot;]&#10;warning: the following keywords are unknown and will be ignored: [$id, examples]&#10;    level: &quot;warning&quot;&#10;    schema: {&quot;loadingURI&quot;:&quot;#&quot;,&quot;pointer&quot;:&quot;/items/properties/category/properties/name&quot;}&#10;    domain: &quot;syntax&quot;&#10;    ignored: [&quot;$id&quot;,&quot;examples&quot;]&#10;warning: the following keywords are unknown and will be ignored: [$id, examples]&#10;    level: &quot;warning&quot;&#10;    schema: {&quot;loadingURI&quot;:&quot;#&quot;,&quot;pointer&quot;:&quot;/items/properties/id&quot;}&#10;    domain: &quot;syntax&quot;&#10;    ignored: [&quot;$id&quot;,&quot;examples&quot;]&#10;warning: the following keywords are unknown and will be ignored: [$id, examples]&#10;    level: &quot;warning&quot;&#10;    schema: {&quot;loadingURI&quot;:&quot;#&quot;,&quot;pointer&quot;:&quot;/items/properties/name&quot;}&#10;    domain: &quot;syntax&quot;&#10;    ignored: [&quot;$id&quot;,&quot;examples&quot;]&#10;warning: the following keywords are unknown and will be ignored: [$id]&#10;    level: &quot;warning&quot;&#10;    schema: {&quot;loadingURI&quot;:&quot;#&quot;,&quot;pointer&quot;:&quot;/items/properties/photoUrls&quot;}&#10;    domain: &quot;syntax&quot;&#10;    ignored: [&quot;$id&quot;]&#10;warning: the following keywords are unknown and will be ignored: [$id, examples]&#10;    level: &quot;warning&quot;&#10;    schema: {&quot;loadingURI&quot;:&quot;#&quot;,&quot;pointer&quot;:&quot;/items/properties/photoUrls/items&quot;}&#10;    domain: &quot;syntax&quot;&#10;    ignored: [&quot;$id&quot;,&quot;examples&quot;]&#10;warning: the following keywords are unknown and will be ignored: [$id, examples]&#10;    level: &quot;warning&quot;&#10;    schema: {&quot;loadingURI&quot;:&quot;#&quot;,&quot;pointer&quot;:&quot;/items/properties/status&quot;}&#10;    domain: &quot;syntax&quot;&#10;    ignored: [&quot;$id&quot;,&quot;examples&quot;]&#10;warning: the following keywords are unknown and will be ignored: [$id]&#10;    level: &quot;warning&quot;&#10;    schema: {&quot;loadingURI&quot;:&quot;#&quot;,&quot;pointer&quot;:&quot;/items/properties/tags&quot;}&#10;    domain: &quot;syntax&quot;&#10;    ignored: [&quot;$id&quot;]&#10;warning: the following keywords are unknown and will be ignored: [$id]&#10;    level: &quot;warning&quot;&#10;    schema: {&quot;loadingURI&quot;:&quot;#&quot;,&quot;pointer&quot;:&quot;/items/properties/tags/items&quot;}&#10;    domain: &quot;syntax&quot;&#10;    ignored: [&quot;$id&quot;]&#10;warning: the following keywords are unknown and will be ignored: [$id, examples]&#10;    level: &quot;warning&quot;&#10;    schema: {&quot;loadingURI&quot;:&quot;#&quot;,&quot;pointer&quot;:&quot;/items/properties/tags/items/properties/id&quot;}&#10;    domain: &quot;syntax&quot;&#10;    ignored: [&quot;$id&quot;,&quot;examples&quot;]&#10;warning: the following keywords are unknown and will be ignored: [$id, examples]&#10;    level: &quot;warning&quot;&#10;    schema: {&quot;loadingURI&quot;:&quot;#&quot;,&quot;pointer&quot;:&quot;/items/properties/tags/items/properties/name&quot;}&#10;    domain: &quot;syntax&quot;&#10;    ignored: [&quot;$id&quot;,&quot;examples&quot;]&#10;warning: the following keywords are unknown and will be ignored: [$id]&#10;    level: &quot;warning&quot;&#10;    schema: {&quot;loadingURI&quot;:&quot;#&quot;,&quot;pointer&quot;:&quot;/items/properties/category&quot;}&#10;    domain: &quot;syntax&quot;&#10;    ignored: [&quot;$id&quot;]&#10;warning: the following keywords are unknown and will be ignored: [$id, examples]&#10;    level: &quot;warning&quot;&#10;    schema: {&quot;loadingURI&quot;:&quot;#&quot;,&quot;pointer&quot;:&quot;/items/properties/category/properties/id&quot;}&#10;    domain: &quot;syntax&quot;&#10;    ignored: [&quot;$id&quot;,&quot;examples&quot;]&#10;warning: the following keywords are unknown and will be ignored: [$id, examples]&#10;    level: &quot;warning&quot;&#10;    schema: {&quot;loadingURI&quot;:&quot;#&quot;,&quot;pointer&quot;:&quot;/items/properties/category/properties/name&quot;}&#10;    domain: &quot;syntax&quot;&#10;    ignored: [&quot;$id&quot;,&quot;examples&quot;]&#10;warning: the following keywords are unknown and will be ignored: [$id, examples]&#10;    level: &quot;warning&quot;&#10;    schema: {&quot;loadingURI&quot;:&quot;#&quot;,&quot;pointer&quot;:&quot;/items/properties/category/properties/id&quot;}&#10;    domain: &quot;syntax&quot;&#10;    ignored: [&quot;$id&quot;,&quot;examples&quot;]&#10;warning: the following keywords are unknown and will be ignored: [$id, examples]&#10;    level: &quot;warning&quot;&#10;    schema: {&quot;loadingURI&quot;:&quot;#&quot;,&quot;pointer&quot;:&quot;/items/properties/category/properties/name&quot;}&#10;    domain: &quot;syntax&quot;&#10;    ignored: [&quot;$id&quot;,&quot;examples&quot;]&#10;warning: the following keywords are unknown and will be ignored: [$id, examples]&#10;    level: &quot;warning&quot;&#10;    schema: {&quot;loadingURI&quot;:&quot;#&quot;,&quot;pointer&quot;:&quot;/items/properties/id&quot;}&#10;    domain: &quot;syntax&quot;&#10;    ignored: [&quot;$id&quot;,&quot;examples&quot;]&#10;warning: the following keywords are unknown and will be ignored: [$id, examples]&#10;    level: &quot;warning&quot;&#10;    schema: {&quot;loadingURI&quot;:&quot;#&quot;,&quot;pointer&quot;:&quot;/items/properties/name&quot;}&#10;    domain: &quot;syntax&quot;&#10;    ignored: [&quot;$id&quot;,&quot;examples&quot;]&#10;warning: the following keywords are unknown and will be ignored: [$id]&#10;    level: &quot;warning&quot;&#10;    schema: {&quot;loadingURI&quot;:&quot;#&quot;,&quot;pointer&quot;:&quot;/items/properties/photoUrls&quot;}&#10;    domain: &quot;syntax&quot;&#10;    ignored: [&quot;$id&quot;]&#10;warning: the following keywords are unknown and will be ignored: [$id, examples]&#10;    level: &quot;warning&quot;&#10;    schema: {&quot;loadingURI&quot;:&quot;#&quot;,&quot;pointer&quot;:&quot;/items/properties/photoUrls/items&quot;}&#10;    domain: &quot;syntax&quot;&#10;    ignored: [&quot;$id&quot;,&quot;examples&quot;]&#10;warning: the following keywords are unknown and will be ignored: [$id, examples]&#10;    level: &quot;warning&quot;&#10;    schema: {&quot;loadingURI&quot;:&quot;#&quot;,&quot;pointer&quot;:&quot;/items/properties/photoUrls/items&quot;}&#10;    domain: &quot;syntax&quot;&#10;    ignored: [&quot;$id&quot;,&quot;examples&quot;]&#10;warning: the following keywords are unknown and will be ignored: [$id, examples]&#10;    level: &quot;warning&quot;&#10;    schema: {&quot;loadingURI&quot;:&quot;#&quot;,&quot;pointer&quot;:&quot;/items/properties/status&quot;}&#10;    domain: &quot;syntax&quot;&#10;    ignored: [&quot;$id&quot;,&quot;examples&quot;]&#10;warning: the following keywords are unknown and will be ignored: [$id]&#10;    level: &quot;warning&quot;&#10;    schema: {&quot;loadingURI&quot;:&quot;#&quot;,&quot;pointer&quot;:&quot;/items/properties/tags&quot;}&#10;    domain: &quot;syntax&quot;&#10;    ignored: [&quot;$id&quot;]&#10;warning: the following keywords are unknown and will be ignored: [$id]&#10;    level: &quot;warning&quot;&#10;    schema: {&quot;loadingURI&quot;:&quot;#&quot;,&quot;pointer&quot;:&quot;/items/properties/tags/items&quot;}&#10;    domain: &quot;syntax&quot;&#10;    ignored: [&quot;$id&quot;]&#10;warning: the following keywords are unknown and will be ignored: [$id, examples]&#10;    level: &quot;warning&quot;&#10;    schema: {&quot;loadingURI&quot;:&quot;#&quot;,&quot;pointer&quot;:&quot;/items/properties/tags/items/properties/id&quot;}&#10;    domain: &quot;syntax&quot;&#10;    ignored: [&quot;$id&quot;,&quot;examples&quot;]&#10;warning: the following keywords are unknown and will be ignored: [$id, examples]&#10;    level: &quot;warning&quot;&#10;    schema: {&quot;loadingURI&quot;:&quot;#&quot;,&quot;pointer&quot;:&quot;/items/properties/tags/items/properties/name&quot;}&#10;    domain: &quot;syntax&quot;&#10;    ignored: [&quot;$id&quot;,&quot;examples&quot;]&#10;warning: the following keywords are unknown and will be ignored: [$id]&#10;    level: &quot;warning&quot;&#10;    schema: {&quot;loadingURI&quot;:&quot;#&quot;,&quot;pointer&quot;:&quot;/items/properties/tags/items&quot;}&#10;    domain: &quot;syntax&quot;&#10;    ignored: [&quot;$id&quot;]&#10;warning: the following keywords are unknown and will be ignored: [$id, examples]&#10;    level: &quot;warning&quot;&#10;    schema: {&quot;loadingURI&quot;:&quot;#&quot;,&quot;pointer&quot;:&quot;/items/properties/tags/items/properties/id&quot;}&#10;    domain: &quot;syntax&quot;&#10;    ignored: [&quot;$id&quot;,&quot;examples&quot;]&#10;warning: the following keywords are unknown and will be ignored: [$id, examples]&#10;    level: &quot;warning&quot;&#10;    schema: {&quot;loadingURI&quot;:&quot;#&quot;,&quot;pointer&quot;:&quot;/items/properties/tags/items/properties/name&quot;}&#10;    domain: &quot;syntax&quot;&#10;    ignored: [&quot;$id&quot;,&quot;examples&quot;]&#10;warning: the following keywords are unknown and will be ignored: [$id, examples]&#10;    level: &quot;warning&quot;&#10;    schema: {&quot;loadingURI&quot;:&quot;#&quot;,&quot;pointer&quot;:&quot;/items/properties/tags/items/properties/id&quot;}&#10;    domain: &quot;syntax&quot;&#10;    ignored: [&quot;$id&quot;,&quot;examples&quot;]&#10;warning: the following keywords are unknown and will be ignored: [$id, examples]&#10;    level: &quot;warning&quot;&#10;    schema: {&quot;loadingURI&quot;:&quot;#&quot;,&quot;pointer&quot;:&quot;/items/properties/tags/items/properties/name&quot;}&#10;    domain: &quot;syntax&quot;&#10;    ignored: [&quot;$id&quot;,&quot;examples&quot;]&#10;warning: the following keywords are unknown and will be ignored: [$id]&#10;    level: &quot;warning&quot;&#10;    schema: {&quot;loadingURI&quot;:&quot;#&quot;,&quot;pointer&quot;:&quot;/items&quot;}&#10;    domain: &quot;syntax&quot;&#10;    ignored: [&quot;$id&quot;]&#10;warning: the following keywords are unknown and will be ignored: [$id]&#10;    level: &quot;warning&quot;&#10;    schema: {&quot;loadingURI&quot;:&quot;#&quot;,&quot;pointer&quot;:&quot;/items/properties/category&quot;}&#10;    domain: &quot;syntax&quot;&#10;    ignored: [&quot;$id&quot;]&#10;warning: the following keywords are unknown and will be ignored: [$id, examples]&#10;    level: &quot;warning&quot;&#10;    schema: {&quot;loadingURI&quot;:&quot;#&quot;,&quot;pointer&quot;:&quot;/items/properties/category/properties/id&quot;}&#10;    domain: &quot;syntax&quot;&#10;    ignored: [&quot;$id&quot;,&quot;examples&quot;]&#10;warning: the following keywords are unknown and will be ignored: [$id, examples]&#10;    level: &quot;warning&quot;&#10;    schema: {&quot;loadingURI&quot;:&quot;#&quot;,&quot;pointer&quot;:&quot;/items/properties/category/properties/name&quot;}&#10;    domain: &quot;syntax&quot;&#10;    ignored: [&quot;$id&quot;,&quot;examples&quot;]&#10;warning: the following keywords are unknown and will be ignored: [$id, examples]&#10;    level: &quot;warning&quot;&#10;    schema: {&quot;loadingURI&quot;:&quot;#&quot;,&quot;pointer&quot;:&quot;/items/properties/id&quot;}&#10;    domain: &quot;syntax&quot;&#10;    ignored: [&quot;$id&quot;,&quot;examples&quot;]&#10;warning: the following keywords are unknown and will be ignored: [$id, examples]&#10;    level: &quot;warning&quot;&#10;    schema: {&quot;loadingURI&quot;:&quot;#&quot;,&quot;pointer&quot;:&quot;/items/properties/name&quot;}&#10;    domain: &quot;syntax&quot;&#10;    ignored: [&quot;$id&quot;,&quot;examples&quot;]&#10;warning: the following keywords are unknown and will be ignored: [$id]&#10;    level: &quot;warning&quot;&#10;    schema: {&quot;loadingURI&quot;:&quot;#&quot;,&quot;pointer&quot;:&quot;/items/properties/photoUrls&quot;}&#10;    domain: &quot;syntax&quot;&#10;    ignored: [&quot;$id&quot;]&#10;warning: the following keywords are unknown and will be ignored: [$id, examples]&#10;    level: &quot;warning&quot;&#10;    schema: {&quot;loadingURI&quot;:&quot;#&quot;,&quot;pointer&quot;:&quot;/items/properties/photoUrls/items&quot;}&#10;    domain: &quot;syntax&quot;&#10;    ignored: [&quot;$id&quot;,&quot;examples&quot;]&#10;warning: the following keywords are unknown and will be ignored: [$id, examples]&#10;    level: &quot;warning&quot;&#10;    schema: {&quot;loadingURI&quot;:&quot;#&quot;,&quot;pointer&quot;:&quot;/items/properties/status&quot;}&#10;    domain: &quot;syntax&quot;&#10;    ignored: [&quot;$id&quot;,&quot;examples&quot;]&#10;warning: the following keywords are unknown and will be ignored: [$id]&#10;    level: &quot;warning&quot;&#10;    schema: {&quot;loadingURI&quot;:&quot;#&quot;,&quot;pointer&quot;:&quot;/items/properties/tags&quot;}&#10;    domain: &quot;syntax&quot;&#10;    ignored: [&quot;$id&quot;]&#10;warning: the following keywords are unknown and will be ignored: [$id]&#10;    level: &quot;warning&quot;&#10;    schema: {&quot;loadingURI&quot;:&quot;#&quot;,&quot;pointer&quot;:&quot;/items/properties/tags/items&quot;}&#10;    domain: &quot;syntax&quot;&#10;    ignored: [&quot;$id&quot;]&#10;warning: the following keywords are unknown and will be ignored: [$id, examples]&#10;    level: &quot;warning&quot;&#10;    schema: {&quot;loadingURI&quot;:&quot;#&quot;,&quot;pointer&quot;:&quot;/items/properties/tags/items/properties/id&quot;}&#10;    domain: &quot;syntax&quot;&#10;    ignored: [&quot;$id&quot;,&quot;examples&quot;]&#10;warning: the following keywords are unknown and will be ignored: [$id, examples]&#10;    level: &quot;warning&quot;&#10;    schema: {&quot;loadingURI&quot;:&quot;#&quot;,&quot;pointer&quot;:&quot;/items/properties/tags/items/properties/name&quot;}&#10;    domain: &quot;syntax&quot;&#10;    ignored: [&quot;$id&quot;,&quot;examples&quot;]&#10;warning: the following keywords are unknown and will be ignored: [$id]&#10;    level: &quot;warning&quot;&#10;    schema: {&quot;loadingURI&quot;:&quot;#&quot;,&quot;pointer&quot;:&quot;/items/properties/category&quot;}&#10;    domain: &quot;syntax&quot;&#10;    ignored: [&quot;$id&quot;]&#10;warning: the following keywords are unknown and will be ignored: [$id, examples]&#10;    level: &quot;warning&quot;&#10;    schema: {&quot;loadingURI&quot;:&quot;#&quot;,&quot;pointer&quot;:&quot;/items/properties/category/properties/id&quot;}&#10;    domain: &quot;syntax&quot;&#10;    ignored: [&quot;$id&quot;,&quot;examples&quot;]&#10;warning: the following keywords are unknown and will be ignored: [$id, examples]&#10;    level: &quot;warning&quot;&#10;    schema: {&quot;loadingURI&quot;:&quot;#&quot;,&quot;pointer&quot;:&quot;/items/properties/category/properties/name&quot;}&#10;    domain: &quot;syntax&quot;&#10;    ignored: [&quot;$id&quot;,&quot;examples&quot;]&#10;warning: the following keywords are unknown and will be ignored: [$id, examples]&#10;    level: &quot;warning&quot;&#10;    schema: {&quot;loadingURI&quot;:&quot;#&quot;,&quot;pointer&quot;:&quot;/items/properties/category/properties/id&quot;}&#10;    domain: &quot;syntax&quot;&#10;    ignored: [&quot;$id&quot;,&quot;examples&quot;]&#10;warning: the following keywords are unknown and will be ignored: [$id, examples]&#10;    level: &quot;warning&quot;&#10;    schema: {&quot;loadingURI&quot;:&quot;#&quot;,&quot;pointer&quot;:&quot;/items/properties/category/properties/name&quot;}&#10;    domain: &quot;syntax&quot;&#10;    ignored: [&quot;$id&quot;,&quot;examples&quot;]&#10;warning: the following keywords are unknown and will be ignored: [$id, examples]&#10;    level: &quot;warning&quot;&#10;    schema: {&quot;loadingURI&quot;:&quot;#&quot;,&quot;pointer&quot;:&quot;/items/properties/id&quot;}&#10;    domain: &quot;syntax&quot;&#10;    ignored: [&quot;$id&quot;,&quot;examples&quot;]&#10;warning: the following keywords are unknown and will be ignored: [$id, examples]&#10;    level: &quot;warning&quot;&#10;    schema: {&quot;loadingURI&quot;:&quot;#&quot;,&quot;pointer&quot;:&quot;/items/properties/name&quot;}&#10;    domain: &quot;syntax&quot;&#10;    ignored: [&quot;$id&quot;,&quot;examples&quot;]&#10;warning: the following keywords are unknown and will be ignored: [$id]&#10;    level: &quot;warning&quot;&#10;    schema: {&quot;loadingURI&quot;:&quot;#&quot;,&quot;pointer&quot;:&quot;/items/properties/photoUrls&quot;}&#10;    domain: &quot;syntax&quot;&#10;    ignored: [&quot;$id&quot;]&#10;warning: the following keywords are unknown and will be ignored: [$id, examples]&#10;    level: &quot;warning&quot;&#10;    schema: {&quot;loadingURI&quot;:&quot;#&quot;,&quot;pointer&quot;:&quot;/items/properties/photoUrls/items&quot;}&#10;    domain: &quot;syntax&quot;&#10;    ignored: [&quot;$id&quot;,&quot;examples&quot;]&#10;warning: the following keywords are unknown and will be ignored: [$id, examples]&#10;    level: &quot;warning&quot;&#10;    schema: {&quot;loadingURI&quot;:&quot;#&quot;,&quot;pointer&quot;:&quot;/items/properties/photoUrls/items&quot;}&#10;    domain: &quot;syntax&quot;&#10;    ignored: [&quot;$id&quot;,&quot;examples&quot;]&#10;warning: the following keywords are unknown and will be ignored: [$id, examples]&#10;    level: &quot;warning&quot;&#10;    schema: {&quot;loadingURI&quot;:&quot;#&quot;,&quot;pointer&quot;:&quot;/items/properties/status&quot;}&#10;    domain: &quot;syntax&quot;&#10;    ignored: [&quot;$id&quot;,&quot;examples&quot;]&#10;warning: the following keywords are unknown and will be ignored: [$id]&#10;    level: &quot;warning&quot;&#10;    schema: {&quot;loadingURI&quot;:&quot;#&quot;,&quot;pointer&quot;:&quot;/items/properties/tags&quot;}&#10;    domain: &quot;syntax&quot;&#10;    ignored: [&quot;$id&quot;]&#10;warning: the following keywords are unknown and will be ignored: [$id]&#10;    level: &quot;warning&quot;&#10;    schema: {&quot;loadingURI&quot;:&quot;#&quot;,&quot;pointer&quot;:&quot;/items/properties/tags/items&quot;}&#10;    domain: &quot;syntax&quot;&#10;    ignored: [&quot;$id&quot;]&#10;warning: the following keywords are unknown and will be ignored: [$id, examples]&#10;    level: &quot;warning&quot;&#10;    schema: {&quot;loadingURI&quot;:&quot;#&quot;,&quot;pointer&quot;:&quot;/items/properties/tags/items/properties/id&quot;}&#10;    domain: &quot;syntax&quot;&#10;    ignored: [&quot;$id&quot;,&quot;examples&quot;]&#10;warning: the following keywords are unknown and will be ignored: [$id, examples]&#10;    level: &quot;warning&quot;&#10;    schema: {&quot;loadingURI&quot;:&quot;#&quot;,&quot;pointer&quot;:&quot;/items/properties/tags/items/properties/name&quot;}&#10;    domain: &quot;syntax&quot;&#10;    ignored: [&quot;$id&quot;,&quot;examples&quot;]&#10;warning: the following keywords are unknown and will be ignored: [$id]&#10;    level: &quot;warning&quot;&#10;    schema: {&quot;loadingURI&quot;:&quot;#&quot;,&quot;pointer&quot;:&quot;/items/properties/tags/items&quot;}&#10;    domain: &quot;syntax&quot;&#10;    ignored: [&quot;$id&quot;]&#10;warning: the following keywords are unknown and will be ignored: [$id, examples]&#10;    level: &quot;warning&quot;&#10;    schema: {&quot;loadingURI&quot;:&quot;#&quot;,&quot;pointer&quot;:&quot;/items/properties/tags/items/properties/id&quot;}&#10;    domain: &quot;syntax&quot;&#10;    ignored: [&quot;$id&quot;,&quot;examples&quot;]&#10;warning: the following keywords are unknown and will be ignored: [$id, examples]&#10;    level: &quot;warning&quot;&#10;    schema: {&quot;loadingURI&quot;:&quot;#&quot;,&quot;pointer&quot;:&quot;/items/properties/tags/items/properties/name&quot;}&#10;    domain: &quot;syntax&quot;&#10;    ignored: [&quot;$id&quot;,&quot;examples&quot;]&#10;warning: the following keywords are unknown and will be ignored: [$id, examples]&#10;    level: &quot;warning&quot;&#10;    schema: {&quot;loadingURI&quot;:&quot;#&quot;,&quot;pointer&quot;:&quot;/items/properties/tags/items/properties/id&quot;}&#10;    domain: &quot;syntax&quot;&#10;    ignored: [&quot;$id&quot;,&quot;examples&quot;]&#10;warning: the following keywords are unknown and will be ignored: [$id, examples]&#10;    level: &quot;warning&quot;&#10;    schema: {&quot;loadingURI&quot;:&quot;#&quot;,&quot;pointer&quot;:&quot;/items/properties/tags/items/properties/name&quot;}&#10;    domain: &quot;syntax&quot;&#10;    ignored: [&quot;$id&quot;,&quot;examples&quot;]&#10;warning: the following keywords are unknown and will be ignored: [$id]&#10;    level: &quot;warning&quot;&#10;    schema: {&quot;loadingURI&quot;:&quot;#&quot;,&quot;pointer&quot;:&quot;/items&quot;}&#10;    domain: &quot;syntax&quot;&#10;    ignored: [&quot;$id&quot;]&#10;warning: the following keywords are unknown and will be ignored: [$id]&#10;    level: &quot;warning&quot;&#10;    schema: {&quot;loadingURI&quot;:&quot;#&quot;,&quot;pointer&quot;:&quot;/items/properties/category&quot;}&#10;    domain: &quot;syntax&quot;&#10;    ignored: [&quot;$id&quot;]&#10;warning: the following keywords are unknown and will be ignored: [$id, examples]&#10;    level: &quot;warning&quot;&#10;    schema: {&quot;loadingURI&quot;:&quot;#&quot;,&quot;pointer&quot;:&quot;/items/properties/category/properties/id&quot;}&#10;    domain: &quot;syntax&quot;&#10;    ignored: [&quot;$id&quot;,&quot;examples&quot;]&#10;warning: the following keywords are unknown and will be ignored: [$id, examples]&#10;    level: &quot;warning&quot;&#10;    schema: {&quot;loadingURI&quot;:&quot;#&quot;,&quot;pointer&quot;:&quot;/items/properties/category/properties/name&quot;}&#10;    domain: &quot;syntax&quot;&#10;    ignored: [&quot;$id&quot;,&quot;examples&quot;]&#10;warning: the following keywords are unknown and will be ignored: [$id, examples]&#10;    level: &quot;warning&quot;&#10;    schema: {&quot;loadingURI&quot;:&quot;#&quot;,&quot;pointer&quot;:&quot;/items/properties/id&quot;}&#10;    domain: &quot;syntax&quot;&#10;    ignored: [&quot;$id&quot;,&quot;examples&quot;]&#10;warning: the following keywords are unknown and will be ignored: [$id, examples]&#10;    level: &quot;warning&quot;&#10;    schema: {&quot;loadingURI&quot;:&quot;#&quot;,&quot;pointer&quot;:&quot;/items/properties/name&quot;}&#10;    domain: &quot;syntax&quot;&#10;    ignored: [&quot;$id&quot;,&quot;examples&quot;]&#10;warning: the following keywords are unknown and will be ignored: [$id]&#10;    level: &quot;warning&quot;&#10;    schema: {&quot;loadingURI&quot;:&quot;#&quot;,&quot;pointer&quot;:&quot;/items/properties/photoUrls&quot;}&#10;    domain: &quot;syntax&quot;&#10;    ignored: [&quot;$id&quot;]&#10;warning: the following keywords are unknown and will be ignored: [$id, examples]&#10;    level: &quot;warning&quot;&#10;    schema: {&quot;loadingURI&quot;:&quot;#&quot;,&quot;pointer&quot;:&quot;/items/properties/photoUrls/items&quot;}&#10;    domain: &quot;syntax&quot;&#10;    ignored: [&quot;$id&quot;,&quot;examples&quot;]&#10;warning: the following keywords are unknown and will be ignored: [$id, examples]&#10;    level: &quot;warning&quot;&#10;    schema: {&quot;loadingURI&quot;:&quot;#&quot;,&quot;pointer&quot;:&quot;/items/properties/status&quot;}&#10;    domain: &quot;syntax&quot;&#10;    ignored: [&quot;$id&quot;,&quot;examples&quot;]&#10;warning: the following keywords are unknown and will be ignored: [$id]&#10;    level: &quot;warning&quot;&#10;    schema: {&quot;loadingURI&quot;:&quot;#&quot;,&quot;pointer&quot;:&quot;/items/properties/tags&quot;}&#10;    domain: &quot;syntax&quot;&#10;    ignored: [&quot;$id&quot;]&#10;warning: the following keywords are unknown and will be ignored: [$id]&#10;    level: &quot;warning&quot;&#10;    schema: {&quot;loadingURI&quot;:&quot;#&quot;,&quot;pointer&quot;:&quot;/items/properties/tags/items&quot;}&#10;    domain: &quot;syntax&quot;&#10;    ignored: [&quot;$id&quot;]&#10;warning: the following keywords are unknown and will be ignored: [$id, examples]&#10;    level: &quot;warning&quot;&#10;    schema: {&quot;loadingURI&quot;:&quot;#&quot;,&quot;pointer&quot;:&quot;/items/properties/tags/items/properties/id&quot;}&#10;    domain: &quot;syntax&quot;&#10;    ignored: [&quot;$id&quot;,&quot;examples&quot;]&#10;warning: the following keywords are unknown and will be ignored: [$id, examples]&#10;    level: &quot;warning&quot;&#10;    schema: {&quot;loadingURI&quot;:&quot;#&quot;,&quot;pointer&quot;:&quot;/items/properties/tags/items/properties/name&quot;}&#10;    domain: &quot;syntax&quot;&#10;    ignored: [&quot;$id&quot;,&quot;examples&quot;]&#10;warning: the following keywords are unknown and will be ignored: [$id]&#10;    level: &quot;warning&quot;&#10;    schema: {&quot;loadingURI&quot;:&quot;#&quot;,&quot;pointer&quot;:&quot;/items/properties/category&quot;}&#10;    domain: &quot;syntax&quot;&#10;    ignored: [&quot;$id&quot;]&#10;warning: the following keywords are unknown and will be ignored: [$id, examples]&#10;    level: &quot;warning&quot;&#10;    schema: {&quot;loadingURI&quot;:&quot;#&quot;,&quot;pointer&quot;:&quot;/items/properties/category/properties/id&quot;}&#10;    domain: &quot;syntax&quot;&#10;    ignored: [&quot;$id&quot;,&quot;examples&quot;]&#10;warning: the following keywords are unknown and will be ignored: [$id, examples]&#10;    level: &quot;warning&quot;&#10;    schema: {&quot;loadingURI&quot;:&quot;#&quot;,&quot;pointer&quot;:&quot;/items/properties/category/properties/name&quot;}&#10;    domain: &quot;syntax&quot;&#10;    ignored: [&quot;$id&quot;,&quot;examples&quot;]&#10;warning: the following keywords are unknown and will be ignored: [$id, examples]&#10;    level: &quot;warning&quot;&#10;    schema: {&quot;loadingURI&quot;:&quot;#&quot;,&quot;pointer&quot;:&quot;/items/properties/category/properties/id&quot;}&#10;    domain: &quot;syntax&quot;&#10;    ignored: [&quot;$id&quot;,&quot;examples&quot;]&#10;warning: the following keywords are unknown and will be ignored: [$id, examples]&#10;    level: &quot;warning&quot;&#10;    schema: {&quot;loadingURI&quot;:&quot;#&quot;,&quot;pointer&quot;:&quot;/items/properties/category/properties/name&quot;}&#10;    domain: &quot;syntax&quot;&#10;    ignored: [&quot;$id&quot;,&quot;examples&quot;]&#10;warning: the following keywords are unknown and will be ignored: [$id, examples]&#10;    level: &quot;warning&quot;&#10;    schema: {&quot;loadingURI&quot;:&quot;#&quot;,&quot;pointer&quot;:&quot;/items/properties/id&quot;}&#10;    domain: &quot;syntax&quot;&#10;    ignored: [&quot;$id&quot;,&quot;examples&quot;]&#10;warning: the following keywords are unknown and will be ignored: [$id, examples]&#10;    level: &quot;warning&quot;&#10;    schema: {&quot;loadingURI&quot;:&quot;#&quot;,&quot;pointer&quot;:&quot;/items/properties/name&quot;}&#10;    domain: &quot;syntax&quot;&#10;    ignored: [&quot;$id&quot;,&quot;examples&quot;]&#10;warning: the following keywords are unknown and will be ignored: [$id]&#10;    level: &quot;warning&quot;&#10;    schema: {&quot;loadingURI&quot;:&quot;#&quot;,&quot;pointer&quot;:&quot;/items/properties/photoUrls&quot;}&#10;    domain: &quot;syntax&quot;&#10;    ignored: [&quot;$id&quot;]&#10;warning: the following keywords are unknown and will be ignored: [$id, examples]&#10;    level: &quot;warning&quot;&#10;    schema: {&quot;loadingURI&quot;:&quot;#&quot;,&quot;pointer&quot;:&quot;/items/properties/photoUrls/items&quot;}&#10;    domain: &quot;syntax&quot;&#10;    ignored: [&quot;$id&quot;,&quot;examples&quot;]&#10;warning: the following keywords are unknown and will be ignored: [$id, examples]&#10;    level: &quot;warning&quot;&#10;    schema: {&quot;loadingURI&quot;:&quot;#&quot;,&quot;pointer&quot;:&quot;/items/properties/photoUrls/items&quot;}&#10;    domain: &quot;syntax&quot;&#10;    ignored: [&quot;$id&quot;,&quot;examples&quot;]&#10;warning: the following keywords are unknown and will be ignored: [$id, examples]&#10;    level: &quot;warning&quot;&#10;    schema: {&quot;loadingURI&quot;:&quot;#&quot;,&quot;pointer&quot;:&quot;/items/properties/status&quot;}&#10;    domain: &quot;syntax&quot;&#10;    ignored: [&quot;$id&quot;,&quot;examples&quot;]&#10;warning: the following keywords are unknown and will be ignored: [$id]&#10;    level: &quot;warning&quot;&#10;    schema: {&quot;loadingURI&quot;:&quot;#&quot;,&quot;pointer&quot;:&quot;/items/properties/tags&quot;}&#10;    domain: &quot;syntax&quot;&#10;    ignored: [&quot;$id&quot;]&#10;warning: the following keywords are unknown and will be ignored: [$id]&#10;    level: &quot;warning&quot;&#10;    schema: {&quot;loadingURI&quot;:&quot;#&quot;,&quot;pointer&quot;:&quot;/items/properties/tags/items&quot;}&#10;    domain: &quot;syntax&quot;&#10;    ignored: [&quot;$id&quot;]&#10;warning: the following keywords are unknown and will be ignored: [$id, examples]&#10;    level: &quot;warning&quot;&#10;    schema: {&quot;loadingURI&quot;:&quot;#&quot;,&quot;pointer&quot;:&quot;/items/properties/tags/items/properties/id&quot;}&#10;    domain: &quot;syntax&quot;&#10;    ignored: [&quot;$id&quot;,&quot;examples&quot;]&#10;warning: the following keywords are unknown and will be ignored: [$id, examples]&#10;    level: &quot;warning&quot;&#10;    schema: {&quot;loadingURI&quot;:&quot;#&quot;,&quot;pointer&quot;:&quot;/items/properties/tags/items/properties/name&quot;}&#10;    domain: &quot;syntax&quot;&#10;    ignored: [&quot;$id&quot;,&quot;examples&quot;]&#10;warning: the following keywords are unknown and will be ignored: [$id]&#10;    level: &quot;warning&quot;&#10;    schema: {&quot;loadingURI&quot;:&quot;#&quot;,&quot;pointer&quot;:&quot;/items/properties/tags/items&quot;}&#10;    domain: &quot;syntax&quot;&#10;    ignored: [&quot;$id&quot;]&#10;warning: the following keywords are unknown and will be ignored: [$id, examples]&#10;    level: &quot;warning&quot;&#10;    schema: {&quot;loadingURI&quot;:&quot;#&quot;,&quot;pointer&quot;:&quot;/items/properties/tags/items/properties/id&quot;}&#10;    domain: &quot;syntax&quot;&#10;    ignored: [&quot;$id&quot;,&quot;examples&quot;]&#10;warning: the following keywords are unknown and will be ignored: [$id, examples]&#10;    level: &quot;warning&quot;&#10;    schema: {&quot;loadingURI&quot;:&quot;#&quot;,&quot;pointer&quot;:&quot;/items/properties/tags/items/properties/name&quot;}&#10;    domain: &quot;syntax&quot;&#10;    ignored: [&quot;$id&quot;,&quot;examples&quot;]&#10;warning: the following keywords are unknown and will be ignored: [$id, examples]&#10;    level: &quot;warning&quot;&#10;    schema: {&quot;loadingURI&quot;:&quot;#&quot;,&quot;pointer&quot;:&quot;/items/properties/tags/items/properties/id&quot;}&#10;    domain: &quot;syntax&quot;&#10;    ignored: [&quot;$id&quot;,&quot;examples&quot;]&#10;warning: the following keywords are unknown and will be ignored: [$id, examples]&#10;    level: &quot;warning&quot;&#10;    schema: {&quot;loadingURI&quot;:&quot;#&quot;,&quot;pointer&quot;:&quot;/items/properties/tags/items/properties/name&quot;}&#10;    domain: &quot;syntax&quot;&#10;    ignored: [&quot;$id&quot;,&quot;examples&quot;]&#10;warning: the following keywords are unknown and will be ignored: [$id]&#10;    level: &quot;warning&quot;&#10;    schema: {&quot;loadingURI&quot;:&quot;#&quot;,&quot;pointer&quot;:&quot;/items&quot;}&#10;    domain: &quot;syntax&quot;&#10;    ignored: [&quot;$id&quot;]&#10;warning: the following keywords are unknown and will be ignored: [$id]&#10;    level: &quot;warning&quot;&#10;    schema: {&quot;loadingURI&quot;:&quot;#&quot;,&quot;pointer&quot;:&quot;/items/properties/category&quot;}&#10;    domain: &quot;syntax&quot;&#10;    ignored: [&quot;$id&quot;]&#10;warning: the following keywords are unknown and will be ignored: [$id, examples]&#10;    level: &quot;warning&quot;&#10;    schema: {&quot;loadingURI&quot;:&quot;#&quot;,&quot;pointer&quot;:&quot;/items/properties/category/properties/id&quot;}&#10;    domain: &quot;syntax&quot;&#10;    ignored: [&quot;$id&quot;,&quot;examples&quot;]&#10;warning: the following keywords are unknown and will be ignored: [$id, examples]&#10;    level: &quot;warning&quot;&#10;    schema: {&quot;loadingURI&quot;:&quot;#&quot;,&quot;pointer&quot;:&quot;/items/properties/category/properties/name&quot;}&#10;    domain: &quot;syntax&quot;&#10;    ignored: [&quot;$id&quot;,&quot;examples&quot;]&#10;warning: the following keywords are unknown and will be ignored: [$id, examples]&#10;    level: &quot;warning&quot;&#10;    schema: {&quot;loadingURI&quot;:&quot;#&quot;,&quot;pointer&quot;:&quot;/items/properties/id&quot;}&#10;    domain: &quot;syntax&quot;&#10;    ignored: [&quot;$id&quot;,&quot;examples&quot;]&#10;warning: the following keywords are unknown and will be ignored: [$id, examples]&#10;    level: &quot;warning&quot;&#10;    schema: {&quot;loadingURI&quot;:&quot;#&quot;,&quot;pointer&quot;:&quot;/items/properties/name&quot;}&#10;    domain: &quot;syntax&quot;&#10;    ignored: [&quot;$id&quot;,&quot;examples&quot;]&#10;warning: the following keywords are unknown and will be ignored: [$id]&#10;    level: &quot;warning&quot;&#10;    schema: {&quot;loadingURI&quot;:&quot;#&quot;,&quot;pointer&quot;:&quot;/items/properties/photoUrls&quot;}&#10;    domain: &quot;syntax&quot;&#10;    ignored: [&quot;$id&quot;]&#10;warning: the following keywords are unknown and will be ignored: [$id, examples]&#10;    level: &quot;warning&quot;&#10;    schema: {&quot;loadingURI&quot;:&quot;#&quot;,&quot;pointer&quot;:&quot;/items/properties/photoUrls/items&quot;}&#10;    domain: &quot;syntax&quot;&#10;    ignored: [&quot;$id&quot;,&quot;examples&quot;]&#10;warning: the following keywords are unknown and will be ignored: [$id, examples]&#10;    level: &quot;warning&quot;&#10;    schema: {&quot;loadingURI&quot;:&quot;#&quot;,&quot;pointer&quot;:&quot;/items/properties/status&quot;}&#10;    domain: &quot;syntax&quot;&#10;    ignored: [&quot;$id&quot;,&quot;examples&quot;]&#10;warning: the following keywords are unknown and will be ignored: [$id]&#10;    level: &quot;warning&quot;&#10;    schema: {&quot;loadingURI&quot;:&quot;#&quot;,&quot;pointer&quot;:&quot;/items/properties/tags&quot;}&#10;    domain: &quot;syntax&quot;&#10;    ignored: [&quot;$id&quot;]&#10;warning: the following keywords are unknown and will be ignored: [$id]&#10;    level: &quot;warning&quot;&#10;    schema: {&quot;loadingURI&quot;:&quot;#&quot;,&quot;pointer&quot;:&quot;/items/properties/tags/items&quot;}&#10;    domain: &quot;syntax&quot;&#10;    ignored: [&quot;$id&quot;]&#10;warning: the following keywords are unknown and will be ignored: [$id, examples]&#10;    level: &quot;warning&quot;&#10;    schema: {&quot;loadingURI&quot;:&quot;#&quot;,&quot;pointer&quot;:&quot;/items/properties/tags/items/properties/id&quot;}&#10;    domain: &quot;syntax&quot;&#10;    ignored: [&quot;$id&quot;,&quot;examples&quot;]&#10;warning: the following keywords are unknown and will be ignored: [$id, examples]&#10;    level: &quot;warning&quot;&#10;    schema: {&quot;loadingURI&quot;:&quot;#&quot;,&quot;pointer&quot;:&quot;/items/properties/tags/items/properties/name&quot;}&#10;    domain: &quot;syntax&quot;&#10;    ignored: [&quot;$id&quot;,&quot;examples&quot;]&#10;warning: the following keywords are unknown and will be ignored: [$id]&#10;    level: &quot;warning&quot;&#10;    schema: {&quot;loadingURI&quot;:&quot;#&quot;,&quot;pointer&quot;:&quot;/items/properties/category&quot;}&#10;    domain: &quot;syntax&quot;&#10;    ignored: [&quot;$id&quot;]&#10;warning: the following keywords are unknown and will be ignored: [$id, examples]&#10;    level: &quot;warning&quot;&#10;    schema: {&quot;loadingURI&quot;:&quot;#&quot;,&quot;pointer&quot;:&quot;/items/properties/category/properties/id&quot;}&#10;    domain: &quot;syntax&quot;&#10;    ignored: [&quot;$id&quot;,&quot;examples&quot;]&#10;warning: the following keywords are unknown and will be ignored: [$id, examples]&#10;    level: &quot;warning&quot;&#10;    schema: {&quot;loadingURI&quot;:&quot;#&quot;,&quot;pointer&quot;:&quot;/items/properties/category/properties/name&quot;}&#10;    domain: &quot;syntax&quot;&#10;    ignored: [&quot;$id&quot;,&quot;examples&quot;]&#10;warning: the following keywords are unknown and will be ignored: [$id, examples]&#10;    level: &quot;warning&quot;&#10;    schema: {&quot;loadingURI&quot;:&quot;#&quot;,&quot;pointer&quot;:&quot;/items/properties/category/properties/id&quot;}&#10;    domain: &quot;syntax&quot;&#10;    ignored: [&quot;$id&quot;,&quot;examples&quot;]&#10;warning: the following keywords are unknown and will be ignored: [$id, examples]&#10;    level: &quot;warning&quot;&#10;    schema: {&quot;loadingURI&quot;:&quot;#&quot;,&quot;pointer&quot;:&quot;/items/properties/category/properties/name&quot;}&#10;    domain: &quot;syntax&quot;&#10;    ignored: [&quot;$id&quot;,&quot;examples&quot;]&#10;warning: the following keywords are unknown and will be ignored: [$id, examples]&#10;    level: &quot;warning&quot;&#10;    schema: {&quot;loadingURI&quot;:&quot;#&quot;,&quot;pointer&quot;:&quot;/items/properties/id&quot;}&#10;    domain: &quot;syntax&quot;&#10;    ignored: [&quot;$id&quot;,&quot;examples&quot;]&#10;warning: the following keywords are unknown and will be ignored: [$id, examples]&#10;    level: &quot;warning&quot;&#10;    schema: {&quot;loadingURI&quot;:&quot;#&quot;,&quot;pointer&quot;:&quot;/items/properties/name&quot;}&#10;    domain: &quot;syntax&quot;&#10;    ignored: [&quot;$id&quot;,&quot;examples&quot;]&#10;warning: the following keywords are unknown and will be ignored: [$id]&#10;    level: &quot;warning&quot;&#10;    schema: {&quot;loadingURI&quot;:&quot;#&quot;,&quot;pointer&quot;:&quot;/items/properties/photoUrls&quot;}&#10;    domain: &quot;syntax&quot;&#10;    ignored: [&quot;$id&quot;]&#10;warning: the following keywords are unknown and will be ignored: [$id, examples]&#10;    level: &quot;warning&quot;&#10;    schema: {&quot;loadingURI&quot;:&quot;#&quot;,&quot;pointer&quot;:&quot;/items/properties/photoUrls/items&quot;}&#10;    domain: &quot;syntax&quot;&#10;    ignored: [&quot;$id&quot;,&quot;examples&quot;]&#10;warning: the following keywords are unknown and will be ignored: [$id, examples]&#10;    level: &quot;warning&quot;&#10;    schema: {&quot;loadingURI&quot;:&quot;#&quot;,&quot;pointer&quot;:&quot;/items/properties/photoUrls/items&quot;}&#10;    domain: &quot;syntax&quot;&#10;    ignored: [&quot;$id&quot;,&quot;examples&quot;]&#10;warning: the following keywords are unknown and will be ignored: [$id, examples]&#10;    level: &quot;warning&quot;&#10;    schema: {&quot;loadingURI&quot;:&quot;#&quot;,&quot;pointer&quot;:&quot;/items/properties/status&quot;}&#10;    domain: &quot;syntax&quot;&#10;    ignored: [&quot;$id&quot;,&quot;examples&quot;]&#10;warning: the following keywords are unknown and will be ignored: [$id]&#10;    level: &quot;warning&quot;&#10;    schema: {&quot;loadingURI&quot;:&quot;#&quot;,&quot;pointer&quot;:&quot;/items/properties/tags&quot;}&#10;    domain: &quot;syntax&quot;&#10;    ignored: [&quot;$id&quot;]&#10;warning: the following keywords are unknown and will be ignored: [$id]&#10;    level: &quot;warning&quot;&#10;    schema: {&quot;loadingURI&quot;:&quot;#&quot;,&quot;pointer&quot;:&quot;/items/properties/tags/items&quot;}&#10;    domain: &quot;syntax&quot;&#10;    ignored: [&quot;$id&quot;]&#10;warning: the following keywords are unknown and will be ignored: [$id, examples]&#10;    level: &quot;warning&quot;&#10;    schema: {&quot;loadingURI&quot;:&quot;#&quot;,&quot;pointer&quot;:&quot;/items/properties/tags/items/properties/id&quot;}&#10;    domain: &quot;syntax&quot;&#10;    ignored: [&quot;$id&quot;,&quot;examples&quot;]&#10;warning: the following keywords are unknown and will be ignored: [$id, examples]&#10;    level: &quot;warning&quot;&#10;    schema: {&quot;loadingURI&quot;:&quot;#&quot;,&quot;pointer&quot;:&quot;/items/properties/tags/items/properties/name&quot;}&#10;    domain: &quot;syntax&quot;&#10;    ignored: [&quot;$id&quot;,&quot;examples&quot;]&#10;warning: the following keywords are unknown and will be ignored: [$id]&#10;    level: &quot;warning&quot;&#10;    schema: {&quot;loadingURI&quot;:&quot;#&quot;,&quot;pointer&quot;:&quot;/items/properties/tags/items&quot;}&#10;    domain: &quot;syntax&quot;&#10;    ignored: [&quot;$id&quot;]&#10;warning: the following keywords are unknown and will be ignored: [$id, examples]&#10;    level: &quot;warning&quot;&#10;    schema: {&quot;loadingURI&quot;:&quot;#&quot;,&quot;pointer&quot;:&quot;/items/properties/tags/items/properties/id&quot;}&#10;    domain: &quot;syntax&quot;&#10;    ignored: [&quot;$id&quot;,&quot;examples&quot;]&#10;warning: the following keywords are unknown and will be ignored: [$id, examples]&#10;    level: &quot;warning&quot;&#10;    schema: {&quot;loadingURI&quot;:&quot;#&quot;,&quot;pointer&quot;:&quot;/items/properties/tags/items/properties/name&quot;}&#10;    domain: &quot;syntax&quot;&#10;    ignored: [&quot;$id&quot;,&quot;examples&quot;]&#10;warning: the following keywords are unknown and will be ignored: [$id, examples]&#10;    level: &quot;warning&quot;&#10;    schema: {&quot;loadingURI&quot;:&quot;#&quot;,&quot;pointer&quot;:&quot;/items/properties/tags/items/properties/id&quot;}&#10;    domain: &quot;syntax&quot;&#10;    ignored: [&quot;$id&quot;,&quot;examples&quot;]&#10;warning: the following keywords are unknown and will be ignored: [$id, examples]&#10;    level: &quot;warning&quot;&#10;    schema: {&quot;loadingURI&quot;:&quot;#&quot;,&quot;pointer&quot;:&quot;/items/properties/tags/items/properties/name&quot;}&#10;    domain: &quot;syntax&quot;&#10;    ignored: [&quot;$id&quot;,&quot;examples&quot;]&#10;warning: the following keywords are unknown and will be ignored: [$id]&#10;    level: &quot;warning&quot;&#10;    schema: {&quot;loadingURI&quot;:&quot;#&quot;,&quot;pointer&quot;:&quot;/items&quot;}&#10;    domain: &quot;syntax&quot;&#10;    ignored: [&quot;$id&quot;]&#10;warning: the following keywords are unknown and will be ignored: [$id]&#10;    level: &quot;warning&quot;&#10;    schema: {&quot;loadingURI&quot;:&quot;#&quot;,&quot;pointer&quot;:&quot;/items/properties/category&quot;}&#10;    domain: &quot;syntax&quot;&#10;    ignored: [&quot;$id&quot;]&#10;warning: the following keywords are unknown and will be ignored: [$id, examples]&#10;    level: &quot;warning&quot;&#10;    schema: {&quot;loadingURI&quot;:&quot;#&quot;,&quot;pointer&quot;:&quot;/items/properties/category/properties/id&quot;}&#10;    domain: &quot;syntax&quot;&#10;    ignored: [&quot;$id&quot;,&quot;examples&quot;]&#10;warning: the following keywords are unknown and will be ignored: [$id, examples]&#10;    level: &quot;warning&quot;&#10;    schema: {&quot;loadingURI&quot;:&quot;#&quot;,&quot;pointer&quot;:&quot;/items/properties/category/properties/name&quot;}&#10;    domain: &quot;syntax&quot;&#10;    ignored: [&quot;$id&quot;,&quot;examples&quot;]&#10;warning: the following keywords are unknown and will be ignored: [$id, examples]&#10;    level: &quot;warning&quot;&#10;    schema: {&quot;loadingURI&quot;:&quot;#&quot;,&quot;pointer&quot;:&quot;/items/properties/id&quot;}&#10;    domain: &quot;syntax&quot;&#10;    ignored: [&quot;$id&quot;,&quot;examples&quot;]&#10;warning: the following keywords are unknown and will be ignored: [$id, examples]&#10;    level: &quot;warning&quot;&#10;    schema: {&quot;loadingURI&quot;:&quot;#&quot;,&quot;pointer&quot;:&quot;/items/properties/name&quot;}&#10;    domain: &quot;syntax&quot;&#10;    ignored: [&quot;$id&quot;,&quot;examples&quot;]&#10;warning: the following keywords are unknown and will be ignored: [$id]&#10;    level: &quot;warning&quot;&#10;    schema: {&quot;loadingURI&quot;:&quot;#&quot;,&quot;pointer&quot;:&quot;/items/properties/photoUrls&quot;}&#10;    domain: &quot;syntax&quot;&#10;    ignored: [&quot;$id&quot;]&#10;warning: the following keywords are unknown and will be ignored: [$id, examples]&#10;    level: &quot;warning&quot;&#10;    schema: {&quot;loadingURI&quot;:&quot;#&quot;,&quot;pointer&quot;:&quot;/items/properties/photoUrls/items&quot;}&#10;    domain: &quot;syntax&quot;&#10;    ignored: [&quot;$id&quot;,&quot;examples&quot;]&#10;warning: the following keywords are unknown and will be ignored: [$id, examples]&#10;    level: &quot;warning&quot;&#10;    schema: {&quot;loadingURI&quot;:&quot;#&quot;,&quot;pointer&quot;:&quot;/items/properties/status&quot;}&#10;    domain: &quot;syntax&quot;&#10;    ignored: [&quot;$id&quot;,&quot;examples&quot;]&#10;warning: the following keywords are unknown and will be ignored: [$id]&#10;    level: &quot;warning&quot;&#10;    schema: {&quot;loadingURI&quot;:&quot;#&quot;,&quot;pointer&quot;:&quot;/items/properties/tags&quot;}&#10;    domain: &quot;syntax&quot;&#10;    ignored: [&quot;$id&quot;]&#10;warning: the following keywords are unknown and will be ignored: [$id]&#10;    level: &quot;warning&quot;&#10;    schema: {&quot;loadingURI&quot;:&quot;#&quot;,&quot;pointer&quot;:&quot;/items/properties/tags/items&quot;}&#10;    domain: &quot;syntax&quot;&#10;    ignored: [&quot;$id&quot;]&#10;warning: the following keywords are unknown and will be ignored: [$id, examples]&#10;    level: &quot;warning&quot;&#10;    schema: {&quot;loadingURI&quot;:&quot;#&quot;,&quot;pointer&quot;:&quot;/items/properties/tags/items/properties/id&quot;}&#10;    domain: &quot;syntax&quot;&#10;    ignored: [&quot;$id&quot;,&quot;examples&quot;]&#10;warning: the following keywords are unknown and will be ignored: [$id, examples]&#10;    level: &quot;warning&quot;&#10;    schema: {&quot;loadingURI&quot;:&quot;#&quot;,&quot;pointer&quot;:&quot;/items/properties/tags/items/properties/name&quot;}&#10;    domain: &quot;syntax&quot;&#10;    ignored: [&quot;$id&quot;,&quot;examples&quot;]&#10;warning: the following keywords are unknown and will be ignored: [$id]&#10;    level: &quot;warning&quot;&#10;    schema: {&quot;loadingURI&quot;:&quot;#&quot;,&quot;pointer&quot;:&quot;/items/properties/category&quot;}&#10;    domain: &quot;syntax&quot;&#10;    ignored: [&quot;$id&quot;]&#10;warning: the following keywords are unknown and will be ignored: [$id, examples]&#10;    level: &quot;warning&quot;&#10;    schema: {&quot;loadingURI&quot;:&quot;#&quot;,&quot;pointer&quot;:&quot;/items/properties/category/properties/id&quot;}&#10;    domain: &quot;syntax&quot;&#10;    ignored: [&quot;$id&quot;,&quot;examples&quot;]&#10;warning: the following keywords are unknown and will be ignored: [$id, examples]&#10;    level: &quot;warning&quot;&#10;    schema: {&quot;loadingURI&quot;:&quot;#&quot;,&quot;pointer&quot;:&quot;/items/properties/category/properties/name&quot;}&#10;    domain: &quot;syntax&quot;&#10;    ignored: [&quot;$id&quot;,&quot;examples&quot;]&#10;warning: the following keywords are unknown and will be ignored: [$id, examples]&#10;    level: &quot;warning&quot;&#10;    schema: {&quot;loadingURI&quot;:&quot;#&quot;,&quot;pointer&quot;:&quot;/items/properties/category/properties/id&quot;}&#10;    domain: &quot;syntax&quot;&#10;    ignored: [&quot;$id&quot;,&quot;examples&quot;]&#10;warning: the following keywords are unknown and will be ignored: [$id, examples]&#10;    level: &quot;warning&quot;&#10;    schema: {&quot;loadingURI&quot;:&quot;#&quot;,&quot;pointer&quot;:&quot;/items/properties/category/properties/name&quot;}&#10;    domain: &quot;syntax&quot;&#10;    ignored: [&quot;$id&quot;,&quot;examples&quot;]&#10;warning: the following keywords are unknown and will be ignored: [$id, examples]&#10;    level: &quot;warning&quot;&#10;    schema: {&quot;loadingURI&quot;:&quot;#&quot;,&quot;pointer&quot;:&quot;/items/properties/id&quot;}&#10;    domain: &quot;syntax&quot;&#10;    ignored: [&quot;$id&quot;,&quot;examples&quot;]&#10;warning: the following keywords are unknown and will be ignored: [$id, examples]&#10;    level: &quot;warning&quot;&#10;    schema: {&quot;loadingURI&quot;:&quot;#&quot;,&quot;pointer&quot;:&quot;/items/properties/name&quot;}&#10;    domain: &quot;syntax&quot;&#10;    ignored: [&quot;$id&quot;,&quot;examples&quot;]&#10;warning: the following keywords are unknown and will be ignored: [$id]&#10;    level: &quot;warning&quot;&#10;    schema: {&quot;loadingURI&quot;:&quot;#&quot;,&quot;pointer&quot;:&quot;/items/properties/photoUrls&quot;}&#10;    domain: &quot;syntax&quot;&#10;    ignored: [&quot;$id&quot;]&#10;warning: the following keywords are unknown and will be ignored: [$id, examples]&#10;    level: &quot;warning&quot;&#10;    schema: {&quot;loadingURI&quot;:&quot;#&quot;,&quot;pointer&quot;:&quot;/items/properties/photoUrls/items&quot;}&#10;    domain: &quot;syntax&quot;&#10;    ignored: [&quot;$id&quot;,&quot;examples&quot;]&#10;warning: the following keywords are unknown and will be ignored: [$id, examples]&#10;    level: &quot;warning&quot;&#10;    schema: {&quot;loadingURI&quot;:&quot;#&quot;,&quot;pointer&quot;:&quot;/items/properties/photoUrls/items&quot;}&#10;    domain: &quot;syntax&quot;&#10;    ignored: [&quot;$id&quot;,&quot;examples&quot;]&#10;warning: the following keywords are unknown and will be ignored: [$id, examples]&#10;    level: &quot;warning&quot;&#10;    schema: {&quot;loadingURI&quot;:&quot;#&quot;,&quot;pointer&quot;:&quot;/items/properties/status&quot;}&#10;    domain: &quot;syntax&quot;&#10;    ignored: [&quot;$id&quot;,&quot;examples&quot;]&#10;warning: the following keywords are unknown and will be ignored: [$id]&#10;    level: &quot;warning&quot;&#10;    schema: {&quot;loadingURI&quot;:&quot;#&quot;,&quot;pointer&quot;:&quot;/items/properties/tags&quot;}&#10;    domain: &quot;syntax&quot;&#10;    ignored: [&quot;$id&quot;]&#10;warning: the following keywords are unknown and will be ignored: [$id]&#10;    level: &quot;warning&quot;&#10;    schema: {&quot;loadingURI&quot;:&quot;#&quot;,&quot;pointer&quot;:&quot;/items/properties/tags/items&quot;}&#10;    domain: &quot;syntax&quot;&#10;    ignored: [&quot;$id&quot;]&#10;warning: the following keywords are unknown and will be ignored: [$id, examples]&#10;    level: &quot;warning&quot;&#10;    schema: {&quot;loadingURI&quot;:&quot;#&quot;,&quot;pointer&quot;:&quot;/items/properties/tags/items/properties/id&quot;}&#10;    domain: &quot;syntax&quot;&#10;    ignored: [&quot;$id&quot;,&quot;examples&quot;]&#10;warning: the following keywords are unknown and will be ignored: [$id, examples]&#10;    level: &quot;warning&quot;&#10;    schema: {&quot;loadingURI&quot;:&quot;#&quot;,&quot;pointer&quot;:&quot;/items/properties/tags/items/properties/name&quot;}&#10;    domain: &quot;syntax&quot;&#10;    ignored: [&quot;$id&quot;,&quot;examples&quot;]&#10;warning: the following keywords are unknown and will be ignored: [$id]&#10;    level: &quot;warning&quot;&#10;    schema: {&quot;loadingURI&quot;:&quot;#&quot;,&quot;pointer&quot;:&quot;/items/properties/tags/items&quot;}&#10;    domain: &quot;syntax&quot;&#10;    ignored: [&quot;$id&quot;]&#10;warning: the following keywords are unknown and will be ignored: [$id, examples]&#10;    level: &quot;warning&quot;&#10;    schema: {&quot;loadingURI&quot;:&quot;#&quot;,&quot;pointer&quot;:&quot;/items/properties/tags/items/properties/id&quot;}&#10;    domain: &quot;syntax&quot;&#10;    ignored: [&quot;$id&quot;,&quot;examples&quot;]&#10;warning: the following keywords are unknown and will be ignored: [$id, examples]&#10;    level: &quot;warning&quot;&#10;    schema: {&quot;loadingURI&quot;:&quot;#&quot;,&quot;pointer&quot;:&quot;/items/properties/tags/items/properties/name&quot;}&#10;    domain: &quot;syntax&quot;&#10;    ignored: [&quot;$id&quot;,&quot;examples&quot;]&#10;warning: the following keywords are unknown and will be ignored: [$id, examples]&#10;    level: &quot;warning&quot;&#10;    schema: {&quot;loadingURI&quot;:&quot;#&quot;,&quot;pointer&quot;:&quot;/items/properties/tags/items/properties/id&quot;}&#10;    domain: &quot;syntax&quot;&#10;    ignored: [&quot;$id&quot;,&quot;examples&quot;]&#10;warning: the following keywords are unknown and will be ignored: [$id, examples]&#10;    level: &quot;warning&quot;&#10;    schema: {&quot;loadingURI&quot;:&quot;#&quot;,&quot;pointer&quot;:&quot;/items/properties/tags/items/properties/name&quot;}&#10;    domain: &quot;syntax&quot;&#10;    ignored: [&quot;$id&quot;,&quot;examples&quot;]&#10;warning: the following keywords are unknown and will be ignored: [$id]&#10;    level: &quot;warning&quot;&#10;    schema: {&quot;loadingURI&quot;:&quot;#&quot;,&quot;pointer&quot;:&quot;/items&quot;}&#10;    domain: &quot;syntax&quot;&#10;    ignored: [&quot;$id&quot;]&#10;warning: the following keywords are unknown and will be ignored: [$id]&#10;    level: &quot;warning&quot;&#10;    schema: {&quot;loadingURI&quot;:&quot;#&quot;,&quot;pointer&quot;:&quot;/items/properties/category&quot;}&#10;    domain: &quot;syntax&quot;&#10;    ignored: [&quot;$id&quot;]&#10;warning: the following keywords are unknown and will be ignored: [$id, examples]&#10;    level: &quot;warning&quot;&#10;    schema: {&quot;loadingURI&quot;:&quot;#&quot;,&quot;pointer&quot;:&quot;/items/properties/category/properties/id&quot;}&#10;    domain: &quot;syntax&quot;&#10;    ignored: [&quot;$id&quot;,&quot;examples&quot;]&#10;warning: the following keywords are unknown and will be ignored: [$id, examples]&#10;    level: &quot;warning&quot;&#10;    schema: {&quot;loadingURI&quot;:&quot;#&quot;,&quot;pointer&quot;:&quot;/items/properties/category/properties/name&quot;}&#10;    domain: &quot;syntax&quot;&#10;    ignored: [&quot;$id&quot;,&quot;examples&quot;]&#10;warning: the following keywords are unknown and will be ignored: [$id, examples]&#10;    level: &quot;warning&quot;&#10;    schema: {&quot;loadingURI&quot;:&quot;#&quot;,&quot;pointer&quot;:&quot;/items/properties/id&quot;}&#10;    domain: &quot;syntax&quot;&#10;    ignored: [&quot;$id&quot;,&quot;examples&quot;]&#10;warning: the following keywords are unknown and will be ignored: [$id, examples]&#10;    level: &quot;warning&quot;&#10;    schema: {&quot;loadingURI&quot;:&quot;#&quot;,&quot;pointer&quot;:&quot;/items/properties/name&quot;}&#10;    domain: &quot;syntax&quot;&#10;    ignored: [&quot;$id&quot;,&quot;examples&quot;]&#10;warning: the following keywords are unknown and will be ignored: [$id]&#10;    level: &quot;warning&quot;&#10;    schema: {&quot;loadingURI&quot;:&quot;#&quot;,&quot;pointer&quot;:&quot;/items/properties/photoUrls&quot;}&#10;    domain: &quot;syntax&quot;&#10;    ignored: [&quot;$id&quot;]&#10;warning: the following keywords are unknown and will be ignored: [$id, examples]&#10;    level: &quot;warning&quot;&#10;    schema: {&quot;loadingURI&quot;:&quot;#&quot;,&quot;pointer&quot;:&quot;/items/properties/photoUrls/items&quot;}&#10;    domain: &quot;syntax&quot;&#10;    ignored: [&quot;$id&quot;,&quot;examples&quot;]&#10;warning: the following keywords are unknown and will be ignored: [$id, examples]&#10;    level: &quot;warning&quot;&#10;    schema: {&quot;loadingURI&quot;:&quot;#&quot;,&quot;pointer&quot;:&quot;/items/properties/status&quot;}&#10;    domain: &quot;syntax&quot;&#10;    ignored: [&quot;$id&quot;,&quot;examples&quot;]&#10;warning: the following keywords are unknown and will be ignored: [$id]&#10;    level: &quot;warning&quot;&#10;    schema: {&quot;loadingURI&quot;:&quot;#&quot;,&quot;pointer&quot;:&quot;/items/properties/tags&quot;}&#10;    domain: &quot;syntax&quot;&#10;    ignored: [&quot;$id&quot;]&#10;warning: the following keywords are unknown and will be ignored: [$id]&#10;    level: &quot;warning&quot;&#10;    schema: {&quot;loadingURI&quot;:&quot;#&quot;,&quot;pointer&quot;:&quot;/items/properties/tags/items&quot;}&#10;    domain: &quot;syntax&quot;&#10;    ignored: [&quot;$id&quot;]&#10;warning: the following keywords are unknown and will be ignored: [$id, examples]&#10;    level: &quot;warning&quot;&#10;    schema: {&quot;loadingURI&quot;:&quot;#&quot;,&quot;pointer&quot;:&quot;/items/properties/tags/items/properties/id&quot;}&#10;    domain: &quot;syntax&quot;&#10;    ignored: [&quot;$id&quot;,&quot;examples&quot;]&#10;warning: the following keywords are unknown and will be ignored: [$id, examples]&#10;    level: &quot;warning&quot;&#10;    schema: {&quot;loadingURI&quot;:&quot;#&quot;,&quot;pointer&quot;:&quot;/items/properties/tags/items/properties/name&quot;}&#10;    domain: &quot;syntax&quot;&#10;    ignored: [&quot;$id&quot;,&quot;examples&quot;]&#10;warning: the following keywords are unknown and will be ignored: [$id]&#10;    level: &quot;warning&quot;&#10;    schema: {&quot;loadingURI&quot;:&quot;#&quot;,&quot;pointer&quot;:&quot;/items/properties/category&quot;}&#10;    domain: &quot;syntax&quot;&#10;    ignored: [&quot;$id&quot;]&#10;warning: the following keywords are unknown and will be ignored: [$id, examples]&#10;    level: &quot;warning&quot;&#10;    schema: {&quot;loadingURI&quot;:&quot;#&quot;,&quot;pointer&quot;:&quot;/items/properties/category/properties/id&quot;}&#10;    domain: &quot;syntax&quot;&#10;    ignored: [&quot;$id&quot;,&quot;examples&quot;]&#10;warning: the following keywords are unknown and will be ignored: [$id, examples]&#10;    level: &quot;warning&quot;&#10;    schema: {&quot;loadingURI&quot;:&quot;#&quot;,&quot;pointer&quot;:&quot;/items/properties/category/properties/name&quot;}&#10;    domain: &quot;syntax&quot;&#10;    ignored: [&quot;$id&quot;,&quot;examples&quot;]&#10;warning: the following keywords are unknown and will be ignored: [$id, examples]&#10;    level: &quot;warning&quot;&#10;    schema: {&quot;loadingURI&quot;:&quot;#&quot;,&quot;pointer&quot;:&quot;/items/properties/category/properties/id&quot;}&#10;    domain: &quot;syntax&quot;&#10;    ignored: [&quot;$id&quot;,&quot;examples&quot;]&#10;warning: the following keywords are unknown and will be ignored: [$id, examples]&#10;    level: &quot;warning&quot;&#10;    schema: {&quot;loadingURI&quot;:&quot;#&quot;,&quot;pointer&quot;:&quot;/items/properties/category/properties/name&quot;}&#10;    domain: &quot;syntax&quot;&#10;    ignored: [&quot;$id&quot;,&quot;examples&quot;]&#10;warning: the following keywords are unknown and will be ignored: [$id, examples]&#10;    level: &quot;warning&quot;&#10;    schema: {&quot;loadingURI&quot;:&quot;#&quot;,&quot;pointer&quot;:&quot;/items/properties/id&quot;}&#10;    domain: &quot;syntax&quot;&#10;    ignored: [&quot;$id&quot;,&quot;examples&quot;]&#10;warning: the following keywords are unknown and will be ignored: [$id, examples]&#10;    level: &quot;warning&quot;&#10;    schema: {&quot;loadingURI&quot;:&quot;#&quot;,&quot;pointer&quot;:&quot;/items/properties/name&quot;}&#10;    domain: &quot;syntax&quot;&#10;    ignored: [&quot;$id&quot;,&quot;examples&quot;]&#10;warning: the following keywords are unknown and will be ignored: [$id]&#10;    level: &quot;warning&quot;&#10;    schema: {&quot;loadingURI&quot;:&quot;#&quot;,&quot;pointer&quot;:&quot;/items/properties/photoUrls&quot;}&#10;    domain: &quot;syntax&quot;&#10;    ignored: [&quot;$id&quot;]&#10;warning: the following keywords are unknown and will be ignored: [$id, examples]&#10;    level: &quot;warning&quot;&#10;    schema: {&quot;loadingURI&quot;:&quot;#&quot;,&quot;pointer&quot;:&quot;/items/properties/photoUrls/items&quot;}&#10;    domain: &quot;syntax&quot;&#10;    ignored: [&quot;$id&quot;,&quot;examples&quot;]&#10;warning: the following keywords are unknown and will be ignored: [$id, examples]&#10;    level: &quot;warning&quot;&#10;    schema: {&quot;loadingURI&quot;:&quot;#&quot;,&quot;pointer&quot;:&quot;/items/properties/photoUrls/items&quot;}&#10;    domain: &quot;syntax&quot;&#10;    ignored: [&quot;$id&quot;,&quot;examples&quot;]&#10;warning: the following keywords are unknown and will be ignored: [$id, examples]&#10;    level: &quot;warning&quot;&#10;    schema: {&quot;loadingURI&quot;:&quot;#&quot;,&quot;pointer&quot;:&quot;/items/properties/status&quot;}&#10;    domain: &quot;syntax&quot;&#10;    ignored: [&quot;$id&quot;,&quot;examples&quot;]&#10;warning: the following keywords are unknown and will be ignored: [$id]&#10;    level: &quot;warning&quot;&#10;    schema: {&quot;loadingURI&quot;:&quot;#&quot;,&quot;pointer&quot;:&quot;/items/properties/tags&quot;}&#10;    domain: &quot;syntax&quot;&#10;    ignored: [&quot;$id&quot;]&#10;warning: the following keywords are unknown and will be ignored: [$id]&#10;    level: &quot;warning&quot;&#10;    schema: {&quot;loadingURI&quot;:&quot;#&quot;,&quot;pointer&quot;:&quot;/items/properties/tags/items&quot;}&#10;    domain: &quot;syntax&quot;&#10;    ignored: [&quot;$id&quot;]&#10;warning: the following keywords are unknown and will be ignored: [$id, examples]&#10;    level: &quot;warning&quot;&#10;    schema: {&quot;loadingURI&quot;:&quot;#&quot;,&quot;pointer&quot;:&quot;/items/properties/tags/items/properties/id&quot;}&#10;    domain: &quot;syntax&quot;&#10;    ignored: [&quot;$id&quot;,&quot;examples&quot;]&#10;warning: the following keywords are unknown and will be ignored: [$id, examples]&#10;    level: &quot;warning&quot;&#10;    schema: {&quot;loadingURI&quot;:&quot;#&quot;,&quot;pointer&quot;:&quot;/items/properties/tags/items/properties/name&quot;}&#10;    domain: &quot;syntax&quot;&#10;    ignored: [&quot;$id&quot;,&quot;examples&quot;]&#10;warning: the following keywords are unknown and will be ignored: [$id]&#10;    level: &quot;warning&quot;&#10;    schema: {&quot;loadingURI&quot;:&quot;#&quot;,&quot;pointer&quot;:&quot;/items/properties/tags/items&quot;}&#10;    domain: &quot;syntax&quot;&#10;    ignored: [&quot;$id&quot;]&#10;warning: the following keywords are unknown and will be ignored: [$id, examples]&#10;    level: &quot;warning&quot;&#10;    schema: {&quot;loadingURI&quot;:&quot;#&quot;,&quot;pointer&quot;:&quot;/items/properties/tags/items/properties/id&quot;}&#10;    domain: &quot;syntax&quot;&#10;    ignored: [&quot;$id&quot;,&quot;examples&quot;]&#10;warning: the following keywords are unknown and will be ignored: [$id, examples]&#10;    level: &quot;warning&quot;&#10;    schema: {&quot;loadingURI&quot;:&quot;#&quot;,&quot;pointer&quot;:&quot;/items/properties/tags/items/properties/name&quot;}&#10;    domain: &quot;syntax&quot;&#10;    ignored: [&quot;$id&quot;,&quot;examples&quot;]&#10;warning: the following keywords are unknown and will be ignored: [$id, examples]&#10;    level: &quot;warning&quot;&#10;    schema: {&quot;loadingURI&quot;:&quot;#&quot;,&quot;pointer&quot;:&quot;/items/properties/tags/items/properties/id&quot;}&#10;    domain: &quot;syntax&quot;&#10;    ignored: [&quot;$id&quot;,&quot;examples&quot;]&#10;warning: the following keywords are unknown and will be ignored: [$id, examples]&#10;    level: &quot;warning&quot;&#10;    schema: {&quot;loadingURI&quot;:&quot;#&quot;,&quot;pointer&quot;:&quot;/items/properties/tags/items/properties/name&quot;}&#10;    domain: &quot;syntax&quot;&#10;    ignored: [&quot;$id&quot;,&quot;examples&quot;]&#10;warning: the following keywords are unknown and will be ignored: [$id]&#10;    level: &quot;warning&quot;&#10;    schema: {&quot;loadingURI&quot;:&quot;#&quot;,&quot;pointer&quot;:&quot;/items&quot;}&#10;    domain: &quot;syntax&quot;&#10;    ignored: [&quot;$id&quot;]&#10;warning: the following keywords are unknown and will be ignored: [$id]&#10;    level: &quot;warning&quot;&#10;    schema: {&quot;loadingURI&quot;:&quot;#&quot;,&quot;pointer&quot;:&quot;/items/properties/category&quot;}&#10;    domain: &quot;syntax&quot;&#10;    ignored: [&quot;$id&quot;]&#10;warning: the following keywords are unknown and will be ignored: [$id, examples]&#10;    level: &quot;warning&quot;&#10;    schema: {&quot;loadingURI&quot;:&quot;#&quot;,&quot;pointer&quot;:&quot;/items/properties/category/properties/id&quot;}&#10;    domain: &quot;syntax&quot;&#10;    ignored: [&quot;$id&quot;,&quot;examples&quot;]&#10;warning: the following keywords are unknown and will be ignored: [$id, examples]&#10;    level: &quot;warning&quot;&#10;    schema: {&quot;loadingURI&quot;:&quot;#&quot;,&quot;pointer&quot;:&quot;/items/properties/category/properties/name&quot;}&#10;    domain: &quot;syntax&quot;&#10;    ignored: [&quot;$id&quot;,&quot;examples&quot;]&#10;warning: the following keywords are unknown and will be ignored: [$id, examples]&#10;    level: &quot;warning&quot;&#10;    schema: {&quot;loadingURI&quot;:&quot;#&quot;,&quot;pointer&quot;:&quot;/items/properties/id&quot;}&#10;    domain: &quot;syntax&quot;&#10;    ignored: [&quot;$id&quot;,&quot;examples&quot;]&#10;warning: the following keywords are unknown and will be ignored: [$id, examples]&#10;    level: &quot;warning&quot;&#10;    schema: {&quot;loadingURI&quot;:&quot;#&quot;,&quot;pointer&quot;:&quot;/items/properties/name&quot;}&#10;    domain: &quot;syntax&quot;&#10;    ignored: [&quot;$id&quot;,&quot;examples&quot;]&#10;warning: the following keywords are unknown and will be ignored: [$id]&#10;    level: &quot;warning&quot;&#10;    schema: {&quot;loadingURI&quot;:&quot;#&quot;,&quot;pointer&quot;:&quot;/items/properties/photoUrls&quot;}&#10;    domain: &quot;syntax&quot;&#10;    ignored: [&quot;$id&quot;]&#10;warning: the following keywords are unknown and will be ignored: [$id, examples]&#10;    level: &quot;warning&quot;&#10;    schema: {&quot;loadingURI&quot;:&quot;#&quot;,&quot;pointer&quot;:&quot;/items/properties/photoUrls/items&quot;}&#10;    domain: &quot;syntax&quot;&#10;    ignored: [&quot;$id&quot;,&quot;examples&quot;]&#10;warning: the following keywords are unknown and will be ignored: [$id, examples]&#10;    level: &quot;warning&quot;&#10;    schema: {&quot;loadingURI&quot;:&quot;#&quot;,&quot;pointer&quot;:&quot;/items/properties/status&quot;}&#10;    domain: &quot;syntax&quot;&#10;    ignored: [&quot;$id&quot;,&quot;examples&quot;]&#10;warning: the following keywords are unknown and will be ignored: [$id]&#10;    level: &quot;warning&quot;&#10;    schema: {&quot;loadingURI&quot;:&quot;#&quot;,&quot;pointer&quot;:&quot;/items/properties/tags&quot;}&#10;    domain: &quot;syntax&quot;&#10;    ignored: [&quot;$id&quot;]&#10;warning: the following keywords are unknown and will be ignored: [$id]&#10;    level: &quot;warning&quot;&#10;    schema: {&quot;loadingURI&quot;:&quot;#&quot;,&quot;pointer&quot;:&quot;/items/properties/tags/items&quot;}&#10;    domain: &quot;syntax&quot;&#10;    ignored: [&quot;$id&quot;]&#10;warning: the following keywords are unknown and will be ignored: [$id, examples]&#10;    level: &quot;warning&quot;&#10;    schema: {&quot;loadingURI&quot;:&quot;#&quot;,&quot;pointer&quot;:&quot;/items/properties/tags/items/properties/id&quot;}&#10;    domain: &quot;syntax&quot;&#10;    ignored: [&quot;$id&quot;,&quot;examples&quot;]&#10;warning: the following keywords are unknown and will be ignored: [$id, examples]&#10;    level: &quot;warning&quot;&#10;    schema: {&quot;loadingURI&quot;:&quot;#&quot;,&quot;pointer&quot;:&quot;/items/properties/tags/items/properties/name&quot;}&#10;    domain: &quot;syntax&quot;&#10;    ignored: [&quot;$id&quot;,&quot;examples&quot;]&#10;warning: the following keywords are unknown and will be ignored: [$id]&#10;    level: &quot;warning&quot;&#10;    schema: {&quot;loadingURI&quot;:&quot;#&quot;,&quot;pointer&quot;:&quot;/items/properties/category&quot;}&#10;    domain: &quot;syntax&quot;&#10;    ignored: [&quot;$id&quot;]&#10;warning: the following keywords are unknown and will be ignored: [$id, examples]&#10;    level: &quot;warning&quot;&#10;    schema: {&quot;loadingURI&quot;:&quot;#&quot;,&quot;pointer&quot;:&quot;/items/properties/category/properties/id&quot;}&#10;    domain: &quot;syntax&quot;&#10;    ignored: [&quot;$id&quot;,&quot;examples&quot;]&#10;warning: the following keywords are unknown and will be ignored: [$id, examples]&#10;    level: &quot;warning&quot;&#10;    schema: {&quot;loadingURI&quot;:&quot;#&quot;,&quot;pointer&quot;:&quot;/items/properties/category/properties/name&quot;}&#10;    domain: &quot;syntax&quot;&#10;    ignored: [&quot;$id&quot;,&quot;examples&quot;]&#10;warning: the following keywords are unknown and will be ignored: [$id, examples]&#10;    level: &quot;warning&quot;&#10;    schema: {&quot;loadingURI&quot;:&quot;#&quot;,&quot;pointer&quot;:&quot;/items/properties/category/properties/id&quot;}&#10;    domain: &quot;syntax&quot;&#10;    ignored: [&quot;$id&quot;,&quot;examples&quot;]&#10;warning: the following keywords are unknown and will be ignored: [$id, examples]&#10;    level: &quot;warning&quot;&#10;    schema: {&quot;loadingURI&quot;:&quot;#&quot;,&quot;pointer&quot;:&quot;/items/properties/category/properties/name&quot;}&#10;    domain: &quot;syntax&quot;&#10;    ignored: [&quot;$id&quot;,&quot;examples&quot;]&#10;warning: the following keywords are unknown and will be ignored: [$id, examples]&#10;    level: &quot;warning&quot;&#10;    schema: {&quot;loadingURI&quot;:&quot;#&quot;,&quot;pointer&quot;:&quot;/items/properties/id&quot;}&#10;    domain: &quot;syntax&quot;&#10;    ignored: [&quot;$id&quot;,&quot;examples&quot;]&#10;warning: the following keywords are unknown and will be ignored: [$id, examples]&#10;    level: &quot;warning&quot;&#10;    schema: {&quot;loadingURI&quot;:&quot;#&quot;,&quot;pointer&quot;:&quot;/items/properties/name&quot;}&#10;    domain: &quot;syntax&quot;&#10;    ignored: [&quot;$id&quot;,&quot;examples&quot;]&#10;warning: the following keywords are unknown and will be ignored: [$id]&#10;    level: &quot;warning&quot;&#10;    schema: {&quot;loadingURI&quot;:&quot;#&quot;,&quot;pointer&quot;:&quot;/items/properties/photoUrls&quot;}&#10;    domain: &quot;syntax&quot;&#10;    ignored: [&quot;$id&quot;]&#10;warning: the following keywords are unknown and will be ignored: [$id, examples]&#10;    level: &quot;warning&quot;&#10;    schema: {&quot;loadingURI&quot;:&quot;#&quot;,&quot;pointer&quot;:&quot;/items/properties/photoUrls/items&quot;}&#10;    domain: &quot;syntax&quot;&#10;    ignored: [&quot;$id&quot;,&quot;examples&quot;]&#10;warning: the following keywords are unknown and will be ignored: [$id, examples]&#10;    level: &quot;warning&quot;&#10;    schema: {&quot;loadingURI&quot;:&quot;#&quot;,&quot;pointer&quot;:&quot;/items/properties/photoUrls/items&quot;}&#10;    domain: &quot;syntax&quot;&#10;    ignored: [&quot;$id&quot;,&quot;examples&quot;]&#10;warning: the following keywords are unknown and will be ignored: [$id, examples]&#10;    level: &quot;warning&quot;&#10;    schema: {&quot;loadingURI&quot;:&quot;#&quot;,&quot;pointer&quot;:&quot;/items/properties/status&quot;}&#10;    domain: &quot;syntax&quot;&#10;    ignored: [&quot;$id&quot;,&quot;examples&quot;]&#10;warning: the following keywords are unknown and will be ignored: [$id]&#10;    level: &quot;warning&quot;&#10;    schema: {&quot;loadingURI&quot;:&quot;#&quot;,&quot;pointer&quot;:&quot;/items/properties/tags&quot;}&#10;    domain: &quot;syntax&quot;&#10;    ignored: [&quot;$id&quot;]&#10;warning: the following keywords are unknown and will be ignored: [$id]&#10;    level: &quot;warning&quot;&#10;    schema: {&quot;loadingURI&quot;:&quot;#&quot;,&quot;pointer&quot;:&quot;/items/properties/tags/items&quot;}&#10;    domain: &quot;syntax&quot;&#10;    ignored: [&quot;$id&quot;]&#10;warning: the following keywords are unknown and will be ignored: [$id, examples]&#10;    level: &quot;warning&quot;&#10;    schema: {&quot;loadingURI&quot;:&quot;#&quot;,&quot;pointer&quot;:&quot;/items/properties/tags/items/properties/id&quot;}&#10;    domain: &quot;syntax&quot;&#10;    ignored: [&quot;$id&quot;,&quot;examples&quot;]&#10;warning: the following keywords are unknown and will be ignored: [$id, examples]&#10;    level: &quot;warning&quot;&#10;    schema: {&quot;loadingURI&quot;:&quot;#&quot;,&quot;pointer&quot;:&quot;/items/properties/tags/items/properties/name&quot;}&#10;    domain: &quot;syntax&quot;&#10;    ignored: [&quot;$id&quot;,&quot;examples&quot;]&#10;warning: the following keywords are unknown and will be ignored: [$id]&#10;    level: &quot;warning&quot;&#10;    schema: {&quot;loadingURI&quot;:&quot;#&quot;,&quot;pointer&quot;:&quot;/items/properties/tags/items&quot;}&#10;    domain: &quot;syntax&quot;&#10;    ignored: [&quot;$id&quot;]&#10;warning: the following keywords are unknown and will be ignored: [$id, examples]&#10;    level: &quot;warning&quot;&#10;    schema: {&quot;loadingURI&quot;:&quot;#&quot;,&quot;pointer&quot;:&quot;/items/properties/tags/items/properties/id&quot;}&#10;    domain: &quot;syntax&quot;&#10;    ignored: [&quot;$id&quot;,&quot;examples&quot;]&#10;warning: the following keywords are unknown and will be ignored: [$id, examples]&#10;    level: &quot;warning&quot;&#10;    schema: {&quot;loadingURI&quot;:&quot;#&quot;,&quot;pointer&quot;:&quot;/items/properties/tags/items/properties/name&quot;}&#10;    domain: &quot;syntax&quot;&#10;    ignored: [&quot;$id&quot;,&quot;examples&quot;]&#10;warning: the following keywords are unknown and will be ignored: [$id, examples]&#10;    level: &quot;warning&quot;&#10;    schema: {&quot;loadingURI&quot;:&quot;#&quot;,&quot;pointer&quot;:&quot;/items/properties/tags/items/properties/id&quot;}&#10;    domain: &quot;syntax&quot;&#10;    ignored: [&quot;$id&quot;,&quot;examples&quot;]&#10;warning: the following keywords are unknown and will be ignored: [$id, examples]&#10;    level: &quot;warning&quot;&#10;    schema: {&quot;loadingURI&quot;:&quot;#&quot;,&quot;pointer&quot;:&quot;/items/properties/tags/items/properties/name&quot;}&#10;    domain: &quot;syntax&quot;&#10;    ignored: [&quot;$id&quot;,&quot;examples&quot;]&#10;warning: the following keywords are unknown and will be ignored: [$id]&#10;    level: &quot;warning&quot;&#10;    schema: {&quot;loadingURI&quot;:&quot;#&quot;,&quot;pointer&quot;:&quot;/items&quot;}&#10;    domain: &quot;syntax&quot;&#10;    ignored: [&quot;$id&quot;]&#10;warning: the following keywords are unknown and will be ignored: [$id]&#10;    level: &quot;warning&quot;&#10;    schema: {&quot;loadingURI&quot;:&quot;#&quot;,&quot;pointer&quot;:&quot;/items/properties/category&quot;}&#10;    domain: &quot;syntax&quot;&#10;    ignored: [&quot;$id&quot;]&#10;warning: the following keywords are unknown and will be ignored: [$id, examples]&#10;    level: &quot;warning&quot;&#10;    schema: {&quot;loadingURI&quot;:&quot;#&quot;,&quot;pointer&quot;:&quot;/items/properties/category/properties/id&quot;}&#10;    domain: &quot;syntax&quot;&#10;    ignored: [&quot;$id&quot;,&quot;examples&quot;]&#10;warning: the following keywords are unknown and will be ignored: [$id, examples]&#10;    level: &quot;warning&quot;&#10;    schema: {&quot;loadingURI&quot;:&quot;#&quot;,&quot;pointer&quot;:&quot;/items/properties/category/properties/name&quot;}&#10;    domain: &quot;syntax&quot;&#10;    ignored: [&quot;$id&quot;,&quot;examples&quot;]&#10;warning: the following keywords are unknown and will be ignored: [$id, examples]&#10;    level: &quot;warning&quot;&#10;    schema: {&quot;loadingURI&quot;:&quot;#&quot;,&quot;pointer&quot;:&quot;/items/properties/id&quot;}&#10;    domain: &quot;syntax&quot;&#10;    ignored: [&quot;$id&quot;,&quot;examples&quot;]&#10;warning: the following keywords are unknown and will be ignored: [$id, examples]&#10;    level: &quot;warning&quot;&#10;    schema: {&quot;loadingURI&quot;:&quot;#&quot;,&quot;pointer&quot;:&quot;/items/properties/name&quot;}&#10;    domain: &quot;syntax&quot;&#10;    ignored: [&quot;$id&quot;,&quot;examples&quot;]&#10;warning: the following keywords are unknown and will be ignored: [$id]&#10;    level: &quot;warning&quot;&#10;    schema: {&quot;loadingURI&quot;:&quot;#&quot;,&quot;pointer&quot;:&quot;/items/properties/photoUrls&quot;}&#10;    domain: &quot;syntax&quot;&#10;    ignored: [&quot;$id&quot;]&#10;warning: the following keywords are unknown and will be ignored: [$id, examples]&#10;    level: &quot;warning&quot;&#10;    schema: {&quot;loadingURI&quot;:&quot;#&quot;,&quot;pointer&quot;:&quot;/items/properties/photoUrls/items&quot;}&#10;    domain: &quot;syntax&quot;&#10;    ignored: [&quot;$id&quot;,&quot;examples&quot;]&#10;warning: the following keywords are unknown and will be ignored: [$id, examples]&#10;    level: &quot;warning&quot;&#10;    schema: {&quot;loadingURI&quot;:&quot;#&quot;,&quot;pointer&quot;:&quot;/items/properties/status&quot;}&#10;    domain: &quot;syntax&quot;&#10;    ignored: [&quot;$id&quot;,&quot;examples&quot;]&#10;warning: the following keywords are unknown and will be ignored: [$id]&#10;    level: &quot;warning&quot;&#10;    schema: {&quot;loadingURI&quot;:&quot;#&quot;,&quot;pointer&quot;:&quot;/items/properties/tags&quot;}&#10;    domain: &quot;syntax&quot;&#10;    ignored: [&quot;$id&quot;]&#10;warning: the following keywords are unknown and will be ignored: [$id]&#10;    level: &quot;warning&quot;&#10;    schema: {&quot;loadingURI&quot;:&quot;#&quot;,&quot;pointer&quot;:&quot;/items/properties/tags/items&quot;}&#10;    domain: &quot;syntax&quot;&#10;    ignored: [&quot;$id&quot;]&#10;warning: the following keywords are unknown and will be ignored: [$id, examples]&#10;    level: &quot;warning&quot;&#10;    schema: {&quot;loadingURI&quot;:&quot;#&quot;,&quot;pointer&quot;:&quot;/items/properties/tags/items/properties/id&quot;}&#10;    domain: &quot;syntax&quot;&#10;    ignored: [&quot;$id&quot;,&quot;examples&quot;]&#10;warning: the following keywords are unknown and will be ignored: [$id, examples]&#10;    level: &quot;warning&quot;&#10;    schema: {&quot;loadingURI&quot;:&quot;#&quot;,&quot;pointer&quot;:&quot;/items/properties/tags/items/properties/name&quot;}&#10;    domain: &quot;syntax&quot;&#10;    ignored: [&quot;$id&quot;,&quot;examples&quot;]&#10;warning: the following keywords are unknown and will be ignored: [$id]&#10;    level: &quot;warning&quot;&#10;    schema: {&quot;loadingURI&quot;:&quot;#&quot;,&quot;pointer&quot;:&quot;/items/properties/category&quot;}&#10;    domain: &quot;syntax&quot;&#10;    ignored: [&quot;$id&quot;]&#10;warning: the following keywords are unknown and will be ignored: [$id, examples]&#10;    level: &quot;warning&quot;&#10;    schema: {&quot;loadingURI&quot;:&quot;#&quot;,&quot;pointer&quot;:&quot;/items/properties/category/properties/id&quot;}&#10;    domain: &quot;syntax&quot;&#10;    ignored: [&quot;$id&quot;,&quot;examples&quot;]&#10;warning: the following keywords are unknown and will be ignored: [$id, examples]&#10;    level: &quot;warning&quot;&#10;    schema: {&quot;loadingURI&quot;:&quot;#&quot;,&quot;pointer&quot;:&quot;/items/properties/category/properties/name&quot;}&#10;    domain: &quot;syntax&quot;&#10;    ignored: [&quot;$id&quot;,&quot;examples&quot;]&#10;warning: the following keywords are unknown and will be ignored: [$id, examples]&#10;    level: &quot;warning&quot;&#10;    schema: {&quot;loadingURI&quot;:&quot;#&quot;,&quot;pointer&quot;:&quot;/items/properties/category/properties/id&quot;}&#10;    domain: &quot;syntax&quot;&#10;    ignored: [&quot;$id&quot;,&quot;examples&quot;]&#10;warning: the following keywords are unknown and will be ignored: [$id, examples]&#10;    level: &quot;warning&quot;&#10;    schema: {&quot;loadingURI&quot;:&quot;#&quot;,&quot;pointer&quot;:&quot;/items/properties/category/properties/name&quot;}&#10;    domain: &quot;syntax&quot;&#10;    ignored: [&quot;$id&quot;,&quot;examples&quot;]&#10;warning: the following keywords are unknown and will be ignored: [$id, examples]&#10;    level: &quot;warning&quot;&#10;    schema: {&quot;loadingURI&quot;:&quot;#&quot;,&quot;pointer&quot;:&quot;/items/properties/id&quot;}&#10;    domain: &quot;syntax&quot;&#10;    ignored: [&quot;$id&quot;,&quot;examples&quot;]&#10;warning: the following keywords are unknown and will be ignored: [$id, examples]&#10;    level: &quot;warning&quot;&#10;    schema: {&quot;loadingURI&quot;:&quot;#&quot;,&quot;pointer&quot;:&quot;/items/properties/name&quot;}&#10;    domain: &quot;syntax&quot;&#10;    ignored: [&quot;$id&quot;,&quot;examples&quot;]&#10;warning: the following keywords are unknown and will be ignored: [$id]&#10;    level: &quot;warning&quot;&#10;    schema: {&quot;loadingURI&quot;:&quot;#&quot;,&quot;pointer&quot;:&quot;/items/properties/photoUrls&quot;}&#10;    domain: &quot;syntax&quot;&#10;    ignored: [&quot;$id&quot;]&#10;warning: the following keywords are unknown and will be ignored: [$id, examples]&#10;    level: &quot;warning&quot;&#10;    schema: {&quot;loadingURI&quot;:&quot;#&quot;,&quot;pointer&quot;:&quot;/items/properties/photoUrls/items&quot;}&#10;    domain: &quot;syntax&quot;&#10;    ignored: [&quot;$id&quot;,&quot;examples&quot;]&#10;warning: the following keywords are unknown and will be ignored: [$id, examples]&#10;    level: &quot;warning&quot;&#10;    schema: {&quot;loadingURI&quot;:&quot;#&quot;,&quot;pointer&quot;:&quot;/items/properties/photoUrls/items&quot;}&#10;    domain: &quot;syntax&quot;&#10;    ignored: [&quot;$id&quot;,&quot;examples&quot;]&#10;warning: the following keywords are unknown and will be ignored: [$id, examples]&#10;    level: &quot;warning&quot;&#10;    schema: {&quot;loadingURI&quot;:&quot;#&quot;,&quot;pointer&quot;:&quot;/items/properties/status&quot;}&#10;    domain: &quot;syntax&quot;&#10;    ignored: [&quot;$id&quot;,&quot;examples&quot;]&#10;warning: the following keywords are unknown and will be ignored: [$id]&#10;    level: &quot;warning&quot;&#10;    schema: {&quot;loadingURI&quot;:&quot;#&quot;,&quot;pointer&quot;:&quot;/items/properties/tags&quot;}&#10;    domain: &quot;syntax&quot;&#10;    ignored: [&quot;$id&quot;]&#10;warning: the following keywords are unknown and will be ignored: [$id]&#10;    level: &quot;warning&quot;&#10;    schema: {&quot;loadingURI&quot;:&quot;#&quot;,&quot;pointer&quot;:&quot;/items/properties/tags/items&quot;}&#10;    domain: &quot;syntax&quot;&#10;    ignored: [&quot;$id&quot;]&#10;warning: the following keywords are unknown and will be ignored: [$id, examples]&#10;    level: &quot;warning&quot;&#10;    schema: {&quot;loadingURI&quot;:&quot;#&quot;,&quot;pointer&quot;:&quot;/items/properties/tags/items/properties/id&quot;}&#10;    domain: &quot;syntax&quot;&#10;    ignored: [&quot;$id&quot;,&quot;examples&quot;]&#10;warning: the following keywords are unknown and will be ignored: [$id, examples]&#10;    level: &quot;warning&quot;&#10;    schema: {&quot;loadingURI&quot;:&quot;#&quot;,&quot;pointer&quot;:&quot;/items/properties/tags/items/properties/name&quot;}&#10;    domain: &quot;syntax&quot;&#10;    ignored: [&quot;$id&quot;,&quot;examples&quot;]&#10;warning: the following keywords are unknown and will be ignored: [$id]&#10;    level: &quot;warning&quot;&#10;    schema: {&quot;loadingURI&quot;:&quot;#&quot;,&quot;pointer&quot;:&quot;/items/properties/tags/items&quot;}&#10;    domain: &quot;syntax&quot;&#10;    ignored: [&quot;$id&quot;]&#10;warning: the following keywords are unknown and will be ignored: [$id, examples]&#10;    level: &quot;warning&quot;&#10;    schema: {&quot;loadingURI&quot;:&quot;#&quot;,&quot;pointer&quot;:&quot;/items/properties/tags/items/properties/id&quot;}&#10;    domain: &quot;syntax&quot;&#10;    ignored: [&quot;$id&quot;,&quot;examples&quot;]&#10;warning: the following keywords are unknown and will be ignored: [$id, examples]&#10;    level: &quot;warning&quot;&#10;    schema: {&quot;loadingURI&quot;:&quot;#&quot;,&quot;pointer&quot;:&quot;/items/properties/tags/items/properties/name&quot;}&#10;    domain: &quot;syntax&quot;&#10;    ignored: [&quot;$id&quot;,&quot;examples&quot;]&#10;warning: the following keywords are unknown and will be ignored: [$id, examples]&#10;    level: &quot;warning&quot;&#10;    schema: {&quot;loadingURI&quot;:&quot;#&quot;,&quot;pointer&quot;:&quot;/items/properties/tags/items/properties/id&quot;}&#10;    domain: &quot;syntax&quot;&#10;    ignored: [&quot;$id&quot;,&quot;examples&quot;]&#10;warning: the following keywords are unknown and will be ignored: [$id, examples]&#10;    level: &quot;warning&quot;&#10;    schema: {&quot;loadingURI&quot;:&quot;#&quot;,&quot;pointer&quot;:&quot;/items/properties/tags/items/properties/name&quot;}&#10;    domain: &quot;syntax&quot;&#10;    ignored: [&quot;$id&quot;,&quot;examples&quot;]&#10;warning: the following keywords are unknown and will be ignored: [$id]&#10;    level: &quot;warning&quot;&#10;    schema: {&quot;loadingURI&quot;:&quot;#&quot;,&quot;pointer&quot;:&quot;/items&quot;}&#10;    domain: &quot;syntax&quot;&#10;    ignored: [&quot;$id&quot;]&#10;warning: the following keywords are unknown and will be ignored: [$id]&#10;    level: &quot;warning&quot;&#10;    schema: {&quot;loadingURI&quot;:&quot;#&quot;,&quot;pointer&quot;:&quot;/items/properties/category&quot;}&#10;    domain: &quot;syntax&quot;&#10;    ignored: [&quot;$id&quot;]&#10;warning: the following keywords are unknown and will be ignored: [$id, examples]&#10;    level: &quot;warning&quot;&#10;    schema: {&quot;loadingURI&quot;:&quot;#&quot;,&quot;pointer&quot;:&quot;/items/properties/category/properties/id&quot;}&#10;    domain: &quot;syntax&quot;&#10;    ignored: [&quot;$id&quot;,&quot;examples&quot;]&#10;warning: the following keywords are unknown and will be ignored: [$id, examples]&#10;    level: &quot;warning&quot;&#10;    schema: {&quot;loadingURI&quot;:&quot;#&quot;,&quot;pointer&quot;:&quot;/items/properties/category/properties/name&quot;}&#10;    domain: &quot;syntax&quot;&#10;    ignored: [&quot;$id&quot;,&quot;examples&quot;]&#10;warning: the following keywords are unknown and will be ignored: [$id, examples]&#10;    level: &quot;warning&quot;&#10;    schema: {&quot;loadingURI&quot;:&quot;#&quot;,&quot;pointer&quot;:&quot;/items/properties/id&quot;}&#10;    domain: &quot;syntax&quot;&#10;    ignored: [&quot;$id&quot;,&quot;examples&quot;]&#10;warning: the following keywords are unknown and will be ignored: [$id, examples]&#10;    level: &quot;warning&quot;&#10;    schema: {&quot;loadingURI&quot;:&quot;#&quot;,&quot;pointer&quot;:&quot;/items/properties/name&quot;}&#10;    domain: &quot;syntax&quot;&#10;    ignored: [&quot;$id&quot;,&quot;examples&quot;]&#10;warning: the following keywords are unknown and will be ignored: [$id]&#10;    level: &quot;warning&quot;&#10;    schema: {&quot;loadingURI&quot;:&quot;#&quot;,&quot;pointer&quot;:&quot;/items/properties/photoUrls&quot;}&#10;    domain: &quot;syntax&quot;&#10;    ignored: [&quot;$id&quot;]&#10;warning: the following keywords are unknown and will be ignored: [$id, examples]&#10;    level: &quot;warning&quot;&#10;    schema: {&quot;loadingURI&quot;:&quot;#&quot;,&quot;pointer&quot;:&quot;/items/properties/photoUrls/items&quot;}&#10;    domain: &quot;syntax&quot;&#10;    ignored: [&quot;$id&quot;,&quot;examples&quot;]&#10;warning: the following keywords are unknown and will be ignored: [$id, examples]&#10;    level: &quot;warning&quot;&#10;    schema: {&quot;loadingURI&quot;:&quot;#&quot;,&quot;pointer&quot;:&quot;/items/properties/status&quot;}&#10;    domain: &quot;syntax&quot;&#10;    ignored: [&quot;$id&quot;,&quot;examples&quot;]&#10;warning: the following keywords are unknown and will be ignored: [$id]&#10;    level: &quot;warning&quot;&#10;    schema: {&quot;loadingURI&quot;:&quot;#&quot;,&quot;pointer&quot;:&quot;/items/properties/tags&quot;}&#10;    domain: &quot;syntax&quot;&#10;    ignored: [&quot;$id&quot;]&#10;warning: the following keywords are unknown and will be ignored: [$id]&#10;    level: &quot;warning&quot;&#10;    schema: {&quot;loadingURI&quot;:&quot;#&quot;,&quot;pointer&quot;:&quot;/items/properties/tags/items&quot;}&#10;    domain: &quot;syntax&quot;&#10;    ignored: [&quot;$id&quot;]&#10;warning: the following keywords are unknown and will be ignored: [$id, examples]&#10;    level: &quot;warning&quot;&#10;    schema: {&quot;loadingURI&quot;:&quot;#&quot;,&quot;pointer&quot;:&quot;/items/properties/tags/items/properties/id&quot;}&#10;    domain: &quot;syntax&quot;&#10;    ignored: [&quot;$id&quot;,&quot;examples&quot;]&#10;warning: the following keywords are unknown and will be ignored: [$id, examples]&#10;    level: &quot;warning&quot;&#10;    schema: {&quot;loadingURI&quot;:&quot;#&quot;,&quot;pointer&quot;:&quot;/items/properties/tags/items/properties/name&quot;}&#10;    domain: &quot;syntax&quot;&#10;    ignored: [&quot;$id&quot;,&quot;examples&quot;]&#10;warning: the following keywords are unknown and will be ignored: [$id]&#10;    level: &quot;warning&quot;&#10;    schema: {&quot;loadingURI&quot;:&quot;#&quot;,&quot;pointer&quot;:&quot;/items/properties/category&quot;}&#10;    domain: &quot;syntax&quot;&#10;    ignored: [&quot;$id&quot;]&#10;warning: the following keywords are unknown and will be ignored: [$id, examples]&#10;    level: &quot;warning&quot;&#10;    schema: {&quot;loadingURI&quot;:&quot;#&quot;,&quot;pointer&quot;:&quot;/items/properties/category/properties/id&quot;}&#10;    domain: &quot;syntax&quot;&#10;    ignored: [&quot;$id&quot;,&quot;examples&quot;]&#10;warning: the following keywords are unknown and will be ignored: [$id, examples]&#10;    level: &quot;warning&quot;&#10;    schema: {&quot;loadingURI&quot;:&quot;#&quot;,&quot;pointer&quot;:&quot;/items/properties/category/properties/name&quot;}&#10;    domain: &quot;syntax&quot;&#10;    ignored: [&quot;$id&quot;,&quot;examples&quot;]&#10;warning: the following keywords are unknown and will be ignored: [$id, examples]&#10;    level: &quot;warning&quot;&#10;    schema: {&quot;loadingURI&quot;:&quot;#&quot;,&quot;pointer&quot;:&quot;/items/properties/category/properties/id&quot;}&#10;    domain: &quot;syntax&quot;&#10;    ignored: [&quot;$id&quot;,&quot;examples&quot;]&#10;warning: the following keywords are unknown and will be ignored: [$id, examples]&#10;    level: &quot;warning&quot;&#10;    schema: {&quot;loadingURI&quot;:&quot;#&quot;,&quot;pointer&quot;:&quot;/items/properties/category/properties/name&quot;}&#10;    domain: &quot;syntax&quot;&#10;    ignored: [&quot;$id&quot;,&quot;examples&quot;]&#10;warning: the following keywords are unknown and will be ignored: [$id, examples]&#10;    level: &quot;warning&quot;&#10;    schema: {&quot;loadingURI&quot;:&quot;#&quot;,&quot;pointer&quot;:&quot;/items/properties/id&quot;}&#10;    domain: &quot;syntax&quot;&#10;    ignored: [&quot;$id&quot;,&quot;examples&quot;]&#10;warning: the following keywords are unknown and will be ignored: [$id, examples]&#10;    level: &quot;warning&quot;&#10;    schema: {&quot;loadingURI&quot;:&quot;#&quot;,&quot;pointer&quot;:&quot;/items/properties/name&quot;}&#10;    domain: &quot;syntax&quot;&#10;    ignored: [&quot;$id&quot;,&quot;examples&quot;]&#10;warning: the following keywords are unknown and will be ignored: [$id]&#10;    level: &quot;warning&quot;&#10;    schema: {&quot;loadingURI&quot;:&quot;#&quot;,&quot;pointer&quot;:&quot;/items/properties/photoUrls&quot;}&#10;    domain: &quot;syntax&quot;&#10;    ignored: [&quot;$id&quot;]&#10;warning: the following keywords are unknown and will be ignored: [$id, examples]&#10;    level: &quot;warning&quot;&#10;    schema: {&quot;loadingURI&quot;:&quot;#&quot;,&quot;pointer&quot;:&quot;/items/properties/photoUrls/items&quot;}&#10;    domain: &quot;syntax&quot;&#10;    ignored: [&quot;$id&quot;,&quot;examples&quot;]&#10;warning: the following keywords are unknown and will be ignored: [$id, examples]&#10;    level: &quot;warning&quot;&#10;    schema: {&quot;loadingURI&quot;:&quot;#&quot;,&quot;pointer&quot;:&quot;/items/properties/photoUrls/items&quot;}&#10;    domain: &quot;syntax&quot;&#10;    ignored: [&quot;$id&quot;,&quot;examples&quot;]&#10;warning: the following keywords are unknown and will be ignored: [$id, examples]&#10;    level: &quot;warning&quot;&#10;    schema: {&quot;loadingURI&quot;:&quot;#&quot;,&quot;pointer&quot;:&quot;/items/properties/status&quot;}&#10;    domain: &quot;syntax&quot;&#10;    ignored: [&quot;$id&quot;,&quot;examples&quot;]&#10;warning: the following keywords are unknown and will be ignored: [$id]&#10;    level: &quot;warning&quot;&#10;    schema: {&quot;loadingURI&quot;:&quot;#&quot;,&quot;pointer&quot;:&quot;/items/properties/tags&quot;}&#10;    domain: &quot;syntax&quot;&#10;    ignored: [&quot;$id&quot;]&#10;warning: the following keywords are unknown and will be ignored: [$id]&#10;    level: &quot;warning&quot;&#10;    schema: {&quot;loadingURI&quot;:&quot;#&quot;,&quot;pointer&quot;:&quot;/items/properties/tags/items&quot;}&#10;    domain: &quot;syntax&quot;&#10;    ignored: [&quot;$id&quot;]&#10;warning: the following keywords are unknown and will be ignored: [$id, examples]&#10;    level: &quot;warning&quot;&#10;    schema: {&quot;loadingURI&quot;:&quot;#&quot;,&quot;pointer&quot;:&quot;/items/properties/tags/items/properties/id&quot;}&#10;    domain: &quot;syntax&quot;&#10;    ignored: [&quot;$id&quot;,&quot;examples&quot;]&#10;warning: the following keywords are unknown and will be ignored: [$id, examples]&#10;    level: &quot;warning&quot;&#10;    schema: {&quot;loadingURI&quot;:&quot;#&quot;,&quot;pointer&quot;:&quot;/items/properties/tags/items/properties/name&quot;}&#10;    domain: &quot;syntax&quot;&#10;    ignored: [&quot;$id&quot;,&quot;examples&quot;]&#10;warning: the following keywords are unknown and will be ignored: [$id]&#10;    level: &quot;warning&quot;&#10;    schema: {&quot;loadingURI&quot;:&quot;#&quot;,&quot;pointer&quot;:&quot;/items/properties/tags/items&quot;}&#10;    domain: &quot;syntax&quot;&#10;    ignored: [&quot;$id&quot;]&#10;warning: the following keywords are unknown and will be ignored: [$id, examples]&#10;    level: &quot;warning&quot;&#10;    schema: {&quot;loadingURI&quot;:&quot;#&quot;,&quot;pointer&quot;:&quot;/items/properties/tags/items/properties/id&quot;}&#10;    domain: &quot;syntax&quot;&#10;    ignored: [&quot;$id&quot;,&quot;examples&quot;]&#10;warning: the following keywords are unknown and will be ignored: [$id, examples]&#10;    level: &quot;warning&quot;&#10;    schema: {&quot;loadingURI&quot;:&quot;#&quot;,&quot;pointer&quot;:&quot;/items/properties/tags/items/properties/name&quot;}&#10;    domain: &quot;syntax&quot;&#10;    ignored: [&quot;$id&quot;,&quot;examples&quot;]&#10;warning: the following keywords are unknown and will be ignored: [$id, examples]&#10;    level: &quot;warning&quot;&#10;    schema: {&quot;loadingURI&quot;:&quot;#&quot;,&quot;pointer&quot;:&quot;/items/properties/tags/items/properties/id&quot;}&#10;    domain: &quot;syntax&quot;&#10;    ignored: [&quot;$id&quot;,&quot;examples&quot;]&#10;warning: the following keywords are unknown and will be ignored: [$id, examples]&#10;    level: &quot;warning&quot;&#10;    schema: {&quot;loadingURI&quot;:&quot;#&quot;,&quot;pointer&quot;:&quot;/items/properties/tags/items/properties/name&quot;}&#10;    domain: &quot;syntax&quot;&#10;    ignored: [&quot;$id&quot;,&quot;examples&quot;]&#10;warning: the following keywords are unknown and will be ignored: [$id]&#10;    level: &quot;warning&quot;&#10;    schema: {&quot;loadingURI&quot;:&quot;#&quot;,&quot;pointer&quot;:&quot;/items&quot;}&#10;    domain: &quot;syntax&quot;&#10;    ignored: [&quot;$id&quot;]&#10;warning: the following keywords are unknown and will be ignored: [$id]&#10;    level: &quot;warning&quot;&#10;    schema: {&quot;loadingURI&quot;:&quot;#&quot;,&quot;pointer&quot;:&quot;/items/properties/category&quot;}&#10;    domain: &quot;syntax&quot;&#10;    ignored: [&quot;$id&quot;]&#10;warning: the following keywords are unknown and will be ignored: [$id, examples]&#10;    level: &quot;warning&quot;&#10;    schema: {&quot;loadingURI&quot;:&quot;#&quot;,&quot;pointer&quot;:&quot;/items/properties/category/properties/id&quot;}&#10;    domain: &quot;syntax&quot;&#10;    ignored: [&quot;$id&quot;,&quot;examples&quot;]&#10;warning: the following keywords are unknown and will be ignored: [$id, examples]&#10;    level: &quot;warning&quot;&#10;    schema: {&quot;loadingURI&quot;:&quot;#&quot;,&quot;pointer&quot;:&quot;/items/properties/category/properties/name&quot;}&#10;    domain: &quot;syntax&quot;&#10;    ignored: [&quot;$id&quot;,&quot;examples&quot;]&#10;warning: the following keywords are unknown and will be ignored: [$id, examples]&#10;    level: &quot;warning&quot;&#10;    schema: {&quot;loadingURI&quot;:&quot;#&quot;,&quot;pointer&quot;:&quot;/items/properties/id&quot;}&#10;    domain: &quot;syntax&quot;&#10;    ignored: [&quot;$id&quot;,&quot;examples&quot;]&#10;warning: the following keywords are unknown and will be ignored: [$id, examples]&#10;    level: &quot;warning&quot;&#10;    schema: {&quot;loadingURI&quot;:&quot;#&quot;,&quot;pointer&quot;:&quot;/items/properties/name&quot;}&#10;    domain: &quot;syntax&quot;&#10;    ignored: [&quot;$id&quot;,&quot;examples&quot;]&#10;warning: the following keywords are unknown and will be ignored: [$id]&#10;    level: &quot;warning&quot;&#10;    schema: {&quot;loadingURI&quot;:&quot;#&quot;,&quot;pointer&quot;:&quot;/items/properties/photoUrls&quot;}&#10;    domain: &quot;syntax&quot;&#10;    ignored: [&quot;$id&quot;]&#10;warning: the following keywords are unknown and will be ignored: [$id, examples]&#10;    level: &quot;warning&quot;&#10;    schema: {&quot;loadingURI&quot;:&quot;#&quot;,&quot;pointer&quot;:&quot;/items/properties/photoUrls/items&quot;}&#10;    domain: &quot;syntax&quot;&#10;    ignored: [&quot;$id&quot;,&quot;examples&quot;]&#10;warning: the following keywords are unknown and will be ignored: [$id, examples]&#10;    level: &quot;warning&quot;&#10;    schema: {&quot;loadingURI&quot;:&quot;#&quot;,&quot;pointer&quot;:&quot;/items/properties/status&quot;}&#10;    domain: &quot;syntax&quot;&#10;    ignored: [&quot;$id&quot;,&quot;examples&quot;]&#10;warning: the following keywords are unknown and will be ignored: [$id]&#10;    level: &quot;warning&quot;&#10;    schema: {&quot;loadingURI&quot;:&quot;#&quot;,&quot;pointer&quot;:&quot;/items/properties/tags&quot;}&#10;    domain: &quot;syntax&quot;&#10;    ignored: [&quot;$id&quot;]&#10;warning: the following keywords are unknown and will be ignored: [$id]&#10;    level: &quot;warning&quot;&#10;    schema: {&quot;loadingURI&quot;:&quot;#&quot;,&quot;pointer&quot;:&quot;/items/properties/tags/items&quot;}&#10;    domain: &quot;syntax&quot;&#10;    ignored: [&quot;$id&quot;]&#10;warning: the following keywords are unknown and will be ignored: [$id, examples]&#10;    level: &quot;warning&quot;&#10;    schema: {&quot;loadingURI&quot;:&quot;#&quot;,&quot;pointer&quot;:&quot;/items/properties/tags/items/properties/id&quot;}&#10;    domain: &quot;syntax&quot;&#10;    ignored: [&quot;$id&quot;,&quot;examples&quot;]&#10;warning: the following keywords are unknown and will be ignored: [$id, examples]&#10;    level: &quot;warning&quot;&#10;    schema: {&quot;loadingURI&quot;:&quot;#&quot;,&quot;pointer&quot;:&quot;/items/properties/tags/items/properties/name&quot;}&#10;    domain: &quot;syntax&quot;&#10;    ignored: [&quot;$id&quot;,&quot;examples&quot;]&#10;warning: the following keywords are unknown and will be ignored: [$id]&#10;    level: &quot;warning&quot;&#10;    schema: {&quot;loadingURI&quot;:&quot;#&quot;,&quot;pointer&quot;:&quot;/items/properties/category&quot;}&#10;    domain: &quot;syntax&quot;&#10;    ignored: [&quot;$id&quot;]&#10;warning: the following keywords are unknown and will be ignored: [$id, examples]&#10;    level: &quot;warning&quot;&#10;    schema: {&quot;loadingURI&quot;:&quot;#&quot;,&quot;pointer&quot;:&quot;/items/properties/category/properties/id&quot;}&#10;    domain: &quot;syntax&quot;&#10;    ignored: [&quot;$id&quot;,&quot;examples&quot;]&#10;warning: the following keywords are unknown and will be ignored: [$id, examples]&#10;    level: &quot;warning&quot;&#10;    schema: {&quot;loadingURI&quot;:&quot;#&quot;,&quot;pointer&quot;:&quot;/items/properties/category/properties/name&quot;}&#10;    domain: &quot;syntax&quot;&#10;    ignored: [&quot;$id&quot;,&quot;examples&quot;]&#10;warning: the following keywords are unknown and will be ignored: [$id, examples]&#10;    level: &quot;warning&quot;&#10;    schema: {&quot;loadingURI&quot;:&quot;#&quot;,&quot;pointer&quot;:&quot;/items/properties/category/properties/id&quot;}&#10;    domain: &quot;syntax&quot;&#10;    ignored: [&quot;$id&quot;,&quot;examples&quot;]&#10;warning: the following keywords are unknown and will be ignored: [$id, examples]&#10;    level: &quot;warning&quot;&#10;    schema: {&quot;loadingURI&quot;:&quot;#&quot;,&quot;pointer&quot;:&quot;/items/properties/category/properties/name&quot;}&#10;    domain: &quot;syntax&quot;&#10;    ignored: [&quot;$id&quot;,&quot;examples&quot;]&#10;warning: the following keywords are unknown and will be ignored: [$id, examples]&#10;    level: &quot;warning&quot;&#10;    schema: {&quot;loadingURI&quot;:&quot;#&quot;,&quot;pointer&quot;:&quot;/items/properties/id&quot;}&#10;    domain: &quot;syntax&quot;&#10;    ignored: [&quot;$id&quot;,&quot;examples&quot;]&#10;warning: the following keywords are unknown and will be ignored: [$id, examples]&#10;    level: &quot;warning&quot;&#10;    schema: {&quot;loadingURI&quot;:&quot;#&quot;,&quot;pointer&quot;:&quot;/items/properties/name&quot;}&#10;    domain: &quot;syntax&quot;&#10;    ignored: [&quot;$id&quot;,&quot;examples&quot;]&#10;warning: the following keywords are unknown and will be ignored: [$id]&#10;    level: &quot;warning&quot;&#10;    schema: {&quot;loadingURI&quot;:&quot;#&quot;,&quot;pointer&quot;:&quot;/items/properties/photoUrls&quot;}&#10;    domain: &quot;syntax&quot;&#10;    ignored: [&quot;$id&quot;]&#10;warning: the following keywords are unknown and will be ignored: [$id, examples]&#10;    level: &quot;warning&quot;&#10;    schema: {&quot;loadingURI&quot;:&quot;#&quot;,&quot;pointer&quot;:&quot;/items/properties/photoUrls/items&quot;}&#10;    domain: &quot;syntax&quot;&#10;    ignored: [&quot;$id&quot;,&quot;examples&quot;]&#10;warning: the following keywords are unknown and will be ignored: [$id, examples]&#10;    level: &quot;warning&quot;&#10;    schema: {&quot;loadingURI&quot;:&quot;#&quot;,&quot;pointer&quot;:&quot;/items/properties/photoUrls/items&quot;}&#10;    domain: &quot;syntax&quot;&#10;    ignored: [&quot;$id&quot;,&quot;examples&quot;]&#10;warning: the following keywords are unknown and will be ignored: [$id, examples]&#10;    level: &quot;warning&quot;&#10;    schema: {&quot;loadingURI&quot;:&quot;#&quot;,&quot;pointer&quot;:&quot;/items/properties/status&quot;}&#10;    domain: &quot;syntax&quot;&#10;    ignored: [&quot;$id&quot;,&quot;examples&quot;]&#10;warning: the following keywords are unknown and will be ignored: [$id]&#10;    level: &quot;warning&quot;&#10;    schema: {&quot;loadingURI&quot;:&quot;#&quot;,&quot;pointer&quot;:&quot;/items/properties/tags&quot;}&#10;    domain: &quot;syntax&quot;&#10;    ignored: [&quot;$id&quot;]&#10;warning: the following keywords are unknown and will be ignored: [$id]&#10;    level: &quot;warning&quot;&#10;    schema: {&quot;loadingURI&quot;:&quot;#&quot;,&quot;pointer&quot;:&quot;/items/properties/tags/items&quot;}&#10;    domain: &quot;syntax&quot;&#10;    ignored: [&quot;$id&quot;]&#10;warning: the following keywords are unknown and will be ignored: [$id, examples]&#10;    level: &quot;warning&quot;&#10;    schema: {&quot;loadingURI&quot;:&quot;#&quot;,&quot;pointer&quot;:&quot;/items/properties/tags/items/properties/id&quot;}&#10;    domain: &quot;syntax&quot;&#10;    ignored: [&quot;$id&quot;,&quot;examples&quot;]&#10;warning: the following keywords are unknown and will be ignored: [$id, examples]&#10;    level: &quot;warning&quot;&#10;    schema: {&quot;loadingURI&quot;:&quot;#&quot;,&quot;pointer&quot;:&quot;/items/properties/tags/items/properties/name&quot;}&#10;    domain: &quot;syntax&quot;&#10;    ignored: [&quot;$id&quot;,&quot;examples&quot;]&#10;warning: the following keywords are unknown and will be ignored: [$id]&#10;    level: &quot;warning&quot;&#10;    schema: {&quot;loadingURI&quot;:&quot;#&quot;,&quot;pointer&quot;:&quot;/items/properties/tags/items&quot;}&#10;    domain: &quot;syntax&quot;&#10;    ignored: [&quot;$id&quot;]&#10;warning: the following keywords are unknown and will be ignored: [$id, examples]&#10;    level: &quot;warning&quot;&#10;    schema: {&quot;loadingURI&quot;:&quot;#&quot;,&quot;pointer&quot;:&quot;/items/properties/tags/items/properties/id&quot;}&#10;    domain: &quot;syntax&quot;&#10;    ignored: [&quot;$id&quot;,&quot;examples&quot;]&#10;warning: the following keywords are unknown and will be ignored: [$id, examples]&#10;    level: &quot;warning&quot;&#10;    schema: {&quot;loadingURI&quot;:&quot;#&quot;,&quot;pointer&quot;:&quot;/items/properties/tags/items/properties/name&quot;}&#10;    domain: &quot;syntax&quot;&#10;    ignored: [&quot;$id&quot;,&quot;examples&quot;]&#10;warning: the following keywords are unknown and will be ignored: [$id, examples]&#10;    level: &quot;warning&quot;&#10;    schema: {&quot;loadingURI&quot;:&quot;#&quot;,&quot;pointer&quot;:&quot;/items/properties/tags/items/properties/id&quot;}&#10;    domain: &quot;syntax&quot;&#10;    ignored: [&quot;$id&quot;,&quot;examples&quot;]&#10;warning: the following keywords are unknown and will be ignored: [$id, examples]&#10;    level: &quot;warning&quot;&#10;    schema: {&quot;loadingURI&quot;:&quot;#&quot;,&quot;pointer&quot;:&quot;/items/properties/tags/items/properties/name&quot;}&#10;    domain: &quot;syntax&quot;&#10;    ignored: [&quot;$id&quot;,&quot;examples&quot;]&#10;warning: the following keywords are unknown and will be ignored: [$id]&#10;    level: &quot;warning&quot;&#10;    schema: {&quot;loadingURI&quot;:&quot;#&quot;,&quot;pointer&quot;:&quot;/items&quot;}&#10;    domain: &quot;syntax&quot;&#10;    ignored: [&quot;$id&quot;]&#10;warning: the following keywords are unknown and will be ignored: [$id]&#10;    level: &quot;warning&quot;&#10;    schema: {&quot;loadingURI&quot;:&quot;#&quot;,&quot;pointer&quot;:&quot;/items/properties/category&quot;}&#10;    domain: &quot;syntax&quot;&#10;    ignored: [&quot;$id&quot;]&#10;warning: the following keywords are unknown and will be ignored: [$id, examples]&#10;    level: &quot;warning&quot;&#10;    schema: {&quot;loadingURI&quot;:&quot;#&quot;,&quot;pointer&quot;:&quot;/items/properties/category/properties/id&quot;}&#10;    domain: &quot;syntax&quot;&#10;    ignored: [&quot;$id&quot;,&quot;examples&quot;]&#10;warning: the following keywords are unknown and will be ignored: [$id, examples]&#10;    level: &quot;warning&quot;&#10;    schema: {&quot;loadingURI&quot;:&quot;#&quot;,&quot;pointer&quot;:&quot;/items/properties/category/properties/name&quot;}&#10;    domain: &quot;syntax&quot;&#10;    ignored: [&quot;$id&quot;,&quot;examples&quot;]&#10;warning: the following keywords are unknown and will be ignored: [$id, examples]&#10;    level: &quot;warning&quot;&#10;    schema: {&quot;loadingURI&quot;:&quot;#&quot;,&quot;pointer&quot;:&quot;/items/properties/id&quot;}&#10;    domain: &quot;syntax&quot;&#10;    ignored: [&quot;$id&quot;,&quot;examples&quot;]&#10;warning: the following keywords are unknown and will be ignored: [$id, examples]&#10;    level: &quot;warning&quot;&#10;    schema: {&quot;loadingURI&quot;:&quot;#&quot;,&quot;pointer&quot;:&quot;/items/properties/name&quot;}&#10;    domain: &quot;syntax&quot;&#10;    ignored: [&quot;$id&quot;,&quot;examples&quot;]&#10;warning: the following keywords are unknown and will be ignored: [$id]&#10;    level: &quot;warning&quot;&#10;    schema: {&quot;loadingURI&quot;:&quot;#&quot;,&quot;pointer&quot;:&quot;/items/properties/photoUrls&quot;}&#10;    domain: &quot;syntax&quot;&#10;    ignored: [&quot;$id&quot;]&#10;warning: the following keywords are unknown and will be ignored: [$id, examples]&#10;    level: &quot;warning&quot;&#10;    schema: {&quot;loadingURI&quot;:&quot;#&quot;,&quot;pointer&quot;:&quot;/items/properties/photoUrls/items&quot;}&#10;    domain: &quot;syntax&quot;&#10;    ignored: [&quot;$id&quot;,&quot;examples&quot;]&#10;warning: the following keywords are unknown and will be ignored: [$id, examples]&#10;    level: &quot;warning&quot;&#10;    schema: {&quot;loadingURI&quot;:&quot;#&quot;,&quot;pointer&quot;:&quot;/items/properties/status&quot;}&#10;    domain: &quot;syntax&quot;&#10;    ignored: [&quot;$id&quot;,&quot;examples&quot;]&#10;warning: the following keywords are unknown and will be ignored: [$id]&#10;    level: &quot;warning&quot;&#10;    schema: {&quot;loadingURI&quot;:&quot;#&quot;,&quot;pointer&quot;:&quot;/items/properties/tags&quot;}&#10;    domain: &quot;syntax&quot;&#10;    ignored: [&quot;$id&quot;]&#10;warning: the following keywords are unknown and will be ignored: [$id]&#10;    level: &quot;warning&quot;&#10;    schema: {&quot;loadingURI&quot;:&quot;#&quot;,&quot;pointer&quot;:&quot;/items/properties/tags/items&quot;}&#10;    domain: &quot;syntax&quot;&#10;    ignored: [&quot;$id&quot;]&#10;warning: the following keywords are unknown and will be ignored: [$id, examples]&#10;    level: &quot;warning&quot;&#10;    schema: {&quot;loadingURI&quot;:&quot;#&quot;,&quot;pointer&quot;:&quot;/items/properties/tags/items/properties/id&quot;}&#10;    domain: &quot;syntax&quot;&#10;    ignored: [&quot;$id&quot;,&quot;examples&quot;]&#10;warning: the following keywords are unknown and will be ignored: [$id, examples]&#10;    level: &quot;warning&quot;&#10;    schema: {&quot;loadingURI&quot;:&quot;#&quot;,&quot;pointer&quot;:&quot;/items/properties/tags/items/properties/name&quot;}&#10;    domain: &quot;syntax&quot;&#10;    ignored: [&quot;$id&quot;,&quot;examples&quot;]&#10;warning: the following keywords are unknown and will be ignored: [$id]&#10;    level: &quot;warning&quot;&#10;    schema: {&quot;loadingURI&quot;:&quot;#&quot;,&quot;pointer&quot;:&quot;/items/properties/category&quot;}&#10;    domain: &quot;syntax&quot;&#10;    ignored: [&quot;$id&quot;]&#10;warning: the following keywords are unknown and will be ignored: [$id, examples]&#10;    level: &quot;warning&quot;&#10;    schema: {&quot;loadingURI&quot;:&quot;#&quot;,&quot;pointer&quot;:&quot;/items/properties/category/properties/id&quot;}&#10;    domain: &quot;syntax&quot;&#10;    ignored: [&quot;$id&quot;,&quot;examples&quot;]&#10;warning: the following keywords are unknown and will be ignored: [$id, examples]&#10;    level: &quot;warning&quot;&#10;    schema: {&quot;loadingURI&quot;:&quot;#&quot;,&quot;pointer&quot;:&quot;/items/properties/category/properties/name&quot;}&#10;    domain: &quot;syntax&quot;&#10;    ignored: [&quot;$id&quot;,&quot;examples&quot;]&#10;warning: the following keywords are unknown and will be ignored: [$id, examples]&#10;    level: &quot;warning&quot;&#10;    schema: {&quot;loadingURI&quot;:&quot;#&quot;,&quot;pointer&quot;:&quot;/items/properties/category/properties/id&quot;}&#10;    domain: &quot;syntax&quot;&#10;    ignored: [&quot;$id&quot;,&quot;examples&quot;]&#10;warning: the following keywords are unknown and will be ignored: [$id, examples]&#10;    level: &quot;warning&quot;&#10;    schema: {&quot;loadingURI&quot;:&quot;#&quot;,&quot;pointer&quot;:&quot;/items/properties/category/properties/name&quot;}&#10;    domain: &quot;syntax&quot;&#10;    ignored: [&quot;$id&quot;,&quot;examples&quot;]&#10;warning: the following keywords are unknown and will be ignored: [$id, examples]&#10;    level: &quot;warning&quot;&#10;    schema: {&quot;loadingURI&quot;:&quot;#&quot;,&quot;pointer&quot;:&quot;/items/properties/id&quot;}&#10;    domain: &quot;syntax&quot;&#10;    ignored: [&quot;$id&quot;,&quot;examples&quot;]&#10;warning: the following keywords are unknown and will be ignored: [$id, examples]&#10;    level: &quot;warning&quot;&#10;    schema: {&quot;loadingURI&quot;:&quot;#&quot;,&quot;pointer&quot;:&quot;/items/properties/name&quot;}&#10;    domain: &quot;syntax&quot;&#10;    ignored: [&quot;$id&quot;,&quot;examples&quot;]&#10;warning: the following keywords are unknown and will be ignored: [$id]&#10;    level: &quot;warning&quot;&#10;    schema: {&quot;loadingURI&quot;:&quot;#&quot;,&quot;pointer&quot;:&quot;/items/properties/photoUrls&quot;}&#10;    domain: &quot;syntax&quot;&#10;    ignored: [&quot;$id&quot;]&#10;warning: the following keywords are unknown and will be ignored: [$id, examples]&#10;    level: &quot;warning&quot;&#10;    schema: {&quot;loadingURI&quot;:&quot;#&quot;,&quot;pointer&quot;:&quot;/items/properties/photoUrls/items&quot;}&#10;    domain: &quot;syntax&quot;&#10;    ignored: [&quot;$id&quot;,&quot;examples&quot;]&#10;warning: the following keywords are unknown and will be ignored: [$id, examples]&#10;    level: &quot;warning&quot;&#10;    schema: {&quot;loadingURI&quot;:&quot;#&quot;,&quot;pointer&quot;:&quot;/items/properties/photoUrls/items&quot;}&#10;    domain: &quot;syntax&quot;&#10;    ignored: [&quot;$id&quot;,&quot;examples&quot;]&#10;warning: the following keywords are unknown and will be ignored: [$id, examples]&#10;    level: &quot;warning&quot;&#10;    schema: {&quot;loadingURI&quot;:&quot;#&quot;,&quot;pointer&quot;:&quot;/items/properties/status&quot;}&#10;    domain: &quot;syntax&quot;&#10;    ignored: [&quot;$id&quot;,&quot;examples&quot;]&#10;warning: the following keywords are unknown and will be ignored: [$id]&#10;    level: &quot;warning&quot;&#10;    schema: {&quot;loadingURI&quot;:&quot;#&quot;,&quot;pointer&quot;:&quot;/items/properties/tags&quot;}&#10;    domain: &quot;syntax&quot;&#10;    ignored: [&quot;$id&quot;]&#10;warning: the following keywords are unknown and will be ignored: [$id]&#10;    level: &quot;warning&quot;&#10;    schema: {&quot;loadingURI&quot;:&quot;#&quot;,&quot;pointer&quot;:&quot;/items/properties/tags/items&quot;}&#10;    domain: &quot;syntax&quot;&#10;    ignored: [&quot;$id&quot;]&#10;warning: the following keywords are unknown and will be ignored: [$id, examples]&#10;    level: &quot;warning&quot;&#10;    schema: {&quot;loadingURI&quot;:&quot;#&quot;,&quot;pointer&quot;:&quot;/items/properties/tags/items/properties/id&quot;}&#10;    domain: &quot;syntax&quot;&#10;    ignored: [&quot;$id&quot;,&quot;examples&quot;]&#10;warning: the following keywords are unknown and will be ignored: [$id, examples]&#10;    level: &quot;warning&quot;&#10;    schema: {&quot;loadingURI&quot;:&quot;#&quot;,&quot;pointer&quot;:&quot;/items/properties/tags/items/properties/name&quot;}&#10;    domain: &quot;syntax&quot;&#10;    ignored: [&quot;$id&quot;,&quot;examples&quot;]&#10;warning: the following keywords are unknown and will be ignored: [$id]&#10;    level: &quot;warning&quot;&#10;    schema: {&quot;loadingURI&quot;:&quot;#&quot;,&quot;pointer&quot;:&quot;/items/properties/tags/items&quot;}&#10;    domain: &quot;syntax&quot;&#10;    ignored: [&quot;$id&quot;]&#10;warning: the following keywords are unknown and will be ignored: [$id, examples]&#10;    level: &quot;warning&quot;&#10;    schema: {&quot;loadingURI&quot;:&quot;#&quot;,&quot;pointer&quot;:&quot;/items/properties/tags/items/properties/id&quot;}&#10;    domain: &quot;syntax&quot;&#10;    ignored: [&quot;$id&quot;,&quot;examples&quot;]&#10;warning: the following keywords are unknown and will be ignored: [$id, examples]&#10;    level: &quot;warning&quot;&#10;    schema: {&quot;loadingURI&quot;:&quot;#&quot;,&quot;pointer&quot;:&quot;/items/properties/tags/items/properties/name&quot;}&#10;    domain: &quot;syntax&quot;&#10;    ignored: [&quot;$id&quot;,&quot;examples&quot;]&#10;warning: the following keywords are unknown and will be ignored: [$id, examples]&#10;    level: &quot;warning&quot;&#10;    schema: {&quot;loadingURI&quot;:&quot;#&quot;,&quot;pointer&quot;:&quot;/items/properties/tags/items/properties/id&quot;}&#10;    domain: &quot;syntax&quot;&#10;    ignored: [&quot;$id&quot;,&quot;examples&quot;]&#10;warning: the following keywords are unknown and will be ignored: [$id, examples]&#10;    level: &quot;warning&quot;&#10;    schema: {&quot;loadingURI&quot;:&quot;#&quot;,&quot;pointer&quot;:&quot;/items/properties/tags/items/properties/name&quot;}&#10;    domain: &quot;syntax&quot;&#10;    ignored: [&quot;$id&quot;,&quot;examples&quot;]&#10;warning: the following keywords are unknown and will be ignored: [$id]&#10;    level: &quot;warning&quot;&#10;    schema: {&quot;loadingURI&quot;:&quot;#&quot;,&quot;pointer&quot;:&quot;/items&quot;}&#10;    domain: &quot;syntax&quot;&#10;    ignored: [&quot;$id&quot;]&#10;warning: the following keywords are unknown and will be ignored: [$id]&#10;    level: &quot;warning&quot;&#10;    schema: {&quot;loadingURI&quot;:&quot;#&quot;,&quot;pointer&quot;:&quot;/items/properties/category&quot;}&#10;    domain: &quot;syntax&quot;&#10;    ignored: [&quot;$id&quot;]&#10;warning: the following keywords are unknown and will be ignored: [$id, examples]&#10;    level: &quot;warning&quot;&#10;    schema: {&quot;loadingURI&quot;:&quot;#&quot;,&quot;pointer&quot;:&quot;/items/properties/category/properties/id&quot;}&#10;    domain: &quot;syntax&quot;&#10;    ignored: [&quot;$id&quot;,&quot;examples&quot;]&#10;warning: the following keywords are unknown and will be ignored: [$id, examples]&#10;    level: &quot;warning&quot;&#10;    schema: {&quot;loadingURI&quot;:&quot;#&quot;,&quot;pointer&quot;:&quot;/items/properties/category/properties/name&quot;}&#10;    domain: &quot;syntax&quot;&#10;    ignored: [&quot;$id&quot;,&quot;examples&quot;]&#10;warning: the following keywords are unknown and will be ignored: [$id, examples]&#10;    level: &quot;warning&quot;&#10;    schema: {&quot;loadingURI&quot;:&quot;#&quot;,&quot;pointer&quot;:&quot;/items/properties/id&quot;}&#10;    domain: &quot;syntax&quot;&#10;    ignored: [&quot;$id&quot;,&quot;examples&quot;]&#10;warning: the following keywords are unknown and will be ignored: [$id, examples]&#10;    level: &quot;warning&quot;&#10;    schema: {&quot;loadingURI&quot;:&quot;#&quot;,&quot;pointer&quot;:&quot;/items/properties/name&quot;}&#10;    domain: &quot;syntax&quot;&#10;    ignored: [&quot;$id&quot;,&quot;examples&quot;]&#10;warning: the following keywords are unknown and will be ignored: [$id]&#10;    level: &quot;warning&quot;&#10;    schema: {&quot;loadingURI&quot;:&quot;#&quot;,&quot;pointer&quot;:&quot;/items/properties/photoUrls&quot;}&#10;    domain: &quot;syntax&quot;&#10;    ignored: [&quot;$id&quot;]&#10;warning: the following keywords are unknown and will be ignored: [$id, examples]&#10;    level: &quot;warning&quot;&#10;    schema: {&quot;loadingURI&quot;:&quot;#&quot;,&quot;pointer&quot;:&quot;/items/properties/photoUrls/items&quot;}&#10;    domain: &quot;syntax&quot;&#10;    ignored: [&quot;$id&quot;,&quot;examples&quot;]&#10;warning: the following keywords are unknown and will be ignored: [$id, examples]&#10;    level: &quot;warning&quot;&#10;    schema: {&quot;loadingURI&quot;:&quot;#&quot;,&quot;pointer&quot;:&quot;/items/properties/status&quot;}&#10;    domain: &quot;syntax&quot;&#10;    ignored: [&quot;$id&quot;,&quot;examples&quot;]&#10;warning: the following keywords are unknown and will be ignored: [$id]&#10;    level: &quot;warning&quot;&#10;    schema: {&quot;loadingURI&quot;:&quot;#&quot;,&quot;pointer&quot;:&quot;/items/properties/tags&quot;}&#10;    domain: &quot;syntax&quot;&#10;    ignored: [&quot;$id&quot;]&#10;warning: the following keywords are unknown and will be ignored: [$id]&#10;    level: &quot;warning&quot;&#10;    schema: {&quot;loadingURI&quot;:&quot;#&quot;,&quot;pointer&quot;:&quot;/items/properties/tags/items&quot;}&#10;    domain: &quot;syntax&quot;&#10;    ignored: [&quot;$id&quot;]&#10;warning: the following keywords are unknown and will be ignored: [$id, examples]&#10;    level: &quot;warning&quot;&#10;    schema: {&quot;loadingURI&quot;:&quot;#&quot;,&quot;pointer&quot;:&quot;/items/properties/tags/items/properties/id&quot;}&#10;    domain: &quot;syntax&quot;&#10;    ignored: [&quot;$id&quot;,&quot;examples&quot;]&#10;warning: the following keywords are unknown and will be ignored: [$id, examples]&#10;    level: &quot;warning&quot;&#10;    schema: {&quot;loadingURI&quot;:&quot;#&quot;,&quot;pointer&quot;:&quot;/items/properties/tags/items/properties/name&quot;}&#10;    domain: &quot;syntax&quot;&#10;    ignored: [&quot;$id&quot;,&quot;examples&quot;]&#10;warning: the following keywords are unknown and will be ignored: [$id]&#10;    level: &quot;warning&quot;&#10;    schema: {&quot;loadingURI&quot;:&quot;#&quot;,&quot;pointer&quot;:&quot;/items/properties/category&quot;}&#10;    domain: &quot;syntax&quot;&#10;    ignored: [&quot;$id&quot;]&#10;warning: the following keywords are unknown and will be ignored: [$id, examples]&#10;    level: &quot;warning&quot;&#10;    schema: {&quot;loadingURI&quot;:&quot;#&quot;,&quot;pointer&quot;:&quot;/items/properties/category/properties/id&quot;}&#10;    domain: &quot;syntax&quot;&#10;    ignored: [&quot;$id&quot;,&quot;examples&quot;]&#10;warning: the following keywords are unknown and will be ignored: [$id, examples]&#10;    level: &quot;warning&quot;&#10;    schema: {&quot;loadingURI&quot;:&quot;#&quot;,&quot;pointer&quot;:&quot;/items/properties/category/properties/name&quot;}&#10;    domain: &quot;syntax&quot;&#10;    ignored: [&quot;$id&quot;,&quot;examples&quot;]&#10;warning: the following keywords are unknown and will be ignored: [$id, examples]&#10;    level: &quot;warning&quot;&#10;    schema: {&quot;loadingURI&quot;:&quot;#&quot;,&quot;pointer&quot;:&quot;/items/properties/category/properties/id&quot;}&#10;    domain: &quot;syntax&quot;&#10;    ignored: [&quot;$id&quot;,&quot;examples&quot;]&#10;warning: the following keywords are unknown and will be ignored: [$id, examples]&#10;    level: &quot;warning&quot;&#10;    schema: {&quot;loadingURI&quot;:&quot;#&quot;,&quot;pointer&quot;:&quot;/items/properties/category/properties/name&quot;}&#10;    domain: &quot;syntax&quot;&#10;    ignored: [&quot;$id&quot;,&quot;examples&quot;]&#10;warning: the following keywords are unknown and will be ignored: [$id, examples]&#10;    level: &quot;warning&quot;&#10;    schema: {&quot;loadingURI&quot;:&quot;#&quot;,&quot;pointer&quot;:&quot;/items/properties/id&quot;}&#10;    domain: &quot;syntax&quot;&#10;    ignored: [&quot;$id&quot;,&quot;examples&quot;]&#10;warning: the following keywords are unknown and will be ignored: [$id, examples]&#10;    level: &quot;warning&quot;&#10;    schema: {&quot;loadingURI&quot;:&quot;#&quot;,&quot;pointer&quot;:&quot;/items/properties/name&quot;}&#10;    domain: &quot;syntax&quot;&#10;    ignored: [&quot;$id&quot;,&quot;examples&quot;]&#10;warning: the following keywords are unknown and will be ignored: [$id]&#10;    level: &quot;warning&quot;&#10;    schema: {&quot;loadingURI&quot;:&quot;#&quot;,&quot;pointer&quot;:&quot;/items/properties/photoUrls&quot;}&#10;    domain: &quot;syntax&quot;&#10;    ignored: [&quot;$id&quot;]&#10;warning: the following keywords are unknown and will be ignored: [$id, examples]&#10;    level: &quot;warning&quot;&#10;    schema: {&quot;loadingURI&quot;:&quot;#&quot;,&quot;pointer&quot;:&quot;/items/properties/photoUrls/items&quot;}&#10;    domain: &quot;syntax&quot;&#10;    ignored: [&quot;$id&quot;,&quot;examples&quot;]&#10;warning: the following keywords are unknown and will be ignored: [$id, examples]&#10;    level: &quot;warning&quot;&#10;    schema: {&quot;loadingURI&quot;:&quot;#&quot;,&quot;pointer&quot;:&quot;/items/properties/photoUrls/items&quot;}&#10;    domain: &quot;syntax&quot;&#10;    ignored: [&quot;$id&quot;,&quot;examples&quot;]&#10;warning: the following keywords are unknown and will be ignored: [$id, examples]&#10;    level: &quot;warning&quot;&#10;    schema: {&quot;loadingURI&quot;:&quot;#&quot;,&quot;pointer&quot;:&quot;/items/properties/status&quot;}&#10;    domain: &quot;syntax&quot;&#10;    ignored: [&quot;$id&quot;,&quot;examples&quot;]&#10;warning: the following keywords are unknown and will be ignored: [$id]&#10;    level: &quot;warning&quot;&#10;    schema: {&quot;loadingURI&quot;:&quot;#&quot;,&quot;pointer&quot;:&quot;/items/properties/tags&quot;}&#10;    domain: &quot;syntax&quot;&#10;    ignored: [&quot;$id&quot;]&#10;warning: the following keywords are unknown and will be ignored: [$id]&#10;    level: &quot;warning&quot;&#10;    schema: {&quot;loadingURI&quot;:&quot;#&quot;,&quot;pointer&quot;:&quot;/items/properties/tags/items&quot;}&#10;    domain: &quot;syntax&quot;&#10;    ignored: [&quot;$id&quot;]&#10;warning: the following keywords are unknown and will be ignored: [$id, examples]&#10;    level: &quot;warning&quot;&#10;    schema: {&quot;loadingURI&quot;:&quot;#&quot;,&quot;pointer&quot;:&quot;/items/properties/tags/items/properties/id&quot;}&#10;    domain: &quot;syntax&quot;&#10;    ignored: [&quot;$id&quot;,&quot;examples&quot;]&#10;warning: the following keywords are unknown and will be ignored: [$id, examples]&#10;    level: &quot;warning&quot;&#10;    schema: {&quot;loadingURI&quot;:&quot;#&quot;,&quot;pointer&quot;:&quot;/items/properties/tags/items/properties/name&quot;}&#10;    domain: &quot;syntax&quot;&#10;    ignored: [&quot;$id&quot;,&quot;examples&quot;]&#10;warning: the following keywords are unknown and will be ignored: [$id]&#10;    level: &quot;warning&quot;&#10;    schema: {&quot;loadingURI&quot;:&quot;#&quot;,&quot;pointer&quot;:&quot;/items/properties/tags/items&quot;}&#10;    domain: &quot;syntax&quot;&#10;    ignored: [&quot;$id&quot;]&#10;warning: the following keywords are unknown and will be ignored: [$id, examples]&#10;    level: &quot;warning&quot;&#10;    schema: {&quot;loadingURI&quot;:&quot;#&quot;,&quot;pointer&quot;:&quot;/items/properties/tags/items/properties/id&quot;}&#10;    domain: &quot;syntax&quot;&#10;    ignored: [&quot;$id&quot;,&quot;examples&quot;]&#10;warning: the following keywords are unknown and will be ignored: [$id, examples]&#10;    level: &quot;warning&quot;&#10;    schema: {&quot;loadingURI&quot;:&quot;#&quot;,&quot;pointer&quot;:&quot;/items/properties/tags/items/properties/name&quot;}&#10;    domain: &quot;syntax&quot;&#10;    ignored: [&quot;$id&quot;,&quot;examples&quot;]&#10;warning: the following keywords are unknown and will be ignored: [$id, examples]&#10;    level: &quot;warning&quot;&#10;    schema: {&quot;loadingURI&quot;:&quot;#&quot;,&quot;pointer&quot;:&quot;/items/properties/tags/items/properties/id&quot;}&#10;    domain: &quot;syntax&quot;&#10;    ignored: [&quot;$id&quot;,&quot;examples&quot;]&#10;warning: the following keywords are unknown and will be ignored: [$id, examples]&#10;    level: &quot;warning&quot;&#10;    schema: {&quot;loadingURI&quot;:&quot;#&quot;,&quot;pointer&quot;:&quot;/items/properties/tags/items/properties/name&quot;}&#10;    domain: &quot;syntax&quot;&#10;    ignored: [&quot;$id&quot;,&quot;examples&quot;]&#10;warning: the following keywords are unknown and will be ignored: [$id]&#10;    level: &quot;warning&quot;&#10;    schema: {&quot;loadingURI&quot;:&quot;#&quot;,&quot;pointer&quot;:&quot;/items&quot;}&#10;    domain: &quot;syntax&quot;&#10;    ignored: [&quot;$id&quot;]&#10;warning: the following keywords are unknown and will be ignored: [$id]&#10;    level: &quot;warning&quot;&#10;    schema: {&quot;loadingURI&quot;:&quot;#&quot;,&quot;pointer&quot;:&quot;/items/properties/category&quot;}&#10;    domain: &quot;syntax&quot;&#10;    ignored: [&quot;$id&quot;]&#10;warning: the following keywords are unknown and will be ignored: [$id, examples]&#10;    level: &quot;warning&quot;&#10;    schema: {&quot;loadingURI&quot;:&quot;#&quot;,&quot;pointer&quot;:&quot;/items/properties/category/properties/id&quot;}&#10;    domain: &quot;syntax&quot;&#10;    ignored: [&quot;$id&quot;,&quot;examples&quot;]&#10;warning: the following keywords are unknown and will be ignored: [$id, examples]&#10;    level: &quot;warning&quot;&#10;    schema: {&quot;loadingURI&quot;:&quot;#&quot;,&quot;pointer&quot;:&quot;/items/properties/category/properties/name&quot;}&#10;    domain: &quot;syntax&quot;&#10;    ignored: [&quot;$id&quot;,&quot;examples&quot;]&#10;warning: the following keywords are unknown and will be ignored: [$id, examples]&#10;    level: &quot;warning&quot;&#10;    schema: {&quot;loadingURI&quot;:&quot;#&quot;,&quot;pointer&quot;:&quot;/items/properties/id&quot;}&#10;    domain: &quot;syntax&quot;&#10;    ignored: [&quot;$id&quot;,&quot;examples&quot;]&#10;warning: the following keywords are unknown and will be ignored: [$id, examples]&#10;    level: &quot;warning&quot;&#10;    schema: {&quot;loadingURI&quot;:&quot;#&quot;,&quot;pointer&quot;:&quot;/items/properties/name&quot;}&#10;    domain: &quot;syntax&quot;&#10;    ignored: [&quot;$id&quot;,&quot;examples&quot;]&#10;warning: the following keywords are unknown and will be ignored: [$id]&#10;    level: &quot;warning&quot;&#10;    schema: {&quot;loadingURI&quot;:&quot;#&quot;,&quot;pointer&quot;:&quot;/items/properties/photoUrls&quot;}&#10;    domain: &quot;syntax&quot;&#10;    ignored: [&quot;$id&quot;]&#10;warning: the following keywords are unknown and will be ignored: [$id, examples]&#10;    level: &quot;warning&quot;&#10;    schema: {&quot;loadingURI&quot;:&quot;#&quot;,&quot;pointer&quot;:&quot;/items/properties/photoUrls/items&quot;}&#10;    domain: &quot;syntax&quot;&#10;    ignored: [&quot;$id&quot;,&quot;examples&quot;]&#10;warning: the following keywords are unknown and will be ignored: [$id, examples]&#10;    level: &quot;warning&quot;&#10;    schema: {&quot;loadingURI&quot;:&quot;#&quot;,&quot;pointer&quot;:&quot;/items/properties/status&quot;}&#10;    domain: &quot;syntax&quot;&#10;    ignored: [&quot;$id&quot;,&quot;examples&quot;]&#10;warning: the following keywords are unknown and will be ignored: [$id]&#10;    level: &quot;warning&quot;&#10;    schema: {&quot;loadingURI&quot;:&quot;#&quot;,&quot;pointer&quot;:&quot;/items/properties/tags&quot;}&#10;    domain: &quot;syntax&quot;&#10;    ignored: [&quot;$id&quot;]&#10;warning: the following keywords are unknown and will be ignored: [$id]&#10;    level: &quot;warning&quot;&#10;    schema: {&quot;loadingURI&quot;:&quot;#&quot;,&quot;pointer&quot;:&quot;/items/properties/tags/items&quot;}&#10;    domain: &quot;syntax&quot;&#10;    ignored: [&quot;$id&quot;]&#10;warning: the following keywords are unknown and will be ignored: [$id, examples]&#10;    level: &quot;warning&quot;&#10;    schema: {&quot;loadingURI&quot;:&quot;#&quot;,&quot;pointer&quot;:&quot;/items/properties/tags/items/properties/id&quot;}&#10;    domain: &quot;syntax&quot;&#10;    ignored: [&quot;$id&quot;,&quot;examples&quot;]&#10;warning: the following keywords are unknown and will be ignored: [$id, examples]&#10;    level: &quot;warning&quot;&#10;    schema: {&quot;loadingURI&quot;:&quot;#&quot;,&quot;pointer&quot;:&quot;/items/properties/tags/items/properties/name&quot;}&#10;    domain: &quot;syntax&quot;&#10;    ignored: [&quot;$id&quot;,&quot;examples&quot;]&#10;warning: the following keywords are unknown and will be ignored: [$id]&#10;    level: &quot;warning&quot;&#10;    schema: {&quot;loadingURI&quot;:&quot;#&quot;,&quot;pointer&quot;:&quot;/items/properties/category&quot;}&#10;    domain: &quot;syntax&quot;&#10;    ignored: [&quot;$id&quot;]&#10;warning: the following keywords are unknown and will be ignored: [$id, examples]&#10;    level: &quot;warning&quot;&#10;    schema: {&quot;loadingURI&quot;:&quot;#&quot;,&quot;pointer&quot;:&quot;/items/properties/category/properties/id&quot;}&#10;    domain: &quot;syntax&quot;&#10;    ignored: [&quot;$id&quot;,&quot;examples&quot;]&#10;warning: the following keywords are unknown and will be ignored: [$id, examples]&#10;    level: &quot;warning&quot;&#10;    schema: {&quot;loadingURI&quot;:&quot;#&quot;,&quot;pointer&quot;:&quot;/items/properties/category/properties/name&quot;}&#10;    domain: &quot;syntax&quot;&#10;    ignored: [&quot;$id&quot;,&quot;examples&quot;]&#10;warning: the following keywords are unknown and will be ignored: [$id, examples]&#10;    level: &quot;warning&quot;&#10;    schema: {&quot;loadingURI&quot;:&quot;#&quot;,&quot;pointer&quot;:&quot;/items/properties/category/properties/id&quot;}&#10;    domain: &quot;syntax&quot;&#10;    ignored: [&quot;$id&quot;,&quot;examples&quot;]&#10;warning: the following keywords are unknown and will be ignored: [$id, examples]&#10;    level: &quot;warning&quot;&#10;    schema: {&quot;loadingURI&quot;:&quot;#&quot;,&quot;pointer&quot;:&quot;/items/properties/category/properties/name&quot;}&#10;    domain: &quot;syntax&quot;&#10;    ignored: [&quot;$id&quot;,&quot;examples&quot;]&#10;warning: the following keywords are unknown and will be ignored: [$id, examples]&#10;    level: &quot;warning&quot;&#10;    schema: {&quot;loadingURI&quot;:&quot;#&quot;,&quot;pointer&quot;:&quot;/items/properties/id&quot;}&#10;    domain: &quot;syntax&quot;&#10;    ignored: [&quot;$id&quot;,&quot;examples&quot;]&#10;warning: the following keywords are unknown and will be ignored: [$id, examples]&#10;    level: &quot;warning&quot;&#10;    schema: {&quot;loadingURI&quot;:&quot;#&quot;,&quot;pointer&quot;:&quot;/items/properties/name&quot;}&#10;    domain: &quot;syntax&quot;&#10;    ignored: [&quot;$id&quot;,&quot;examples&quot;]&#10;warning: the following keywords are unknown and will be ignored: [$id]&#10;    level: &quot;warning&quot;&#10;    schema: {&quot;loadingURI&quot;:&quot;#&quot;,&quot;pointer&quot;:&quot;/items/properties/photoUrls&quot;}&#10;    domain: &quot;syntax&quot;&#10;    ignored: [&quot;$id&quot;]&#10;warning: the following keywords are unknown and will be ignored: [$id, examples]&#10;    level: &quot;warning&quot;&#10;    schema: {&quot;loadingURI&quot;:&quot;#&quot;,&quot;pointer&quot;:&quot;/items/properties/photoUrls/items&quot;}&#10;    domain: &quot;syntax&quot;&#10;    ignored: [&quot;$id&quot;,&quot;examples&quot;]&#10;warning: the following keywords are unknown and will be ignored: [$id, examples]&#10;    level: &quot;warning&quot;&#10;    schema: {&quot;loadingURI&quot;:&quot;#&quot;,&quot;pointer&quot;:&quot;/items/properties/photoUrls/items&quot;}&#10;    domain: &quot;syntax&quot;&#10;    ignored: [&quot;$id&quot;,&quot;examples&quot;]&#10;warning: the following keywords are unknown and will be ignored: [$id, examples]&#10;    level: &quot;warning&quot;&#10;    schema: {&quot;loadingURI&quot;:&quot;#&quot;,&quot;pointer&quot;:&quot;/items/properties/status&quot;}&#10;    domain: &quot;syntax&quot;&#10;    ignored: [&quot;$id&quot;,&quot;examples&quot;]&#10;warning: the following keywords are unknown and will be ignored: [$id]&#10;    level: &quot;warning&quot;&#10;    schema: {&quot;loadingURI&quot;:&quot;#&quot;,&quot;pointer&quot;:&quot;/items/properties/tags&quot;}&#10;    domain: &quot;syntax&quot;&#10;    ignored: [&quot;$id&quot;]&#10;warning: the following keywords are unknown and will be ignored: [$id]&#10;    level: &quot;warning&quot;&#10;    schema: {&quot;loadingURI&quot;:&quot;#&quot;,&quot;pointer&quot;:&quot;/items/properties/tags/items&quot;}&#10;    domain: &quot;syntax&quot;&#10;    ignored: [&quot;$id&quot;]&#10;warning: the following keywords are unknown and will be ignored: [$id, examples]&#10;    level: &quot;warning&quot;&#10;    schema: {&quot;loadingURI&quot;:&quot;#&quot;,&quot;pointer&quot;:&quot;/items/properties/tags/items/properties/id&quot;}&#10;    domain: &quot;syntax&quot;&#10;    ignored: [&quot;$id&quot;,&quot;examples&quot;]&#10;warning: the following keywords are unknown and will be ignored: [$id, examples]&#10;    level: &quot;warning&quot;&#10;    schema: {&quot;loadingURI&quot;:&quot;#&quot;,&quot;pointer&quot;:&quot;/items/properties/tags/items/properties/name&quot;}&#10;    domain: &quot;syntax&quot;&#10;    ignored: [&quot;$id&quot;,&quot;examples&quot;]&#10;warning: the following keywords are unknown and will be ignored: [$id]&#10;    level: &quot;warning&quot;&#10;    schema: {&quot;loadingURI&quot;:&quot;#&quot;,&quot;pointer&quot;:&quot;/items/properties/tags/items&quot;}&#10;    domain: &quot;syntax&quot;&#10;    ignored: [&quot;$id&quot;]&#10;warning: the following keywords are unknown and will be ignored: [$id, examples]&#10;    level: &quot;warning&quot;&#10;    schema: {&quot;loadingURI&quot;:&quot;#&quot;,&quot;pointer&quot;:&quot;/items/properties/tags/items/properties/id&quot;}&#10;    domain: &quot;syntax&quot;&#10;    ignored: [&quot;$id&quot;,&quot;examples&quot;]&#10;warning: the following keywords are unknown and will be ignored: [$id, examples]&#10;    level: &quot;warning&quot;&#10;    schema: {&quot;loadingURI&quot;:&quot;#&quot;,&quot;pointer&quot;:&quot;/items/properties/tags/items/properties/name&quot;}&#10;    domain: &quot;syntax&quot;&#10;    ignored: [&quot;$id&quot;,&quot;examples&quot;]&#10;warning: the following keywords are unknown and will be ignored: [$id, examples]&#10;    level: &quot;warning&quot;&#10;    schema: {&quot;loadingURI&quot;:&quot;#&quot;,&quot;pointer&quot;:&quot;/items/properties/tags/items/properties/id&quot;}&#10;    domain: &quot;syntax&quot;&#10;    ignored: [&quot;$id&quot;,&quot;examples&quot;]&#10;warning: the following keywords are unknown and will be ignored: [$id, examples]&#10;    level: &quot;warning&quot;&#10;    schema: {&quot;loadingURI&quot;:&quot;#&quot;,&quot;pointer&quot;:&quot;/items/properties/tags/items/properties/name&quot;}&#10;    domain: &quot;syntax&quot;&#10;    ignored: [&quot;$id&quot;,&quot;examples&quot;]&#10;warning: the following keywords are unknown and will be ignored: [$id]&#10;    level: &quot;warning&quot;&#10;    schema: {&quot;loadingURI&quot;:&quot;#&quot;,&quot;pointer&quot;:&quot;/items&quot;}&#10;    domain: &quot;syntax&quot;&#10;    ignored: [&quot;$id&quot;]&#10;warning: the following keywords are unknown and will be ignored: [$id]&#10;    level: &quot;warning&quot;&#10;    schema: {&quot;loadingURI&quot;:&quot;#&quot;,&quot;pointer&quot;:&quot;/items/properties/category&quot;}&#10;    domain: &quot;syntax&quot;&#10;    ignored: [&quot;$id&quot;]&#10;warning: the following keywords are unknown and will be ignored: [$id, examples]&#10;    level: &quot;warning&quot;&#10;    schema: {&quot;loadingURI&quot;:&quot;#&quot;,&quot;pointer&quot;:&quot;/items/properties/category/properties/id&quot;}&#10;    domain: &quot;syntax&quot;&#10;    ignored: [&quot;$id&quot;,&quot;examples&quot;]&#10;warning: the following keywords are unknown and will be ignored: [$id, examples]&#10;    level: &quot;warning&quot;&#10;    schema: {&quot;loadingURI&quot;:&quot;#&quot;,&quot;pointer&quot;:&quot;/items/properties/category/properties/name&quot;}&#10;    domain: &quot;syntax&quot;&#10;    ignored: [&quot;$id&quot;,&quot;examples&quot;]&#10;warning: the following keywords are unknown and will be ignored: [$id, examples]&#10;    level: &quot;warning&quot;&#10;    schema: {&quot;loadingURI&quot;:&quot;#&quot;,&quot;pointer&quot;:&quot;/items/properties/id&quot;}&#10;    domain: &quot;syntax&quot;&#10;    ignored: [&quot;$id&quot;,&quot;examples&quot;]&#10;warning: the following keywords are unknown and will be ignored: [$id, examples]&#10;    level: &quot;warning&quot;&#10;    schema: {&quot;loadingURI&quot;:&quot;#&quot;,&quot;pointer&quot;:&quot;/items/properties/name&quot;}&#10;    domain: &quot;syntax&quot;&#10;    ignored: [&quot;$id&quot;,&quot;examples&quot;]&#10;warning: the following keywords are unknown and will be ignored: [$id]&#10;    level: &quot;warning&quot;&#10;    schema: {&quot;loadingURI&quot;:&quot;#&quot;,&quot;pointer&quot;:&quot;/items/properties/photoUrls&quot;}&#10;    domain: &quot;syntax&quot;&#10;    ignored: [&quot;$id&quot;]&#10;warning: the following keywords are unknown and will be ignored: [$id, examples]&#10;    level: &quot;warning&quot;&#10;    schema: {&quot;loadingURI&quot;:&quot;#&quot;,&quot;pointer&quot;:&quot;/items/properties/photoUrls/items&quot;}&#10;    domain: &quot;syntax&quot;&#10;    ignored: [&quot;$id&quot;,&quot;examples&quot;]&#10;warning: the following keywords are unknown and will be ignored: [$id, examples]&#10;    level: &quot;warning&quot;&#10;    schema: {&quot;loadingURI&quot;:&quot;#&quot;,&quot;pointer&quot;:&quot;/items/properties/status&quot;}&#10;    domain: &quot;syntax&quot;&#10;    ignored: [&quot;$id&quot;,&quot;examples&quot;]&#10;warning: the following keywords are unknown and will be ignored: [$id]&#10;    level: &quot;warning&quot;&#10;    schema: {&quot;loadingURI&quot;:&quot;#&quot;,&quot;pointer&quot;:&quot;/items/properties/tags&quot;}&#10;    domain: &quot;syntax&quot;&#10;    ignored: [&quot;$id&quot;]&#10;warning: the following keywords are unknown and will be ignored: [$id]&#10;    level: &quot;warning&quot;&#10;    schema: {&quot;loadingURI&quot;:&quot;#&quot;,&quot;pointer&quot;:&quot;/items/properties/tags/items&quot;}&#10;    domain: &quot;syntax&quot;&#10;    ignored: [&quot;$id&quot;]&#10;warning: the following keywords are unknown and will be ignored: [$id, examples]&#10;    level: &quot;warning&quot;&#10;    schema: {&quot;loadingURI&quot;:&quot;#&quot;,&quot;pointer&quot;:&quot;/items/properties/tags/items/properties/id&quot;}&#10;    domain: &quot;syntax&quot;&#10;    ignored: [&quot;$id&quot;,&quot;examples&quot;]&#10;warning: the following keywords are unknown and will be ignored: [$id, examples]&#10;    level: &quot;warning&quot;&#10;    schema: {&quot;loadingURI&quot;:&quot;#&quot;,&quot;pointer&quot;:&quot;/items/properties/tags/items/properties/name&quot;}&#10;    domain: &quot;syntax&quot;&#10;    ignored: [&quot;$id&quot;,&quot;examples&quot;]&#10;warning: the following keywords are unknown and will be ignored: [$id]&#10;    level: &quot;warning&quot;&#10;    schema: {&quot;loadingURI&quot;:&quot;#&quot;,&quot;pointer&quot;:&quot;/items/properties/category&quot;}&#10;    domain: &quot;syntax&quot;&#10;    ignored: [&quot;$id&quot;]&#10;warning: the following keywords are unknown and will be ignored: [$id, examples]&#10;    level: &quot;warning&quot;&#10;    schema: {&quot;loadingURI&quot;:&quot;#&quot;,&quot;pointer&quot;:&quot;/items/properties/category/properties/id&quot;}&#10;    domain: &quot;syntax&quot;&#10;    ignored: [&quot;$id&quot;,&quot;examples&quot;]&#10;warning: the following keywords are unknown and will be ignored: [$id, examples]&#10;    level: &quot;warning&quot;&#10;    schema: {&quot;loadingURI&quot;:&quot;#&quot;,&quot;pointer&quot;:&quot;/items/properties/category/properties/name&quot;}&#10;    domain: &quot;syntax&quot;&#10;    ignored: [&quot;$id&quot;,&quot;examples&quot;]&#10;warning: the following keywords are unknown and will be ignored: [$id, examples]&#10;    level: &quot;warning&quot;&#10;    schema: {&quot;loadingURI&quot;:&quot;#&quot;,&quot;pointer&quot;:&quot;/items/properties/category/properties/id&quot;}&#10;    domain: &quot;syntax&quot;&#10;    ignored: [&quot;$id&quot;,&quot;examples&quot;]&#10;warning: the following keywords are unknown and will be ignored: [$id, examples]&#10;    level: &quot;warning&quot;&#10;    schema: {&quot;loadingURI&quot;:&quot;#&quot;,&quot;pointer&quot;:&quot;/items/properties/category/properties/name&quot;}&#10;    domain: &quot;syntax&quot;&#10;    ignored: [&quot;$id&quot;,&quot;examples&quot;]&#10;warning: the following keywords are unknown and will be ignored: [$id, examples]&#10;    level: &quot;warning&quot;&#10;    schema: {&quot;loadingURI&quot;:&quot;#&quot;,&quot;pointer&quot;:&quot;/items/properties/id&quot;}&#10;    domain: &quot;syntax&quot;&#10;    ignored: [&quot;$id&quot;,&quot;examples&quot;]&#10;warning: the following keywords are unknown and will be ignored: [$id, examples]&#10;    level: &quot;warning&quot;&#10;    schema: {&quot;loadingURI&quot;:&quot;#&quot;,&quot;pointer&quot;:&quot;/items/properties/name&quot;}&#10;    domain: &quot;syntax&quot;&#10;    ignored: [&quot;$id&quot;,&quot;examples&quot;]&#10;warning: the following keywords are unknown and will be ignored: [$id]&#10;    level: &quot;warning&quot;&#10;    schema: {&quot;loadingURI&quot;:&quot;#&quot;,&quot;pointer&quot;:&quot;/items/properties/photoUrls&quot;}&#10;    domain: &quot;syntax&quot;&#10;    ignored: [&quot;$id&quot;]&#10;warning: the following keywords are unknown and will be ignored: [$id, examples]&#10;    level: &quot;warning&quot;&#10;    schema: {&quot;loadingURI&quot;:&quot;#&quot;,&quot;pointer&quot;:&quot;/items/properties/photoUrls/items&quot;}&#10;    domain: &quot;syntax&quot;&#10;    ignored: [&quot;$id&quot;,&quot;examples&quot;]&#10;warning: the following keywords are unknown and will be ignored: [$id, examples]&#10;    level: &quot;warning&quot;&#10;    schema: {&quot;loadingURI&quot;:&quot;#&quot;,&quot;pointer&quot;:&quot;/items/properties/photoUrls/items&quot;}&#10;    domain: &quot;syntax&quot;&#10;    ignored: [&quot;$id&quot;,&quot;examples&quot;]&#10;warning: the following keywords are unknown and will be ignored: [$id, examples]&#10;    level: &quot;warning&quot;&#10;    schema: {&quot;loadingURI&quot;:&quot;#&quot;,&quot;pointer&quot;:&quot;/items/properties/status&quot;}&#10;    domain: &quot;syntax&quot;&#10;    ignored: [&quot;$id&quot;,&quot;examples&quot;]&#10;warning: the following keywords are unknown and will be ignored: [$id]&#10;    level: &quot;warning&quot;&#10;    schema: {&quot;loadingURI&quot;:&quot;#&quot;,&quot;pointer&quot;:&quot;/items/properties/tags&quot;}&#10;    domain: &quot;syntax&quot;&#10;    ignored: [&quot;$id&quot;]&#10;warning: the following keywords are unknown and will be ignored: [$id]&#10;    level: &quot;warning&quot;&#10;    schema: {&quot;loadingURI&quot;:&quot;#&quot;,&quot;pointer&quot;:&quot;/items/properties/tags/items&quot;}&#10;    domain: &quot;syntax&quot;&#10;    ignored: [&quot;$id&quot;]&#10;warning: the following keywords are unknown and will be ignored: [$id, examples]&#10;    level: &quot;warning&quot;&#10;    schema: {&quot;loadingURI&quot;:&quot;#&quot;,&quot;pointer&quot;:&quot;/items/properties/tags/items/properties/id&quot;}&#10;    domain: &quot;syntax&quot;&#10;    ignored: [&quot;$id&quot;,&quot;examples&quot;]&#10;warning: the following keywords are unknown and will be ignored: [$id, examples]&#10;    level: &quot;warning&quot;&#10;    schema: {&quot;loadingURI&quot;:&quot;#&quot;,&quot;pointer&quot;:&quot;/items/properties/tags/items/properties/name&quot;}&#10;    domain: &quot;syntax&quot;&#10;    ignored: [&quot;$id&quot;,&quot;examples&quot;]&#10;warning: the following keywords are unknown and will be ignored: [$id]&#10;    level: &quot;warning&quot;&#10;    schema: {&quot;loadingURI&quot;:&quot;#&quot;,&quot;pointer&quot;:&quot;/items/properties/tags/items&quot;}&#10;    domain: &quot;syntax&quot;&#10;    ignored: [&quot;$id&quot;]&#10;warning: the following keywords are unknown and will be ignored: [$id, examples]&#10;    level: &quot;warning&quot;&#10;    schema: {&quot;loadingURI&quot;:&quot;#&quot;,&quot;pointer&quot;:&quot;/items/properties/tags/items/properties/id&quot;}&#10;    domain: &quot;syntax&quot;&#10;    ignored: [&quot;$id&quot;,&quot;examples&quot;]&#10;warning: the following keywords are unknown and will be ignored: [$id, examples]&#10;    level: &quot;warning&quot;&#10;    schema: {&quot;loadingURI&quot;:&quot;#&quot;,&quot;pointer&quot;:&quot;/items/properties/tags/items/properties/name&quot;}&#10;    domain: &quot;syntax&quot;&#10;    ignored: [&quot;$id&quot;,&quot;examples&quot;]&#10;warning: the following keywords are unknown and will be ignored: [$id, examples]&#10;    level: &quot;warning&quot;&#10;    schema: {&quot;loadingURI&quot;:&quot;#&quot;,&quot;pointer&quot;:&quot;/items/properties/tags/items/properties/id&quot;}&#10;    domain: &quot;syntax&quot;&#10;    ignored: [&quot;$id&quot;,&quot;examples&quot;]&#10;warning: the following keywords are unknown and will be ignored: [$id, examples]&#10;    level: &quot;warning&quot;&#10;    schema: {&quot;loadingURI&quot;:&quot;#&quot;,&quot;pointer&quot;:&quot;/items/properties/tags/items/properties/name&quot;}&#10;    domain: &quot;syntax&quot;&#10;    ignored: [&quot;$id&quot;,&quot;examples&quot;]&#10;warning: the following keywords are unknown and will be ignored: [$id]&#10;    level: &quot;warning&quot;&#10;    schema: {&quot;loadingURI&quot;:&quot;#&quot;,&quot;pointer&quot;:&quot;/items&quot;}&#10;    domain: &quot;syntax&quot;&#10;    ignored: [&quot;$id&quot;]&#10;warning: the following keywords are unknown and will be ignored: [$id]&#10;    level: &quot;warning&quot;&#10;    schema: {&quot;loadingURI&quot;:&quot;#&quot;,&quot;pointer&quot;:&quot;/items/properties/category&quot;}&#10;    domain: &quot;syntax&quot;&#10;    ignored: [&quot;$id&quot;]&#10;warning: the following keywords are unknown and will be ignored: [$id, examples]&#10;    level: &quot;warning&quot;&#10;    schema: {&quot;loadingURI&quot;:&quot;#&quot;,&quot;pointer&quot;:&quot;/items/properties/category/properties/id&quot;}&#10;    domain: &quot;syntax&quot;&#10;    ignored: [&quot;$id&quot;,&quot;examples&quot;]&#10;warning: the following keywords are unknown and will be ignored: [$id, examples]&#10;    level: &quot;warning&quot;&#10;    schema: {&quot;loadingURI&quot;:&quot;#&quot;,&quot;pointer&quot;:&quot;/items/properties/category/properties/name&quot;}&#10;    domain: &quot;syntax&quot;&#10;    ignored: [&quot;$id&quot;,&quot;examples&quot;]&#10;warning: the following keywords are unknown and will be ignored: [$id, examples]&#10;    level: &quot;warning&quot;&#10;    schema: {&quot;loadingURI&quot;:&quot;#&quot;,&quot;pointer&quot;:&quot;/items/properties/id&quot;}&#10;    domain: &quot;syntax&quot;&#10;    ignored: [&quot;$id&quot;,&quot;examples&quot;]&#10;warning: the following keywords are unknown and will be ignored: [$id, examples]&#10;    level: &quot;warning&quot;&#10;    schema: {&quot;loadingURI&quot;:&quot;#&quot;,&quot;pointer&quot;:&quot;/items/properties/name&quot;}&#10;    domain: &quot;syntax&quot;&#10;    ignored: [&quot;$id&quot;,&quot;examples&quot;]&#10;warning: the following keywords are unknown and will be ignored: [$id]&#10;    level: &quot;warning&quot;&#10;    schema: {&quot;loadingURI&quot;:&quot;#&quot;,&quot;pointer&quot;:&quot;/items/properties/photoUrls&quot;}&#10;    domain: &quot;syntax&quot;&#10;    ignored: [&quot;$id&quot;]&#10;warning: the following keywords are unknown and will be ignored: [$id, examples]&#10;    level: &quot;warning&quot;&#10;    schema: {&quot;loadingURI&quot;:&quot;#&quot;,&quot;pointer&quot;:&quot;/items/properties/photoUrls/items&quot;}&#10;    domain: &quot;syntax&quot;&#10;    ignored: [&quot;$id&quot;,&quot;examples&quot;]&#10;warning: the following keywords are unknown and will be ignored: [$id, examples]&#10;    level: &quot;warning&quot;&#10;    schema: {&quot;loadingURI&quot;:&quot;#&quot;,&quot;pointer&quot;:&quot;/items/properties/status&quot;}&#10;    domain: &quot;syntax&quot;&#10;    ignored: [&quot;$id&quot;,&quot;examples&quot;]&#10;warning: the following keywords are unknown and will be ignored: [$id]&#10;    level: &quot;warning&quot;&#10;    schema: {&quot;loadingURI&quot;:&quot;#&quot;,&quot;pointer&quot;:&quot;/items/properties/tags&quot;}&#10;    domain: &quot;syntax&quot;&#10;    ignored: [&quot;$id&quot;]&#10;warning: the following keywords are unknown and will be ignored: [$id]&#10;    level: &quot;warning&quot;&#10;    schema: {&quot;loadingURI&quot;:&quot;#&quot;,&quot;pointer&quot;:&quot;/items/properties/tags/items&quot;}&#10;    domain: &quot;syntax&quot;&#10;    ignored: [&quot;$id&quot;]&#10;warning: the following keywords are unknown and will be ignored: [$id, examples]&#10;    level: &quot;warning&quot;&#10;    schema: {&quot;loadingURI&quot;:&quot;#&quot;,&quot;pointer&quot;:&quot;/items/properties/tags/items/properties/id&quot;}&#10;    domain: &quot;syntax&quot;&#10;    ignored: [&quot;$id&quot;,&quot;examples&quot;]&#10;warning: the following keywords are unknown and will be ignored: [$id, examples]&#10;    level: &quot;warning&quot;&#10;    schema: {&quot;loadingURI&quot;:&quot;#&quot;,&quot;pointer&quot;:&quot;/items/properties/tags/items/properties/name&quot;}&#10;    domain: &quot;syntax&quot;&#10;    ignored: [&quot;$id&quot;,&quot;examples&quot;]&#10;warning: the following keywords are unknown and will be ignored: [$id]&#10;    level: &quot;warning&quot;&#10;    schema: {&quot;loadingURI&quot;:&quot;#&quot;,&quot;pointer&quot;:&quot;/items/properties/category&quot;}&#10;    domain: &quot;syntax&quot;&#10;    ignored: [&quot;$id&quot;]&#10;warning: the following keywords are unknown and will be ignored: [$id, examples]&#10;    level: &quot;warning&quot;&#10;    schema: {&quot;loadingURI&quot;:&quot;#&quot;,&quot;pointer&quot;:&quot;/items/properties/category/properties/id&quot;}&#10;    domain: &quot;syntax&quot;&#10;    ignored: [&quot;$id&quot;,&quot;examples&quot;]&#10;warning: the following keywords are unknown and will be ignored: [$id, examples]&#10;    level: &quot;warning&quot;&#10;    schema: {&quot;loadingURI&quot;:&quot;#&quot;,&quot;pointer&quot;:&quot;/items/properties/category/properties/name&quot;}&#10;    domain: &quot;syntax&quot;&#10;    ignored: [&quot;$id&quot;,&quot;examples&quot;]&#10;warning: the following keywords are unknown and will be ignored: [$id, examples]&#10;    level: &quot;warning&quot;&#10;    schema: {&quot;loadingURI&quot;:&quot;#&quot;,&quot;pointer&quot;:&quot;/items/properties/category/properties/id&quot;}&#10;    domain: &quot;syntax&quot;&#10;    ignored: [&quot;$id&quot;,&quot;examples&quot;]&#10;warning: the following keywords are unknown and will be ignored: [$id, examples]&#10;    level: &quot;warning&quot;&#10;    schema: {&quot;loadingURI&quot;:&quot;#&quot;,&quot;pointer&quot;:&quot;/items/properties/category/properties/name&quot;}&#10;    domain: &quot;syntax&quot;&#10;    ignored: [&quot;$id&quot;,&quot;examples&quot;]&#10;warning: the following keywords are unknown and will be ignored: [$id, examples]&#10;    level: &quot;warning&quot;&#10;    schema: {&quot;loadingURI&quot;:&quot;#&quot;,&quot;pointer&quot;:&quot;/items/properties/id&quot;}&#10;    domain: &quot;syntax&quot;&#10;    ignored: [&quot;$id&quot;,&quot;examples&quot;]&#10;warning: the following keywords are unknown and will be ignored: [$id, examples]&#10;    level: &quot;warning&quot;&#10;    schema: {&quot;loadingURI&quot;:&quot;#&quot;,&quot;pointer&quot;:&quot;/items/properties/name&quot;}&#10;    domain: &quot;syntax&quot;&#10;    ignored: [&quot;$id&quot;,&quot;examples&quot;]&#10;warning: the following keywords are unknown and will be ignored: [$id]&#10;    level: &quot;warning&quot;&#10;    schema: {&quot;loadingURI&quot;:&quot;#&quot;,&quot;pointer&quot;:&quot;/items/properties/photoUrls&quot;}&#10;    domain: &quot;syntax&quot;&#10;    ignored: [&quot;$id&quot;]&#10;warning: the following keywords are unknown and will be ignored: [$id, examples]&#10;    level: &quot;warning&quot;&#10;    schema: {&quot;loadingURI&quot;:&quot;#&quot;,&quot;pointer&quot;:&quot;/items/properties/photoUrls/items&quot;}&#10;    domain: &quot;syntax&quot;&#10;    ignored: [&quot;$id&quot;,&quot;examples&quot;]&#10;warning: the following keywords are unknown and will be ignored: [$id, examples]&#10;    level: &quot;warning&quot;&#10;    schema: {&quot;loadingURI&quot;:&quot;#&quot;,&quot;pointer&quot;:&quot;/items/properties/status&quot;}&#10;    domain: &quot;syntax&quot;&#10;    ignored: [&quot;$id&quot;,&quot;examples&quot;]&#10;warning: the following keywords are unknown and will be ignored: [$id]&#10;    level: &quot;warning&quot;&#10;    schema: {&quot;loadingURI&quot;:&quot;#&quot;,&quot;pointer&quot;:&quot;/items/properties/tags&quot;}&#10;    domain: &quot;syntax&quot;&#10;    ignored: [&quot;$id&quot;]&#10;warning: the following keywords are unknown and will be ignored: [$id]&#10;    level: &quot;warning&quot;&#10;    schema: {&quot;loadingURI&quot;:&quot;#&quot;,&quot;pointer&quot;:&quot;/items/properties/tags/items&quot;}&#10;    domain: &quot;syntax&quot;&#10;    ignored: [&quot;$id&quot;]&#10;warning: the following keywords are unknown and will be ignored: [$id, examples]&#10;    level: &quot;warning&quot;&#10;    schema: {&quot;loadingURI&quot;:&quot;#&quot;,&quot;pointer&quot;:&quot;/items/properties/tags/items/properties/id&quot;}&#10;    domain: &quot;syntax&quot;&#10;    ignored: [&quot;$id&quot;,&quot;examples&quot;]&#10;warning: the following keywords are unknown and will be ignored: [$id, examples]&#10;    level: &quot;warning&quot;&#10;    schema: {&quot;loadingURI&quot;:&quot;#&quot;,&quot;pointer&quot;:&quot;/items/properties/tags/items/properties/name&quot;}&#10;    domain: &quot;syntax&quot;&#10;    ignored: [&quot;$id&quot;,&quot;examples&quot;]&#10;warning: the following keywords are unknown and will be ignored: [$id]&#10;    level: &quot;warning&quot;&#10;    schema: {&quot;loadingURI&quot;:&quot;#&quot;,&quot;pointer&quot;:&quot;/items&quot;}&#10;    domain: &quot;syntax&quot;&#10;    ignored: [&quot;$id&quot;]&#10;warning: the following keywords are unknown and will be ignored: [$id]&#10;    level: &quot;warning&quot;&#10;    schema: {&quot;loadingURI&quot;:&quot;#&quot;,&quot;pointer&quot;:&quot;/items/properties/category&quot;}&#10;    domain: &quot;syntax&quot;&#10;    ignored: [&quot;$id&quot;]&#10;warning: the following keywords are unknown and will be ignored: [$id, examples]&#10;    level: &quot;warning&quot;&#10;    schema: {&quot;loadingURI&quot;:&quot;#&quot;,&quot;pointer&quot;:&quot;/items/properties/category/properties/id&quot;}&#10;    domain: &quot;syntax&quot;&#10;    ignored: [&quot;$id&quot;,&quot;examples&quot;]&#10;warning: the following keywords are unknown and will be ignored: [$id, examples]&#10;    level: &quot;warning&quot;&#10;    schema: {&quot;loadingURI&quot;:&quot;#&quot;,&quot;pointer&quot;:&quot;/items/properties/category/properties/name&quot;}&#10;    domain: &quot;syntax&quot;&#10;    ignored: [&quot;$id&quot;,&quot;examples&quot;]&#10;warning: the following keywords are unknown and will be ignored: [$id, examples]&#10;    level: &quot;warning&quot;&#10;    schema: {&quot;loadingURI&quot;:&quot;#&quot;,&quot;pointer&quot;:&quot;/items/properties/id&quot;}&#10;    domain: &quot;syntax&quot;&#10;    ignored: [&quot;$id&quot;,&quot;examples&quot;]&#10;warning: the following keywords are unknown and will be ignored: [$id, examples]&#10;    level: &quot;warning&quot;&#10;    schema: {&quot;loadingURI&quot;:&quot;#&quot;,&quot;pointer&quot;:&quot;/items/properties/name&quot;}&#10;    domain: &quot;syntax&quot;&#10;    ignored: [&quot;$id&quot;,&quot;examples&quot;]&#10;warning: the following keywords are unknown and will be ignored: [$id]&#10;    level: &quot;warning&quot;&#10;    schema: {&quot;loadingURI&quot;:&quot;#&quot;,&quot;pointer&quot;:&quot;/items/properties/photoUrls&quot;}&#10;    domain: &quot;syntax&quot;&#10;    ignored: [&quot;$id&quot;]&#10;warning: the following keywords are unknown and will be ignored: [$id, examples]&#10;    level: &quot;warning&quot;&#10;    schema: {&quot;loadingURI&quot;:&quot;#&quot;,&quot;pointer&quot;:&quot;/items/properties/photoUrls/items&quot;}&#10;    domain: &quot;syntax&quot;&#10;    ignored: [&quot;$id&quot;,&quot;examples&quot;]&#10;warning: the following keywords are unknown and will be ignored: [$id, examples]&#10;    level: &quot;warning&quot;&#10;    schema: {&quot;loadingURI&quot;:&quot;#&quot;,&quot;pointer&quot;:&quot;/items/properties/status&quot;}&#10;    domain: &quot;syntax&quot;&#10;    ignored: [&quot;$id&quot;,&quot;examples&quot;]&#10;warning: the following keywords are unknown and will be ignored: [$id]&#10;    level: &quot;warning&quot;&#10;    schema: {&quot;loadingURI&quot;:&quot;#&quot;,&quot;pointer&quot;:&quot;/items/properties/tags&quot;}&#10;    domain: &quot;syntax&quot;&#10;    ignored: [&quot;$id&quot;]&#10;warning: the following keywords are unknown and will be ignored: [$id]&#10;    level: &quot;warning&quot;&#10;    schema: {&quot;loadingURI&quot;:&quot;#&quot;,&quot;pointer&quot;:&quot;/items/properties/tags/items&quot;}&#10;    domain: &quot;syntax&quot;&#10;    ignored: [&quot;$id&quot;]&#10;warning: the following keywords are unknown and will be ignored: [$id, examples]&#10;    level: &quot;warning&quot;&#10;    schema: {&quot;loadingURI&quot;:&quot;#&quot;,&quot;pointer&quot;:&quot;/items/properties/tags/items/properties/id&quot;}&#10;    domain: &quot;syntax&quot;&#10;    ignored: [&quot;$id&quot;,&quot;examples&quot;]&#10;warning: the following keywords are unknown and will be ignored: [$id, examples]&#10;    level: &quot;warning&quot;&#10;    schema: {&quot;loadingURI&quot;:&quot;#&quot;,&quot;pointer&quot;:&quot;/items/properties/tags/items/properties/name&quot;}&#10;    domain: &quot;syntax&quot;&#10;    ignored: [&quot;$id&quot;,&quot;examples&quot;]&#10;warning: the following keywords are unknown and will be ignored: [$id]&#10;    level: &quot;warning&quot;&#10;    schema: {&quot;loadingURI&quot;:&quot;#&quot;,&quot;pointer&quot;:&quot;/items/properties/category&quot;}&#10;    domain: &quot;syntax&quot;&#10;    ignored: [&quot;$id&quot;]&#10;warning: the following keywords are unknown and will be ignored: [$id, examples]&#10;    level: &quot;warning&quot;&#10;    schema: {&quot;loadingURI&quot;:&quot;#&quot;,&quot;pointer&quot;:&quot;/items/properties/category/properties/id&quot;}&#10;    domain: &quot;syntax&quot;&#10;    ignored: [&quot;$id&quot;,&quot;examples&quot;]&#10;warning: the following keywords are unknown and will be ignored: [$id, examples]&#10;    level: &quot;warning&quot;&#10;    schema: {&quot;loadingURI&quot;:&quot;#&quot;,&quot;pointer&quot;:&quot;/items/properties/category/properties/name&quot;}&#10;    domain: &quot;syntax&quot;&#10;    ignored: [&quot;$id&quot;,&quot;examples&quot;]&#10;warning: the following keywords are unknown and will be ignored: [$id, examples]&#10;    level: &quot;warning&quot;&#10;    schema: {&quot;loadingURI&quot;:&quot;#&quot;,&quot;pointer&quot;:&quot;/items/properties/category/properties/id&quot;}&#10;    domain: &quot;syntax&quot;&#10;    ignored: [&quot;$id&quot;,&quot;examples&quot;]&#10;warning: the following keywords are unknown and will be ignored: [$id, examples]&#10;    level: &quot;warning&quot;&#10;    schema: {&quot;loadingURI&quot;:&quot;#&quot;,&quot;pointer&quot;:&quot;/items/properties/category/properties/name&quot;}&#10;    domain: &quot;syntax&quot;&#10;    ignored: [&quot;$id&quot;,&quot;examples&quot;]&#10;warning: the following keywords are unknown and will be ignored: [$id, examples]&#10;    level: &quot;warning&quot;&#10;    schema: {&quot;loadingURI&quot;:&quot;#&quot;,&quot;pointer&quot;:&quot;/items/properties/id&quot;}&#10;    domain: &quot;syntax&quot;&#10;    ignored: [&quot;$id&quot;,&quot;examples&quot;]&#10;warning: the following keywords are unknown and will be ignored: [$id, examples]&#10;    level: &quot;warning&quot;&#10;    schema: {&quot;loadingURI&quot;:&quot;#&quot;,&quot;pointer&quot;:&quot;/items/properties/name&quot;}&#10;    domain: &quot;syntax&quot;&#10;    ignored: [&quot;$id&quot;,&quot;examples&quot;]&#10;warning: the following keywords are unknown and will be ignored: [$id]&#10;    level: &quot;warning&quot;&#10;    schema: {&quot;loadingURI&quot;:&quot;#&quot;,&quot;pointer&quot;:&quot;/items/properties/photoUrls&quot;}&#10;    domain: &quot;syntax&quot;&#10;    ignored: [&quot;$id&quot;]&#10;warning: the following keywords are unknown and will be ignored: [$id, examples]&#10;    level: &quot;warning&quot;&#10;    schema: {&quot;loadingURI&quot;:&quot;#&quot;,&quot;pointer&quot;:&quot;/items/properties/photoUrls/items&quot;}&#10;    domain: &quot;syntax&quot;&#10;    ignored: [&quot;$id&quot;,&quot;examples&quot;]&#10;warning: the following keywords are unknown and will be ignored: [$id, examples]&#10;    level: &quot;warning&quot;&#10;    schema: {&quot;loadingURI&quot;:&quot;#&quot;,&quot;pointer&quot;:&quot;/items/properties/status&quot;}&#10;    domain: &quot;syntax&quot;&#10;    ignored: [&quot;$id&quot;,&quot;examples&quot;]&#10;warning: the following keywords are unknown and will be ignored: [$id]&#10;    level: &quot;warning&quot;&#10;    schema: {&quot;loadingURI&quot;:&quot;#&quot;,&quot;pointer&quot;:&quot;/items/properties/tags&quot;}&#10;    domain: &quot;syntax&quot;&#10;    ignored: [&quot;$id&quot;]&#10;warning: the following keywords are unknown and will be ignored: [$id]&#10;    level: &quot;warning&quot;&#10;    schema: {&quot;loadingURI&quot;:&quot;#&quot;,&quot;pointer&quot;:&quot;/items/properties/tags/items&quot;}&#10;    domain: &quot;syntax&quot;&#10;    ignored: [&quot;$id&quot;]&#10;warning: the following keywords are unknown and will be ignored: [$id, examples]&#10;    level: &quot;warning&quot;&#10;    schema: {&quot;loadingURI&quot;:&quot;#&quot;,&quot;pointer&quot;:&quot;/items/properties/tags/items/properties/id&quot;}&#10;    domain: &quot;syntax&quot;&#10;    ignored: [&quot;$id&quot;,&quot;examples&quot;]&#10;warning: the following keywords are unknown and will be ignored: [$id, examples]&#10;    level: &quot;warning&quot;&#10;    schema: {&quot;loadingURI&quot;:&quot;#&quot;,&quot;pointer&quot;:&quot;/items/properties/tags/items/properties/name&quot;}&#10;    domain: &quot;syntax&quot;&#10;    ignored: [&quot;$id&quot;,&quot;examples&quot;]&#10;warning: the following keywords are unknown and will be ignored: [$id]&#10;    level: &quot;warning&quot;&#10;    schema: {&quot;loadingURI&quot;:&quot;#&quot;,&quot;pointer&quot;:&quot;/items&quot;}&#10;    domain: &quot;syntax&quot;&#10;    ignored: [&quot;$id&quot;]&#10;warning: the following keywords are unknown and will be ignored: [$id]&#10;    level: &quot;warning&quot;&#10;    schema: {&quot;loadingURI&quot;:&quot;#&quot;,&quot;pointer&quot;:&quot;/items/properties/category&quot;}&#10;    domain: &quot;syntax&quot;&#10;    ignored: [&quot;$id&quot;]&#10;warning: the following keywords are unknown and will be ignored: [$id, examples]&#10;    level: &quot;warning&quot;&#10;    schema: {&quot;loadingURI&quot;:&quot;#&quot;,&quot;pointer&quot;:&quot;/items/properties/category/properties/id&quot;}&#10;    domain: &quot;syntax&quot;&#10;    ignored: [&quot;$id&quot;,&quot;examples&quot;]&#10;warning: the following keywords are unknown and will be ignored: [$id, examples]&#10;    level: &quot;warning&quot;&#10;    schema: {&quot;loadingURI&quot;:&quot;#&quot;,&quot;pointer&quot;:&quot;/items/properties/category/properties/name&quot;}&#10;    domain: &quot;syntax&quot;&#10;    ignored: [&quot;$id&quot;,&quot;examples&quot;]&#10;warning: the following keywords are unknown and will be ignored: [$id, examples]&#10;    level: &quot;warning&quot;&#10;    schema: {&quot;loadingURI&quot;:&quot;#&quot;,&quot;pointer&quot;:&quot;/items/properties/id&quot;}&#10;    domain: &quot;syntax&quot;&#10;    ignored: [&quot;$id&quot;,&quot;examples&quot;]&#10;warning: the following keywords are unknown and will be ignored: [$id, examples]&#10;    level: &quot;warning&quot;&#10;    schema: {&quot;loadingURI&quot;:&quot;#&quot;,&quot;pointer&quot;:&quot;/items/properties/name&quot;}&#10;    domain: &quot;syntax&quot;&#10;    ignored: [&quot;$id&quot;,&quot;examples&quot;]&#10;warning: the following keywords are unknown and will be ignored: [$id]&#10;    level: &quot;warning&quot;&#10;    schema: {&quot;loadingURI&quot;:&quot;#&quot;,&quot;pointer&quot;:&quot;/items/properties/photoUrls&quot;}&#10;    domain: &quot;syntax&quot;&#10;    ignored: [&quot;$id&quot;]&#10;warning: the following keywords are unknown and will be ignored: [$id, examples]&#10;    level: &quot;warning&quot;&#10;    schema: {&quot;loadingURI&quot;:&quot;#&quot;,&quot;pointer&quot;:&quot;/items/properties/photoUrls/items&quot;}&#10;    domain: &quot;syntax&quot;&#10;    ignored: [&quot;$id&quot;,&quot;examples&quot;]&#10;warning: the following keywords are unknown and will be ignored: [$id, examples]&#10;    level: &quot;warning&quot;&#10;    schema: {&quot;loadingURI&quot;:&quot;#&quot;,&quot;pointer&quot;:&quot;/items/properties/status&quot;}&#10;    domain: &quot;syntax&quot;&#10;    ignored: [&quot;$id&quot;,&quot;examples&quot;]&#10;warning: the following keywords are unknown and will be ignored: [$id]&#10;    level: &quot;warning&quot;&#10;    schema: {&quot;loadingURI&quot;:&quot;#&quot;,&quot;pointer&quot;:&quot;/items/properties/tags&quot;}&#10;    domain: &quot;syntax&quot;&#10;    ignored: [&quot;$id&quot;]&#10;warning: the following keywords are unknown and will be ignored: [$id]&#10;    level: &quot;warning&quot;&#10;    schema: {&quot;loadingURI&quot;:&quot;#&quot;,&quot;pointer&quot;:&quot;/items/properties/tags/items&quot;}&#10;    domain: &quot;syntax&quot;&#10;    ignored: [&quot;$id&quot;]&#10;warning: the following keywords are unknown and will be ignored: [$id, examples]&#10;    level: &quot;warning&quot;&#10;    schema: {&quot;loadingURI&quot;:&quot;#&quot;,&quot;pointer&quot;:&quot;/items/properties/tags/items/properties/id&quot;}&#10;    domain: &quot;syntax&quot;&#10;    ignored: [&quot;$id&quot;,&quot;examples&quot;]&#10;warning: the following keywords are unknown and will be ignored: [$id, examples]&#10;    level: &quot;warning&quot;&#10;    schema: {&quot;loadingURI&quot;:&quot;#&quot;,&quot;pointer&quot;:&quot;/items/properties/tags/items/properties/name&quot;}&#10;    domain: &quot;syntax&quot;&#10;    ignored: [&quot;$id&quot;,&quot;examples&quot;]&#10;warning: the following keywords are unknown and will be ignored: [$id]&#10;    level: &quot;warning&quot;&#10;    schema: {&quot;loadingURI&quot;:&quot;#&quot;,&quot;pointer&quot;:&quot;/items/properties/category&quot;}&#10;    domain: &quot;syntax&quot;&#10;    ignored: [&quot;$id&quot;]&#10;warning: the following keywords are unknown and will be ignored: [$id, examples]&#10;    level: &quot;warning&quot;&#10;    schema: {&quot;loadingURI&quot;:&quot;#&quot;,&quot;pointer&quot;:&quot;/items/properties/category/properties/id&quot;}&#10;    domain: &quot;syntax&quot;&#10;    ignored: [&quot;$id&quot;,&quot;examples&quot;]&#10;warning: the following keywords are unknown and will be ignored: [$id, examples]&#10;    level: &quot;warning&quot;&#10;    schema: {&quot;loadingURI&quot;:&quot;#&quot;,&quot;pointer&quot;:&quot;/items/properties/category/properties/name&quot;}&#10;    domain: &quot;syntax&quot;&#10;    ignored: [&quot;$id&quot;,&quot;examples&quot;]&#10;warning: the following keywords are unknown and will be ignored: [$id, examples]&#10;    level: &quot;warning&quot;&#10;    schema: {&quot;loadingURI&quot;:&quot;#&quot;,&quot;pointer&quot;:&quot;/items/properties/category/properties/id&quot;}&#10;    domain: &quot;syntax&quot;&#10;    ignored: [&quot;$id&quot;,&quot;examples&quot;]&#10;warning: the following keywords are unknown and will be ignored: [$id, examples]&#10;    level: &quot;warning&quot;&#10;    schema: {&quot;loadingURI&quot;:&quot;#&quot;,&quot;pointer&quot;:&quot;/items/properties/category/properties/name&quot;}&#10;    domain: &quot;syntax&quot;&#10;    ignored: [&quot;$id&quot;,&quot;examples&quot;]&#10;warning: the following keywords are unknown and will be ignored: [$id, examples]&#10;    level: &quot;warning&quot;&#10;    schema: {&quot;loadingURI&quot;:&quot;#&quot;,&quot;pointer&quot;:&quot;/items/properties/id&quot;}&#10;    domain: &quot;syntax&quot;&#10;    ignored: [&quot;$id&quot;,&quot;examples&quot;]&#10;warning: the following keywords are unknown and will be ignored: [$id, examples]&#10;    level: &quot;warning&quot;&#10;    schema: {&quot;loadingURI&quot;:&quot;#&quot;,&quot;pointer&quot;:&quot;/items/properties/name&quot;}&#10;    domain: &quot;syntax&quot;&#10;    ignored: [&quot;$id&quot;,&quot;examples&quot;]&#10;warning: the following keywords are unknown and will be ignored: [$id]&#10;    level: &quot;warning&quot;&#10;    schema: {&quot;loadingURI&quot;:&quot;#&quot;,&quot;pointer&quot;:&quot;/items/properties/photoUrls&quot;}&#10;    domain: &quot;syntax&quot;&#10;    ignored: [&quot;$id&quot;]&#10;warning: the following keywords are unknown and will be ignored: [$id, examples]&#10;    level: &quot;warning&quot;&#10;    schema: {&quot;loadingURI&quot;:&quot;#&quot;,&quot;pointer&quot;:&quot;/items/properties/photoUrls/items&quot;}&#10;    domain: &quot;syntax&quot;&#10;    ignored: [&quot;$id&quot;,&quot;examples&quot;]&#10;warning: the following keywords are unknown and will be ignored: [$id, examples]&#10;    level: &quot;warning&quot;&#10;    schema: {&quot;loadingURI&quot;:&quot;#&quot;,&quot;pointer&quot;:&quot;/items/properties/photoUrls/items&quot;}&#10;    domain: &quot;syntax&quot;&#10;    ignored: [&quot;$id&quot;,&quot;examples&quot;]&#10;warning: the following keywords are unknown and will be ignored: [$id, examples]&#10;    level: &quot;warning&quot;&#10;    schema: {&quot;loadingURI&quot;:&quot;#&quot;,&quot;pointer&quot;:&quot;/items/properties/status&quot;}&#10;    domain: &quot;syntax&quot;&#10;    ignored: [&quot;$id&quot;,&quot;examples&quot;]&#10;warning: the following keywords are unknown and will be ignored: [$id]&#10;    level: &quot;warning&quot;&#10;    schema: {&quot;loadingURI&quot;:&quot;#&quot;,&quot;pointer&quot;:&quot;/items/properties/tags&quot;}&#10;    domain: &quot;syntax&quot;&#10;    ignored: [&quot;$id&quot;]&#10;warning: the following keywords are unknown and will be ignored: [$id]&#10;    level: &quot;warning&quot;&#10;    schema: {&quot;loadingURI&quot;:&quot;#&quot;,&quot;pointer&quot;:&quot;/items/properties/tags/items&quot;}&#10;    domain: &quot;syntax&quot;&#10;    ignored: [&quot;$id&quot;]&#10;warning: the following keywords are unknown and will be ignored: [$id, examples]&#10;    level: &quot;warning&quot;&#10;    schema: {&quot;loadingURI&quot;:&quot;#&quot;,&quot;pointer&quot;:&quot;/items/properties/tags/items/properties/id&quot;}&#10;    domain: &quot;syntax&quot;&#10;    ignored: [&quot;$id&quot;,&quot;examples&quot;]&#10;warning: the following keywords are unknown and will be ignored: [$id, examples]&#10;    level: &quot;warning&quot;&#10;    schema: {&quot;loadingURI&quot;:&quot;#&quot;,&quot;pointer&quot;:&quot;/items/properties/tags/items/properties/name&quot;}&#10;    domain: &quot;syntax&quot;&#10;    ignored: [&quot;$id&quot;,&quot;examples&quot;]&#10;warning: the following keywords are unknown and will be ignored: [$id]&#10;    level: &quot;warning&quot;&#10;    schema: {&quot;loadingURI&quot;:&quot;#&quot;,&quot;pointer&quot;:&quot;/items/properties/tags/items&quot;}&#10;    domain: &quot;syntax&quot;&#10;    ignored: [&quot;$id&quot;]&#10;warning: the following keywords are unknown and will be ignored: [$id, examples]&#10;    level: &quot;warning&quot;&#10;    schema: {&quot;loadingURI&quot;:&quot;#&quot;,&quot;pointer&quot;:&quot;/items/properties/tags/items/properties/id&quot;}&#10;    domain: &quot;syntax&quot;&#10;    ignored: [&quot;$id&quot;,&quot;examples&quot;]&#10;warning: the following keywords are unknown and will be ignored: [$id, examples]&#10;    level: &quot;warning&quot;&#10;    schema: {&quot;loadingURI&quot;:&quot;#&quot;,&quot;pointer&quot;:&quot;/items/properties/tags/items/properties/name&quot;}&#10;    domain: &quot;syntax&quot;&#10;    ignored: [&quot;$id&quot;,&quot;examples&quot;]&#10;warning: the following keywords are unknown and will be ignored: [$id, examples]&#10;    level: &quot;warning&quot;&#10;    schema: {&quot;loadingURI&quot;:&quot;#&quot;,&quot;pointer&quot;:&quot;/items/properties/tags/items/properties/id&quot;}&#10;    domain: &quot;syntax&quot;&#10;    ignored: [&quot;$id&quot;,&quot;examples&quot;]&#10;warning: the following keywords are unknown and will be ignored: [$id, examples]&#10;    level: &quot;warning&quot;&#10;    schema: {&quot;loadingURI&quot;:&quot;#&quot;,&quot;pointer&quot;:&quot;/items/properties/tags/items/properties/name&quot;}&#10;    domain: &quot;syntax&quot;&#10;    ignored: [&quot;$id&quot;,&quot;examples&quot;]&#10;warning: the following keywords are unknown and will be ignored: [$id]&#10;    level: &quot;warning&quot;&#10;    schema: {&quot;loadingURI&quot;:&quot;#&quot;,&quot;pointer&quot;:&quot;/items&quot;}&#10;    domain: &quot;syntax&quot;&#10;    ignored: [&quot;$id&quot;]&#10;warning: the following keywords are unknown and will be ignored: [$id]&#10;    level: &quot;warning&quot;&#10;    schema: {&quot;loadingURI&quot;:&quot;#&quot;,&quot;pointer&quot;:&quot;/items/properties/category&quot;}&#10;    domain: &quot;syntax&quot;&#10;    ignored: [&quot;$id&quot;]&#10;warning: the following keywords are unknown and will be ignored: [$id, examples]&#10;    level: &quot;warning&quot;&#10;    schema: {&quot;loadingURI&quot;:&quot;#&quot;,&quot;pointer&quot;:&quot;/items/properties/category/properties/id&quot;}&#10;    domain: &quot;syntax&quot;&#10;    ignored: [&quot;$id&quot;,&quot;examples&quot;]&#10;warning: the following keywords are unknown and will be ignored: [$id, examples]&#10;    level: &quot;warning&quot;&#10;    schema: {&quot;loadingURI&quot;:&quot;#&quot;,&quot;pointer&quot;:&quot;/items/properties/category/properties/name&quot;}&#10;    domain: &quot;syntax&quot;&#10;    ignored: [&quot;$id&quot;,&quot;examples&quot;]&#10;warning: the following keywords are unknown and will be ignored: [$id, examples]&#10;    level: &quot;warning&quot;&#10;    schema: {&quot;loadingURI&quot;:&quot;#&quot;,&quot;pointer&quot;:&quot;/items/properties/id&quot;}&#10;    domain: &quot;syntax&quot;&#10;    ignored: [&quot;$id&quot;,&quot;examples&quot;]&#10;warning: the following keywords are unknown and will be ignored: [$id, examples]&#10;    level: &quot;warning&quot;&#10;    schema: {&quot;loadingURI&quot;:&quot;#&quot;,&quot;pointer&quot;:&quot;/items/properties/name&quot;}&#10;    domain: &quot;syntax&quot;&#10;    ignored: [&quot;$id&quot;,&quot;examples&quot;]&#10;warning: the following keywords are unknown and will be ignored: [$id]&#10;    level: &quot;warning&quot;&#10;    schema: {&quot;loadingURI&quot;:&quot;#&quot;,&quot;pointer&quot;:&quot;/items/properties/photoUrls&quot;}&#10;    domain: &quot;syntax&quot;&#10;    ignored: [&quot;$id&quot;]&#10;warning: the following keywords are unknown and will be ignored: [$id, examples]&#10;    level: &quot;warning&quot;&#10;    schema: {&quot;loadingURI&quot;:&quot;#&quot;,&quot;pointer&quot;:&quot;/items/properties/photoUrls/items&quot;}&#10;    domain: &quot;syntax&quot;&#10;    ignored: [&quot;$id&quot;,&quot;examples&quot;]&#10;warning: the following keywords are unknown and will be ignored: [$id, examples]&#10;    level: &quot;warning&quot;&#10;    schema: {&quot;loadingURI&quot;:&quot;#&quot;,&quot;pointer&quot;:&quot;/items/properties/status&quot;}&#10;    domain: &quot;syntax&quot;&#10;    ignored: [&quot;$id&quot;,&quot;examples&quot;]&#10;warning: the following keywords are unknown and will be ignored: [$id]&#10;    level: &quot;warning&quot;&#10;    schema: {&quot;loadingURI&quot;:&quot;#&quot;,&quot;pointer&quot;:&quot;/items/properties/tags&quot;}&#10;    domain: &quot;syntax&quot;&#10;    ignored: [&quot;$id&quot;]&#10;warning: the following keywords are unknown and will be ignored: [$id]&#10;    level: &quot;warning&quot;&#10;    schema: {&quot;loadingURI&quot;:&quot;#&quot;,&quot;pointer&quot;:&quot;/items/properties/tags/items&quot;}&#10;    domain: &quot;syntax&quot;&#10;    ignored: [&quot;$id&quot;]&#10;warning: the following keywords are unknown and will be ignored: [$id, examples]&#10;    level: &quot;warning&quot;&#10;    schema: {&quot;loadingURI&quot;:&quot;#&quot;,&quot;pointer&quot;:&quot;/items/properties/tags/items/properties/id&quot;}&#10;    domain: &quot;syntax&quot;&#10;    ignored: [&quot;$id&quot;,&quot;examples&quot;]&#10;warning: the following keywords are unknown and will be ignored: [$id, examples]&#10;    level: &quot;warning&quot;&#10;    schema: {&quot;loadingURI&quot;:&quot;#&quot;,&quot;pointer&quot;:&quot;/items/properties/tags/items/properties/name&quot;}&#10;    domain: &quot;syntax&quot;&#10;    ignored: [&quot;$id&quot;,&quot;examples&quot;]&#10;warning: the following keywords are unknown and will be ignored: [$id]&#10;    level: &quot;warning&quot;&#10;    schema: {&quot;loadingURI&quot;:&quot;#&quot;,&quot;pointer&quot;:&quot;/items/properties/category&quot;}&#10;    domain: &quot;syntax&quot;&#10;    ignored: [&quot;$id&quot;]&#10;warning: the following keywords are unknown and will be ignored: [$id, examples]&#10;    level: &quot;warning&quot;&#10;    schema: {&quot;loadingURI&quot;:&quot;#&quot;,&quot;pointer&quot;:&quot;/items/properties/category/properties/id&quot;}&#10;    domain: &quot;syntax&quot;&#10;    ignored: [&quot;$id&quot;,&quot;examples&quot;]&#10;warning: the following keywords are unknown and will be ignored: [$id, examples]&#10;    level: &quot;warning&quot;&#10;    schema: {&quot;loadingURI&quot;:&quot;#&quot;,&quot;pointer&quot;:&quot;/items/properties/category/properties/name&quot;}&#10;    domain: &quot;syntax&quot;&#10;    ignored: [&quot;$id&quot;,&quot;examples&quot;]&#10;warning: the following keywords are unknown and will be ignored: [$id, examples]&#10;    level: &quot;warning&quot;&#10;    schema: {&quot;loadingURI&quot;:&quot;#&quot;,&quot;pointer&quot;:&quot;/items/properties/category/properties/id&quot;}&#10;    domain: &quot;syntax&quot;&#10;    ignored: [&quot;$id&quot;,&quot;examples&quot;]&#10;warning: the following keywords are unknown and will be ignored: [$id, examples]&#10;    level: &quot;warning&quot;&#10;    schema: {&quot;loadingURI&quot;:&quot;#&quot;,&quot;pointer&quot;:&quot;/items/properties/category/properties/name&quot;}&#10;    domain: &quot;syntax&quot;&#10;    ignored: [&quot;$id&quot;,&quot;examples&quot;]&#10;warning: the following keywords are unknown and will be ignored: [$id, examples]&#10;    level: &quot;warning&quot;&#10;    schema: {&quot;loadingURI&quot;:&quot;#&quot;,&quot;pointer&quot;:&quot;/items/properties/id&quot;}&#10;    domain: &quot;syntax&quot;&#10;    ignored: [&quot;$id&quot;,&quot;examples&quot;]&#10;warning: the following keywords are unknown and will be ignored: [$id, examples]&#10;    level: &quot;warning&quot;&#10;    schema: {&quot;loadingURI&quot;:&quot;#&quot;,&quot;pointer&quot;:&quot;/items/properties/name&quot;}&#10;    domain: &quot;syntax&quot;&#10;    ignored: [&quot;$id&quot;,&quot;examples&quot;]&#10;warning: the following keywords are unknown and will be ignored: [$id]&#10;    level: &quot;warning&quot;&#10;    schema: {&quot;loadingURI&quot;:&quot;#&quot;,&quot;pointer&quot;:&quot;/items/properties/photoUrls&quot;}&#10;    domain: &quot;syntax&quot;&#10;    ignored: [&quot;$id&quot;]&#10;warning: the following keywords are unknown and will be ignored: [$id, examples]&#10;    level: &quot;warning&quot;&#10;    schema: {&quot;loadingURI&quot;:&quot;#&quot;,&quot;pointer&quot;:&quot;/items/properties/photoUrls/items&quot;}&#10;    domain: &quot;syntax&quot;&#10;    ignored: [&quot;$id&quot;,&quot;examples&quot;]&#10;warning: the following keywords are unknown and will be ignored: [$id, examples]&#10;    level: &quot;warning&quot;&#10;    schema: {&quot;loadingURI&quot;:&quot;#&quot;,&quot;pointer&quot;:&quot;/items/properties/photoUrls/items&quot;}&#10;    domain: &quot;syntax&quot;&#10;    ignored: [&quot;$id&quot;,&quot;examples&quot;]&#10;warning: the following keywords are unknown and will be ignored: [$id, examples]&#10;    level: &quot;warning&quot;&#10;    schema: {&quot;loadingURI&quot;:&quot;#&quot;,&quot;pointer&quot;:&quot;/items/properties/status&quot;}&#10;    domain: &quot;syntax&quot;&#10;    ignored: [&quot;$id&quot;,&quot;examples&quot;]&#10;warning: the following keywords are unknown and will be ignored: [$id]&#10;    level: &quot;warning&quot;&#10;    schema: {&quot;loadingURI&quot;:&quot;#&quot;,&quot;pointer&quot;:&quot;/items/properties/tags&quot;}&#10;    domain: &quot;syntax&quot;&#10;    ignored: [&quot;$id&quot;]&#10;warning: the following keywords are unknown and will be ignored: [$id]&#10;    level: &quot;warning&quot;&#10;    schema: {&quot;loadingURI&quot;:&quot;#&quot;,&quot;pointer&quot;:&quot;/items/properties/tags/items&quot;}&#10;    domain: &quot;syntax&quot;&#10;    ignored: [&quot;$id&quot;]&#10;warning: the following keywords are unknown and will be ignored: [$id, examples]&#10;    level: &quot;warning&quot;&#10;    schema: {&quot;loadingURI&quot;:&quot;#&quot;,&quot;pointer&quot;:&quot;/items/properties/tags/items/properties/id&quot;}&#10;    domain: &quot;syntax&quot;&#10;    ignored: [&quot;$id&quot;,&quot;examples&quot;]&#10;warning: the following keywords are unknown and will be ignored: [$id, examples]&#10;    level: &quot;warning&quot;&#10;    schema: {&quot;loadingURI&quot;:&quot;#&quot;,&quot;pointer&quot;:&quot;/items/properties/tags/items/properties/name&quot;}&#10;    domain: &quot;syntax&quot;&#10;    ignored: [&quot;$id&quot;,&quot;examples&quot;]&#10;warning: the following keywords are unknown and will be ignored: [$id]&#10;    level: &quot;warning&quot;&#10;    schema: {&quot;loadingURI&quot;:&quot;#&quot;,&quot;pointer&quot;:&quot;/items/properties/tags/items&quot;}&#10;    domain: &quot;syntax&quot;&#10;    ignored: [&quot;$id&quot;]&#10;warning: the following keywords are unknown and will be ignored: [$id, examples]&#10;    level: &quot;warning&quot;&#10;    schema: {&quot;loadingURI&quot;:&quot;#&quot;,&quot;pointer&quot;:&quot;/items/properties/tags/items/properties/id&quot;}&#10;    domain: &quot;syntax&quot;&#10;    ignored: [&quot;$id&quot;,&quot;examples&quot;]&#10;warning: the following keywords are unknown and will be ignored: [$id, examples]&#10;    level: &quot;warning&quot;&#10;    schema: {&quot;loadingURI&quot;:&quot;#&quot;,&quot;pointer&quot;:&quot;/items/properties/tags/items/properties/name&quot;}&#10;    domain: &quot;syntax&quot;&#10;    ignored: [&quot;$id&quot;,&quot;examples&quot;]&#10;warning: the following keywords are unknown and will be ignored: [$id, examples]&#10;    level: &quot;warning&quot;&#10;    schema: {&quot;loadingURI&quot;:&quot;#&quot;,&quot;pointer&quot;:&quot;/items/properties/tags/items/properties/id&quot;}&#10;    domain: &quot;syntax&quot;&#10;    ignored: [&quot;$id&quot;,&quot;examples&quot;]&#10;warning: the following keywords are unknown and will be ignored: [$id, examples]&#10;    level: &quot;warning&quot;&#10;    schema: {&quot;loadingURI&quot;:&quot;#&quot;,&quot;pointer&quot;:&quot;/items/properties/tags/items/properties/name&quot;}&#10;    domain: &quot;syntax&quot;&#10;    ignored: [&quot;$id&quot;,&quot;examples&quot;]&#10;warning: the following keywords are unknown and will be ignored: [$id]&#10;    level: &quot;warning&quot;&#10;    schema: {&quot;loadingURI&quot;:&quot;#&quot;,&quot;pointer&quot;:&quot;/items&quot;}&#10;    domain: &quot;syntax&quot;&#10;    ignored: [&quot;$id&quot;]&#10;warning: the following keywords are unknown and will be ignored: [$id]&#10;    level: &quot;warning&quot;&#10;    schema: {&quot;loadingURI&quot;:&quot;#&quot;,&quot;pointer&quot;:&quot;/items/properties/category&quot;}&#10;    domain: &quot;syntax&quot;&#10;    ignored: [&quot;$id&quot;]&#10;warning: the following keywords are unknown and will be ignored: [$id, examples]&#10;    level: &quot;warning&quot;&#10;    schema: {&quot;loadingURI&quot;:&quot;#&quot;,&quot;pointer&quot;:&quot;/items/properties/category/properties/id&quot;}&#10;    domain: &quot;syntax&quot;&#10;    ignored: [&quot;$id&quot;,&quot;examples&quot;]&#10;warning: the following keywords are unknown and will be ignored: [$id, examples]&#10;    level: &quot;warning&quot;&#10;    schema: {&quot;loadingURI&quot;:&quot;#&quot;,&quot;pointer&quot;:&quot;/items/properties/category/properties/name&quot;}&#10;    domain: &quot;syntax&quot;&#10;    ignored: [&quot;$id&quot;,&quot;examples&quot;]&#10;warning: the following keywords are unknown and will be ignored: [$id, examples]&#10;    level: &quot;warning&quot;&#10;    schema: {&quot;loadingURI&quot;:&quot;#&quot;,&quot;pointer&quot;:&quot;/items/properties/id&quot;}&#10;    domain: &quot;syntax&quot;&#10;    ignored: [&quot;$id&quot;,&quot;examples&quot;]&#10;warning: the following keywords are unknown and will be ignored: [$id, examples]&#10;    level: &quot;warning&quot;&#10;    schema: {&quot;loadingURI&quot;:&quot;#&quot;,&quot;pointer&quot;:&quot;/items/properties/name&quot;}&#10;    domain: &quot;syntax&quot;&#10;    ignored: [&quot;$id&quot;,&quot;examples&quot;]&#10;warning: the following keywords are unknown and will be ignored: [$id]&#10;    level: &quot;warning&quot;&#10;    schema: {&quot;loadingURI&quot;:&quot;#&quot;,&quot;pointer&quot;:&quot;/items/properties/photoUrls&quot;}&#10;    domain: &quot;syntax&quot;&#10;    ignored: [&quot;$id&quot;]&#10;warning: the following keywords are unknown and will be ignored: [$id, examples]&#10;    level: &quot;warning&quot;&#10;    schema: {&quot;loadingURI&quot;:&quot;#&quot;,&quot;pointer&quot;:&quot;/items/properties/photoUrls/items&quot;}&#10;    domain: &quot;syntax&quot;&#10;    ignored: [&quot;$id&quot;,&quot;examples&quot;]&#10;warning: the following keywords are unknown and will be ignored: [$id, examples]&#10;    level: &quot;warning&quot;&#10;    schema: {&quot;loadingURI&quot;:&quot;#&quot;,&quot;pointer&quot;:&quot;/items/properties/status&quot;}&#10;    domain: &quot;syntax&quot;&#10;    ignored: [&quot;$id&quot;,&quot;examples&quot;]&#10;warning: the following keywords are unknown and will be ignored: [$id]&#10;    level: &quot;warning&quot;&#10;    schema: {&quot;loadingURI&quot;:&quot;#&quot;,&quot;pointer&quot;:&quot;/items/properties/tags&quot;}&#10;    domain: &quot;syntax&quot;&#10;    ignored: [&quot;$id&quot;]&#10;warning: the following keywords are unknown and will be ignored: [$id]&#10;    level: &quot;warning&quot;&#10;    schema: {&quot;loadingURI&quot;:&quot;#&quot;,&quot;pointer&quot;:&quot;/items/properties/tags/items&quot;}&#10;    domain: &quot;syntax&quot;&#10;    ignored: [&quot;$id&quot;]&#10;warning: the following keywords are unknown and will be ignored: [$id, examples]&#10;    level: &quot;warning&quot;&#10;    schema: {&quot;loadingURI&quot;:&quot;#&quot;,&quot;pointer&quot;:&quot;/items/properties/tags/items/properties/id&quot;}&#10;    domain: &quot;syntax&quot;&#10;    ignored: [&quot;$id&quot;,&quot;examples&quot;]&#10;warning: the following keywords are unknown and will be ignored: [$id, examples]&#10;    level: &quot;warning&quot;&#10;    schema: {&quot;loadingURI&quot;:&quot;#&quot;,&quot;pointer&quot;:&quot;/items/properties/tags/items/properties/name&quot;}&#10;    domain: &quot;syntax&quot;&#10;    ignored: [&quot;$id&quot;,&quot;examples&quot;]&#10;warning: the following keywords are unknown and will be ignored: [$id]&#10;    level: &quot;warning&quot;&#10;    schema: {&quot;loadingURI&quot;:&quot;#&quot;,&quot;pointer&quot;:&quot;/items/properties/category&quot;}&#10;    domain: &quot;syntax&quot;&#10;    ignored: [&quot;$id&quot;]&#10;warning: the following keywords are unknown and will be ignored: [$id, examples]&#10;    level: &quot;warning&quot;&#10;    schema: {&quot;loadingURI&quot;:&quot;#&quot;,&quot;pointer&quot;:&quot;/items/properties/category/properties/id&quot;}&#10;    domain: &quot;syntax&quot;&#10;    ignored: [&quot;$id&quot;,&quot;examples&quot;]&#10;warning: the following keywords are unknown and will be ignored: [$id, examples]&#10;    level: &quot;warning&quot;&#10;    schema: {&quot;loadingURI&quot;:&quot;#&quot;,&quot;pointer&quot;:&quot;/items/properties/category/properties/name&quot;}&#10;    domain: &quot;syntax&quot;&#10;    ignored: [&quot;$id&quot;,&quot;examples&quot;]&#10;warning: the following keywords are unknown and will be ignored: [$id, examples]&#10;    level: &quot;warning&quot;&#10;    schema: {&quot;loadingURI&quot;:&quot;#&quot;,&quot;pointer&quot;:&quot;/items/properties/category/properties/id&quot;}&#10;    domain: &quot;syntax&quot;&#10;    ignored: [&quot;$id&quot;,&quot;examples&quot;]&#10;warning: the following keywords are unknown and will be ignored: [$id, examples]&#10;    level: &quot;warning&quot;&#10;    schema: {&quot;loadingURI&quot;:&quot;#&quot;,&quot;pointer&quot;:&quot;/items/properties/category/properties/name&quot;}&#10;    domain: &quot;syntax&quot;&#10;    ignored: [&quot;$id&quot;,&quot;examples&quot;]&#10;warning: the following keywords are unknown and will be ignored: [$id, examples]&#10;    level: &quot;warning&quot;&#10;    schema: {&quot;loadingURI&quot;:&quot;#&quot;,&quot;pointer&quot;:&quot;/items/properties/id&quot;}&#10;    domain: &quot;syntax&quot;&#10;    ignored: [&quot;$id&quot;,&quot;examples&quot;]&#10;warning: the following keywords are unknown and will be ignored: [$id, examples]&#10;    level: &quot;warning&quot;&#10;    schema: {&quot;loadingURI&quot;:&quot;#&quot;,&quot;pointer&quot;:&quot;/items/properties/name&quot;}&#10;    domain: &quot;syntax&quot;&#10;    ignored: [&quot;$id&quot;,&quot;examples&quot;]&#10;warning: the following keywords are unknown and will be ignored: [$id]&#10;    level: &quot;warning&quot;&#10;    schema: {&quot;loadingURI&quot;:&quot;#&quot;,&quot;pointer&quot;:&quot;/items/properties/photoUrls&quot;}&#10;    domain: &quot;syntax&quot;&#10;    ignored: [&quot;$id&quot;]&#10;warning: the following keywords are unknown and will be ignored: [$id, examples]&#10;    level: &quot;warning&quot;&#10;    schema: {&quot;loadingURI&quot;:&quot;#&quot;,&quot;pointer&quot;:&quot;/items/properties/photoUrls/items&quot;}&#10;    domain: &quot;syntax&quot;&#10;    ignored: [&quot;$id&quot;,&quot;examples&quot;]&#10;warning: the following keywords are unknown and will be ignored: [$id, examples]&#10;    level: &quot;warning&quot;&#10;    schema: {&quot;loadingURI&quot;:&quot;#&quot;,&quot;pointer&quot;:&quot;/items/properties/photoUrls/items&quot;}&#10;    domain: &quot;syntax&quot;&#10;    ignored: [&quot;$id&quot;,&quot;examples&quot;]&#10;warning: the following keywords are unknown and will be ignored: [$id, examples]&#10;    level: &quot;warning&quot;&#10;    schema: {&quot;loadingURI&quot;:&quot;#&quot;,&quot;pointer&quot;:&quot;/items/properties/status&quot;}&#10;    domain: &quot;syntax&quot;&#10;    ignored: [&quot;$id&quot;,&quot;examples&quot;]&#10;warning: the following keywords are unknown and will be ignored: [$id]&#10;    level: &quot;warning&quot;&#10;    schema: {&quot;loadingURI&quot;:&quot;#&quot;,&quot;pointer&quot;:&quot;/items/properties/tags&quot;}&#10;    domain: &quot;syntax&quot;&#10;    ignored: [&quot;$id&quot;]&#10;warning: the following keywords are unknown and will be ignored: [$id]&#10;    level: &quot;warning&quot;&#10;    schema: {&quot;loadingURI&quot;:&quot;#&quot;,&quot;pointer&quot;:&quot;/items/properties/tags/items&quot;}&#10;    domain: &quot;syntax&quot;&#10;    ignored: [&quot;$id&quot;]&#10;warning: the following keywords are unknown and will be ignored: [$id, examples]&#10;    level: &quot;warning&quot;&#10;    schema: {&quot;loadingURI&quot;:&quot;#&quot;,&quot;pointer&quot;:&quot;/items/properties/tags/items/properties/id&quot;}&#10;    domain: &quot;syntax&quot;&#10;    ignored: [&quot;$id&quot;,&quot;examples&quot;]&#10;warning: the following keywords are unknown and will be ignored: [$id, examples]&#10;    level: &quot;warning&quot;&#10;    schema: {&quot;loadingURI&quot;:&quot;#&quot;,&quot;pointer&quot;:&quot;/items/properties/tags/items/properties/name&quot;}&#10;    domain: &quot;syntax&quot;&#10;    ignored: [&quot;$id&quot;,&quot;examples&quot;]&#10;warning: the following keywords are unknown and will be ignored: [$id]&#10;    level: &quot;warning&quot;&#10;    schema: {&quot;loadingURI&quot;:&quot;#&quot;,&quot;pointer&quot;:&quot;/items/properties/tags/items&quot;}&#10;    domain: &quot;syntax&quot;&#10;    ignored: [&quot;$id&quot;]&#10;warning: the following keywords are unknown and will be ignored: [$id, examples]&#10;    level: &quot;warning&quot;&#10;    schema: {&quot;loadingURI&quot;:&quot;#&quot;,&quot;pointer&quot;:&quot;/items/properties/tags/items/properties/id&quot;}&#10;    domain: &quot;syntax&quot;&#10;    ignored: [&quot;$id&quot;,&quot;examples&quot;]&#10;warning: the following keywords are unknown and will be ignored: [$id, examples]&#10;    level: &quot;warning&quot;&#10;    schema: {&quot;loadingURI&quot;:&quot;#&quot;,&quot;pointer&quot;:&quot;/items/properties/tags/items/properties/name&quot;}&#10;    domain: &quot;syntax&quot;&#10;    ignored: [&quot;$id&quot;,&quot;examples&quot;]&#10;warning: the following keywords are unknown and will be ignored: [$id, examples]&#10;    level: &quot;warning&quot;&#10;    schema: {&quot;loadingURI&quot;:&quot;#&quot;,&quot;pointer&quot;:&quot;/items/properties/tags/items/properties/id&quot;}&#10;    domain: &quot;syntax&quot;&#10;    ignored: [&quot;$id&quot;,&quot;examples&quot;]&#10;warning: the following keywords are unknown and will be ignored: [$id, examples]&#10;    level: &quot;warning&quot;&#10;    schema: {&quot;loadingURI&quot;:&quot;#&quot;,&quot;pointer&quot;:&quot;/items/properties/tags/items/properties/name&quot;}&#10;    domain: &quot;syntax&quot;&#10;    ignored: [&quot;$id&quot;,&quot;examples&quot;]&#10;warning: the following keywords are unknown and will be ignored: [$id]&#10;    level: &quot;warning&quot;&#10;    schema: {&quot;loadingURI&quot;:&quot;#&quot;,&quot;pointer&quot;:&quot;/items&quot;}&#10;    domain: &quot;syntax&quot;&#10;    ignored: [&quot;$id&quot;]&#10;warning: the following keywords are unknown and will be ignored: [$id]&#10;    level: &quot;warning&quot;&#10;    schema: {&quot;loadingURI&quot;:&quot;#&quot;,&quot;pointer&quot;:&quot;/items/properties/category&quot;}&#10;    domain: &quot;syntax&quot;&#10;    ignored: [&quot;$id&quot;]&#10;warning: the following keywords are unknown and will be ignored: [$id, examples]&#10;    level: &quot;warning&quot;&#10;    schema: {&quot;loadingURI&quot;:&quot;#&quot;,&quot;pointer&quot;:&quot;/items/properties/category/properties/id&quot;}&#10;    domain: &quot;syntax&quot;&#10;    ignored: [&quot;$id&quot;,&quot;examples&quot;]&#10;warning: the following keywords are unknown and will be ignored: [$id, examples]&#10;    level: &quot;warning&quot;&#10;    schema: {&quot;loadingURI&quot;:&quot;#&quot;,&quot;pointer&quot;:&quot;/items/properties/category/properties/name&quot;}&#10;    domain: &quot;syntax&quot;&#10;    ignored: [&quot;$id&quot;,&quot;examples&quot;]&#10;warning: the following keywords are unknown and will be ignored: [$id, examples]&#10;    level: &quot;warning&quot;&#10;    schema: {&quot;loadingURI&quot;:&quot;#&quot;,&quot;pointer&quot;:&quot;/items/properties/id&quot;}&#10;    domain: &quot;syntax&quot;&#10;    ignored: [&quot;$id&quot;,&quot;examples&quot;]&#10;warning: the following keywords are unknown and will be ignored: [$id, examples]&#10;    level: &quot;warning&quot;&#10;    schema: {&quot;loadingURI&quot;:&quot;#&quot;,&quot;pointer&quot;:&quot;/items/properties/name&quot;}&#10;    domain: &quot;syntax&quot;&#10;    ignored: [&quot;$id&quot;,&quot;examples&quot;]&#10;warning: the following keywords are unknown and will be ignored: [$id]&#10;    level: &quot;warning&quot;&#10;    schema: {&quot;loadingURI&quot;:&quot;#&quot;,&quot;pointer&quot;:&quot;/items/properties/photoUrls&quot;}&#10;    domain: &quot;syntax&quot;&#10;    ignored: [&quot;$id&quot;]&#10;warning: the following keywords are unknown and will be ignored: [$id, examples]&#10;    level: &quot;warning&quot;&#10;    schema: {&quot;loadingURI&quot;:&quot;#&quot;,&quot;pointer&quot;:&quot;/items/properties/photoUrls/items&quot;}&#10;    domain: &quot;syntax&quot;&#10;    ignored: [&quot;$id&quot;,&quot;examples&quot;]&#10;warning: the following keywords are unknown and will be ignored: [$id, examples]&#10;    level: &quot;warning&quot;&#10;    schema: {&quot;loadingURI&quot;:&quot;#&quot;,&quot;pointer&quot;:&quot;/items/properties/status&quot;}&#10;    domain: &quot;syntax&quot;&#10;    ignored: [&quot;$id&quot;,&quot;examples&quot;]&#10;warning: the following keywords are unknown and will be ignored: [$id]&#10;    level: &quot;warning&quot;&#10;    schema: {&quot;loadingURI&quot;:&quot;#&quot;,&quot;pointer&quot;:&quot;/items/properties/tags&quot;}&#10;    domain: &quot;syntax&quot;&#10;    ignored: [&quot;$id&quot;]&#10;warning: the following keywords are unknown and will be ignored: [$id]&#10;    level: &quot;warning&quot;&#10;    schema: {&quot;loadingURI&quot;:&quot;#&quot;,&quot;pointer&quot;:&quot;/items/properties/tags/items&quot;}&#10;    domain: &quot;syntax&quot;&#10;    ignored: [&quot;$id&quot;]&#10;warning: the following keywords are unknown and will be ignored: [$id, examples]&#10;    level: &quot;warning&quot;&#10;    schema: {&quot;loadingURI&quot;:&quot;#&quot;,&quot;pointer&quot;:&quot;/items/properties/tags/items/properties/id&quot;}&#10;    domain: &quot;syntax&quot;&#10;    ignored: [&quot;$id&quot;,&quot;examples&quot;]&#10;warning: the following keywords are unknown and will be ignored: [$id, examples]&#10;    level: &quot;warning&quot;&#10;    schema: {&quot;loadingURI&quot;:&quot;#&quot;,&quot;pointer&quot;:&quot;/items/properties/tags/items/properties/name&quot;}&#10;    domain: &quot;syntax&quot;&#10;    ignored: [&quot;$id&quot;,&quot;examples&quot;]&#10;warning: the following keywords are unknown and will be ignored: [$id]&#10;    level: &quot;warning&quot;&#10;    schema: {&quot;loadingURI&quot;:&quot;#&quot;,&quot;pointer&quot;:&quot;/items/properties/category&quot;}&#10;    domain: &quot;syntax&quot;&#10;    ignored: [&quot;$id&quot;]&#10;warning: the following keywords are unknown and will be ignored: [$id, examples]&#10;    level: &quot;warning&quot;&#10;    schema: {&quot;loadingURI&quot;:&quot;#&quot;,&quot;pointer&quot;:&quot;/items/properties/category/properties/id&quot;}&#10;    domain: &quot;syntax&quot;&#10;    ignored: [&quot;$id&quot;,&quot;examples&quot;]&#10;warning: the following keywords are unknown and will be ignored: [$id, examples]&#10;    level: &quot;warning&quot;&#10;    schema: {&quot;loadingURI&quot;:&quot;#&quot;,&quot;pointer&quot;:&quot;/items/properties/category/properties/name&quot;}&#10;    domain: &quot;syntax&quot;&#10;    ignored: [&quot;$id&quot;,&quot;examples&quot;]&#10;warning: the following keywords are unknown and will be ignored: [$id, examples]&#10;    level: &quot;warning&quot;&#10;    schema: {&quot;loadingURI&quot;:&quot;#&quot;,&quot;pointer&quot;:&quot;/items/properties/category/properties/id&quot;}&#10;    domain: &quot;syntax&quot;&#10;    ignored: [&quot;$id&quot;,&quot;examples&quot;]&#10;warning: the following keywords are unknown and will be ignored: [$id, examples]&#10;    level: &quot;warning&quot;&#10;    schema: {&quot;loadingURI&quot;:&quot;#&quot;,&quot;pointer&quot;:&quot;/items/properties/category/properties/name&quot;}&#10;    domain: &quot;syntax&quot;&#10;    ignored: [&quot;$id&quot;,&quot;examples&quot;]&#10;warning: the following keywords are unknown and will be ignored: [$id, examples]&#10;    level: &quot;warning&quot;&#10;    schema: {&quot;loadingURI&quot;:&quot;#&quot;,&quot;pointer&quot;:&quot;/items/properties/id&quot;}&#10;    domain: &quot;syntax&quot;&#10;    ignored: [&quot;$id&quot;,&quot;examples&quot;]&#10;warning: the following keywords are unknown and will be ignored: [$id, examples]&#10;    level: &quot;warning&quot;&#10;    schema: {&quot;loadingURI&quot;:&quot;#&quot;,&quot;pointer&quot;:&quot;/items/properties/name&quot;}&#10;    domain: &quot;syntax&quot;&#10;    ignored: [&quot;$id&quot;,&quot;examples&quot;]&#10;warning: the following keywords are unknown and will be ignored: [$id]&#10;    level: &quot;warning&quot;&#10;    schema: {&quot;loadingURI&quot;:&quot;#&quot;,&quot;pointer&quot;:&quot;/items/properties/photoUrls&quot;}&#10;    domain: &quot;syntax&quot;&#10;    ignored: [&quot;$id&quot;]&#10;warning: the following keywords are unknown and will be ignored: [$id, examples]&#10;    level: &quot;warning&quot;&#10;    schema: {&quot;loadingURI&quot;:&quot;#&quot;,&quot;pointer&quot;:&quot;/items/properties/photoUrls/items&quot;}&#10;    domain: &quot;syntax&quot;&#10;    ignored: [&quot;$id&quot;,&quot;examples&quot;]&#10;warning: the following keywords are unknown and will be ignored: [$id, examples]&#10;    level: &quot;warning&quot;&#10;    schema: {&quot;loadingURI&quot;:&quot;#&quot;,&quot;pointer&quot;:&quot;/items/properties/photoUrls/items&quot;}&#10;    domain: &quot;syntax&quot;&#10;    ignored: [&quot;$id&quot;,&quot;examples&quot;]&#10;warning: the following keywords are unknown and will be ignored: [$id, examples]&#10;    level: &quot;warning&quot;&#10;    schema: {&quot;loadingURI&quot;:&quot;#&quot;,&quot;pointer&quot;:&quot;/items/properties/status&quot;}&#10;    domain: &quot;syntax&quot;&#10;    ignored: [&quot;$id&quot;,&quot;examples&quot;]&#10;warning: the following keywords are unknown and will be ignored: [$id]&#10;    level: &quot;warning&quot;&#10;    schema: {&quot;loadingURI&quot;:&quot;#&quot;,&quot;pointer&quot;:&quot;/items/properties/tags&quot;}&#10;    domain: &quot;syntax&quot;&#10;    ignored: [&quot;$id&quot;]&#10;warning: the following keywords are unknown and will be ignored: [$id]&#10;    level: &quot;warning&quot;&#10;    schema: {&quot;loadingURI&quot;:&quot;#&quot;,&quot;pointer&quot;:&quot;/items/properties/tags/items&quot;}&#10;    domain: &quot;syntax&quot;&#10;    ignored: [&quot;$id&quot;]&#10;warning: the following keywords are unknown and will be ignored: [$id, examples]&#10;    level: &quot;warning&quot;&#10;    schema: {&quot;loadingURI&quot;:&quot;#&quot;,&quot;pointer&quot;:&quot;/items/properties/tags/items/properties/id&quot;}&#10;    domain: &quot;syntax&quot;&#10;    ignored: [&quot;$id&quot;,&quot;examples&quot;]&#10;warning: the following keywords are unknown and will be ignored: [$id, examples]&#10;    level: &quot;warning&quot;&#10;    schema: {&quot;loadingURI&quot;:&quot;#&quot;,&quot;pointer&quot;:&quot;/items/properties/tags/items/properties/name&quot;}&#10;    domain: &quot;syntax&quot;&#10;    ignored: [&quot;$id&quot;,&quot;examples&quot;]&#10;warning: the following keywords are unknown and will be ignored: [$id]&#10;    level: &quot;warning&quot;&#10;    schema: {&quot;loadingURI&quot;:&quot;#&quot;,&quot;pointer&quot;:&quot;/items/properties/tags/items&quot;}&#10;    domain: &quot;syntax&quot;&#10;    ignored: [&quot;$id&quot;]&#10;warning: the following keywords are unknown and will be ignored: [$id, examples]&#10;    level: &quot;warning&quot;&#10;    schema: {&quot;loadingURI&quot;:&quot;#&quot;,&quot;pointer&quot;:&quot;/items/properties/tags/items/properties/id&quot;}&#10;    domain: &quot;syntax&quot;&#10;    ignored: [&quot;$id&quot;,&quot;examples&quot;]&#10;warning: the following keywords are unknown and will be ignored: [$id, examples]&#10;    level: &quot;warning&quot;&#10;    schema: {&quot;loadingURI&quot;:&quot;#&quot;,&quot;pointer&quot;:&quot;/items/properties/tags/items/properties/name&quot;}&#10;    domain: &quot;syntax&quot;&#10;    ignored: [&quot;$id&quot;,&quot;examples&quot;]&#10;warning: the following keywords are unknown and will be ignored: [$id, examples]&#10;    level: &quot;warning&quot;&#10;    schema: {&quot;loadingURI&quot;:&quot;#&quot;,&quot;pointer&quot;:&quot;/items/properties/tags/items/properties/id&quot;}&#10;    domain: &quot;syntax&quot;&#10;    ignored: [&quot;$id&quot;,&quot;examples&quot;]&#10;warning: the following keywords are unknown and will be ignored: [$id, examples]&#10;    level: &quot;warning&quot;&#10;    schema: {&quot;loadingURI&quot;:&quot;#&quot;,&quot;pointer&quot;:&quot;/items/properties/tags/items/properties/name&quot;}&#10;    domain: &quot;syntax&quot;&#10;    ignored: [&quot;$id&quot;,&quot;examples&quot;]&#10;warning: the following keywords are unknown and will be ignored: [$id]&#10;    level: &quot;warning&quot;&#10;    schema: {&quot;loadingURI&quot;:&quot;#&quot;,&quot;pointer&quot;:&quot;/items&quot;}&#10;    domain: &quot;syntax&quot;&#10;    ignored: [&quot;$id&quot;]&#10;warning: the following keywords are unknown and will be ignored: [$id]&#10;    level: &quot;warning&quot;&#10;    schema: {&quot;loadingURI&quot;:&quot;#&quot;,&quot;pointer&quot;:&quot;/items/properties/category&quot;}&#10;    domain: &quot;syntax&quot;&#10;    ignored: [&quot;$id&quot;]&#10;warning: the following keywords are unknown and will be ignored: [$id, examples]&#10;    level: &quot;warning&quot;&#10;    schema: {&quot;loadingURI&quot;:&quot;#&quot;,&quot;pointer&quot;:&quot;/items/properties/category/properties/id&quot;}&#10;    domain: &quot;syntax&quot;&#10;    ignored: [&quot;$id&quot;,&quot;examples&quot;]&#10;warning: the following keywords are unknown and will be ignored: [$id, examples]&#10;    level: &quot;warning&quot;&#10;    schema: {&quot;loadingURI&quot;:&quot;#&quot;,&quot;pointer&quot;:&quot;/items/properties/category/properties/name&quot;}&#10;    domain: &quot;syntax&quot;&#10;    ignored: [&quot;$id&quot;,&quot;examples&quot;]&#10;warning: the following keywords are unknown and will be ignored: [$id, examples]&#10;    level: &quot;warning&quot;&#10;    schema: {&quot;loadingURI&quot;:&quot;#&quot;,&quot;pointer&quot;:&quot;/items/properties/id&quot;}&#10;    domain: &quot;syntax&quot;&#10;    ignored: [&quot;$id&quot;,&quot;examples&quot;]&#10;warning: the following keywords are unknown and will be ignored: [$id, examples]&#10;    level: &quot;warning&quot;&#10;    schema: {&quot;loadingURI&quot;:&quot;#&quot;,&quot;pointer&quot;:&quot;/items/properties/name&quot;}&#10;    domain: &quot;syntax&quot;&#10;    ignored: [&quot;$id&quot;,&quot;examples&quot;]&#10;warning: the following keywords are unknown and will be ignored: [$id]&#10;    level: &quot;warning&quot;&#10;    schema: {&quot;loadingURI&quot;:&quot;#&quot;,&quot;pointer&quot;:&quot;/items/properties/photoUrls&quot;}&#10;    domain: &quot;syntax&quot;&#10;    ignored: [&quot;$id&quot;]&#10;warning: the following keywords are unknown and will be ignored: [$id, examples]&#10;    level: &quot;warning&quot;&#10;    schema: {&quot;loadingURI&quot;:&quot;#&quot;,&quot;pointer&quot;:&quot;/items/properties/photoUrls/items&quot;}&#10;    domain: &quot;syntax&quot;&#10;    ignored: [&quot;$id&quot;,&quot;examples&quot;]&#10;warning: the following keywords are unknown and will be ignored: [$id, examples]&#10;    level: &quot;warning&quot;&#10;    schema: {&quot;loadingURI&quot;:&quot;#&quot;,&quot;pointer&quot;:&quot;/items/properties/status&quot;}&#10;    domain: &quot;syntax&quot;&#10;    ignored: [&quot;$id&quot;,&quot;examples&quot;]&#10;warning: the following keywords are unknown and will be ignored: [$id]&#10;    level: &quot;warning&quot;&#10;    schema: {&quot;loadingURI&quot;:&quot;#&quot;,&quot;pointer&quot;:&quot;/items/properties/tags&quot;}&#10;    domain: &quot;syntax&quot;&#10;    ignored: [&quot;$id&quot;]&#10;warning: the following keywords are unknown and will be ignored: [$id]&#10;    level: &quot;warning&quot;&#10;    schema: {&quot;loadingURI&quot;:&quot;#&quot;,&quot;pointer&quot;:&quot;/items/properties/tags/items&quot;}&#10;    domain: &quot;syntax&quot;&#10;    ignored: [&quot;$id&quot;]&#10;warning: the following keywords are unknown and will be ignored: [$id, examples]&#10;    level: &quot;warning&quot;&#10;    schema: {&quot;loadingURI&quot;:&quot;#&quot;,&quot;pointer&quot;:&quot;/items/properties/tags/items/properties/id&quot;}&#10;    domain: &quot;syntax&quot;&#10;    ignored: [&quot;$id&quot;,&quot;examples&quot;]&#10;warning: the following keywords are unknown and will be ignored: [$id, examples]&#10;    level: &quot;warning&quot;&#10;    schema: {&quot;loadingURI&quot;:&quot;#&quot;,&quot;pointer&quot;:&quot;/items/properties/tags/items/properties/name&quot;}&#10;    domain: &quot;syntax&quot;&#10;    ignored: [&quot;$id&quot;,&quot;examples&quot;]&#10;warning: the following keywords are unknown and will be ignored: [$id]&#10;    level: &quot;warning&quot;&#10;    schema: {&quot;loadingURI&quot;:&quot;#&quot;,&quot;pointer&quot;:&quot;/items/properties/category&quot;}&#10;    domain: &quot;syntax&quot;&#10;    ignored: [&quot;$id&quot;]&#10;warning: the following keywords are unknown and will be ignored: [$id, examples]&#10;    level: &quot;warning&quot;&#10;    schema: {&quot;loadingURI&quot;:&quot;#&quot;,&quot;pointer&quot;:&quot;/items/properties/category/properties/id&quot;}&#10;    domain: &quot;syntax&quot;&#10;    ignored: [&quot;$id&quot;,&quot;examples&quot;]&#10;warning: the following keywords are unknown and will be ignored: [$id, examples]&#10;    level: &quot;warning&quot;&#10;    schema: {&quot;loadingURI&quot;:&quot;#&quot;,&quot;pointer&quot;:&quot;/items/properties/category/properties/name&quot;}&#10;    domain: &quot;syntax&quot;&#10;    ignored: [&quot;$id&quot;,&quot;examples&quot;]&#10;warning: the following keywords are unknown and will be ignored: [$id, examples]&#10;    level: &quot;warning&quot;&#10;    schema: {&quot;loadingURI&quot;:&quot;#&quot;,&quot;pointer&quot;:&quot;/items/properties/category/properties/id&quot;}&#10;    domain: &quot;syntax&quot;&#10;    ignored: [&quot;$id&quot;,&quot;examples&quot;]&#10;warning: the following keywords are unknown and will be ignored: [$id, examples]&#10;    level: &quot;warning&quot;&#10;    schema: {&quot;loadingURI&quot;:&quot;#&quot;,&quot;pointer&quot;:&quot;/items/properties/category/properties/name&quot;}&#10;    domain: &quot;syntax&quot;&#10;    ignored: [&quot;$id&quot;,&quot;examples&quot;]&#10;warning: the following keywords are unknown and will be ignored: [$id, examples]&#10;    level: &quot;warning&quot;&#10;    schema: {&quot;loadingURI&quot;:&quot;#&quot;,&quot;pointer&quot;:&quot;/items/properties/id&quot;}&#10;    domain: &quot;syntax&quot;&#10;    ignored: [&quot;$id&quot;,&quot;examples&quot;]&#10;warning: the following keywords are unknown and will be ignored: [$id, examples]&#10;    level: &quot;warning&quot;&#10;    schema: {&quot;loadingURI&quot;:&quot;#&quot;,&quot;pointer&quot;:&quot;/items/properties/name&quot;}&#10;    domain: &quot;syntax&quot;&#10;    ignored: [&quot;$id&quot;,&quot;examples&quot;]&#10;warning: the following keywords are unknown and will be ignored: [$id]&#10;    level: &quot;warning&quot;&#10;    schema: {&quot;loadingURI&quot;:&quot;#&quot;,&quot;pointer&quot;:&quot;/items/properties/photoUrls&quot;}&#10;    domain: &quot;syntax&quot;&#10;    ignored: [&quot;$id&quot;]&#10;warning: the following keywords are unknown and will be ignored: [$id, examples]&#10;    level: &quot;warning&quot;&#10;    schema: {&quot;loadingURI&quot;:&quot;#&quot;,&quot;pointer&quot;:&quot;/items/properties/photoUrls/items&quot;}&#10;    domain: &quot;syntax&quot;&#10;    ignored: [&quot;$id&quot;,&quot;examples&quot;]&#10;warning: the following keywords are unknown and will be ignored: [$id, examples]&#10;    level: &quot;warning&quot;&#10;    schema: {&quot;loadingURI&quot;:&quot;#&quot;,&quot;pointer&quot;:&quot;/items/properties/photoUrls/items&quot;}&#10;    domain: &quot;syntax&quot;&#10;    ignored: [&quot;$id&quot;,&quot;examples&quot;]&#10;warning: the following keywords are unknown and will be ignored: [$id, examples]&#10;    level: &quot;warning&quot;&#10;    schema: {&quot;loadingURI&quot;:&quot;#&quot;,&quot;pointer&quot;:&quot;/items/properties/status&quot;}&#10;    domain: &quot;syntax&quot;&#10;    ignored: [&quot;$id&quot;,&quot;examples&quot;]&#10;warning: the following keywords are unknown and will be ignored: [$id]&#10;    level: &quot;warning&quot;&#10;    schema: {&quot;loadingURI&quot;:&quot;#&quot;,&quot;pointer&quot;:&quot;/items/properties/tags&quot;}&#10;    domain: &quot;syntax&quot;&#10;    ignored: [&quot;$id&quot;]&#10;warning: the following keywords are unknown and will be ignored: [$id]&#10;    level: &quot;warning&quot;&#10;    schema: {&quot;loadingURI&quot;:&quot;#&quot;,&quot;pointer&quot;:&quot;/items/properties/tags/items&quot;}&#10;    domain: &quot;syntax&quot;&#10;    ignored: [&quot;$id&quot;]&#10;warning: the following keywords are unknown and will be ignored: [$id, examples]&#10;    level: &quot;warning&quot;&#10;    schema: {&quot;loadingURI&quot;:&quot;#&quot;,&quot;pointer&quot;:&quot;/items/properties/tags/items/properties/id&quot;}&#10;    domain: &quot;syntax&quot;&#10;    ignored: [&quot;$id&quot;,&quot;examples&quot;]&#10;warning: the following keywords are unknown and will be ignored: [$id, examples]&#10;    level: &quot;warning&quot;&#10;    schema: {&quot;loadingURI&quot;:&quot;#&quot;,&quot;pointer&quot;:&quot;/items/properties/tags/items/properties/name&quot;}&#10;    domain: &quot;syntax&quot;&#10;    ignored: [&quot;$id&quot;,&quot;examples&quot;]&#10;warning: the following keywords are unknown and will be ignored: [$id]&#10;    level: &quot;warning&quot;&#10;    schema: {&quot;loadingURI&quot;:&quot;#&quot;,&quot;pointer&quot;:&quot;/items/properties/tags/items&quot;}&#10;    domain: &quot;syntax&quot;&#10;    ignored: [&quot;$id&quot;]&#10;warning: the following keywords are unknown and will be ignored: [$id, examples]&#10;    level: &quot;warning&quot;&#10;    schema: {&quot;loadingURI&quot;:&quot;#&quot;,&quot;pointer&quot;:&quot;/items/properties/tags/items/properties/id&quot;}&#10;    domain: &quot;syntax&quot;&#10;    ignored: [&quot;$id&quot;,&quot;examples&quot;]&#10;warning: the following keywords are unknown and will be ignored: [$id, examples]&#10;    level: &quot;warning&quot;&#10;    schema: {&quot;loadingURI&quot;:&quot;#&quot;,&quot;pointer&quot;:&quot;/items/properties/tags/items/properties/name&quot;}&#10;    domain: &quot;syntax&quot;&#10;    ignored: [&quot;$id&quot;,&quot;examples&quot;]&#10;warning: the following keywords are unknown and will be ignored: [$id, examples]&#10;    level: &quot;warning&quot;&#10;    schema: {&quot;loadingURI&quot;:&quot;#&quot;,&quot;pointer&quot;:&quot;/items/properties/tags/items/properties/id&quot;}&#10;    domain: &quot;syntax&quot;&#10;    ignored: [&quot;$id&quot;,&quot;examples&quot;]&#10;warning: the following keywords are unknown and will be ignored: [$id, examples]&#10;    level: &quot;warning&quot;&#10;    schema: {&quot;loadingURI&quot;:&quot;#&quot;,&quot;pointer&quot;:&quot;/items/properties/tags/items/properties/name&quot;}&#10;    domain: &quot;syntax&quot;&#10;    ignored: [&quot;$id&quot;,&quot;examples&quot;]&#10;warning: the following keywords are unknown and will be ignored: [$id]&#10;    level: &quot;warning&quot;&#10;    schema: {&quot;loadingURI&quot;:&quot;#&quot;,&quot;pointer&quot;:&quot;/items&quot;}&#10;    domain: &quot;syntax&quot;&#10;    ignored: [&quot;$id&quot;]&#10;warning: the following keywords are unknown and will be ignored: [$id]&#10;    level: &quot;warning&quot;&#10;    schema: {&quot;loadingURI&quot;:&quot;#&quot;,&quot;pointer&quot;:&quot;/items/properties/category&quot;}&#10;    domain: &quot;syntax&quot;&#10;    ignored: [&quot;$id&quot;]&#10;warning: the following keywords are unknown and will be ignored: [$id, examples]&#10;    level: &quot;warning&quot;&#10;    schema: {&quot;loadingURI&quot;:&quot;#&quot;,&quot;pointer&quot;:&quot;/items/properties/category/properties/id&quot;}&#10;    domain: &quot;syntax&quot;&#10;    ignored: [&quot;$id&quot;,&quot;examples&quot;]&#10;warning: the following keywords are unknown and will be ignored: [$id, examples]&#10;    level: &quot;warning&quot;&#10;    schema: {&quot;loadingURI&quot;:&quot;#&quot;,&quot;pointer&quot;:&quot;/items/properties/category/properties/name&quot;}&#10;    domain: &quot;syntax&quot;&#10;    ignored: [&quot;$id&quot;,&quot;examples&quot;]&#10;warning: the following keywords are unknown and will be ignored: [$id, examples]&#10;    level: &quot;warning&quot;&#10;    schema: {&quot;loadingURI&quot;:&quot;#&quot;,&quot;pointer&quot;:&quot;/items/properties/id&quot;}&#10;    domain: &quot;syntax&quot;&#10;    ignored: [&quot;$id&quot;,&quot;examples&quot;]&#10;warning: the following keywords are unknown and will be ignored: [$id, examples]&#10;    level: &quot;warning&quot;&#10;    schema: {&quot;loadingURI&quot;:&quot;#&quot;,&quot;pointer&quot;:&quot;/items/properties/name&quot;}&#10;    domain: &quot;syntax&quot;&#10;    ignored: [&quot;$id&quot;,&quot;examples&quot;]&#10;warning: the following keywords are unknown and will be ignored: [$id]&#10;    level: &quot;warning&quot;&#10;    schema: {&quot;loadingURI&quot;:&quot;#&quot;,&quot;pointer&quot;:&quot;/items/properties/photoUrls&quot;}&#10;    domain: &quot;syntax&quot;&#10;    ignored: [&quot;$id&quot;]&#10;warning: the following keywords are unknown and will be ignored: [$id, examples]&#10;    level: &quot;warning&quot;&#10;    schema: {&quot;loadingURI&quot;:&quot;#&quot;,&quot;pointer&quot;:&quot;/items/properties/photoUrls/items&quot;}&#10;    domain: &quot;syntax&quot;&#10;    ignored: [&quot;$id&quot;,&quot;examples&quot;]&#10;warning: the following keywords are unknown and will be ignored: [$id, examples]&#10;    level: &quot;warning&quot;&#10;    schema: {&quot;loadingURI&quot;:&quot;#&quot;,&quot;pointer&quot;:&quot;/items/properties/status&quot;}&#10;    domain: &quot;syntax&quot;&#10;    ignored: [&quot;$id&quot;,&quot;examples&quot;]&#10;warning: the following keywords are unknown and will be ignored: [$id]&#10;    level: &quot;warning&quot;&#10;    schema: {&quot;loadingURI&quot;:&quot;#&quot;,&quot;pointer&quot;:&quot;/items/properties/tags&quot;}&#10;    domain: &quot;syntax&quot;&#10;    ignored: [&quot;$id&quot;]&#10;warning: the following keywords are unknown and will be ignored: [$id]&#10;    level: &quot;warning&quot;&#10;    schema: {&quot;loadingURI&quot;:&quot;#&quot;,&quot;pointer&quot;:&quot;/items/properties/tags/items&quot;}&#10;    domain: &quot;syntax&quot;&#10;    ignored: [&quot;$id&quot;]&#10;warning: the following keywords are unknown and will be ignored: [$id, examples]&#10;    level: &quot;warning&quot;&#10;    schema: {&quot;loadingURI&quot;:&quot;#&quot;,&quot;pointer&quot;:&quot;/items/properties/tags/items/properties/id&quot;}&#10;    domain: &quot;syntax&quot;&#10;    ignored: [&quot;$id&quot;,&quot;examples&quot;]&#10;warning: the following keywords are unknown and will be ignored: [$id, examples]&#10;    level: &quot;warning&quot;&#10;    schema: {&quot;loadingURI&quot;:&quot;#&quot;,&quot;pointer&quot;:&quot;/items/properties/tags/items/properties/name&quot;}&#10;    domain: &quot;syntax&quot;&#10;    ignored: [&quot;$id&quot;,&quot;examples&quot;]&#10;warning: the following keywords are unknown and will be ignored: [$id]&#10;    level: &quot;warning&quot;&#10;    schema: {&quot;loadingURI&quot;:&quot;#&quot;,&quot;pointer&quot;:&quot;/items/properties/category&quot;}&#10;    domain: &quot;syntax&quot;&#10;    ignored: [&quot;$id&quot;]&#10;warning: the following keywords are unknown and will be ignored: [$id, examples]&#10;    level: &quot;warning&quot;&#10;    schema: {&quot;loadingURI&quot;:&quot;#&quot;,&quot;pointer&quot;:&quot;/items/properties/category/properties/id&quot;}&#10;    domain: &quot;syntax&quot;&#10;    ignored: [&quot;$id&quot;,&quot;examples&quot;]&#10;warning: the following keywords are unknown and will be ignored: [$id, examples]&#10;    level: &quot;warning&quot;&#10;    schema: {&quot;loadingURI&quot;:&quot;#&quot;,&quot;pointer&quot;:&quot;/items/properties/category/properties/name&quot;}&#10;    domain: &quot;syntax&quot;&#10;    ignored: [&quot;$id&quot;,&quot;examples&quot;]&#10;warning: the following keywords are unknown and will be ignored: [$id, examples]&#10;    level: &quot;warning&quot;&#10;    schema: {&quot;loadingURI&quot;:&quot;#&quot;,&quot;pointer&quot;:&quot;/items/properties/category/properties/id&quot;}&#10;    domain: &quot;syntax&quot;&#10;    ignored: [&quot;$id&quot;,&quot;examples&quot;]&#10;warning: the following keywords are unknown and will be ignored: [$id, examples]&#10;    level: &quot;warning&quot;&#10;    schema: {&quot;loadingURI&quot;:&quot;#&quot;,&quot;pointer&quot;:&quot;/items/properties/category/properties/name&quot;}&#10;    domain: &quot;syntax&quot;&#10;    ignored: [&quot;$id&quot;,&quot;examples&quot;]&#10;warning: the following keywords are unknown and will be ignored: [$id, examples]&#10;    level: &quot;warning&quot;&#10;    schema: {&quot;loadingURI&quot;:&quot;#&quot;,&quot;pointer&quot;:&quot;/items/properties/id&quot;}&#10;    domain: &quot;syntax&quot;&#10;    ignored: [&quot;$id&quot;,&quot;examples&quot;]&#10;warning: the following keywords are unknown and will be ignored: [$id, examples]&#10;    level: &quot;warning&quot;&#10;    schema: {&quot;loadingURI&quot;:&quot;#&quot;,&quot;pointer&quot;:&quot;/items/properties/name&quot;}&#10;    domain: &quot;syntax&quot;&#10;    ignored: [&quot;$id&quot;,&quot;examples&quot;]&#10;warning: the following keywords are unknown and will be ignored: [$id]&#10;    level: &quot;warning&quot;&#10;    schema: {&quot;loadingURI&quot;:&quot;#&quot;,&quot;pointer&quot;:&quot;/items/properties/photoUrls&quot;}&#10;    domain: &quot;syntax&quot;&#10;    ignored: [&quot;$id&quot;]&#10;warning: the following keywords are unknown and will be ignored: [$id, examples]&#10;    level: &quot;warning&quot;&#10;    schema: {&quot;loadingURI&quot;:&quot;#&quot;,&quot;pointer&quot;:&quot;/items/properties/photoUrls/items&quot;}&#10;    domain: &quot;syntax&quot;&#10;    ignored: [&quot;$id&quot;,&quot;examples&quot;]&#10;warning: the following keywords are unknown and will be ignored: [$id, examples]&#10;    level: &quot;warning&quot;&#10;    schema: {&quot;loadingURI&quot;:&quot;#&quot;,&quot;pointer&quot;:&quot;/items/properties/photoUrls/items&quot;}&#10;    domain: &quot;syntax&quot;&#10;    ignored: [&quot;$id&quot;,&quot;examples&quot;]&#10;warning: the following keywords are unknown and will be ignored: [$id, examples]&#10;    level: &quot;warning&quot;&#10;    schema: {&quot;loadingURI&quot;:&quot;#&quot;,&quot;pointer&quot;:&quot;/items/properties/status&quot;}&#10;    domain: &quot;syntax&quot;&#10;    ignored: [&quot;$id&quot;,&quot;examples&quot;]&#10;warning: the following keywords are unknown and will be ignored: [$id]&#10;    level: &quot;warning&quot;&#10;    schema: {&quot;loadingURI&quot;:&quot;#&quot;,&quot;pointer&quot;:&quot;/items/properties/tags&quot;}&#10;    domain: &quot;syntax&quot;&#10;    ignored: [&quot;$id&quot;]&#10;warning: the following keywords are unknown and will be ignored: [$id]&#10;    level: &quot;warning&quot;&#10;    schema: {&quot;loadingURI&quot;:&quot;#&quot;,&quot;pointer&quot;:&quot;/items/properties/tags/items&quot;}&#10;    domain: &quot;syntax&quot;&#10;    ignored: [&quot;$id&quot;]&#10;warning: the following keywords are unknown and will be ignored: [$id, examples]&#10;    level: &quot;warning&quot;&#10;    schema: {&quot;loadingURI&quot;:&quot;#&quot;,&quot;pointer&quot;:&quot;/items/properties/tags/items/properties/id&quot;}&#10;    domain: &quot;syntax&quot;&#10;    ignored: [&quot;$id&quot;,&quot;examples&quot;]&#10;warning: the following keywords are unknown and will be ignored: [$id, examples]&#10;    level: &quot;warning&quot;&#10;    schema: {&quot;loadingURI&quot;:&quot;#&quot;,&quot;pointer&quot;:&quot;/items/properties/tags/items/properties/name&quot;}&#10;    domain: &quot;syntax&quot;&#10;    ignored: [&quot;$id&quot;,&quot;examples&quot;]&#10;warning: the following keywords are unknown and will be ignored: [$id]&#10;    level: &quot;warning&quot;&#10;    schema: {&quot;loadingURI&quot;:&quot;#&quot;,&quot;pointer&quot;:&quot;/items/properties/tags/items&quot;}&#10;    domain: &quot;syntax&quot;&#10;    ignored: [&quot;$id&quot;]&#10;warning: the following keywords are unknown and will be ignored: [$id, examples]&#10;    level: &quot;warning&quot;&#10;    schema: {&quot;loadingURI&quot;:&quot;#&quot;,&quot;pointer&quot;:&quot;/items/properties/tags/items/properties/id&quot;}&#10;    domain: &quot;syntax&quot;&#10;    ignored: [&quot;$id&quot;,&quot;examples&quot;]&#10;warning: the following keywords are unknown and will be ignored: [$id, examples]&#10;    level: &quot;warning&quot;&#10;    schema: {&quot;loadingURI&quot;:&quot;#&quot;,&quot;pointer&quot;:&quot;/items/properties/tags/items/properties/name&quot;}&#10;    domain: &quot;syntax&quot;&#10;    ignored: [&quot;$id&quot;,&quot;examples&quot;]&#10;warning: the following keywords are unknown and will be ignored: [$id, examples]&#10;    level: &quot;warning&quot;&#10;    schema: {&quot;loadingURI&quot;:&quot;#&quot;,&quot;pointer&quot;:&quot;/items/properties/tags/items/properties/id&quot;}&#10;    domain: &quot;syntax&quot;&#10;    ignored: [&quot;$id&quot;,&quot;examples&quot;]&#10;warning: the following keywords are unknown and will be ignored: [$id, examples]&#10;    level: &quot;warning&quot;&#10;    schema: {&quot;loadingURI&quot;:&quot;#&quot;,&quot;pointer&quot;:&quot;/items/properties/tags/items/properties/name&quot;}&#10;    domain: &quot;syntax&quot;&#10;    ignored: [&quot;$id&quot;,&quot;examples&quot;]&#10;warning: the following keywords are unknown and will be ignored: [$id]&#10;    level: &quot;warning&quot;&#10;    schema: {&quot;loadingURI&quot;:&quot;#&quot;,&quot;pointer&quot;:&quot;/items&quot;}&#10;    domain: &quot;syntax&quot;&#10;    ignored: [&quot;$id&quot;]&#10;warning: the following keywords are unknown and will be ignored: [$id]&#10;    level: &quot;warning&quot;&#10;    schema: {&quot;loadingURI&quot;:&quot;#&quot;,&quot;pointer&quot;:&quot;/items/properties/category&quot;}&#10;    domain: &quot;syntax&quot;&#10;    ignored: [&quot;$id&quot;]&#10;warning: the following keywords are unknown and will be ignored: [$id, examples]&#10;    level: &quot;warning&quot;&#10;    schema: {&quot;loadingURI&quot;:&quot;#&quot;,&quot;pointer&quot;:&quot;/items/properties/category/properties/id&quot;}&#10;    domain: &quot;syntax&quot;&#10;    ignored: [&quot;$id&quot;,&quot;examples&quot;]&#10;warning: the following keywords are unknown and will be ignored: [$id, examples]&#10;    level: &quot;warning&quot;&#10;    schema: {&quot;loadingURI&quot;:&quot;#&quot;,&quot;pointer&quot;:&quot;/items/properties/category/properties/name&quot;}&#10;    domain: &quot;syntax&quot;&#10;    ignored: [&quot;$id&quot;,&quot;examples&quot;]&#10;warning: the following keywords are unknown and will be ignored: [$id, examples]&#10;    level: &quot;warning&quot;&#10;    schema: {&quot;loadingURI&quot;:&quot;#&quot;,&quot;pointer&quot;:&quot;/items/properties/id&quot;}&#10;    domain: &quot;syntax&quot;&#10;    ignored: [&quot;$id&quot;,&quot;examples&quot;]&#10;warning: the following keywords are unknown and will be ignored: [$id, examples]&#10;    level: &quot;warning&quot;&#10;    schema: {&quot;loadingURI&quot;:&quot;#&quot;,&quot;pointer&quot;:&quot;/items/properties/name&quot;}&#10;    domain: &quot;syntax&quot;&#10;    ignored: [&quot;$id&quot;,&quot;examples&quot;]&#10;warning: the following keywords are unknown and will be ignored: [$id]&#10;    level: &quot;warning&quot;&#10;    schema: {&quot;loadingURI&quot;:&quot;#&quot;,&quot;pointer&quot;:&quot;/items/properties/photoUrls&quot;}&#10;    domain: &quot;syntax&quot;&#10;    ignored: [&quot;$id&quot;]&#10;warning: the following keywords are unknown and will be ignored: [$id, examples]&#10;    level: &quot;warning&quot;&#10;    schema: {&quot;loadingURI&quot;:&quot;#&quot;,&quot;pointer&quot;:&quot;/items/properties/photoUrls/items&quot;}&#10;    domain: &quot;syntax&quot;&#10;    ignored: [&quot;$id&quot;,&quot;examples&quot;]&#10;warning: the following keywords are unknown and will be ignored: [$id, examples]&#10;    level: &quot;warning&quot;&#10;    schema: {&quot;loadingURI&quot;:&quot;#&quot;,&quot;pointer&quot;:&quot;/items/properties/status&quot;}&#10;    domain: &quot;syntax&quot;&#10;    ignored: [&quot;$id&quot;,&quot;examples&quot;]&#10;warning: the following keywords are unknown and will be ignored: [$id]&#10;    level: &quot;warning&quot;&#10;    schema: {&quot;loadingURI&quot;:&quot;#&quot;,&quot;pointer&quot;:&quot;/items/properties/tags&quot;}&#10;    domain: &quot;syntax&quot;&#10;    ignored: [&quot;$id&quot;]&#10;warning: the following keywords are unknown and will be ignored: [$id]&#10;    level: &quot;warning&quot;&#10;    schema: {&quot;loadingURI&quot;:&quot;#&quot;,&quot;pointer&quot;:&quot;/items/properties/tags/items&quot;}&#10;    domain: &quot;syntax&quot;&#10;    ignored: [&quot;$id&quot;]&#10;warning: the following keywords are unknown and will be ignored: [$id, examples]&#10;    level: &quot;warning&quot;&#10;    schema: {&quot;loadingURI&quot;:&quot;#&quot;,&quot;pointer&quot;:&quot;/items/properties/tags/items/properties/id&quot;}&#10;    domain: &quot;syntax&quot;&#10;    ignored: [&quot;$id&quot;,&quot;examples&quot;]&#10;warning: the following keywords are unknown and will be ignored: [$id, examples]&#10;    level: &quot;warning&quot;&#10;    schema: {&quot;loadingURI&quot;:&quot;#&quot;,&quot;pointer&quot;:&quot;/items/properties/tags/items/properties/name&quot;}&#10;    domain: &quot;syntax&quot;&#10;    ignored: [&quot;$id&quot;,&quot;examples&quot;]&#10;warning: the following keywords are unknown and will be ignored: [$id]&#10;    level: &quot;warning&quot;&#10;    schema: {&quot;loadingURI&quot;:&quot;#&quot;,&quot;pointer&quot;:&quot;/items/properties/category&quot;}&#10;    domain: &quot;syntax&quot;&#10;    ignored: [&quot;$id&quot;]&#10;warning: the following keywords are unknown and will be ignored: [$id, examples]&#10;    level: &quot;warning&quot;&#10;    schema: {&quot;loadingURI&quot;:&quot;#&quot;,&quot;pointer&quot;:&quot;/items/properties/category/properties/id&quot;}&#10;    domain: &quot;syntax&quot;&#10;    ignored: [&quot;$id&quot;,&quot;examples&quot;]&#10;warning: the following keywords are unknown and will be ignored: [$id, examples]&#10;    level: &quot;warning&quot;&#10;    schema: {&quot;loadingURI&quot;:&quot;#&quot;,&quot;pointer&quot;:&quot;/items/properties/category/properties/name&quot;}&#10;    domain: &quot;syntax&quot;&#10;    ignored: [&quot;$id&quot;,&quot;examples&quot;]&#10;warning: the following keywords are unknown and will be ignored: [$id, examples]&#10;    level: &quot;warning&quot;&#10;    schema: {&quot;loadingURI&quot;:&quot;#&quot;,&quot;pointer&quot;:&quot;/items/properties/category/properties/id&quot;}&#10;    domain: &quot;syntax&quot;&#10;    ignored: [&quot;$id&quot;,&quot;examples&quot;]&#10;warning: the following keywords are unknown and will be ignored: [$id, examples]&#10;    level: &quot;warning&quot;&#10;    schema: {&quot;loadingURI&quot;:&quot;#&quot;,&quot;pointer&quot;:&quot;/items/properties/category/properties/name&quot;}&#10;    domain: &quot;syntax&quot;&#10;    ignored: [&quot;$id&quot;,&quot;examples&quot;]&#10;warning: the following keywords are unknown and will be ignored: [$id, examples]&#10;    level: &quot;warning&quot;&#10;    schema: {&quot;loadingURI&quot;:&quot;#&quot;,&quot;pointer&quot;:&quot;/items/properties/id&quot;}&#10;    domain: &quot;syntax&quot;&#10;    ignored: [&quot;$id&quot;,&quot;examples&quot;]&#10;warning: the following keywords are unknown and will be ignored: [$id, examples]&#10;    level: &quot;warning&quot;&#10;    schema: {&quot;loadingURI&quot;:&quot;#&quot;,&quot;pointer&quot;:&quot;/items/properties/name&quot;}&#10;    domain: &quot;syntax&quot;&#10;    ignored: [&quot;$id&quot;,&quot;examples&quot;]&#10;warning: the following keywords are unknown and will be ignored: [$id]&#10;    level: &quot;warning&quot;&#10;    schema: {&quot;loadingURI&quot;:&quot;#&quot;,&quot;pointer&quot;:&quot;/items/properties/photoUrls&quot;}&#10;    domain: &quot;syntax&quot;&#10;    ignored: [&quot;$id&quot;]&#10;warning: the following keywords are unknown and will be ignored: [$id, examples]&#10;    level: &quot;warning&quot;&#10;    schema: {&quot;loadingURI&quot;:&quot;#&quot;,&quot;pointer&quot;:&quot;/items/properties/photoUrls/items&quot;}&#10;    domain: &quot;syntax&quot;&#10;    ignored: [&quot;$id&quot;,&quot;examples&quot;]&#10;warning: the following keywords are unknown and will be ignored: [$id, examples]&#10;    level: &quot;warning&quot;&#10;    schema: {&quot;loadingURI&quot;:&quot;#&quot;,&quot;pointer&quot;:&quot;/items/properties/photoUrls/items&quot;}&#10;    domain: &quot;syntax&quot;&#10;    ignored: [&quot;$id&quot;,&quot;examples&quot;]&#10;warning: the following keywords are unknown and will be ignored: [$id, examples]&#10;    level: &quot;warning&quot;&#10;    schema: {&quot;loadingURI&quot;:&quot;#&quot;,&quot;pointer&quot;:&quot;/items/properties/status&quot;}&#10;    domain: &quot;syntax&quot;&#10;    ignored: [&quot;$id&quot;,&quot;examples&quot;]&#10;warning: the following keywords are unknown and will be ignored: [$id]&#10;    level: &quot;warning&quot;&#10;    schema: {&quot;loadingURI&quot;:&quot;#&quot;,&quot;pointer&quot;:&quot;/items/properties/tags&quot;}&#10;    domain: &quot;syntax&quot;&#10;    ignored: [&quot;$id&quot;]&#10;warning: the following keywords are unknown and will be ignored: [$id]&#10;    level: &quot;warning&quot;&#10;    schema: {&quot;loadingURI&quot;:&quot;#&quot;,&quot;pointer&quot;:&quot;/items/properties/tags/items&quot;}&#10;    domain: &quot;syntax&quot;&#10;    ignored: [&quot;$id&quot;]&#10;warning: the following keywords are unknown and will be ignored: [$id, examples]&#10;    level: &quot;warning&quot;&#10;    schema: {&quot;loadingURI&quot;:&quot;#&quot;,&quot;pointer&quot;:&quot;/items/properties/tags/items/properties/id&quot;}&#10;    domain: &quot;syntax&quot;&#10;    ignored: [&quot;$id&quot;,&quot;examples&quot;]&#10;warning: the following keywords are unknown and will be ignored: [$id, examples]&#10;    level: &quot;warning&quot;&#10;    schema: {&quot;loadingURI&quot;:&quot;#&quot;,&quot;pointer&quot;:&quot;/items/properties/tags/items/properties/name&quot;}&#10;    domain: &quot;syntax&quot;&#10;    ignored: [&quot;$id&quot;,&quot;examples&quot;]&#10;warning: the following keywords are unknown and will be ignored: [$id]&#10;    level: &quot;warning&quot;&#10;    schema: {&quot;loadingURI&quot;:&quot;#&quot;,&quot;pointer&quot;:&quot;/items/properties/tags/items&quot;}&#10;    domain: &quot;syntax&quot;&#10;    ignored: [&quot;$id&quot;]&#10;warning: the following keywords are unknown and will be ignored: [$id, examples]&#10;    level: &quot;warning&quot;&#10;    schema: {&quot;loadingURI&quot;:&quot;#&quot;,&quot;pointer&quot;:&quot;/items/properties/tags/items/properties/id&quot;}&#10;    domain: &quot;syntax&quot;&#10;    ignored: [&quot;$id&quot;,&quot;examples&quot;]&#10;warning: the following keywords are unknown and will be ignored: [$id, examples]&#10;    level: &quot;warning&quot;&#10;    schema: {&quot;loadingURI&quot;:&quot;#&quot;,&quot;pointer&quot;:&quot;/items/properties/tags/items/properties/name&quot;}&#10;    domain: &quot;syntax&quot;&#10;    ignored: [&quot;$id&quot;,&quot;examples&quot;]&#10;warning: the following keywords are unknown and will be ignored: [$id, examples]&#10;    level: &quot;warning&quot;&#10;    schema: {&quot;loadingURI&quot;:&quot;#&quot;,&quot;pointer&quot;:&quot;/items/properties/tags/items/properties/id&quot;}&#10;    domain: &quot;syntax&quot;&#10;    ignored: [&quot;$id&quot;,&quot;examples&quot;]&#10;warning: the following keywords are unknown and will be ignored: [$id, examples]&#10;    level: &quot;warning&quot;&#10;    schema: {&quot;loadingURI&quot;:&quot;#&quot;,&quot;pointer&quot;:&quot;/items/properties/tags/items/properties/name&quot;}&#10;    domain: &quot;syntax&quot;&#10;    ignored: [&quot;$id&quot;,&quot;examples&quot;]&#10;warning: the following keywords are unknown and will be ignored: [$id]&#10;    level: &quot;warning&quot;&#10;    schema: {&quot;loadingURI&quot;:&quot;#&quot;,&quot;pointer&quot;:&quot;/items&quot;}&#10;    domain: &quot;syntax&quot;&#10;    ignored: [&quot;$id&quot;]&#10;warning: the following keywords are unknown and will be ignored: [$id]&#10;    level: &quot;warning&quot;&#10;    schema: {&quot;loadingURI&quot;:&quot;#&quot;,&quot;pointer&quot;:&quot;/items/properties/category&quot;}&#10;    domain: &quot;syntax&quot;&#10;    ignored: [&quot;$id&quot;]&#10;warning: the following keywords are unknown and will be ignored: [$id, examples]&#10;    level: &quot;warning&quot;&#10;    schema: {&quot;loadingURI&quot;:&quot;#&quot;,&quot;pointer&quot;:&quot;/items/properties/category/properties/id&quot;}&#10;    domain: &quot;syntax&quot;&#10;    ignored: [&quot;$id&quot;,&quot;examples&quot;]&#10;warning: the following keywords are unknown and will be ignored: [$id, examples]&#10;    level: &quot;warning&quot;&#10;    schema: {&quot;loadingURI&quot;:&quot;#&quot;,&quot;pointer&quot;:&quot;/items/properties/category/properties/name&quot;}&#10;    domain: &quot;syntax&quot;&#10;    ignored: [&quot;$id&quot;,&quot;examples&quot;]&#10;warning: the following keywords are unknown and will be ignored: [$id, examples]&#10;    level: &quot;warning&quot;&#10;    schema: {&quot;loadingURI&quot;:&quot;#&quot;,&quot;pointer&quot;:&quot;/items/properties/id&quot;}&#10;    domain: &quot;syntax&quot;&#10;    ignored: [&quot;$id&quot;,&quot;examples&quot;]&#10;warning: the following keywords are unknown and will be ignored: [$id, examples]&#10;    level: &quot;warning&quot;&#10;    schema: {&quot;loadingURI&quot;:&quot;#&quot;,&quot;pointer&quot;:&quot;/items/properties/name&quot;}&#10;    domain: &quot;syntax&quot;&#10;    ignored: [&quot;$id&quot;,&quot;examples&quot;]&#10;warning: the following keywords are unknown and will be ignored: [$id]&#10;    level: &quot;warning&quot;&#10;    schema: {&quot;loadingURI&quot;:&quot;#&quot;,&quot;pointer&quot;:&quot;/items/properties/photoUrls&quot;}&#10;    domain: &quot;syntax&quot;&#10;    ignored: [&quot;$id&quot;]&#10;warning: the following keywords are unknown and will be ignored: [$id, examples]&#10;    level: &quot;warning&quot;&#10;    schema: {&quot;loadingURI&quot;:&quot;#&quot;,&quot;pointer&quot;:&quot;/items/properties/photoUrls/items&quot;}&#10;    domain: &quot;syntax&quot;&#10;    ignored: [&quot;$id&quot;,&quot;examples&quot;]&#10;warning: the following keywords are unknown and will be ignored: [$id, examples]&#10;    level: &quot;warning&quot;&#10;    schema: {&quot;loadingURI&quot;:&quot;#&quot;,&quot;pointer&quot;:&quot;/items/properties/status&quot;}&#10;    domain: &quot;syntax&quot;&#10;    ignored: [&quot;$id&quot;,&quot;examples&quot;]&#10;warning: the following keywords are unknown and will be ignored: [$id]&#10;    level: &quot;warning&quot;&#10;    schema: {&quot;loadingURI&quot;:&quot;#&quot;,&quot;pointer&quot;:&quot;/items/properties/tags&quot;}&#10;    domain: &quot;syntax&quot;&#10;    ignored: [&quot;$id&quot;]&#10;warning: the following keywords are unknown and will be ignored: [$id]&#10;    level: &quot;warning&quot;&#10;    schema: {&quot;loadingURI&quot;:&quot;#&quot;,&quot;pointer&quot;:&quot;/items/properties/tags/items&quot;}&#10;    domain: &quot;syntax&quot;&#10;    ignored: [&quot;$id&quot;]&#10;warning: the following keywords are unknown and will be ignored: [$id, examples]&#10;    level: &quot;warning&quot;&#10;    schema: {&quot;loadingURI&quot;:&quot;#&quot;,&quot;pointer&quot;:&quot;/items/properties/tags/items/properties/id&quot;}&#10;    domain: &quot;syntax&quot;&#10;    ignored: [&quot;$id&quot;,&quot;examples&quot;]&#10;warning: the following keywords are unknown and will be ignored: [$id, examples]&#10;    level: &quot;warning&quot;&#10;    schema: {&quot;loadingURI&quot;:&quot;#&quot;,&quot;pointer&quot;:&quot;/items/properties/tags/items/properties/name&quot;}&#10;    domain: &quot;syntax&quot;&#10;    ignored: [&quot;$id&quot;,&quot;examples&quot;]&#10;warning: the following keywords are unknown and will be ignored: [$id]&#10;    level: &quot;warning&quot;&#10;    schema: {&quot;loadingURI&quot;:&quot;#&quot;,&quot;pointer&quot;:&quot;/items/properties/category&quot;}&#10;    domain: &quot;syntax&quot;&#10;    ignored: [&quot;$id&quot;]&#10;warning: the following keywords are unknown and will be ignored: [$id, examples]&#10;    level: &quot;warning&quot;&#10;    schema: {&quot;loadingURI&quot;:&quot;#&quot;,&quot;pointer&quot;:&quot;/items/properties/category/properties/id&quot;}&#10;    domain: &quot;syntax&quot;&#10;    ignored: [&quot;$id&quot;,&quot;examples&quot;]&#10;warning: the following keywords are unknown and will be ignored: [$id, examples]&#10;    level: &quot;warning&quot;&#10;    schema: {&quot;loadingURI&quot;:&quot;#&quot;,&quot;pointer&quot;:&quot;/items/properties/category/properties/name&quot;}&#10;    domain: &quot;syntax&quot;&#10;    ignored: [&quot;$id&quot;,&quot;examples&quot;]&#10;warning: the following keywords are unknown and will be ignored: [$id, examples]&#10;    level: &quot;warning&quot;&#10;    schema: {&quot;loadingURI&quot;:&quot;#&quot;,&quot;pointer&quot;:&quot;/items/properties/category/properties/id&quot;}&#10;    domain: &quot;syntax&quot;&#10;    ignored: [&quot;$id&quot;,&quot;examples&quot;]&#10;warning: the following keywords are unknown and will be ignored: [$id, examples]&#10;    level: &quot;warning&quot;&#10;    schema: {&quot;loadingURI&quot;:&quot;#&quot;,&quot;pointer&quot;:&quot;/items/properties/category/properties/name&quot;}&#10;    domain: &quot;syntax&quot;&#10;    ignored: [&quot;$id&quot;,&quot;examples&quot;]&#10;warning: the following keywords are unknown and will be ignored: [$id, examples]&#10;    level: &quot;warning&quot;&#10;    schema: {&quot;loadingURI&quot;:&quot;#&quot;,&quot;pointer&quot;:&quot;/items/properties/id&quot;}&#10;    domain: &quot;syntax&quot;&#10;    ignored: [&quot;$id&quot;,&quot;examples&quot;]&#10;warning: the following keywords are unknown and will be ignored: [$id, examples]&#10;    level: &quot;warning&quot;&#10;    schema: {&quot;loadingURI&quot;:&quot;#&quot;,&quot;pointer&quot;:&quot;/items/properties/name&quot;}&#10;    domain: &quot;syntax&quot;&#10;    ignored: [&quot;$id&quot;,&quot;examples&quot;]&#10;warning: the following keywords are unknown and will be ignored: [$id]&#10;    level: &quot;warning&quot;&#10;    schema: {&quot;loadingURI&quot;:&quot;#&quot;,&quot;pointer&quot;:&quot;/items/properties/photoUrls&quot;}&#10;    domain: &quot;syntax&quot;&#10;    ignored: [&quot;$id&quot;]&#10;warning: the following keywords are unknown and will be ignored: [$id, examples]&#10;    level: &quot;warning&quot;&#10;    schema: {&quot;loadingURI&quot;:&quot;#&quot;,&quot;pointer&quot;:&quot;/items/properties/photoUrls/items&quot;}&#10;    domain: &quot;syntax&quot;&#10;    ignored: [&quot;$id&quot;,&quot;examples&quot;]&#10;warning: the following keywords are unknown and will be ignored: [$id, examples]&#10;    level: &quot;warning&quot;&#10;    schema: {&quot;loadingURI&quot;:&quot;#&quot;,&quot;pointer&quot;:&quot;/items/properties/photoUrls/items&quot;}&#10;    domain: &quot;syntax&quot;&#10;    ignored: [&quot;$id&quot;,&quot;examples&quot;]&#10;warning: the following keywords are unknown and will be ignored: [$id, examples]&#10;    level: &quot;warning&quot;&#10;    schema: {&quot;loadingURI&quot;:&quot;#&quot;,&quot;pointer&quot;:&quot;/items/properties/status&quot;}&#10;    domain: &quot;syntax&quot;&#10;    ignored: [&quot;$id&quot;,&quot;examples&quot;]&#10;warning: the following keywords are unknown and will be ignored: [$id]&#10;    level: &quot;warning&quot;&#10;    schema: {&quot;loadingURI&quot;:&quot;#&quot;,&quot;pointer&quot;:&quot;/items/properties/tags&quot;}&#10;    domain: &quot;syntax&quot;&#10;    ignored: [&quot;$id&quot;]&#10;warning: the following keywords are unknown and will be ignored: [$id]&#10;    level: &quot;warning&quot;&#10;    schema: {&quot;loadingURI&quot;:&quot;#&quot;,&quot;pointer&quot;:&quot;/items/properties/tags/items&quot;}&#10;    domain: &quot;syntax&quot;&#10;    ignored: [&quot;$id&quot;]&#10;warning: the following keywords are unknown and will be ignored: [$id, examples]&#10;    level: &quot;warning&quot;&#10;    schema: {&quot;loadingURI&quot;:&quot;#&quot;,&quot;pointer&quot;:&quot;/items/properties/tags/items/properties/id&quot;}&#10;    domain: &quot;syntax&quot;&#10;    ignored: [&quot;$id&quot;,&quot;examples&quot;]&#10;warning: the following keywords are unknown and will be ignored: [$id, examples]&#10;    level: &quot;warning&quot;&#10;    schema: {&quot;loadingURI&quot;:&quot;#&quot;,&quot;pointer&quot;:&quot;/items/properties/tags/items/properties/name&quot;}&#10;    domain: &quot;syntax&quot;&#10;    ignored: [&quot;$id&quot;,&quot;examples&quot;]&#10;warning: the following keywords are unknown and will be ignored: [$id]&#10;    level: &quot;warning&quot;&#10;    schema: {&quot;loadingURI&quot;:&quot;#&quot;,&quot;pointer&quot;:&quot;/items/properties/tags/items&quot;}&#10;    domain: &quot;syntax&quot;&#10;    ignored: [&quot;$id&quot;]&#10;warning: the following keywords are unknown and will be ignored: [$id, examples]&#10;    level: &quot;warning&quot;&#10;    schema: {&quot;loadingURI&quot;:&quot;#&quot;,&quot;pointer&quot;:&quot;/items/properties/tags/items/properties/id&quot;}&#10;    domain: &quot;syntax&quot;&#10;    ignored: [&quot;$id&quot;,&quot;examples&quot;]&#10;warning: the following keywords are unknown and will be ignored: [$id, examples]&#10;    level: &quot;warning&quot;&#10;    schema: {&quot;loadingURI&quot;:&quot;#&quot;,&quot;pointer&quot;:&quot;/items/properties/tags/items/properties/name&quot;}&#10;    domain: &quot;syntax&quot;&#10;    ignored: [&quot;$id&quot;,&quot;examples&quot;]&#10;warning: the following keywords are unknown and will be ignored: [$id, examples]&#10;    level: &quot;warning&quot;&#10;    schema: {&quot;loadingURI&quot;:&quot;#&quot;,&quot;pointer&quot;:&quot;/items/properties/tags/items/properties/id&quot;}&#10;    domain: &quot;syntax&quot;&#10;    ignored: [&quot;$id&quot;,&quot;examples&quot;]&#10;warning: the following keywords are unknown and will be ignored: [$id, examples]&#10;    level: &quot;warning&quot;&#10;    schema: {&quot;loadingURI&quot;:&quot;#&quot;,&quot;pointer&quot;:&quot;/items/properties/tags/items/properties/name&quot;}&#10;    domain: &quot;syntax&quot;&#10;    ignored: [&quot;$id&quot;,&quot;examples&quot;]&#10;warning: the following keywords are unknown and will be ignored: [$id]&#10;    level: &quot;warning&quot;&#10;    schema: {&quot;loadingURI&quot;:&quot;#&quot;,&quot;pointer&quot;:&quot;/items&quot;}&#10;    domain: &quot;syntax&quot;&#10;    ignored: [&quot;$id&quot;]&#10;warning: the following keywords are unknown and will be ignored: [$id]&#10;    level: &quot;warning&quot;&#10;    schema: {&quot;loadingURI&quot;:&quot;#&quot;,&quot;pointer&quot;:&quot;/items/properties/category&quot;}&#10;    domain: &quot;syntax&quot;&#10;    ignored: [&quot;$id&quot;]&#10;warning: the following keywords are unknown and will be ignored: [$id, examples]&#10;    level: &quot;warning&quot;&#10;    schema: {&quot;loadingURI&quot;:&quot;#&quot;,&quot;pointer&quot;:&quot;/items/properties/category/properties/id&quot;}&#10;    domain: &quot;syntax&quot;&#10;    ignored: [&quot;$id&quot;,&quot;examples&quot;]&#10;warning: the following keywords are unknown and will be ignored: [$id, examples]&#10;    level: &quot;warning&quot;&#10;    schema: {&quot;loadingURI&quot;:&quot;#&quot;,&quot;pointer&quot;:&quot;/items/properties/category/properties/name&quot;}&#10;    domain: &quot;syntax&quot;&#10;    ignored: [&quot;$id&quot;,&quot;examples&quot;]&#10;warning: the following keywords are unknown and will be ignored: [$id, examples]&#10;    level: &quot;warning&quot;&#10;    schema: {&quot;loadingURI&quot;:&quot;#&quot;,&quot;pointer&quot;:&quot;/items/properties/id&quot;}&#10;    domain: &quot;syntax&quot;&#10;    ignored: [&quot;$id&quot;,&quot;examples&quot;]&#10;warning: the following keywords are unknown and will be ignored: [$id, examples]&#10;    level: &quot;warning&quot;&#10;    schema: {&quot;loadingURI&quot;:&quot;#&quot;,&quot;pointer&quot;:&quot;/items/properties/name&quot;}&#10;    domain: &quot;syntax&quot;&#10;    ignored: [&quot;$id&quot;,&quot;examples&quot;]&#10;warning: the following keywords are unknown and will be ignored: [$id]&#10;    level: &quot;warning&quot;&#10;    schema: {&quot;loadingURI&quot;:&quot;#&quot;,&quot;pointer&quot;:&quot;/items/properties/photoUrls&quot;}&#10;    domain: &quot;syntax&quot;&#10;    ignored: [&quot;$id&quot;]&#10;warning: the following keywords are unknown and will be ignored: [$id, examples]&#10;    level: &quot;warning&quot;&#10;    schema: {&quot;loadingURI&quot;:&quot;#&quot;,&quot;pointer&quot;:&quot;/items/properties/photoUrls/items&quot;}&#10;    domain: &quot;syntax&quot;&#10;    ignored: [&quot;$id&quot;,&quot;examples&quot;]&#10;warning: the following keywords are unknown and will be ignored: [$id, examples]&#10;    level: &quot;warning&quot;&#10;    schema: {&quot;loadingURI&quot;:&quot;#&quot;,&quot;pointer&quot;:&quot;/items/properties/status&quot;}&#10;    domain: &quot;syntax&quot;&#10;    ignored: [&quot;$id&quot;,&quot;examples&quot;]&#10;warning: the following keywords are unknown and will be ignored: [$id]&#10;    level: &quot;warning&quot;&#10;    schema: {&quot;loadingURI&quot;:&quot;#&quot;,&quot;pointer&quot;:&quot;/items/properties/tags&quot;}&#10;    domain: &quot;syntax&quot;&#10;    ignored: [&quot;$id&quot;]&#10;warning: the following keywords are unknown and will be ignored: [$id]&#10;    level: &quot;warning&quot;&#10;    schema: {&quot;loadingURI&quot;:&quot;#&quot;,&quot;pointer&quot;:&quot;/items/properties/tags/items&quot;}&#10;    domain: &quot;syntax&quot;&#10;    ignored: [&quot;$id&quot;]&#10;warning: the following keywords are unknown and will be ignored: [$id, examples]&#10;    level: &quot;warning&quot;&#10;    schema: {&quot;loadingURI&quot;:&quot;#&quot;,&quot;pointer&quot;:&quot;/items/properties/tags/items/properties/id&quot;}&#10;    domain: &quot;syntax&quot;&#10;    ignored: [&quot;$id&quot;,&quot;examples&quot;]&#10;warning: the following keywords are unknown and will be ignored: [$id, examples]&#10;    level: &quot;warning&quot;&#10;    schema: {&quot;loadingURI&quot;:&quot;#&quot;,&quot;pointer&quot;:&quot;/items/properties/tags/items/properties/name&quot;}&#10;    domain: &quot;syntax&quot;&#10;    ignored: [&quot;$id&quot;,&quot;examples&quot;]&#10;warning: the following keywords are unknown and will be ignored: [$id]&#10;    level: &quot;warning&quot;&#10;    schema: {&quot;loadingURI&quot;:&quot;#&quot;,&quot;pointer&quot;:&quot;/items/properties/category&quot;}&#10;    domain: &quot;syntax&quot;&#10;    ignored: [&quot;$id&quot;]&#10;warning: the following keywords are unknown and will be ignored: [$id, examples]&#10;    level: &quot;warning&quot;&#10;    schema: {&quot;loadingURI&quot;:&quot;#&quot;,&quot;pointer&quot;:&quot;/items/properties/category/properties/id&quot;}&#10;    domain: &quot;syntax&quot;&#10;    ignored: [&quot;$id&quot;,&quot;examples&quot;]&#10;warning: the following keywords are unknown and will be ignored: [$id, examples]&#10;    level: &quot;warning&quot;&#10;    schema: {&quot;loadingURI&quot;:&quot;#&quot;,&quot;pointer&quot;:&quot;/items/properties/category/properties/name&quot;}&#10;    domain: &quot;syntax&quot;&#10;    ignored: [&quot;$id&quot;,&quot;examples&quot;]&#10;warning: the following keywords are unknown and will be ignored: [$id, examples]&#10;    level: &quot;warning&quot;&#10;    schema: {&quot;loadingURI&quot;:&quot;#&quot;,&quot;pointer&quot;:&quot;/items/properties/category/properties/id&quot;}&#10;    domain: &quot;syntax&quot;&#10;    ignored: [&quot;$id&quot;,&quot;examples&quot;]&#10;warning: the following keywords are unknown and will be ignored: [$id, examples]&#10;    level: &quot;warning&quot;&#10;    schema: {&quot;loadingURI&quot;:&quot;#&quot;,&quot;pointer&quot;:&quot;/items/properties/category/properties/name&quot;}&#10;    domain: &quot;syntax&quot;&#10;    ignored: [&quot;$id&quot;,&quot;examples&quot;]&#10;warning: the following keywords are unknown and will be ignored: [$id, examples]&#10;    level: &quot;warning&quot;&#10;    schema: {&quot;loadingURI&quot;:&quot;#&quot;,&quot;pointer&quot;:&quot;/items/properties/id&quot;}&#10;    domain: &quot;syntax&quot;&#10;    ignored: [&quot;$id&quot;,&quot;examples&quot;]&#10;warning: the following keywords are unknown and will be ignored: [$id, examples]&#10;    level: &quot;warning&quot;&#10;    schema: {&quot;loadingURI&quot;:&quot;#&quot;,&quot;pointer&quot;:&quot;/items/properties/name&quot;}&#10;    domain: &quot;syntax&quot;&#10;    ignored: [&quot;$id&quot;,&quot;examples&quot;]&#10;warning: the following keywords are unknown and will be ignored: [$id]&#10;    level: &quot;warning&quot;&#10;    schema: {&quot;loadingURI&quot;:&quot;#&quot;,&quot;pointer&quot;:&quot;/items/properties/photoUrls&quot;}&#10;    domain: &quot;syntax&quot;&#10;    ignored: [&quot;$id&quot;]&#10;warning: the following keywords are unknown and will be ignored: [$id, examples]&#10;    level: &quot;warning&quot;&#10;    schema: {&quot;loadingURI&quot;:&quot;#&quot;,&quot;pointer&quot;:&quot;/items/properties/photoUrls/items&quot;}&#10;    domain: &quot;syntax&quot;&#10;    ignored: [&quot;$id&quot;,&quot;examples&quot;]&#10;warning: the following keywords are unknown and will be ignored: [$id, examples]&#10;    level: &quot;warning&quot;&#10;    schema: {&quot;loadingURI&quot;:&quot;#&quot;,&quot;pointer&quot;:&quot;/items/properties/photoUrls/items&quot;}&#10;    domain: &quot;syntax&quot;&#10;    ignored: [&quot;$id&quot;,&quot;examples&quot;]&#10;warning: the following keywords are unknown and will be ignored: [$id, examples]&#10;    level: &quot;warning&quot;&#10;    schema: {&quot;loadingURI&quot;:&quot;#&quot;,&quot;pointer&quot;:&quot;/items/properties/status&quot;}&#10;    domain: &quot;syntax&quot;&#10;    ignored: [&quot;$id&quot;,&quot;examples&quot;]&#10;warning: the following keywords are unknown and will be ignored: [$id]&#10;    level: &quot;warning&quot;&#10;    schema: {&quot;loadingURI&quot;:&quot;#&quot;,&quot;pointer&quot;:&quot;/items/properties/tags&quot;}&#10;    domain: &quot;syntax&quot;&#10;    ignored: [&quot;$id&quot;]&#10;warning: the following keywords are unknown and will be ignored: [$id]&#10;    level: &quot;warning&quot;&#10;    schema: {&quot;loadingURI&quot;:&quot;#&quot;,&quot;pointer&quot;:&quot;/items/properties/tags/items&quot;}&#10;    domain: &quot;syntax&quot;&#10;    ignored: [&quot;$id&quot;]&#10;warning: the following keywords are unknown and will be ignored: [$id, examples]&#10;    level: &quot;warning&quot;&#10;    schema: {&quot;loadingURI&quot;:&quot;#&quot;,&quot;pointer&quot;:&quot;/items/properties/tags/items/properties/id&quot;}&#10;    domain: &quot;syntax&quot;&#10;    ignored: [&quot;$id&quot;,&quot;examples&quot;]&#10;warning: the following keywords are unknown and will be ignored: [$id, examples]&#10;    level: &quot;warning&quot;&#10;    schema: {&quot;loadingURI&quot;:&quot;#&quot;,&quot;pointer&quot;:&quot;/items/properties/tags/items/properties/name&quot;}&#10;    domain: &quot;syntax&quot;&#10;    ignored: [&quot;$id&quot;,&quot;examples&quot;]&#10;warning: the following keywords are unknown and will be ignored: [$id]&#10;    level: &quot;warning&quot;&#10;    schema: {&quot;loadingURI&quot;:&quot;#&quot;,&quot;pointer&quot;:&quot;/items/properties/tags/items&quot;}&#10;    domain: &quot;syntax&quot;&#10;    ignored: [&quot;$id&quot;]&#10;warning: the following keywords are unknown and will be ignored: [$id, examples]&#10;    level: &quot;warning&quot;&#10;    schema: {&quot;loadingURI&quot;:&quot;#&quot;,&quot;pointer&quot;:&quot;/items/properties/tags/items/properties/id&quot;}&#10;    domain: &quot;syntax&quot;&#10;    ignored: [&quot;$id&quot;,&quot;examples&quot;]&#10;warning: the following keywords are unknown and will be ignored: [$id, examples]&#10;    level: &quot;warning&quot;&#10;    schema: {&quot;loadingURI&quot;:&quot;#&quot;,&quot;pointer&quot;:&quot;/items/properties/tags/items/properties/name&quot;}&#10;    domain: &quot;syntax&quot;&#10;    ignored: [&quot;$id&quot;,&quot;examples&quot;]&#10;warning: the following keywords are unknown and will be ignored: [$id, examples]&#10;    level: &quot;warning&quot;&#10;    schema: {&quot;loadingURI&quot;:&quot;#&quot;,&quot;pointer&quot;:&quot;/items/properties/tags/items/properties/id&quot;}&#10;    domain: &quot;syntax&quot;&#10;    ignored: [&quot;$id&quot;,&quot;examples&quot;]&#10;warning: the following keywords are unknown and will be ignored: [$id, examples]&#10;    level: &quot;warning&quot;&#10;    schema: {&quot;loadingURI&quot;:&quot;#&quot;,&quot;pointer&quot;:&quot;/items/properties/tags/items/properties/name&quot;}&#10;    domain: &quot;syntax&quot;&#10;    ignored: [&quot;$id&quot;,&quot;examples&quot;]&#10;warning: the following keywords are unknown and will be ignored: [$id]&#10;    level: &quot;warning&quot;&#10;    schema: {&quot;loadingURI&quot;:&quot;#&quot;,&quot;pointer&quot;:&quot;/items&quot;}&#10;    domain: &quot;syntax&quot;&#10;    ignored: [&quot;$id&quot;]&#10;warning: the following keywords are unknown and will be ignored: [$id]&#10;    level: &quot;warning&quot;&#10;    schema: {&quot;loadingURI&quot;:&quot;#&quot;,&quot;pointer&quot;:&quot;/items/properties/category&quot;}&#10;    domain: &quot;syntax&quot;&#10;    ignored: [&quot;$id&quot;]&#10;warning: the following keywords are unknown and will be ignored: [$id, examples]&#10;    level: &quot;warning&quot;&#10;    schema: {&quot;loadingURI&quot;:&quot;#&quot;,&quot;pointer&quot;:&quot;/items/properties/category/properties/id&quot;}&#10;    domain: &quot;syntax&quot;&#10;    ignored: [&quot;$id&quot;,&quot;examples&quot;]&#10;warning: the following keywords are unknown and will be ignored: [$id, examples]&#10;    level: &quot;warning&quot;&#10;    schema: {&quot;loadingURI&quot;:&quot;#&quot;,&quot;pointer&quot;:&quot;/items/properties/category/properties/name&quot;}&#10;    domain: &quot;syntax&quot;&#10;    ignored: [&quot;$id&quot;,&quot;examples&quot;]&#10;warning: the following keywords are unknown and will be ignored: [$id, examples]&#10;    level: &quot;warning&quot;&#10;    schema: {&quot;loadingURI&quot;:&quot;#&quot;,&quot;pointer&quot;:&quot;/items/properties/id&quot;}&#10;    domain: &quot;syntax&quot;&#10;    ignored: [&quot;$id&quot;,&quot;examples&quot;]&#10;warning: the following keywords are unknown and will be ignored: [$id, examples]&#10;    level: &quot;warning&quot;&#10;    schema: {&quot;loadingURI&quot;:&quot;#&quot;,&quot;pointer&quot;:&quot;/items/properties/name&quot;}&#10;    domain: &quot;syntax&quot;&#10;    ignored: [&quot;$id&quot;,&quot;examples&quot;]&#10;warning: the following keywords are unknown and will be ignored: [$id]&#10;    level: &quot;warning&quot;&#10;    schema: {&quot;loadingURI&quot;:&quot;#&quot;,&quot;pointer&quot;:&quot;/items/properties/photoUrls&quot;}&#10;    domain: &quot;syntax&quot;&#10;    ignored: [&quot;$id&quot;]&#10;warning: the following keywords are unknown and will be ignored: [$id, examples]&#10;    level: &quot;warning&quot;&#10;    schema: {&quot;loadingURI&quot;:&quot;#&quot;,&quot;pointer&quot;:&quot;/items/properties/photoUrls/items&quot;}&#10;    domain: &quot;syntax&quot;&#10;    ignored: [&quot;$id&quot;,&quot;examples&quot;]&#10;warning: the following keywords are unknown and will be ignored: [$id, examples]&#10;    level: &quot;warning&quot;&#10;    schema: {&quot;loadingURI&quot;:&quot;#&quot;,&quot;pointer&quot;:&quot;/items/properties/status&quot;}&#10;    domain: &quot;syntax&quot;&#10;    ignored: [&quot;$id&quot;,&quot;examples&quot;]&#10;warning: the following keywords are unknown and will be ignored: [$id]&#10;    level: &quot;warning&quot;&#10;    schema: {&quot;loadingURI&quot;:&quot;#&quot;,&quot;pointer&quot;:&quot;/items/properties/tags&quot;}&#10;    domain: &quot;syntax&quot;&#10;    ignored: [&quot;$id&quot;]&#10;warning: the following keywords are unknown and will be ignored: [$id]&#10;    level: &quot;warning&quot;&#10;    schema: {&quot;loadingURI&quot;:&quot;#&quot;,&quot;pointer&quot;:&quot;/items/properties/tags/items&quot;}&#10;    domain: &quot;syntax&quot;&#10;    ignored: [&quot;$id&quot;]&#10;warning: the following keywords are unknown and will be ignored: [$id, examples]&#10;    level: &quot;warning&quot;&#10;    schema: {&quot;loadingURI&quot;:&quot;#&quot;,&quot;pointer&quot;:&quot;/items/properties/tags/items/properties/id&quot;}&#10;    domain: &quot;syntax&quot;&#10;    ignored: [&quot;$id&quot;,&quot;examples&quot;]&#10;warning: the following keywords are unknown and will be ignored: [$id, examples]&#10;    level: &quot;warning&quot;&#10;    schema: {&quot;loadingURI&quot;:&quot;#&quot;,&quot;pointer&quot;:&quot;/items/properties/tags/items/properties/name&quot;}&#10;    domain: &quot;syntax&quot;&#10;    ignored: [&quot;$id&quot;,&quot;examples&quot;]&#10;warning: the following keywords are unknown and will be ignored: [$id]&#10;    level: &quot;warning&quot;&#10;    schema: {&quot;loadingURI&quot;:&quot;#&quot;,&quot;pointer&quot;:&quot;/items/properties/category&quot;}&#10;    domain: &quot;syntax&quot;&#10;    ignored: [&quot;$id&quot;]&#10;warning: the following keywords are unknown and will be ignored: [$id, examples]&#10;    level: &quot;warning&quot;&#10;    schema: {&quot;loadingURI&quot;:&quot;#&quot;,&quot;pointer&quot;:&quot;/items/properties/category/properties/id&quot;}&#10;    domain: &quot;syntax&quot;&#10;    ignored: [&quot;$id&quot;,&quot;examples&quot;]&#10;warning: the following keywords are unknown and will be ignored: [$id, examples]&#10;    level: &quot;warning&quot;&#10;    schema: {&quot;loadingURI&quot;:&quot;#&quot;,&quot;pointer&quot;:&quot;/items/properties/category/properties/name&quot;}&#10;    domain: &quot;syntax&quot;&#10;    ignored: [&quot;$id&quot;,&quot;examples&quot;]&#10;warning: the following keywords are unknown and will be ignored: [$id, examples]&#10;    level: &quot;warning&quot;&#10;    schema: {&quot;loadingURI&quot;:&quot;#&quot;,&quot;pointer&quot;:&quot;/items/properties/category/properties/id&quot;}&#10;    domain: &quot;syntax&quot;&#10;    ignored: [&quot;$id&quot;,&quot;examples&quot;]&#10;warning: the following keywords are unknown and will be ignored: [$id, examples]&#10;    level: &quot;warning&quot;&#10;    schema: {&quot;loadingURI&quot;:&quot;#&quot;,&quot;pointer&quot;:&quot;/items/properties/category/properties/name&quot;}&#10;    domain: &quot;syntax&quot;&#10;    ignored: [&quot;$id&quot;,&quot;examples&quot;]&#10;warning: the following keywords are unknown and will be ignored: [$id, examples]&#10;    level: &quot;warning&quot;&#10;    schema: {&quot;loadingURI&quot;:&quot;#&quot;,&quot;pointer&quot;:&quot;/items/properties/id&quot;}&#10;    domain: &quot;syntax&quot;&#10;    ignored: [&quot;$id&quot;,&quot;examples&quot;]&#10;warning: the following keywords are unknown and will be ignored: [$id, examples]&#10;    level: &quot;warning&quot;&#10;    schema: {&quot;loadingURI&quot;:&quot;#&quot;,&quot;pointer&quot;:&quot;/items/properties/name&quot;}&#10;    domain: &quot;syntax&quot;&#10;    ignored: [&quot;$id&quot;,&quot;examples&quot;]&#10;warning: the following keywords are unknown and will be ignored: [$id]&#10;    level: &quot;warning&quot;&#10;    schema: {&quot;loadingURI&quot;:&quot;#&quot;,&quot;pointer&quot;:&quot;/items/properties/photoUrls&quot;}&#10;    domain: &quot;syntax&quot;&#10;    ignored: [&quot;$id&quot;]&#10;warning: the following keywords are unknown and will be ignored: [$id, examples]&#10;    level: &quot;warning&quot;&#10;    schema: {&quot;loadingURI&quot;:&quot;#&quot;,&quot;pointer&quot;:&quot;/items/properties/photoUrls/items&quot;}&#10;    domain: &quot;syntax&quot;&#10;    ignored: [&quot;$id&quot;,&quot;examples&quot;]&#10;warning: the following keywords are unknown and will be ignored: [$id, examples]&#10;    level: &quot;warning&quot;&#10;    schema: {&quot;loadingURI&quot;:&quot;#&quot;,&quot;pointer&quot;:&quot;/items/properties/photoUrls/items&quot;}&#10;    domain: &quot;syntax&quot;&#10;    ignored: [&quot;$id&quot;,&quot;examples&quot;]&#10;warning: the following keywords are unknown and will be ignored: [$id, examples]&#10;    level: &quot;warning&quot;&#10;    schema: {&quot;loadingURI&quot;:&quot;#&quot;,&quot;pointer&quot;:&quot;/items/properties/status&quot;}&#10;    domain: &quot;syntax&quot;&#10;    ignored: [&quot;$id&quot;,&quot;examples&quot;]&#10;warning: the following keywords are unknown and will be ignored: [$id]&#10;    level: &quot;warning&quot;&#10;    schema: {&quot;loadingURI&quot;:&quot;#&quot;,&quot;pointer&quot;:&quot;/items/properties/tags&quot;}&#10;    domain: &quot;syntax&quot;&#10;    ignored: [&quot;$id&quot;]&#10;warning: the following keywords are unknown and will be ignored: [$id]&#10;    level: &quot;warning&quot;&#10;    schema: {&quot;loadingURI&quot;:&quot;#&quot;,&quot;pointer&quot;:&quot;/items/properties/tags/items&quot;}&#10;    domain: &quot;syntax&quot;&#10;    ignored: [&quot;$id&quot;]&#10;warning: the following keywords are unknown and will be ignored: [$id, examples]&#10;    level: &quot;warning&quot;&#10;    schema: {&quot;loadingURI&quot;:&quot;#&quot;,&quot;pointer&quot;:&quot;/items/properties/tags/items/properties/id&quot;}&#10;    domain: &quot;syntax&quot;&#10;    ignored: [&quot;$id&quot;,&quot;examples&quot;]&#10;warning: the following keywords are unknown and will be ignored: [$id, examples]&#10;    level: &quot;warning&quot;&#10;    schema: {&quot;loadingURI&quot;:&quot;#&quot;,&quot;pointer&quot;:&quot;/items/properties/tags/items/properties/name&quot;}&#10;    domain: &quot;syntax&quot;&#10;    ignored: [&quot;$id&quot;,&quot;examples&quot;]&#10;warning: the following keywords are unknown and will be ignored: [$id]&#10;    level: &quot;warning&quot;&#10;    schema: {&quot;loadingURI&quot;:&quot;#&quot;,&quot;pointer&quot;:&quot;/items/properties/tags/items&quot;}&#10;    domain: &quot;syntax&quot;&#10;    ignored: [&quot;$id&quot;]&#10;warning: the following keywords are unknown and will be ignored: [$id, examples]&#10;    level: &quot;warning&quot;&#10;    schema: {&quot;loadingURI&quot;:&quot;#&quot;,&quot;pointer&quot;:&quot;/items/properties/tags/items/properties/id&quot;}&#10;    domain: &quot;syntax&quot;&#10;    ignored: [&quot;$id&quot;,&quot;examples&quot;]&#10;warning: the following keywords are unknown and will be ignored: [$id, examples]&#10;    level: &quot;warning&quot;&#10;    schema: {&quot;loadingURI&quot;:&quot;#&quot;,&quot;pointer&quot;:&quot;/items/properties/tags/items/properties/name&quot;}&#10;    domain: &quot;syntax&quot;&#10;    ignored: [&quot;$id&quot;,&quot;examples&quot;]&#10;warning: the following keywords are unknown and will be ignored: [$id, examples]&#10;    level: &quot;warning&quot;&#10;    schema: {&quot;loadingURI&quot;:&quot;#&quot;,&quot;pointer&quot;:&quot;/items/properties/tags/items/properties/id&quot;}&#10;    domain: &quot;syntax&quot;&#10;    ignored: [&quot;$id&quot;,&quot;examples&quot;]&#10;warning: the following keywords are unknown and will be ignored: [$id, examples]&#10;    level: &quot;warning&quot;&#10;    schema: {&quot;loadingURI&quot;:&quot;#&quot;,&quot;pointer&quot;:&quot;/items/properties/tags/items/properties/name&quot;}&#10;    domain: &quot;syntax&quot;&#10;    ignored: [&quot;$id&quot;,&quot;examples&quot;]&#10;warning: the following keywords are unknown and will be ignored: [$id]&#10;    level: &quot;warning&quot;&#10;    schema: {&quot;loadingURI&quot;:&quot;#&quot;,&quot;pointer&quot;:&quot;/items&quot;}&#10;    domain: &quot;syntax&quot;&#10;    ignored: [&quot;$id&quot;]&#10;warning: the following keywords are unknown and will be ignored: [$id]&#10;    level: &quot;warning&quot;&#10;    schema: {&quot;loadingURI&quot;:&quot;#&quot;,&quot;pointer&quot;:&quot;/items/properties/category&quot;}&#10;    domain: &quot;syntax&quot;&#10;    ignored: [&quot;$id&quot;]&#10;warning: the following keywords are unknown and will be ignored: [$id, examples]&#10;    level: &quot;warning&quot;&#10;    schema: {&quot;loadingURI&quot;:&quot;#&quot;,&quot;pointer&quot;:&quot;/items/properties/category/properties/id&quot;}&#10;    domain: &quot;syntax&quot;&#10;    ignored: [&quot;$id&quot;,&quot;examples&quot;]&#10;warning: the following keywords are unknown and will be ignored: [$id, examples]&#10;    level: &quot;warning&quot;&#10;    schema: {&quot;loadingURI&quot;:&quot;#&quot;,&quot;pointer&quot;:&quot;/items/properties/category/properties/name&quot;}&#10;    domain: &quot;syntax&quot;&#10;    ignored: [&quot;$id&quot;,&quot;examples&quot;]&#10;warning: the following keywords are unknown and will be ignored: [$id, examples]&#10;    level: &quot;warning&quot;&#10;    schema: {&quot;loadingURI&quot;:&quot;#&quot;,&quot;pointer&quot;:&quot;/items/properties/id&quot;}&#10;    domain: &quot;syntax&quot;&#10;    ignored: [&quot;$id&quot;,&quot;examples&quot;]&#10;warning: the following keywords are unknown and will be ignored: [$id, examples]&#10;    level: &quot;warning&quot;&#10;    schema: {&quot;loadingURI&quot;:&quot;#&quot;,&quot;pointer&quot;:&quot;/items/properties/name&quot;}&#10;    domain: &quot;syntax&quot;&#10;    ignored: [&quot;$id&quot;,&quot;examples&quot;]&#10;warning: the following keywords are unknown and will be ignored: [$id]&#10;    level: &quot;warning&quot;&#10;    schema: {&quot;loadingURI&quot;:&quot;#&quot;,&quot;pointer&quot;:&quot;/items/properties/photoUrls&quot;}&#10;    domain: &quot;syntax&quot;&#10;    ignored: [&quot;$id&quot;]&#10;warning: the following keywords are unknown and will be ignored: [$id, examples]&#10;    level: &quot;warning&quot;&#10;    schema: {&quot;loadingURI&quot;:&quot;#&quot;,&quot;pointer&quot;:&quot;/items/properties/photoUrls/items&quot;}&#10;    domain: &quot;syntax&quot;&#10;    ignored: [&quot;$id&quot;,&quot;examples&quot;]&#10;warning: the following keywords are unknown and will be ignored: [$id, examples]&#10;    level: &quot;warning&quot;&#10;    schema: {&quot;loadingURI&quot;:&quot;#&quot;,&quot;pointer&quot;:&quot;/items/properties/status&quot;}&#10;    domain: &quot;syntax&quot;&#10;    ignored: [&quot;$id&quot;,&quot;examples&quot;]&#10;warning: the following keywords are unknown and will be ignored: [$id]&#10;    level: &quot;warning&quot;&#10;    schema: {&quot;loadingURI&quot;:&quot;#&quot;,&quot;pointer&quot;:&quot;/items/properties/tags&quot;}&#10;    domain: &quot;syntax&quot;&#10;    ignored: [&quot;$id&quot;]&#10;warning: the following keywords are unknown and will be ignored: [$id]&#10;    level: &quot;warning&quot;&#10;    schema: {&quot;loadingURI&quot;:&quot;#&quot;,&quot;pointer&quot;:&quot;/items/properties/tags/items&quot;}&#10;    domain: &quot;syntax&quot;&#10;    ignored: [&quot;$id&quot;]&#10;warning: the following keywords are unknown and will be ignored: [$id, examples]&#10;    level: &quot;warning&quot;&#10;    schema: {&quot;loadingURI&quot;:&quot;#&quot;,&quot;pointer&quot;:&quot;/items/properties/tags/items/properties/id&quot;}&#10;    domain: &quot;syntax&quot;&#10;    ignored: [&quot;$id&quot;,&quot;examples&quot;]&#10;warning: the following keywords are unknown and will be ignored: [$id, examples]&#10;    level: &quot;warning&quot;&#10;    schema: {&quot;loadingURI&quot;:&quot;#&quot;,&quot;pointer&quot;:&quot;/items/properties/tags/items/properties/name&quot;}&#10;    domain: &quot;syntax&quot;&#10;    ignored: [&quot;$id&quot;,&quot;examples&quot;]&#10;warning: the following keywords are unknown and will be ignored: [$id]&#10;    level: &quot;warning&quot;&#10;    schema: {&quot;loadingURI&quot;:&quot;#&quot;,&quot;pointer&quot;:&quot;/items/properties/category&quot;}&#10;    domain: &quot;syntax&quot;&#10;    ignored: [&quot;$id&quot;]&#10;warning: the following keywords are unknown and will be ignored: [$id, examples]&#10;    level: &quot;warning&quot;&#10;    schema: {&quot;loadingURI&quot;:&quot;#&quot;,&quot;pointer&quot;:&quot;/items/properties/category/properties/id&quot;}&#10;    domain: &quot;syntax&quot;&#10;    ignored: [&quot;$id&quot;,&quot;examples&quot;]&#10;warning: the following keywords are unknown and will be ignored: [$id, examples]&#10;    level: &quot;warning&quot;&#10;    schema: {&quot;loadingURI&quot;:&quot;#&quot;,&quot;pointer&quot;:&quot;/items/properties/category/properties/name&quot;}&#10;    domain: &quot;syntax&quot;&#10;    ignored: [&quot;$id&quot;,&quot;examples&quot;]&#10;warning: the following keywords are unknown and will be ignored: [$id, examples]&#10;    level: &quot;warning&quot;&#10;    schema: {&quot;loadingURI&quot;:&quot;#&quot;,&quot;pointer&quot;:&quot;/items/properties/category/properties/id&quot;}&#10;    domain: &quot;syntax&quot;&#10;    ignored: [&quot;$id&quot;,&quot;examples&quot;]&#10;warning: the following keywords are unknown and will be ignored: [$id, examples]&#10;    level: &quot;warning&quot;&#10;    schema: {&quot;loadingURI&quot;:&quot;#&quot;,&quot;pointer&quot;:&quot;/items/properties/category/properties/name&quot;}&#10;    domain: &quot;syntax&quot;&#10;    ignored: [&quot;$id&quot;,&quot;examples&quot;]&#10;warning: the following keywords are unknown and will be ignored: [$id, examples]&#10;    level: &quot;warning&quot;&#10;    schema: {&quot;loadingURI&quot;:&quot;#&quot;,&quot;pointer&quot;:&quot;/items/properties/id&quot;}&#10;    domain: &quot;syntax&quot;&#10;    ignored: [&quot;$id&quot;,&quot;examples&quot;]&#10;warning: the following keywords are unknown and will be ignored: [$id, examples]&#10;    level: &quot;warning&quot;&#10;    schema: {&quot;loadingURI&quot;:&quot;#&quot;,&quot;pointer&quot;:&quot;/items/properties/name&quot;}&#10;    domain: &quot;syntax&quot;&#10;    ignored: [&quot;$id&quot;,&quot;examples&quot;]&#10;warning: the following keywords are unknown and will be ignored: [$id]&#10;    level: &quot;warning&quot;&#10;    schema: {&quot;loadingURI&quot;:&quot;#&quot;,&quot;pointer&quot;:&quot;/items/properties/photoUrls&quot;}&#10;    domain: &quot;syntax&quot;&#10;    ignored: [&quot;$id&quot;]&#10;warning: the following keywords are unknown and will be ignored: [$id, examples]&#10;    level: &quot;warning&quot;&#10;    schema: {&quot;loadingURI&quot;:&quot;#&quot;,&quot;pointer&quot;:&quot;/items/properties/photoUrls/items&quot;}&#10;    domain: &quot;syntax&quot;&#10;    ignored: [&quot;$id&quot;,&quot;examples&quot;]&#10;warning: the following keywords are unknown and will be ignored: [$id, examples]&#10;    level: &quot;warning&quot;&#10;    schema: {&quot;loadingURI&quot;:&quot;#&quot;,&quot;pointer&quot;:&quot;/items/properties/photoUrls/items&quot;}&#10;    domain: &quot;syntax&quot;&#10;    ignored: [&quot;$id&quot;,&quot;examples&quot;]&#10;warning: the following keywords are unknown and will be ignored: [$id, examples]&#10;    level: &quot;warning&quot;&#10;    schema: {&quot;loadingURI&quot;:&quot;#&quot;,&quot;pointer&quot;:&quot;/items/properties/status&quot;}&#10;    domain: &quot;syntax&quot;&#10;    ignored: [&quot;$id&quot;,&quot;examples&quot;]&#10;warning: the following keywords are unknown and will be ignored: [$id]&#10;    level: &quot;warning&quot;&#10;    schema: {&quot;loadingURI&quot;:&quot;#&quot;,&quot;pointer&quot;:&quot;/items/properties/tags&quot;}&#10;    domain: &quot;syntax&quot;&#10;    ignored: [&quot;$id&quot;]&#10;warning: the following keywords are unknown and will be ignored: [$id]&#10;    level: &quot;warning&quot;&#10;    schema: {&quot;loadingURI&quot;:&quot;#&quot;,&quot;pointer&quot;:&quot;/items/properties/tags/items&quot;}&#10;    domain: &quot;syntax&quot;&#10;    ignored: [&quot;$id&quot;]&#10;warning: the following keywords are unknown and will be ignored: [$id, examples]&#10;    level: &quot;warning&quot;&#10;    schema: {&quot;loadingURI&quot;:&quot;#&quot;,&quot;pointer&quot;:&quot;/items/properties/tags/items/properties/id&quot;}&#10;    domain: &quot;syntax&quot;&#10;    ignored: [&quot;$id&quot;,&quot;examples&quot;]&#10;warning: the following keywords are unknown and will be ignored: [$id, examples]&#10;    level: &quot;warning&quot;&#10;    schema: {&quot;loadingURI&quot;:&quot;#&quot;,&quot;pointer&quot;:&quot;/items/properties/tags/items/properties/name&quot;}&#10;    domain: &quot;syntax&quot;&#10;    ignored: [&quot;$id&quot;,&quot;examples&quot;]&#10;warning: the following keywords are unknown and will be ignored: [$id]&#10;    level: &quot;warning&quot;&#10;    schema: {&quot;loadingURI&quot;:&quot;#&quot;,&quot;pointer&quot;:&quot;/items/properties/tags/items&quot;}&#10;    domain: &quot;syntax&quot;&#10;    ignored: [&quot;$id&quot;]&#10;warning: the following keywords are unknown and will be ignored: [$id, examples]&#10;    level: &quot;warning&quot;&#10;    schema: {&quot;loadingURI&quot;:&quot;#&quot;,&quot;pointer&quot;:&quot;/items/properties/tags/items/properties/id&quot;}&#10;    domain: &quot;syntax&quot;&#10;    ignored: [&quot;$id&quot;,&quot;examples&quot;]&#10;warning: the following keywords are unknown and will be ignored: [$id, examples]&#10;    level: &quot;warning&quot;&#10;    schema: {&quot;loadingURI&quot;:&quot;#&quot;,&quot;pointer&quot;:&quot;/items/properties/tags/items/properties/name&quot;}&#10;    domain: &quot;syntax&quot;&#10;    ignored: [&quot;$id&quot;,&quot;examples&quot;]&#10;warning: the following keywords are unknown and will be ignored: [$id, examples]&#10;    level: &quot;warning&quot;&#10;    schema: {&quot;loadingURI&quot;:&quot;#&quot;,&quot;pointer&quot;:&quot;/items/properties/tags/items/properties/id&quot;}&#10;    domain: &quot;syntax&quot;&#10;    ignored: [&quot;$id&quot;,&quot;examples&quot;]&#10;warning: the following keywords are unknown and will be ignored: [$id, examples]&#10;    level: &quot;warning&quot;&#10;    schema: {&quot;loadingURI&quot;:&quot;#&quot;,&quot;pointer&quot;:&quot;/items/properties/tags/items/properties/name&quot;}&#10;    domain: &quot;syntax&quot;&#10;    ignored: [&quot;$id&quot;,&quot;examples&quot;]&#10;warning: the following keywords are unknown and will be ignored: [$id]&#10;    level: &quot;warning&quot;&#10;    schema: {&quot;loadingURI&quot;:&quot;#&quot;,&quot;pointer&quot;:&quot;/items&quot;}&#10;    domain: &quot;syntax&quot;&#10;    ignored: [&quot;$id&quot;]&#10;warning: the following keywords are unknown and will be ignored: [$id]&#10;    level: &quot;warning&quot;&#10;    schema: {&quot;loadingURI&quot;:&quot;#&quot;,&quot;pointer&quot;:&quot;/items/properties/category&quot;}&#10;    domain: &quot;syntax&quot;&#10;    ignored: [&quot;$id&quot;]&#10;warning: the following keywords are unknown and will be ignored: [$id, examples]&#10;    level: &quot;warning&quot;&#10;    schema: {&quot;loadingURI&quot;:&quot;#&quot;,&quot;pointer&quot;:&quot;/items/properties/category/properties/id&quot;}&#10;    domain: &quot;syntax&quot;&#10;    ignored: [&quot;$id&quot;,&quot;examples&quot;]&#10;warning: the following keywords are unknown and will be ignored: [$id, examples]&#10;    level: &quot;warning&quot;&#10;    schema: {&quot;loadingURI&quot;:&quot;#&quot;,&quot;pointer&quot;:&quot;/items/properties/category/properties/name&quot;}&#10;    domain: &quot;syntax&quot;&#10;    ignored: [&quot;$id&quot;,&quot;examples&quot;]&#10;warning: the following keywords are unknown and will be ignored: [$id, examples]&#10;    level: &quot;warning&quot;&#10;    schema: {&quot;loadingURI&quot;:&quot;#&quot;,&quot;pointer&quot;:&quot;/items/properties/id&quot;}&#10;    domain: &quot;syntax&quot;&#10;    ignored: [&quot;$id&quot;,&quot;examples&quot;]&#10;warning: the following keywords are unknown and will be ignored: [$id, examples]&#10;    level: &quot;warning&quot;&#10;    schema: {&quot;loadingURI&quot;:&quot;#&quot;,&quot;pointer&quot;:&quot;/items/properties/name&quot;}&#10;    domain: &quot;syntax&quot;&#10;    ignored: [&quot;$id&quot;,&quot;examples&quot;]&#10;warning: the following keywords are unknown and will be ignored: [$id]&#10;    level: &quot;warning&quot;&#10;    schema: {&quot;loadingURI&quot;:&quot;#&quot;,&quot;pointer&quot;:&quot;/items/properties/photoUrls&quot;}&#10;    domain: &quot;syntax&quot;&#10;    ignored: [&quot;$id&quot;]&#10;warning: the following keywords are unknown and will be ignored: [$id, examples]&#10;    level: &quot;warning&quot;&#10;    schema: {&quot;loadingURI&quot;:&quot;#&quot;,&quot;pointer&quot;:&quot;/items/properties/photoUrls/items&quot;}&#10;    domain: &quot;syntax&quot;&#10;    ignored: [&quot;$id&quot;,&quot;examples&quot;]&#10;warning: the following keywords are unknown and will be ignored: [$id, examples]&#10;    level: &quot;warning&quot;&#10;    schema: {&quot;loadingURI&quot;:&quot;#&quot;,&quot;pointer&quot;:&quot;/items/properties/status&quot;}&#10;    domain: &quot;syntax&quot;&#10;    ignored: [&quot;$id&quot;,&quot;examples&quot;]&#10;warning: the following keywords are unknown and will be ignored: [$id]&#10;    level: &quot;warning&quot;&#10;    schema: {&quot;loadingURI&quot;:&quot;#&quot;,&quot;pointer&quot;:&quot;/items/properties/tags&quot;}&#10;    domain: &quot;syntax&quot;&#10;    ignored: [&quot;$id&quot;]&#10;warning: the following keywords are unknown and will be ignored: [$id]&#10;    level: &quot;warning&quot;&#10;    schema: {&quot;loadingURI&quot;:&quot;#&quot;,&quot;pointer&quot;:&quot;/items/properties/tags/items&quot;}&#10;    domain: &quot;syntax&quot;&#10;    ignored: [&quot;$id&quot;]&#10;warning: the following keywords are unknown and will be ignored: [$id, examples]&#10;    level: &quot;warning&quot;&#10;    schema: {&quot;loadingURI&quot;:&quot;#&quot;,&quot;pointer&quot;:&quot;/items/properties/tags/items/properties/id&quot;}&#10;    domain: &quot;syntax&quot;&#10;    ignored: [&quot;$id&quot;,&quot;examples&quot;]&#10;warning: the following keywords are unknown and will be ignored: [$id, examples]&#10;    level: &quot;warning&quot;&#10;    schema: {&quot;loadingURI&quot;:&quot;#&quot;,&quot;pointer&quot;:&quot;/items/properties/tags/items/properties/name&quot;}&#10;    domain: &quot;syntax&quot;&#10;    ignored: [&quot;$id&quot;,&quot;examples&quot;]&#10;warning: the following keywords are unknown and will be ignored: [$id]&#10;    level: &quot;warning&quot;&#10;    schema: {&quot;loadingURI&quot;:&quot;#&quot;,&quot;pointer&quot;:&quot;/items/properties/category&quot;}&#10;    domain: &quot;syntax&quot;&#10;    ignored: [&quot;$id&quot;]&#10;warning: the following keywords are unknown and will be ignored: [$id, examples]&#10;    level: &quot;warning&quot;&#10;    schema: {&quot;loadingURI&quot;:&quot;#&quot;,&quot;pointer&quot;:&quot;/items/properties/category/properties/id&quot;}&#10;    domain: &quot;syntax&quot;&#10;    ignored: [&quot;$id&quot;,&quot;examples&quot;]&#10;warning: the following keywords are unknown and will be ignored: [$id, examples]&#10;    level: &quot;warning&quot;&#10;    schema: {&quot;loadingURI&quot;:&quot;#&quot;,&quot;pointer&quot;:&quot;/items/properties/category/properties/name&quot;}&#10;    domain: &quot;syntax&quot;&#10;    ignored: [&quot;$id&quot;,&quot;examples&quot;]&#10;warning: the following keywords are unknown and will be ignored: [$id, examples]&#10;    level: &quot;warning&quot;&#10;    schema: {&quot;loadingURI&quot;:&quot;#&quot;,&quot;pointer&quot;:&quot;/items/properties/category/properties/id&quot;}&#10;    domain: &quot;syntax&quot;&#10;    ignored: [&quot;$id&quot;,&quot;examples&quot;]&#10;warning: the following keywords are unknown and will be ignored: [$id, examples]&#10;    level: &quot;warning&quot;&#10;    schema: {&quot;loadingURI&quot;:&quot;#&quot;,&quot;pointer&quot;:&quot;/items/properties/category/properties/name&quot;}&#10;    domain: &quot;syntax&quot;&#10;    ignored: [&quot;$id&quot;,&quot;examples&quot;]&#10;warning: the following keywords are unknown and will be ignored: [$id, examples]&#10;    level: &quot;warning&quot;&#10;    schema: {&quot;loadingURI&quot;:&quot;#&quot;,&quot;pointer&quot;:&quot;/items/properties/id&quot;}&#10;    domain: &quot;syntax&quot;&#10;    ignored: [&quot;$id&quot;,&quot;examples&quot;]&#10;warning: the following keywords are unknown and will be ignored: [$id, examples]&#10;    level: &quot;warning&quot;&#10;    schema: {&quot;loadingURI&quot;:&quot;#&quot;,&quot;pointer&quot;:&quot;/items/properties/name&quot;}&#10;    domain: &quot;syntax&quot;&#10;    ignored: [&quot;$id&quot;,&quot;examples&quot;]&#10;warning: the following keywords are unknown and will be ignored: [$id]&#10;    level: &quot;warning&quot;&#10;    schema: {&quot;loadingURI&quot;:&quot;#&quot;,&quot;pointer&quot;:&quot;/items/properties/photoUrls&quot;}&#10;    domain: &quot;syntax&quot;&#10;    ignored: [&quot;$id&quot;]&#10;warning: the following keywords are unknown and will be ignored: [$id, examples]&#10;    level: &quot;warning&quot;&#10;    schema: {&quot;loadingURI&quot;:&quot;#&quot;,&quot;pointer&quot;:&quot;/items/properties/photoUrls/items&quot;}&#10;    domain: &quot;syntax&quot;&#10;    ignored: [&quot;$id&quot;,&quot;examples&quot;]&#10;warning: the following keywords are unknown and will be ignored: [$id, examples]&#10;    level: &quot;warning&quot;&#10;    schema: {&quot;loadingURI&quot;:&quot;#&quot;,&quot;pointer&quot;:&quot;/items/properties/photoUrls/items&quot;}&#10;    domain: &quot;syntax&quot;&#10;    ignored: [&quot;$id&quot;,&quot;examples&quot;]&#10;warning: the following keywords are unknown and will be ignored: [$id, examples]&#10;    level: &quot;warning&quot;&#10;    schema: {&quot;loadingURI&quot;:&quot;#&quot;,&quot;pointer&quot;:&quot;/items/properties/status&quot;}&#10;    domain: &quot;syntax&quot;&#10;    ignored: [&quot;$id&quot;,&quot;examples&quot;]&#10;warning: the following keywords are unknown and will be ignored: [$id]&#10;    level: &quot;warning&quot;&#10;    schema: {&quot;loadingURI&quot;:&quot;#&quot;,&quot;pointer&quot;:&quot;/items/properties/tags&quot;}&#10;    domain: &quot;syntax&quot;&#10;    ignored: [&quot;$id&quot;]&#10;warning: the following keywords are unknown and will be ignored: [$id]&#10;    level: &quot;warning&quot;&#10;    schema: {&quot;loadingURI&quot;:&quot;#&quot;,&quot;pointer&quot;:&quot;/items/properties/tags/items&quot;}&#10;    domain: &quot;syntax&quot;&#10;    ignored: [&quot;$id&quot;]&#10;warning: the following keywords are unknown and will be ignored: [$id, examples]&#10;    level: &quot;warning&quot;&#10;    schema: {&quot;loadingURI&quot;:&quot;#&quot;,&quot;pointer&quot;:&quot;/items/properties/tags/items/properties/id&quot;}&#10;    domain: &quot;syntax&quot;&#10;    ignored: [&quot;$id&quot;,&quot;examples&quot;]&#10;warning: the following keywords are unknown and will be ignored: [$id, examples]&#10;    level: &quot;warning&quot;&#10;    schema: {&quot;loadingURI&quot;:&quot;#&quot;,&quot;pointer&quot;:&quot;/items/properties/tags/items/properties/name&quot;}&#10;    domain: &quot;syntax&quot;&#10;    ignored: [&quot;$id&quot;,&quot;examples&quot;]&#10;warning: the following keywords are unknown and will be ignored: [$id]&#10;    level: &quot;warning&quot;&#10;    schema: {&quot;loadingURI&quot;:&quot;#&quot;,&quot;pointer&quot;:&quot;/items/properties/tags/items&quot;}&#10;    domain: &quot;syntax&quot;&#10;    ignored: [&quot;$id&quot;]&#10;warning: the following keywords are unknown and will be ignored: [$id, examples]&#10;    level: &quot;warning&quot;&#10;    schema: {&quot;loadingURI&quot;:&quot;#&quot;,&quot;pointer&quot;:&quot;/items/properties/tags/items/properties/id&quot;}&#10;    domain: &quot;syntax&quot;&#10;    ignored: [&quot;$id&quot;,&quot;examples&quot;]&#10;warning: the following keywords are unknown and will be ignored: [$id, examples]&#10;    level: &quot;warning&quot;&#10;    schema: {&quot;loadingURI&quot;:&quot;#&quot;,&quot;pointer&quot;:&quot;/items/properties/tags/items/properties/name&quot;}&#10;    domain: &quot;syntax&quot;&#10;    ignored: [&quot;$id&quot;,&quot;examples&quot;]&#10;warning: the following keywords are unknown and will be ignored: [$id, examples]&#10;    level: &quot;warning&quot;&#10;    schema: {&quot;loadingURI&quot;:&quot;#&quot;,&quot;pointer&quot;:&quot;/items/properties/tags/items/properties/id&quot;}&#10;    domain: &quot;syntax&quot;&#10;    ignored: [&quot;$id&quot;,&quot;examples&quot;]&#10;warning: the following keywords are unknown and will be ignored: [$id, examples]&#10;    level: &quot;warning&quot;&#10;    schema: {&quot;loadingURI&quot;:&quot;#&quot;,&quot;pointer&quot;:&quot;/items/properties/tags/items/properties/name&quot;}&#10;    domain: &quot;syntax&quot;&#10;    ignored: [&quot;$id&quot;,&quot;examples&quot;]&#10;warning: the following keywords are unknown and will be ignored: [$id]&#10;    level: &quot;warning&quot;&#10;    schema: {&quot;loadingURI&quot;:&quot;#&quot;,&quot;pointer&quot;:&quot;/items&quot;}&#10;    domain: &quot;syntax&quot;&#10;    ignored: [&quot;$id&quot;]&#10;warning: the following keywords are unknown and will be ignored: [$id]&#10;    level: &quot;warning&quot;&#10;    schema: {&quot;loadingURI&quot;:&quot;#&quot;,&quot;pointer&quot;:&quot;/items/properties/category&quot;}&#10;    domain: &quot;syntax&quot;&#10;    ignored: [&quot;$id&quot;]&#10;warning: the following keywords are unknown and will be ignored: [$id, examples]&#10;    level: &quot;warning&quot;&#10;    schema: {&quot;loadingURI&quot;:&quot;#&quot;,&quot;pointer&quot;:&quot;/items/properties/category/properties/id&quot;}&#10;    domain: &quot;syntax&quot;&#10;    ignored: [&quot;$id&quot;,&quot;examples&quot;]&#10;warning: the following keywords are unknown and will be ignored: [$id, examples]&#10;    level: &quot;warning&quot;&#10;    schema: {&quot;loadingURI&quot;:&quot;#&quot;,&quot;pointer&quot;:&quot;/items/properties/category/properties/name&quot;}&#10;    domain: &quot;syntax&quot;&#10;    ignored: [&quot;$id&quot;,&quot;examples&quot;]&#10;warning: the following keywords are unknown and will be ignored: [$id, examples]&#10;    level: &quot;warning&quot;&#10;    schema: {&quot;loadingURI&quot;:&quot;#&quot;,&quot;pointer&quot;:&quot;/items/properties/id&quot;}&#10;    domain: &quot;syntax&quot;&#10;    ignored: [&quot;$id&quot;,&quot;examples&quot;]&#10;warning: the following keywords are unknown and will be ignored: [$id, examples]&#10;    level: &quot;warning&quot;&#10;    schema: {&quot;loadingURI&quot;:&quot;#&quot;,&quot;pointer&quot;:&quot;/items/properties/name&quot;}&#10;    domain: &quot;syntax&quot;&#10;    ignored: [&quot;$id&quot;,&quot;examples&quot;]&#10;warning: the following keywords are unknown and will be ignored: [$id]&#10;    level: &quot;warning&quot;&#10;    schema: {&quot;loadingURI&quot;:&quot;#&quot;,&quot;pointer&quot;:&quot;/items/properties/photoUrls&quot;}&#10;    domain: &quot;syntax&quot;&#10;    ignored: [&quot;$id&quot;]&#10;warning: the following keywords are unknown and will be ignored: [$id, examples]&#10;    level: &quot;warning&quot;&#10;    schema: {&quot;loadingURI&quot;:&quot;#&quot;,&quot;pointer&quot;:&quot;/items/properties/photoUrls/items&quot;}&#10;    domain: &quot;syntax&quot;&#10;    ignored: [&quot;$id&quot;,&quot;examples&quot;]&#10;warning: the following keywords are unknown and will be ignored: [$id, examples]&#10;    level: &quot;warning&quot;&#10;    schema: {&quot;loadingURI&quot;:&quot;#&quot;,&quot;pointer&quot;:&quot;/items/properties/status&quot;}&#10;    domain: &quot;syntax&quot;&#10;    ignored: [&quot;$id&quot;,&quot;examples&quot;]&#10;warning: the following keywords are unknown and will be ignored: [$id]&#10;    level: &quot;warning&quot;&#10;    schema: {&quot;loadingURI&quot;:&quot;#&quot;,&quot;pointer&quot;:&quot;/items/properties/tags&quot;}&#10;    domain: &quot;syntax&quot;&#10;    ignored: [&quot;$id&quot;]&#10;warning: the following keywords are unknown and will be ignored: [$id]&#10;    level: &quot;warning&quot;&#10;    schema: {&quot;loadingURI&quot;:&quot;#&quot;,&quot;pointer&quot;:&quot;/items/properties/tags/items&quot;}&#10;    domain: &quot;syntax&quot;&#10;    ignored: [&quot;$id&quot;]&#10;warning: the following keywords are unknown and will be ignored: [$id, examples]&#10;    level: &quot;warning&quot;&#10;    schema: {&quot;loadingURI&quot;:&quot;#&quot;,&quot;pointer&quot;:&quot;/items/properties/tags/items/properties/id&quot;}&#10;    domain: &quot;syntax&quot;&#10;    ignored: [&quot;$id&quot;,&quot;examples&quot;]&#10;warning: the following keywords are unknown and will be ignored: [$id, examples]&#10;    level: &quot;warning&quot;&#10;    schema: {&quot;loadingURI&quot;:&quot;#&quot;,&quot;pointer&quot;:&quot;/items/properties/tags/items/properties/name&quot;}&#10;    domain: &quot;syntax&quot;&#10;    ignored: [&quot;$id&quot;,&quot;examples&quot;]&#10;warning: the following keywords are unknown and will be ignored: [$id]&#10;    level: &quot;warning&quot;&#10;    schema: {&quot;loadingURI&quot;:&quot;#&quot;,&quot;pointer&quot;:&quot;/items/properties/category&quot;}&#10;    domain: &quot;syntax&quot;&#10;    ignored: [&quot;$id&quot;]&#10;warning: the following keywords are unknown and will be ignored: [$id, examples]&#10;    level: &quot;warning&quot;&#10;    schema: {&quot;loadingURI&quot;:&quot;#&quot;,&quot;pointer&quot;:&quot;/items/properties/category/properties/id&quot;}&#10;    domain: &quot;syntax&quot;&#10;    ignored: [&quot;$id&quot;,&quot;examples&quot;]&#10;warning: the following keywords are unknown and will be ignored: [$id, examples]&#10;    level: &quot;warning&quot;&#10;    schema: {&quot;loadingURI&quot;:&quot;#&quot;,&quot;pointer&quot;:&quot;/items/properties/category/properties/name&quot;}&#10;    domain: &quot;syntax&quot;&#10;    ignored: [&quot;$id&quot;,&quot;examples&quot;]&#10;warning: the following keywords are unknown and will be ignored: [$id, examples]&#10;    level: &quot;warning&quot;&#10;    schema: {&quot;loadingURI&quot;:&quot;#&quot;,&quot;pointer&quot;:&quot;/items/properties/category/properties/id&quot;}&#10;    domain: &quot;syntax&quot;&#10;    ignored: [&quot;$id&quot;,&quot;examples&quot;]&#10;warning: the following keywords are unknown and will be ignored: [$id, examples]&#10;    level: &quot;warning&quot;&#10;    schema: {&quot;loadingURI&quot;:&quot;#&quot;,&quot;pointer&quot;:&quot;/items/properties/category/properties/name&quot;}&#10;    domain: &quot;syntax&quot;&#10;    ignored: [&quot;$id&quot;,&quot;examples&quot;]&#10;warning: the following keywords are unknown and will be ignored: [$id, examples]&#10;    level: &quot;warning&quot;&#10;    schema: {&quot;loadingURI&quot;:&quot;#&quot;,&quot;pointer&quot;:&quot;/items/properties/id&quot;}&#10;    domain: &quot;syntax&quot;&#10;    ignored: [&quot;$id&quot;,&quot;examples&quot;]&#10;warning: the following keywords are unknown and will be ignored: [$id, examples]&#10;    level: &quot;warning&quot;&#10;    schema: {&quot;loadingURI&quot;:&quot;#&quot;,&quot;pointer&quot;:&quot;/items/properties/name&quot;}&#10;    domain: &quot;syntax&quot;&#10;    ignored: [&quot;$id&quot;,&quot;examples&quot;]&#10;warning: the following keywords are unknown and will be ignored: [$id]&#10;    level: &quot;warning&quot;&#10;    schema: {&quot;loadingURI&quot;:&quot;#&quot;,&quot;pointer&quot;:&quot;/items/properties/photoUrls&quot;}&#10;    domain: &quot;syntax&quot;&#10;    ignored: [&quot;$id&quot;]&#10;warning: the following keywords are unknown and will be ignored: [$id, examples]&#10;    level: &quot;warning&quot;&#10;    schema: {&quot;loadingURI&quot;:&quot;#&quot;,&quot;pointer&quot;:&quot;/items/properties/photoUrls/items&quot;}&#10;    domain: &quot;syntax&quot;&#10;    ignored: [&quot;$id&quot;,&quot;examples&quot;]&#10;warning: the following keywords are unknown and will be ignored: [$id, examples]&#10;    level: &quot;warning&quot;&#10;    schema: {&quot;loadingURI&quot;:&quot;#&quot;,&quot;pointer&quot;:&quot;/items/properties/photoUrls/items&quot;}&#10;    domain: &quot;syntax&quot;&#10;    ignored: [&quot;$id&quot;,&quot;examples&quot;]&#10;warning: the following keywords are unknown and will be ignored: [$id, examples]&#10;    level: &quot;warning&quot;&#10;    schema: {&quot;loadingURI&quot;:&quot;#&quot;,&quot;pointer&quot;:&quot;/items/properties/status&quot;}&#10;    domain: &quot;syntax&quot;&#10;    ignored: [&quot;$id&quot;,&quot;examples&quot;]&#10;warning: the following keywords are unknown and will be ignored: [$id]&#10;    level: &quot;warning&quot;&#10;    schema: {&quot;loadingURI&quot;:&quot;#&quot;,&quot;pointer&quot;:&quot;/items/properties/tags&quot;}&#10;    domain: &quot;syntax&quot;&#10;    ignored: [&quot;$id&quot;]&#10;warning: the following keywords are unknown and will be ignored: [$id]&#10;    level: &quot;warning&quot;&#10;    schema: {&quot;loadingURI&quot;:&quot;#&quot;,&quot;pointer&quot;:&quot;/items/properties/tags/items&quot;}&#10;    domain: &quot;syntax&quot;&#10;    ignored: [&quot;$id&quot;]&#10;warning: the following keywords are unknown and will be ignored: [$id, examples]&#10;    level: &quot;warning&quot;&#10;    schema: {&quot;loadingURI&quot;:&quot;#&quot;,&quot;pointer&quot;:&quot;/items/properties/tags/items/properties/id&quot;}&#10;    domain: &quot;syntax&quot;&#10;    ignored: [&quot;$id&quot;,&quot;examples&quot;]&#10;warning: the following keywords are unknown and will be ignored: [$id, examples]&#10;    level: &quot;warning&quot;&#10;    schema: {&quot;loadingURI&quot;:&quot;#&quot;,&quot;pointer&quot;:&quot;/items/properties/tags/items/properties/name&quot;}&#10;    domain: &quot;syntax&quot;&#10;    ignored: [&quot;$id&quot;,&quot;examples&quot;]&#10;warning: the following keywords are unknown and will be ignored: [$id]&#10;    level: &quot;warning&quot;&#10;    schema: {&quot;loadingURI&quot;:&quot;#&quot;,&quot;pointer&quot;:&quot;/items/properties/tags/items&quot;}&#10;    domain: &quot;syntax&quot;&#10;    ignored: [&quot;$id&quot;]&#10;warning: the following keywords are unknown and will be ignored: [$id, examples]&#10;    level: &quot;warning&quot;&#10;    schema: {&quot;loadingURI&quot;:&quot;#&quot;,&quot;pointer&quot;:&quot;/items/properties/tags/items/properties/id&quot;}&#10;    domain: &quot;syntax&quot;&#10;    ignored: [&quot;$id&quot;,&quot;examples&quot;]&#10;warning: the following keywords are unknown and will be ignored: [$id, examples]&#10;    level: &quot;warning&quot;&#10;    schema: {&quot;loadingURI&quot;:&quot;#&quot;,&quot;pointer&quot;:&quot;/items/properties/tags/items/properties/name&quot;}&#10;    domain: &quot;syntax&quot;&#10;    ignored: [&quot;$id&quot;,&quot;examples&quot;]&#10;warning: the following keywords are unknown and will be ignored: [$id, examples]&#10;    level: &quot;warning&quot;&#10;    schema: {&quot;loadingURI&quot;:&quot;#&quot;,&quot;pointer&quot;:&quot;/items/properties/tags/items/properties/id&quot;}&#10;    domain: &quot;syntax&quot;&#10;    ignored: [&quot;$id&quot;,&quot;examples&quot;]&#10;warning: the following keywords are unknown and will be ignored: [$id, examples]&#10;    level: &quot;warning&quot;&#10;    schema: {&quot;loadingURI&quot;:&quot;#&quot;,&quot;pointer&quot;:&quot;/items/properties/tags/items/properties/name&quot;}&#10;    domain: &quot;syntax&quot;&#10;    ignored: [&quot;$id&quot;,&quot;examples&quot;]&#10;warning: the following keywords are unknown and will be ignored: [$id]&#10;    level: &quot;warning&quot;&#10;    schema: {&quot;loadingURI&quot;:&quot;#&quot;,&quot;pointer&quot;:&quot;/items&quot;}&#10;    domain: &quot;syntax&quot;&#10;    ignored: [&quot;$id&quot;]&#10;warning: the following keywords are unknown and will be ignored: [$id]&#10;    level: &quot;warning&quot;&#10;    schema: {&quot;loadingURI&quot;:&quot;#&quot;,&quot;pointer&quot;:&quot;/items/properties/category&quot;}&#10;    domain: &quot;syntax&quot;&#10;    ignored: [&quot;$id&quot;]&#10;warning: the following keywords are unknown and will be ignored: [$id, examples]&#10;    level: &quot;warning&quot;&#10;    schema: {&quot;loadingURI&quot;:&quot;#&quot;,&quot;pointer&quot;:&quot;/items/properties/category/properties/id&quot;}&#10;    domain: &quot;syntax&quot;&#10;    ignored: [&quot;$id&quot;,&quot;examples&quot;]&#10;warning: the following keywords are unknown and will be ignored: [$id, examples]&#10;    level: &quot;warning&quot;&#10;    schema: {&quot;loadingURI&quot;:&quot;#&quot;,&quot;pointer&quot;:&quot;/items/properties/category/properties/name&quot;}&#10;    domain: &quot;syntax&quot;&#10;    ignored: [&quot;$id&quot;,&quot;examples&quot;]&#10;warning: the following keywords are unknown and will be ignored: [$id, examples]&#10;    level: &quot;warning&quot;&#10;    schema: {&quot;loadingURI&quot;:&quot;#&quot;,&quot;pointer&quot;:&quot;/items/properties/id&quot;}&#10;    domain: &quot;syntax&quot;&#10;    ignored: [&quot;$id&quot;,&quot;examples&quot;]&#10;warning: the following keywords are unknown and will be ignored: [$id, examples]&#10;    level: &quot;warning&quot;&#10;    schema: {&quot;loadingURI&quot;:&quot;#&quot;,&quot;pointer&quot;:&quot;/items/properties/name&quot;}&#10;    domain: &quot;syntax&quot;&#10;    ignored: [&quot;$id&quot;,&quot;examples&quot;]&#10;warning: the following keywords are unknown and will be ignored: [$id]&#10;    level: &quot;warning&quot;&#10;    schema: {&quot;loadingURI&quot;:&quot;#&quot;,&quot;pointer&quot;:&quot;/items/properties/photoUrls&quot;}&#10;    domain: &quot;syntax&quot;&#10;    ignored: [&quot;$id&quot;]&#10;warning: the following keywords are unknown and will be ignored: [$id, examples]&#10;    level: &quot;warning&quot;&#10;    schema: {&quot;loadingURI&quot;:&quot;#&quot;,&quot;pointer&quot;:&quot;/items/properties/photoUrls/items&quot;}&#10;    domain: &quot;syntax&quot;&#10;    ignored: [&quot;$id&quot;,&quot;examples&quot;]&#10;warning: the following keywords are unknown and will be ignored: [$id, examples]&#10;    level: &quot;warning&quot;&#10;    schema: {&quot;loadingURI&quot;:&quot;#&quot;,&quot;pointer&quot;:&quot;/items/properties/status&quot;}&#10;    domain: &quot;syntax&quot;&#10;    ignored: [&quot;$id&quot;,&quot;examples&quot;]&#10;warning: the following keywords are unknown and will be ignored: [$id]&#10;    level: &quot;warning&quot;&#10;    schema: {&quot;loadingURI&quot;:&quot;#&quot;,&quot;pointer&quot;:&quot;/items/properties/tags&quot;}&#10;    domain: &quot;syntax&quot;&#10;    ignored: [&quot;$id&quot;]&#10;warning: the following keywords are unknown and will be ignored: [$id]&#10;    level: &quot;warning&quot;&#10;    schema: {&quot;loadingURI&quot;:&quot;#&quot;,&quot;pointer&quot;:&quot;/items/properties/tags/items&quot;}&#10;    domain: &quot;syntax&quot;&#10;    ignored: [&quot;$id&quot;]&#10;warning: the following keywords are unknown and will be ignored: [$id, examples]&#10;    level: &quot;warning&quot;&#10;    schema: {&quot;loadingURI&quot;:&quot;#&quot;,&quot;pointer&quot;:&quot;/items/properties/tags/items/properties/id&quot;}&#10;    domain: &quot;syntax&quot;&#10;    ignored: [&quot;$id&quot;,&quot;examples&quot;]&#10;warning: the following keywords are unknown and will be ignored: [$id, examples]&#10;    level: &quot;warning&quot;&#10;    schema: {&quot;loadingURI&quot;:&quot;#&quot;,&quot;pointer&quot;:&quot;/items/properties/tags/items/properties/name&quot;}&#10;    domain: &quot;syntax&quot;&#10;    ignored: [&quot;$id&quot;,&quot;examples&quot;]&#10;warning: the following keywords are unknown and will be ignored: [$id]&#10;    level: &quot;warning&quot;&#10;    schema: {&quot;loadingURI&quot;:&quot;#&quot;,&quot;pointer&quot;:&quot;/items/properties/category&quot;}&#10;    domain: &quot;syntax&quot;&#10;    ignored: [&quot;$id&quot;]&#10;warning: the following keywords are unknown and will be ignored: [$id, examples]&#10;    level: &quot;warning&quot;&#10;    schema: {&quot;loadingURI&quot;:&quot;#&quot;,&quot;pointer&quot;:&quot;/items/properties/category/properties/id&quot;}&#10;    domain: &quot;syntax&quot;&#10;    ignored: [&quot;$id&quot;,&quot;examples&quot;]&#10;warning: the following keywords are unknown and will be ignored: [$id, examples]&#10;    level: &quot;warning&quot;&#10;    schema: {&quot;loadingURI&quot;:&quot;#&quot;,&quot;pointer&quot;:&quot;/items/properties/category/properties/name&quot;}&#10;    domain: &quot;syntax&quot;&#10;    ignored: [&quot;$id&quot;,&quot;examples&quot;]&#10;warning: the following keywords are unknown and will be ignored: [$id, examples]&#10;    level: &quot;warning&quot;&#10;    schema: {&quot;loadingURI&quot;:&quot;#&quot;,&quot;pointer&quot;:&quot;/items/properties/category/properties/id&quot;}&#10;    domain: &quot;syntax&quot;&#10;    ignored: [&quot;$id&quot;,&quot;examples&quot;]&#10;warning: the following keywords are unknown and will be ignored: [$id, examples]&#10;    level: &quot;warning&quot;&#10;    schema: {&quot;loadingURI&quot;:&quot;#&quot;,&quot;pointer&quot;:&quot;/items/properties/category/properties/name&quot;}&#10;    domain: &quot;syntax&quot;&#10;    ignored: [&quot;$id&quot;,&quot;examples&quot;]&#10;warning: the following keywords are unknown and will be ignored: [$id, examples]&#10;    level: &quot;warning&quot;&#10;    schema: {&quot;loadingURI&quot;:&quot;#&quot;,&quot;pointer&quot;:&quot;/items/properties/id&quot;}&#10;    domain: &quot;syntax&quot;&#10;    ignored: [&quot;$id&quot;,&quot;examples&quot;]&#10;warning: the following keywords are unknown and will be ignored: [$id, examples]&#10;    level: &quot;warning&quot;&#10;    schema: {&quot;loadingURI&quot;:&quot;#&quot;,&quot;pointer&quot;:&quot;/items/properties/name&quot;}&#10;    domain: &quot;syntax&quot;&#10;    ignored: [&quot;$id&quot;,&quot;examples&quot;]&#10;warning: the following keywords are unknown and will be ignored: [$id]&#10;    level: &quot;warning&quot;&#10;    schema: {&quot;loadingURI&quot;:&quot;#&quot;,&quot;pointer&quot;:&quot;/items/properties/photoUrls&quot;}&#10;    domain: &quot;syntax&quot;&#10;    ignored: [&quot;$id&quot;]&#10;warning: the following keywords are unknown and will be ignored: [$id, examples]&#10;    level: &quot;warning&quot;&#10;    schema: {&quot;loadingURI&quot;:&quot;#&quot;,&quot;pointer&quot;:&quot;/items/properties/photoUrls/items&quot;}&#10;    domain: &quot;syntax&quot;&#10;    ignored: [&quot;$id&quot;,&quot;examples&quot;]&#10;warning: the following keywords are unknown and will be ignored: [$id, examples]&#10;    level: &quot;warning&quot;&#10;    schema: {&quot;loadingURI&quot;:&quot;#&quot;,&quot;pointer&quot;:&quot;/items/properties/photoUrls/items&quot;}&#10;    domain: &quot;syntax&quot;&#10;    ignored: [&quot;$id&quot;,&quot;examples&quot;]&#10;warning: the following keywords are unknown and will be ignored: [$id, examples]&#10;    level: &quot;warning&quot;&#10;    schema: {&quot;loadingURI&quot;:&quot;#&quot;,&quot;pointer&quot;:&quot;/items/properties/status&quot;}&#10;    domain: &quot;syntax&quot;&#10;    ignored: [&quot;$id&quot;,&quot;examples&quot;]&#10;warning: the following keywords are unknown and will be ignored: [$id]&#10;    level: &quot;warning&quot;&#10;    schema: {&quot;loadingURI&quot;:&quot;#&quot;,&quot;pointer&quot;:&quot;/items/properties/tags&quot;}&#10;    domain: &quot;syntax&quot;&#10;    ignored: [&quot;$id&quot;]&#10;warning: the following keywords are unknown and will be ignored: [$id]&#10;    level: &quot;warning&quot;&#10;    schema: {&quot;loadingURI&quot;:&quot;#&quot;,&quot;pointer&quot;:&quot;/items/properties/tags/items&quot;}&#10;    domain: &quot;syntax&quot;&#10;    ignored: [&quot;$id&quot;]&#10;warning: the following keywords are unknown and will be ignored: [$id, examples]&#10;    level: &quot;warning&quot;&#10;    schema: {&quot;loadingURI&quot;:&quot;#&quot;,&quot;pointer&quot;:&quot;/items/properties/tags/items/properties/id&quot;}&#10;    domain: &quot;syntax&quot;&#10;    ignored: [&quot;$id&quot;,&quot;examples&quot;]&#10;warning: the following keywords are unknown and will be ignored: [$id, examples]&#10;    level: &quot;warning&quot;&#10;    schema: {&quot;loadingURI&quot;:&quot;#&quot;,&quot;pointer&quot;:&quot;/items/properties/tags/items/properties/name&quot;}&#10;    domain: &quot;syntax&quot;&#10;    ignored: [&quot;$id&quot;,&quot;examples&quot;]&#10;warning: the following keywords are unknown and will be ignored: [$id]&#10;    level: &quot;warning&quot;&#10;    schema: {&quot;loadingURI&quot;:&quot;#&quot;,&quot;pointer&quot;:&quot;/items/properties/tags/items&quot;}&#10;    domain: &quot;syntax&quot;&#10;    ignored: [&quot;$id&quot;]&#10;warning: the following keywords are unknown and will be ignored: [$id, examples]&#10;    level: &quot;warning&quot;&#10;    schema: {&quot;loadingURI&quot;:&quot;#&quot;,&quot;pointer&quot;:&quot;/items/properties/tags/items/properties/id&quot;}&#10;    domain: &quot;syntax&quot;&#10;    ignored: [&quot;$id&quot;,&quot;examples&quot;]&#10;warning: the following keywords are unknown and will be ignored: [$id, examples]&#10;    level: &quot;warning&quot;&#10;    schema: {&quot;loadingURI&quot;:&quot;#&quot;,&quot;pointer&quot;:&quot;/items/properties/tags/items/properties/name&quot;}&#10;    domain: &quot;syntax&quot;&#10;    ignored: [&quot;$id&quot;,&quot;examples&quot;]&#10;warning: the following keywords are unknown and will be ignored: [$id, examples]&#10;    level: &quot;warning&quot;&#10;    schema: {&quot;loadingURI&quot;:&quot;#&quot;,&quot;pointer&quot;:&quot;/items/properties/tags/items/properties/id&quot;}&#10;    domain: &quot;syntax&quot;&#10;    ignored: [&quot;$id&quot;,&quot;examples&quot;]&#10;warning: the following keywords are unknown and will be ignored: [$id, examples]&#10;    level: &quot;warning&quot;&#10;    schema: {&quot;loadingURI&quot;:&quot;#&quot;,&quot;pointer&quot;:&quot;/items/properties/tags/items/properties/name&quot;}&#10;    domain: &quot;syntax&quot;&#10;    ignored: [&quot;$id&quot;,&quot;examples&quot;]&#10;warning: the following keywords are unknown and will be ignored: [$id]&#10;    level: &quot;warning&quot;&#10;    schema: {&quot;loadingURI&quot;:&quot;#&quot;,&quot;pointer&quot;:&quot;/items&quot;}&#10;    domain: &quot;syntax&quot;&#10;    ignored: [&quot;$id&quot;]&#10;warning: the following keywords are unknown and will be ignored: [$id]&#10;    level: &quot;warning&quot;&#10;    schema: {&quot;loadingURI&quot;:&quot;#&quot;,&quot;pointer&quot;:&quot;/items/properties/category&quot;}&#10;    domain: &quot;syntax&quot;&#10;    ignored: [&quot;$id&quot;]&#10;warning: the following keywords are unknown and will be ignored: [$id, examples]&#10;    level: &quot;warning&quot;&#10;    schema: {&quot;loadingURI&quot;:&quot;#&quot;,&quot;pointer&quot;:&quot;/items/properties/category/properties/id&quot;}&#10;    domain: &quot;syntax&quot;&#10;    ignored: [&quot;$id&quot;,&quot;examples&quot;]&#10;warning: the following keywords are unknown and will be ignored: [$id, examples]&#10;    level: &quot;warning&quot;&#10;    schema: {&quot;loadingURI&quot;:&quot;#&quot;,&quot;pointer&quot;:&quot;/items/properties/category/properties/name&quot;}&#10;    domain: &quot;syntax&quot;&#10;    ignored: [&quot;$id&quot;,&quot;examples&quot;]&#10;warning: the following keywords are unknown and will be ignored: [$id, examples]&#10;    level: &quot;warning&quot;&#10;    schema: {&quot;loadingURI&quot;:&quot;#&quot;,&quot;pointer&quot;:&quot;/items/properties/id&quot;}&#10;    domain: &quot;syntax&quot;&#10;    ignored: [&quot;$id&quot;,&quot;examples&quot;]&#10;warning: the following keywords are unknown and will be ignored: [$id, examples]&#10;    level: &quot;warning&quot;&#10;    schema: {&quot;loadingURI&quot;:&quot;#&quot;,&quot;pointer&quot;:&quot;/items/properties/name&quot;}&#10;    domain: &quot;syntax&quot;&#10;    ignored: [&quot;$id&quot;,&quot;examples&quot;]&#10;warning: the following keywords are unknown and will be ignored: [$id]&#10;    level: &quot;warning&quot;&#10;    schema: {&quot;loadingURI&quot;:&quot;#&quot;,&quot;pointer&quot;:&quot;/items/properties/photoUrls&quot;}&#10;    domain: &quot;syntax&quot;&#10;    ignored: [&quot;$id&quot;]&#10;warning: the following keywords are unknown and will be ignored: [$id, examples]&#10;    level: &quot;warning&quot;&#10;    schema: {&quot;loadingURI&quot;:&quot;#&quot;,&quot;pointer&quot;:&quot;/items/properties/photoUrls/items&quot;}&#10;    domain: &quot;syntax&quot;&#10;    ignored: [&quot;$id&quot;,&quot;examples&quot;]&#10;warning: the following keywords are unknown and will be ignored: [$id, examples]&#10;    level: &quot;warning&quot;&#10;    schema: {&quot;loadingURI&quot;:&quot;#&quot;,&quot;pointer&quot;:&quot;/items/properties/status&quot;}&#10;    domain: &quot;syntax&quot;&#10;    ignored: [&quot;$id&quot;,&quot;examples&quot;]&#10;warning: the following keywords are unknown and will be ignored: [$id]&#10;    level: &quot;warning&quot;&#10;    schema: {&quot;loadingURI&quot;:&quot;#&quot;,&quot;pointer&quot;:&quot;/items/properties/tags&quot;}&#10;    domain: &quot;syntax&quot;&#10;    ignored: [&quot;$id&quot;]&#10;warning: the following keywords are unknown and will be ignored: [$id]&#10;    level: &quot;warning&quot;&#10;    schema: {&quot;loadingURI&quot;:&quot;#&quot;,&quot;pointer&quot;:&quot;/items/properties/tags/items&quot;}&#10;    domain: &quot;syntax&quot;&#10;    ignored: [&quot;$id&quot;]&#10;warning: the following keywords are unknown and will be ignored: [$id, examples]&#10;    level: &quot;warning&quot;&#10;    schema: {&quot;loadingURI&quot;:&quot;#&quot;,&quot;pointer&quot;:&quot;/items/properties/tags/items/properties/id&quot;}&#10;    domain: &quot;syntax&quot;&#10;    ignored: [&quot;$id&quot;,&quot;examples&quot;]&#10;warning: the following keywords are unknown and will be ignored: [$id, examples]&#10;    level: &quot;warning&quot;&#10;    schema: {&quot;loadingURI&quot;:&quot;#&quot;,&quot;pointer&quot;:&quot;/items/properties/tags/items/properties/name&quot;}&#10;    domain: &quot;syntax&quot;&#10;    ignored: [&quot;$id&quot;,&quot;examples&quot;]&#10;warning: the following keywords are unknown and will be ignored: [$id]&#10;    level: &quot;warning&quot;&#10;    schema: {&quot;loadingURI&quot;:&quot;#&quot;,&quot;pointer&quot;:&quot;/items/properties/category&quot;}&#10;    domain: &quot;syntax&quot;&#10;    ignored: [&quot;$id&quot;]&#10;warning: the following keywords are unknown and will be ignored: [$id, examples]&#10;    level: &quot;warning&quot;&#10;    schema: {&quot;loadingURI&quot;:&quot;#&quot;,&quot;pointer&quot;:&quot;/items/properties/category/properties/id&quot;}&#10;    domain: &quot;syntax&quot;&#10;    ignored: [&quot;$id&quot;,&quot;examples&quot;]&#10;warning: the following keywords are unknown and will be ignored: [$id, examples]&#10;    level: &quot;warning&quot;&#10;    schema: {&quot;loadingURI&quot;:&quot;#&quot;,&quot;pointer&quot;:&quot;/items/properties/category/properties/name&quot;}&#10;    domain: &quot;syntax&quot;&#10;    ignored: [&quot;$id&quot;,&quot;examples&quot;]&#10;warning: the following keywords are unknown and will be ignored: [$id, examples]&#10;    level: &quot;warning&quot;&#10;    schema: {&quot;loadingURI&quot;:&quot;#&quot;,&quot;pointer&quot;:&quot;/items/properties/category/properties/id&quot;}&#10;    domain: &quot;syntax&quot;&#10;    ignored: [&quot;$id&quot;,&quot;examples&quot;]&#10;warning: the following keywords are unknown and will be ignored: [$id, examples]&#10;    level: &quot;warning&quot;&#10;    schema: {&quot;loadingURI&quot;:&quot;#&quot;,&quot;pointer&quot;:&quot;/items/properties/category/properties/name&quot;}&#10;    domain: &quot;syntax&quot;&#10;    ignored: [&quot;$id&quot;,&quot;examples&quot;]&#10;warning: the following keywords are unknown and will be ignored: [$id, examples]&#10;    level: &quot;warning&quot;&#10;    schema: {&quot;loadingURI&quot;:&quot;#&quot;,&quot;pointer&quot;:&quot;/items/properties/id&quot;}&#10;    domain: &quot;syntax&quot;&#10;    ignored: [&quot;$id&quot;,&quot;examples&quot;]&#10;warning: the following keywords are unknown and will be ignored: [$id, examples]&#10;    level: &quot;warning&quot;&#10;    schema: {&quot;loadingURI&quot;:&quot;#&quot;,&quot;pointer&quot;:&quot;/items/properties/name&quot;}&#10;    domain: &quot;syntax&quot;&#10;    ignored: [&quot;$id&quot;,&quot;examples&quot;]&#10;warning: the following keywords are unknown and will be ignored: [$id]&#10;    level: &quot;warning&quot;&#10;    schema: {&quot;loadingURI&quot;:&quot;#&quot;,&quot;pointer&quot;:&quot;/items/properties/photoUrls&quot;}&#10;    domain: &quot;syntax&quot;&#10;    ignored: [&quot;$id&quot;]&#10;warning: the following keywords are unknown and will be ignored: [$id, examples]&#10;    level: &quot;warning&quot;&#10;    schema: {&quot;loadingURI&quot;:&quot;#&quot;,&quot;pointer&quot;:&quot;/items/properties/photoUrls/items&quot;}&#10;    domain: &quot;syntax&quot;&#10;    ignored: [&quot;$id&quot;,&quot;examples&quot;]&#10;warning: the following keywords are unknown and will be ignored: [$id, examples]&#10;    level: &quot;warning&quot;&#10;    schema: {&quot;loadingURI&quot;:&quot;#&quot;,&quot;pointer&quot;:&quot;/items/properties/photoUrls/items&quot;}&#10;    domain: &quot;syntax&quot;&#10;    ignored: [&quot;$id&quot;,&quot;examples&quot;]&#10;warning: the following keywords are unknown and will be ignored: [$id, examples]&#10;    level: &quot;warning&quot;&#10;    schema: {&quot;loadingURI&quot;:&quot;#&quot;,&quot;pointer&quot;:&quot;/items/properties/status&quot;}&#10;    domain: &quot;syntax&quot;&#10;    ignored: [&quot;$id&quot;,&quot;examples&quot;]&#10;warning: the following keywords are unknown and will be ignored: [$id]&#10;    level: &quot;warning&quot;&#10;    schema: {&quot;loadingURI&quot;:&quot;#&quot;,&quot;pointer&quot;:&quot;/items/properties/tags&quot;}&#10;    domain: &quot;syntax&quot;&#10;    ignored: [&quot;$id&quot;]&#10;warning: the following keywords are unknown and will be ignored: [$id]&#10;    level: &quot;warning&quot;&#10;    schema: {&quot;loadingURI&quot;:&quot;#&quot;,&quot;pointer&quot;:&quot;/items/properties/tags/items&quot;}&#10;    domain: &quot;syntax&quot;&#10;    ignored: [&quot;$id&quot;]&#10;warning: the following keywords are unknown and will be ignored: [$id, examples]&#10;    level: &quot;warning&quot;&#10;    schema: {&quot;loadingURI&quot;:&quot;#&quot;,&quot;pointer&quot;:&quot;/items/properties/tags/items/properties/id&quot;}&#10;    domain: &quot;syntax&quot;&#10;    ignored: [&quot;$id&quot;,&quot;examples&quot;]&#10;warning: the following keywords are unknown and will be ignored: [$id, examples]&#10;    level: &quot;warning&quot;&#10;    schema: {&quot;loadingURI&quot;:&quot;#&quot;,&quot;pointer&quot;:&quot;/items/properties/tags/items/properties/name&quot;}&#10;    domain: &quot;syntax&quot;&#10;    ignored: [&quot;$id&quot;,&quot;examples&quot;]&#10;warning: the following keywords are unknown and will be ignored: [$id]&#10;    level: &quot;warning&quot;&#10;    schema: {&quot;loadingURI&quot;:&quot;#&quot;,&quot;pointer&quot;:&quot;/items/properties/tags/items&quot;}&#10;    domain: &quot;syntax&quot;&#10;    ignored: [&quot;$id&quot;]&#10;warning: the following keywords are unknown and will be ignored: [$id, examples]&#10;    level: &quot;warning&quot;&#10;    schema: {&quot;loadingURI&quot;:&quot;#&quot;,&quot;pointer&quot;:&quot;/items/properties/tags/items/properties/id&quot;}&#10;    domain: &quot;syntax&quot;&#10;    ignored: [&quot;$id&quot;,&quot;examples&quot;]&#10;warning: the following keywords are unknown and will be ignored: [$id, examples]&#10;    level: &quot;warning&quot;&#10;    schema: {&quot;loadingURI&quot;:&quot;#&quot;,&quot;pointer&quot;:&quot;/items/properties/tags/items/properties/name&quot;}&#10;    domain: &quot;syntax&quot;&#10;    ignored: [&quot;$id&quot;,&quot;examples&quot;]&#10;warning: the following keywords are unknown and will be ignored: [$id, examples]&#10;    level: &quot;warning&quot;&#10;    schema: {&quot;loadingURI&quot;:&quot;#&quot;,&quot;pointer&quot;:&quot;/items/properties/tags/items/properties/id&quot;}&#10;    domain: &quot;syntax&quot;&#10;    ignored: [&quot;$id&quot;,&quot;examples&quot;]&#10;warning: the following keywords are unknown and will be ignored: [$id, examples]&#10;    level: &quot;warning&quot;&#10;    schema: {&quot;loadingURI&quot;:&quot;#&quot;,&quot;pointer&quot;:&quot;/items/properties/tags/items/properties/name&quot;}&#10;    domain: &quot;syntax&quot;&#10;    ignored: [&quot;$id&quot;,&quot;examples&quot;]&#10;warning: the following keywords are unknown and will be ignored: [$id]&#10;    level: &quot;warning&quot;&#10;    schema: {&quot;loadingURI&quot;:&quot;#&quot;,&quot;pointer&quot;:&quot;/items&quot;}&#10;    domain: &quot;syntax&quot;&#10;    ignored: [&quot;$id&quot;]&#10;warning: the following keywords are unknown and will be ignored: [$id]&#10;    level: &quot;warning&quot;&#10;    schema: {&quot;loadingURI&quot;:&quot;#&quot;,&quot;pointer&quot;:&quot;/items/properties/category&quot;}&#10;    domain: &quot;syntax&quot;&#10;    ignored: [&quot;$id&quot;]&#10;warning: the following keywords are unknown and will be ignored: [$id, examples]&#10;    level: &quot;warning&quot;&#10;    schema: {&quot;loadingURI&quot;:&quot;#&quot;,&quot;pointer&quot;:&quot;/items/properties/category/properties/id&quot;}&#10;    domain: &quot;syntax&quot;&#10;    ignored: [&quot;$id&quot;,&quot;examples&quot;]&#10;warning: the following keywords are unknown and will be ignored: [$id, examples]&#10;    level: &quot;warning&quot;&#10;    schema: {&quot;loadingURI&quot;:&quot;#&quot;,&quot;pointer&quot;:&quot;/items/properties/category/properties/name&quot;}&#10;    domain: &quot;syntax&quot;&#10;    ignored: [&quot;$id&quot;,&quot;examples&quot;]&#10;warning: the following keywords are unknown and will be ignored: [$id, examples]&#10;    level: &quot;warning&quot;&#10;    schema: {&quot;loadingURI&quot;:&quot;#&quot;,&quot;pointer&quot;:&quot;/items/properties/id&quot;}&#10;    domain: &quot;syntax&quot;&#10;    ignored: [&quot;$id&quot;,&quot;examples&quot;]&#10;warning: the following keywords are unknown and will be ignored: [$id, examples]&#10;    level: &quot;warning&quot;&#10;    schema: {&quot;loadingURI&quot;:&quot;#&quot;,&quot;pointer&quot;:&quot;/items/properties/name&quot;}&#10;    domain: &quot;syntax&quot;&#10;    ignored: [&quot;$id&quot;,&quot;examples&quot;]&#10;warning: the following keywords are unknown and will be ignored: [$id]&#10;    level: &quot;warning&quot;&#10;    schema: {&quot;loadingURI&quot;:&quot;#&quot;,&quot;pointer&quot;:&quot;/items/properties/photoUrls&quot;}&#10;    domain: &quot;syntax&quot;&#10;    ignored: [&quot;$id&quot;]&#10;warning: the following keywords are unknown and will be ignored: [$id, examples]&#10;    level: &quot;warning&quot;&#10;    schema: {&quot;loadingURI&quot;:&quot;#&quot;,&quot;pointer&quot;:&quot;/items/properties/photoUrls/items&quot;}&#10;    domain: &quot;syntax&quot;&#10;    ignored: [&quot;$id&quot;,&quot;examples&quot;]&#10;warning: the following keywords are unknown and will be ignored: [$id, examples]&#10;    level: &quot;warning&quot;&#10;    schema: {&quot;loadingURI&quot;:&quot;#&quot;,&quot;pointer&quot;:&quot;/items/properties/status&quot;}&#10;    domain: &quot;syntax&quot;&#10;    ignored: [&quot;$id&quot;,&quot;examples&quot;]&#10;warning: the following keywords are unknown and will be ignored: [$id]&#10;    level: &quot;warning&quot;&#10;    schema: {&quot;loadingURI&quot;:&quot;#&quot;,&quot;pointer&quot;:&quot;/items/properties/tags&quot;}&#10;    domain: &quot;syntax&quot;&#10;    ignored: [&quot;$id&quot;]&#10;warning: the following keywords are unknown and will be ignored: [$id]&#10;    level: &quot;warning&quot;&#10;    schema: {&quot;loadingURI&quot;:&quot;#&quot;,&quot;pointer&quot;:&quot;/items/properties/tags/items&quot;}&#10;    domain: &quot;syntax&quot;&#10;    ignored: [&quot;$id&quot;]&#10;warning: the following keywords are unknown and will be ignored: [$id, examples]&#10;    level: &quot;warning&quot;&#10;    schema: {&quot;loadingURI&quot;:&quot;#&quot;,&quot;pointer&quot;:&quot;/items/properties/tags/items/properties/id&quot;}&#10;    domain: &quot;syntax&quot;&#10;    ignored: [&quot;$id&quot;,&quot;examples&quot;]&#10;warning: the following keywords are unknown and will be ignored: [$id, examples]&#10;    level: &quot;warning&quot;&#10;    schema: {&quot;loadingURI&quot;:&quot;#&quot;,&quot;pointer&quot;:&quot;/items/properties/tags/items/properties/name&quot;}&#10;    domain: &quot;syntax&quot;&#10;    ignored: [&quot;$id&quot;,&quot;examples&quot;]&#10;warning: the following keywords are unknown and will be ignored: [$id]&#10;    level: &quot;warning&quot;&#10;    schema: {&quot;loadingURI&quot;:&quot;#&quot;,&quot;pointer&quot;:&quot;/items/properties/category&quot;}&#10;    domain: &quot;syntax&quot;&#10;    ignored: [&quot;$id&quot;]&#10;warning: the following keywords are unknown and will be ignored: [$id, examples]&#10;    level: &quot;warning&quot;&#10;    schema: {&quot;loadingURI&quot;:&quot;#&quot;,&quot;pointer&quot;:&quot;/items/properties/category/properties/id&quot;}&#10;    domain: &quot;syntax&quot;&#10;    ignored: [&quot;$id&quot;,&quot;examples&quot;]&#10;warning: the following keywords are unknown and will be ignored: [$id, examples]&#10;    level: &quot;warning&quot;&#10;    schema: {&quot;loadingURI&quot;:&quot;#&quot;,&quot;pointer&quot;:&quot;/items/properties/category/properties/name&quot;}&#10;    domain: &quot;syntax&quot;&#10;    ignored: [&quot;$id&quot;,&quot;examples&quot;]&#10;warning: the following keywords are unknown and will be ignored: [$id, examples]&#10;    level: &quot;warning&quot;&#10;    schema: {&quot;loadingURI&quot;:&quot;#&quot;,&quot;pointer&quot;:&quot;/items/properties/category/properties/id&quot;}&#10;    domain: &quot;syntax&quot;&#10;    ignored: [&quot;$id&quot;,&quot;examples&quot;]&#10;warning: the following keywords are unknown and will be ignored: [$id, examples]&#10;    level: &quot;warning&quot;&#10;    schema: {&quot;loadingURI&quot;:&quot;#&quot;,&quot;pointer&quot;:&quot;/items/properties/category/properties/name&quot;}&#10;    domain: &quot;syntax&quot;&#10;    ignored: [&quot;$id&quot;,&quot;examples&quot;]&#10;warning: the following keywords are unknown and will be ignored: [$id, examples]&#10;    level: &quot;warning&quot;&#10;    schema: {&quot;loadingURI&quot;:&quot;#&quot;,&quot;pointer&quot;:&quot;/items/properties/id&quot;}&#10;    domain: &quot;syntax&quot;&#10;    ignored: [&quot;$id&quot;,&quot;examples&quot;]&#10;warning: the following keywords are unknown and will be ignored: [$id, examples]&#10;    level: &quot;warning&quot;&#10;    schema: {&quot;loadingURI&quot;:&quot;#&quot;,&quot;pointer&quot;:&quot;/items/properties/name&quot;}&#10;    domain: &quot;syntax&quot;&#10;    ignored: [&quot;$id&quot;,&quot;examples&quot;]&#10;warning: the following keywords are unknown and will be ignored: [$id]&#10;    level: &quot;warning&quot;&#10;    schema: {&quot;loadingURI&quot;:&quot;#&quot;,&quot;pointer&quot;:&quot;/items/properties/photoUrls&quot;}&#10;    domain: &quot;syntax&quot;&#10;    ignored: [&quot;$id&quot;]&#10;warning: the following keywords are unknown and will be ignored: [$id, examples]&#10;    level: &quot;warning&quot;&#10;    schema: {&quot;loadingURI&quot;:&quot;#&quot;,&quot;pointer&quot;:&quot;/items/properties/photoUrls/items&quot;}&#10;    domain: &quot;syntax&quot;&#10;    ignored: [&quot;$id&quot;,&quot;examples&quot;]&#10;warning: the following keywords are unknown and will be ignored: [$id, examples]&#10;    level: &quot;warning&quot;&#10;    schema: {&quot;loadingURI&quot;:&quot;#&quot;,&quot;pointer&quot;:&quot;/items/properties/photoUrls/items&quot;}&#10;    domain: &quot;syntax&quot;&#10;    ignored: [&quot;$id&quot;,&quot;examples&quot;]&#10;warning: the following keywords are unknown and will be ignored: [$id, examples]&#10;    level: &quot;warning&quot;&#10;    schema: {&quot;loadingURI&quot;:&quot;#&quot;,&quot;pointer&quot;:&quot;/items/properties/status&quot;}&#10;    domain: &quot;syntax&quot;&#10;    ignored: [&quot;$id&quot;,&quot;examples&quot;]&#10;warning: the following keywords are unknown and will be ignored: [$id]&#10;    level: &quot;warning&quot;&#10;    schema: {&quot;loadingURI&quot;:&quot;#&quot;,&quot;pointer&quot;:&quot;/items/properties/tags&quot;}&#10;    domain: &quot;syntax&quot;&#10;    ignored: [&quot;$id&quot;]&#10;warning: the following keywords are unknown and will be ignored: [$id]&#10;    level: &quot;warning&quot;&#10;    schema: {&quot;loadingURI&quot;:&quot;#&quot;,&quot;pointer&quot;:&quot;/items/properties/tags/items&quot;}&#10;    domain: &quot;syntax&quot;&#10;    ignored: [&quot;$id&quot;]&#10;warning: the following keywords are unknown and will be ignored: [$id, examples]&#10;    level: &quot;warning&quot;&#10;    schema: {&quot;loadingURI&quot;:&quot;#&quot;,&quot;pointer&quot;:&quot;/items/properties/tags/items/properties/id&quot;}&#10;    domain: &quot;syntax&quot;&#10;    ignored: [&quot;$id&quot;,&quot;examples&quot;]&#10;warning: the following keywords are unknown and will be ignored: [$id, examples]&#10;    level: &quot;warning&quot;&#10;    schema: {&quot;loadingURI&quot;:&quot;#&quot;,&quot;pointer&quot;:&quot;/items/properties/tags/items/properties/name&quot;}&#10;    domain: &quot;syntax&quot;&#10;    ignored: [&quot;$id&quot;,&quot;examples&quot;]&#10;warning: the following keywords are unknown and will be ignored: [$id]&#10;    level: &quot;warning&quot;&#10;    schema: {&quot;loadingURI&quot;:&quot;#&quot;,&quot;pointer&quot;:&quot;/items/properties/tags/items&quot;}&#10;    domain: &quot;syntax&quot;&#10;    ignored: [&quot;$id&quot;]&#10;warning: the following keywords are unknown and will be ignored: [$id, examples]&#10;    level: &quot;warning&quot;&#10;    schema: {&quot;loadingURI&quot;:&quot;#&quot;,&quot;pointer&quot;:&quot;/items/properties/tags/items/properties/id&quot;}&#10;    domain: &quot;syntax&quot;&#10;    ignored: [&quot;$id&quot;,&quot;examples&quot;]&#10;warning: the following keywords are unknown and will be ignored: [$id, examples]&#10;    level: &quot;warning&quot;&#10;    schema: {&quot;loadingURI&quot;:&quot;#&quot;,&quot;pointer&quot;:&quot;/items/properties/tags/items/properties/name&quot;}&#10;    domain: &quot;syntax&quot;&#10;    ignored: [&quot;$id&quot;,&quot;examples&quot;]&#10;warning: the following keywords are unknown and will be ignored: [$id, examples]&#10;    level: &quot;warning&quot;&#10;    schema: {&quot;loadingURI&quot;:&quot;#&quot;,&quot;pointer&quot;:&quot;/items/properties/tags/items/properties/id&quot;}&#10;    domain: &quot;syntax&quot;&#10;    ignored: [&quot;$id&quot;,&quot;examples&quot;]&#10;warning: the following keywords are unknown and will be ignored: [$id, examples]&#10;    level: &quot;warning&quot;&#10;    schema: {&quot;loadingURI&quot;:&quot;#&quot;,&quot;pointer&quot;:&quot;/items/properties/tags/items/properties/name&quot;}&#10;    domain: &quot;syntax&quot;&#10;    ignored: [&quot;$id&quot;,&quot;examples&quot;]&#10;warning: the following keywords are unknown and will be ignored: [$id]&#10;    level: &quot;warning&quot;&#10;    schema: {&quot;loadingURI&quot;:&quot;#&quot;,&quot;pointer&quot;:&quot;/items&quot;}&#10;    domain: &quot;syntax&quot;&#10;    ignored: [&quot;$id&quot;]&#10;warning: the following keywords are unknown and will be ignored: [$id]&#10;    level: &quot;warning&quot;&#10;    schema: {&quot;loadingURI&quot;:&quot;#&quot;,&quot;pointer&quot;:&quot;/items/properties/category&quot;}&#10;    domain: &quot;syntax&quot;&#10;    ignored: [&quot;$id&quot;]&#10;warning: the following keywords are unknown and will be ignored: [$id, examples]&#10;    level: &quot;warning&quot;&#10;    schema: {&quot;loadingURI&quot;:&quot;#&quot;,&quot;pointer&quot;:&quot;/items/properties/category/properties/id&quot;}&#10;    domain: &quot;syntax&quot;&#10;    ignored: [&quot;$id&quot;,&quot;examples&quot;]&#10;warning: the following keywords are unknown and will be ignored: [$id, examples]&#10;    level: &quot;warning&quot;&#10;    schema: {&quot;loadingURI&quot;:&quot;#&quot;,&quot;pointer&quot;:&quot;/items/properties/category/properties/name&quot;}&#10;    domain: &quot;syntax&quot;&#10;    ignored: [&quot;$id&quot;,&quot;examples&quot;]&#10;warning: the following keywords are unknown and will be ignored: [$id, examples]&#10;    level: &quot;warning&quot;&#10;    schema: {&quot;loadingURI&quot;:&quot;#&quot;,&quot;pointer&quot;:&quot;/items/properties/id&quot;}&#10;    domain: &quot;syntax&quot;&#10;    ignored: [&quot;$id&quot;,&quot;examples&quot;]&#10;warning: the following keywords are unknown and will be ignored: [$id, examples]&#10;    level: &quot;warning&quot;&#10;    schema: {&quot;loadingURI&quot;:&quot;#&quot;,&quot;pointer&quot;:&quot;/items/properties/name&quot;}&#10;    domain: &quot;syntax&quot;&#10;    ignored: [&quot;$id&quot;,&quot;examples&quot;]&#10;warning: the following keywords are unknown and will be ignored: [$id]&#10;    level: &quot;warning&quot;&#10;    schema: {&quot;loadingURI&quot;:&quot;#&quot;,&quot;pointer&quot;:&quot;/items/properties/photoUrls&quot;}&#10;    domain: &quot;syntax&quot;&#10;    ignored: [&quot;$id&quot;]&#10;warning: the following keywords are unknown and will be ignored: [$id, examples]&#10;    level: &quot;warning&quot;&#10;    schema: {&quot;loadingURI&quot;:&quot;#&quot;,&quot;pointer&quot;:&quot;/items/properties/photoUrls/items&quot;}&#10;    domain: &quot;syntax&quot;&#10;    ignored: [&quot;$id&quot;,&quot;examples&quot;]&#10;warning: the following keywords are unknown and will be ignored: [$id, examples]&#10;    level: &quot;warning&quot;&#10;    schema: {&quot;loadingURI&quot;:&quot;#&quot;,&quot;pointer&quot;:&quot;/items/properties/status&quot;}&#10;    domain: &quot;syntax&quot;&#10;    ignored: [&quot;$id&quot;,&quot;examples&quot;]&#10;warning: the following keywords are unknown and will be ignored: [$id]&#10;    level: &quot;warning&quot;&#10;    schema: {&quot;loadingURI&quot;:&quot;#&quot;,&quot;pointer&quot;:&quot;/items/properties/tags&quot;}&#10;    domain: &quot;syntax&quot;&#10;    ignored: [&quot;$id&quot;]&#10;warning: the following keywords are unknown and will be ignored: [$id]&#10;    level: &quot;warning&quot;&#10;    schema: {&quot;loadingURI&quot;:&quot;#&quot;,&quot;pointer&quot;:&quot;/items/properties/tags/items&quot;}&#10;    domain: &quot;syntax&quot;&#10;    ignored: [&quot;$id&quot;]&#10;warning: the following keywords are unknown and will be ignored: [$id, examples]&#10;    level: &quot;warning&quot;&#10;    schema: {&quot;loadingURI&quot;:&quot;#&quot;,&quot;pointer&quot;:&quot;/items/properties/tags/items/properties/id&quot;}&#10;    domain: &quot;syntax&quot;&#10;    ignored: [&quot;$id&quot;,&quot;examples&quot;]&#10;warning: the following keywords are unknown and will be ignored: [$id, examples]&#10;    level: &quot;warning&quot;&#10;    schema: {&quot;loadingURI&quot;:&quot;#&quot;,&quot;pointer&quot;:&quot;/items/properties/tags/items/properties/name&quot;}&#10;    domain: &quot;syntax&quot;&#10;    ignored: [&quot;$id&quot;,&quot;examples&quot;]&#10;warning: the following keywords are unknown and will be ignored: [$id]&#10;    level: &quot;warning&quot;&#10;    schema: {&quot;loadingURI&quot;:&quot;#&quot;,&quot;pointer&quot;:&quot;/items/properties/category&quot;}&#10;    domain: &quot;syntax&quot;&#10;    ignored: [&quot;$id&quot;]&#10;warning: the following keywords are unknown and will be ignored: [$id, examples]&#10;    level: &quot;warning&quot;&#10;    schema: {&quot;loadingURI&quot;:&quot;#&quot;,&quot;pointer&quot;:&quot;/items/properties/category/properties/id&quot;}&#10;    domain: &quot;syntax&quot;&#10;    ignored: [&quot;$id&quot;,&quot;examples&quot;]&#10;warning: the following keywords are unknown and will be ignored: [$id, examples]&#10;    level: &quot;warning&quot;&#10;    schema: {&quot;loadingURI&quot;:&quot;#&quot;,&quot;pointer&quot;:&quot;/items/properties/category/properties/name&quot;}&#10;    domain: &quot;syntax&quot;&#10;    ignored: [&quot;$id&quot;,&quot;examples&quot;]&#10;warning: the following keywords are unknown and will be ignored: [$id, examples]&#10;    level: &quot;warning&quot;&#10;    schema: {&quot;loadingURI&quot;:&quot;#&quot;,&quot;pointer&quot;:&quot;/items/properties/category/properties/id&quot;}&#10;    domain: &quot;syntax&quot;&#10;    ignored: [&quot;$id&quot;,&quot;examples&quot;]&#10;warning: the following keywords are unknown and will be ignored: [$id, examples]&#10;    level: &quot;warning&quot;&#10;    schema: {&quot;loadingURI&quot;:&quot;#&quot;,&quot;pointer&quot;:&quot;/items/properties/category/properties/name&quot;}&#10;    domain: &quot;syntax&quot;&#10;    ignored: [&quot;$id&quot;,&quot;examples&quot;]&#10;warning: the following keywords are unknown and will be ignored: [$id, examples]&#10;    level: &quot;warning&quot;&#10;    schema: {&quot;loadingURI&quot;:&quot;#&quot;,&quot;pointer&quot;:&quot;/items/properties/id&quot;}&#10;    domain: &quot;syntax&quot;&#10;    ignored: [&quot;$id&quot;,&quot;examples&quot;]&#10;warning: the following keywords are unknown and will be ignored: [$id, examples]&#10;    level: &quot;warning&quot;&#10;    schema: {&quot;loadingURI&quot;:&quot;#&quot;,&quot;pointer&quot;:&quot;/items/properties/name&quot;}&#10;    domain: &quot;syntax&quot;&#10;    ignored: [&quot;$id&quot;,&quot;examples&quot;]&#10;warning: the following keywords are unknown and will be ignored: [$id]&#10;    level: &quot;warning&quot;&#10;    schema: {&quot;loadingURI&quot;:&quot;#&quot;,&quot;pointer&quot;:&quot;/items/properties/photoUrls&quot;}&#10;    domain: &quot;syntax&quot;&#10;    ignored: [&quot;$id&quot;]&#10;warning: the following keywords are unknown and will be ignored: [$id, examples]&#10;    level: &quot;warning&quot;&#10;    schema: {&quot;loadingURI&quot;:&quot;#&quot;,&quot;pointer&quot;:&quot;/items/properties/photoUrls/items&quot;}&#10;    domain: &quot;syntax&quot;&#10;    ignored: [&quot;$id&quot;,&quot;examples&quot;]&#10;warning: the following keywords are unknown and will be ignored: [$id, examples]&#10;    level: &quot;warning&quot;&#10;    schema: {&quot;loadingURI&quot;:&quot;#&quot;,&quot;pointer&quot;:&quot;/items/properties/photoUrls/items&quot;}&#10;    domain: &quot;syntax&quot;&#10;    ignored: [&quot;$id&quot;,&quot;examples&quot;]&#10;warning: the following keywords are unknown and will be ignored: [$id, examples]&#10;    level: &quot;warning&quot;&#10;    schema: {&quot;loadingURI&quot;:&quot;#&quot;,&quot;pointer&quot;:&quot;/items/properties/status&quot;}&#10;    domain: &quot;syntax&quot;&#10;    ignored: [&quot;$id&quot;,&quot;examples&quot;]&#10;warning: the following keywords are unknown and will be ignored: [$id]&#10;    level: &quot;warning&quot;&#10;    schema: {&quot;loadingURI&quot;:&quot;#&quot;,&quot;pointer&quot;:&quot;/items/properties/tags&quot;}&#10;    domain: &quot;syntax&quot;&#10;    ignored: [&quot;$id&quot;]&#10;warning: the following keywords are unknown and will be ignored: [$id]&#10;    level: &quot;warning&quot;&#10;    schema: {&quot;loadingURI&quot;:&quot;#&quot;,&quot;pointer&quot;:&quot;/items/properties/tags/items&quot;}&#10;    domain: &quot;syntax&quot;&#10;    ignored: [&quot;$id&quot;]&#10;warning: the following keywords are unknown and will be ignored: [$id, examples]&#10;    level: &quot;warning&quot;&#10;    schema: {&quot;loadingURI&quot;:&quot;#&quot;,&quot;pointer&quot;:&quot;/items/properties/tags/items/properties/id&quot;}&#10;    domain: &quot;syntax&quot;&#10;    ignored: [&quot;$id&quot;,&quot;examples&quot;]&#10;warning: the following keywords are unknown and will be ignored: [$id, examples]&#10;    level: &quot;warning&quot;&#10;    schema: {&quot;loadingURI&quot;:&quot;#&quot;,&quot;pointer&quot;:&quot;/items/properties/tags/items/properties/name&quot;}&#10;    domain: &quot;syntax&quot;&#10;    ignored: [&quot;$id&quot;,&quot;examples&quot;]&#10;warning: the following keywords are unknown and will be ignored: [$id]&#10;    level: &quot;warning&quot;&#10;    schema: {&quot;loadingURI&quot;:&quot;#&quot;,&quot;pointer&quot;:&quot;/items/properties/tags/items&quot;}&#10;    domain: &quot;syntax&quot;&#10;    ignored: [&quot;$id&quot;]&#10;warning: the following keywords are unknown and will be ignored: [$id, examples]&#10;    level: &quot;warning&quot;&#10;    schema: {&quot;loadingURI&quot;:&quot;#&quot;,&quot;pointer&quot;:&quot;/items/properties/tags/items/properties/id&quot;}&#10;    domain: &quot;syntax&quot;&#10;    ignored: [&quot;$id&quot;,&quot;examples&quot;]&#10;warning: the following keywords are unknown and will be ignored: [$id, examples]&#10;    level: &quot;warning&quot;&#10;    schema: {&quot;loadingURI&quot;:&quot;#&quot;,&quot;pointer&quot;:&quot;/items/properties/tags/items/properties/name&quot;}&#10;    domain: &quot;syntax&quot;&#10;    ignored: [&quot;$id&quot;,&quot;examples&quot;]&#10;warning: the following keywords are unknown and will be ignored: [$id, examples]&#10;    level: &quot;warning&quot;&#10;    schema: {&quot;loadingURI&quot;:&quot;#&quot;,&quot;pointer&quot;:&quot;/items/properties/tags/items/properties/id&quot;}&#10;    domain: &quot;syntax&quot;&#10;    ignored: [&quot;$id&quot;,&quot;examples&quot;]&#10;warning: the following keywords are unknown and will be ignored: [$id, examples]&#10;    level: &quot;warning&quot;&#10;    schema: {&quot;loadingURI&quot;:&quot;#&quot;,&quot;pointer&quot;:&quot;/items/properties/tags/items/properties/name&quot;}&#10;    domain: &quot;syntax&quot;&#10;    ignored: [&quot;$id&quot;,&quot;examples&quot;]&#10;warning: the following keywords are unknown and will be ignored: [$id]&#10;    level: &quot;warning&quot;&#10;    schema: {&quot;loadingURI&quot;:&quot;#&quot;,&quot;pointer&quot;:&quot;/items&quot;}&#10;    domain: &quot;syntax&quot;&#10;    ignored: [&quot;$id&quot;]&#10;warning: the following keywords are unknown and will be ignored: [$id]&#10;    level: &quot;warning&quot;&#10;    schema: {&quot;loadingURI&quot;:&quot;#&quot;,&quot;pointer&quot;:&quot;/items/properties/category&quot;}&#10;    domain: &quot;syntax&quot;&#10;    ignored: [&quot;$id&quot;]&#10;warning: the following keywords are unknown and will be ignored: [$id, examples]&#10;    level: &quot;warning&quot;&#10;    schema: {&quot;loadingURI&quot;:&quot;#&quot;,&quot;pointer&quot;:&quot;/items/properties/category/properties/id&quot;}&#10;    domain: &quot;syntax&quot;&#10;    ignored: [&quot;$id&quot;,&quot;examples&quot;]&#10;warning: the following keywords are unknown and will be ignored: [$id, examples]&#10;    level: &quot;warning&quot;&#10;    schema: {&quot;loadingURI&quot;:&quot;#&quot;,&quot;pointer&quot;:&quot;/items/properties/category/properties/name&quot;}&#10;    domain: &quot;syntax&quot;&#10;    ignored: [&quot;$id&quot;,&quot;examples&quot;]&#10;warning: the following keywords are unknown and will be ignored: [$id, examples]&#10;    level: &quot;warning&quot;&#10;    schema: {&quot;loadingURI&quot;:&quot;#&quot;,&quot;pointer&quot;:&quot;/items/properties/id&quot;}&#10;    domain: &quot;syntax&quot;&#10;    ignored: [&quot;$id&quot;,&quot;examples&quot;]&#10;warning: the following keywords are unknown and will be ignored: [$id, examples]&#10;    level: &quot;warning&quot;&#10;    schema: {&quot;loadingURI&quot;:&quot;#&quot;,&quot;pointer&quot;:&quot;/items/properties/name&quot;}&#10;    domain: &quot;syntax&quot;&#10;    ignored: [&quot;$id&quot;,&quot;examples&quot;]&#10;warning: the following keywords are unknown and will be ignored: [$id]&#10;    level: &quot;warning&quot;&#10;    schema: {&quot;loadingURI&quot;:&quot;#&quot;,&quot;pointer&quot;:&quot;/items/properties/photoUrls&quot;}&#10;    domain: &quot;syntax&quot;&#10;    ignored: [&quot;$id&quot;]&#10;warning: the following keywords are unknown and will be ignored: [$id, examples]&#10;    level: &quot;warning&quot;&#10;    schema: {&quot;loadingURI&quot;:&quot;#&quot;,&quot;pointer&quot;:&quot;/items/properties/photoUrls/items&quot;}&#10;    domain: &quot;syntax&quot;&#10;    ignored: [&quot;$id&quot;,&quot;examples&quot;]&#10;warning: the following keywords are unknown and will be ignored: [$id, examples]&#10;    level: &quot;warning&quot;&#10;    schema: {&quot;loadingURI&quot;:&quot;#&quot;,&quot;pointer&quot;:&quot;/items/properties/status&quot;}&#10;    domain: &quot;syntax&quot;&#10;    ignored: [&quot;$id&quot;,&quot;examples&quot;]&#10;warning: the following keywords are unknown and will be ignored: [$id]&#10;    level: &quot;warning&quot;&#10;    schema: {&quot;loadingURI&quot;:&quot;#&quot;,&quot;pointer&quot;:&quot;/items/properties/tags&quot;}&#10;    domain: &quot;syntax&quot;&#10;    ignored: [&quot;$id&quot;]&#10;warning: the following keywords are unknown and will be ignored: [$id]&#10;    level: &quot;warning&quot;&#10;    schema: {&quot;loadingURI&quot;:&quot;#&quot;,&quot;pointer&quot;:&quot;/items/properties/tags/items&quot;}&#10;    domain: &quot;syntax&quot;&#10;    ignored: [&quot;$id&quot;]&#10;warning: the following keywords are unknown and will be ignored: [$id, examples]&#10;    level: &quot;warning&quot;&#10;    schema: {&quot;loadingURI&quot;:&quot;#&quot;,&quot;pointer&quot;:&quot;/items/properties/tags/items/properties/id&quot;}&#10;    domain: &quot;syntax&quot;&#10;    ignored: [&quot;$id&quot;,&quot;examples&quot;]&#10;warning: the following keywords are unknown and will be ignored: [$id, examples]&#10;    level: &quot;warning&quot;&#10;    schema: {&quot;loadingURI&quot;:&quot;#&quot;,&quot;pointer&quot;:&quot;/items/properties/tags/items/properties/name&quot;}&#10;    domain: &quot;syntax&quot;&#10;    ignored: [&quot;$id&quot;,&quot;examples&quot;]&#10;warning: the following keywords are unknown and will be ignored: [$id]&#10;    level: &quot;warning&quot;&#10;    schema: {&quot;loadingURI&quot;:&quot;#&quot;,&quot;pointer&quot;:&quot;/items/properties/category&quot;}&#10;    domain: &quot;syntax&quot;&#10;    ignored: [&quot;$id&quot;]&#10;warning: the following keywords are unknown and will be ignored: [$id, examples]&#10;    level: &quot;warning&quot;&#10;    schema: {&quot;loadingURI&quot;:&quot;#&quot;,&quot;pointer&quot;:&quot;/items/properties/category/properties/id&quot;}&#10;    domain: &quot;syntax&quot;&#10;    ignored: [&quot;$id&quot;,&quot;examples&quot;]&#10;warning: the following keywords are unknown and will be ignored: [$id, examples]&#10;    level: &quot;warning&quot;&#10;    schema: {&quot;loadingURI&quot;:&quot;#&quot;,&quot;pointer&quot;:&quot;/items/properties/category/properties/name&quot;}&#10;    domain: &quot;syntax&quot;&#10;    ignored: [&quot;$id&quot;,&quot;examples&quot;]&#10;warning: the following keywords are unknown and will be ignored: [$id, examples]&#10;    level: &quot;warning&quot;&#10;    schema: {&quot;loadingURI&quot;:&quot;#&quot;,&quot;pointer&quot;:&quot;/items/properties/category/properties/id&quot;}&#10;    domain: &quot;syntax&quot;&#10;    ignored: [&quot;$id&quot;,&quot;examples&quot;]&#10;warning: the following keywords are unknown and will be ignored: [$id, examples]&#10;    level: &quot;warning&quot;&#10;    schema: {&quot;loadingURI&quot;:&quot;#&quot;,&quot;pointer&quot;:&quot;/items/properties/category/properties/name&quot;}&#10;    domain: &quot;syntax&quot;&#10;    ignored: [&quot;$id&quot;,&quot;examples&quot;]&#10;warning: the following keywords are unknown and will be ignored: [$id, examples]&#10;    level: &quot;warning&quot;&#10;    schema: {&quot;loadingURI&quot;:&quot;#&quot;,&quot;pointer&quot;:&quot;/items/properties/id&quot;}&#10;    domain: &quot;syntax&quot;&#10;    ignored: [&quot;$id&quot;,&quot;examples&quot;]&#10;warning: the following keywords are unknown and will be ignored: [$id, examples]&#10;    level: &quot;warning&quot;&#10;    schema: {&quot;loadingURI&quot;:&quot;#&quot;,&quot;pointer&quot;:&quot;/items/properties/name&quot;}&#10;    domain: &quot;syntax&quot;&#10;    ignored: [&quot;$id&quot;,&quot;examples&quot;]&#10;warning: the following keywords are unknown and will be ignored: [$id]&#10;    level: &quot;warning&quot;&#10;    schema: {&quot;loadingURI&quot;:&quot;#&quot;,&quot;pointer&quot;:&quot;/items/properties/photoUrls&quot;}&#10;    domain: &quot;syntax&quot;&#10;    ignored: [&quot;$id&quot;]&#10;warning: the following keywords are unknown and will be ignored: [$id, examples]&#10;    level: &quot;warning&quot;&#10;    schema: {&quot;loadingURI&quot;:&quot;#&quot;,&quot;pointer&quot;:&quot;/items/properties/photoUrls/items&quot;}&#10;    domain: &quot;syntax&quot;&#10;    ignored: [&quot;$id&quot;,&quot;examples&quot;]&#10;warning: the following keywords are unknown and will be ignored: [$id, examples]&#10;    level: &quot;warning&quot;&#10;    schema: {&quot;loadingURI&quot;:&quot;#&quot;,&quot;pointer&quot;:&quot;/items/properties/photoUrls/items&quot;}&#10;    domain: &quot;syntax&quot;&#10;    ignored: [&quot;$id&quot;,&quot;examples&quot;]&#10;warning: the following keywords are unknown and will be ignored: [$id, examples]&#10;    level: &quot;warning&quot;&#10;    schema: {&quot;loadingURI&quot;:&quot;#&quot;,&quot;pointer&quot;:&quot;/items/properties/status&quot;}&#10;    domain: &quot;syntax&quot;&#10;    ignored: [&quot;$id&quot;,&quot;examples&quot;]&#10;warning: the following keywords are unknown and will be ignored: [$id]&#10;    level: &quot;warning&quot;&#10;    schema: {&quot;loadingURI&quot;:&quot;#&quot;,&quot;pointer&quot;:&quot;/items/properties/tags&quot;}&#10;    domain: &quot;syntax&quot;&#10;    ignored: [&quot;$id&quot;]&#10;warning: the following keywords are unknown and will be ignored: [$id]&#10;    level: &quot;warning&quot;&#10;    schema: {&quot;loadingURI&quot;:&quot;#&quot;,&quot;pointer&quot;:&quot;/items/properties/tags/items&quot;}&#10;    domain: &quot;syntax&quot;&#10;    ignored: [&quot;$id&quot;]&#10;warning: the following keywords are unknown and will be ignored: [$id, examples]&#10;    level: &quot;warning&quot;&#10;    schema: {&quot;loadingURI&quot;:&quot;#&quot;,&quot;pointer&quot;:&quot;/items/properties/tags/items/properties/id&quot;}&#10;    domain: &quot;syntax&quot;&#10;    ignored: [&quot;$id&quot;,&quot;examples&quot;]&#10;warning: the following keywords are unknown and will be ignored: [$id, examples]&#10;    level: &quot;warning&quot;&#10;    schema: {&quot;loadingURI&quot;:&quot;#&quot;,&quot;pointer&quot;:&quot;/items/properties/tags/items/properties/name&quot;}&#10;    domain: &quot;syntax&quot;&#10;    ignored: [&quot;$id&quot;,&quot;examples&quot;]&#10;warning: the following keywords are unknown and will be ignored: [$id]&#10;    level: &quot;warning&quot;&#10;    schema: {&quot;loadingURI&quot;:&quot;#&quot;,&quot;pointer&quot;:&quot;/items/properties/tags/items&quot;}&#10;    domain: &quot;syntax&quot;&#10;    ignored: [&quot;$id&quot;]&#10;warning: the following keywords are unknown and will be ignored: [$id, examples]&#10;    level: &quot;warning&quot;&#10;    schema: {&quot;loadingURI&quot;:&quot;#&quot;,&quot;pointer&quot;:&quot;/items/properties/tags/items/properties/id&quot;}&#10;    domain: &quot;syntax&quot;&#10;    ignored: [&quot;$id&quot;,&quot;examples&quot;]&#10;warning: the following keywords are unknown and will be ignored: [$id, examples]&#10;    level: &quot;warning&quot;&#10;    schema: {&quot;loadingURI&quot;:&quot;#&quot;,&quot;pointer&quot;:&quot;/items/properties/tags/items/properties/name&quot;}&#10;    domain: &quot;syntax&quot;&#10;    ignored: [&quot;$id&quot;,&quot;examples&quot;]&#10;warning: the following keywords are unknown and will be ignored: [$id, examples]&#10;    level: &quot;warning&quot;&#10;    schema: {&quot;loadingURI&quot;:&quot;#&quot;,&quot;pointer&quot;:&quot;/items/properties/tags/items/properties/id&quot;}&#10;    domain: &quot;syntax&quot;&#10;    ignored: [&quot;$id&quot;,&quot;examples&quot;]&#10;warning: the following keywords are unknown and will be ignored: [$id, examples]&#10;    level: &quot;warning&quot;&#10;    schema: {&quot;loadingURI&quot;:&quot;#&quot;,&quot;pointer&quot;:&quot;/items/properties/tags/items/properties/name&quot;}&#10;    domain: &quot;syntax&quot;&#10;    ignored: [&quot;$id&quot;,&quot;examples&quot;]&#10;warning: the following keywords are unknown and will be ignored: [$id]&#10;    level: &quot;warning&quot;&#10;    schema: {&quot;loadingURI&quot;:&quot;#&quot;,&quot;pointer&quot;:&quot;/items&quot;}&#10;    domain: &quot;syntax&quot;&#10;    ignored: [&quot;$id&quot;]&#10;warning: the following keywords are unknown and will be ignored: [$id]&#10;    level: &quot;warning&quot;&#10;    schema: {&quot;loadingURI&quot;:&quot;#&quot;,&quot;pointer&quot;:&quot;/items/properties/category&quot;}&#10;    domain: &quot;syntax&quot;&#10;    ignored: [&quot;$id&quot;]&#10;warning: the following keywords are unknown and will be ignored: [$id, examples]&#10;    level: &quot;warning&quot;&#10;    schema: {&quot;loadingURI&quot;:&quot;#&quot;,&quot;pointer&quot;:&quot;/items/properties/category/properties/id&quot;}&#10;    domain: &quot;syntax&quot;&#10;    ignored: [&quot;$id&quot;,&quot;examples&quot;]&#10;warning: the following keywords are unknown and will be ignored: [$id, examples]&#10;    level: &quot;warning&quot;&#10;    schema: {&quot;loadingURI&quot;:&quot;#&quot;,&quot;pointer&quot;:&quot;/items/properties/category/properties/name&quot;}&#10;    domain: &quot;syntax&quot;&#10;    ignored: [&quot;$id&quot;,&quot;examples&quot;]&#10;warning: the following keywords are unknown and will be ignored: [$id, examples]&#10;    level: &quot;warning&quot;&#10;    schema: {&quot;loadingURI&quot;:&quot;#&quot;,&quot;pointer&quot;:&quot;/items/properties/id&quot;}&#10;    domain: &quot;syntax&quot;&#10;    ignored: [&quot;$id&quot;,&quot;examples&quot;]&#10;warning: the following keywords are unknown and will be ignored: [$id, examples]&#10;    level: &quot;warning&quot;&#10;    schema: {&quot;loadingURI&quot;:&quot;#&quot;,&quot;pointer&quot;:&quot;/items/properties/name&quot;}&#10;    domain: &quot;syntax&quot;&#10;    ignored: [&quot;$id&quot;,&quot;examples&quot;]&#10;warning: the following keywords are unknown and will be ignored: [$id]&#10;    level: &quot;warning&quot;&#10;    schema: {&quot;loadingURI&quot;:&quot;#&quot;,&quot;pointer&quot;:&quot;/items/properties/photoUrls&quot;}&#10;    domain: &quot;syntax&quot;&#10;    ignored: [&quot;$id&quot;]&#10;warning: the following keywords are unknown and will be ignored: [$id, examples]&#10;    level: &quot;warning&quot;&#10;    schema: {&quot;loadingURI&quot;:&quot;#&quot;,&quot;pointer&quot;:&quot;/items/properties/photoUrls/items&quot;}&#10;    domain: &quot;syntax&quot;&#10;    ignored: [&quot;$id&quot;,&quot;examples&quot;]&#10;warning: the following keywords are unknown and will be ignored: [$id, examples]&#10;    level: &quot;warning&quot;&#10;    schema: {&quot;loadingURI&quot;:&quot;#&quot;,&quot;pointer&quot;:&quot;/items/properties/status&quot;}&#10;    domain: &quot;syntax&quot;&#10;    ignored: [&quot;$id&quot;,&quot;examples&quot;]&#10;warning: the following keywords are unknown and will be ignored: [$id]&#10;    level: &quot;warning&quot;&#10;    schema: {&quot;loadingURI&quot;:&quot;#&quot;,&quot;pointer&quot;:&quot;/items/properties/tags&quot;}&#10;    domain: &quot;syntax&quot;&#10;    ignored: [&quot;$id&quot;]&#10;warning: the following keywords are unknown and will be ignored: [$id]&#10;    level: &quot;warning&quot;&#10;    schema: {&quot;loadingURI&quot;:&quot;#&quot;,&quot;pointer&quot;:&quot;/items/properties/tags/items&quot;}&#10;    domain: &quot;syntax&quot;&#10;    ignored: [&quot;$id&quot;]&#10;warning: the following keywords are unknown and will be ignored: [$id, examples]&#10;    level: &quot;warning&quot;&#10;    schema: {&quot;loadingURI&quot;:&quot;#&quot;,&quot;pointer&quot;:&quot;/items/properties/tags/items/properties/id&quot;}&#10;    domain: &quot;syntax&quot;&#10;    ignored: [&quot;$id&quot;,&quot;examples&quot;]&#10;warning: the following keywords are unknown and will be ignored: [$id, examples]&#10;    level: &quot;warning&quot;&#10;    schema: {&quot;loadingURI&quot;:&quot;#&quot;,&quot;pointer&quot;:&quot;/items/properties/tags/items/properties/name&quot;}&#10;    domain: &quot;syntax&quot;&#10;    ignored: [&quot;$id&quot;,&quot;examples&quot;]&#10;warning: the following keywords are unknown and will be ignored: [$id]&#10;    level: &quot;warning&quot;&#10;    schema: {&quot;loadingURI&quot;:&quot;#&quot;,&quot;pointer&quot;:&quot;/items/properties/category&quot;}&#10;    domain: &quot;syntax&quot;&#10;    ignored: [&quot;$id&quot;]&#10;warning: the following keywords are unknown and will be ignored: [$id, examples]&#10;    level: &quot;warning&quot;&#10;    schema: {&quot;loadingURI&quot;:&quot;#&quot;,&quot;pointer&quot;:&quot;/items/properties/category/properties/id&quot;}&#10;    domain: &quot;syntax&quot;&#10;    ignored: [&quot;$id&quot;,&quot;examples&quot;]&#10;warning: the following keywords are unknown and will be ignored: [$id, examples]&#10;    level: &quot;warning&quot;&#10;    schema: {&quot;loadingURI&quot;:&quot;#&quot;,&quot;pointer&quot;:&quot;/items/properties/category/properties/name&quot;}&#10;    domain: &quot;syntax&quot;&#10;    ignored: [&quot;$id&quot;,&quot;examples&quot;]&#10;warning: the following keywords are unknown and will be ignored: [$id, examples]&#10;    level: &quot;warning&quot;&#10;    schema: {&quot;loadingURI&quot;:&quot;#&quot;,&quot;pointer&quot;:&quot;/items/properties/category/properties/id&quot;}&#10;    domain: &quot;syntax&quot;&#10;    ignored: [&quot;$id&quot;,&quot;examples&quot;]&#10;warning: the following keywords are unknown and will be ignored: [$id, examples]&#10;    level: &quot;warning&quot;&#10;    schema: {&quot;loadingURI&quot;:&quot;#&quot;,&quot;pointer&quot;:&quot;/items/properties/category/properties/name&quot;}&#10;    domain: &quot;syntax&quot;&#10;    ignored: [&quot;$id&quot;,&quot;examples&quot;]&#10;warning: the following keywords are unknown and will be ignored: [$id, examples]&#10;    level: &quot;warning&quot;&#10;    schema: {&quot;loadingURI&quot;:&quot;#&quot;,&quot;pointer&quot;:&quot;/items/properties/id&quot;}&#10;    domain: &quot;syntax&quot;&#10;    ignored: [&quot;$id&quot;,&quot;examples&quot;]&#10;warning: the following keywords are unknown and will be ignored: [$id, examples]&#10;    level: &quot;warning&quot;&#10;    schema: {&quot;loadingURI&quot;:&quot;#&quot;,&quot;pointer&quot;:&quot;/items/properties/name&quot;}&#10;    domain: &quot;syntax&quot;&#10;    ignored: [&quot;$id&quot;,&quot;examples&quot;]&#10;warning: the following keywords are unknown and will be ignored: [$id]&#10;    level: &quot;warning&quot;&#10;    schema: {&quot;loadingURI&quot;:&quot;#&quot;,&quot;pointer&quot;:&quot;/items/properties/photoUrls&quot;}&#10;    domain: &quot;syntax&quot;&#10;    ignored: [&quot;$id&quot;]&#10;warning: the following keywords are unknown and will be ignored: [$id, examples]&#10;    level: &quot;warning&quot;&#10;    schema: {&quot;loadingURI&quot;:&quot;#&quot;,&quot;pointer&quot;:&quot;/items/properties/photoUrls/items&quot;}&#10;    domain: &quot;syntax&quot;&#10;    ignored: [&quot;$id&quot;,&quot;examples&quot;]&#10;warning: the following keywords are unknown and will be ignored: [$id, examples]&#10;    level: &quot;warning&quot;&#10;    schema: {&quot;loadingURI&quot;:&quot;#&quot;,&quot;pointer&quot;:&quot;/items/properties/photoUrls/items&quot;}&#10;    domain: &quot;syntax&quot;&#10;    ignored: [&quot;$id&quot;,&quot;examples&quot;]&#10;warning: the following keywords are unknown and will be ignored: [$id, examples]&#10;    level: &quot;warning&quot;&#10;    schema: {&quot;loadingURI&quot;:&quot;#&quot;,&quot;pointer&quot;:&quot;/items/properties/status&quot;}&#10;    domain: &quot;syntax&quot;&#10;    ignored: [&quot;$id&quot;,&quot;examples&quot;]&#10;warning: the following keywords are unknown and will be ignored: [$id]&#10;    level: &quot;warning&quot;&#10;    schema: {&quot;loadingURI&quot;:&quot;#&quot;,&quot;pointer&quot;:&quot;/items/properties/tags&quot;}&#10;    domain: &quot;syntax&quot;&#10;    ignored: [&quot;$id&quot;]&#10;warning: the following keywords are unknown and will be ignored: [$id]&#10;    level: &quot;warning&quot;&#10;    schema: {&quot;loadingURI&quot;:&quot;#&quot;,&quot;pointer&quot;:&quot;/items/properties/tags/items&quot;}&#10;    domain: &quot;syntax&quot;&#10;    ignored: [&quot;$id&quot;]&#10;warning: the following keywords are unknown and will be ignored: [$id, examples]&#10;    level: &quot;warning&quot;&#10;    schema: {&quot;loadingURI&quot;:&quot;#&quot;,&quot;pointer&quot;:&quot;/items/properties/tags/items/properties/id&quot;}&#10;    domain: &quot;syntax&quot;&#10;    ignored: [&quot;$id&quot;,&quot;examples&quot;]&#10;warning: the following keywords are unknown and will be ignored: [$id, examples]&#10;    level: &quot;warning&quot;&#10;    schema: {&quot;loadingURI&quot;:&quot;#&quot;,&quot;pointer&quot;:&quot;/items/properties/tags/items/properties/name&quot;}&#10;    domain: &quot;syntax&quot;&#10;    ignored: [&quot;$id&quot;,&quot;examples&quot;]&#10;warning: the following keywords are unknown and will be ignored: [$id]&#10;    level: &quot;warning&quot;&#10;    schema: {&quot;loadingURI&quot;:&quot;#&quot;,&quot;pointer&quot;:&quot;/items/properties/tags/items&quot;}&#10;    domain: &quot;syntax&quot;&#10;    ignored: [&quot;$id&quot;]&#10;warning: the following keywords are unknown and will be ignored: [$id, examples]&#10;    level: &quot;warning&quot;&#10;    schema: {&quot;loadingURI&quot;:&quot;#&quot;,&quot;pointer&quot;:&quot;/items/properties/tags/items/properties/id&quot;}&#10;    domain: &quot;syntax&quot;&#10;    ignored: [&quot;$id&quot;,&quot;examples&quot;]&#10;warning: the following keywords are unknown and will be ignored: [$id, examples]&#10;    level: &quot;warning&quot;&#10;    schema: {&quot;loadingURI&quot;:&quot;#&quot;,&quot;pointer&quot;:&quot;/items/properties/tags/items/properties/name&quot;}&#10;    domain: &quot;syntax&quot;&#10;    ignored: [&quot;$id&quot;,&quot;examples&quot;]&#10;warning: the following keywords are unknown and will be ignored: [$id, examples]&#10;    level: &quot;warning&quot;&#10;    schema: {&quot;loadingURI&quot;:&quot;#&quot;,&quot;pointer&quot;:&quot;/items/properties/tags/items/properties/id&quot;}&#10;    domain: &quot;syntax&quot;&#10;    ignored: [&quot;$id&quot;,&quot;examples&quot;]&#10;warning: the following keywords are unknown and will be ignored: [$id, examples]&#10;    level: &quot;warning&quot;&#10;    schema: {&quot;loadingURI&quot;:&quot;#&quot;,&quot;pointer&quot;:&quot;/items/properties/tags/items/properties/name&quot;}&#10;    domain: &quot;syntax&quot;&#10;    ignored: [&quot;$id&quot;,&quot;examples&quot;]&#10;warning: the following keywords are unknown and will be ignored: [$id]&#10;    level: &quot;warning&quot;&#10;    schema: {&quot;loadingURI&quot;:&quot;#&quot;,&quot;pointer&quot;:&quot;/items&quot;}&#10;    domain: &quot;syntax&quot;&#10;    ignored: [&quot;$id&quot;]&#10;warning: the following keywords are unknown and will be ignored: [$id]&#10;    level: &quot;warning&quot;&#10;    schema: {&quot;loadingURI&quot;:&quot;#&quot;,&quot;pointer&quot;:&quot;/items/properties/category&quot;}&#10;    domain: &quot;syntax&quot;&#10;    ignored: [&quot;$id&quot;]&#10;warning: the following keywords are unknown and will be ignored: [$id, examples]&#10;    level: &quot;warning&quot;&#10;    schema: {&quot;loadingURI&quot;:&quot;#&quot;,&quot;pointer&quot;:&quot;/items/properties/category/properties/id&quot;}&#10;    domain: &quot;syntax&quot;&#10;    ignored: [&quot;$id&quot;,&quot;examples&quot;]&#10;warning: the following keywords are unknown and will be ignored: [$id, examples]&#10;    level: &quot;warning&quot;&#10;    schema: {&quot;loadingURI&quot;:&quot;#&quot;,&quot;pointer&quot;:&quot;/items/properties/category/properties/name&quot;}&#10;    domain: &quot;syntax&quot;&#10;    ignored: [&quot;$id&quot;,&quot;examples&quot;]&#10;warning: the following keywords are unknown and will be ignored: [$id, examples]&#10;    level: &quot;warning&quot;&#10;    schema: {&quot;loadingURI&quot;:&quot;#&quot;,&quot;pointer&quot;:&quot;/items/properties/id&quot;}&#10;    domain: &quot;syntax&quot;&#10;    ignored: [&quot;$id&quot;,&quot;examples&quot;]&#10;warning: the following keywords are unknown and will be ignored: [$id, examples]&#10;    level: &quot;warning&quot;&#10;    schema: {&quot;loadingURI&quot;:&quot;#&quot;,&quot;pointer&quot;:&quot;/items/properties/name&quot;}&#10;    domain: &quot;syntax&quot;&#10;    ignored: [&quot;$id&quot;,&quot;examples&quot;]&#10;warning: the following keywords are unknown and will be ignored: [$id]&#10;    level: &quot;warning&quot;&#10;    schema: {&quot;loadingURI&quot;:&quot;#&quot;,&quot;pointer&quot;:&quot;/items/properties/photoUrls&quot;}&#10;    domain: &quot;syntax&quot;&#10;    ignored: [&quot;$id&quot;]&#10;warning: the following keywords are unknown and will be ignored: [$id, examples]&#10;    level: &quot;warning&quot;&#10;    schema: {&quot;loadingURI&quot;:&quot;#&quot;,&quot;pointer&quot;:&quot;/items/properties/photoUrls/items&quot;}&#10;    domain: &quot;syntax&quot;&#10;    ignored: [&quot;$id&quot;,&quot;examples&quot;]&#10;warning: the following keywords are unknown and will be ignored: [$id, examples]&#10;    level: &quot;warning&quot;&#10;    schema: {&quot;loadingURI&quot;:&quot;#&quot;,&quot;pointer&quot;:&quot;/items/properties/status&quot;}&#10;    domain: &quot;syntax&quot;&#10;    ignored: [&quot;$id&quot;,&quot;examples&quot;]&#10;warning: the following keywords are unknown and will be ignored: [$id]&#10;    level: &quot;warning&quot;&#10;    schema: {&quot;loadingURI&quot;:&quot;#&quot;,&quot;pointer&quot;:&quot;/items/properties/tags&quot;}&#10;    domain: &quot;syntax&quot;&#10;    ignored: [&quot;$id&quot;]&#10;warning: the following keywords are unknown and will be ignored: [$id]&#10;    level: &quot;warning&quot;&#10;    schema: {&quot;loadingURI&quot;:&quot;#&quot;,&quot;pointer&quot;:&quot;/items/properties/tags/items&quot;}&#10;    domain: &quot;syntax&quot;&#10;    ignored: [&quot;$id&quot;]&#10;warning: the following keywords are unknown and will be ignored: [$id, examples]&#10;    level: &quot;warning&quot;&#10;    schema: {&quot;loadingURI&quot;:&quot;#&quot;,&quot;pointer&quot;:&quot;/items/properties/tags/items/properties/id&quot;}&#10;    domain: &quot;syntax&quot;&#10;    ignored: [&quot;$id&quot;,&quot;examples&quot;]&#10;warning: the following keywords are unknown and will be ignored: [$id, examples]&#10;    level: &quot;warning&quot;&#10;    schema: {&quot;loadingURI&quot;:&quot;#&quot;,&quot;pointer&quot;:&quot;/items/properties/tags/items/properties/name&quot;}&#10;    domain: &quot;syntax&quot;&#10;    ignored: [&quot;$id&quot;,&quot;examples&quot;]&#10;warning: the following keywords are unknown and will be ignored: [$id]&#10;    level: &quot;warning&quot;&#10;    schema: {&quot;loadingURI&quot;:&quot;#&quot;,&quot;pointer&quot;:&quot;/items/properties/category&quot;}&#10;    domain: &quot;syntax&quot;&#10;    ignored: [&quot;$id&quot;]&#10;warning: the following keywords are unknown and will be ignored: [$id, examples]&#10;    level: &quot;warning&quot;&#10;    schema: {&quot;loadingURI&quot;:&quot;#&quot;,&quot;pointer&quot;:&quot;/items/properties/category/properties/id&quot;}&#10;    domain: &quot;syntax&quot;&#10;    ignored: [&quot;$id&quot;,&quot;examples&quot;]&#10;warning: the following keywords are unknown and will be ignored: [$id, examples]&#10;    level: &quot;warning&quot;&#10;    schema: {&quot;loadingURI&quot;:&quot;#&quot;,&quot;pointer&quot;:&quot;/items/properties/category/properties/name&quot;}&#10;    domain: &quot;syntax&quot;&#10;    ignored: [&quot;$id&quot;,&quot;examples&quot;]&#10;warning: the following keywords are unknown and will be ignored: [$id, examples]&#10;    level: &quot;warning&quot;&#10;    schema: {&quot;loadingURI&quot;:&quot;#&quot;,&quot;pointer&quot;:&quot;/items/properties/category/properties/id&quot;}&#10;    domain: &quot;syntax&quot;&#10;    ignored: [&quot;$id&quot;,&quot;examples&quot;]&#10;warning: the following keywords are unknown and will be ignored: [$id, examples]&#10;    level: &quot;warning&quot;&#10;    schema: {&quot;loadingURI&quot;:&quot;#&quot;,&quot;pointer&quot;:&quot;/items/properties/category/properties/name&quot;}&#10;    domain: &quot;syntax&quot;&#10;    ignored: [&quot;$id&quot;,&quot;examples&quot;]&#10;warning: the following keywords are unknown and will be ignored: [$id, examples]&#10;    level: &quot;warning&quot;&#10;    schema: {&quot;loadingURI&quot;:&quot;#&quot;,&quot;pointer&quot;:&quot;/items/properties/id&quot;}&#10;    domain: &quot;syntax&quot;&#10;    ignored: [&quot;$id&quot;,&quot;examples&quot;]&#10;warning: the following keywords are unknown and will be ignored: [$id, examples]&#10;    level: &quot;warning&quot;&#10;    schema: {&quot;loadingURI&quot;:&quot;#&quot;,&quot;pointer&quot;:&quot;/items/properties/name&quot;}&#10;    domain: &quot;syntax&quot;&#10;    ignored: [&quot;$id&quot;,&quot;examples&quot;]&#10;warning: the following keywords are unknown and will be ignored: [$id]&#10;    level: &quot;warning&quot;&#10;    schema: {&quot;loadingURI&quot;:&quot;#&quot;,&quot;pointer&quot;:&quot;/items/properties/photoUrls&quot;}&#10;    domain: &quot;syntax&quot;&#10;    ignored: [&quot;$id&quot;]&#10;warning: the following keywords are unknown and will be ignored: [$id, examples]&#10;    level: &quot;warning&quot;&#10;    schema: {&quot;loadingURI&quot;:&quot;#&quot;,&quot;pointer&quot;:&quot;/items/properties/photoUrls/items&quot;}&#10;    domain: &quot;syntax&quot;&#10;    ignored: [&quot;$id&quot;,&quot;examples&quot;]&#10;warning: the following keywords are unknown and will be ignored: [$id, examples]&#10;    level: &quot;warning&quot;&#10;    schema: {&quot;loadingURI&quot;:&quot;#&quot;,&quot;pointer&quot;:&quot;/items/properties/photoUrls/items&quot;}&#10;    domain: &quot;syntax&quot;&#10;    ignored: [&quot;$id&quot;,&quot;examples&quot;]&#10;warning: the following keywords are unknown and will be ignored: [$id, examples]&#10;    level: &quot;warning&quot;&#10;    schema: {&quot;loadingURI&quot;:&quot;#&quot;,&quot;pointer&quot;:&quot;/items/properties/status&quot;}&#10;    domain: &quot;syntax&quot;&#10;    ignored: [&quot;$id&quot;,&quot;examples&quot;]&#10;warning: the following keywords are unknown and will be ignored: [$id]&#10;    level: &quot;warning&quot;&#10;    schema: {&quot;loadingURI&quot;:&quot;#&quot;,&quot;pointer&quot;:&quot;/items/properties/tags&quot;}&#10;    domain: &quot;syntax&quot;&#10;    ignored: [&quot;$id&quot;]&#10;warning: the following keywords are unknown and will be ignored: [$id]&#10;    level: &quot;warning&quot;&#10;    schema: {&quot;loadingURI&quot;:&quot;#&quot;,&quot;pointer&quot;:&quot;/items/properties/tags/items&quot;}&#10;    domain: &quot;syntax&quot;&#10;    ignored: [&quot;$id&quot;]&#10;warning: the following keywords are unknown and will be ignored: [$id, examples]&#10;    level: &quot;warning&quot;&#10;    schema: {&quot;loadingURI&quot;:&quot;#&quot;,&quot;pointer&quot;:&quot;/items/properties/tags/items/properties/id&quot;}&#10;    domain: &quot;syntax&quot;&#10;    ignored: [&quot;$id&quot;,&quot;examples&quot;]&#10;warning: the following keywords are unknown and will be ignored: [$id, examples]&#10;    level: &quot;warning&quot;&#10;    schema: {&quot;loadingURI&quot;:&quot;#&quot;,&quot;pointer&quot;:&quot;/items/properties/tags/items/properties/name&quot;}&#10;    domain: &quot;syntax&quot;&#10;    ignored: [&quot;$id&quot;,&quot;examples&quot;]&#10;warning: the following keywords are unknown and will be ignored: [$id]&#10;    level: &quot;warning&quot;&#10;    schema: {&quot;loadingURI&quot;:&quot;#&quot;,&quot;pointer&quot;:&quot;/items/properties/tags/items&quot;}&#10;    domain: &quot;syntax&quot;&#10;    ignored: [&quot;$id&quot;]&#10;warning: the following keywords are unknown and will be ignored: [$id, examples]&#10;    level: &quot;warning&quot;&#10;    schema: {&quot;loadingURI&quot;:&quot;#&quot;,&quot;pointer&quot;:&quot;/items/properties/tags/items/properties/id&quot;}&#10;    domain: &quot;syntax&quot;&#10;    ignored: [&quot;$id&quot;,&quot;examples&quot;]&#10;warning: the following keywords are unknown and will be ignored: [$id, examples]&#10;    level: &quot;warning&quot;&#10;    schema: {&quot;loadingURI&quot;:&quot;#&quot;,&quot;pointer&quot;:&quot;/items/properties/tags/items/properties/name&quot;}&#10;    domain: &quot;syntax&quot;&#10;    ignored: [&quot;$id&quot;,&quot;examples&quot;]&#10;warning: the following keywords are unknown and will be ignored: [$id, examples]&#10;    level: &quot;warning&quot;&#10;    schema: {&quot;loadingURI&quot;:&quot;#&quot;,&quot;pointer&quot;:&quot;/items/properties/tags/items/properties/id&quot;}&#10;    domain: &quot;syntax&quot;&#10;    ignored: [&quot;$id&quot;,&quot;examples&quot;]&#10;warning: the following keywords are unknown and will be ignored: [$id, examples]&#10;    level: &quot;warning&quot;&#10;    schema: {&quot;loadingURI&quot;:&quot;#&quot;,&quot;pointer&quot;:&quot;/items/properties/tags/items/properties/name&quot;}&#10;    domain: &quot;syntax&quot;&#10;    ignored: [&quot;$id&quot;,&quot;examples&quot;]&#10;warning: the following keywords are unknown and will be ignored: [$id]&#10;    level: &quot;warning&quot;&#10;    schema: {&quot;loadingURI&quot;:&quot;#&quot;,&quot;pointer&quot;:&quot;/items&quot;}&#10;    domain: &quot;syntax&quot;&#10;    ignored: [&quot;$id&quot;]&#10;warning: the following keywords are unknown and will be ignored: [$id]&#10;    level: &quot;warning&quot;&#10;    schema: {&quot;loadingURI&quot;:&quot;#&quot;,&quot;pointer&quot;:&quot;/items/properties/category&quot;}&#10;    domain: &quot;syntax&quot;&#10;    ignored: [&quot;$id&quot;]&#10;warning: the following keywords are unknown and will be ignored: [$id, examples]&#10;    level: &quot;warning&quot;&#10;    schema: {&quot;loadingURI&quot;:&quot;#&quot;,&quot;pointer&quot;:&quot;/items/properties/category/properties/id&quot;}&#10;    domain: &quot;syntax&quot;&#10;    ignored: [&quot;$id&quot;,&quot;examples&quot;]&#10;warning: the following keywords are unknown and will be ignored: [$id, examples]&#10;    level: &quot;warning&quot;&#10;    schema: {&quot;loadingURI&quot;:&quot;#&quot;,&quot;pointer&quot;:&quot;/items/properties/category/properties/name&quot;}&#10;    domain: &quot;syntax&quot;&#10;    ignored: [&quot;$id&quot;,&quot;examples&quot;]&#10;warning: the following keywords are unknown and will be ignored: [$id, examples]&#10;    level: &quot;warning&quot;&#10;    schema: {&quot;loadingURI&quot;:&quot;#&quot;,&quot;pointer&quot;:&quot;/items/properties/id&quot;}&#10;    domain: &quot;syntax&quot;&#10;    ignored: [&quot;$id&quot;,&quot;examples&quot;]&#10;warning: the following keywords are unknown and will be ignored: [$id, examples]&#10;    level: &quot;warning&quot;&#10;    schema: {&quot;loadingURI&quot;:&quot;#&quot;,&quot;pointer&quot;:&quot;/items/properties/name&quot;}&#10;    domain: &quot;syntax&quot;&#10;    ignored: [&quot;$id&quot;,&quot;examples&quot;]&#10;warning: the following keywords are unknown and will be ignored: [$id]&#10;    level: &quot;warning&quot;&#10;    schema: {&quot;loadingURI&quot;:&quot;#&quot;,&quot;pointer&quot;:&quot;/items/properties/photoUrls&quot;}&#10;    domain: &quot;syntax&quot;&#10;    ignored: [&quot;$id&quot;]&#10;warning: the following keywords are unknown and will be ignored: [$id, examples]&#10;    level: &quot;warning&quot;&#10;    schema: {&quot;loadingURI&quot;:&quot;#&quot;,&quot;pointer&quot;:&quot;/items/properties/photoUrls/items&quot;}&#10;    domain: &quot;syntax&quot;&#10;    ignored: [&quot;$id&quot;,&quot;examples&quot;]&#10;warning: the following keywords are unknown and will be ignored: [$id, examples]&#10;    level: &quot;warning&quot;&#10;    schema: {&quot;loadingURI&quot;:&quot;#&quot;,&quot;pointer&quot;:&quot;/items/properties/status&quot;}&#10;    domain: &quot;syntax&quot;&#10;    ignored: [&quot;$id&quot;,&quot;examples&quot;]&#10;warning: the following keywords are unknown and will be ignored: [$id]&#10;    level: &quot;warning&quot;&#10;    schema: {&quot;loadingURI&quot;:&quot;#&quot;,&quot;pointer&quot;:&quot;/items/properties/tags&quot;}&#10;    domain: &quot;syntax&quot;&#10;    ignored: [&quot;$id&quot;]&#10;warning: the following keywords are unknown and will be ignored: [$id]&#10;    level: &quot;warning&quot;&#10;    schema: {&quot;loadingURI&quot;:&quot;#&quot;,&quot;pointer&quot;:&quot;/items/properties/tags/items&quot;}&#10;    domain: &quot;syntax&quot;&#10;    ignored: [&quot;$id&quot;]&#10;warning: the following keywords are unknown and will be ignored: [$id, examples]&#10;    level: &quot;warning&quot;&#10;    schema: {&quot;loadingURI&quot;:&quot;#&quot;,&quot;pointer&quot;:&quot;/items/properties/tags/items/properties/id&quot;}&#10;    domain: &quot;syntax&quot;&#10;    ignored: [&quot;$id&quot;,&quot;examples&quot;]&#10;warning: the following keywords are unknown and will be ignored: [$id, examples]&#10;    level: &quot;warning&quot;&#10;    schema: {&quot;loadingURI&quot;:&quot;#&quot;,&quot;pointer&quot;:&quot;/items/properties/tags/items/properties/name&quot;}&#10;    domain: &quot;syntax&quot;&#10;    ignored: [&quot;$id&quot;,&quot;examples&quot;]&#10;warning: the following keywords are unknown and will be ignored: [$id]&#10;    level: &quot;warning&quot;&#10;    schema: {&quot;loadingURI&quot;:&quot;#&quot;,&quot;pointer&quot;:&quot;/items/properties/category&quot;}&#10;    domain: &quot;syntax&quot;&#10;    ignored: [&quot;$id&quot;]&#10;warning: the following keywords are unknown and will be ignored: [$id, examples]&#10;    level: &quot;warning&quot;&#10;    schema: {&quot;loadingURI&quot;:&quot;#&quot;,&quot;pointer&quot;:&quot;/items/properties/category/properties/id&quot;}&#10;    domain: &quot;syntax&quot;&#10;    ignored: [&quot;$id&quot;,&quot;examples&quot;]&#10;warning: the following keywords are unknown and will be ignored: [$id, examples]&#10;    level: &quot;warning&quot;&#10;    schema: {&quot;loadingURI&quot;:&quot;#&quot;,&quot;pointer&quot;:&quot;/items/properties/category/properties/name&quot;}&#10;    domain: &quot;syntax&quot;&#10;    ignored: [&quot;$id&quot;,&quot;examples&quot;]&#10;warning: the following keywords are unknown and will be ignored: [$id, examples]&#10;    level: &quot;warning&quot;&#10;    schema: {&quot;loadingURI&quot;:&quot;#&quot;,&quot;pointer&quot;:&quot;/items/properties/category/properties/id&quot;}&#10;    domain: &quot;syntax&quot;&#10;    ignored: [&quot;$id&quot;,&quot;examples&quot;]&#10;warning: the following keywords are unknown and will be ignored: [$id, examples]&#10;    level: &quot;warning&quot;&#10;    schema: {&quot;loadingURI&quot;:&quot;#&quot;,&quot;pointer&quot;:&quot;/items/properties/category/properties/name&quot;}&#10;    domain: &quot;syntax&quot;&#10;    ignored: [&quot;$id&quot;,&quot;examples&quot;]&#10;warning: the following keywords are unknown and will be ignored: [$id, examples]&#10;    level: &quot;warning&quot;&#10;    schema: {&quot;loadingURI&quot;:&quot;#&quot;,&quot;pointer&quot;:&quot;/items/properties/id&quot;}&#10;    domain: &quot;syntax&quot;&#10;    ignored: [&quot;$id&quot;,&quot;examples&quot;]&#10;warning: the following keywords are unknown and will be ignored: [$id, examples]&#10;    level: &quot;warning&quot;&#10;    schema: {&quot;loadingURI&quot;:&quot;#&quot;,&quot;pointer&quot;:&quot;/items/properties/name&quot;}&#10;    domain: &quot;syntax&quot;&#10;    ignored: [&quot;$id&quot;,&quot;examples&quot;]&#10;warning: the following keywords are unknown and will be ignored: [$id]&#10;    level: &quot;warning&quot;&#10;    schema: {&quot;loadingURI&quot;:&quot;#&quot;,&quot;pointer&quot;:&quot;/items/properties/photoUrls&quot;}&#10;    domain: &quot;syntax&quot;&#10;    ignored: [&quot;$id&quot;]&#10;warning: the following keywords are unknown and will be ignored: [$id, examples]&#10;    level: &quot;warning&quot;&#10;    schema: {&quot;loadingURI&quot;:&quot;#&quot;,&quot;pointer&quot;:&quot;/items/properties/photoUrls/items&quot;}&#10;    domain: &quot;syntax&quot;&#10;    ignored: [&quot;$id&quot;,&quot;examples&quot;]&#10;warning: the following keywords are unknown and will be ignored: [$id, examples]&#10;    level: &quot;warning&quot;&#10;    schema: {&quot;loadingURI&quot;:&quot;#&quot;,&quot;pointer&quot;:&quot;/items/properties/photoUrls/items&quot;}&#10;    domain: &quot;syntax&quot;&#10;    ignored: [&quot;$id&quot;,&quot;examples&quot;]&#10;warning: the following keywords are unknown and will be ignored: [$id, examples]&#10;    level: &quot;warning&quot;&#10;    schema: {&quot;loadingURI&quot;:&quot;#&quot;,&quot;pointer&quot;:&quot;/items/properties/status&quot;}&#10;    domain: &quot;syntax&quot;&#10;    ignored: [&quot;$id&quot;,&quot;examples&quot;]&#10;warning: the following keywords are unknown and will be ignored: [$id]&#10;    level: &quot;warning&quot;&#10;    schema: {&quot;loadingURI&quot;:&quot;#&quot;,&quot;pointer&quot;:&quot;/items/properties/tags&quot;}&#10;    domain: &quot;syntax&quot;&#10;    ignored: [&quot;$id&quot;]&#10;warning: the following keywords are unknown and will be ignored: [$id]&#10;    level: &quot;warning&quot;&#10;    schema: {&quot;loadingURI&quot;:&quot;#&quot;,&quot;pointer&quot;:&quot;/items/properties/tags/items&quot;}&#10;    domain: &quot;syntax&quot;&#10;    ignored: [&quot;$id&quot;]&#10;warning: the following keywords are unknown and will be ignored: [$id, examples]&#10;    level: &quot;warning&quot;&#10;    schema: {&quot;loadingURI&quot;:&quot;#&quot;,&quot;pointer&quot;:&quot;/items/properties/tags/items/properties/id&quot;}&#10;    domain: &quot;syntax&quot;&#10;    ignored: [&quot;$id&quot;,&quot;examples&quot;]&#10;warning: the following keywords are unknown and will be ignored: [$id, examples]&#10;    level: &quot;warning&quot;&#10;    schema: {&quot;loadingURI&quot;:&quot;#&quot;,&quot;pointer&quot;:&quot;/items/properties/tags/items/properties/name&quot;}&#10;    domain: &quot;syntax&quot;&#10;    ignored: [&quot;$id&quot;,&quot;examples&quot;]&#10;warning: the following keywords are unknown and will be ignored: [$id]&#10;    level: &quot;warning&quot;&#10;    schema: {&quot;loadingURI&quot;:&quot;#&quot;,&quot;pointer&quot;:&quot;/items/properties/tags/items&quot;}&#10;    domain: &quot;syntax&quot;&#10;    ignored: [&quot;$id&quot;]&#10;warning: the following keywords are unknown and will be ignored: [$id, examples]&#10;    level: &quot;warning&quot;&#10;    schema: {&quot;loadingURI&quot;:&quot;#&quot;,&quot;pointer&quot;:&quot;/items/properties/tags/items/properties/id&quot;}&#10;    domain: &quot;syntax&quot;&#10;    ignored: [&quot;$id&quot;,&quot;examples&quot;]&#10;warning: the following keywords are unknown and will be ignored: [$id, examples]&#10;    level: &quot;warning&quot;&#10;    schema: {&quot;loadingURI&quot;:&quot;#&quot;,&quot;pointer&quot;:&quot;/items/properties/tags/items/properties/name&quot;}&#10;    domain: &quot;syntax&quot;&#10;    ignored: [&quot;$id&quot;,&quot;examples&quot;]&#10;warning: the following keywords are unknown and will be ignored: [$id, examples]&#10;    level: &quot;warning&quot;&#10;    schema: {&quot;loadingURI&quot;:&quot;#&quot;,&quot;pointer&quot;:&quot;/items/properties/tags/items/properties/id&quot;}&#10;    domain: &quot;syntax&quot;&#10;    ignored: [&quot;$id&quot;,&quot;examples&quot;]&#10;warning: the following keywords are unknown and will be ignored: [$id, examples]&#10;    level: &quot;warning&quot;&#10;    schema: {&quot;loadingURI&quot;:&quot;#&quot;,&quot;pointer&quot;:&quot;/items/properties/tags/items/properties/name&quot;}&#10;    domain: &quot;syntax&quot;&#10;    ignored: [&quot;$id&quot;,&quot;examples&quot;]&#10;warning: the following keywords are unknown and will be ignored: [$id]&#10;    level: &quot;warning&quot;&#10;    schema: {&quot;loadingURI&quot;:&quot;#&quot;,&quot;pointer&quot;:&quot;/items&quot;}&#10;    domain: &quot;syntax&quot;&#10;    ignored: [&quot;$id&quot;]&#10;warning: the following keywords are unknown and will be ignored: [$id]&#10;    level: &quot;warning&quot;&#10;    schema: {&quot;loadingURI&quot;:&quot;#&quot;,&quot;pointer&quot;:&quot;/items/properties/category&quot;}&#10;    domain: &quot;syntax&quot;&#10;    ignored: [&quot;$id&quot;]&#10;warning: the following keywords are unknown and will be ignored: [$id, examples]&#10;    level: &quot;warning&quot;&#10;    schema: {&quot;loadingURI&quot;:&quot;#&quot;,&quot;pointer&quot;:&quot;/items/properties/category/properties/id&quot;}&#10;    domain: &quot;syntax&quot;&#10;    ignored: [&quot;$id&quot;,&quot;examples&quot;]&#10;warning: the following keywords are unknown and will be ignored: [$id, examples]&#10;    level: &quot;warning&quot;&#10;    schema: {&quot;loadingURI&quot;:&quot;#&quot;,&quot;pointer&quot;:&quot;/items/properties/category/properties/name&quot;}&#10;    domain: &quot;syntax&quot;&#10;    ignored: [&quot;$id&quot;,&quot;examples&quot;]&#10;warning: the following keywords are unknown and will be ignored: [$id, examples]&#10;    level: &quot;warning&quot;&#10;    schema: {&quot;loadingURI&quot;:&quot;#&quot;,&quot;pointer&quot;:&quot;/items/properties/id&quot;}&#10;    domain: &quot;syntax&quot;&#10;    ignored: [&quot;$id&quot;,&quot;examples&quot;]&#10;warning: the following keywords are unknown and will be ignored: [$id, examples]&#10;    level: &quot;warning&quot;&#10;    schema: {&quot;loadingURI&quot;:&quot;#&quot;,&quot;pointer&quot;:&quot;/items/properties/name&quot;}&#10;    domain: &quot;syntax&quot;&#10;    ignored: [&quot;$id&quot;,&quot;examples&quot;]&#10;warning: the following keywords are unknown and will be ignored: [$id]&#10;    level: &quot;warning&quot;&#10;    schema: {&quot;loadingURI&quot;:&quot;#&quot;,&quot;pointer&quot;:&quot;/items/properties/photoUrls&quot;}&#10;    domain: &quot;syntax&quot;&#10;    ignored: [&quot;$id&quot;]&#10;warning: the following keywords are unknown and will be ignored: [$id, examples]&#10;    level: &quot;warning&quot;&#10;    schema: {&quot;loadingURI&quot;:&quot;#&quot;,&quot;pointer&quot;:&quot;/items/properties/photoUrls/items&quot;}&#10;    domain: &quot;syntax&quot;&#10;    ignored: [&quot;$id&quot;,&quot;examples&quot;]&#10;warning: the following keywords are unknown and will be ignored: [$id, examples]&#10;    level: &quot;warning&quot;&#10;    schema: {&quot;loadingURI&quot;:&quot;#&quot;,&quot;pointer&quot;:&quot;/items/properties/status&quot;}&#10;    domain: &quot;syntax&quot;&#10;    ignored: [&quot;$id&quot;,&quot;examples&quot;]&#10;warning: the following keywords are unknown and will be ignored: [$id]&#10;    level: &quot;warning&quot;&#10;    schema: {&quot;loadingURI&quot;:&quot;#&quot;,&quot;pointer&quot;:&quot;/items/properties/tags&quot;}&#10;    domain: &quot;syntax&quot;&#10;    ignored: [&quot;$id&quot;]&#10;warning: the following keywords are unknown and will be ignored: [$id]&#10;    level: &quot;warning&quot;&#10;    schema: {&quot;loadingURI&quot;:&quot;#&quot;,&quot;pointer&quot;:&quot;/items/properties/tags/items&quot;}&#10;    domain: &quot;syntax&quot;&#10;    ignored: [&quot;$id&quot;]&#10;warning: the following keywords are unknown and will be ignored: [$id, examples]&#10;    level: &quot;warning&quot;&#10;    schema: {&quot;loadingURI&quot;:&quot;#&quot;,&quot;pointer&quot;:&quot;/items/properties/tags/items/properties/id&quot;}&#10;    domain: &quot;syntax&quot;&#10;    ignored: [&quot;$id&quot;,&quot;examples&quot;]&#10;warning: the following keywords are unknown and will be ignored: [$id, examples]&#10;    level: &quot;warning&quot;&#10;    schema: {&quot;loadingURI&quot;:&quot;#&quot;,&quot;pointer&quot;:&quot;/items/properties/tags/items/properties/name&quot;}&#10;    domain: &quot;syntax&quot;&#10;    ignored: [&quot;$id&quot;,&quot;examples&quot;]&#10;warning: the following keywords are unknown and will be ignored: [$id]&#10;    level: &quot;warning&quot;&#10;    schema: {&quot;loadingURI&quot;:&quot;#&quot;,&quot;pointer&quot;:&quot;/items/properties/category&quot;}&#10;    domain: &quot;syntax&quot;&#10;    ignored: [&quot;$id&quot;]&#10;warning: the following keywords are unknown and will be ignored: [$id, examples]&#10;    level: &quot;warning&quot;&#10;    schema: {&quot;loadingURI&quot;:&quot;#&quot;,&quot;pointer&quot;:&quot;/items/properties/category/properties/id&quot;}&#10;    domain: &quot;syntax&quot;&#10;    ignored: [&quot;$id&quot;,&quot;examples&quot;]&#10;warning: the following keywords are unknown and will be ignored: [$id, examples]&#10;    level: &quot;warning&quot;&#10;    schema: {&quot;loadingURI&quot;:&quot;#&quot;,&quot;pointer&quot;:&quot;/items/properties/category/properties/name&quot;}&#10;    domain: &quot;syntax&quot;&#10;    ignored: [&quot;$id&quot;,&quot;examples&quot;]&#10;warning: the following keywords are unknown and will be ignored: [$id, examples]&#10;    level: &quot;warning&quot;&#10;    schema: {&quot;loadingURI&quot;:&quot;#&quot;,&quot;pointer&quot;:&quot;/items/properties/category/properties/id&quot;}&#10;    domain: &quot;syntax&quot;&#10;    ignored: [&quot;$id&quot;,&quot;examples&quot;]&#10;warning: the following keywords are unknown and will be ignored: [$id, examples]&#10;    level: &quot;warning&quot;&#10;    schema: {&quot;loadingURI&quot;:&quot;#&quot;,&quot;pointer&quot;:&quot;/items/properties/category/properties/name&quot;}&#10;    domain: &quot;syntax&quot;&#10;    ignored: [&quot;$id&quot;,&quot;examples&quot;]&#10;warning: the following keywords are unknown and will be ignored: [$id, examples]&#10;    level: &quot;warning&quot;&#10;    schema: {&quot;loadingURI&quot;:&quot;#&quot;,&quot;pointer&quot;:&quot;/items/properties/id&quot;}&#10;    domain: &quot;syntax&quot;&#10;    ignored: [&quot;$id&quot;,&quot;examples&quot;]&#10;warning: the following keywords are unknown and will be ignored: [$id, examples]&#10;    level: &quot;warning&quot;&#10;    schema: {&quot;loadingURI&quot;:&quot;#&quot;,&quot;pointer&quot;:&quot;/items/properties/name&quot;}&#10;    domain: &quot;syntax&quot;&#10;    ignored: [&quot;$id&quot;,&quot;examples&quot;]&#10;warning: the following keywords are unknown and will be ignored: [$id]&#10;    level: &quot;warning&quot;&#10;    schema: {&quot;loadingURI&quot;:&quot;#&quot;,&quot;pointer&quot;:&quot;/items/properties/photoUrls&quot;}&#10;    domain: &quot;syntax&quot;&#10;    ignored: [&quot;$id&quot;]&#10;warning: the following keywords are unknown and will be ignored: [$id, examples]&#10;    level: &quot;warning&quot;&#10;    schema: {&quot;loadingURI&quot;:&quot;#&quot;,&quot;pointer&quot;:&quot;/items/properties/photoUrls/items&quot;}&#10;    domain: &quot;syntax&quot;&#10;    ignored: [&quot;$id&quot;,&quot;examples&quot;]&#10;warning: the following keywords are unknown and will be ignored: [$id, examples]&#10;    level: &quot;warning&quot;&#10;    schema: {&quot;loadingURI&quot;:&quot;#&quot;,&quot;pointer&quot;:&quot;/items/properties/photoUrls/items&quot;}&#10;    domain: &quot;syntax&quot;&#10;    ignored: [&quot;$id&quot;,&quot;examples&quot;]&#10;warning: the following keywords are unknown and will be ignored: [$id, examples]&#10;    level: &quot;warning&quot;&#10;    schema: {&quot;loadingURI&quot;:&quot;#&quot;,&quot;pointer&quot;:&quot;/items/properties/status&quot;}&#10;    domain: &quot;syntax&quot;&#10;    ignored: [&quot;$id&quot;,&quot;examples&quot;]&#10;warning: the following keywords are unknown and will be ignored: [$id]&#10;    level: &quot;warning&quot;&#10;    schema: {&quot;loadingURI&quot;:&quot;#&quot;,&quot;pointer&quot;:&quot;/items/properties/tags&quot;}&#10;    domain: &quot;syntax&quot;&#10;    ignored: [&quot;$id&quot;]&#10;warning: the following keywords are unknown and will be ignored: [$id]&#10;    level: &quot;warning&quot;&#10;    schema: {&quot;loadingURI&quot;:&quot;#&quot;,&quot;pointer&quot;:&quot;/items/properties/tags/items&quot;}&#10;    domain: &quot;syntax&quot;&#10;    ignored: [&quot;$id&quot;]&#10;warning: the following keywords are unknown and will be ignored: [$id, examples]&#10;    level: &quot;warning&quot;&#10;    schema: {&quot;loadingURI&quot;:&quot;#&quot;,&quot;pointer&quot;:&quot;/items/properties/tags/items/properties/id&quot;}&#10;    domain: &quot;syntax&quot;&#10;    ignored: [&quot;$id&quot;,&quot;examples&quot;]&#10;warning: the following keywords are unknown and will be ignored: [$id, examples]&#10;    level: &quot;warning&quot;&#10;    schema: {&quot;loadingURI&quot;:&quot;#&quot;,&quot;pointer&quot;:&quot;/items/properties/tags/items/properties/name&quot;}&#10;    domain: &quot;syntax&quot;&#10;    ignored: [&quot;$id&quot;,&quot;examples&quot;]&#10;warning: the following keywords are unknown and will be ignored: [$id]&#10;    level: &quot;warning&quot;&#10;    schema: {&quot;loadingURI&quot;:&quot;#&quot;,&quot;pointer&quot;:&quot;/items/properties/tags/items&quot;}&#10;    domain: &quot;syntax&quot;&#10;    ignored: [&quot;$id&quot;]&#10;warning: the following keywords are unknown and will be ignored: [$id, examples]&#10;    level: &quot;warning&quot;&#10;    schema: {&quot;loadingURI&quot;:&quot;#&quot;,&quot;pointer&quot;:&quot;/items/properties/tags/items/properties/id&quot;}&#10;    domain: &quot;syntax&quot;&#10;    ignored: [&quot;$id&quot;,&quot;examples&quot;]&#10;warning: the following keywords are unknown and will be ignored: [$id, examples]&#10;    level: &quot;warning&quot;&#10;    schema: {&quot;loadingURI&quot;:&quot;#&quot;,&quot;pointer&quot;:&quot;/items/properties/tags/items/properties/name&quot;}&#10;    domain: &quot;syntax&quot;&#10;    ignored: [&quot;$id&quot;,&quot;examples&quot;]&#10;warning: the following keywords are unknown and will be ignored: [$id, examples]&#10;    level: &quot;warning&quot;&#10;    schema: {&quot;loadingURI&quot;:&quot;#&quot;,&quot;pointer&quot;:&quot;/items/properties/tags/items/properties/id&quot;}&#10;    domain: &quot;syntax&quot;&#10;    ignored: [&quot;$id&quot;,&quot;examples&quot;]&#10;warning: the following keywords are unknown and will be ignored: [$id, examples]&#10;    level: &quot;warning&quot;&#10;    schema: {&quot;loadingURI&quot;:&quot;#&quot;,&quot;pointer&quot;:&quot;/items/properties/tags/items/properties/name&quot;}&#10;    domain: &quot;syntax&quot;&#10;    ignored: [&quot;$id&quot;,&quot;examples&quot;]&#10;warning: the following keywords are unknown and will be ignored: [$id]&#10;    level: &quot;warning&quot;&#10;    schema: {&quot;loadingURI&quot;:&quot;#&quot;,&quot;pointer&quot;:&quot;/items&quot;}&#10;    domain: &quot;syntax&quot;&#10;    ignored: [&quot;$id&quot;]&#10;warning: the following keywords are unknown and will be ignored: [$id]&#10;    level: &quot;warning&quot;&#10;    schema: {&quot;loadingURI&quot;:&quot;#&quot;,&quot;pointer&quot;:&quot;/items/properties/category&quot;}&#10;    domain: &quot;syntax&quot;&#10;    ignored: [&quot;$id&quot;]&#10;warning: the following keywords are unknown and will be ignored: [$id, examples]&#10;    level: &quot;warning&quot;&#10;    schema: {&quot;loadingURI&quot;:&quot;#&quot;,&quot;pointer&quot;:&quot;/items/properties/category/properties/id&quot;}&#10;    domain: &quot;syntax&quot;&#10;    ignored: [&quot;$id&quot;,&quot;examples&quot;]&#10;warning: the following keywords are unknown and will be ignored: [$id, examples]&#10;    level: &quot;warning&quot;&#10;    schema: {&quot;loadingURI&quot;:&quot;#&quot;,&quot;pointer&quot;:&quot;/items/properties/category/properties/name&quot;}&#10;    domain: &quot;syntax&quot;&#10;    ignored: [&quot;$id&quot;,&quot;examples&quot;]&#10;warning: the following keywords are unknown and will be ignored: [$id, examples]&#10;    level: &quot;warning&quot;&#10;    schema: {&quot;loadingURI&quot;:&quot;#&quot;,&quot;pointer&quot;:&quot;/items/properties/id&quot;}&#10;    domain: &quot;syntax&quot;&#10;    ignored: [&quot;$id&quot;,&quot;examples&quot;]&#10;warning: the following keywords are unknown and will be ignored: [$id, examples]&#10;    level: &quot;warning&quot;&#10;    schema: {&quot;loadingURI&quot;:&quot;#&quot;,&quot;pointer&quot;:&quot;/items/properties/name&quot;}&#10;    domain: &quot;syntax&quot;&#10;    ignored: [&quot;$id&quot;,&quot;examples&quot;]&#10;warning: the following keywords are unknown and will be ignored: [$id]&#10;    level: &quot;warning&quot;&#10;    schema: {&quot;loadingURI&quot;:&quot;#&quot;,&quot;pointer&quot;:&quot;/items/properties/photoUrls&quot;}&#10;    domain: &quot;syntax&quot;&#10;    ignored: [&quot;$id&quot;]&#10;warning: the following keywords are unknown and will be ignored: [$id, examples]&#10;    level: &quot;warning&quot;&#10;    schema: {&quot;loadingURI&quot;:&quot;#&quot;,&quot;pointer&quot;:&quot;/items/properties/photoUrls/items&quot;}&#10;    domain: &quot;syntax&quot;&#10;    ignored: [&quot;$id&quot;,&quot;examples&quot;]&#10;warning: the following keywords are unknown and will be ignored: [$id, examples]&#10;    level: &quot;warning&quot;&#10;    schema: {&quot;loadingURI&quot;:&quot;#&quot;,&quot;pointer&quot;:&quot;/items/properties/status&quot;}&#10;    domain: &quot;syntax&quot;&#10;    ignored: [&quot;$id&quot;,&quot;examples&quot;]&#10;warning: the following keywords are unknown and will be ignored: [$id]&#10;    level: &quot;warning&quot;&#10;    schema: {&quot;loadingURI&quot;:&quot;#&quot;,&quot;pointer&quot;:&quot;/items/properties/tags&quot;}&#10;    domain: &quot;syntax&quot;&#10;    ignored: [&quot;$id&quot;]&#10;warning: the following keywords are unknown and will be ignored: [$id]&#10;    level: &quot;warning&quot;&#10;    schema: {&quot;loadingURI&quot;:&quot;#&quot;,&quot;pointer&quot;:&quot;/items/properties/tags/items&quot;}&#10;    domain: &quot;syntax&quot;&#10;    ignored: [&quot;$id&quot;]&#10;warning: the following keywords are unknown and will be ignored: [$id, examples]&#10;    level: &quot;warning&quot;&#10;    schema: {&quot;loadingURI&quot;:&quot;#&quot;,&quot;pointer&quot;:&quot;/items/properties/tags/items/properties/id&quot;}&#10;    domain: &quot;syntax&quot;&#10;    ignored: [&quot;$id&quot;,&quot;examples&quot;]&#10;warning: the following keywords are unknown and will be ignored: [$id, examples]&#10;    level: &quot;warning&quot;&#10;    schema: {&quot;loadingURI&quot;:&quot;#&quot;,&quot;pointer&quot;:&quot;/items/properties/tags/items/properties/name&quot;}&#10;    domain: &quot;syntax&quot;&#10;    ignored: [&quot;$id&quot;,&quot;examples&quot;]&#10;warning: the following keywords are unknown and will be ignored: [$id]&#10;    level: &quot;warning&quot;&#10;    schema: {&quot;loadingURI&quot;:&quot;#&quot;,&quot;pointer&quot;:&quot;/items/properties/category&quot;}&#10;    domain: &quot;syntax&quot;&#10;    ignored: [&quot;$id&quot;]&#10;warning: the following keywords are unknown and will be ignored: [$id, examples]&#10;    level: &quot;warning&quot;&#10;    schema: {&quot;loadingURI&quot;:&quot;#&quot;,&quot;pointer&quot;:&quot;/items/properties/category/properties/id&quot;}&#10;    domain: &quot;syntax&quot;&#10;    ignored: [&quot;$id&quot;,&quot;examples&quot;]&#10;warning: the following keywords are unknown and will be ignored: [$id, examples]&#10;    level: &quot;warning&quot;&#10;    schema: {&quot;loadingURI&quot;:&quot;#&quot;,&quot;pointer&quot;:&quot;/items/properties/category/properties/name&quot;}&#10;    domain: &quot;syntax&quot;&#10;    ignored: [&quot;$id&quot;,&quot;examples&quot;]&#10;warning: the following keywords are unknown and will be ignored: [$id, examples]&#10;    level: &quot;warning&quot;&#10;    schema: {&quot;loadingURI&quot;:&quot;#&quot;,&quot;pointer&quot;:&quot;/items/properties/category/properties/id&quot;}&#10;    domain: &quot;syntax&quot;&#10;    ignored: [&quot;$id&quot;,&quot;examples&quot;]&#10;warning: the following keywords are unknown and will be ignored: [$id, examples]&#10;    level: &quot;warning&quot;&#10;    schema: {&quot;loadingURI&quot;:&quot;#&quot;,&quot;pointer&quot;:&quot;/items/properties/category/properties/name&quot;}&#10;    domain: &quot;syntax&quot;&#10;    ignored: [&quot;$id&quot;,&quot;examples&quot;]&#10;warning: the following keywords are unknown and will be ignored: [$id, examples]&#10;    level: &quot;warning&quot;&#10;    schema: {&quot;loadingURI&quot;:&quot;#&quot;,&quot;pointer&quot;:&quot;/items/properties/id&quot;}&#10;    domain: &quot;syntax&quot;&#10;    ignored: [&quot;$id&quot;,&quot;examples&quot;]&#10;warning: the following keywords are unknown and will be ignored: [$id, examples]&#10;    level: &quot;warning&quot;&#10;    schema: {&quot;loadingURI&quot;:&quot;#&quot;,&quot;pointer&quot;:&quot;/items/properties/name&quot;}&#10;    domain: &quot;syntax&quot;&#10;    ignored: [&quot;$id&quot;,&quot;examples&quot;]&#10;warning: the following keywords are unknown and will be ignored: [$id]&#10;    level: &quot;warning&quot;&#10;    schema: {&quot;loadingURI&quot;:&quot;#&quot;,&quot;pointer&quot;:&quot;/items/properties/photoUrls&quot;}&#10;    domain: &quot;syntax&quot;&#10;    ignored: [&quot;$id&quot;]&#10;warning: the following keywords are unknown and will be ignored: [$id, examples]&#10;    level: &quot;warning&quot;&#10;    schema: {&quot;loadingURI&quot;:&quot;#&quot;,&quot;pointer&quot;:&quot;/items/properties/photoUrls/items&quot;}&#10;    domain: &quot;syntax&quot;&#10;    ignored: [&quot;$id&quot;,&quot;examples&quot;]&#10;warning: the following keywords are unknown and will be ignored: [$id, examples]&#10;    level: &quot;warning&quot;&#10;    schema: {&quot;loadingURI&quot;:&quot;#&quot;,&quot;pointer&quot;:&quot;/items/properties/photoUrls/items&quot;}&#10;    domain: &quot;syntax&quot;&#10;    ignored: [&quot;$id&quot;,&quot;examples&quot;]&#10;warning: the following keywords are unknown and will be ignored: [$id, examples]&#10;    level: &quot;warning&quot;&#10;    schema: {&quot;loadingURI&quot;:&quot;#&quot;,&quot;pointer&quot;:&quot;/items/properties/status&quot;}&#10;    domain: &quot;syntax&quot;&#10;    ignored: [&quot;$id&quot;,&quot;examples&quot;]&#10;warning: the following keywords are unknown and will be ignored: [$id]&#10;    level: &quot;warning&quot;&#10;    schema: {&quot;loadingURI&quot;:&quot;#&quot;,&quot;pointer&quot;:&quot;/items/properties/tags&quot;}&#10;    domain: &quot;syntax&quot;&#10;    ignored: [&quot;$id&quot;]&#10;warning: the following keywords are unknown and will be ignored: [$id]&#10;    level: &quot;warning&quot;&#10;    schema: {&quot;loadingURI&quot;:&quot;#&quot;,&quot;pointer&quot;:&quot;/items/properties/tags/items&quot;}&#10;    domain: &quot;syntax&quot;&#10;    ignored: [&quot;$id&quot;]&#10;warning: the following keywords are unknown and will be ignored: [$id, examples]&#10;    level: &quot;warning&quot;&#10;    schema: {&quot;loadingURI&quot;:&quot;#&quot;,&quot;pointer&quot;:&quot;/items/properties/tags/items/properties/id&quot;}&#10;    domain: &quot;syntax&quot;&#10;    ignored: [&quot;$id&quot;,&quot;examples&quot;]&#10;warning: the following keywords are unknown and will be ignored: [$id, examples]&#10;    level: &quot;warning&quot;&#10;    schema: {&quot;loadingURI&quot;:&quot;#&quot;,&quot;pointer&quot;:&quot;/items/properties/tags/items/properties/name&quot;}&#10;    domain: &quot;syntax&quot;&#10;    ignored: [&quot;$id&quot;,&quot;examples&quot;]&#10;warning: the following keywords are unknown and will be ignored: [$id]&#10;    level: &quot;warning&quot;&#10;    schema: {&quot;loadingURI&quot;:&quot;#&quot;,&quot;pointer&quot;:&quot;/items/properties/tags/items&quot;}&#10;    domain: &quot;syntax&quot;&#10;    ignored: [&quot;$id&quot;]&#10;warning: the following keywords are unknown and will be ignored: [$id, examples]&#10;    level: &quot;warning&quot;&#10;    schema: {&quot;loadingURI&quot;:&quot;#&quot;,&quot;pointer&quot;:&quot;/items/properties/tags/items/properties/id&quot;}&#10;    domain: &quot;syntax&quot;&#10;    ignored: [&quot;$id&quot;,&quot;examples&quot;]&#10;warning: the following keywords are unknown and will be ignored: [$id, examples]&#10;    level: &quot;warning&quot;&#10;    schema: {&quot;loadingURI&quot;:&quot;#&quot;,&quot;pointer&quot;:&quot;/items/properties/tags/items/properties/name&quot;}&#10;    domain: &quot;syntax&quot;&#10;    ignored: [&quot;$id&quot;,&quot;examples&quot;]&#10;warning: the following keywords are unknown and will be ignored: [$id, examples]&#10;    level: &quot;warning&quot;&#10;    schema: {&quot;loadingURI&quot;:&quot;#&quot;,&quot;pointer&quot;:&quot;/items/properties/tags/items/properties/id&quot;}&#10;    domain: &quot;syntax&quot;&#10;    ignored: [&quot;$id&quot;,&quot;examples&quot;]&#10;warning: the following keywords are unknown and will be ignored: [$id, examples]&#10;    level: &quot;warning&quot;&#10;    schema: {&quot;loadingURI&quot;:&quot;#&quot;,&quot;pointer&quot;:&quot;/items/properties/tags/items/properties/name&quot;}&#10;    domain: &quot;syntax&quot;&#10;    ignored: [&quot;$id&quot;,&quot;examples&quot;]&#10;warning: the following keywords are unknown and will be ignored: [$id]&#10;    level: &quot;warning&quot;&#10;    schema: {&quot;loadingURI&quot;:&quot;#&quot;,&quot;pointer&quot;:&quot;/items&quot;}&#10;    domain: &quot;syntax&quot;&#10;    ignored: [&quot;$id&quot;]&#10;warning: the following keywords are unknown and will be ignored: [$id]&#10;    level: &quot;warning&quot;&#10;    schema: {&quot;loadingURI&quot;:&quot;#&quot;,&quot;pointer&quot;:&quot;/items/properties/category&quot;}&#10;    domain: &quot;syntax&quot;&#10;    ignored: [&quot;$id&quot;]&#10;warning: the following keywords are unknown and will be ignored: [$id, examples]&#10;    level: &quot;warning&quot;&#10;    schema: {&quot;loadingURI&quot;:&quot;#&quot;,&quot;pointer&quot;:&quot;/items/properties/category/properties/id&quot;}&#10;    domain: &quot;syntax&quot;&#10;    ignored: [&quot;$id&quot;,&quot;examples&quot;]&#10;warning: the following keywords are unknown and will be ignored: [$id, examples]&#10;    level: &quot;warning&quot;&#10;    schema: {&quot;loadingURI&quot;:&quot;#&quot;,&quot;pointer&quot;:&quot;/items/properties/category/properties/name&quot;}&#10;    domain: &quot;syntax&quot;&#10;    ignored: [&quot;$id&quot;,&quot;examples&quot;]&#10;warning: the following keywords are unknown and will be ignored: [$id, examples]&#10;    level: &quot;warning&quot;&#10;    schema: {&quot;loadingURI&quot;:&quot;#&quot;,&quot;pointer&quot;:&quot;/items/properties/id&quot;}&#10;    domain: &quot;syntax&quot;&#10;    ignored: [&quot;$id&quot;,&quot;examples&quot;]&#10;warning: the following keywords are unknown and will be ignored: [$id, examples]&#10;    level: &quot;warning&quot;&#10;    schema: {&quot;loadingURI&quot;:&quot;#&quot;,&quot;pointer&quot;:&quot;/items/properties/name&quot;}&#10;    domain: &quot;syntax&quot;&#10;    ignored: [&quot;$id&quot;,&quot;examples&quot;]&#10;warning: the following keywords are unknown and will be ignored: [$id]&#10;    level: &quot;warning&quot;&#10;    schema: {&quot;loadingURI&quot;:&quot;#&quot;,&quot;pointer&quot;:&quot;/items/properties/photoUrls&quot;}&#10;    domain: &quot;syntax&quot;&#10;    ignored: [&quot;$id&quot;]&#10;warning: the following keywords are unknown and will be ignored: [$id, examples]&#10;    level: &quot;warning&quot;&#10;    schema: {&quot;loadingURI&quot;:&quot;#&quot;,&quot;pointer&quot;:&quot;/items/properties/photoUrls/items&quot;}&#10;    domain: &quot;syntax&quot;&#10;    ignored: [&quot;$id&quot;,&quot;examples&quot;]&#10;warning: the following keywords are unknown and will be ignored: [$id, examples]&#10;    level: &quot;warning&quot;&#10;    schema: {&quot;loadingURI&quot;:&quot;#&quot;,&quot;pointer&quot;:&quot;/items/properties/status&quot;}&#10;    domain: &quot;syntax&quot;&#10;    ignored: [&quot;$id&quot;,&quot;examples&quot;]&#10;warning: the following keywords are unknown and will be ignored: [$id]&#10;    level: &quot;warning&quot;&#10;    schema: {&quot;loadingURI&quot;:&quot;#&quot;,&quot;pointer&quot;:&quot;/items/properties/tags&quot;}&#10;    domain: &quot;syntax&quot;&#10;    ignored: [&quot;$id&quot;]&#10;warning: the following keywords are unknown and will be ignored: [$id]&#10;    level: &quot;warning&quot;&#10;    schema: {&quot;loadingURI&quot;:&quot;#&quot;,&quot;pointer&quot;:&quot;/items/properties/tags/items&quot;}&#10;    domain: &quot;syntax&quot;&#10;    ignored: [&quot;$id&quot;]&#10;warning: the following keywords are unknown and will be ignored: [$id, examples]&#10;    level: &quot;warning&quot;&#10;    schema: {&quot;loadingURI&quot;:&quot;#&quot;,&quot;pointer&quot;:&quot;/items/properties/tags/items/properties/id&quot;}&#10;    domain: &quot;syntax&quot;&#10;    ignored: [&quot;$id&quot;,&quot;examples&quot;]&#10;warning: the following keywords are unknown and will be ignored: [$id, examples]&#10;    level: &quot;warning&quot;&#10;    schema: {&quot;loadingURI&quot;:&quot;#&quot;,&quot;pointer&quot;:&quot;/items/properties/tags/items/properties/name&quot;}&#10;    domain: &quot;syntax&quot;&#10;    ignored: [&quot;$id&quot;,&quot;examples&quot;]&#10;warning: the following keywords are unknown and will be ignored: [$id]&#10;    level: &quot;warning&quot;&#10;    schema: {&quot;loadingURI&quot;:&quot;#&quot;,&quot;pointer&quot;:&quot;/items/properties/category&quot;}&#10;    domain: &quot;syntax&quot;&#10;    ignored: [&quot;$id&quot;]&#10;warning: the following keywords are unknown and will be ignored: [$id, examples]&#10;    level: &quot;warning&quot;&#10;    schema: {&quot;loadingURI&quot;:&quot;#&quot;,&quot;pointer&quot;:&quot;/items/properties/category/properties/id&quot;}&#10;    domain: &quot;syntax&quot;&#10;    ignored: [&quot;$id&quot;,&quot;examples&quot;]&#10;warning: the following keywords are unknown and will be ignored: [$id, examples]&#10;    level: &quot;warning&quot;&#10;    schema: {&quot;loadingURI&quot;:&quot;#&quot;,&quot;pointer&quot;:&quot;/items/properties/category/properties/name&quot;}&#10;    domain: &quot;syntax&quot;&#10;    ignored: [&quot;$id&quot;,&quot;examples&quot;]&#10;warning: the following keywords are unknown and will be ignored: [$id, examples]&#10;    level: &quot;warning&quot;&#10;    schema: {&quot;loadingURI&quot;:&quot;#&quot;,&quot;pointer&quot;:&quot;/items/properties/category/properties/id&quot;}&#10;    domain: &quot;syntax&quot;&#10;    ignored: [&quot;$id&quot;,&quot;examples&quot;]&#10;warning: the following keywords are unknown and will be ignored: [$id, examples]&#10;    level: &quot;warning&quot;&#10;    schema: {&quot;loadingURI&quot;:&quot;#&quot;,&quot;pointer&quot;:&quot;/items/properties/category/properties/name&quot;}&#10;    domain: &quot;syntax&quot;&#10;    ignored: [&quot;$id&quot;,&quot;examples&quot;]&#10;warning: the following keywords are unknown and will be ignored: [$id, examples]&#10;    level: &quot;warning&quot;&#10;    schema: {&quot;loadingURI&quot;:&quot;#&quot;,&quot;pointer&quot;:&quot;/items/properties/id&quot;}&#10;    domain: &quot;syntax&quot;&#10;    ignored: [&quot;$id&quot;,&quot;examples&quot;]&#10;warning: the following keywords are unknown and will be ignored: [$id, examples]&#10;    level: &quot;warning&quot;&#10;    schema: {&quot;loadingURI&quot;:&quot;#&quot;,&quot;pointer&quot;:&quot;/items/properties/name&quot;}&#10;    domain: &quot;syntax&quot;&#10;    ignored: [&quot;$id&quot;,&quot;examples&quot;]&#10;warning: the following keywords are unknown and will be ignored: [$id]&#10;    level: &quot;warning&quot;&#10;    schema: {&quot;loadingURI&quot;:&quot;#&quot;,&quot;pointer&quot;:&quot;/items/properties/photoUrls&quot;}&#10;    domain: &quot;syntax&quot;&#10;    ignored: [&quot;$id&quot;]&#10;warning: the following keywords are unknown and will be ignored: [$id, examples]&#10;    level: &quot;warning&quot;&#10;    schema: {&quot;loadingURI&quot;:&quot;#&quot;,&quot;pointer&quot;:&quot;/items/properties/photoUrls/items&quot;}&#10;    domain: &quot;syntax&quot;&#10;    ignored: [&quot;$id&quot;,&quot;examples&quot;]&#10;warning: the following keywords are unknown and will be ignored: [$id, examples]&#10;    level: &quot;warning&quot;&#10;    schema: {&quot;loadingURI&quot;:&quot;#&quot;,&quot;pointer&quot;:&quot;/items/properties/photoUrls/items&quot;}&#10;    domain: &quot;syntax&quot;&#10;    ignored: [&quot;$id&quot;,&quot;examples&quot;]&#10;warning: the following keywords are unknown and will be ignored: [$id, examples]&#10;    level: &quot;warning&quot;&#10;    schema: {&quot;loadingURI&quot;:&quot;#&quot;,&quot;pointer&quot;:&quot;/items/properties/status&quot;}&#10;    domain: &quot;syntax&quot;&#10;    ignored: [&quot;$id&quot;,&quot;examples&quot;]&#10;warning: the following keywords are unknown and will be ignored: [$id]&#10;    level: &quot;warning&quot;&#10;    schema: {&quot;loadingURI&quot;:&quot;#&quot;,&quot;pointer&quot;:&quot;/items/properties/tags&quot;}&#10;    domain: &quot;syntax&quot;&#10;    ignored: [&quot;$id&quot;]&#10;warning: the following keywords are unknown and will be ignored: [$id]&#10;    level: &quot;warning&quot;&#10;    schema: {&quot;loadingURI&quot;:&quot;#&quot;,&quot;pointer&quot;:&quot;/items/properties/tags/items&quot;}&#10;    domain: &quot;syntax&quot;&#10;    ignored: [&quot;$id&quot;]&#10;warning: the following keywords are unknown and will be ignored: [$id, examples]&#10;    level: &quot;warning&quot;&#10;    schema: {&quot;loadingURI&quot;:&quot;#&quot;,&quot;pointer&quot;:&quot;/items/properties/tags/items/properties/id&quot;}&#10;    domain: &quot;syntax&quot;&#10;    ignored: [&quot;$id&quot;,&quot;examples&quot;]&#10;warning: the following keywords are unknown and will be ignored: [$id, examples]&#10;    level: &quot;warning&quot;&#10;    schema: {&quot;loadingURI&quot;:&quot;#&quot;,&quot;pointer&quot;:&quot;/items/properties/tags/items/properties/name&quot;}&#10;    domain: &quot;syntax&quot;&#10;    ignored: [&quot;$id&quot;,&quot;examples&quot;]&#10;warning: the following keywords are unknown and will be ignored: [$id]&#10;    level: &quot;warning&quot;&#10;    schema: {&quot;loadingURI&quot;:&quot;#&quot;,&quot;pointer&quot;:&quot;/items/properties/tags/items&quot;}&#10;    domain: &quot;syntax&quot;&#10;    ignored: [&quot;$id&quot;]&#10;warning: the following keywords are unknown and will be ignored: [$id, examples]&#10;    level: &quot;warning&quot;&#10;    schema: {&quot;loadingURI&quot;:&quot;#&quot;,&quot;pointer&quot;:&quot;/items/properties/tags/items/properties/id&quot;}&#10;    domain: &quot;syntax&quot;&#10;    ignored: [&quot;$id&quot;,&quot;examples&quot;]&#10;warning: the following keywords are unknown and will be ignored: [$id, examples]&#10;    level: &quot;warning&quot;&#10;    schema: {&quot;loadingURI&quot;:&quot;#&quot;,&quot;pointer&quot;:&quot;/items/properties/tags/items/properties/name&quot;}&#10;    domain: &quot;syntax&quot;&#10;    ignored: [&quot;$id&quot;,&quot;examples&quot;]&#10;warning: the following keywords are unknown and will be ignored: [$id, examples]&#10;    level: &quot;warning&quot;&#10;    schema: {&quot;loadingURI&quot;:&quot;#&quot;,&quot;pointer&quot;:&quot;/items/properties/tags/items/properties/id&quot;}&#10;    domain: &quot;syntax&quot;&#10;    ignored: [&quot;$id&quot;,&quot;examples&quot;]&#10;warning: the following keywords are unknown and will be ignored: [$id, examples]&#10;    level: &quot;warning&quot;&#10;    schema: {&quot;loadingURI&quot;:&quot;#&quot;,&quot;pointer&quot;:&quot;/items/properties/tags/items/properties/name&quot;}&#10;    domain: &quot;syntax&quot;&#10;    ignored: [&quot;$id&quot;,&quot;examples&quot;]&#10;warning: the following keywords are unknown and will be ignored: [$id]&#10;    level: &quot;warning&quot;&#10;    schema: {&quot;loadingURI&quot;:&quot;#&quot;,&quot;pointer&quot;:&quot;/items&quot;}&#10;    domain: &quot;syntax&quot;&#10;    ignored: [&quot;$id&quot;]&#10;warning: the following keywords are unknown and will be ignored: [$id]&#10;    level: &quot;warning&quot;&#10;    schema: {&quot;loadingURI&quot;:&quot;#&quot;,&quot;pointer&quot;:&quot;/items/properties/category&quot;}&#10;    domain: &quot;syntax&quot;&#10;    ignored: [&quot;$id&quot;]&#10;warning: the following keywords are unknown and will be ignored: [$id, examples]&#10;    level: &quot;warning&quot;&#10;    schema: {&quot;loadingURI&quot;:&quot;#&quot;,&quot;pointer&quot;:&quot;/items/properties/category/properties/id&quot;}&#10;    domain: &quot;syntax&quot;&#10;    ignored: [&quot;$id&quot;,&quot;examples&quot;]&#10;warning: the following keywords are unknown and will be ignored: [$id, examples]&#10;    level: &quot;warning&quot;&#10;    schema: {&quot;loadingURI&quot;:&quot;#&quot;,&quot;pointer&quot;:&quot;/items/properties/category/properties/name&quot;}&#10;    domain: &quot;syntax&quot;&#10;    ignored: [&quot;$id&quot;,&quot;examples&quot;]&#10;warning: the following keywords are unknown and will be ignored: [$id, examples]&#10;    level: &quot;warning&quot;&#10;    schema: {&quot;loadingURI&quot;:&quot;#&quot;,&quot;pointer&quot;:&quot;/items/properties/id&quot;}&#10;    domain: &quot;syntax&quot;&#10;    ignored: [&quot;$id&quot;,&quot;examples&quot;]&#10;warning: the following keywords are unknown and will be ignored: [$id, examples]&#10;    level: &quot;warning&quot;&#10;    schema: {&quot;loadingURI&quot;:&quot;#&quot;,&quot;pointer&quot;:&quot;/items/properties/name&quot;}&#10;    domain: &quot;syntax&quot;&#10;    ignored: [&quot;$id&quot;,&quot;examples&quot;]&#10;warning: the following keywords are unknown and will be ignored: [$id]&#10;    level: &quot;warning&quot;&#10;    schema: {&quot;loadingURI&quot;:&quot;#&quot;,&quot;pointer&quot;:&quot;/items/properties/photoUrls&quot;}&#10;    domain: &quot;syntax&quot;&#10;    ignored: [&quot;$id&quot;]&#10;warning: the following keywords are unknown and will be ignored: [$id, examples]&#10;    level: &quot;warning&quot;&#10;    schema: {&quot;loadingURI&quot;:&quot;#&quot;,&quot;pointer&quot;:&quot;/items/properties/photoUrls/items&quot;}&#10;    domain: &quot;syntax&quot;&#10;    ignored: [&quot;$id&quot;,&quot;examples&quot;]&#10;warning: the following keywords are unknown and will be ignored: [$id, examples]&#10;    level: &quot;warning&quot;&#10;    schema: {&quot;loadingURI&quot;:&quot;#&quot;,&quot;pointer&quot;:&quot;/items/properties/status&quot;}&#10;    domain: &quot;syntax&quot;&#10;    ignored: [&quot;$id&quot;,&quot;examples&quot;]&#10;warning: the following keywords are unknown and will be ignored: [$id]&#10;    level: &quot;warning&quot;&#10;    schema: {&quot;loadingURI&quot;:&quot;#&quot;,&quot;pointer&quot;:&quot;/items/properties/tags&quot;}&#10;    domain: &quot;syntax&quot;&#10;    ignored: [&quot;$id&quot;]&#10;warning: the following keywords are unknown and will be ignored: [$id]&#10;    level: &quot;warning&quot;&#10;    schema: {&quot;loadingURI&quot;:&quot;#&quot;,&quot;pointer&quot;:&quot;/items/properties/tags/items&quot;}&#10;    domain: &quot;syntax&quot;&#10;    ignored: [&quot;$id&quot;]&#10;warning: the following keywords are unknown and will be ignored: [$id, examples]&#10;    level: &quot;warning&quot;&#10;    schema: {&quot;loadingURI&quot;:&quot;#&quot;,&quot;pointer&quot;:&quot;/items/properties/tags/items/properties/id&quot;}&#10;    domain: &quot;syntax&quot;&#10;    ignored: [&quot;$id&quot;,&quot;examples&quot;]&#10;warning: the following keywords are unknown and will be ignored: [$id, examples]&#10;    level: &quot;warning&quot;&#10;    schema: {&quot;loadingURI&quot;:&quot;#&quot;,&quot;pointer&quot;:&quot;/items/properties/tags/items/properties/name&quot;}&#10;    domain: &quot;syntax&quot;&#10;    ignored: [&quot;$id&quot;,&quot;examples&quot;]&#10;warning: the following keywords are unknown and will be ignored: [$id]&#10;    level: &quot;warning&quot;&#10;    schema: {&quot;loadingURI&quot;:&quot;#&quot;,&quot;pointer&quot;:&quot;/items/properties/category&quot;}&#10;    domain: &quot;syntax&quot;&#10;    ignored: [&quot;$id&quot;]&#10;warning: the following keywords are unknown and will be ignored: [$id, examples]&#10;    level: &quot;warning&quot;&#10;    schema: {&quot;loadingURI&quot;:&quot;#&quot;,&quot;pointer&quot;:&quot;/items/properties/category/properties/id&quot;}&#10;    domain: &quot;syntax&quot;&#10;    ignored: [&quot;$id&quot;,&quot;examples&quot;]&#10;warning: the following keywords are unknown and will be ignored: [$id, examples]&#10;    level: &quot;warning&quot;&#10;    schema: {&quot;loadingURI&quot;:&quot;#&quot;,&quot;pointer&quot;:&quot;/items/properties/category/properties/name&quot;}&#10;    domain: &quot;syntax&quot;&#10;    ignored: [&quot;$id&quot;,&quot;examples&quot;]&#10;warning: the following keywords are unknown and will be ignored: [$id, examples]&#10;    level: &quot;warning&quot;&#10;    schema: {&quot;loadingURI&quot;:&quot;#&quot;,&quot;pointer&quot;:&quot;/items/properties/category/properties/id&quot;}&#10;    domain: &quot;syntax&quot;&#10;    ignored: [&quot;$id&quot;,&quot;examples&quot;]&#10;warning: the following keywords are unknown and will be ignored: [$id, examples]&#10;    level: &quot;warning&quot;&#10;    schema: {&quot;loadingURI&quot;:&quot;#&quot;,&quot;pointer&quot;:&quot;/items/properties/category/properties/name&quot;}&#10;    domain: &quot;syntax&quot;&#10;    ignored: [&quot;$id&quot;,&quot;examples&quot;]&#10;warning: the following keywords are unknown and will be ignored: [$id, examples]&#10;    level: &quot;warning&quot;&#10;    schema: {&quot;loadingURI&quot;:&quot;#&quot;,&quot;pointer&quot;:&quot;/items/properties/id&quot;}&#10;    domain: &quot;syntax&quot;&#10;    ignored: [&quot;$id&quot;,&quot;examples&quot;]&#10;warning: the following keywords are unknown and will be ignored: [$id, examples]&#10;    level: &quot;warning&quot;&#10;    schema: {&quot;loadingURI&quot;:&quot;#&quot;,&quot;pointer&quot;:&quot;/items/properties/name&quot;}&#10;    domain: &quot;syntax&quot;&#10;    ignored: [&quot;$id&quot;,&quot;examples&quot;]&#10;warning: the following keywords are unknown and will be ignored: [$id]&#10;    level: &quot;warning&quot;&#10;    schema: {&quot;loadingURI&quot;:&quot;#&quot;,&quot;pointer&quot;:&quot;/items/properties/photoUrls&quot;}&#10;    domain: &quot;syntax&quot;&#10;    ignored: [&quot;$id&quot;]&#10;warning: the following keywords are unknown and will be ignored: [$id, examples]&#10;    level: &quot;warning&quot;&#10;    schema: {&quot;loadingURI&quot;:&quot;#&quot;,&quot;pointer&quot;:&quot;/items/properties/photoUrls/items&quot;}&#10;    domain: &quot;syntax&quot;&#10;    ignored: [&quot;$id&quot;,&quot;examples&quot;]&#10;warning: the following keywords are unknown and will be ignored: [$id, examples]&#10;    level: &quot;warning&quot;&#10;    schema: {&quot;loadingURI&quot;:&quot;#&quot;,&quot;pointer&quot;:&quot;/items/properties/photoUrls/items&quot;}&#10;    domain: &quot;syntax&quot;&#10;    ignored: [&quot;$id&quot;,&quot;examples&quot;]&#10;warning: the following keywords are unknown and will be ignored: [$id, examples]&#10;    level: &quot;warning&quot;&#10;    schema: {&quot;loadingURI&quot;:&quot;#&quot;,&quot;pointer&quot;:&quot;/items/properties/status&quot;}&#10;    domain: &quot;syntax&quot;&#10;    ignored: [&quot;$id&quot;,&quot;examples&quot;]&#10;warning: the following keywords are unknown and will be ignored: [$id]&#10;    level: &quot;warning&quot;&#10;    schema: {&quot;loadingURI&quot;:&quot;#&quot;,&quot;pointer&quot;:&quot;/items/properties/tags&quot;}&#10;    domain: &quot;syntax&quot;&#10;    ignored: [&quot;$id&quot;]&#10;warning: the following keywords are unknown and will be ignored: [$id]&#10;    level: &quot;warning&quot;&#10;    schema: {&quot;loadingURI&quot;:&quot;#&quot;,&quot;pointer&quot;:&quot;/items/properties/tags/items&quot;}&#10;    domain: &quot;syntax&quot;&#10;    ignored: [&quot;$id&quot;]&#10;warning: the following keywords are unknown and will be ignored: [$id, examples]&#10;    level: &quot;warning&quot;&#10;    schema: {&quot;loadingURI&quot;:&quot;#&quot;,&quot;pointer&quot;:&quot;/items/properties/tags/items/properties/id&quot;}&#10;    domain: &quot;syntax&quot;&#10;    ignored: [&quot;$id&quot;,&quot;examples&quot;]&#10;warning: the following keywords are unknown and will be ignored: [$id, examples]&#10;    level: &quot;warning&quot;&#10;    schema: {&quot;loadingURI&quot;:&quot;#&quot;,&quot;pointer&quot;:&quot;/items/properties/tags/items/properties/name&quot;}&#10;    domain: &quot;syntax&quot;&#10;    ignored: [&quot;$id&quot;,&quot;examples&quot;]&#10;warning: the following keywords are unknown and will be ignored: [$id]&#10;    level: &quot;warning&quot;&#10;    schema: {&quot;loadingURI&quot;:&quot;#&quot;,&quot;pointer&quot;:&quot;/items/properties/tags/items&quot;}&#10;    domain: &quot;syntax&quot;&#10;    ignored: [&quot;$id&quot;]&#10;warning: the following keywords are unknown and will be ignored: [$id, examples]&#10;    level: &quot;warning&quot;&#10;    schema: {&quot;loadingURI&quot;:&quot;#&quot;,&quot;pointer&quot;:&quot;/items/properties/tags/items/properties/id&quot;}&#10;    domain: &quot;syntax&quot;&#10;    ignored: [&quot;$id&quot;,&quot;examples&quot;]&#10;warning: the following keywords are unknown and will be ignored: [$id, examples]&#10;    level: &quot;warning&quot;&#10;    schema: {&quot;loadingURI&quot;:&quot;#&quot;,&quot;pointer&quot;:&quot;/items/properties/tags/items/properties/name&quot;}&#10;    domain: &quot;syntax&quot;&#10;    ignored: [&quot;$id&quot;,&quot;examples&quot;]&#10;warning: the following keywords are unknown and will be ignored: [$id, examples]&#10;    level: &quot;warning&quot;&#10;    schema: {&quot;loadingURI&quot;:&quot;#&quot;,&quot;pointer&quot;:&quot;/items/properties/tags/items/properties/id&quot;}&#10;    domain: &quot;syntax&quot;&#10;    ignored: [&quot;$id&quot;,&quot;examples&quot;]&#10;warning: the following keywords are unknown and will be ignored: [$id, examples]&#10;    level: &quot;warning&quot;&#10;    schema: {&quot;loadingURI&quot;:&quot;#&quot;,&quot;pointer&quot;:&quot;/items/properties/tags/items/properties/name&quot;}&#10;    domain: &quot;syntax&quot;&#10;    ignored: [&quot;$id&quot;,&quot;examples&quot;]&#10;warning: the following keywords are unknown and will be ignored: [$id]&#10;    level: &quot;warning&quot;&#10;    schema: {&quot;loadingURI&quot;:&quot;#&quot;,&quot;pointer&quot;:&quot;/items&quot;}&#10;    domain: &quot;syntax&quot;&#10;    ignored: [&quot;$id&quot;]&#10;warning: the following keywords are unknown and will be ignored: [$id]&#10;    level: &quot;warning&quot;&#10;    schema: {&quot;loadingURI&quot;:&quot;#&quot;,&quot;pointer&quot;:&quot;/items/properties/category&quot;}&#10;    domain: &quot;syntax&quot;&#10;    ignored: [&quot;$id&quot;]&#10;warning: the following keywords are unknown and will be ignored: [$id, examples]&#10;    level: &quot;warning&quot;&#10;    schema: {&quot;loadingURI&quot;:&quot;#&quot;,&quot;pointer&quot;:&quot;/items/properties/category/properties/id&quot;}&#10;    domain: &quot;syntax&quot;&#10;    ignored: [&quot;$id&quot;,&quot;examples&quot;]&#10;warning: the following keywords are unknown and will be ignored: [$id, examples]&#10;    level: &quot;warning&quot;&#10;    schema: {&quot;loadingURI&quot;:&quot;#&quot;,&quot;pointer&quot;:&quot;/items/properties/category/properties/name&quot;}&#10;    domain: &quot;syntax&quot;&#10;    ignored: [&quot;$id&quot;,&quot;examples&quot;]&#10;warning: the following keywords are unknown and will be ignored: [$id, examples]&#10;    level: &quot;warning&quot;&#10;    schema: {&quot;loadingURI&quot;:&quot;#&quot;,&quot;pointer&quot;:&quot;/items/properties/id&quot;}&#10;    domain: &quot;syntax&quot;&#10;    ignored: [&quot;$id&quot;,&quot;examples&quot;]&#10;warning: the following keywords are unknown and will be ignored: [$id, examples]&#10;    level: &quot;warning&quot;&#10;    schema: {&quot;loadingURI&quot;:&quot;#&quot;,&quot;pointer&quot;:&quot;/items/properties/name&quot;}&#10;    domain: &quot;syntax&quot;&#10;    ignored: [&quot;$id&quot;,&quot;examples&quot;]&#10;warning: the following keywords are unknown and will be ignored: [$id]&#10;    level: &quot;warning&quot;&#10;    schema: {&quot;loadingURI&quot;:&quot;#&quot;,&quot;pointer&quot;:&quot;/items/properties/photoUrls&quot;}&#10;    domain: &quot;syntax&quot;&#10;    ignored: [&quot;$id&quot;]&#10;warning: the following keywords are unknown and will be ignored: [$id, examples]&#10;    level: &quot;warning&quot;&#10;    schema: {&quot;loadingURI&quot;:&quot;#&quot;,&quot;pointer&quot;:&quot;/items/properties/photoUrls/items&quot;}&#10;    domain: &quot;syntax&quot;&#10;    ignored: [&quot;$id&quot;,&quot;examples&quot;]&#10;warning: the following keywords are unknown and will be ignored: [$id, examples]&#10;    level: &quot;warning&quot;&#10;    schema: {&quot;loadingURI&quot;:&quot;#&quot;,&quot;pointer&quot;:&quot;/items/properties/status&quot;}&#10;    domain: &quot;syntax&quot;&#10;    ignored: [&quot;$id&quot;,&quot;examples&quot;]&#10;warning: the following keywords are unknown and will be ignored: [$id]&#10;    level: &quot;warning&quot;&#10;    schema: {&quot;loadingURI&quot;:&quot;#&quot;,&quot;pointer&quot;:&quot;/items/properties/tags&quot;}&#10;    domain: &quot;syntax&quot;&#10;    ignored: [&quot;$id&quot;]&#10;warning: the following keywords are unknown and will be ignored: [$id]&#10;    level: &quot;warning&quot;&#10;    schema: {&quot;loadingURI&quot;:&quot;#&quot;,&quot;pointer&quot;:&quot;/items/properties/tags/items&quot;}&#10;    domain: &quot;syntax&quot;&#10;    ignored: [&quot;$id&quot;]&#10;warning: the following keywords are unknown and will be ignored: [$id, examples]&#10;    level: &quot;warning&quot;&#10;    schema: {&quot;loadingURI&quot;:&quot;#&quot;,&quot;pointer&quot;:&quot;/items/properties/tags/items/properties/id&quot;}&#10;    domain: &quot;syntax&quot;&#10;    ignored: [&quot;$id&quot;,&quot;examples&quot;]&#10;warning: the following keywords are unknown and will be ignored: [$id, examples]&#10;    level: &quot;warning&quot;&#10;    schema: {&quot;loadingURI&quot;:&quot;#&quot;,&quot;pointer&quot;:&quot;/items/properties/tags/items/properties/name&quot;}&#10;    domain: &quot;syntax&quot;&#10;    ignored: [&quot;$id&quot;,&quot;examples&quot;]&#10;warning: the following keywords are unknown and will be ignored: [$id]&#10;    level: &quot;warning&quot;&#10;    schema: {&quot;loadingURI&quot;:&quot;#&quot;,&quot;pointer&quot;:&quot;/items/properties/category&quot;}&#10;    domain: &quot;syntax&quot;&#10;    ignored: [&quot;$id&quot;]&#10;warning: the following keywords are unknown and will be ignored: [$id, examples]&#10;    level: &quot;warning&quot;&#10;    schema: {&quot;loadingURI&quot;:&quot;#&quot;,&quot;pointer&quot;:&quot;/items/properties/category/properties/id&quot;}&#10;    domain: &quot;syntax&quot;&#10;    ignored: [&quot;$id&quot;,&quot;examples&quot;]&#10;warning: the following keywords are unknown and will be ignored: [$id, examples]&#10;    level: &quot;warning&quot;&#10;    schema: {&quot;loadingURI&quot;:&quot;#&quot;,&quot;pointer&quot;:&quot;/items/properties/category/properties/name&quot;}&#10;    domain: &quot;syntax&quot;&#10;    ignored: [&quot;$id&quot;,&quot;examples&quot;]&#10;warning: the following keywords are unknown and will be ignored: [$id, examples]&#10;    level: &quot;warning&quot;&#10;    schema: {&quot;loadingURI&quot;:&quot;#&quot;,&quot;pointer&quot;:&quot;/items/properties/category/properties/id&quot;}&#10;    domain: &quot;syntax&quot;&#10;    ignored: [&quot;$id&quot;,&quot;examples&quot;]&#10;warning: the following keywords are unknown and will be ignored: [$id, examples]&#10;    level: &quot;warning&quot;&#10;    schema: {&quot;loadingURI&quot;:&quot;#&quot;,&quot;pointer&quot;:&quot;/items/properties/category/properties/name&quot;}&#10;    domain: &quot;syntax&quot;&#10;    ignored: [&quot;$id&quot;,&quot;examples&quot;]&#10;warning: the following keywords are unknown and will be ignored: [$id, examples]&#10;    level: &quot;warning&quot;&#10;    schema: {&quot;loadingURI&quot;:&quot;#&quot;,&quot;pointer&quot;:&quot;/items/properties/id&quot;}&#10;    domain: &quot;syntax&quot;&#10;    ignored: [&quot;$id&quot;,&quot;examples&quot;]&#10;warning: the following keywords are unknown and will be ignored: [$id, examples]&#10;    level: &quot;warning&quot;&#10;    schema: {&quot;loadingURI&quot;:&quot;#&quot;,&quot;pointer&quot;:&quot;/items/properties/name&quot;}&#10;    domain: &quot;syntax&quot;&#10;    ignored: [&quot;$id&quot;,&quot;examples&quot;]&#10;warning: the following keywords are unknown and will be ignored: [$id]&#10;    level: &quot;warning&quot;&#10;    schema: {&quot;loadingURI&quot;:&quot;#&quot;,&quot;pointer&quot;:&quot;/items/properties/photoUrls&quot;}&#10;    domain: &quot;syntax&quot;&#10;    ignored: [&quot;$id&quot;]&#10;warning: the following keywords are unknown and will be ignored: [$id, examples]&#10;    level: &quot;warning&quot;&#10;    schema: {&quot;loadingURI&quot;:&quot;#&quot;,&quot;pointer&quot;:&quot;/items/properties/photoUrls/items&quot;}&#10;    domain: &quot;syntax&quot;&#10;    ignored: [&quot;$id&quot;,&quot;examples&quot;]&#10;warning: the following keywords are unknown and will be ignored: [$id, examples]&#10;    level: &quot;warning&quot;&#10;    schema: {&quot;loadingURI&quot;:&quot;#&quot;,&quot;pointer&quot;:&quot;/items/properties/photoUrls/items&quot;}&#10;    domain: &quot;syntax&quot;&#10;    ignored: [&quot;$id&quot;,&quot;examples&quot;]&#10;warning: the following keywords are unknown and will be ignored: [$id, examples]&#10;    level: &quot;warning&quot;&#10;    schema: {&quot;loadingURI&quot;:&quot;#&quot;,&quot;pointer&quot;:&quot;/items/properties/status&quot;}&#10;    domain: &quot;syntax&quot;&#10;    ignored: [&quot;$id&quot;,&quot;examples&quot;]&#10;warning: the following keywords are unknown and will be ignored: [$id]&#10;    level: &quot;warning&quot;&#10;    schema: {&quot;loadingURI&quot;:&quot;#&quot;,&quot;pointer&quot;:&quot;/items/properties/tags&quot;}&#10;    domain: &quot;syntax&quot;&#10;    ignored: [&quot;$id&quot;]&#10;warning: the following keywords are unknown and will be ignored: [$id]&#10;    level: &quot;warning&quot;&#10;    schema: {&quot;loadingURI&quot;:&quot;#&quot;,&quot;pointer&quot;:&quot;/items/properties/tags/items&quot;}&#10;    domain: &quot;syntax&quot;&#10;    ignored: [&quot;$id&quot;]&#10;warning: the following keywords are unknown and will be ignored: [$id, examples]&#10;    level: &quot;warning&quot;&#10;    schema: {&quot;loadingURI&quot;:&quot;#&quot;,&quot;pointer&quot;:&quot;/items/properties/tags/items/properties/id&quot;}&#10;    domain: &quot;syntax&quot;&#10;    ignored: [&quot;$id&quot;,&quot;examples&quot;]&#10;warning: the following keywords are unknown and will be ignored: [$id, examples]&#10;    level: &quot;warning&quot;&#10;    schema: {&quot;loadingURI&quot;:&quot;#&quot;,&quot;pointer&quot;:&quot;/items/properties/tags/items/properties/name&quot;}&#10;    domain: &quot;syntax&quot;&#10;    ignored: [&quot;$id&quot;,&quot;examples&quot;]&#10;warning: the following keywords are unknown and will be ignored: [$id]&#10;    level: &quot;warning&quot;&#10;    schema: {&quot;loadingURI&quot;:&quot;#&quot;,&quot;pointer&quot;:&quot;/items/properties/tags/items&quot;}&#10;    domain: &quot;syntax&quot;&#10;    ignored: [&quot;$id&quot;]&#10;warning: the following keywords are unknown and will be ignored: [$id, examples]&#10;    level: &quot;warning&quot;&#10;    schema: {&quot;loadingURI&quot;:&quot;#&quot;,&quot;pointer&quot;:&quot;/items/properties/tags/items/properties/id&quot;}&#10;    domain: &quot;syntax&quot;&#10;    ignored: [&quot;$id&quot;,&quot;examples&quot;]&#10;warning: the following keywords are unknown and will be ignored: [$id, examples]&#10;    level: &quot;warning&quot;&#10;    schema: {&quot;loadingURI&quot;:&quot;#&quot;,&quot;pointer&quot;:&quot;/items/properties/tags/items/properties/name&quot;}&#10;    domain: &quot;syntax&quot;&#10;    ignored: [&quot;$id&quot;,&quot;examples&quot;]&#10;warning: the following keywords are unknown and will be ignored: [$id, examples]&#10;    level: &quot;warning&quot;&#10;    schema: {&quot;loadingURI&quot;:&quot;#&quot;,&quot;pointer&quot;:&quot;/items/properties/tags/items/properties/id&quot;}&#10;    domain: &quot;syntax&quot;&#10;    ignored: [&quot;$id&quot;,&quot;examples&quot;]&#10;warning: the following keywords are unknown and will be ignored: [$id, examples]&#10;    level: &quot;warning&quot;&#10;    schema: {&quot;loadingURI&quot;:&quot;#&quot;,&quot;pointer&quot;:&quot;/items/properties/tags/items/properties/name&quot;}&#10;    domain: &quot;syntax&quot;&#10;    ignored: [&quot;$id&quot;,&quot;examples&quot;]&#10;warning: the following keywords are unknown and will be ignored: [$id]&#10;    level: &quot;warning&quot;&#10;    schema: {&quot;loadingURI&quot;:&quot;#&quot;,&quot;pointer&quot;:&quot;/items&quot;}&#10;    domain: &quot;syntax&quot;&#10;    ignored: [&quot;$id&quot;]&#10;warning: the following keywords are unknown and will be ignored: [$id]&#10;    level: &quot;warning&quot;&#10;    schema: {&quot;loadingURI&quot;:&quot;#&quot;,&quot;pointer&quot;:&quot;/items/properties/category&quot;}&#10;    domain: &quot;syntax&quot;&#10;    ignored: [&quot;$id&quot;]&#10;warning: the following keywords are unknown and will be ignored: [$id, examples]&#10;    level: &quot;warning&quot;&#10;    schema: {&quot;loadingURI&quot;:&quot;#&quot;,&quot;pointer&quot;:&quot;/items/properties/category/properties/id&quot;}&#10;    domain: &quot;syntax&quot;&#10;    ignored: [&quot;$id&quot;,&quot;examples&quot;]&#10;warning: the following keywords are unknown and will be ignored: [$id, examples]&#10;    level: &quot;warning&quot;&#10;    schema: {&quot;loadingURI&quot;:&quot;#&quot;,&quot;pointer&quot;:&quot;/items/properties/category/properties/name&quot;}&#10;    domain: &quot;syntax&quot;&#10;    ignored: [&quot;$id&quot;,&quot;examples&quot;]&#10;warning: the following keywords are unknown and will be ignored: [$id, examples]&#10;    level: &quot;warning&quot;&#10;    schema: {&quot;loadingURI&quot;:&quot;#&quot;,&quot;pointer&quot;:&quot;/items/properties/id&quot;}&#10;    domain: &quot;syntax&quot;&#10;    ignored: [&quot;$id&quot;,&quot;examples&quot;]&#10;warning: the following keywords are unknown and will be ignored: [$id, examples]&#10;    level: &quot;warning&quot;&#10;    schema: {&quot;loadingURI&quot;:&quot;#&quot;,&quot;pointer&quot;:&quot;/items/properties/name&quot;}&#10;    domain: &quot;syntax&quot;&#10;    ignored: [&quot;$id&quot;,&quot;examples&quot;]&#10;warning: the following keywords are unknown and will be ignored: [$id]&#10;    level: &quot;warning&quot;&#10;    schema: {&quot;loadingURI&quot;:&quot;#&quot;,&quot;pointer&quot;:&quot;/items/properties/photoUrls&quot;}&#10;    domain: &quot;syntax&quot;&#10;    ignored: [&quot;$id&quot;]&#10;warning: the following keywords are unknown and will be ignored: [$id, examples]&#10;    level: &quot;warning&quot;&#10;    schema: {&quot;loadingURI&quot;:&quot;#&quot;,&quot;pointer&quot;:&quot;/items/properties/photoUrls/items&quot;}&#10;    domain: &quot;syntax&quot;&#10;    ignored: [&quot;$id&quot;,&quot;examples&quot;]&#10;warning: the following keywords are unknown and will be ignored: [$id, examples]&#10;    level: &quot;warning&quot;&#10;    schema: {&quot;loadingURI&quot;:&quot;#&quot;,&quot;pointer&quot;:&quot;/items/properties/status&quot;}&#10;    domain: &quot;syntax&quot;&#10;    ignored: [&quot;$id&quot;,&quot;examples&quot;]&#10;warning: the following keywords are unknown and will be ignored: [$id]&#10;    level: &quot;warning&quot;&#10;    schema: {&quot;loadingURI&quot;:&quot;#&quot;,&quot;pointer&quot;:&quot;/items/properties/tags&quot;}&#10;    domain: &quot;syntax&quot;&#10;    ignored: [&quot;$id&quot;]&#10;warning: the following keywords are unknown and will be ignored: [$id]&#10;    level: &quot;warning&quot;&#10;    schema: {&quot;loadingURI&quot;:&quot;#&quot;,&quot;pointer&quot;:&quot;/items/properties/tags/items&quot;}&#10;    domain: &quot;syntax&quot;&#10;    ignored: [&quot;$id&quot;]&#10;warning: the following keywords are unknown and will be ignored: [$id, examples]&#10;    level: &quot;warning&quot;&#10;    schema: {&quot;loadingURI&quot;:&quot;#&quot;,&quot;pointer&quot;:&quot;/items/properties/tags/items/properties/id&quot;}&#10;    domain: &quot;syntax&quot;&#10;    ignored: [&quot;$id&quot;,&quot;examples&quot;]&#10;warning: the following keywords are unknown and will be ignored: [$id, examples]&#10;    level: &quot;warning&quot;&#10;    schema: {&quot;loadingURI&quot;:&quot;#&quot;,&quot;pointer&quot;:&quot;/items/properties/tags/items/properties/name&quot;}&#10;    domain: &quot;syntax&quot;&#10;    ignored: [&quot;$id&quot;,&quot;examples&quot;]&#10;error: object has missing required properties ([&quot;category&quot;])&#10;    level: &quot;error&quot;&#10;    schema: {&quot;loadingURI&quot;:&quot;#&quot;,&quot;pointer&quot;:&quot;/items&quot;}&#10;    instance: {&quot;pointer&quot;:&quot;/73&quot;}&#10;    domain: &quot;validation&quot;&#10;    keyword: &quot;required&quot;&#10;    required: [&quot;category&quot;,&quot;id&quot;,&quot;name&quot;,&quot;photoUrls&quot;,&quot;status&quot;,&quot;tags&quot;]&#10;    missing: [&quot;category&quot;]&#10;warning: the following keywords are unknown and will be ignored: [$id]&#10;    level: &quot;warning&quot;&#10;    schema: {&quot;loadingURI&quot;:&quot;#&quot;,&quot;pointer&quot;:&quot;/items&quot;}&#10;    domain: &quot;syntax&quot;&#10;    ignored: [&quot;$id&quot;]&#10;warning: the following keywords are unknown and will be ignored: [$id]&#10;    level: &quot;warning&quot;&#10;    schema: {&quot;loadingURI&quot;:&quot;#&quot;,&quot;pointer&quot;:&quot;/items/properties/category&quot;}&#10;    domain: &quot;syntax&quot;&#10;    ignored: [&quot;$id&quot;]&#10;warning: the following keywords are unknown and will be ignored: [$id, examples]&#10;    level: &quot;warning&quot;&#10;    schema: {&quot;loadingURI&quot;:&quot;#&quot;,&quot;pointer&quot;:&quot;/items/properties/category/properties/id&quot;}&#10;    domain: &quot;syntax&quot;&#10;    ignored: [&quot;$id&quot;,&quot;examples&quot;]&#10;warning: the following keywords are unknown and will be ignored: [$id, examples]&#10;    level: &quot;warning&quot;&#10;    schema: {&quot;loadingURI&quot;:&quot;#&quot;,&quot;pointer&quot;:&quot;/items/properties/category/properties/name&quot;}&#10;    domain: &quot;syntax&quot;&#10;    ignored: [&quot;$id&quot;,&quot;examples&quot;]&#10;warning: the following keywords are unknown and will be ignored: [$id, examples]&#10;    level: &quot;warning&quot;&#10;    schema: {&quot;loadingURI&quot;:&quot;#&quot;,&quot;pointer&quot;:&quot;/items/properties/id&quot;}&#10;    domain: &quot;syntax&quot;&#10;    ignored: [&quot;$id&quot;,&quot;examples&quot;]&#10;warning: the following keywords are unknown and will be ignored: [$id, examples]&#10;    level: &quot;warning&quot;&#10;    schema: {&quot;loadingURI&quot;:&quot;#&quot;,&quot;pointer&quot;:&quot;/items/properties/name&quot;}&#10;    domain: &quot;syntax&quot;&#10;    ignored: [&quot;$id&quot;,&quot;examples&quot;]&#10;warning: the following keywords are unknown and will be ignored: [$id]&#10;    level: &quot;warning&quot;&#10;    schema: {&quot;loadingURI&quot;:&quot;#&quot;,&quot;pointer&quot;:&quot;/items/properties/photoUrls&quot;}&#10;    domain: &quot;syntax&quot;&#10;    ignored: [&quot;$id&quot;]&#10;warning: the following keywords are unknown and will be ignored: [$id, examples]&#10;    level: &quot;warning&quot;&#10;    schema: {&quot;loadingURI&quot;:&quot;#&quot;,&quot;pointer&quot;:&quot;/items/properties/photoUrls/items&quot;}&#10;    domain: &quot;syntax&quot;&#10;    ignored: [&quot;$id&quot;,&quot;examples&quot;]&#10;warning: the following keywords are unknown and will be ignored: [$id, examples]&#10;    level: &quot;warning&quot;&#10;    schema: {&quot;loadingURI&quot;:&quot;#&quot;,&quot;pointer&quot;:&quot;/items/properties/status&quot;}&#10;    domain: &quot;syntax&quot;&#10;    ignored: [&quot;$id&quot;,&quot;examples&quot;]&#10;warning: the following keywords are unknown and will be ignored: [$id]&#10;    level: &quot;warning&quot;&#10;    schema: {&quot;loadingURI&quot;:&quot;#&quot;,&quot;pointer&quot;:&quot;/items/properties/tags&quot;}&#10;    domain: &quot;syntax&quot;&#10;    ignored: [&quot;$id&quot;]&#10;warning: the following keywords are unknown and will be ignored: [$id]&#10;    level: &quot;warning&quot;&#10;    schema: {&quot;loadingURI&quot;:&quot;#&quot;,&quot;pointer&quot;:&quot;/items/properties/tags/items&quot;}&#10;    domain: &quot;syntax&quot;&#10;    ignored: [&quot;$id&quot;]&#10;warning: the following keywords are unknown and will be ignored: [$id, examples]&#10;    level: &quot;warning&quot;&#10;    schema: {&quot;loadingURI&quot;:&quot;#&quot;,&quot;pointer&quot;:&quot;/items/properties/tags/items/properties/id&quot;}&#10;    domain: &quot;syntax&quot;&#10;    ignored: [&quot;$id&quot;,&quot;examples&quot;]&#10;warning: the following keywords are unknown and will be ignored: [$id, examples]&#10;    level: &quot;warning&quot;&#10;    schema: {&quot;loadingURI&quot;:&quot;#&quot;,&quot;pointer&quot;:&quot;/items/properties/tags/items/properties/name&quot;}&#10;    domain: &quot;syntax&quot;&#10;    ignored: [&quot;$id&quot;,&quot;examples&quot;]&#10;warning: the following keywords are unknown and will be ignored: [$id]&#10;    level: &quot;warning&quot;&#10;    schema: {&quot;loadingURI&quot;:&quot;#&quot;,&quot;pointer&quot;:&quot;/items&quot;}&#10;    domain: &quot;syntax&quot;&#10;    ignored: [&quot;$id&quot;]&#10;warning: the following keywords are unknown and will be ignored: [$id]&#10;    level: &quot;warning&quot;&#10;    schema: {&quot;loadingURI&quot;:&quot;#&quot;,&quot;pointer&quot;:&quot;/items/properties/category&quot;}&#10;    domain: &quot;syntax&quot;&#10;    ignored: [&quot;$id&quot;]&#10;warning: the following keywords are unknown and will be ignored: [$id, examples]&#10;    level: &quot;warning&quot;&#10;    schema: {&quot;loadingURI&quot;:&quot;#&quot;,&quot;pointer&quot;:&quot;/items/properties/category/properties/id&quot;}&#10;    domain: &quot;syntax&quot;&#10;    ignored: [&quot;$id&quot;,&quot;examples&quot;]&#10;warning: the following keywords are unknown and will be ignored: [$id, examples]&#10;    level: &quot;warning&quot;&#10;    schema: {&quot;loadingURI&quot;:&quot;#&quot;,&quot;pointer&quot;:&quot;/items/properties/category/properties/name&quot;}&#10;    domain: &quot;syntax&quot;&#10;    ignored: [&quot;$id&quot;,&quot;examples&quot;]&#10;warning: the following keywords are unknown and will be ignored: [$id, examples]&#10;    level: &quot;warning&quot;&#10;    schema: {&quot;loadingURI&quot;:&quot;#&quot;,&quot;pointer&quot;:&quot;/items/properties/id&quot;}&#10;    domain: &quot;syntax&quot;&#10;    ignored: [&quot;$id&quot;,&quot;examples&quot;]&#10;warning: the following keywords are unknown and will be ignored: [$id, examples]&#10;    level: &quot;warning&quot;&#10;    schema: {&quot;loadingURI&quot;:&quot;#&quot;,&quot;pointer&quot;:&quot;/items/properties/name&quot;}&#10;    domain: &quot;syntax&quot;&#10;    ignored: [&quot;$id&quot;,&quot;examples&quot;]&#10;warning: the following keywords are unknown and will be ignored: [$id]&#10;    level: &quot;warning&quot;&#10;    schema: {&quot;loadingURI&quot;:&quot;#&quot;,&quot;pointer&quot;:&quot;/items/properties/photoUrls&quot;}&#10;    domain: &quot;syntax&quot;&#10;    ignored: [&quot;$id&quot;]&#10;warning: the following keywords are unknown and will be ignored: [$id, examples]&#10;    level: &quot;warning&quot;&#10;    schema: {&quot;loadingURI&quot;:&quot;#&quot;,&quot;pointer&quot;:&quot;/items/properties/photoUrls/items&quot;}&#10;    domain: &quot;syntax&quot;&#10;    ignored: [&quot;$id&quot;,&quot;examples&quot;]&#10;warning: the following keywords are unknown and will be ignored: [$id, examples]&#10;    level: &quot;warning&quot;&#10;    schema: {&quot;loadingURI&quot;:&quot;#&quot;,&quot;pointer&quot;:&quot;/items/properties/status&quot;}&#10;    domain: &quot;syntax&quot;&#10;    ignored: [&quot;$id&quot;,&quot;examples&quot;]&#10;warning: the following keywords are unknown and will be ignored: [$id]&#10;    level: &quot;warning&quot;&#10;    schema: {&quot;loadingURI&quot;:&quot;#&quot;,&quot;pointer&quot;:&quot;/items/properties/tags&quot;}&#10;    domain: &quot;syntax&quot;&#10;    ignored: [&quot;$id&quot;]&#10;warning: the following keywords are unknown and will be ignored: [$id]&#10;    level: &quot;warning&quot;&#10;    schema: {&quot;loadingURI&quot;:&quot;#&quot;,&quot;pointer&quot;:&quot;/items/properties/tags/items&quot;}&#10;    domain: &quot;syntax&quot;&#10;    ignored: [&quot;$id&quot;]&#10;warning: the following keywords are unknown and will be ignored: [$id, examples]&#10;    level: &quot;warning&quot;&#10;    schema: {&quot;loadingURI&quot;:&quot;#&quot;,&quot;pointer&quot;:&quot;/items/properties/tags/items/properties/id&quot;}&#10;    domain: &quot;syntax&quot;&#10;    ignored: [&quot;$id&quot;,&quot;examples&quot;]&#10;warning: the following keywords are unknown and will be ignored: [$id, examples]&#10;    level: &quot;warning&quot;&#10;    schema: {&quot;loadingURI&quot;:&quot;#&quot;,&quot;pointer&quot;:&quot;/items/properties/tags/items/properties/name&quot;}&#10;    domain: &quot;syntax&quot;&#10;    ignored: [&quot;$id&quot;,&quot;examples&quot;]&#10;warning: the following keywords are unknown and will be ignored: [$id]&#10;    level: &quot;warning&quot;&#10;    schema: {&quot;loadingURI&quot;:&quot;#&quot;,&quot;pointer&quot;:&quot;/items&quot;}&#10;    domain: &quot;syntax&quot;&#10;    ignored: [&quot;$id&quot;]&#10;warning: the following keywords are unknown and will be ignored: [$id]&#10;    level: &quot;warning&quot;&#10;    schema: {&quot;loadingURI&quot;:&quot;#&quot;,&quot;pointer&quot;:&quot;/items/properties/category&quot;}&#10;    domain: &quot;syntax&quot;&#10;    ignored: [&quot;$id&quot;]&#10;warning: the following keywords are unknown and will be ignored: [$id, examples]&#10;    level: &quot;warning&quot;&#10;    schema: {&quot;loadingURI&quot;:&quot;#&quot;,&quot;pointer&quot;:&quot;/items/properties/category/properties/id&quot;}&#10;    domain: &quot;syntax&quot;&#10;    ignored: [&quot;$id&quot;,&quot;examples&quot;]&#10;warning: the following keywords are unknown and will be ignored: [$id, examples]&#10;    level: &quot;warning&quot;&#10;    schema: {&quot;loadingURI&quot;:&quot;#&quot;,&quot;pointer&quot;:&quot;/items/properties/category/properties/name&quot;}&#10;    domain: &quot;syntax&quot;&#10;    ignored: [&quot;$id&quot;,&quot;examples&quot;]&#10;warning: the following keywords are unknown and will be ignored: [$id, examples]&#10;    level: &quot;warning&quot;&#10;    schema: {&quot;loadingURI&quot;:&quot;#&quot;,&quot;pointer&quot;:&quot;/items/properties/id&quot;}&#10;    domain: &quot;syntax&quot;&#10;    ignored: [&quot;$id&quot;,&quot;examples&quot;]&#10;warning: the following keywords are unknown and will be ignored: [$id, examples]&#10;    level: &quot;warning&quot;&#10;    schema: {&quot;loadingURI&quot;:&quot;#&quot;,&quot;pointer&quot;:&quot;/items/properties/name&quot;}&#10;    domain: &quot;syntax&quot;&#10;    ignored: [&quot;$id&quot;,&quot;examples&quot;]&#10;warning: the following keywords are unknown and will be ignored: [$id]&#10;    level: &quot;warning&quot;&#10;    schema: {&quot;loadingURI&quot;:&quot;#&quot;,&quot;pointer&quot;:&quot;/items/properties/photoUrls&quot;}&#10;    domain: &quot;syntax&quot;&#10;    ignored: [&quot;$id&quot;]&#10;warning: the following keywords are unknown and will be ignored: [$id, examples]&#10;    level: &quot;warning&quot;&#10;    schema: {&quot;loadingURI&quot;:&quot;#&quot;,&quot;pointer&quot;:&quot;/items/properties/photoUrls/items&quot;}&#10;    domain: &quot;syntax&quot;&#10;    ignored: [&quot;$id&quot;,&quot;examples&quot;]&#10;warning: the following keywords are unknown and will be ignored: [$id, examples]&#10;    level: &quot;warning&quot;&#10;    schema: {&quot;loadingURI&quot;:&quot;#&quot;,&quot;pointer&quot;:&quot;/items/properties/status&quot;}&#10;    domain: &quot;syntax&quot;&#10;    ignored: [&quot;$id&quot;,&quot;examples&quot;]&#10;warning: the following keywords are unknown and will be ignored: [$id]&#10;    level: &quot;warning&quot;&#10;    schema: {&quot;loadingURI&quot;:&quot;#&quot;,&quot;pointer&quot;:&quot;/items/properties/tags&quot;}&#10;    domain: &quot;syntax&quot;&#10;    ignored: [&quot;$id&quot;]&#10;warning: the following keywords are unknown and will be ignored: [$id]&#10;    level: &quot;warning&quot;&#10;    schema: {&quot;loadingURI&quot;:&quot;#&quot;,&quot;pointer&quot;:&quot;/items/properties/tags/items&quot;}&#10;    domain: &quot;syntax&quot;&#10;    ignored: [&quot;$id&quot;]&#10;warning: the following keywords are unknown and will be ignored: [$id, examples]&#10;    level: &quot;warning&quot;&#10;    schema: {&quot;loadingURI&quot;:&quot;#&quot;,&quot;pointer&quot;:&quot;/items/properties/tags/items/properties/id&quot;}&#10;    domain: &quot;syntax&quot;&#10;    ignored: [&quot;$id&quot;,&quot;examples&quot;]&#10;warning: the following keywords are unknown and will be ignored: [$id, examples]&#10;    level: &quot;warning&quot;&#10;    schema: {&quot;loadingURI&quot;:&quot;#&quot;,&quot;pointer&quot;:&quot;/items/properties/tags/items/properties/name&quot;}&#10;    domain: &quot;syntax&quot;&#10;    ignored: [&quot;$id&quot;,&quot;examples&quot;]&#10;warning: the following keywords are unknown and will be ignored: [$id]&#10;    level: &quot;warning&quot;&#10;    schema: {&quot;loadingURI&quot;:&quot;#&quot;,&quot;pointer&quot;:&quot;/items&quot;}&#10;    domain: &quot;syntax&quot;&#10;    ignored: [&quot;$id&quot;]&#10;warning: the following keywords are unknown and will be ignored: [$id]&#10;    level: &quot;warning&quot;&#10;    schema: {&quot;loadingURI&quot;:&quot;#&quot;,&quot;pointer&quot;:&quot;/items/properties/category&quot;}&#10;    domain: &quot;syntax&quot;&#10;    ignored: [&quot;$id&quot;]&#10;warning: the following keywords are unknown and will be ignored: [$id, examples]&#10;    level: &quot;warning&quot;&#10;    schema: {&quot;loadingURI&quot;:&quot;#&quot;,&quot;pointer&quot;:&quot;/items/properties/category/properties/id&quot;}&#10;    domain: &quot;syntax&quot;&#10;    ignored: [&quot;$id&quot;,&quot;examples&quot;]&#10;warning: the following keywords are unknown and will be ignored: [$id, examples]&#10;    level: &quot;warning&quot;&#10;    schema: {&quot;loadingURI&quot;:&quot;#&quot;,&quot;pointer&quot;:&quot;/items/properties/category/properties/name&quot;}&#10;    domain: &quot;syntax&quot;&#10;    ignored: [&quot;$id&quot;,&quot;examples&quot;]&#10;warning: the following keywords are unknown and will be ignored: [$id, examples]&#10;    level: &quot;warning&quot;&#10;    schema: {&quot;loadingURI&quot;:&quot;#&quot;,&quot;pointer&quot;:&quot;/items/properties/id&quot;}&#10;    domain: &quot;syntax&quot;&#10;    ignored: [&quot;$id&quot;,&quot;examples&quot;]&#10;warning: the following keywords are unknown and will be ignored: [$id, examples]&#10;    level: &quot;warning&quot;&#10;    schema: {&quot;loadingURI&quot;:&quot;#&quot;,&quot;pointer&quot;:&quot;/items/properties/name&quot;}&#10;    domain: &quot;syntax&quot;&#10;    ignored: [&quot;$id&quot;,&quot;examples&quot;]&#10;warning: the following keywords are unknown and will be ignored: [$id]&#10;    level: &quot;warning&quot;&#10;    schema: {&quot;loadingURI&quot;:&quot;#&quot;,&quot;pointer&quot;:&quot;/items/properties/photoUrls&quot;}&#10;    domain: &quot;syntax&quot;&#10;    ignored: [&quot;$id&quot;]&#10;warning: the following keywords are unknown and will be ignored: [$id, examples]&#10;    level: &quot;warning&quot;&#10;    schema: {&quot;loadingURI&quot;:&quot;#&quot;,&quot;pointer&quot;:&quot;/items/properties/photoUrls/items&quot;}&#10;    domain: &quot;syntax&quot;&#10;    ignored: [&quot;$id&quot;,&quot;examples&quot;]&#10;warning: the following keywords are unknown and will be ignored: [$id, examples]&#10;    level: &quot;warning&quot;&#10;    schema: {&quot;loadingURI&quot;:&quot;#&quot;,&quot;pointer&quot;:&quot;/items/properties/status&quot;}&#10;    domain: &quot;syntax&quot;&#10;    ignored: [&quot;$id&quot;,&quot;examples&quot;]&#10;warning: the following keywords are unknown and will be ignored: [$id]&#10;    level: &quot;warning&quot;&#10;    schema: {&quot;loadingURI&quot;:&quot;#&quot;,&quot;pointer&quot;:&quot;/items/properties/tags&quot;}&#10;    domain: &quot;syntax&quot;&#10;    ignored: [&quot;$id&quot;]&#10;warning: the following keywords are unknown and will be ignored: [$id]&#10;    level: &quot;warning&quot;&#10;    schema: {&quot;loadingURI&quot;:&quot;#&quot;,&quot;pointer&quot;:&quot;/items/properties/tags/items&quot;}&#10;    domain: &quot;syntax&quot;&#10;    ignored: [&quot;$id&quot;]&#10;warning: the following keywords are unknown and will be ignored: [$id, examples]&#10;    level: &quot;warning&quot;&#10;    schema: {&quot;loadingURI&quot;:&quot;#&quot;,&quot;pointer&quot;:&quot;/items/properties/tags/items/properties/id&quot;}&#10;    domain: &quot;syntax&quot;&#10;    ignored: [&quot;$id&quot;,&quot;examples&quot;]&#10;warning: the following keywords are unknown and will be ignored: [$id, examples]&#10;    level: &quot;warning&quot;&#10;    schema: {&quot;loadingURI&quot;:&quot;#&quot;,&quot;pointer&quot;:&quot;/items/properties/tags/items/properties/name&quot;}&#10;    domain: &quot;syntax&quot;&#10;    ignored: [&quot;$id&quot;,&quot;examples&quot;]&#10;warning: the following keywords are unknown and will be ignored: [$id]&#10;    level: &quot;warning&quot;&#10;    schema: {&quot;loadingURI&quot;:&quot;#&quot;,&quot;pointer&quot;:&quot;/items&quot;}&#10;    domain: &quot;syntax&quot;&#10;    ignored: [&quot;$id&quot;]&#10;warning: the following keywords are unknown and will be ignored: [$id]&#10;    level: &quot;warning&quot;&#10;    schema: {&quot;loadingURI&quot;:&quot;#&quot;,&quot;pointer&quot;:&quot;/items/properties/category&quot;}&#10;    domain: &quot;syntax&quot;&#10;    ignored: [&quot;$id&quot;]&#10;warning: the following keywords are unknown and will be ignored: [$id, examples]&#10;    level: &quot;warning&quot;&#10;    schema: {&quot;loadingURI&quot;:&quot;#&quot;,&quot;pointer&quot;:&quot;/items/properties/category/properties/id&quot;}&#10;    domain: &quot;syntax&quot;&#10;    ignored: [&quot;$id&quot;,&quot;examples&quot;]&#10;warning: the following keywords are unknown and will be ignored: [$id, examples]&#10;    level: &quot;warning&quot;&#10;    schema: {&quot;loadingURI&quot;:&quot;#&quot;,&quot;pointer&quot;:&quot;/items/properties/category/properties/name&quot;}&#10;    domain: &quot;syntax&quot;&#10;    ignored: [&quot;$id&quot;,&quot;examples&quot;]&#10;warning: the following keywords are unknown and will be ignored: [$id, examples]&#10;    level: &quot;warning&quot;&#10;    schema: {&quot;loadingURI&quot;:&quot;#&quot;,&quot;pointer&quot;:&quot;/items/properties/id&quot;}&#10;    domain: &quot;syntax&quot;&#10;    ignored: [&quot;$id&quot;,&quot;examples&quot;]&#10;warning: the following keywords are unknown and will be ignored: [$id, examples]&#10;    level: &quot;warning&quot;&#10;    schema: {&quot;loadingURI&quot;:&quot;#&quot;,&quot;pointer&quot;:&quot;/items/properties/name&quot;}&#10;    domain: &quot;syntax&quot;&#10;    ignored: [&quot;$id&quot;,&quot;examples&quot;]&#10;warning: the following keywords are unknown and will be ignored: [$id]&#10;    level: &quot;warning&quot;&#10;    schema: {&quot;loadingURI&quot;:&quot;#&quot;,&quot;pointer&quot;:&quot;/items/properties/photoUrls&quot;}&#10;    domain: &quot;syntax&quot;&#10;    ignored: [&quot;$id&quot;]&#10;warning: the following keywords are unknown and will be ignored: [$id, examples]&#10;    level: &quot;warning&quot;&#10;    schema: {&quot;loadingURI&quot;:&quot;#&quot;,&quot;pointer&quot;:&quot;/items/properties/photoUrls/items&quot;}&#10;    domain: &quot;syntax&quot;&#10;    ignored: [&quot;$id&quot;,&quot;examples&quot;]&#10;warning: the following keywords are unknown and will be ignored: [$id, examples]&#10;    level: &quot;warning&quot;&#10;    schema: {&quot;loadingURI&quot;:&quot;#&quot;,&quot;pointer&quot;:&quot;/items/properties/status&quot;}&#10;    domain: &quot;syntax&quot;&#10;    ignored: [&quot;$id&quot;,&quot;examples&quot;]&#10;warning: the following keywords are unknown and will be ignored: [$id]&#10;    level: &quot;warning&quot;&#10;    schema: {&quot;loadingURI&quot;:&quot;#&quot;,&quot;pointer&quot;:&quot;/items/properties/tags&quot;}&#10;    domain: &quot;syntax&quot;&#10;    ignored: [&quot;$id&quot;]&#10;warning: the following keywords are unknown and will be ignored: [$id]&#10;    level: &quot;warning&quot;&#10;    schema: {&quot;loadingURI&quot;:&quot;#&quot;,&quot;pointer&quot;:&quot;/items/properties/tags/items&quot;}&#10;    domain: &quot;syntax&quot;&#10;    ignored: [&quot;$id&quot;]&#10;warning: the following keywords are unknown and will be ignored: [$id, examples]&#10;    level: &quot;warning&quot;&#10;    schema: {&quot;loadingURI&quot;:&quot;#&quot;,&quot;pointer&quot;:&quot;/items/properties/tags/items/properties/id&quot;}&#10;    domain: &quot;syntax&quot;&#10;    ignored: [&quot;$id&quot;,&quot;examples&quot;]&#10;warning: the following keywords are unknown and will be ignored: [$id, examples]&#10;    level: &quot;warning&quot;&#10;    schema: {&quot;loadingURI&quot;:&quot;#&quot;,&quot;pointer&quot;:&quot;/items/properties/tags/items/properties/name&quot;}&#10;    domain: &quot;syntax&quot;&#10;    ignored: [&quot;$id&quot;,&quot;examples&quot;]&#10;warning: the following keywords are unknown and will be ignored: [$id]&#10;    level: &quot;warning&quot;&#10;    schema: {&quot;loadingURI&quot;:&quot;#&quot;,&quot;pointer&quot;:&quot;/items&quot;}&#10;    domain: &quot;syntax&quot;&#10;    ignored: [&quot;$id&quot;]&#10;warning: the following keywords are unknown and will be ignored: [$id]&#10;    level: &quot;warning&quot;&#10;    schema: {&quot;loadingURI&quot;:&quot;#&quot;,&quot;pointer&quot;:&quot;/items/properties/category&quot;}&#10;    domain: &quot;syntax&quot;&#10;    ignored: [&quot;$id&quot;]&#10;warning: the following keywords are unknown and will be ignored: [$id, examples]&#10;    level: &quot;warning&quot;&#10;    schema: {&quot;loadingURI&quot;:&quot;#&quot;,&quot;pointer&quot;:&quot;/items/properties/category/properties/id&quot;}&#10;    domain: &quot;syntax&quot;&#10;    ignored: [&quot;$id&quot;,&quot;examples&quot;]&#10;warning: the following keywords are unknown and will be ignored: [$id, examples]&#10;    level: &quot;warning&quot;&#10;    schema: {&quot;loadingURI&quot;:&quot;#&quot;,&quot;pointer&quot;:&quot;/items/properties/category/properties/name&quot;}&#10;    domain: &quot;syntax&quot;&#10;    ignored: [&quot;$id&quot;,&quot;examples&quot;]&#10;warning: the following keywords are unknown and will be ignored: [$id, examples]&#10;    level: &quot;warning&quot;&#10;    schema: {&quot;loadingURI&quot;:&quot;#&quot;,&quot;pointer&quot;:&quot;/items/properties/id&quot;}&#10;    domain: &quot;syntax&quot;&#10;    ignored: [&quot;$id&quot;,&quot;examples&quot;]&#10;warning: the following keywords are unknown and will be ignored: [$id, examples]&#10;    level: &quot;warning&quot;&#10;    schema: {&quot;loadingURI&quot;:&quot;#&quot;,&quot;pointer&quot;:&quot;/items/properties/name&quot;}&#10;    domain: &quot;syntax&quot;&#10;    ignored: [&quot;$id&quot;,&quot;examples&quot;]&#10;warning: the following keywords are unknown and will be ignored: [$id]&#10;    level: &quot;warning&quot;&#10;    schema: {&quot;loadingURI&quot;:&quot;#&quot;,&quot;pointer&quot;:&quot;/items/properties/photoUrls&quot;}&#10;    domain: &quot;syntax&quot;&#10;    ignored: [&quot;$id&quot;]&#10;warning: the following keywords are unknown and will be ignored: [$id, examples]&#10;    level: &quot;warning&quot;&#10;    schema: {&quot;loadingURI&quot;:&quot;#&quot;,&quot;pointer&quot;:&quot;/items/properties/photoUrls/items&quot;}&#10;    domain: &quot;syntax&quot;&#10;    ignored: [&quot;$id&quot;,&quot;examples&quot;]&#10;warning: the following keywords are unknown and will be ignored: [$id, examples]&#10;    level: &quot;warning&quot;&#10;    schema: {&quot;loadingURI&quot;:&quot;#&quot;,&quot;pointer&quot;:&quot;/items/properties/status&quot;}&#10;    domain: &quot;syntax&quot;&#10;    ignored: [&quot;$id&quot;,&quot;examples&quot;]&#10;warning: the following keywords are unknown and will be ignored: [$id]&#10;    level: &quot;warning&quot;&#10;    schema: {&quot;loadingURI&quot;:&quot;#&quot;,&quot;pointer&quot;:&quot;/items/properties/tags&quot;}&#10;    domain: &quot;syntax&quot;&#10;    ignored: [&quot;$id&quot;]&#10;warning: the following keywords are unknown and will be ignored: [$id]&#10;    level: &quot;warning&quot;&#10;    schema: {&quot;loadingURI&quot;:&quot;#&quot;,&quot;pointer&quot;:&quot;/items/properties/tags/items&quot;}&#10;    domain: &quot;syntax&quot;&#10;    ignored: [&quot;$id&quot;]&#10;warning: the following keywords are unknown and will be ignored: [$id, examples]&#10;    level: &quot;warning&quot;&#10;    schema: {&quot;loadingURI&quot;:&quot;#&quot;,&quot;pointer&quot;:&quot;/items/properties/tags/items/properties/id&quot;}&#10;    domain: &quot;syntax&quot;&#10;    ignored: [&quot;$id&quot;,&quot;examples&quot;]&#10;warning: the following keywords are unknown and will be ignored: [$id, examples]&#10;    level: &quot;warning&quot;&#10;    schema: {&quot;loadingURI&quot;:&quot;#&quot;,&quot;pointer&quot;:&quot;/items/properties/tags/items/properties/name&quot;}&#10;    domain: &quot;syntax&quot;&#10;    ignored: [&quot;$id&quot;,&quot;examples&quot;]&#10;warning: the following keywords are unknown and will be ignored: [$id]&#10;    level: &quot;warning&quot;&#10;    schema: {&quot;loadingURI&quot;:&quot;#&quot;,&quot;pointer&quot;:&quot;/items&quot;}&#10;    domain: &quot;syntax&quot;&#10;    ignored: [&quot;$id&quot;]&#10;warning: the following keywords are unknown and will be ignored: [$id]&#10;    level: &quot;warning&quot;&#10;    schema: {&quot;loadingURI&quot;:&quot;#&quot;,&quot;pointer&quot;:&quot;/items/properties/category&quot;}&#10;    domain: &quot;syntax&quot;&#10;    ignored: [&quot;$id&quot;]&#10;warning: the following keywords are unknown and will be ignored: [$id, examples]&#10;    level: &quot;warning&quot;&#10;    schema: {&quot;loadingURI&quot;:&quot;#&quot;,&quot;pointer&quot;:&quot;/items/properties/category/properties/id&quot;}&#10;    domain: &quot;syntax&quot;&#10;    ignored: [&quot;$id&quot;,&quot;examples&quot;]&#10;warning: the following keywords are unknown and will be ignored: [$id, examples]&#10;    level: &quot;warning&quot;&#10;    schema: {&quot;loadingURI&quot;:&quot;#&quot;,&quot;pointer&quot;:&quot;/items/properties/category/properties/name&quot;}&#10;    domain: &quot;syntax&quot;&#10;    ignored: [&quot;$id&quot;,&quot;examples&quot;]&#10;warning: the following keywords are unknown and will be ignored: [$id, examples]&#10;    level: &quot;warning&quot;&#10;    schema: {&quot;loadingURI&quot;:&quot;#&quot;,&quot;pointer&quot;:&quot;/items/properties/id&quot;}&#10;    domain: &quot;syntax&quot;&#10;    ignored: [&quot;$id&quot;,&quot;examples&quot;]&#10;warning: the following keywords are unknown and will be ignored: [$id, examples]&#10;    level: &quot;warning&quot;&#10;    schema: {&quot;loadingURI&quot;:&quot;#&quot;,&quot;pointer&quot;:&quot;/items/properties/name&quot;}&#10;    domain: &quot;syntax&quot;&#10;    ignored: [&quot;$id&quot;,&quot;examples&quot;]&#10;warning: the following keywords are unknown and will be ignored: [$id]&#10;    level: &quot;warning&quot;&#10;    schema: {&quot;loadingURI&quot;:&quot;#&quot;,&quot;pointer&quot;:&quot;/items/properties/photoUrls&quot;}&#10;    domain: &quot;syntax&quot;&#10;    ignored: [&quot;$id&quot;]&#10;warning: the following keywords are unknown and will be ignored: [$id, examples]&#10;    level: &quot;warning&quot;&#10;    schema: {&quot;loadingURI&quot;:&quot;#&quot;,&quot;pointer&quot;:&quot;/items/properties/photoUrls/items&quot;}&#10;    domain: &quot;syntax&quot;&#10;    ignored: [&quot;$id&quot;,&quot;examples&quot;]&#10;warning: the following keywords are unknown and will be ignored: [$id, examples]&#10;    level: &quot;warning&quot;&#10;    schema: {&quot;loadingURI&quot;:&quot;#&quot;,&quot;pointer&quot;:&quot;/items/properties/status&quot;}&#10;    domain: &quot;syntax&quot;&#10;    ignored: [&quot;$id&quot;,&quot;examples&quot;]&#10;warning: the following keywords are unknown and will be ignored: [$id]&#10;    level: &quot;warning&quot;&#10;    schema: {&quot;loadingURI&quot;:&quot;#&quot;,&quot;pointer&quot;:&quot;/items/properties/tags&quot;}&#10;    domain: &quot;syntax&quot;&#10;    ignored: [&quot;$id&quot;]&#10;warning: the following keywords are unknown and will be ignored: [$id]&#10;    level: &quot;warning&quot;&#10;    schema: {&quot;loadingURI&quot;:&quot;#&quot;,&quot;pointer&quot;:&quot;/items/properties/tags/items&quot;}&#10;    domain: &quot;syntax&quot;&#10;    ignored: [&quot;$id&quot;]&#10;warning: the following keywords are unknown and will be ignored: [$id, examples]&#10;    level: &quot;warning&quot;&#10;    schema: {&quot;loadingURI&quot;:&quot;#&quot;,&quot;pointer&quot;:&quot;/items/properties/tags/items/properties/id&quot;}&#10;    domain: &quot;syntax&quot;&#10;    ignored: [&quot;$id&quot;,&quot;examples&quot;]&#10;warning: the following keywords are unknown and will be ignored: [$id, examples]&#10;    level: &quot;warning&quot;&#10;    schema: {&quot;loadingURI&quot;:&quot;#&quot;,&quot;pointer&quot;:&quot;/items/properties/tags/items/properties/name&quot;}&#10;    domain: &quot;syntax&quot;&#10;    ignored: [&quot;$id&quot;,&quot;examples&quot;]&#10;warning: the following keywords are unknown and will be ignored: [$id]&#10;    level: &quot;warning&quot;&#10;    schema: {&quot;loadingURI&quot;:&quot;#&quot;,&quot;pointer&quot;:&quot;/items&quot;}&#10;    domain: &quot;syntax&quot;&#10;    ignored: [&quot;$id&quot;]&#10;warning: the following keywords are unknown and will be ignored: [$id]&#10;    level: &quot;warning&quot;&#10;    schema: {&quot;loadingURI&quot;:&quot;#&quot;,&quot;pointer&quot;:&quot;/items/properties/category&quot;}&#10;    domain: &quot;syntax&quot;&#10;    ignored: [&quot;$id&quot;]&#10;warning: the following keywords are unknown and will be ignored: [$id, examples]&#10;    level: &quot;warning&quot;&#10;    schema: {&quot;loadingURI&quot;:&quot;#&quot;,&quot;pointer&quot;:&quot;/items/properties/category/properties/id&quot;}&#10;    domain: &quot;syntax&quot;&#10;    ignored: [&quot;$id&quot;,&quot;examples&quot;]&#10;warning: the following keywords are unknown and will be ignored: [$id, examples]&#10;    level: &quot;warning&quot;&#10;    schema: {&quot;loadingURI&quot;:&quot;#&quot;,&quot;pointer&quot;:&quot;/items/properties/category/properties/name&quot;}&#10;    domain: &quot;syntax&quot;&#10;    ignored: [&quot;$id&quot;,&quot;examples&quot;]&#10;warning: the following keywords are unknown and will be ignored: [$id, examples]&#10;    level: &quot;warning&quot;&#10;    schema: {&quot;loadingURI&quot;:&quot;#&quot;,&quot;pointer&quot;:&quot;/items/properties/id&quot;}&#10;    domain: &quot;syntax&quot;&#10;    ignored: [&quot;$id&quot;,&quot;examples&quot;]&#10;warning: the following keywords are unknown and will be ignored: [$id, examples]&#10;    level: &quot;warning&quot;&#10;    schema: {&quot;loadingURI&quot;:&quot;#&quot;,&quot;pointer&quot;:&quot;/items/properties/name&quot;}&#10;    domain: &quot;syntax&quot;&#10;    ignored: [&quot;$id&quot;,&quot;examples&quot;]&#10;warning: the following keywords are unknown and will be ignored: [$id]&#10;    level: &quot;warning&quot;&#10;    schema: {&quot;loadingURI&quot;:&quot;#&quot;,&quot;pointer&quot;:&quot;/items/properties/photoUrls&quot;}&#10;    domain: &quot;syntax&quot;&#10;    ignored: [&quot;$id&quot;]&#10;warning: the following keywords are unknown and will be ignored: [$id, examples]&#10;    level: &quot;warning&quot;&#10;    schema: {&quot;loadingURI&quot;:&quot;#&quot;,&quot;pointer&quot;:&quot;/items/properties/photoUrls/items&quot;}&#10;    domain: &quot;syntax&quot;&#10;    ignored: [&quot;$id&quot;,&quot;examples&quot;]&#10;warning: the following keywords are unknown and will be ignored: [$id, examples]&#10;    level: &quot;warning&quot;&#10;    schema: {&quot;loadingURI&quot;:&quot;#&quot;,&quot;pointer&quot;:&quot;/items/properties/status&quot;}&#10;    domain: &quot;syntax&quot;&#10;    ignored: [&quot;$id&quot;,&quot;examples&quot;]&#10;warning: the following keywords are unknown and will be ignored: [$id]&#10;    level: &quot;warning&quot;&#10;    schema: {&quot;loadingURI&quot;:&quot;#&quot;,&quot;pointer&quot;:&quot;/items/properties/tags&quot;}&#10;    domain: &quot;syntax&quot;&#10;    ignored: [&quot;$id&quot;]&#10;warning: the following keywords are unknown and will be ignored: [$id]&#10;    level: &quot;warning&quot;&#10;    schema: {&quot;loadingURI&quot;:&quot;#&quot;,&quot;pointer&quot;:&quot;/items/properties/tags/items&quot;}&#10;    domain: &quot;syntax&quot;&#10;    ignored: [&quot;$id&quot;]&#10;warning: the following keywords are unknown and will be ignored: [$id, examples]&#10;    level: &quot;warning&quot;&#10;    schema: {&quot;loadingURI&quot;:&quot;#&quot;,&quot;pointer&quot;:&quot;/items/properties/tags/items/properties/id&quot;}&#10;    domain: &quot;syntax&quot;&#10;    ignored: [&quot;$id&quot;,&quot;examples&quot;]&#10;warning: the following keywords are unknown and will be ignored: [$id, examples]&#10;    level: &quot;warning&quot;&#10;    schema: {&quot;loadingURI&quot;:&quot;#&quot;,&quot;pointer&quot;:&quot;/items/properties/tags/items/properties/name&quot;}&#10;    domain: &quot;syntax&quot;&#10;    ignored: [&quot;$id&quot;,&quot;examples&quot;]&#10;warning: the following keywords are unknown and will be ignored: [$id]&#10;    level: &quot;warning&quot;&#10;    schema: {&quot;loadingURI&quot;:&quot;#&quot;,&quot;pointer&quot;:&quot;/items&quot;}&#10;    domain: &quot;syntax&quot;&#10;    ignored: [&quot;$id&quot;]&#10;warning: the following keywords are unknown and will be ignored: [$id]&#10;    level: &quot;warning&quot;&#10;    schema: {&quot;loadingURI&quot;:&quot;#&quot;,&quot;pointer&quot;:&quot;/items/properties/category&quot;}&#10;    domain: &quot;syntax&quot;&#10;    ignored: [&quot;$id&quot;]&#10;warning: the following keywords are unknown and will be ignored: [$id, examples]&#10;    level: &quot;warning&quot;&#10;    schema: {&quot;loadingURI&quot;:&quot;#&quot;,&quot;pointer&quot;:&quot;/items/properties/category/properties/id&quot;}&#10;    domain: &quot;syntax&quot;&#10;    ignored: [&quot;$id&quot;,&quot;examples&quot;]&#10;warning: the following keywords are unknown and will be ignored: [$id, examples]&#10;    level: &quot;warning&quot;&#10;    schema: {&quot;loadingURI&quot;:&quot;#&quot;,&quot;pointer&quot;:&quot;/items/properties/category/properties/name&quot;}&#10;    domain: &quot;syntax&quot;&#10;    ignored: [&quot;$id&quot;,&quot;examples&quot;]&#10;warning: the following keywords are unknown and will be ignored: [$id, examples]&#10;    level: &quot;warning&quot;&#10;    schema: {&quot;loadingURI&quot;:&quot;#&quot;,&quot;pointer&quot;:&quot;/items/properties/id&quot;}&#10;    domain: &quot;syntax&quot;&#10;    ignored: [&quot;$id&quot;,&quot;examples&quot;]&#10;warning: the following keywords are unknown and will be ignored: [$id, examples]&#10;    level: &quot;warning&quot;&#10;    schema: {&quot;loadingURI&quot;:&quot;#&quot;,&quot;pointer&quot;:&quot;/items/properties/name&quot;}&#10;    domain: &quot;syntax&quot;&#10;    ignored: [&quot;$id&quot;,&quot;examples&quot;]&#10;warning: the following keywords are unknown and will be ignored: [$id]&#10;    level: &quot;warning&quot;&#10;    schema: {&quot;loadingURI&quot;:&quot;#&quot;,&quot;pointer&quot;:&quot;/items/properties/photoUrls&quot;}&#10;    domain: &quot;syntax&quot;&#10;    ignored: [&quot;$id&quot;]&#10;warning: the following keywords are unknown and will be ignored: [$id, examples]&#10;    level: &quot;warning&quot;&#10;    schema: {&quot;loadingURI&quot;:&quot;#&quot;,&quot;pointer&quot;:&quot;/items/properties/photoUrls/items&quot;}&#10;    domain: &quot;syntax&quot;&#10;    ignored: [&quot;$id&quot;,&quot;examples&quot;]&#10;warning: the following keywords are unknown and will be ignored: [$id, examples]&#10;    level: &quot;warning&quot;&#10;    schema: {&quot;loadingURI&quot;:&quot;#&quot;,&quot;pointer&quot;:&quot;/items/properties/status&quot;}&#10;    domain: &quot;syntax&quot;&#10;    ignored: [&quot;$id&quot;,&quot;examples&quot;]&#10;warning: the following keywords are unknown and will be ignored: [$id]&#10;    level: &quot;warning&quot;&#10;    schema: {&quot;loadingURI&quot;:&quot;#&quot;,&quot;pointer&quot;:&quot;/items/properties/tags&quot;}&#10;    domain: &quot;syntax&quot;&#10;    ignored: [&quot;$id&quot;]&#10;warning: the following keywords are unknown and will be ignored: [$id]&#10;    level: &quot;warning&quot;&#10;    schema: {&quot;loadingURI&quot;:&quot;#&quot;,&quot;pointer&quot;:&quot;/items/properties/tags/items&quot;}&#10;    domain: &quot;syntax&quot;&#10;    ignored: [&quot;$id&quot;]&#10;warning: the following keywords are unknown and will be ignored: [$id, examples]&#10;    level: &quot;warning&quot;&#10;    schema: {&quot;loadingURI&quot;:&quot;#&quot;,&quot;pointer&quot;:&quot;/items/properties/tags/items/properties/id&quot;}&#10;    domain: &quot;syntax&quot;&#10;    ignored: [&quot;$id&quot;,&quot;examples&quot;]&#10;warning: the following keywords are unknown and will be ignored: [$id, examples]&#10;    level: &quot;warning&quot;&#10;    schema: {&quot;loadingURI&quot;:&quot;#&quot;,&quot;pointer&quot;:&quot;/items/properties/tags/items/properties/name&quot;}&#10;    domain: &quot;syntax&quot;&#10;    ignored: [&quot;$id&quot;,&quot;examples&quot;]&#10;warning: the following keywords are unknown and will be ignored: [$id]&#10;    level: &quot;warning&quot;&#10;    schema: {&quot;loadingURI&quot;:&quot;#&quot;,&quot;pointer&quot;:&quot;/items&quot;}&#10;    domain: &quot;syntax&quot;&#10;    ignored: [&quot;$id&quot;]&#10;warning: the following keywords are unknown and will be ignored: [$id]&#10;    level: &quot;warning&quot;&#10;    schema: {&quot;loadingURI&quot;:&quot;#&quot;,&quot;pointer&quot;:&quot;/items/properties/category&quot;}&#10;    domain: &quot;syntax&quot;&#10;    ignored: [&quot;$id&quot;]&#10;warning: the following keywords are unknown and will be ignored: [$id, examples]&#10;    level: &quot;warning&quot;&#10;    schema: {&quot;loadingURI&quot;:&quot;#&quot;,&quot;pointer&quot;:&quot;/items/properties/category/properties/id&quot;}&#10;    domain: &quot;syntax&quot;&#10;    ignored: [&quot;$id&quot;,&quot;examples&quot;]&#10;warning: the following keywords are unknown and will be ignored: [$id, examples]&#10;    level: &quot;warning&quot;&#10;    schema: {&quot;loadingURI&quot;:&quot;#&quot;,&quot;pointer&quot;:&quot;/items/properties/category/properties/name&quot;}&#10;    domain: &quot;syntax&quot;&#10;    ignored: [&quot;$id&quot;,&quot;examples&quot;]&#10;warning: the following keywords are unknown and will be ignored: [$id, examples]&#10;    level: &quot;warning&quot;&#10;    schema: {&quot;loadingURI&quot;:&quot;#&quot;,&quot;pointer&quot;:&quot;/items/properties/id&quot;}&#10;    domain: &quot;syntax&quot;&#10;    ignored: [&quot;$id&quot;,&quot;examples&quot;]&#10;warning: the following keywords are unknown and will be ignored: [$id, examples]&#10;    level: &quot;warning&quot;&#10;    schema: {&quot;loadingURI&quot;:&quot;#&quot;,&quot;pointer&quot;:&quot;/items/properties/name&quot;}&#10;    domain: &quot;syntax&quot;&#10;    ignored: [&quot;$id&quot;,&quot;examples&quot;]&#10;warning: the following keywords are unknown and will be ignored: [$id]&#10;    level: &quot;warning&quot;&#10;    schema: {&quot;loadingURI&quot;:&quot;#&quot;,&quot;pointer&quot;:&quot;/items/properties/photoUrls&quot;}&#10;    domain: &quot;syntax&quot;&#10;    ignored: [&quot;$id&quot;]&#10;warning: the following keywords are unknown and will be ignored: [$id, examples]&#10;    level: &quot;warning&quot;&#10;    schema: {&quot;loadingURI&quot;:&quot;#&quot;,&quot;pointer&quot;:&quot;/items/properties/photoUrls/items&quot;}&#10;    domain: &quot;syntax&quot;&#10;    ignored: [&quot;$id&quot;,&quot;examples&quot;]&#10;warning: the following keywords are unknown and will be ignored: [$id, examples]&#10;    level: &quot;warning&quot;&#10;    schema: {&quot;loadingURI&quot;:&quot;#&quot;,&quot;pointer&quot;:&quot;/items/properties/status&quot;}&#10;    domain: &quot;syntax&quot;&#10;    ignored: [&quot;$id&quot;,&quot;examples&quot;]&#10;warning: the following keywords are unknown and will be ignored: [$id]&#10;    level: &quot;warning&quot;&#10;    schema: {&quot;loadingURI&quot;:&quot;#&quot;,&quot;pointer&quot;:&quot;/items/properties/tags&quot;}&#10;    domain: &quot;syntax&quot;&#10;    ignored: [&quot;$id&quot;]&#10;warning: the following keywords are unknown and will be ignored: [$id]&#10;    level: &quot;warning&quot;&#10;    schema: {&quot;loadingURI&quot;:&quot;#&quot;,&quot;pointer&quot;:&quot;/items/properties/tags/items&quot;}&#10;    domain: &quot;syntax&quot;&#10;    ignored: [&quot;$id&quot;]&#10;warning: the following keywords are unknown and will be ignored: [$id, examples]&#10;    level: &quot;warning&quot;&#10;    schema: {&quot;loadingURI&quot;:&quot;#&quot;,&quot;pointer&quot;:&quot;/items/properties/tags/items/properties/id&quot;}&#10;    domain: &quot;syntax&quot;&#10;    ignored: [&quot;$id&quot;,&quot;examples&quot;]&#10;warning: the following keywords are unknown and will be ignored: [$id, examples]&#10;    level: &quot;warning&quot;&#10;    schema: {&quot;loadingURI&quot;:&quot;#&quot;,&quot;pointer&quot;:&quot;/items/properties/tags/items/properties/name&quot;}&#10;    domain: &quot;syntax&quot;&#10;    ignored: [&quot;$id&quot;,&quot;examples&quot;]&#10;warning: the following keywords are unknown and will be ignored: [$id]&#10;    level: &quot;warning&quot;&#10;    schema: {&quot;loadingURI&quot;:&quot;#&quot;,&quot;pointer&quot;:&quot;/items&quot;}&#10;    domain: &quot;syntax&quot;&#10;    ignored: [&quot;$id&quot;]&#10;warning: the following keywords are unknown and will be ignored: [$id]&#10;    level: &quot;warning&quot;&#10;    schema: {&quot;loadingURI&quot;:&quot;#&quot;,&quot;pointer&quot;:&quot;/items/properties/category&quot;}&#10;    domain: &quot;syntax&quot;&#10;    ignored: [&quot;$id&quot;]&#10;warning: the following keywords are unknown and will be ignored: [$id, examples]&#10;    level: &quot;warning&quot;&#10;    schema: {&quot;loadingURI&quot;:&quot;#&quot;,&quot;pointer&quot;:&quot;/items/properties/category/properties/id&quot;}&#10;    domain: &quot;syntax&quot;&#10;    ignored: [&quot;$id&quot;,&quot;examples&quot;]&#10;warning: the following keywords are unknown and will be ignored: [$id, examples]&#10;    level: &quot;warning&quot;&#10;    schema: {&quot;loadingURI&quot;:&quot;#&quot;,&quot;pointer&quot;:&quot;/items/properties/category/properties/name&quot;}&#10;    domain: &quot;syntax&quot;&#10;    ignored: [&quot;$id&quot;,&quot;examples&quot;]&#10;warning: the following keywords are unknown and will be ignored: [$id, examples]&#10;    level: &quot;warning&quot;&#10;    schema: {&quot;loadingURI&quot;:&quot;#&quot;,&quot;pointer&quot;:&quot;/items/properties/id&quot;}&#10;    domain: &quot;syntax&quot;&#10;    ignored: [&quot;$id&quot;,&quot;examples&quot;]&#10;warning: the following keywords are unknown and will be ignored: [$id, examples]&#10;    level: &quot;warning&quot;&#10;    schema: {&quot;loadingURI&quot;:&quot;#&quot;,&quot;pointer&quot;:&quot;/items/properties/name&quot;}&#10;    domain: &quot;syntax&quot;&#10;    ignored: [&quot;$id&quot;,&quot;examples&quot;]&#10;warning: the following keywords are unknown and will be ignored: [$id]&#10;    level: &quot;warning&quot;&#10;    schema: {&quot;loadingURI&quot;:&quot;#&quot;,&quot;pointer&quot;:&quot;/items/properties/photoUrls&quot;}&#10;    domain: &quot;syntax&quot;&#10;    ignored: [&quot;$id&quot;]&#10;warning: the following keywords are unknown and will be ignored: [$id, examples]&#10;    level: &quot;warning&quot;&#10;    schema: {&quot;loadingURI&quot;:&quot;#&quot;,&quot;pointer&quot;:&quot;/items/properties/photoUrls/items&quot;}&#10;    domain: &quot;syntax&quot;&#10;    ignored: [&quot;$id&quot;,&quot;examples&quot;]&#10;warning: the following keywords are unknown and will be ignored: [$id, examples]&#10;    level: &quot;warning&quot;&#10;    schema: {&quot;loadingURI&quot;:&quot;#&quot;,&quot;pointer&quot;:&quot;/items/properties/status&quot;}&#10;    domain: &quot;syntax&quot;&#10;    ignored: [&quot;$id&quot;,&quot;examples&quot;]&#10;warning: the following keywords are unknown and will be ignored: [$id]&#10;    level: &quot;warning&quot;&#10;    schema: {&quot;loadingURI&quot;:&quot;#&quot;,&quot;pointer&quot;:&quot;/items/properties/tags&quot;}&#10;    domain: &quot;syntax&quot;&#10;    ignored: [&quot;$id&quot;]&#10;warning: the following keywords are unknown and will be ignored: [$id]&#10;    level: &quot;warning&quot;&#10;    schema: {&quot;loadingURI&quot;:&quot;#&quot;,&quot;pointer&quot;:&quot;/items/properties/tags/items&quot;}&#10;    domain: &quot;syntax&quot;&#10;    ignored: [&quot;$id&quot;]&#10;warning: the following keywords are unknown and will be ignored: [$id, examples]&#10;    level: &quot;warning&quot;&#10;    schema: {&quot;loadingURI&quot;:&quot;#&quot;,&quot;pointer&quot;:&quot;/items/properties/tags/items/properties/id&quot;}&#10;    domain: &quot;syntax&quot;&#10;    ignored: [&quot;$id&quot;,&quot;examples&quot;]&#10;warning: the following keywords are unknown and will be ignored: [$id, examples]&#10;    level: &quot;warning&quot;&#10;    schema: {&quot;loadingURI&quot;:&quot;#&quot;,&quot;pointer&quot;:&quot;/items/properties/tags/items/properties/name&quot;}&#10;    domain: &quot;syntax&quot;&#10;    ignored: [&quot;$id&quot;,&quot;examples&quot;]&#10;warning: the following keywords are unknown and will be ignored: [$id]&#10;    level: &quot;warning&quot;&#10;    schema: {&quot;loadingURI&quot;:&quot;#&quot;,&quot;pointer&quot;:&quot;/items&quot;}&#10;    domain: &quot;syntax&quot;&#10;    ignored: [&quot;$id&quot;]&#10;warning: the following keywords are unknown and will be ignored: [$id]&#10;    level: &quot;warning&quot;&#10;    schema: {&quot;loadingURI&quot;:&quot;#&quot;,&quot;pointer&quot;:&quot;/items/properties/category&quot;}&#10;    domain: &quot;syntax&quot;&#10;    ignored: [&quot;$id&quot;]&#10;warning: the following keywords are unknown and will be ignored: [$id, examples]&#10;    level: &quot;warning&quot;&#10;    schema: {&quot;loadingURI&quot;:&quot;#&quot;,&quot;pointer&quot;:&quot;/items/properties/category/properties/id&quot;}&#10;    domain: &quot;syntax&quot;&#10;    ignored: [&quot;$id&quot;,&quot;examples&quot;]&#10;warning: the following keywords are unknown and will be ignored: [$id, examples]&#10;    level: &quot;warning&quot;&#10;    schema: {&quot;loadingURI&quot;:&quot;#&quot;,&quot;pointer&quot;:&quot;/items/properties/category/properties/name&quot;}&#10;    domain: &quot;syntax&quot;&#10;    ignored: [&quot;$id&quot;,&quot;examples&quot;]&#10;warning: the following keywords are unknown and will be ignored: [$id, examples]&#10;    level: &quot;warning&quot;&#10;    schema: {&quot;loadingURI&quot;:&quot;#&quot;,&quot;pointer&quot;:&quot;/items/properties/id&quot;}&#10;    domain: &quot;syntax&quot;&#10;    ignored: [&quot;$id&quot;,&quot;examples&quot;]&#10;warning: the following keywords are unknown and will be ignored: [$id, examples]&#10;    level: &quot;warning&quot;&#10;    schema: {&quot;loadingURI&quot;:&quot;#&quot;,&quot;pointer&quot;:&quot;/items/properties/name&quot;}&#10;    domain: &quot;syntax&quot;&#10;    ignored: [&quot;$id&quot;,&quot;examples&quot;]&#10;warning: the following keywords are unknown and will be ignored: [$id]&#10;    level: &quot;warning&quot;&#10;    schema: {&quot;loadingURI&quot;:&quot;#&quot;,&quot;pointer&quot;:&quot;/items/properties/photoUrls&quot;}&#10;    domain: &quot;syntax&quot;&#10;    ignored: [&quot;$id&quot;]&#10;warning: the following keywords are unknown and will be ignored: [$id, examples]&#10;    level: &quot;warning&quot;&#10;    schema: {&quot;loadingURI&quot;:&quot;#&quot;,&quot;pointer&quot;:&quot;/items/properties/photoUrls/items&quot;}&#10;    domain: &quot;syntax&quot;&#10;    ignored: [&quot;$id&quot;,&quot;examples&quot;]&#10;warning: the following keywords are unknown and will be ignored: [$id, examples]&#10;    level: &quot;warning&quot;&#10;    schema: {&quot;loadingURI&quot;:&quot;#&quot;,&quot;pointer&quot;:&quot;/items/properties/status&quot;}&#10;    domain: &quot;syntax&quot;&#10;    ignored: [&quot;$id&quot;,&quot;examples&quot;]&#10;warning: the following keywords are unknown and will be ignored: [$id]&#10;    level: &quot;warning&quot;&#10;    schema: {&quot;loadingURI&quot;:&quot;#&quot;,&quot;pointer&quot;:&quot;/items/properties/tags&quot;}&#10;    domain: &quot;syntax&quot;&#10;    ignored: [&quot;$id&quot;]&#10;warning: the following keywords are unknown and will be ignored: [$id]&#10;    level: &quot;warning&quot;&#10;    schema: {&quot;loadingURI&quot;:&quot;#&quot;,&quot;pointer&quot;:&quot;/items/properties/tags/items&quot;}&#10;    domain: &quot;syntax&quot;&#10;    ignored: [&quot;$id&quot;]&#10;warning: the following keywords are unknown and will be ignored: [$id, examples]&#10;    level: &quot;warning&quot;&#10;    schema: {&quot;loadingURI&quot;:&quot;#&quot;,&quot;pointer&quot;:&quot;/items/properties/tags/items/properties/id&quot;}&#10;    domain: &quot;syntax&quot;&#10;    ignored: [&quot;$id&quot;,&quot;examples&quot;]&#10;warning: the following keywords are unknown and will be ignored: [$id, examples]&#10;    level: &quot;warning&quot;&#10;    schema: {&quot;loadingURI&quot;:&quot;#&quot;,&quot;pointer&quot;:&quot;/items/properties/tags/items/properties/name&quot;}&#10;    domain: &quot;syntax&quot;&#10;    ignored: [&quot;$id&quot;,&quot;examples&quot;]&#10;warning: the following keywords are unknown and will be ignored: [$id]&#10;    level: &quot;warning&quot;&#10;    schema: {&quot;loadingURI&quot;:&quot;#&quot;,&quot;pointer&quot;:&quot;/items&quot;}&#10;    domain: &quot;syntax&quot;&#10;    ignored: [&quot;$id&quot;]&#10;warning: the following keywords are unknown and will be ignored: [$id]&#10;    level: &quot;warning&quot;&#10;    schema: {&quot;loadingURI&quot;:&quot;#&quot;,&quot;pointer&quot;:&quot;/items/properties/category&quot;}&#10;    domain: &quot;syntax&quot;&#10;    ignored: [&quot;$id&quot;]&#10;warning: the following keywords are unknown and will be ignored: [$id, examples]&#10;    level: &quot;warning&quot;&#10;    schema: {&quot;loadingURI&quot;:&quot;#&quot;,&quot;pointer&quot;:&quot;/items/properties/category/properties/id&quot;}&#10;    domain: &quot;syntax&quot;&#10;    ignored: [&quot;$id&quot;,&quot;examples&quot;]&#10;warning: the following keywords are unknown and will be ignored: [$id, examples]&#10;    level: &quot;warning&quot;&#10;    schema: {&quot;loadingURI&quot;:&quot;#&quot;,&quot;pointer&quot;:&quot;/items/properties/category/properties/name&quot;}&#10;    domain: &quot;syntax&quot;&#10;    ignored: [&quot;$id&quot;,&quot;examples&quot;]&#10;warning: the following keywords are unknown and will be ignored: [$id, examples]&#10;    level: &quot;warning&quot;&#10;    schema: {&quot;loadingURI&quot;:&quot;#&quot;,&quot;pointer&quot;:&quot;/items/properties/id&quot;}&#10;    domain: &quot;syntax&quot;&#10;    ignored: [&quot;$id&quot;,&quot;examples&quot;]&#10;warning: the following keywords are unknown and will be ignored: [$id, examples]&#10;    level: &quot;warning&quot;&#10;    schema: {&quot;loadingURI&quot;:&quot;#&quot;,&quot;pointer&quot;:&quot;/items/properties/name&quot;}&#10;    domain: &quot;syntax&quot;&#10;    ignored: [&quot;$id&quot;,&quot;examples&quot;]&#10;warning: the following keywords are unknown and will be ignored: [$id]&#10;    level: &quot;warning&quot;&#10;    schema: {&quot;loadingURI&quot;:&quot;#&quot;,&quot;pointer&quot;:&quot;/items/properties/photoUrls&quot;}&#10;    domain: &quot;syntax&quot;&#10;    ignored: [&quot;$id&quot;]&#10;warning: the following keywords are unknown and will be ignored: [$id, examples]&#10;    level: &quot;warning&quot;&#10;    schema: {&quot;loadingURI&quot;:&quot;#&quot;,&quot;pointer&quot;:&quot;/items/properties/photoUrls/items&quot;}&#10;    domain: &quot;syntax&quot;&#10;    ignored: [&quot;$id&quot;,&quot;examples&quot;]&#10;warning: the following keywords are unknown and will be ignored: [$id, examples]&#10;    level: &quot;warning&quot;&#10;    schema: {&quot;loadingURI&quot;:&quot;#&quot;,&quot;pointer&quot;:&quot;/items/properties/status&quot;}&#10;    domain: &quot;syntax&quot;&#10;    ignored: [&quot;$id&quot;,&quot;examples&quot;]&#10;warning: the following keywords are unknown and will be ignored: [$id]&#10;    level: &quot;warning&quot;&#10;    schema: {&quot;loadingURI&quot;:&quot;#&quot;,&quot;pointer&quot;:&quot;/items/properties/tags&quot;}&#10;    domain: &quot;syntax&quot;&#10;    ignored: [&quot;$id&quot;]&#10;warning: the following keywords are unknown and will be ignored: [$id]&#10;    level: &quot;warning&quot;&#10;    schema: {&quot;loadingURI&quot;:&quot;#&quot;,&quot;pointer&quot;:&quot;/items/properties/tags/items&quot;}&#10;    domain: &quot;syntax&quot;&#10;    ignored: [&quot;$id&quot;]&#10;warning: the following keywords are unknown and will be ignored: [$id, examples]&#10;    level: &quot;warning&quot;&#10;    schema: {&quot;loadingURI&quot;:&quot;#&quot;,&quot;pointer&quot;:&quot;/items/properties/tags/items/properties/id&quot;}&#10;    domain: &quot;syntax&quot;&#10;    ignored: [&quot;$id&quot;,&quot;examples&quot;]&#10;warning: the following keywords are unknown and will be ignored: [$id, examples]&#10;    level: &quot;warning&quot;&#10;    schema: {&quot;loadingURI&quot;:&quot;#&quot;,&quot;pointer&quot;:&quot;/items/properties/tags/items/properties/name&quot;}&#10;    domain: &quot;syntax&quot;&#10;    ignored: [&quot;$id&quot;,&quot;examples&quot;]&#10;warning: the following keywords are unknown and will be ignored: [$id]&#10;    level: &quot;warning&quot;&#10;    schema: {&quot;loadingURI&quot;:&quot;#&quot;,&quot;pointer&quot;:&quot;/items&quot;}&#10;    domain: &quot;syntax&quot;&#10;    ignored: [&quot;$id&quot;]&#10;warning: the following keywords are unknown and will be ignored: [$id]&#10;    level: &quot;warning&quot;&#10;    schema: {&quot;loadingURI&quot;:&quot;#&quot;,&quot;pointer&quot;:&quot;/items/properties/category&quot;}&#10;    domain: &quot;syntax&quot;&#10;    ignored: [&quot;$id&quot;]&#10;warning: the following keywords are unknown and will be ignored: [$id, examples]&#10;    level: &quot;warning&quot;&#10;    schema: {&quot;loadingURI&quot;:&quot;#&quot;,&quot;pointer&quot;:&quot;/items/properties/category/properties/id&quot;}&#10;    domain: &quot;syntax&quot;&#10;    ignored: [&quot;$id&quot;,&quot;examples&quot;]&#10;warning: the following keywords are unknown and will be ignored: [$id, examples]&#10;    level: &quot;warning&quot;&#10;    schema: {&quot;loadingURI&quot;:&quot;#&quot;,&quot;pointer&quot;:&quot;/items/properties/category/properties/name&quot;}&#10;    domain: &quot;syntax&quot;&#10;    ignored: [&quot;$id&quot;,&quot;examples&quot;]&#10;warning: the following keywords are unknown and will be ignored: [$id, examples]&#10;    level: &quot;warning&quot;&#10;    schema: {&quot;loadingURI&quot;:&quot;#&quot;,&quot;pointer&quot;:&quot;/items/properties/id&quot;}&#10;    domain: &quot;syntax&quot;&#10;    ignored: [&quot;$id&quot;,&quot;examples&quot;]&#10;warning: the following keywords are unknown and will be ignored: [$id, examples]&#10;    level: &quot;warning&quot;&#10;    schema: {&quot;loadingURI&quot;:&quot;#&quot;,&quot;pointer&quot;:&quot;/items/properties/name&quot;}&#10;    domain: &quot;syntax&quot;&#10;    ignored: [&quot;$id&quot;,&quot;examples&quot;]&#10;warning: the following keywords are unknown and will be ignored: [$id]&#10;    level: &quot;warning&quot;&#10;    schema: {&quot;loadingURI&quot;:&quot;#&quot;,&quot;pointer&quot;:&quot;/items/properties/photoUrls&quot;}&#10;    domain: &quot;syntax&quot;&#10;    ignored: [&quot;$id&quot;]&#10;warning: the following keywords are unknown and will be ignored: [$id, examples]&#10;    level: &quot;warning&quot;&#10;    schema: {&quot;loadingURI&quot;:&quot;#&quot;,&quot;pointer&quot;:&quot;/items/properties/photoUrls/items&quot;}&#10;    domain: &quot;syntax&quot;&#10;    ignored: [&quot;$id&quot;,&quot;examples&quot;]&#10;warning: the following keywords are unknown and will be ignored: [$id, examples]&#10;    level: &quot;warning&quot;&#10;    schema: {&quot;loadingURI&quot;:&quot;#&quot;,&quot;pointer&quot;:&quot;/items/properties/status&quot;}&#10;    domain: &quot;syntax&quot;&#10;    ignored: [&quot;$id&quot;,&quot;examples&quot;]&#10;warning: the following keywords are unknown and will be ignored: [$id]&#10;    level: &quot;warning&quot;&#10;    schema: {&quot;loadingURI&quot;:&quot;#&quot;,&quot;pointer&quot;:&quot;/items/properties/tags&quot;}&#10;    domain: &quot;syntax&quot;&#10;    ignored: [&quot;$id&quot;]&#10;warning: the following keywords are unknown and will be ignored: [$id]&#10;    level: &quot;warning&quot;&#10;    schema: {&quot;loadingURI&quot;:&quot;#&quot;,&quot;pointer&quot;:&quot;/items/properties/tags/items&quot;}&#10;    domain: &quot;syntax&quot;&#10;    ignored: [&quot;$id&quot;]&#10;warning: the following keywords are unknown and will be ignored: [$id, examples]&#10;    level: &quot;warning&quot;&#10;    schema: {&quot;loadingURI&quot;:&quot;#&quot;,&quot;pointer&quot;:&quot;/items/properties/tags/items/properties/id&quot;}&#10;    domain: &quot;syntax&quot;&#10;    ignored: [&quot;$id&quot;,&quot;examples&quot;]&#10;warning: the following keywords are unknown and will be ignored: [$id, examples]&#10;    level: &quot;warning&quot;&#10;    schema: {&quot;loadingURI&quot;:&quot;#&quot;,&quot;pointer&quot;:&quot;/items/properties/tags/items/properties/name&quot;}&#10;    domain: &quot;syntax&quot;&#10;    ignored: [&quot;$id&quot;,&quot;examples&quot;]&#10;warning: the following keywords are unknown and will be ignored: [$id]&#10;    level: &quot;warning&quot;&#10;    schema: {&quot;loadingURI&quot;:&quot;#&quot;,&quot;pointer&quot;:&quot;/items&quot;}&#10;    domain: &quot;syntax&quot;&#10;    ignored: [&quot;$id&quot;]&#10;warning: the following keywords are unknown and will be ignored: [$id]&#10;    level: &quot;warning&quot;&#10;    schema: {&quot;loadingURI&quot;:&quot;#&quot;,&quot;pointer&quot;:&quot;/items/properties/category&quot;}&#10;    domain: &quot;syntax&quot;&#10;    ignored: [&quot;$id&quot;]&#10;warning: the following keywords are unknown and will be ignored: [$id, examples]&#10;    level: &quot;warning&quot;&#10;    schema: {&quot;loadingURI&quot;:&quot;#&quot;,&quot;pointer&quot;:&quot;/items/properties/category/properties/id&quot;}&#10;    domain: &quot;syntax&quot;&#10;    ignored: [&quot;$id&quot;,&quot;examples&quot;]&#10;warning: the following keywords are unknown and will be ignored: [$id, examples]&#10;    level: &quot;warning&quot;&#10;    schema: {&quot;loadingURI&quot;:&quot;#&quot;,&quot;pointer&quot;:&quot;/items/properties/category/properties/name&quot;}&#10;    domain: &quot;syntax&quot;&#10;    ignored: [&quot;$id&quot;,&quot;examples&quot;]&#10;warning: the following keywords are unknown and will be ignored: [$id, examples]&#10;    level: &quot;warning&quot;&#10;    schema: {&quot;loadingURI&quot;:&quot;#&quot;,&quot;pointer&quot;:&quot;/items/properties/id&quot;}&#10;    domain: &quot;syntax&quot;&#10;    ignored: [&quot;$id&quot;,&quot;examples&quot;]&#10;warning: the following keywords are unknown and will be ignored: [$id, examples]&#10;    level: &quot;warning&quot;&#10;    schema: {&quot;loadingURI&quot;:&quot;#&quot;,&quot;pointer&quot;:&quot;/items/properties/name&quot;}&#10;    domain: &quot;syntax&quot;&#10;    ignored: [&quot;$id&quot;,&quot;examples&quot;]&#10;warning: the following keywords are unknown and will be ignored: [$id]&#10;    level: &quot;warning&quot;&#10;    schema: {&quot;loadingURI&quot;:&quot;#&quot;,&quot;pointer&quot;:&quot;/items/properties/photoUrls&quot;}&#10;    domain: &quot;syntax&quot;&#10;    ignored: [&quot;$id&quot;]&#10;warning: the following keywords are unknown and will be ignored: [$id, examples]&#10;    level: &quot;warning&quot;&#10;    schema: {&quot;loadingURI&quot;:&quot;#&quot;,&quot;pointer&quot;:&quot;/items/properties/photoUrls/items&quot;}&#10;    domain: &quot;syntax&quot;&#10;    ignored: [&quot;$id&quot;,&quot;examples&quot;]&#10;warning: the following keywords are unknown and will be ignored: [$id, examples]&#10;    level: &quot;warning&quot;&#10;    schema: {&quot;loadingURI&quot;:&quot;#&quot;,&quot;pointer&quot;:&quot;/items/properties/status&quot;}&#10;    domain: &quot;syntax&quot;&#10;    ignored: [&quot;$id&quot;,&quot;examples&quot;]&#10;warning: the following keywords are unknown and will be ignored: [$id]&#10;    level: &quot;warning&quot;&#10;    schema: {&quot;loadingURI&quot;:&quot;#&quot;,&quot;pointer&quot;:&quot;/items/properties/tags&quot;}&#10;    domain: &quot;syntax&quot;&#10;    ignored: [&quot;$id&quot;]&#10;warning: the following keywords are unknown and will be ignored: [$id]&#10;    level: &quot;warning&quot;&#10;    schema: {&quot;loadingURI&quot;:&quot;#&quot;,&quot;pointer&quot;:&quot;/items/properties/tags/items&quot;}&#10;    domain: &quot;syntax&quot;&#10;    ignored: [&quot;$id&quot;]&#10;warning: the following keywords are unknown and will be ignored: [$id, examples]&#10;    level: &quot;warning&quot;&#10;    schema: {&quot;loadingURI&quot;:&quot;#&quot;,&quot;pointer&quot;:&quot;/items/properties/tags/items/properties/id&quot;}&#10;    domain: &quot;syntax&quot;&#10;    ignored: [&quot;$id&quot;,&quot;examples&quot;]&#10;warning: the following keywords are unknown and will be ignored: [$id, examples]&#10;    level: &quot;warning&quot;&#10;    schema: {&quot;loadingURI&quot;:&quot;#&quot;,&quot;pointer&quot;:&quot;/items/properties/tags/items/properties/name&quot;}&#10;    domain: &quot;syntax&quot;&#10;    ignored: [&quot;$id&quot;,&quot;examples&quot;]&#10;warning: the following keywords are unknown and will be ignored: [$id]&#10;    level: &quot;warning&quot;&#10;    schema: {&quot;loadingURI&quot;:&quot;#&quot;,&quot;pointer&quot;:&quot;/items&quot;}&#10;    domain: &quot;syntax&quot;&#10;    ignored: [&quot;$id&quot;]&#10;warning: the following keywords are unknown and will be ignored: [$id]&#10;    level: &quot;warning&quot;&#10;    schema: {&quot;loadingURI&quot;:&quot;#&quot;,&quot;pointer&quot;:&quot;/items/properties/category&quot;}&#10;    domain: &quot;syntax&quot;&#10;    ignored: [&quot;$id&quot;]&#10;warning: the following keywords are unknown and will be ignored: [$id, examples]&#10;    level: &quot;warning&quot;&#10;    schema: {&quot;loadingURI&quot;:&quot;#&quot;,&quot;pointer&quot;:&quot;/items/properties/category/properties/id&quot;}&#10;    domain: &quot;syntax&quot;&#10;    ignored: [&quot;$id&quot;,&quot;examples&quot;]&#10;warning: the following keywords are unknown and will be ignored: [$id, examples]&#10;    level: &quot;warning&quot;&#10;    schema: {&quot;loadingURI&quot;:&quot;#&quot;,&quot;pointer&quot;:&quot;/items/properties/category/properties/name&quot;}&#10;    domain: &quot;syntax&quot;&#10;    ignored: [&quot;$id&quot;,&quot;examples&quot;]&#10;warning: the following keywords are unknown and will be ignored: [$id, examples]&#10;    level: &quot;warning&quot;&#10;    schema: {&quot;loadingURI&quot;:&quot;#&quot;,&quot;pointer&quot;:&quot;/items/properties/id&quot;}&#10;    domain: &quot;syntax&quot;&#10;    ignored: [&quot;$id&quot;,&quot;examples&quot;]&#10;warning: the following keywords are unknown and will be ignored: [$id, examples]&#10;    level: &quot;warning&quot;&#10;    schema: {&quot;loadingURI&quot;:&quot;#&quot;,&quot;pointer&quot;:&quot;/items/properties/name&quot;}&#10;    domain: &quot;syntax&quot;&#10;    ignored: [&quot;$id&quot;,&quot;examples&quot;]&#10;warning: the following keywords are unknown and will be ignored: [$id]&#10;    level: &quot;warning&quot;&#10;    schema: {&quot;loadingURI&quot;:&quot;#&quot;,&quot;pointer&quot;:&quot;/items/properties/photoUrls&quot;}&#10;    domain: &quot;syntax&quot;&#10;    ignored: [&quot;$id&quot;]&#10;warning: the following keywords are unknown and will be ignored: [$id, examples]&#10;    level: &quot;warning&quot;&#10;    schema: {&quot;loadingURI&quot;:&quot;#&quot;,&quot;pointer&quot;:&quot;/items/properties/photoUrls/items&quot;}&#10;    domain: &quot;syntax&quot;&#10;    ignored: [&quot;$id&quot;,&quot;examples&quot;]&#10;warning: the following keywords are unknown and will be ignored: [$id, examples]&#10;    level: &quot;warning&quot;&#10;    schema: {&quot;loadingURI&quot;:&quot;#&quot;,&quot;pointer&quot;:&quot;/items/properties/status&quot;}&#10;    domain: &quot;syntax&quot;&#10;    ignored: [&quot;$id&quot;,&quot;examples&quot;]&#10;warning: the following keywords are unknown and will be ignored: [$id]&#10;    level: &quot;warning&quot;&#10;    schema: {&quot;loadingURI&quot;:&quot;#&quot;,&quot;pointer&quot;:&quot;/items/properties/tags&quot;}&#10;    domain: &quot;syntax&quot;&#10;    ignored: [&quot;$id&quot;]&#10;warning: the following keywords are unknown and will be ignored: [$id]&#10;    level: &quot;warning&quot;&#10;    schema: {&quot;loadingURI&quot;:&quot;#&quot;,&quot;pointer&quot;:&quot;/items/properties/tags/items&quot;}&#10;    domain: &quot;syntax&quot;&#10;    ignored: [&quot;$id&quot;]&#10;warning: the following keywords are unknown and will be ignored: [$id, examples]&#10;    level: &quot;warning&quot;&#10;    schema: {&quot;loadingURI&quot;:&quot;#&quot;,&quot;pointer&quot;:&quot;/items/properties/tags/items/properties/id&quot;}&#10;    domain: &quot;syntax&quot;&#10;    ignored: [&quot;$id&quot;,&quot;examples&quot;]&#10;warning: the following keywords are unknown and will be ignored: [$id, examples]&#10;    level: &quot;warning&quot;&#10;    schema: {&quot;loadingURI&quot;:&quot;#&quot;,&quot;pointer&quot;:&quot;/items/properties/tags/items/properties/name&quot;}&#10;    domain: &quot;syntax&quot;&#10;    ignored: [&quot;$id&quot;,&quot;examples&quot;]&#10;warning: the following keywords are unknown and will be ignored: [$id]&#10;    level: &quot;warning&quot;&#10;    schema: {&quot;loadingURI&quot;:&quot;#&quot;,&quot;pointer&quot;:&quot;/items&quot;}&#10;    domain: &quot;syntax&quot;&#10;    ignored: [&quot;$id&quot;]&#10;warning: the following keywords are unknown and will be ignored: [$id]&#10;    level: &quot;warning&quot;&#10;    schema: {&quot;loadingURI&quot;:&quot;#&quot;,&quot;pointer&quot;:&quot;/items/properties/category&quot;}&#10;    domain: &quot;syntax&quot;&#10;    ignored: [&quot;$id&quot;]&#10;warning: the following keywords are unknown and will be ignored: [$id, examples]&#10;    level: &quot;warning&quot;&#10;    schema: {&quot;loadingURI&quot;:&quot;#&quot;,&quot;pointer&quot;:&quot;/items/properties/category/properties/id&quot;}&#10;    domain: &quot;syntax&quot;&#10;    ignored: [&quot;$id&quot;,&quot;examples&quot;]&#10;warning: the following keywords are unknown and will be ignored: [$id, examples]&#10;    level: &quot;warning&quot;&#10;    schema: {&quot;loadingURI&quot;:&quot;#&quot;,&quot;pointer&quot;:&quot;/items/properties/category/properties/name&quot;}&#10;    domain: &quot;syntax&quot;&#10;    ignored: [&quot;$id&quot;,&quot;examples&quot;]&#10;warning: the following keywords are unknown and will be ignored: [$id, examples]&#10;    level: &quot;warning&quot;&#10;    schema: {&quot;loadingURI&quot;:&quot;#&quot;,&quot;pointer&quot;:&quot;/items/properties/id&quot;}&#10;    domain: &quot;syntax&quot;&#10;    ignored: [&quot;$id&quot;,&quot;examples&quot;]&#10;warning: the following keywords are unknown and will be ignored: [$id, examples]&#10;    level: &quot;warning&quot;&#10;    schema: {&quot;loadingURI&quot;:&quot;#&quot;,&quot;pointer&quot;:&quot;/items/properties/name&quot;}&#10;    domain: &quot;syntax&quot;&#10;    ignored: [&quot;$id&quot;,&quot;examples&quot;]&#10;warning: the following keywords are unknown and will be ignored: [$id]&#10;    level: &quot;warning&quot;&#10;    schema: {&quot;loadingURI&quot;:&quot;#&quot;,&quot;pointer&quot;:&quot;/items/properties/photoUrls&quot;}&#10;    domain: &quot;syntax&quot;&#10;    ignored: [&quot;$id&quot;]&#10;warning: the following keywords are unknown and will be ignored: [$id, examples]&#10;    level: &quot;warning&quot;&#10;    schema: {&quot;loadingURI&quot;:&quot;#&quot;,&quot;pointer&quot;:&quot;/items/properties/photoUrls/items&quot;}&#10;    domain: &quot;syntax&quot;&#10;    ignored: [&quot;$id&quot;,&quot;examples&quot;]&#10;warning: the following keywords are unknown and will be ignored: [$id, examples]&#10;    level: &quot;warning&quot;&#10;    schema: {&quot;loadingURI&quot;:&quot;#&quot;,&quot;pointer&quot;:&quot;/items/properties/status&quot;}&#10;    domain: &quot;syntax&quot;&#10;    ignored: [&quot;$id&quot;,&quot;examples&quot;]&#10;warning: the following keywords are unknown and will be ignored: [$id]&#10;    level: &quot;warning&quot;&#10;    schema: {&quot;loadingURI&quot;:&quot;#&quot;,&quot;pointer&quot;:&quot;/items/properties/tags&quot;}&#10;    domain: &quot;syntax&quot;&#10;    ignored: [&quot;$id&quot;]&#10;warning: the following keywords are unknown and will be ignored: [$id]&#10;    level: &quot;warning&quot;&#10;    schema: {&quot;loadingURI&quot;:&quot;#&quot;,&quot;pointer&quot;:&quot;/items/properties/tags/items&quot;}&#10;    domain: &quot;syntax&quot;&#10;    ignored: [&quot;$id&quot;]&#10;warning: the following keywords are unknown and will be ignored: [$id, examples]&#10;    level: &quot;warning&quot;&#10;    schema: {&quot;loadingURI&quot;:&quot;#&quot;,&quot;pointer&quot;:&quot;/items/properties/tags/items/properties/id&quot;}&#10;    domain: &quot;syntax&quot;&#10;    ignored: [&quot;$id&quot;,&quot;examples&quot;]&#10;warning: the following keywords are unknown and will be ignored: [$id, examples]&#10;    level: &quot;warning&quot;&#10;    schema: {&quot;loadingURI&quot;:&quot;#&quot;,&quot;pointer&quot;:&quot;/items/properties/tags/items/properties/name&quot;}&#10;    domain: &quot;syntax&quot;&#10;    ignored: [&quot;$id&quot;,&quot;examples&quot;]&#10;warning: the following keywords are unknown and will be ignored: [$id]&#10;    level: &quot;warning&quot;&#10;    schema: {&quot;loadingURI&quot;:&quot;#&quot;,&quot;pointer&quot;:&quot;/items&quot;}&#10;    domain: &quot;syntax&quot;&#10;    ignored: [&quot;$id&quot;]&#10;warning: the following keywords are unknown and will be ignored: [$id]&#10;    level: &quot;warning&quot;&#10;    schema: {&quot;loadingURI&quot;:&quot;#&quot;,&quot;pointer&quot;:&quot;/items/properties/category&quot;}&#10;    domain: &quot;syntax&quot;&#10;    ignored: [&quot;$id&quot;]&#10;warning: the following keywords are unknown and will be ignored: [$id, examples]&#10;    level: &quot;warning&quot;&#10;    schema: {&quot;loadingURI&quot;:&quot;#&quot;,&quot;pointer&quot;:&quot;/items/properties/category/properties/id&quot;}&#10;    domain: &quot;syntax&quot;&#10;    ignored: [&quot;$id&quot;,&quot;examples&quot;]&#10;warning: the following keywords are unknown and will be ignored: [$id, examples]&#10;    level: &quot;warning&quot;&#10;    schema: {&quot;loadingURI&quot;:&quot;#&quot;,&quot;pointer&quot;:&quot;/items/properties/category/properties/name&quot;}&#10;    domain: &quot;syntax&quot;&#10;    ignored: [&quot;$id&quot;,&quot;examples&quot;]&#10;warning: the following keywords are unknown and will be ignored: [$id, examples]&#10;    level: &quot;warning&quot;&#10;    schema: {&quot;loadingURI&quot;:&quot;#&quot;,&quot;pointer&quot;:&quot;/items/properties/id&quot;}&#10;    domain: &quot;syntax&quot;&#10;    ignored: [&quot;$id&quot;,&quot;examples&quot;]&#10;warning: the following keywords are unknown and will be ignored: [$id, examples]&#10;    level: &quot;warning&quot;&#10;    schema: {&quot;loadingURI&quot;:&quot;#&quot;,&quot;pointer&quot;:&quot;/items/properties/name&quot;}&#10;    domain: &quot;syntax&quot;&#10;    ignored: [&quot;$id&quot;,&quot;examples&quot;]&#10;warning: the following keywords are unknown and will be ignored: [$id]&#10;    level: &quot;warning&quot;&#10;    schema: {&quot;loadingURI&quot;:&quot;#&quot;,&quot;pointer&quot;:&quot;/items/properties/photoUrls&quot;}&#10;    domain: &quot;syntax&quot;&#10;    ignored: [&quot;$id&quot;]&#10;warning: the following keywords are unknown and will be ignored: [$id, examples]&#10;    level: &quot;warning&quot;&#10;    schema: {&quot;loadingURI&quot;:&quot;#&quot;,&quot;pointer&quot;:&quot;/items/properties/photoUrls/items&quot;}&#10;    domain: &quot;syntax&quot;&#10;    ignored: [&quot;$id&quot;,&quot;examples&quot;]&#10;warning: the following keywords are unknown and will be ignored: [$id, examples]&#10;    level: &quot;warning&quot;&#10;    schema: {&quot;loadingURI&quot;:&quot;#&quot;,&quot;pointer&quot;:&quot;/items/properties/status&quot;}&#10;    domain: &quot;syntax&quot;&#10;    ignored: [&quot;$id&quot;,&quot;examples&quot;]&#10;warning: the following keywords are unknown and will be ignored: [$id]&#10;    level: &quot;warning&quot;&#10;    schema: {&quot;loadingURI&quot;:&quot;#&quot;,&quot;pointer&quot;:&quot;/items/properties/tags&quot;}&#10;    domain: &quot;syntax&quot;&#10;    ignored: [&quot;$id&quot;]&#10;warning: the following keywords are unknown and will be ignored: [$id]&#10;    level: &quot;warning&quot;&#10;    schema: {&quot;loadingURI&quot;:&quot;#&quot;,&quot;pointer&quot;:&quot;/items/properties/tags/items&quot;}&#10;    domain: &quot;syntax&quot;&#10;    ignored: [&quot;$id&quot;]&#10;warning: the following keywords are unknown and will be ignored: [$id, examples]&#10;    level: &quot;warning&quot;&#10;    schema: {&quot;loadingURI&quot;:&quot;#&quot;,&quot;pointer&quot;:&quot;/items/properties/tags/items/properties/id&quot;}&#10;    domain: &quot;syntax&quot;&#10;    ignored: [&quot;$id&quot;,&quot;examples&quot;]&#10;warning: the following keywords are unknown and will be ignored: [$id, examples]&#10;    level: &quot;warning&quot;&#10;    schema: {&quot;loadingURI&quot;:&quot;#&quot;,&quot;pointer&quot;:&quot;/items/properties/tags/items/properties/name&quot;}&#10;    domain: &quot;syntax&quot;&#10;    ignored: [&quot;$id&quot;,&quot;examples&quot;]&#10;warning: the following keywords are unknown and will be ignored: [$id]&#10;    level: &quot;warning&quot;&#10;    schema: {&quot;loadingURI&quot;:&quot;#&quot;,&quot;pointer&quot;:&quot;/items&quot;}&#10;    domain: &quot;syntax&quot;&#10;    ignored: [&quot;$id&quot;]&#10;warning: the following keywords are unknown and will be ignored: [$id]&#10;    level: &quot;warning&quot;&#10;    schema: {&quot;loadingURI&quot;:&quot;#&quot;,&quot;pointer&quot;:&quot;/items/properties/category&quot;}&#10;    domain: &quot;syntax&quot;&#10;    ignored: [&quot;$id&quot;]&#10;warning: the following keywords are unknown and will be ignored: [$id, examples]&#10;    level: &quot;warning&quot;&#10;    schema: {&quot;loadingURI&quot;:&quot;#&quot;,&quot;pointer&quot;:&quot;/items/properties/category/properties/id&quot;}&#10;    domain: &quot;syntax&quot;&#10;    ignored: [&quot;$id&quot;,&quot;examples&quot;]&#10;warning: the following keywords are unknown and will be ignored: [$id, examples]&#10;    level: &quot;warning&quot;&#10;    schema: {&quot;loadingURI&quot;:&quot;#&quot;,&quot;pointer&quot;:&quot;/items/properties/category/properties/name&quot;}&#10;    domain: &quot;syntax&quot;&#10;    ignored: [&quot;$id&quot;,&quot;examples&quot;]&#10;warning: the following keywords are unknown and will be ignored: [$id, examples]&#10;    level: &quot;warning&quot;&#10;    schema: {&quot;loadingURI&quot;:&quot;#&quot;,&quot;pointer&quot;:&quot;/items/properties/id&quot;}&#10;    domain: &quot;syntax&quot;&#10;    ignored: [&quot;$id&quot;,&quot;examples&quot;]&#10;warning: the following keywords are unknown and will be ignored: [$id, examples]&#10;    level: &quot;warning&quot;&#10;    schema: {&quot;loadingURI&quot;:&quot;#&quot;,&quot;pointer&quot;:&quot;/items/properties/name&quot;}&#10;    domain: &quot;syntax&quot;&#10;    ignored: [&quot;$id&quot;,&quot;examples&quot;]&#10;warning: the following keywords are unknown and will be ignored: [$id]&#10;    level: &quot;warning&quot;&#10;    schema: {&quot;loadingURI&quot;:&quot;#&quot;,&quot;pointer&quot;:&quot;/items/properties/photoUrls&quot;}&#10;    domain: &quot;syntax&quot;&#10;    ignored: [&quot;$id&quot;]&#10;warning: the following keywords are unknown and will be ignored: [$id, examples]&#10;    level: &quot;warning&quot;&#10;    schema: {&quot;loadingURI&quot;:&quot;#&quot;,&quot;pointer&quot;:&quot;/items/properties/photoUrls/items&quot;}&#10;    domain: &quot;syntax&quot;&#10;    ignored: [&quot;$id&quot;,&quot;examples&quot;]&#10;warning: the following keywords are unknown and will be ignored: [$id, examples]&#10;    level: &quot;warning&quot;&#10;    schema: {&quot;loadingURI&quot;:&quot;#&quot;,&quot;pointer&quot;:&quot;/items/properties/status&quot;}&#10;    domain: &quot;syntax&quot;&#10;    ignored: [&quot;$id&quot;,&quot;examples&quot;]&#10;warning: the following keywords are unknown and will be ignored: [$id]&#10;    level: &quot;warning&quot;&#10;    schema: {&quot;loadingURI&quot;:&quot;#&quot;,&quot;pointer&quot;:&quot;/items/properties/tags&quot;}&#10;    domain: &quot;syntax&quot;&#10;    ignored: [&quot;$id&quot;]&#10;warning: the following keywords are unknown and will be ignored: [$id]&#10;    level: &quot;warning&quot;&#10;    schema: {&quot;loadingURI&quot;:&quot;#&quot;,&quot;pointer&quot;:&quot;/items/properties/tags/items&quot;}&#10;    domain: &quot;syntax&quot;&#10;    ignored: [&quot;$id&quot;]&#10;warning: the following keywords are unknown and will be ignored: [$id, examples]&#10;    level: &quot;warning&quot;&#10;    schema: {&quot;loadingURI&quot;:&quot;#&quot;,&quot;pointer&quot;:&quot;/items/properties/tags/items/properties/id&quot;}&#10;    domain: &quot;syntax&quot;&#10;    ignored: [&quot;$id&quot;,&quot;examples&quot;]&#10;warning: the following keywords are unknown and will be ignored: [$id, examples]&#10;    level: &quot;warning&quot;&#10;    schema: {&quot;loadingURI&quot;:&quot;#&quot;,&quot;pointer&quot;:&quot;/items/properties/tags/items/properties/name&quot;}&#10;    domain: &quot;syntax&quot;&#10;    ignored: [&quot;$id&quot;,&quot;examples&quot;]&#10;warning: the following keywords are unknown and will be ignored: [$id]&#10;    level: &quot;warning&quot;&#10;    schema: {&quot;loadingURI&quot;:&quot;#&quot;,&quot;pointer&quot;:&quot;/items&quot;}&#10;    domain: &quot;syntax&quot;&#10;    ignored: [&quot;$id&quot;]&#10;warning: the following keywords are unknown and will be ignored: [$id]&#10;    level: &quot;warning&quot;&#10;    schema: {&quot;loadingURI&quot;:&quot;#&quot;,&quot;pointer&quot;:&quot;/items/properties/category&quot;}&#10;    domain: &quot;syntax&quot;&#10;    ignored: [&quot;$id&quot;]&#10;warning: the following keywords are unknown and will be ignored: [$id, examples]&#10;    level: &quot;warning&quot;&#10;    schema: {&quot;loadingURI&quot;:&quot;#&quot;,&quot;pointer&quot;:&quot;/items/properties/category/properties/id&quot;}&#10;    domain: &quot;syntax&quot;&#10;    ignored: [&quot;$id&quot;,&quot;examples&quot;]&#10;warning: the following keywords are unknown and will be ignored: [$id, examples]&#10;    level: &quot;warning&quot;&#10;    schema: {&quot;loadingURI&quot;:&quot;#&quot;,&quot;pointer&quot;:&quot;/items/properties/category/properties/name&quot;}&#10;    domain: &quot;syntax&quot;&#10;    ignored: [&quot;$id&quot;,&quot;examples&quot;]&#10;warning: the following keywords are unknown and will be ignored: [$id, examples]&#10;    level: &quot;warning&quot;&#10;    schema: {&quot;loadingURI&quot;:&quot;#&quot;,&quot;pointer&quot;:&quot;/items/properties/id&quot;}&#10;    domain: &quot;syntax&quot;&#10;    ignored: [&quot;$id&quot;,&quot;examples&quot;]&#10;warning: the following keywords are unknown and will be ignored: [$id, examples]&#10;    level: &quot;warning&quot;&#10;    schema: {&quot;loadingURI&quot;:&quot;#&quot;,&quot;pointer&quot;:&quot;/items/properties/name&quot;}&#10;    domain: &quot;syntax&quot;&#10;    ignored: [&quot;$id&quot;,&quot;examples&quot;]&#10;warning: the following keywords are unknown and will be ignored: [$id]&#10;    level: &quot;warning&quot;&#10;    schema: {&quot;loadingURI&quot;:&quot;#&quot;,&quot;pointer&quot;:&quot;/items/properties/photoUrls&quot;}&#10;    domain: &quot;syntax&quot;&#10;    ignored: [&quot;$id&quot;]&#10;warning: the following keywords are unknown and will be ignored: [$id, examples]&#10;    level: &quot;warning&quot;&#10;    schema: {&quot;loadingURI&quot;:&quot;#&quot;,&quot;pointer&quot;:&quot;/items/properties/photoUrls/items&quot;}&#10;    domain: &quot;syntax&quot;&#10;    ignored: [&quot;$id&quot;,&quot;examples&quot;]&#10;warning: the following keywords are unknown and will be ignored: [$id, examples]&#10;    level: &quot;warning&quot;&#10;    schema: {&quot;loadingURI&quot;:&quot;#&quot;,&quot;pointer&quot;:&quot;/items/properties/status&quot;}&#10;    domain: &quot;syntax&quot;&#10;    ignored: [&quot;$id&quot;,&quot;examples&quot;]&#10;warning: the following keywords are unknown and will be ignored: [$id]&#10;    level: &quot;warning&quot;&#10;    schema: {&quot;loadingURI&quot;:&quot;#&quot;,&quot;pointer&quot;:&quot;/items/properties/tags&quot;}&#10;    domain: &quot;syntax&quot;&#10;    ignored: [&quot;$id&quot;]&#10;warning: the following keywords are unknown and will be ignored: [$id]&#10;    level: &quot;warning&quot;&#10;    schema: {&quot;loadingURI&quot;:&quot;#&quot;,&quot;pointer&quot;:&quot;/items/properties/tags/items&quot;}&#10;    domain: &quot;syntax&quot;&#10;    ignored: [&quot;$id&quot;]&#10;warning: the following keywords are unknown and will be ignored: [$id, examples]&#10;    level: &quot;warning&quot;&#10;    schema: {&quot;loadingURI&quot;:&quot;#&quot;,&quot;pointer&quot;:&quot;/items/properties/tags/items/properties/id&quot;}&#10;    domain: &quot;syntax&quot;&#10;    ignored: [&quot;$id&quot;,&quot;examples&quot;]&#10;warning: the following keywords are unknown and will be ignored: [$id, examples]&#10;    level: &quot;warning&quot;&#10;    schema: {&quot;loadingURI&quot;:&quot;#&quot;,&quot;pointer&quot;:&quot;/items/properties/tags/items/properties/name&quot;}&#10;    domain: &quot;syntax&quot;&#10;    ignored: [&quot;$id&quot;,&quot;examples&quot;]&#10;warning: the following keywords are unknown and will be ignored: [$id]&#10;    level: &quot;warning&quot;&#10;    schema: {&quot;loadingURI&quot;:&quot;#&quot;,&quot;pointer&quot;:&quot;/items&quot;}&#10;    domain: &quot;syntax&quot;&#10;    ignored: [&quot;$id&quot;]&#10;warning: the following keywords are unknown and will be ignored: [$id]&#10;    level: &quot;warning&quot;&#10;    schema: {&quot;loadingURI&quot;:&quot;#&quot;,&quot;pointer&quot;:&quot;/items/properties/category&quot;}&#10;    domain: &quot;syntax&quot;&#10;    ignored: [&quot;$id&quot;]&#10;warning: the following keywords are unknown and will be ignored: [$id, examples]&#10;    level: &quot;warning&quot;&#10;    schema: {&quot;loadingURI&quot;:&quot;#&quot;,&quot;pointer&quot;:&quot;/items/properties/category/properties/id&quot;}&#10;    domain: &quot;syntax&quot;&#10;    ignored: [&quot;$id&quot;,&quot;examples&quot;]&#10;warning: the following keywords are unknown and will be ignored: [$id, examples]&#10;    level: &quot;warning&quot;&#10;    schema: {&quot;loadingURI&quot;:&quot;#&quot;,&quot;pointer&quot;:&quot;/items/properties/category/properties/name&quot;}&#10;    domain: &quot;syntax&quot;&#10;    ignored: [&quot;$id&quot;,&quot;examples&quot;]&#10;warning: the following keywords are unknown and will be ignored: [$id, examples]&#10;    level: &quot;warning&quot;&#10;    schema: {&quot;loadingURI&quot;:&quot;#&quot;,&quot;pointer&quot;:&quot;/items/properties/id&quot;}&#10;    domain: &quot;syntax&quot;&#10;    ignored: [&quot;$id&quot;,&quot;examples&quot;]&#10;warning: the following keywords are unknown and will be ignored: [$id, examples]&#10;    level: &quot;warning&quot;&#10;    schema: {&quot;loadingURI&quot;:&quot;#&quot;,&quot;pointer&quot;:&quot;/items/properties/name&quot;}&#10;    domain: &quot;syntax&quot;&#10;    ignored: [&quot;$id&quot;,&quot;examples&quot;]&#10;warning: the following keywords are unknown and will be ignored: [$id]&#10;    level: &quot;warning&quot;&#10;    schema: {&quot;loadingURI&quot;:&quot;#&quot;,&quot;pointer&quot;:&quot;/items/properties/photoUrls&quot;}&#10;    domain: &quot;syntax&quot;&#10;    ignored: [&quot;$id&quot;]&#10;warning: the following keywords are unknown and will be ignored: [$id, examples]&#10;    level: &quot;warning&quot;&#10;    schema: {&quot;loadingURI&quot;:&quot;#&quot;,&quot;pointer&quot;:&quot;/items/properties/photoUrls/items&quot;}&#10;    domain: &quot;syntax&quot;&#10;    ignored: [&quot;$id&quot;,&quot;examples&quot;]&#10;warning: the following keywords are unknown and will be ignored: [$id, examples]&#10;    level: &quot;warning&quot;&#10;    schema: {&quot;loadingURI&quot;:&quot;#&quot;,&quot;pointer&quot;:&quot;/items/properties/status&quot;}&#10;    domain: &quot;syntax&quot;&#10;    ignored: [&quot;$id&quot;,&quot;examples&quot;]&#10;warning: the following keywords are unknown and will be ignored: [$id]&#10;    level: &quot;warning&quot;&#10;    schema: {&quot;loadingURI&quot;:&quot;#&quot;,&quot;pointer&quot;:&quot;/items/properties/tags&quot;}&#10;    domain: &quot;syntax&quot;&#10;    ignored: [&quot;$id&quot;]&#10;warning: the following keywords are unknown and will be ignored: [$id]&#10;    level: &quot;warning&quot;&#10;    schema: {&quot;loadingURI&quot;:&quot;#&quot;,&quot;pointer&quot;:&quot;/items/properties/tags/items&quot;}&#10;    domain: &quot;syntax&quot;&#10;    ignored: [&quot;$id&quot;]&#10;warning: the following keywords are unknown and will be ignored: [$id, examples]&#10;    level: &quot;warning&quot;&#10;    schema: {&quot;loadingURI&quot;:&quot;#&quot;,&quot;pointer&quot;:&quot;/items/properties/tags/items/properties/id&quot;}&#10;    domain: &quot;syntax&quot;&#10;    ignored: [&quot;$id&quot;,&quot;examples&quot;]&#10;warning: the following keywords are unknown and will be ignored: [$id, examples]&#10;    level: &quot;warning&quot;&#10;    schema: {&quot;loadingURI&quot;:&quot;#&quot;,&quot;pointer&quot;:&quot;/items/properties/tags/items/properties/name&quot;}&#10;    domain: &quot;syntax&quot;&#10;    ignored: [&quot;$id&quot;,&quot;examples&quot;]&#10;warning: the following keywords are unknown and will be ignored: [$id]&#10;    level: &quot;warning&quot;&#10;    schema: {&quot;loadingURI&quot;:&quot;#&quot;,&quot;pointer&quot;:&quot;/items&quot;}&#10;    domain: &quot;syntax&quot;&#10;    ignored: [&quot;$id&quot;]&#10;warning: the following keywords are unknown and will be ignored: [$id]&#10;    level: &quot;warning&quot;&#10;    schema: {&quot;loadingURI&quot;:&quot;#&quot;,&quot;pointer&quot;:&quot;/items/properties/category&quot;}&#10;    domain: &quot;syntax&quot;&#10;    ignored: [&quot;$id&quot;]&#10;warning: the following keywords are unknown and will be ignored: [$id, examples]&#10;    level: &quot;warning&quot;&#10;    schema: {&quot;loadingURI&quot;:&quot;#&quot;,&quot;pointer&quot;:&quot;/items/properties/category/properties/id&quot;}&#10;    domain: &quot;syntax&quot;&#10;    ignored: [&quot;$id&quot;,&quot;examples&quot;]&#10;warning: the following keywords are unknown and will be ignored: [$id, examples]&#10;    level: &quot;warning&quot;&#10;    schema: {&quot;loadingURI&quot;:&quot;#&quot;,&quot;pointer&quot;:&quot;/items/properties/category/properties/name&quot;}&#10;    domain: &quot;syntax&quot;&#10;    ignored: [&quot;$id&quot;,&quot;examples&quot;]&#10;warning: the following keywords are unknown and will be ignored: [$id, examples]&#10;    level: &quot;warning&quot;&#10;    schema: {&quot;loadingURI&quot;:&quot;#&quot;,&quot;pointer&quot;:&quot;/items/properties/id&quot;}&#10;    domain: &quot;syntax&quot;&#10;    ignored: [&quot;$id&quot;,&quot;examples&quot;]&#10;warning: the following keywords are unknown and will be ignored: [$id, examples]&#10;    level: &quot;warning&quot;&#10;    schema: {&quot;loadingURI&quot;:&quot;#&quot;,&quot;pointer&quot;:&quot;/items/properties/name&quot;}&#10;    domain: &quot;syntax&quot;&#10;    ignored: [&quot;$id&quot;,&quot;examples&quot;]&#10;warning: the following keywords are unknown and will be ignored: [$id]&#10;    level: &quot;warning&quot;&#10;    schema: {&quot;loadingURI&quot;:&quot;#&quot;,&quot;pointer&quot;:&quot;/items/properties/photoUrls&quot;}&#10;    domain: &quot;syntax&quot;&#10;    ignored: [&quot;$id&quot;]&#10;warning: the following keywords are unknown and will be ignored: [$id, examples]&#10;    level: &quot;warning&quot;&#10;    schema: {&quot;loadingURI&quot;:&quot;#&quot;,&quot;pointer&quot;:&quot;/items/properties/photoUrls/items&quot;}&#10;    domain: &quot;syntax&quot;&#10;    ignored: [&quot;$id&quot;,&quot;examples&quot;]&#10;warning: the following keywords are unknown and will be ignored: [$id, examples]&#10;    level: &quot;warning&quot;&#10;    schema: {&quot;loadingURI&quot;:&quot;#&quot;,&quot;pointer&quot;:&quot;/items/properties/status&quot;}&#10;    domain: &quot;syntax&quot;&#10;    ignored: [&quot;$id&quot;,&quot;examples&quot;]&#10;warning: the following keywords are unknown and will be ignored: [$id]&#10;    level: &quot;warning&quot;&#10;    schema: {&quot;loadingURI&quot;:&quot;#&quot;,&quot;pointer&quot;:&quot;/items/properties/tags&quot;}&#10;    domain: &quot;syntax&quot;&#10;    ignored: [&quot;$id&quot;]&#10;warning: the following keywords are unknown and will be ignored: [$id]&#10;    level: &quot;warning&quot;&#10;    schema: {&quot;loadingURI&quot;:&quot;#&quot;,&quot;pointer&quot;:&quot;/items/properties/tags/items&quot;}&#10;    domain: &quot;syntax&quot;&#10;    ignored: [&quot;$id&quot;]&#10;warning: the following keywords are unknown and will be ignored: [$id, examples]&#10;    level: &quot;warning&quot;&#10;    schema: {&quot;loadingURI&quot;:&quot;#&quot;,&quot;pointer&quot;:&quot;/items/properties/tags/items/properties/id&quot;}&#10;    domain: &quot;syntax&quot;&#10;    ignored: [&quot;$id&quot;,&quot;examples&quot;]&#10;warning: the following keywords are unknown and will be ignored: [$id, examples]&#10;    level: &quot;warning&quot;&#10;    schema: {&quot;loadingURI&quot;:&quot;#&quot;,&quot;pointer&quot;:&quot;/items/properties/tags/items/properties/name&quot;}&#10;    domain: &quot;syntax&quot;&#10;    ignored: [&quot;$id&quot;,&quot;examples&quot;]&#10;warning: the following keywords are unknown and will be ignored: [$id]&#10;    level: &quot;warning&quot;&#10;    schema: {&quot;loadingURI&quot;:&quot;#&quot;,&quot;pointer&quot;:&quot;/items&quot;}&#10;    domain: &quot;syntax&quot;&#10;    ignored: [&quot;$id&quot;]&#10;warning: the following keywords are unknown and will be ignored: [$id]&#10;    level: &quot;warning&quot;&#10;    schema: {&quot;loadingURI&quot;:&quot;#&quot;,&quot;pointer&quot;:&quot;/items/properties/category&quot;}&#10;    domain: &quot;syntax&quot;&#10;    ignored: [&quot;$id&quot;]&#10;warning: the following keywords are unknown and will be ignored: [$id, examples]&#10;    level: &quot;warning&quot;&#10;    schema: {&quot;loadingURI&quot;:&quot;#&quot;,&quot;pointer&quot;:&quot;/items/properties/category/properties/id&quot;}&#10;    domain: &quot;syntax&quot;&#10;    ignored: [&quot;$id&quot;,&quot;examples&quot;]&#10;warning: the following keywords are unknown and will be ignored: [$id, examples]&#10;    level: &quot;warning&quot;&#10;    schema: {&quot;loadingURI&quot;:&quot;#&quot;,&quot;pointer&quot;:&quot;/items/properties/category/properties/name&quot;}&#10;    domain: &quot;syntax&quot;&#10;    ignored: [&quot;$id&quot;,&quot;examples&quot;]&#10;warning: the following keywords are unknown and will be ignored: [$id, examples]&#10;    level: &quot;warning&quot;&#10;    schema: {&quot;loadingURI&quot;:&quot;#&quot;,&quot;pointer&quot;:&quot;/items/properties/id&quot;}&#10;    domain: &quot;syntax&quot;&#10;    ignored: [&quot;$id&quot;,&quot;examples&quot;]&#10;warning: the following keywords are unknown and will be ignored: [$id, examples]&#10;    level: &quot;warning&quot;&#10;    schema: {&quot;loadingURI&quot;:&quot;#&quot;,&quot;pointer&quot;:&quot;/items/properties/name&quot;}&#10;    domain: &quot;syntax&quot;&#10;    ignored: [&quot;$id&quot;,&quot;examples&quot;]&#10;warning: the following keywords are unknown and will be ignored: [$id]&#10;    level: &quot;warning&quot;&#10;    schema: {&quot;loadingURI&quot;:&quot;#&quot;,&quot;pointer&quot;:&quot;/items/properties/photoUrls&quot;}&#10;    domain: &quot;syntax&quot;&#10;    ignored: [&quot;$id&quot;]&#10;warning: the following keywords are unknown and will be ignored: [$id, examples]&#10;    level: &quot;warning&quot;&#10;    schema: {&quot;loadingURI&quot;:&quot;#&quot;,&quot;pointer&quot;:&quot;/items/properties/photoUrls/items&quot;}&#10;    domain: &quot;syntax&quot;&#10;    ignored: [&quot;$id&quot;,&quot;examples&quot;]&#10;warning: the following keywords are unknown and will be ignored: [$id, examples]&#10;    level: &quot;warning&quot;&#10;    schema: {&quot;loadingURI&quot;:&quot;#&quot;,&quot;pointer&quot;:&quot;/items/properties/status&quot;}&#10;    domain: &quot;syntax&quot;&#10;    ignored: [&quot;$id&quot;,&quot;examples&quot;]&#10;warning: the following keywords are unknown and will be ignored: [$id]&#10;    level: &quot;warning&quot;&#10;    schema: {&quot;loadingURI&quot;:&quot;#&quot;,&quot;pointer&quot;:&quot;/items/properties/tags&quot;}&#10;    domain: &quot;syntax&quot;&#10;    ignored: [&quot;$id&quot;]&#10;warning: the following keywords are unknown and will be ignored: [$id]&#10;    level: &quot;warning&quot;&#10;    schema: {&quot;loadingURI&quot;:&quot;#&quot;,&quot;pointer&quot;:&quot;/items/properties/tags/items&quot;}&#10;    domain: &quot;syntax&quot;&#10;    ignored: [&quot;$id&quot;]&#10;warning: the following keywords are unknown and will be ignored: [$id, examples]&#10;    level: &quot;warning&quot;&#10;    schema: {&quot;loadingURI&quot;:&quot;#&quot;,&quot;pointer&quot;:&quot;/items/properties/tags/items/properties/id&quot;}&#10;    domain: &quot;syntax&quot;&#10;    ignored: [&quot;$id&quot;,&quot;examples&quot;]&#10;warning: the following keywords are unknown and will be ignored: [$id, examples]&#10;    level: &quot;warning&quot;&#10;    schema: {&quot;loadingURI&quot;:&quot;#&quot;,&quot;pointer&quot;:&quot;/items/properties/tags/items/properties/name&quot;}&#10;    domain: &quot;syntax&quot;&#10;    ignored: [&quot;$id&quot;,&quot;examples&quot;]&#10;warning: the following keywords are unknown and will be ignored: [$id]&#10;    level: &quot;warning&quot;&#10;    schema: {&quot;loadingURI&quot;:&quot;#&quot;,&quot;pointer&quot;:&quot;/items&quot;}&#10;    domain: &quot;syntax&quot;&#10;    ignored: [&quot;$id&quot;]&#10;warning: the following keywords are unknown and will be ignored: [$id]&#10;    level: &quot;warning&quot;&#10;    schema: {&quot;loadingURI&quot;:&quot;#&quot;,&quot;pointer&quot;:&quot;/items/properties/category&quot;}&#10;    domain: &quot;syntax&quot;&#10;    ignored: [&quot;$id&quot;]&#10;warning: the following keywords are unknown and will be ignored: [$id, examples]&#10;    level: &quot;warning&quot;&#10;    schema: {&quot;loadingURI&quot;:&quot;#&quot;,&quot;pointer&quot;:&quot;/items/properties/category/properties/id&quot;}&#10;    domain: &quot;syntax&quot;&#10;    ignored: [&quot;$id&quot;,&quot;examples&quot;]&#10;warning: the following keywords are unknown and will be ignored: [$id, examples]&#10;    level: &quot;warning&quot;&#10;    schema: {&quot;loadingURI&quot;:&quot;#&quot;,&quot;pointer&quot;:&quot;/items/properties/category/properties/name&quot;}&#10;    domain: &quot;syntax&quot;&#10;    ignored: [&quot;$id&quot;,&quot;examples&quot;]&#10;warning: the following keywords are unknown and will be ignored: [$id, examples]&#10;    level: &quot;warning&quot;&#10;    schema: {&quot;loadingURI&quot;:&quot;#&quot;,&quot;pointer&quot;:&quot;/items/properties/id&quot;}&#10;    domain: &quot;syntax&quot;&#10;    ignored: [&quot;$id&quot;,&quot;examples&quot;]&#10;warning: the following keywords are unknown and will be ignored: [$id, examples]&#10;    level: &quot;warning&quot;&#10;    schema: {&quot;loadingURI&quot;:&quot;#&quot;,&quot;pointer&quot;:&quot;/items/properties/name&quot;}&#10;    domain: &quot;syntax&quot;&#10;    ignored: [&quot;$id&quot;,&quot;examples&quot;]&#10;warning: the following keywords are unknown and will be ignored: [$id]&#10;    level: &quot;warning&quot;&#10;    schema: {&quot;loadingURI&quot;:&quot;#&quot;,&quot;pointer&quot;:&quot;/items/properties/photoUrls&quot;}&#10;    domain: &quot;syntax&quot;&#10;    ignored: [&quot;$id&quot;]&#10;warning: the following keywords are unknown and will be ignored: [$id, examples]&#10;    level: &quot;warning&quot;&#10;    schema: {&quot;loadingURI&quot;:&quot;#&quot;,&quot;pointer&quot;:&quot;/items/properties/photoUrls/items&quot;}&#10;    domain: &quot;syntax&quot;&#10;    ignored: [&quot;$id&quot;,&quot;examples&quot;]&#10;warning: the following keywords are unknown and will be ignored: [$id, examples]&#10;    level: &quot;warning&quot;&#10;    schema: {&quot;loadingURI&quot;:&quot;#&quot;,&quot;pointer&quot;:&quot;/items/properties/status&quot;}&#10;    domain: &quot;syntax&quot;&#10;    ignored: [&quot;$id&quot;,&quot;examples&quot;]&#10;warning: the following keywords are unknown and will be ignored: [$id]&#10;    level: &quot;warning&quot;&#10;    schema: {&quot;loadingURI&quot;:&quot;#&quot;,&quot;pointer&quot;:&quot;/items/properties/tags&quot;}&#10;    domain: &quot;syntax&quot;&#10;    ignored: [&quot;$id&quot;]&#10;warning: the following keywords are unknown and will be ignored: [$id]&#10;    level: &quot;warning&quot;&#10;    schema: {&quot;loadingURI&quot;:&quot;#&quot;,&quot;pointer&quot;:&quot;/items/properties/tags/items&quot;}&#10;    domain: &quot;syntax&quot;&#10;    ignored: [&quot;$id&quot;]&#10;warning: the following keywords are unknown and will be ignored: [$id, examples]&#10;    level: &quot;warning&quot;&#10;    schema: {&quot;loadingURI&quot;:&quot;#&quot;,&quot;pointer&quot;:&quot;/items/properties/tags/items/properties/id&quot;}&#10;    domain: &quot;syntax&quot;&#10;    ignored: [&quot;$id&quot;,&quot;examples&quot;]&#10;warning: the following keywords are unknown and will be ignored: [$id, examples]&#10;    level: &quot;warning&quot;&#10;    schema: {&quot;loadingURI&quot;:&quot;#&quot;,&quot;pointer&quot;:&quot;/items/properties/tags/items/properties/name&quot;}&#10;    domain: &quot;syntax&quot;&#10;    ignored: [&quot;$id&quot;,&quot;examples&quot;]&#10;warning: the following keywords are unknown and will be ignored: [$id]&#10;    level: &quot;warning&quot;&#10;    schema: {&quot;loadingURI&quot;:&quot;#&quot;,&quot;pointer&quot;:&quot;/items&quot;}&#10;    domain: &quot;syntax&quot;&#10;    ignored: [&quot;$id&quot;]&#10;warning: the following keywords are unknown and will be ignored: [$id]&#10;    level: &quot;warning&quot;&#10;    schema: {&quot;loadingURI&quot;:&quot;#&quot;,&quot;pointer&quot;:&quot;/items/properties/category&quot;}&#10;    domain: &quot;syntax&quot;&#10;    ignored: [&quot;$id&quot;]&#10;warning: the following keywords are unknown and will be ignored: [$id, examples]&#10;    level: &quot;warning&quot;&#10;    schema: {&quot;loadingURI&quot;:&quot;#&quot;,&quot;pointer&quot;:&quot;/items/properties/category/properties/id&quot;}&#10;    domain: &quot;syntax&quot;&#10;    ignored: [&quot;$id&quot;,&quot;examples&quot;]&#10;warning: the following keywords are unknown and will be ignored: [$id, examples]&#10;    level: &quot;warning&quot;&#10;    schema: {&quot;loadingURI&quot;:&quot;#&quot;,&quot;pointer&quot;:&quot;/items/properties/category/properties/name&quot;}&#10;    domain: &quot;syntax&quot;&#10;    ignored: [&quot;$id&quot;,&quot;examples&quot;]&#10;warning: the following keywords are unknown and will be ignored: [$id, examples]&#10;    level: &quot;warning&quot;&#10;    schema: {&quot;loadingURI&quot;:&quot;#&quot;,&quot;pointer&quot;:&quot;/items/properties/id&quot;}&#10;    domain: &quot;syntax&quot;&#10;    ignored: [&quot;$id&quot;,&quot;examples&quot;]&#10;warning: the following keywords are unknown and will be ignored: [$id, examples]&#10;    level: &quot;warning&quot;&#10;    schema: {&quot;loadingURI&quot;:&quot;#&quot;,&quot;pointer&quot;:&quot;/items/properties/name&quot;}&#10;    domain: &quot;syntax&quot;&#10;    ignored: [&quot;$id&quot;,&quot;examples&quot;]&#10;warning: the following keywords are unknown and will be ignored: [$id]&#10;    level: &quot;warning&quot;&#10;    schema: {&quot;loadingURI&quot;:&quot;#&quot;,&quot;pointer&quot;:&quot;/items/properties/photoUrls&quot;}&#10;    domain: &quot;syntax&quot;&#10;    ignored: [&quot;$id&quot;]&#10;warning: the following keywords are unknown and will be ignored: [$id, examples]&#10;    level: &quot;warning&quot;&#10;    schema: {&quot;loadingURI&quot;:&quot;#&quot;,&quot;pointer&quot;:&quot;/items/properties/photoUrls/items&quot;}&#10;    domain: &quot;syntax&quot;&#10;    ignored: [&quot;$id&quot;,&quot;examples&quot;]&#10;warning: the following keywords are unknown and will be ignored: [$id, examples]&#10;    level: &quot;warning&quot;&#10;    schema: {&quot;loadingURI&quot;:&quot;#&quot;,&quot;pointer&quot;:&quot;/items/properties/status&quot;}&#10;    domain: &quot;syntax&quot;&#10;    ignored: [&quot;$id&quot;,&quot;examples&quot;]&#10;warning: the following keywords are unknown and will be ignored: [$id]&#10;    level: &quot;warning&quot;&#10;    schema: {&quot;loadingURI&quot;:&quot;#&quot;,&quot;pointer&quot;:&quot;/items/properties/tags&quot;}&#10;    domain: &quot;syntax&quot;&#10;    ignored: [&quot;$id&quot;]&#10;warning: the following keywords are unknown and will be ignored: [$id]&#10;    level: &quot;warning&quot;&#10;    schema: {&quot;loadingURI&quot;:&quot;#&quot;,&quot;pointer&quot;:&quot;/items/properties/tags/items&quot;}&#10;    domain: &quot;syntax&quot;&#10;    ignored: [&quot;$id&quot;]&#10;warning: the following keywords are unknown and will be ignored: [$id, examples]&#10;    level: &quot;warning&quot;&#10;    schema: {&quot;loadingURI&quot;:&quot;#&quot;,&quot;pointer&quot;:&quot;/items/properties/tags/items/properties/id&quot;}&#10;    domain: &quot;syntax&quot;&#10;    ignored: [&quot;$id&quot;,&quot;examples&quot;]&#10;warning: the following keywords are unknown and will be ignored: [$id, examples]&#10;    level: &quot;warning&quot;&#10;    schema: {&quot;loadingURI&quot;:&quot;#&quot;,&quot;pointer&quot;:&quot;/items/properties/tags/items/properties/name&quot;}&#10;    domain: &quot;syntax&quot;&#10;    ignored: [&quot;$id&quot;,&quot;examples&quot;]&#10;warning: the following keywords are unknown and will be ignored: [$id]&#10;    level: &quot;warning&quot;&#10;    schema: {&quot;loadingURI&quot;:&quot;#&quot;,&quot;pointer&quot;:&quot;/items&quot;}&#10;    domain: &quot;syntax&quot;&#10;    ignored: [&quot;$id&quot;]&#10;warning: the following keywords are unknown and will be ignored: [$id]&#10;    level: &quot;warning&quot;&#10;    schema: {&quot;loadingURI&quot;:&quot;#&quot;,&quot;pointer&quot;:&quot;/items/properties/category&quot;}&#10;    domain: &quot;syntax&quot;&#10;    ignored: [&quot;$id&quot;]&#10;warning: the following keywords are unknown and will be ignored: [$id, examples]&#10;    level: &quot;warning&quot;&#10;    schema: {&quot;loadingURI&quot;:&quot;#&quot;,&quot;pointer&quot;:&quot;/items/properties/category/properties/id&quot;}&#10;    domain: &quot;syntax&quot;&#10;    ignored: [&quot;$id&quot;,&quot;examples&quot;]&#10;warning: the following keywords are unknown and will be ignored: [$id, examples]&#10;    level: &quot;warning&quot;&#10;    schema: {&quot;loadingURI&quot;:&quot;#&quot;,&quot;pointer&quot;:&quot;/items/properties/category/properties/name&quot;}&#10;    domain: &quot;syntax&quot;&#10;    ignored: [&quot;$id&quot;,&quot;examples&quot;]&#10;warning: the following keywords are unknown and will be ignored: [$id, examples]&#10;    level: &quot;warning&quot;&#10;    schema: {&quot;loadingURI&quot;:&quot;#&quot;,&quot;pointer&quot;:&quot;/items/properties/id&quot;}&#10;    domain: &quot;syntax&quot;&#10;    ignored: [&quot;$id&quot;,&quot;examples&quot;]&#10;warning: the following keywords are unknown and will be ignored: [$id, examples]&#10;    level: &quot;warning&quot;&#10;    schema: {&quot;loadingURI&quot;:&quot;#&quot;,&quot;pointer&quot;:&quot;/items/properties/name&quot;}&#10;    domain: &quot;syntax&quot;&#10;    ignored: [&quot;$id&quot;,&quot;examples&quot;]&#10;warning: the following keywords are unknown and will be ignored: [$id]&#10;    level: &quot;warning&quot;&#10;    schema: {&quot;loadingURI&quot;:&quot;#&quot;,&quot;pointer&quot;:&quot;/items/properties/photoUrls&quot;}&#10;    domain: &quot;syntax&quot;&#10;    ignored: [&quot;$id&quot;]&#10;warning: the following keywords are unknown and will be ignored: [$id, examples]&#10;    level: &quot;warning&quot;&#10;    schema: {&quot;loadingURI&quot;:&quot;#&quot;,&quot;pointer&quot;:&quot;/items/properties/photoUrls/items&quot;}&#10;    domain: &quot;syntax&quot;&#10;    ignored: [&quot;$id&quot;,&quot;examples&quot;]&#10;warning: the following keywords are unknown and will be ignored: [$id, examples]&#10;    level: &quot;warning&quot;&#10;    schema: {&quot;loadingURI&quot;:&quot;#&quot;,&quot;pointer&quot;:&quot;/items/properties/status&quot;}&#10;    domain: &quot;syntax&quot;&#10;    ignored: [&quot;$id&quot;,&quot;examples&quot;]&#10;warning: the following keywords are unknown and will be ignored: [$id]&#10;    level: &quot;warning&quot;&#10;    schema: {&quot;loadingURI&quot;:&quot;#&quot;,&quot;pointer&quot;:&quot;/items/properties/tags&quot;}&#10;    domain: &quot;syntax&quot;&#10;    ignored: [&quot;$id&quot;]&#10;warning: the following keywords are unknown and will be ignored: [$id]&#10;    level: &quot;warning&quot;&#10;    schema: {&quot;loadingURI&quot;:&quot;#&quot;,&quot;pointer&quot;:&quot;/items/properties/tags/items&quot;}&#10;    domain: &quot;syntax&quot;&#10;    ignored: [&quot;$id&quot;]&#10;warning: the following keywords are unknown and will be ignored: [$id, examples]&#10;    level: &quot;warning&quot;&#10;    schema: {&quot;loadingURI&quot;:&quot;#&quot;,&quot;pointer&quot;:&quot;/items/properties/tags/items/properties/id&quot;}&#10;    domain: &quot;syntax&quot;&#10;    ignored: [&quot;$id&quot;,&quot;examples&quot;]&#10;warning: the following keywords are unknown and will be ignored: [$id, examples]&#10;    level: &quot;warning&quot;&#10;    schema: {&quot;loadingURI&quot;:&quot;#&quot;,&quot;pointer&quot;:&quot;/items/properties/tags/items/properties/name&quot;}&#10;    domain: &quot;syntax&quot;&#10;    ignored: [&quot;$id&quot;,&quot;examples&quot;]&#10;warning: the following keywords are unknown and will be ignored: [$id]&#10;    level: &quot;warning&quot;&#10;    schema: {&quot;loadingURI&quot;:&quot;#&quot;,&quot;pointer&quot;:&quot;/items&quot;}&#10;    domain: &quot;syntax&quot;&#10;    ignored: [&quot;$id&quot;]&#10;warning: the following keywords are unknown and will be ignored: [$id]&#10;    level: &quot;warning&quot;&#10;    schema: {&quot;loadingURI&quot;:&quot;#&quot;,&quot;pointer&quot;:&quot;/items/properties/category&quot;}&#10;    domain: &quot;syntax&quot;&#10;    ignored: [&quot;$id&quot;]&#10;warning: the following keywords are unknown and will be ignored: [$id, examples]&#10;    level: &quot;warning&quot;&#10;    schema: {&quot;loadingURI&quot;:&quot;#&quot;,&quot;pointer&quot;:&quot;/items/properties/category/properties/id&quot;}&#10;    domain: &quot;syntax&quot;&#10;    ignored: [&quot;$id&quot;,&quot;examples&quot;]&#10;warning: the following keywords are unknown and will be ignored: [$id, examples]&#10;    level: &quot;warning&quot;&#10;    schema: {&quot;loadingURI&quot;:&quot;#&quot;,&quot;pointer&quot;:&quot;/items/properties/category/properties/name&quot;}&#10;    domain: &quot;syntax&quot;&#10;    ignored: [&quot;$id&quot;,&quot;examples&quot;]&#10;warning: the following keywords are unknown and will be ignored: [$id, examples]&#10;    level: &quot;warning&quot;&#10;    schema: {&quot;loadingURI&quot;:&quot;#&quot;,&quot;pointer&quot;:&quot;/items/properties/id&quot;}&#10;    domain: &quot;syntax&quot;&#10;    ignored: [&quot;$id&quot;,&quot;examples&quot;]&#10;warning: the following keywords are unknown and will be ignored: [$id, examples]&#10;    level: &quot;warning&quot;&#10;    schema: {&quot;loadingURI&quot;:&quot;#&quot;,&quot;pointer&quot;:&quot;/items/properties/name&quot;}&#10;    domain: &quot;syntax&quot;&#10;    ignored: [&quot;$id&quot;,&quot;examples&quot;]&#10;warning: the following keywords are unknown and will be ignored: [$id]&#10;    level: &quot;warning&quot;&#10;    schema: {&quot;loadingURI&quot;:&quot;#&quot;,&quot;pointer&quot;:&quot;/items/properties/photoUrls&quot;}&#10;    domain: &quot;syntax&quot;&#10;    ignored: [&quot;$id&quot;]&#10;warning: the following keywords are unknown and will be ignored: [$id, examples]&#10;    level: &quot;warning&quot;&#10;    schema: {&quot;loadingURI&quot;:&quot;#&quot;,&quot;pointer&quot;:&quot;/items/properties/photoUrls/items&quot;}&#10;    domain: &quot;syntax&quot;&#10;    ignored: [&quot;$id&quot;,&quot;examples&quot;]&#10;warning: the following keywords are unknown and will be ignored: [$id, examples]&#10;    level: &quot;warning&quot;&#10;    schema: {&quot;loadingURI&quot;:&quot;#&quot;,&quot;pointer&quot;:&quot;/items/properties/status&quot;}&#10;    domain: &quot;syntax&quot;&#10;    ignored: [&quot;$id&quot;,&quot;examples&quot;]&#10;warning: the following keywords are unknown and will be ignored: [$id]&#10;    level: &quot;warning&quot;&#10;    schema: {&quot;loadingURI&quot;:&quot;#&quot;,&quot;pointer&quot;:&quot;/items/properties/tags&quot;}&#10;    domain: &quot;syntax&quot;&#10;    ignored: [&quot;$id&quot;]&#10;warning: the following keywords are unknown and will be ignored: [$id]&#10;    level: &quot;warning&quot;&#10;    schema: {&quot;loadingURI&quot;:&quot;#&quot;,&quot;pointer&quot;:&quot;/items/properties/tags/items&quot;}&#10;    domain: &quot;syntax&quot;&#10;    ignored: [&quot;$id&quot;]&#10;warning: the following keywords are unknown and will be ignored: [$id, examples]&#10;    level: &quot;warning&quot;&#10;    schema: {&quot;loadingURI&quot;:&quot;#&quot;,&quot;pointer&quot;:&quot;/items/properties/tags/items/properties/id&quot;}&#10;    domain: &quot;syntax&quot;&#10;    ignored: [&quot;$id&quot;,&quot;examples&quot;]&#10;warning: the following keywords are unknown and will be ignored: [$id, examples]&#10;    level: &quot;warning&quot;&#10;    schema: {&quot;loadingURI&quot;:&quot;#&quot;,&quot;pointer&quot;:&quot;/items/properties/tags/items/properties/name&quot;}&#10;    domain: &quot;syntax&quot;&#10;    ignored: [&quot;$id&quot;,&quot;examples&quot;]&#10;warning: the following keywords are unknown and will be ignored: [$id]&#10;    level: &quot;warning&quot;&#10;    schema: {&quot;loadingURI&quot;:&quot;#&quot;,&quot;pointer&quot;:&quot;/items&quot;}&#10;    domain: &quot;syntax&quot;&#10;    ignored: [&quot;$id&quot;]&#10;warning: the following keywords are unknown and will be ignored: [$id]&#10;    level: &quot;warning&quot;&#10;    schema: {&quot;loadingURI&quot;:&quot;#&quot;,&quot;pointer&quot;:&quot;/items/properties/category&quot;}&#10;    domain: &quot;syntax&quot;&#10;    ignored: [&quot;$id&quot;]&#10;warning: the following keywords are unknown and will be ignored: [$id, examples]&#10;    level: &quot;warning&quot;&#10;    schema: {&quot;loadingURI&quot;:&quot;#&quot;,&quot;pointer&quot;:&quot;/items/properties/category/properties/id&quot;}&#10;    domain: &quot;syntax&quot;&#10;    ignored: [&quot;$id&quot;,&quot;examples&quot;]&#10;warning: the following keywords are unknown and will be ignored: [$id, examples]&#10;    level: &quot;warning&quot;&#10;    schema: {&quot;loadingURI&quot;:&quot;#&quot;,&quot;pointer&quot;:&quot;/items/properties/category/properties/name&quot;}&#10;    domain: &quot;syntax&quot;&#10;    ignored: [&quot;$id&quot;,&quot;examples&quot;]&#10;warning: the following keywords are unknown and will be ignored: [$id, examples]&#10;    level: &quot;warning&quot;&#10;    schema: {&quot;loadingURI&quot;:&quot;#&quot;,&quot;pointer&quot;:&quot;/items/properties/id&quot;}&#10;    domain: &quot;syntax&quot;&#10;    ignored: [&quot;$id&quot;,&quot;examples&quot;]&#10;warning: the following keywords are unknown and will be ignored: [$id, examples]&#10;    level: &quot;warning&quot;&#10;    schema: {&quot;loadingURI&quot;:&quot;#&quot;,&quot;pointer&quot;:&quot;/items/properties/name&quot;}&#10;    domain: &quot;syntax&quot;&#10;    ignored: [&quot;$id&quot;,&quot;examples&quot;]&#10;warning: the following keywords are unknown and will be ignored: [$id]&#10;    level: &quot;warning&quot;&#10;    schema: {&quot;loadingURI&quot;:&quot;#&quot;,&quot;pointer&quot;:&quot;/items/properties/photoUrls&quot;}&#10;    domain: &quot;syntax&quot;&#10;    ignored: [&quot;$id&quot;]&#10;warning: the following keywords are unknown and will be ignored: [$id, examples]&#10;    level: &quot;warning&quot;&#10;    schema: {&quot;loadingURI&quot;:&quot;#&quot;,&quot;pointer&quot;:&quot;/items/properties/photoUrls/items&quot;}&#10;    domain: &quot;syntax&quot;&#10;    ignored: [&quot;$id&quot;,&quot;examples&quot;]&#10;warning: the following keywords are unknown and will be ignored: [$id, examples]&#10;    level: &quot;warning&quot;&#10;    schema: {&quot;loadingURI&quot;:&quot;#&quot;,&quot;pointer&quot;:&quot;/items/properties/status&quot;}&#10;    domain: &quot;syntax&quot;&#10;    ignored: [&quot;$id&quot;,&quot;examples&quot;]&#10;warning: the following keywords are unknown and will be ignored: [$id]&#10;    level: &quot;warning&quot;&#10;    schema: {&quot;loadingURI&quot;:&quot;#&quot;,&quot;pointer&quot;:&quot;/items/properties/tags&quot;}&#10;    domain: &quot;syntax&quot;&#10;    ignored: [&quot;$id&quot;]&#10;warning: the following keywords are unknown and will be ignored: [$id]&#10;    level: &quot;warning&quot;&#10;    schema: {&quot;loadingURI&quot;:&quot;#&quot;,&quot;pointer&quot;:&quot;/items/properties/tags/items&quot;}&#10;    domain: &quot;syntax&quot;&#10;    ignored: [&quot;$id&quot;]&#10;warning: the following keywords are unknown and will be ignored: [$id, examples]&#10;    level: &quot;warning&quot;&#10;    schema: {&quot;loadingURI&quot;:&quot;#&quot;,&quot;pointer&quot;:&quot;/items/properties/tags/items/properties/id&quot;}&#10;    domain: &quot;syntax&quot;&#10;    ignored: [&quot;$id&quot;,&quot;examples&quot;]&#10;warning: the following keywords are unknown and will be ignored: [$id, examples]&#10;    level: &quot;warning&quot;&#10;    schema: {&quot;loadingURI&quot;:&quot;#&quot;,&quot;pointer&quot;:&quot;/items/properties/tags/items/properties/name&quot;}&#10;    domain: &quot;syntax&quot;&#10;    ignored: [&quot;$id&quot;,&quot;examples&quot;]&#10;warning: the following keywords are unknown and will be ignored: [$id]&#10;    level: &quot;warning&quot;&#10;    schema: {&quot;loadingURI&quot;:&quot;#&quot;,&quot;pointer&quot;:&quot;/items&quot;}&#10;    domain: &quot;syntax&quot;&#10;    ignored: [&quot;$id&quot;]&#10;warning: the following keywords are unknown and will be ignored: [$id]&#10;    level: &quot;warning&quot;&#10;    schema: {&quot;loadingURI&quot;:&quot;#&quot;,&quot;pointer&quot;:&quot;/items/properties/category&quot;}&#10;    domain: &quot;syntax&quot;&#10;    ignored: [&quot;$id&quot;]&#10;warning: the following keywords are unknown and will be ignored: [$id, examples]&#10;    level: &quot;warning&quot;&#10;    schema: {&quot;loadingURI&quot;:&quot;#&quot;,&quot;pointer&quot;:&quot;/items/properties/category/properties/id&quot;}&#10;    domain: &quot;syntax&quot;&#10;    ignored: [&quot;$id&quot;,&quot;examples&quot;]&#10;warning: the following keywords are unknown and will be ignored: [$id, examples]&#10;    level: &quot;warning&quot;&#10;    schema: {&quot;loadingURI&quot;:&quot;#&quot;,&quot;pointer&quot;:&quot;/items/properties/category/properties/name&quot;}&#10;    domain: &quot;syntax&quot;&#10;    ignored: [&quot;$id&quot;,&quot;examples&quot;]&#10;warning: the following keywords are unknown and will be ignored: [$id, examples]&#10;    level: &quot;warning&quot;&#10;    schema: {&quot;loadingURI&quot;:&quot;#&quot;,&quot;pointer&quot;:&quot;/items/properties/id&quot;}&#10;    domain: &quot;syntax&quot;&#10;    ignored: [&quot;$id&quot;,&quot;examples&quot;]&#10;warning: the following keywords are unknown and will be ignored: [$id, examples]&#10;    level: &quot;warning&quot;&#10;    schema: {&quot;loadingURI&quot;:&quot;#&quot;,&quot;pointer&quot;:&quot;/items/properties/name&quot;}&#10;    domain: &quot;syntax&quot;&#10;    ignored: [&quot;$id&quot;,&quot;examples&quot;]&#10;warning: the following keywords are unknown and will be ignored: [$id]&#10;    level: &quot;warning&quot;&#10;    schema: {&quot;loadingURI&quot;:&quot;#&quot;,&quot;pointer&quot;:&quot;/items/properties/photoUrls&quot;}&#10;    domain: &quot;syntax&quot;&#10;    ignored: [&quot;$id&quot;]&#10;warning: the following keywords are unknown and will be ignored: [$id, examples]&#10;    level: &quot;warning&quot;&#10;    schema: {&quot;loadingURI&quot;:&quot;#&quot;,&quot;pointer&quot;:&quot;/items/properties/photoUrls/items&quot;}&#10;    domain: &quot;syntax&quot;&#10;    ignored: [&quot;$id&quot;,&quot;examples&quot;]&#10;warning: the following keywords are unknown and will be ignored: [$id, examples]&#10;    level: &quot;warning&quot;&#10;    schema: {&quot;loadingURI&quot;:&quot;#&quot;,&quot;pointer&quot;:&quot;/items/properties/status&quot;}&#10;    domain: &quot;syntax&quot;&#10;    ignored: [&quot;$id&quot;,&quot;examples&quot;]&#10;warning: the following keywords are unknown and will be ignored: [$id]&#10;    level: &quot;warning&quot;&#10;    schema: {&quot;loadingURI&quot;:&quot;#&quot;,&quot;pointer&quot;:&quot;/items/properties/tags&quot;}&#10;    domain: &quot;syntax&quot;&#10;    ignored: [&quot;$id&quot;]&#10;warning: the following keywords are unknown and will be ignored: [$id]&#10;    level: &quot;warning&quot;&#10;    schema: {&quot;loadingURI&quot;:&quot;#&quot;,&quot;pointer&quot;:&quot;/items/properties/tags/items&quot;}&#10;    domain: &quot;syntax&quot;&#10;    ignored: [&quot;$id&quot;]&#10;warning: the following keywords are unknown and will be ignored: [$id, examples]&#10;    level: &quot;warning&quot;&#10;    schema: {&quot;loadingURI&quot;:&quot;#&quot;,&quot;pointer&quot;:&quot;/items/properties/tags/items/properties/id&quot;}&#10;    domain: &quot;syntax&quot;&#10;    ignored: [&quot;$id&quot;,&quot;examples&quot;]&#10;warning: the following keywords are unknown and will be ignored: [$id, examples]&#10;    level: &quot;warning&quot;&#10;    schema: {&quot;loadingURI&quot;:&quot;#&quot;,&quot;pointer&quot;:&quot;/items/properties/tags/items/properties/name&quot;}&#10;    domain: &quot;syntax&quot;&#10;    ignored: [&quot;$id&quot;,&quot;examples&quot;]&#10;warning: the following keywords are unknown and will be ignored: [$id]&#10;    level: &quot;warning&quot;&#10;    schema: {&quot;loadingURI&quot;:&quot;#&quot;,&quot;pointer&quot;:&quot;/items&quot;}&#10;    domain: &quot;syntax&quot;&#10;    ignored: [&quot;$id&quot;]&#10;warning: the following keywords are unknown and will be ignored: [$id]&#10;    level: &quot;warning&quot;&#10;    schema: {&quot;loadingURI&quot;:&quot;#&quot;,&quot;pointer&quot;:&quot;/items/properties/category&quot;}&#10;    domain: &quot;syntax&quot;&#10;    ignored: [&quot;$id&quot;]&#10;warning: the following keywords are unknown and will be ignored: [$id, examples]&#10;    level: &quot;warning&quot;&#10;    schema: {&quot;loadingURI&quot;:&quot;#&quot;,&quot;pointer&quot;:&quot;/items/properties/category/properties/id&quot;}&#10;    domain: &quot;syntax&quot;&#10;    ignored: [&quot;$id&quot;,&quot;examples&quot;]&#10;warning: the following keywords are unknown and will be ignored: [$id, examples]&#10;    level: &quot;warning&quot;&#10;    schema: {&quot;loadingURI&quot;:&quot;#&quot;,&quot;pointer&quot;:&quot;/items/properties/category/properties/name&quot;}&#10;    domain: &quot;syntax&quot;&#10;    ignored: [&quot;$id&quot;,&quot;examples&quot;]&#10;warning: the following keywords are unknown and will be ignored: [$id, examples]&#10;    level: &quot;warning&quot;&#10;    schema: {&quot;loadingURI&quot;:&quot;#&quot;,&quot;pointer&quot;:&quot;/items/properties/id&quot;}&#10;    domain: &quot;syntax&quot;&#10;    ignored: [&quot;$id&quot;,&quot;examples&quot;]&#10;warning: the following keywords are unknown and will be ignored: [$id, examples]&#10;    level: &quot;warning&quot;&#10;    schema: {&quot;loadingURI&quot;:&quot;#&quot;,&quot;pointer&quot;:&quot;/items/properties/name&quot;}&#10;    domain: &quot;syntax&quot;&#10;    ignored: [&quot;$id&quot;,&quot;examples&quot;]&#10;warning: the following keywords are unknown and will be ignored: [$id]&#10;    level: &quot;warning&quot;&#10;    schema: {&quot;loadingURI&quot;:&quot;#&quot;,&quot;pointer&quot;:&quot;/items/properties/photoUrls&quot;}&#10;    domain: &quot;syntax&quot;&#10;    ignored: [&quot;$id&quot;]&#10;warning: the following keywords are unknown and will be ignored: [$id, examples]&#10;    level: &quot;warning&quot;&#10;    schema: {&quot;loadingURI&quot;:&quot;#&quot;,&quot;pointer&quot;:&quot;/items/properties/photoUrls/items&quot;}&#10;    domain: &quot;syntax&quot;&#10;    ignored: [&quot;$id&quot;,&quot;examples&quot;]&#10;warning: the following keywords are unknown and will be ignored: [$id, examples]&#10;    level: &quot;warning&quot;&#10;    schema: {&quot;loadingURI&quot;:&quot;#&quot;,&quot;pointer&quot;:&quot;/items/properties/status&quot;}&#10;    domain: &quot;syntax&quot;&#10;    ignored: [&quot;$id&quot;,&quot;examples&quot;]&#10;warning: the following keywords are unknown and will be ignored: [$id]&#10;    level: &quot;warning&quot;&#10;    schema: {&quot;loadingURI&quot;:&quot;#&quot;,&quot;pointer&quot;:&quot;/items/properties/tags&quot;}&#10;    domain: &quot;syntax&quot;&#10;    ignored: [&quot;$id&quot;]&#10;warning: the following keywords are unknown and will be ignored: [$id]&#10;    level: &quot;warning&quot;&#10;    schema: {&quot;loadingURI&quot;:&quot;#&quot;,&quot;pointer&quot;:&quot;/items/properties/tags/items&quot;}&#10;    domain: &quot;syntax&quot;&#10;    ignored: [&quot;$id&quot;]&#10;warning: the following keywords are unknown and will be ignored: [$id, examples]&#10;    level: &quot;warning&quot;&#10;    schema: {&quot;loadingURI&quot;:&quot;#&quot;,&quot;pointer&quot;:&quot;/items/properties/tags/items/properties/id&quot;}&#10;    domain: &quot;syntax&quot;&#10;    ignored: [&quot;$id&quot;,&quot;examples&quot;]&#10;warning: the following keywords are unknown and will be ignored: [$id, examples]&#10;    level: &quot;warning&quot;&#10;    schema: {&quot;loadingURI&quot;:&quot;#&quot;,&quot;pointer&quot;:&quot;/items/properties/tags/items/properties/name&quot;}&#10;    domain: &quot;syntax&quot;&#10;    ignored: [&quot;$id&quot;,&quot;examples&quot;]&#10;warning: the following keywords are unknown and will be ignored: [$id]&#10;    level: &quot;warning&quot;&#10;    schema: {&quot;loadingURI&quot;:&quot;#&quot;,&quot;pointer&quot;:&quot;/items&quot;}&#10;    domain: &quot;syntax&quot;&#10;    ignored: [&quot;$id&quot;]&#10;warning: the following keywords are unknown and will be ignored: [$id]&#10;    level: &quot;warning&quot;&#10;    schema: {&quot;loadingURI&quot;:&quot;#&quot;,&quot;pointer&quot;:&quot;/items/properties/category&quot;}&#10;    domain: &quot;syntax&quot;&#10;    ignored: [&quot;$id&quot;]&#10;warning: the following keywords are unknown and will be ignored: [$id, examples]&#10;    level: &quot;warning&quot;&#10;    schema: {&quot;loadingURI&quot;:&quot;#&quot;,&quot;pointer&quot;:&quot;/items/properties/category/properties/id&quot;}&#10;    domain: &quot;syntax&quot;&#10;    ignored: [&quot;$id&quot;,&quot;examples&quot;]&#10;warning: the following keywords are unknown and will be ignored: [$id, examples]&#10;    level: &quot;warning&quot;&#10;    schema: {&quot;loadingURI&quot;:&quot;#&quot;,&quot;pointer&quot;:&quot;/items/properties/category/properties/name&quot;}&#10;    domain: &quot;syntax&quot;&#10;    ignored: [&quot;$id&quot;,&quot;examples&quot;]&#10;warning: the following keywords are unknown and will be ignored: [$id, examples]&#10;    level: &quot;warning&quot;&#10;    schema: {&quot;loadingURI&quot;:&quot;#&quot;,&quot;pointer&quot;:&quot;/items/properties/id&quot;}&#10;    domain: &quot;syntax&quot;&#10;    ignored: [&quot;$id&quot;,&quot;examples&quot;]&#10;warning: the following keywords are unknown and will be ignored: [$id, examples]&#10;    level: &quot;warning&quot;&#10;    schema: {&quot;loadingURI&quot;:&quot;#&quot;,&quot;pointer&quot;:&quot;/items/properties/name&quot;}&#10;    domain: &quot;syntax&quot;&#10;    ignored: [&quot;$id&quot;,&quot;examples&quot;]&#10;warning: the following keywords are unknown and will be ignored: [$id]&#10;    level: &quot;warning&quot;&#10;    schema: {&quot;loadingURI&quot;:&quot;#&quot;,&quot;pointer&quot;:&quot;/items/properties/photoUrls&quot;}&#10;    domain: &quot;syntax&quot;&#10;    ignored: [&quot;$id&quot;]&#10;warning: the following keywords are unknown and will be ignored: [$id, examples]&#10;    level: &quot;warning&quot;&#10;    schema: {&quot;loadingURI&quot;:&quot;#&quot;,&quot;pointer&quot;:&quot;/items/properties/photoUrls/items&quot;}&#10;    domain: &quot;syntax&quot;&#10;    ignored: [&quot;$id&quot;,&quot;examples&quot;]&#10;warning: the following keywords are unknown and will be ignored: [$id, examples]&#10;    level: &quot;warning&quot;&#10;    schema: {&quot;loadingURI&quot;:&quot;#&quot;,&quot;pointer&quot;:&quot;/items/properties/status&quot;}&#10;    domain: &quot;syntax&quot;&#10;    ignored: [&quot;$id&quot;,&quot;examples&quot;]&#10;warning: the following keywords are unknown and will be ignored: [$id]&#10;    level: &quot;warning&quot;&#10;    schema: {&quot;loadingURI&quot;:&quot;#&quot;,&quot;pointer&quot;:&quot;/items/properties/tags&quot;}&#10;    domain: &quot;syntax&quot;&#10;    ignored: [&quot;$id&quot;]&#10;warning: the following keywords are unknown and will be ignored: [$id]&#10;    level: &quot;warning&quot;&#10;    schema: {&quot;loadingURI&quot;:&quot;#&quot;,&quot;pointer&quot;:&quot;/items/properties/tags/items&quot;}&#10;    domain: &quot;syntax&quot;&#10;    ignored: [&quot;$id&quot;]&#10;warning: the following keywords are unknown and will be ignored: [$id, examples]&#10;    level: &quot;warning&quot;&#10;    schema: {&quot;loadingURI&quot;:&quot;#&quot;,&quot;pointer&quot;:&quot;/items/properties/tags/items/properties/id&quot;}&#10;    domain: &quot;syntax&quot;&#10;    ignored: [&quot;$id&quot;,&quot;examples&quot;]&#10;warning: the following keywords are unknown and will be ignored: [$id, examples]&#10;    level: &quot;warning&quot;&#10;    schema: {&quot;loadingURI&quot;:&quot;#&quot;,&quot;pointer&quot;:&quot;/items/properties/tags/items/properties/name&quot;}&#10;    domain: &quot;syntax&quot;&#10;    ignored: [&quot;$id&quot;,&quot;examples&quot;]&#10;warning: the following keywords are unknown and will be ignored: [$id]&#10;    level: &quot;warning&quot;&#10;    schema: {&quot;loadingURI&quot;:&quot;#&quot;,&quot;pointer&quot;:&quot;/items&quot;}&#10;    domain: &quot;syntax&quot;&#10;    ignored: [&quot;$id&quot;]&#10;warning: the following keywords are unknown and will be ignored: [$id]&#10;    level: &quot;warning&quot;&#10;    schema: {&quot;loadingURI&quot;:&quot;#&quot;,&quot;pointer&quot;:&quot;/items/properties/category&quot;}&#10;    domain: &quot;syntax&quot;&#10;    ignored: [&quot;$id&quot;]&#10;warning: the following keywords are unknown and will be ignored: [$id, examples]&#10;    level: &quot;warning&quot;&#10;    schema: {&quot;loadingURI&quot;:&quot;#&quot;,&quot;pointer&quot;:&quot;/items/properties/category/properties/id&quot;}&#10;    domain: &quot;syntax&quot;&#10;    ignored: [&quot;$id&quot;,&quot;examples&quot;]&#10;warning: the following keywords are unknown and will be ignored: [$id, examples]&#10;    level: &quot;warning&quot;&#10;    schema: {&quot;loadingURI&quot;:&quot;#&quot;,&quot;pointer&quot;:&quot;/items/properties/category/properties/name&quot;}&#10;    domain: &quot;syntax&quot;&#10;    ignored: [&quot;$id&quot;,&quot;examples&quot;]&#10;warning: the following keywords are unknown and will be ignored: [$id, examples]&#10;    level: &quot;warning&quot;&#10;    schema: {&quot;loadingURI&quot;:&quot;#&quot;,&quot;pointer&quot;:&quot;/items/properties/id&quot;}&#10;    domain: &quot;syntax&quot;&#10;    ignored: [&quot;$id&quot;,&quot;examples&quot;]&#10;warning: the following keywords are unknown and will be ignored: [$id, examples]&#10;    level: &quot;warning&quot;&#10;    schema: {&quot;loadingURI&quot;:&quot;#&quot;,&quot;pointer&quot;:&quot;/items/properties/name&quot;}&#10;    domain: &quot;syntax&quot;&#10;    ignored: [&quot;$id&quot;,&quot;examples&quot;]&#10;warning: the following keywords are unknown and will be ignored: [$id]&#10;    level: &quot;warning&quot;&#10;    schema: {&quot;loadingURI&quot;:&quot;#&quot;,&quot;pointer&quot;:&quot;/items/properties/photoUrls&quot;}&#10;    domain: &quot;syntax&quot;&#10;    ignored: [&quot;$id&quot;]&#10;warning: the following keywords are unknown and will be ignored: [$id, examples]&#10;    level: &quot;warning&quot;&#10;    schema: {&quot;loadingURI&quot;:&quot;#&quot;,&quot;pointer&quot;:&quot;/items/properties/photoUrls/items&quot;}&#10;    domain: &quot;syntax&quot;&#10;    ignored: [&quot;$id&quot;,&quot;examples&quot;]&#10;warning: the following keywords are unknown and will be ignored: [$id, examples]&#10;    level: &quot;warning&quot;&#10;    schema: {&quot;loadingURI&quot;:&quot;#&quot;,&quot;pointer&quot;:&quot;/items/properties/status&quot;}&#10;    domain: &quot;syntax&quot;&#10;    ignored: [&quot;$id&quot;,&quot;examples&quot;]&#10;warning: the following keywords are unknown and will be ignored: [$id]&#10;    level: &quot;warning&quot;&#10;    schema: {&quot;loadingURI&quot;:&quot;#&quot;,&quot;pointer&quot;:&quot;/items/properties/tags&quot;}&#10;    domain: &quot;syntax&quot;&#10;    ignored: [&quot;$id&quot;]&#10;warning: the following keywords are unknown and will be ignored: [$id]&#10;    level: &quot;warning&quot;&#10;    schema: {&quot;loadingURI&quot;:&quot;#&quot;,&quot;pointer&quot;:&quot;/items/properties/tags/items&quot;}&#10;    domain: &quot;syntax&quot;&#10;    ignored: [&quot;$id&quot;]&#10;warning: the following keywords are unknown and will be ignored: [$id, examples]&#10;    level: &quot;warning&quot;&#10;    schema: {&quot;loadingURI&quot;:&quot;#&quot;,&quot;pointer&quot;:&quot;/items/properties/tags/items/properties/id&quot;}&#10;    domain: &quot;syntax&quot;&#10;    ignored: [&quot;$id&quot;,&quot;examples&quot;]&#10;warning: the following keywords are unknown and will be ignored: [$id, examples]&#10;    level: &quot;warning&quot;&#10;    schema: {&quot;loadingURI&quot;:&quot;#&quot;,&quot;pointer&quot;:&quot;/items/properties/tags/items/properties/name&quot;}&#10;    domain: &quot;syntax&quot;&#10;    ignored: [&quot;$id&quot;,&quot;examples&quot;]&#10;warning: the following keywords are unknown and will be ignored: [$id]&#10;    level: &quot;warning&quot;&#10;    schema: {&quot;loadingURI&quot;:&quot;#&quot;,&quot;pointer&quot;:&quot;/items&quot;}&#10;    domain: &quot;syntax&quot;&#10;    ignored: [&quot;$id&quot;]&#10;warning: the following keywords are unknown and will be ignored: [$id]&#10;    level: &quot;warning&quot;&#10;    schema: {&quot;loadingURI&quot;:&quot;#&quot;,&quot;pointer&quot;:&quot;/items/properties/category&quot;}&#10;    domain: &quot;syntax&quot;&#10;    ignored: [&quot;$id&quot;]&#10;warning: the following keywords are unknown and will be ignored: [$id, examples]&#10;    level: &quot;warning&quot;&#10;    schema: {&quot;loadingURI&quot;:&quot;#&quot;,&quot;pointer&quot;:&quot;/items/properties/category/properties/id&quot;}&#10;    domain: &quot;syntax&quot;&#10;    ignored: [&quot;$id&quot;,&quot;examples&quot;]&#10;warning: the following keywords are unknown and will be ignored: [$id, examples]&#10;    level: &quot;warning&quot;&#10;    schema: {&quot;loadingURI&quot;:&quot;#&quot;,&quot;pointer&quot;:&quot;/items/properties/category/properties/name&quot;}&#10;    domain: &quot;syntax&quot;&#10;    ignored: [&quot;$id&quot;,&quot;examples&quot;]&#10;warning: the following keywords are unknown and will be ignored: [$id, examples]&#10;    level: &quot;warning&quot;&#10;    schema: {&quot;loadingURI&quot;:&quot;#&quot;,&quot;pointer&quot;:&quot;/items/properties/id&quot;}&#10;    domain: &quot;syntax&quot;&#10;    ignored: [&quot;$id&quot;,&quot;examples&quot;]&#10;warning: the following keywords are unknown and will be ignored: [$id, examples]&#10;    level: &quot;warning&quot;&#10;    schema: {&quot;loadingURI&quot;:&quot;#&quot;,&quot;pointer&quot;:&quot;/items/properties/name&quot;}&#10;    domain: &quot;syntax&quot;&#10;    ignored: [&quot;$id&quot;,&quot;examples&quot;]&#10;warning: the following keywords are unknown and will be ignored: [$id]&#10;    level: &quot;warning&quot;&#10;    schema: {&quot;loadingURI&quot;:&quot;#&quot;,&quot;pointer&quot;:&quot;/items/properties/photoUrls&quot;}&#10;    domain: &quot;syntax&quot;&#10;    ignored: [&quot;$id&quot;]&#10;warning: the following keywords are unknown and will be ignored: [$id, examples]&#10;    level: &quot;warning&quot;&#10;    schema: {&quot;loadingURI&quot;:&quot;#&quot;,&quot;pointer&quot;:&quot;/items/properties/photoUrls/items&quot;}&#10;    domain: &quot;syntax&quot;&#10;    ignored: [&quot;$id&quot;,&quot;examples&quot;]&#10;warning: the following keywords are unknown and will be ignored: [$id, examples]&#10;    level: &quot;warning&quot;&#10;    schema: {&quot;loadingURI&quot;:&quot;#&quot;,&quot;pointer&quot;:&quot;/items/properties/status&quot;}&#10;    domain: &quot;syntax&quot;&#10;    ignored: [&quot;$id&quot;,&quot;examples&quot;]&#10;warning: the following keywords are unknown and will be ignored: [$id]&#10;    level: &quot;warning&quot;&#10;    schema: {&quot;loadingURI&quot;:&quot;#&quot;,&quot;pointer&quot;:&quot;/items/properties/tags&quot;}&#10;    domain: &quot;syntax&quot;&#10;    ignored: [&quot;$id&quot;]&#10;warning: the following keywords are unknown and will be ignored: [$id]&#10;    level: &quot;warning&quot;&#10;    schema: {&quot;loadingURI&quot;:&quot;#&quot;,&quot;pointer&quot;:&quot;/items/properties/tags/items&quot;}&#10;    domain: &quot;syntax&quot;&#10;    ignored: [&quot;$id&quot;]&#10;warning: the following keywords are unknown and will be ignored: [$id, examples]&#10;    level: &quot;warning&quot;&#10;    schema: {&quot;loadingURI&quot;:&quot;#&quot;,&quot;pointer&quot;:&quot;/items/properties/tags/items/properties/id&quot;}&#10;    domain: &quot;syntax&quot;&#10;    ignored: [&quot;$id&quot;,&quot;examples&quot;]&#10;warning: the following keywords are unknown and will be ignored: [$id, examples]&#10;    level: &quot;warning&quot;&#10;    schema: {&quot;loadingURI&quot;:&quot;#&quot;,&quot;pointer&quot;:&quot;/items/properties/tags/items/properties/name&quot;}&#10;    domain: &quot;syntax&quot;&#10;    ignored: [&quot;$id&quot;,&quot;examples&quot;]&#10;warning: the following keywords are unknown and will be ignored: [$id]&#10;    level: &quot;warning&quot;&#10;    schema: {&quot;loadingURI&quot;:&quot;#&quot;,&quot;pointer&quot;:&quot;/items&quot;}&#10;    domain: &quot;syntax&quot;&#10;    ignored: [&quot;$id&quot;]&#10;warning: the following keywords are unknown and will be ignored: [$id]&#10;    level: &quot;warning&quot;&#10;    schema: {&quot;loadingURI&quot;:&quot;#&quot;,&quot;pointer&quot;:&quot;/items/properties/category&quot;}&#10;    domain: &quot;syntax&quot;&#10;    ignored: [&quot;$id&quot;]&#10;warning: the following keywords are unknown and will be ignored: [$id, examples]&#10;    level: &quot;warning&quot;&#10;    schema: {&quot;loadingURI&quot;:&quot;#&quot;,&quot;pointer&quot;:&quot;/items/properties/category/properties/id&quot;}&#10;    domain: &quot;syntax&quot;&#10;    ignored: [&quot;$id&quot;,&quot;examples&quot;]&#10;warning: the following keywords are unknown and will be ignored: [$id, examples]&#10;    level: &quot;warning&quot;&#10;    schema: {&quot;loadingURI&quot;:&quot;#&quot;,&quot;pointer&quot;:&quot;/items/properties/category/properties/name&quot;}&#10;    domain: &quot;syntax&quot;&#10;    ignored: [&quot;$id&quot;,&quot;examples&quot;]&#10;warning: the following keywords are unknown and will be ignored: [$id, examples]&#10;    level: &quot;warning&quot;&#10;    schema: {&quot;loadingURI&quot;:&quot;#&quot;,&quot;pointer&quot;:&quot;/items/properties/id&quot;}&#10;    domain: &quot;syntax&quot;&#10;    ignored: [&quot;$id&quot;,&quot;examples&quot;]&#10;warning: the following keywords are unknown and will be ignored: [$id, examples]&#10;    level: &quot;warning&quot;&#10;    schema: {&quot;loadingURI&quot;:&quot;#&quot;,&quot;pointer&quot;:&quot;/items/properties/name&quot;}&#10;    domain: &quot;syntax&quot;&#10;    ignored: [&quot;$id&quot;,&quot;examples&quot;]&#10;warning: the following keywords are unknown and will be ignored: [$id]&#10;    level: &quot;warning&quot;&#10;    schema: {&quot;loadingURI&quot;:&quot;#&quot;,&quot;pointer&quot;:&quot;/items/properties/photoUrls&quot;}&#10;    domain: &quot;syntax&quot;&#10;    ignored: [&quot;$id&quot;]&#10;warning: the following keywords are unknown and will be ignored: [$id, examples]&#10;    level: &quot;warning&quot;&#10;    schema: {&quot;loadingURI&quot;:&quot;#&quot;,&quot;pointer&quot;:&quot;/items/properties/photoUrls/items&quot;}&#10;    domain: &quot;syntax&quot;&#10;    ignored: [&quot;$id&quot;,&quot;examples&quot;]&#10;warning: the following keywords are unknown and will be ignored: [$id, examples]&#10;    level: &quot;warning&quot;&#10;    schema: {&quot;loadingURI&quot;:&quot;#&quot;,&quot;pointer&quot;:&quot;/items/properties/status&quot;}&#10;    domain: &quot;syntax&quot;&#10;    ignored: [&quot;$id&quot;,&quot;examples&quot;]&#10;warning: the following keywords are unknown and will be ignored: [$id]&#10;    level: &quot;warning&quot;&#10;    schema: {&quot;loadingURI&quot;:&quot;#&quot;,&quot;pointer&quot;:&quot;/items/properties/tags&quot;}&#10;    domain: &quot;syntax&quot;&#10;    ignored: [&quot;$id&quot;]&#10;warning: the following keywords are unknown and will be ignored: [$id]&#10;    level: &quot;warning&quot;&#10;    schema: {&quot;loadingURI&quot;:&quot;#&quot;,&quot;pointer&quot;:&quot;/items/properties/tags/items&quot;}&#10;    domain: &quot;syntax&quot;&#10;    ignored: [&quot;$id&quot;]&#10;warning: the following keywords are unknown and will be ignored: [$id, examples]&#10;    level: &quot;warning&quot;&#10;    schema: {&quot;loadingURI&quot;:&quot;#&quot;,&quot;pointer&quot;:&quot;/items/properties/tags/items/properties/id&quot;}&#10;    domain: &quot;syntax&quot;&#10;    ignored: [&quot;$id&quot;,&quot;examples&quot;]&#10;warning: the following keywords are unknown and will be ignored: [$id, examples]&#10;    level: &quot;warning&quot;&#10;    schema: {&quot;loadingURI&quot;:&quot;#&quot;,&quot;pointer&quot;:&quot;/items/properties/tags/items/properties/name&quot;}&#10;    domain: &quot;syntax&quot;&#10;    ignored: [&quot;$id&quot;,&quot;examples&quot;]&#10;warning: the following keywords are unknown and will be ignored: [$id]&#10;    level: &quot;warning&quot;&#10;    schema: {&quot;loadingURI&quot;:&quot;#&quot;,&quot;pointer&quot;:&quot;/items&quot;}&#10;    domain: &quot;syntax&quot;&#10;    ignored: [&quot;$id&quot;]&#10;warning: the following keywords are unknown and will be ignored: [$id]&#10;    level: &quot;warning&quot;&#10;    schema: {&quot;loadingURI&quot;:&quot;#&quot;,&quot;pointer&quot;:&quot;/items/properties/category&quot;}&#10;    domain: &quot;syntax&quot;&#10;    ignored: [&quot;$id&quot;]&#10;warning: the following keywords are unknown and will be ignored: [$id, examples]&#10;    level: &quot;warning&quot;&#10;    schema: {&quot;loadingURI&quot;:&quot;#&quot;,&quot;pointer&quot;:&quot;/items/properties/category/properties/id&quot;}&#10;    domain: &quot;syntax&quot;&#10;    ignored: [&quot;$id&quot;,&quot;examples&quot;]&#10;warning: the following keywords are unknown and will be ignored: [$id, examples]&#10;    level: &quot;warning&quot;&#10;    schema: {&quot;loadingURI&quot;:&quot;#&quot;,&quot;pointer&quot;:&quot;/items/properties/category/properties/name&quot;}&#10;    domain: &quot;syntax&quot;&#10;    ignored: [&quot;$id&quot;,&quot;examples&quot;]&#10;warning: the following keywords are unknown and will be ignored: [$id, examples]&#10;    level: &quot;warning&quot;&#10;    schema: {&quot;loadingURI&quot;:&quot;#&quot;,&quot;pointer&quot;:&quot;/items/properties/id&quot;}&#10;    domain: &quot;syntax&quot;&#10;    ignored: [&quot;$id&quot;,&quot;examples&quot;]&#10;warning: the following keywords are unknown and will be ignored: [$id, examples]&#10;    level: &quot;warning&quot;&#10;    schema: {&quot;loadingURI&quot;:&quot;#&quot;,&quot;pointer&quot;:&quot;/items/properties/name&quot;}&#10;    domain: &quot;syntax&quot;&#10;    ignored: [&quot;$id&quot;,&quot;examples&quot;]&#10;warning: the following keywords are unknown and will be ignored: [$id]&#10;    level: &quot;warning&quot;&#10;    schema: {&quot;loadingURI&quot;:&quot;#&quot;,&quot;pointer&quot;:&quot;/items/properties/photoUrls&quot;}&#10;    domain: &quot;syntax&quot;&#10;    ignored: [&quot;$id&quot;]&#10;warning: the following keywords are unknown and will be ignored: [$id, examples]&#10;    level: &quot;warning&quot;&#10;    schema: {&quot;loadingURI&quot;:&quot;#&quot;,&quot;pointer&quot;:&quot;/items/properties/photoUrls/items&quot;}&#10;    domain: &quot;syntax&quot;&#10;    ignored: [&quot;$id&quot;,&quot;examples&quot;]&#10;warning: the following keywords are unknown and will be ignored: [$id, examples]&#10;    level: &quot;warning&quot;&#10;    schema: {&quot;loadingURI&quot;:&quot;#&quot;,&quot;pointer&quot;:&quot;/items/properties/status&quot;}&#10;    domain: &quot;syntax&quot;&#10;    ignored: [&quot;$id&quot;,&quot;examples&quot;]&#10;warning: the following keywords are unknown and will be ignored: [$id]&#10;    level: &quot;warning&quot;&#10;    schema: {&quot;loadingURI&quot;:&quot;#&quot;,&quot;pointer&quot;:&quot;/items/properties/tags&quot;}&#10;    domain: &quot;syntax&quot;&#10;    ignored: [&quot;$id&quot;]&#10;warning: the following keywords are unknown and will be ignored: [$id]&#10;    level: &quot;warning&quot;&#10;    schema: {&quot;loadingURI&quot;:&quot;#&quot;,&quot;pointer&quot;:&quot;/items/properties/tags/items&quot;}&#10;    domain: &quot;syntax&quot;&#10;    ignored: [&quot;$id&quot;]&#10;warning: the following keywords are unknown and will be ignored: [$id, examples]&#10;    level: &quot;warning&quot;&#10;    schema: {&quot;loadingURI&quot;:&quot;#&quot;,&quot;pointer&quot;:&quot;/items/properties/tags/items/properties/id&quot;}&#10;    domain: &quot;syntax&quot;&#10;    ignored: [&quot;$id&quot;,&quot;examples&quot;]&#10;warning: the following keywords are unknown and will be ignored: [$id, examples]&#10;    level: &quot;warning&quot;&#10;    schema: {&quot;loadingURI&quot;:&quot;#&quot;,&quot;pointer&quot;:&quot;/items/properties/tags/items/properties/name&quot;}&#10;    domain: &quot;syntax&quot;&#10;    ignored: [&quot;$id&quot;,&quot;examples&quot;]&#10;warning: the following keywords are unknown and will be ignored: [$id]&#10;    level: &quot;warning&quot;&#10;    schema: {&quot;loadingURI&quot;:&quot;#&quot;,&quot;pointer&quot;:&quot;/items&quot;}&#10;    domain: &quot;syntax&quot;&#10;    ignored: [&quot;$id&quot;]&#10;warning: the following keywords are unknown and will be ignored: [$id]&#10;    level: &quot;warning&quot;&#10;    schema: {&quot;loadingURI&quot;:&quot;#&quot;,&quot;pointer&quot;:&quot;/items/properties/category&quot;}&#10;    domain: &quot;syntax&quot;&#10;    ignored: [&quot;$id&quot;]&#10;warning: the following keywords are unknown and will be ignored: [$id, examples]&#10;    level: &quot;warning&quot;&#10;    schema: {&quot;loadingURI&quot;:&quot;#&quot;,&quot;pointer&quot;:&quot;/items/properties/category/properties/id&quot;}&#10;    domain: &quot;syntax&quot;&#10;    ignored: [&quot;$id&quot;,&quot;examples&quot;]&#10;warning: the following keywords are unknown and will be ignored: [$id, examples]&#10;    level: &quot;warning&quot;&#10;    schema: {&quot;loadingURI&quot;:&quot;#&quot;,&quot;pointer&quot;:&quot;/items/properties/category/properties/name&quot;}&#10;    domain: &quot;syntax&quot;&#10;    ignored: [&quot;$id&quot;,&quot;examples&quot;]&#10;warning: the following keywords are unknown and will be ignored: [$id, examples]&#10;    level: &quot;warning&quot;&#10;    schema: {&quot;loadingURI&quot;:&quot;#&quot;,&quot;pointer&quot;:&quot;/items/properties/id&quot;}&#10;    domain: &quot;syntax&quot;&#10;    ignored: [&quot;$id&quot;,&quot;examples&quot;]&#10;warning: the following keywords are unknown and will be ignored: [$id, examples]&#10;    level: &quot;warning&quot;&#10;    schema: {&quot;loadingURI&quot;:&quot;#&quot;,&quot;pointer&quot;:&quot;/items/properties/name&quot;}&#10;    domain: &quot;syntax&quot;&#10;    ignored: [&quot;$id&quot;,&quot;examples&quot;]&#10;warning: the following keywords are unknown and will be ignored: [$id]&#10;    level: &quot;warning&quot;&#10;    schema: {&quot;loadingURI&quot;:&quot;#&quot;,&quot;pointer&quot;:&quot;/items/properties/photoUrls&quot;}&#10;    domain: &quot;syntax&quot;&#10;    ignored: [&quot;$id&quot;]&#10;warning: the following keywords are unknown and will be ignored: [$id, examples]&#10;    level: &quot;warning&quot;&#10;    schema: {&quot;loadingURI&quot;:&quot;#&quot;,&quot;pointer&quot;:&quot;/items/properties/photoUrls/items&quot;}&#10;    domain: &quot;syntax&quot;&#10;    ignored: [&quot;$id&quot;,&quot;examples&quot;]&#10;warning: the following keywords are unknown and will be ignored: [$id, examples]&#10;    level: &quot;warning&quot;&#10;    schema: {&quot;loadingURI&quot;:&quot;#&quot;,&quot;pointer&quot;:&quot;/items/properties/status&quot;}&#10;    domain: &quot;syntax&quot;&#10;    ignored: [&quot;$id&quot;,&quot;examples&quot;]&#10;warning: the following keywords are unknown and will be ignored: [$id]&#10;    level: &quot;warning&quot;&#10;    schema: {&quot;loadingURI&quot;:&quot;#&quot;,&quot;pointer&quot;:&quot;/items/properties/tags&quot;}&#10;    domain: &quot;syntax&quot;&#10;    ignored: [&quot;$id&quot;]&#10;warning: the following keywords are unknown and will be ignored: [$id]&#10;    level: &quot;warning&quot;&#10;    schema: {&quot;loadingURI&quot;:&quot;#&quot;,&quot;pointer&quot;:&quot;/items/properties/tags/items&quot;}&#10;    domain: &quot;syntax&quot;&#10;    ignored: [&quot;$id&quot;]&#10;warning: the following keywords are unknown and will be ignored: [$id, examples]&#10;    level: &quot;warning&quot;&#10;    schema: {&quot;loadingURI&quot;:&quot;#&quot;,&quot;pointer&quot;:&quot;/items/properties/tags/items/properties/id&quot;}&#10;    domain: &quot;syntax&quot;&#10;    ignored: [&quot;$id&quot;,&quot;examples&quot;]&#10;warning: the following keywords are unknown and will be ignored: [$id, examples]&#10;    level: &quot;warning&quot;&#10;    schema: {&quot;loadingURI&quot;:&quot;#&quot;,&quot;pointer&quot;:&quot;/items/properties/tags/items/properties/name&quot;}&#10;    domain: &quot;syntax&quot;&#10;    ignored: [&quot;$id&quot;,&quot;examples&quot;]&#10;warning: the following keywords are unknown and will be ignored: [$id]&#10;    level: &quot;warning&quot;&#10;    schema: {&quot;loadingURI&quot;:&quot;#&quot;,&quot;pointer&quot;:&quot;/items&quot;}&#10;    domain: &quot;syntax&quot;&#10;    ignored: [&quot;$id&quot;]&#10;warning: the following keywords are unknown and will be ignored: [$id]&#10;    level: &quot;warning&quot;&#10;    schema: {&quot;loadingURI&quot;:&quot;#&quot;,&quot;pointer&quot;:&quot;/items/properties/category&quot;}&#10;    domain: &quot;syntax&quot;&#10;    ignored: [&quot;$id&quot;]&#10;warning: the following keywords are unknown and will be ignored: [$id, examples]&#10;    level: &quot;warning&quot;&#10;    schema: {&quot;loadingURI&quot;:&quot;#&quot;,&quot;pointer&quot;:&quot;/items/properties/category/properties/id&quot;}&#10;    domain: &quot;syntax&quot;&#10;    ignored: [&quot;$id&quot;,&quot;examples&quot;]&#10;warning: the following keywords are unknown and will be ignored: [$id, examples]&#10;    level: &quot;warning&quot;&#10;    schema: {&quot;loadingURI&quot;:&quot;#&quot;,&quot;pointer&quot;:&quot;/items/properties/category/properties/name&quot;}&#10;    domain: &quot;syntax&quot;&#10;    ignored: [&quot;$id&quot;,&quot;examples&quot;]&#10;warning: the following keywords are unknown and will be ignored: [$id, examples]&#10;    level: &quot;warning&quot;&#10;    schema: {&quot;loadingURI&quot;:&quot;#&quot;,&quot;pointer&quot;:&quot;/items/properties/id&quot;}&#10;    domain: &quot;syntax&quot;&#10;    ignored: [&quot;$id&quot;,&quot;examples&quot;]&#10;warning: the following keywords are unknown and will be ignored: [$id, examples]&#10;    level: &quot;warning&quot;&#10;    schema: {&quot;loadingURI&quot;:&quot;#&quot;,&quot;pointer&quot;:&quot;/items/properties/name&quot;}&#10;    domain: &quot;syntax&quot;&#10;    ignored: [&quot;$id&quot;,&quot;examples&quot;]&#10;warning: the following keywords are unknown and will be ignored: [$id]&#10;    level: &quot;warning&quot;&#10;    schema: {&quot;loadingURI&quot;:&quot;#&quot;,&quot;pointer&quot;:&quot;/items/properties/photoUrls&quot;}&#10;    domain: &quot;syntax&quot;&#10;    ignored: [&quot;$id&quot;]&#10;warning: the following keywords are unknown and will be ignored: [$id, examples]&#10;    level: &quot;warning&quot;&#10;    schema: {&quot;loadingURI&quot;:&quot;#&quot;,&quot;pointer&quot;:&quot;/items/properties/photoUrls/items&quot;}&#10;    domain: &quot;syntax&quot;&#10;    ignored: [&quot;$id&quot;,&quot;examples&quot;]&#10;warning: the following keywords are unknown and will be ignored: [$id, examples]&#10;    level: &quot;warning&quot;&#10;    schema: {&quot;loadingURI&quot;:&quot;#&quot;,&quot;pointer&quot;:&quot;/items/properties/status&quot;}&#10;    domain: &quot;syntax&quot;&#10;    ignored: [&quot;$id&quot;,&quot;examples&quot;]&#10;warning: the following keywords are unknown and will be ignored: [$id]&#10;    level: &quot;warning&quot;&#10;    schema: {&quot;loadingURI&quot;:&quot;#&quot;,&quot;pointer&quot;:&quot;/items/properties/tags&quot;}&#10;    domain: &quot;syntax&quot;&#10;    ignored: [&quot;$id&quot;]&#10;warning: the following keywords are unknown and will be ignored: [$id]&#10;    level: &quot;warning&quot;&#10;    schema: {&quot;loadingURI&quot;:&quot;#&quot;,&quot;pointer&quot;:&quot;/items/properties/tags/items&quot;}&#10;    domain: &quot;syntax&quot;&#10;    ignored: [&quot;$id&quot;]&#10;warning: the following keywords are unknown and will be ignored: [$id, examples]&#10;    level: &quot;warning&quot;&#10;    schema: {&quot;loadingURI&quot;:&quot;#&quot;,&quot;pointer&quot;:&quot;/items/properties/tags/items/properties/id&quot;}&#10;    domain: &quot;syntax&quot;&#10;    ignored: [&quot;$id&quot;,&quot;examples&quot;]&#10;warning: the following keywords are unknown and will be ignored: [$id, examples]&#10;    level: &quot;warning&quot;&#10;    schema: {&quot;loadingURI&quot;:&quot;#&quot;,&quot;pointer&quot;:&quot;/items/properties/tags/items/properties/name&quot;}&#10;    domain: &quot;syntax&quot;&#10;    ignored: [&quot;$id&quot;,&quot;examples&quot;]&#10;warning: the following keywords are unknown and will be ignored: [$id]&#10;    level: &quot;warning&quot;&#10;    schema: {&quot;loadingURI&quot;:&quot;#&quot;,&quot;pointer&quot;:&quot;/items&quot;}&#10;    domain: &quot;syntax&quot;&#10;    ignored: [&quot;$id&quot;]&#10;warning: the following keywords are unknown and will be ignored: [$id]&#10;    level: &quot;warning&quot;&#10;    schema: {&quot;loadingURI&quot;:&quot;#&quot;,&quot;pointer&quot;:&quot;/items/properties/category&quot;}&#10;    domain: &quot;syntax&quot;&#10;    ignored: [&quot;$id&quot;]&#10;warning: the following keywords are unknown and will be ignored: [$id, examples]&#10;    level: &quot;warning&quot;&#10;    schema: {&quot;loadingURI&quot;:&quot;#&quot;,&quot;pointer&quot;:&quot;/items/properties/category/properties/id&quot;}&#10;    domain: &quot;syntax&quot;&#10;    ignored: [&quot;$id&quot;,&quot;examples&quot;]&#10;warning: the following keywords are unknown and will be ignored: [$id, examples]&#10;    level: &quot;warning&quot;&#10;    schema: {&quot;loadingURI&quot;:&quot;#&quot;,&quot;pointer&quot;:&quot;/items/properties/category/properties/name&quot;}&#10;    domain: &quot;syntax&quot;&#10;    ignored: [&quot;$id&quot;,&quot;examples&quot;]&#10;warning: the following keywords are unknown and will be ignored: [$id, examples]&#10;    level: &quot;warning&quot;&#10;    schema: {&quot;loadingURI&quot;:&quot;#&quot;,&quot;pointer&quot;:&quot;/items/properties/id&quot;}&#10;    domain: &quot;syntax&quot;&#10;    ignored: [&quot;$id&quot;,&quot;examples&quot;]&#10;warning: the following keywords are unknown and will be ignored: [$id, examples]&#10;    level: &quot;warning&quot;&#10;    schema: {&quot;loadingURI&quot;:&quot;#&quot;,&quot;pointer&quot;:&quot;/items/properties/name&quot;}&#10;    domain: &quot;syntax&quot;&#10;    ignored: [&quot;$id&quot;,&quot;examples&quot;]&#10;warning: the following keywords are unknown and will be ignored: [$id]&#10;    level: &quot;warning&quot;&#10;    schema: {&quot;loadingURI&quot;:&quot;#&quot;,&quot;pointer&quot;:&quot;/items/properties/photoUrls&quot;}&#10;    domain: &quot;syntax&quot;&#10;    ignored: [&quot;$id&quot;]&#10;warning: the following keywords are unknown and will be ignored: [$id, examples]&#10;    level: &quot;warning&quot;&#10;    schema: {&quot;loadingURI&quot;:&quot;#&quot;,&quot;pointer&quot;:&quot;/items/properties/photoUrls/items&quot;}&#10;    domain: &quot;syntax&quot;&#10;    ignored: [&quot;$id&quot;,&quot;examples&quot;]&#10;warning: the following keywords are unknown and will be ignored: [$id, examples]&#10;    level: &quot;warning&quot;&#10;    schema: {&quot;loadingURI&quot;:&quot;#&quot;,&quot;pointer&quot;:&quot;/items/properties/status&quot;}&#10;    domain: &quot;syntax&quot;&#10;    ignored: [&quot;$id&quot;,&quot;examples&quot;]&#10;warning: the following keywords are unknown and will be ignored: [$id]&#10;    level: &quot;warning&quot;&#10;    schema: {&quot;loadingURI&quot;:&quot;#&quot;,&quot;pointer&quot;:&quot;/items/properties/tags&quot;}&#10;    domain: &quot;syntax&quot;&#10;    ignored: [&quot;$id&quot;]&#10;warning: the following keywords are unknown and will be ignored: [$id]&#10;    level: &quot;warning&quot;&#10;    schema: {&quot;loadingURI&quot;:&quot;#&quot;,&quot;pointer&quot;:&quot;/items/properties/tags/items&quot;}&#10;    domain: &quot;syntax&quot;&#10;    ignored: [&quot;$id&quot;]&#10;warning: the following keywords are unknown and will be ignored: [$id, examples]&#10;    level: &quot;warning&quot;&#10;    schema: {&quot;loadingURI&quot;:&quot;#&quot;,&quot;pointer&quot;:&quot;/items/properties/tags/items/properties/id&quot;}&#10;    domain: &quot;syntax&quot;&#10;    ignored: [&quot;$id&quot;,&quot;examples&quot;]&#10;warning: the following keywords are unknown and will be ignored: [$id, examples]&#10;    level: &quot;warning&quot;&#10;    schema: {&quot;loadingURI&quot;:&quot;#&quot;,&quot;pointer&quot;:&quot;/items/properties/tags/items/properties/name&quot;}&#10;    domain: &quot;syntax&quot;&#10;    ignored: [&quot;$id&quot;,&quot;examples&quot;]&#10;warning: the following keywords are unknown and will be ignored: [$id]&#10;    level: &quot;warning&quot;&#10;    schema: {&quot;loadingURI&quot;:&quot;#&quot;,&quot;pointer&quot;:&quot;/items&quot;}&#10;    domain: &quot;syntax&quot;&#10;    ignored: [&quot;$id&quot;]&#10;warning: the following keywords are unknown and will be ignored: [$id]&#10;    level: &quot;warning&quot;&#10;    schema: {&quot;loadingURI&quot;:&quot;#&quot;,&quot;pointer&quot;:&quot;/items/properties/category&quot;}&#10;    domain: &quot;syntax&quot;&#10;    ignored: [&quot;$id&quot;]&#10;warning: the following keywords are unknown and will be ignored: [$id, examples]&#10;    level: &quot;warning&quot;&#10;    schema: {&quot;loadingURI&quot;:&quot;#&quot;,&quot;pointer&quot;:&quot;/items/properties/category/properties/id&quot;}&#10;    domain: &quot;syntax&quot;&#10;    ignored: [&quot;$id&quot;,&quot;examples&quot;]&#10;warning: the following keywords are unknown and will be ignored: [$id, examples]&#10;    level: &quot;warning&quot;&#10;    schema: {&quot;loadingURI&quot;:&quot;#&quot;,&quot;pointer&quot;:&quot;/items/properties/category/properties/name&quot;}&#10;    domain: &quot;syntax&quot;&#10;    ignored: [&quot;$id&quot;,&quot;examples&quot;]&#10;warning: the following keywords are unknown and will be ignored: [$id, examples]&#10;    level: &quot;warning&quot;&#10;    schema: {&quot;loadingURI&quot;:&quot;#&quot;,&quot;pointer&quot;:&quot;/items/properties/id&quot;}&#10;    domain: &quot;syntax&quot;&#10;    ignored: [&quot;$id&quot;,&quot;examples&quot;]&#10;warning: the following keywords are unknown and will be ignored: [$id, examples]&#10;    level: &quot;warning&quot;&#10;    schema: {&quot;loadingURI&quot;:&quot;#&quot;,&quot;pointer&quot;:&quot;/items/properties/name&quot;}&#10;    domain: &quot;syntax&quot;&#10;    ignored: [&quot;$id&quot;,&quot;examples&quot;]&#10;warning: the following keywords are unknown and will be ignored: [$id]&#10;    level: &quot;warning&quot;&#10;    schema: {&quot;loadingURI&quot;:&quot;#&quot;,&quot;pointer&quot;:&quot;/items/properties/photoUrls&quot;}&#10;    domain: &quot;syntax&quot;&#10;    ignored: [&quot;$id&quot;]&#10;warning: the following keywords are unknown and will be ignored: [$id, examples]&#10;    level: &quot;warning&quot;&#10;    schema: {&quot;loadingURI&quot;:&quot;#&quot;,&quot;pointer&quot;:&quot;/items/properties/photoUrls/items&quot;}&#10;    domain: &quot;syntax&quot;&#10;    ignored: [&quot;$id&quot;,&quot;examples&quot;]&#10;warning: the following keywords are unknown and will be ignored: [$id, examples]&#10;    level: &quot;warning&quot;&#10;    schema: {&quot;loadingURI&quot;:&quot;#&quot;,&quot;pointer&quot;:&quot;/items/properties/status&quot;}&#10;    domain: &quot;syntax&quot;&#10;    ignored: [&quot;$id&quot;,&quot;examples&quot;]&#10;warning: the following keywords are unknown and will be ignored: [$id]&#10;    level: &quot;warning&quot;&#10;    schema: {&quot;loadingURI&quot;:&quot;#&quot;,&quot;pointer&quot;:&quot;/items/properties/tags&quot;}&#10;    domain: &quot;syntax&quot;&#10;    ignored: [&quot;$id&quot;]&#10;warning: the following keywords are unknown and will be ignored: [$id]&#10;    level: &quot;warning&quot;&#10;    schema: {&quot;loadingURI&quot;:&quot;#&quot;,&quot;pointer&quot;:&quot;/items/properties/tags/items&quot;}&#10;    domain: &quot;syntax&quot;&#10;    ignored: [&quot;$id&quot;]&#10;warning: the following keywords are unknown and will be ignored: [$id, examples]&#10;    level: &quot;warning&quot;&#10;    schema: {&quot;loadingURI&quot;:&quot;#&quot;,&quot;pointer&quot;:&quot;/items/properties/tags/items/properties/id&quot;}&#10;    domain: &quot;syntax&quot;&#10;    ignored: [&quot;$id&quot;,&quot;examples&quot;]&#10;warning: the following keywords are unknown and will be ignored: [$id, examples]&#10;    level: &quot;warning&quot;&#10;    schema: {&quot;loadingURI&quot;:&quot;#&quot;,&quot;pointer&quot;:&quot;/items/properties/tags/items/properties/name&quot;}&#10;    domain: &quot;syntax&quot;&#10;    ignored: [&quot;$id&quot;,&quot;examples&quot;]&#10;warning: the following keywords are unknown and will be ignored: [$id]&#10;    level: &quot;warning&quot;&#10;    schema: {&quot;loadingURI&quot;:&quot;#&quot;,&quot;pointer&quot;:&quot;/items&quot;}&#10;    domain: &quot;syntax&quot;&#10;    ignored: [&quot;$id&quot;]&#10;warning: the following keywords are unknown and will be ignored: [$id]&#10;    level: &quot;warning&quot;&#10;    schema: {&quot;loadingURI&quot;:&quot;#&quot;,&quot;pointer&quot;:&quot;/items/properties/category&quot;}&#10;    domain: &quot;syntax&quot;&#10;    ignored: [&quot;$id&quot;]&#10;warning: the following keywords are unknown and will be ignored: [$id, examples]&#10;    level: &quot;warning&quot;&#10;    schema: {&quot;loadingURI&quot;:&quot;#&quot;,&quot;pointer&quot;:&quot;/items/properties/category/properties/id&quot;}&#10;    domain: &quot;syntax&quot;&#10;    ignored: [&quot;$id&quot;,&quot;examples&quot;]&#10;warning: the following keywords are unknown and will be ignored: [$id, examples]&#10;    level: &quot;warning&quot;&#10;    schema: {&quot;loadingURI&quot;:&quot;#&quot;,&quot;pointer&quot;:&quot;/items/properties/category/properties/name&quot;}&#10;    domain: &quot;syntax&quot;&#10;    ignored: [&quot;$id&quot;,&quot;examples&quot;]&#10;warning: the following keywords are unknown and will be ignored: [$id, examples]&#10;    level: &quot;warning&quot;&#10;    schema: {&quot;loadingURI&quot;:&quot;#&quot;,&quot;pointer&quot;:&quot;/items/properties/id&quot;}&#10;    domain: &quot;syntax&quot;&#10;    ignored: [&quot;$id&quot;,&quot;examples&quot;]&#10;warning: the following keywords are unknown and will be ignored: [$id, examples]&#10;    level: &quot;warning&quot;&#10;    schema: {&quot;loadingURI&quot;:&quot;#&quot;,&quot;pointer&quot;:&quot;/items/properties/name&quot;}&#10;    domain: &quot;syntax&quot;&#10;    ignored: [&quot;$id&quot;,&quot;examples&quot;]&#10;warning: the following keywords are unknown and will be ignored: [$id]&#10;    level: &quot;warning&quot;&#10;    schema: {&quot;loadingURI&quot;:&quot;#&quot;,&quot;pointer&quot;:&quot;/items/properties/photoUrls&quot;}&#10;    domain: &quot;syntax&quot;&#10;    ignored: [&quot;$id&quot;]&#10;warning: the following keywords are unknown and will be ignored: [$id, examples]&#10;    level: &quot;warning&quot;&#10;    schema: {&quot;loadingURI&quot;:&quot;#&quot;,&quot;pointer&quot;:&quot;/items/properties/photoUrls/items&quot;}&#10;    domain: &quot;syntax&quot;&#10;    ignored: [&quot;$id&quot;,&quot;examples&quot;]&#10;warning: the following keywords are unknown and will be ignored: [$id, examples]&#10;    level: &quot;warning&quot;&#10;    schema: {&quot;loadingURI&quot;:&quot;#&quot;,&quot;pointer&quot;:&quot;/items/properties/status&quot;}&#10;    domain: &quot;syntax&quot;&#10;    ignored: [&quot;$id&quot;,&quot;examples&quot;]&#10;warning: the following keywords are unknown and will be ignored: [$id]&#10;    level: &quot;warning&quot;&#10;    schema: {&quot;loadingURI&quot;:&quot;#&quot;,&quot;pointer&quot;:&quot;/items/properties/tags&quot;}&#10;    domain: &quot;syntax&quot;&#10;    ignored: [&quot;$id&quot;]&#10;warning: the following keywords are unknown and will be ignored: [$id]&#10;    level: &quot;warning&quot;&#10;    schema: {&quot;loadingURI&quot;:&quot;#&quot;,&quot;pointer&quot;:&quot;/items/properties/tags/items&quot;}&#10;    domain: &quot;syntax&quot;&#10;    ignored: [&quot;$id&quot;]&#10;warning: the following keywords are unknown and will be ignored: [$id, examples]&#10;    level: &quot;warning&quot;&#10;    schema: {&quot;loadingURI&quot;:&quot;#&quot;,&quot;pointer&quot;:&quot;/items/properties/tags/items/properties/id&quot;}&#10;    domain: &quot;syntax&quot;&#10;    ignored: [&quot;$id&quot;,&quot;examples&quot;]&#10;warning: the following keywords are unknown and will be ignored: [$id, examples]&#10;    level: &quot;warning&quot;&#10;    schema: {&quot;loadingURI&quot;:&quot;#&quot;,&quot;pointer&quot;:&quot;/items/properties/tags/items/properties/name&quot;}&#10;    domain: &quot;syntax&quot;&#10;    ignored: [&quot;$id&quot;,&quot;examples&quot;]&#10;warning: the following keywords are unknown and will be ignored: [$id]&#10;    level: &quot;warning&quot;&#10;    schema: {&quot;loadingURI&quot;:&quot;#&quot;,&quot;pointer&quot;:&quot;/items&quot;}&#10;    domain: &quot;syntax&quot;&#10;    ignored: [&quot;$id&quot;]&#10;warning: the following keywords are unknown and will be ignored: [$id]&#10;    level: &quot;warning&quot;&#10;    schema: {&quot;loadingURI&quot;:&quot;#&quot;,&quot;pointer&quot;:&quot;/items/properties/category&quot;}&#10;    domain: &quot;syntax&quot;&#10;    ignored: [&quot;$id&quot;]&#10;warning: the following keywords are unknown and will be ignored: [$id, examples]&#10;    level: &quot;warning&quot;&#10;    schema: {&quot;loadingURI&quot;:&quot;#&quot;,&quot;pointer&quot;:&quot;/items/properties/category/properties/id&quot;}&#10;    domain: &quot;syntax&quot;&#10;    ignored: [&quot;$id&quot;,&quot;examples&quot;]&#10;warning: the following keywords are unknown and will be ignored: [$id, examples]&#10;    level: &quot;warning&quot;&#10;    schema: {&quot;loadingURI&quot;:&quot;#&quot;,&quot;pointer&quot;:&quot;/items/properties/category/properties/name&quot;}&#10;    domain: &quot;syntax&quot;&#10;    ignored: [&quot;$id&quot;,&quot;examples&quot;]&#10;warning: the following keywords are unknown and will be ignored: [$id, examples]&#10;    level: &quot;warning&quot;&#10;    schema: {&quot;loadingURI&quot;:&quot;#&quot;,&quot;pointer&quot;:&quot;/items/properties/id&quot;}&#10;    domain: &quot;syntax&quot;&#10;    ignored: [&quot;$id&quot;,&quot;examples&quot;]&#10;warning: the following keywords are unknown and will be ignored: [$id, examples]&#10;    level: &quot;warning&quot;&#10;    schema: {&quot;loadingURI&quot;:&quot;#&quot;,&quot;pointer&quot;:&quot;/items/properties/name&quot;}&#10;    domain: &quot;syntax&quot;&#10;    ignored: [&quot;$id&quot;,&quot;examples&quot;]&#10;warning: the following keywords are unknown and will be ignored: [$id]&#10;    level: &quot;warning&quot;&#10;    schema: {&quot;loadingURI&quot;:&quot;#&quot;,&quot;pointer&quot;:&quot;/items/properties/photoUrls&quot;}&#10;    domain: &quot;syntax&quot;&#10;    ignored: [&quot;$id&quot;]&#10;warning: the following keywords are unknown and will be ignored: [$id, examples]&#10;    level: &quot;warning&quot;&#10;    schema: {&quot;loadingURI&quot;:&quot;#&quot;,&quot;pointer&quot;:&quot;/items/properties/photoUrls/items&quot;}&#10;    domain: &quot;syntax&quot;&#10;    ignored: [&quot;$id&quot;,&quot;examples&quot;]&#10;warning: the following keywords are unknown and will be ignored: [$id, examples]&#10;    level: &quot;warning&quot;&#10;    schema: {&quot;loadingURI&quot;:&quot;#&quot;,&quot;pointer&quot;:&quot;/items/properties/status&quot;}&#10;    domain: &quot;syntax&quot;&#10;    ignored: [&quot;$id&quot;,&quot;examples&quot;]&#10;warning: the following keywords are unknown and will be ignored: [$id]&#10;    level: &quot;warning&quot;&#10;    schema: {&quot;loadingURI&quot;:&quot;#&quot;,&quot;pointer&quot;:&quot;/items/properties/tags&quot;}&#10;    domain: &quot;syntax&quot;&#10;    ignored: [&quot;$id&quot;]&#10;warning: the following keywords are unknown and will be ignored: [$id]&#10;    level: &quot;warning&quot;&#10;    schema: {&quot;loadingURI&quot;:&quot;#&quot;,&quot;pointer&quot;:&quot;/items/properties/tags/items&quot;}&#10;    domain: &quot;syntax&quot;&#10;    ignored: [&quot;$id&quot;]&#10;warning: the following keywords are unknown and will be ignored: [$id, examples]&#10;    level: &quot;warning&quot;&#10;    schema: {&quot;loadingURI&quot;:&quot;#&quot;,&quot;pointer&quot;:&quot;/items/properties/tags/items/properties/id&quot;}&#10;    domain: &quot;syntax&quot;&#10;    ignored: [&quot;$id&quot;,&quot;examples&quot;]&#10;warning: the following keywords are unknown and will be ignored: [$id, examples]&#10;    level: &quot;warning&quot;&#10;    schema: {&quot;loadingURI&quot;:&quot;#&quot;,&quot;pointer&quot;:&quot;/items/properties/tags/items/properties/name&quot;}&#10;    domain: &quot;syntax&quot;&#10;    ignored: [&quot;$id&quot;,&quot;examples&quot;]&#10;warning: the following keywords are unknown and will be ignored: [$id]&#10;    level: &quot;warning&quot;&#10;    schema: {&quot;loadingURI&quot;:&quot;#&quot;,&quot;pointer&quot;:&quot;/items&quot;}&#10;    domain: &quot;syntax&quot;&#10;    ignored: [&quot;$id&quot;]&#10;warning: the following keywords are unknown and will be ignored: [$id]&#10;    level: &quot;warning&quot;&#10;    schema: {&quot;loadingURI&quot;:&quot;#&quot;,&quot;pointer&quot;:&quot;/items/properties/category&quot;}&#10;    domain: &quot;syntax&quot;&#10;    ignored: [&quot;$id&quot;]&#10;warning: the following keywords are unknown and will be ignored: [$id, examples]&#10;    level: &quot;warning&quot;&#10;    schema: {&quot;loadingURI&quot;:&quot;#&quot;,&quot;pointer&quot;:&quot;/items/properties/category/properties/id&quot;}&#10;    domain: &quot;syntax&quot;&#10;    ignored: [&quot;$id&quot;,&quot;examples&quot;]&#10;warning: the following keywords are unknown and will be ignored: [$id, examples]&#10;    level: &quot;warning&quot;&#10;    schema: {&quot;loadingURI&quot;:&quot;#&quot;,&quot;pointer&quot;:&quot;/items/properties/category/properties/name&quot;}&#10;    domain: &quot;syntax&quot;&#10;    ignored: [&quot;$id&quot;,&quot;examples&quot;]&#10;warning: the following keywords are unknown and will be ignored: [$id, examples]&#10;    level: &quot;warning&quot;&#10;    schema: {&quot;loadingURI&quot;:&quot;#&quot;,&quot;pointer&quot;:&quot;/items/properties/id&quot;}&#10;    domain: &quot;syntax&quot;&#10;    ignored: [&quot;$id&quot;,&quot;examples&quot;]&#10;warning: the following keywords are unknown and will be ignored: [$id, examples]&#10;    level: &quot;warning&quot;&#10;    schema: {&quot;loadingURI&quot;:&quot;#&quot;,&quot;pointer&quot;:&quot;/items/properties/name&quot;}&#10;    domain: &quot;syntax&quot;&#10;    ignored: [&quot;$id&quot;,&quot;examples&quot;]&#10;warning: the following keywords are unknown and will be ignored: [$id]&#10;    level: &quot;warning&quot;&#10;    schema: {&quot;loadingURI&quot;:&quot;#&quot;,&quot;pointer&quot;:&quot;/items/properties/photoUrls&quot;}&#10;    domain: &quot;syntax&quot;&#10;    ignored: [&quot;$id&quot;]&#10;warning: the following keywords are unknown and will be ignored: [$id, examples]&#10;    level: &quot;warning&quot;&#10;    schema: {&quot;loadingURI&quot;:&quot;#&quot;,&quot;pointer&quot;:&quot;/items/properties/photoUrls/items&quot;}&#10;    domain: &quot;syntax&quot;&#10;    ignored: [&quot;$id&quot;,&quot;examples&quot;]&#10;warning: the following keywords are unknown and will be ignored: [$id, examples]&#10;    level: &quot;warning&quot;&#10;    schema: {&quot;loadingURI&quot;:&quot;#&quot;,&quot;pointer&quot;:&quot;/items/properties/status&quot;}&#10;    domain: &quot;syntax&quot;&#10;    ignored: [&quot;$id&quot;,&quot;examples&quot;]&#10;warning: the following keywords are unknown and will be ignored: [$id]&#10;    level: &quot;warning&quot;&#10;    schema: {&quot;loadingURI&quot;:&quot;#&quot;,&quot;pointer&quot;:&quot;/items/properties/tags&quot;}&#10;    domain: &quot;syntax&quot;&#10;    ignored: [&quot;$id&quot;]&#10;warning: the following keywords are unknown and will be ignored: [$id]&#10;    level: &quot;warning&quot;&#10;    schema: {&quot;loadingURI&quot;:&quot;#&quot;,&quot;pointer&quot;:&quot;/items/properties/tags/items&quot;}&#10;    domain: &quot;syntax&quot;&#10;    ignored: [&quot;$id&quot;]&#10;warning: the following keywords are unknown and will be ignored: [$id, examples]&#10;    level: &quot;warning&quot;&#10;    schema: {&quot;loadingURI&quot;:&quot;#&quot;,&quot;pointer&quot;:&quot;/items/properties/tags/items/properties/id&quot;}&#10;    domain: &quot;syntax&quot;&#10;    ignored: [&quot;$id&quot;,&quot;examples&quot;]&#10;warning: the following keywords are unknown and will be ignored: [$id, examples]&#10;    level: &quot;warning&quot;&#10;    schema: {&quot;loadingURI&quot;:&quot;#&quot;,&quot;pointer&quot;:&quot;/items/properties/tags/items/properties/name&quot;}&#10;    domain: &quot;syntax&quot;&#10;    ignored: [&quot;$id&quot;,&quot;examples&quot;]&#10;warning: the following keywords are unknown and will be ignored: [$id]&#10;    level: &quot;warning&quot;&#10;    schema: {&quot;loadingURI&quot;:&quot;#&quot;,&quot;pointer&quot;:&quot;/items&quot;}&#10;    domain: &quot;syntax&quot;&#10;    ignored: [&quot;$id&quot;]&#10;warning: the following keywords are unknown and will be ignored: [$id]&#10;    level: &quot;warning&quot;&#10;    schema: {&quot;loadingURI&quot;:&quot;#&quot;,&quot;pointer&quot;:&quot;/items/properties/category&quot;}&#10;    domain: &quot;syntax&quot;&#10;    ignored: [&quot;$id&quot;]&#10;warning: the following keywords are unknown and will be ignored: [$id, examples]&#10;    level: &quot;warning&quot;&#10;    schema: {&quot;loadingURI&quot;:&quot;#&quot;,&quot;pointer&quot;:&quot;/items/properties/category/properties/id&quot;}&#10;    domain: &quot;syntax&quot;&#10;    ignored: [&quot;$id&quot;,&quot;examples&quot;]&#10;warning: the following keywords are unknown and will be ignored: [$id, examples]&#10;    level: &quot;warning&quot;&#10;    schema: {&quot;loadingURI&quot;:&quot;#&quot;,&quot;pointer&quot;:&quot;/items/properties/category/properties/name&quot;}&#10;    domain: &quot;syntax&quot;&#10;    ignored: [&quot;$id&quot;,&quot;examples&quot;]&#10;warning: the following keywords are unknown and will be ignored: [$id, examples]&#10;    level: &quot;warning&quot;&#10;    schema: {&quot;loadingURI&quot;:&quot;#&quot;,&quot;pointer&quot;:&quot;/items/properties/id&quot;}&#10;    domain: &quot;syntax&quot;&#10;    ignored: [&quot;$id&quot;,&quot;examples&quot;]&#10;warning: the following keywords are unknown and will be ignored: [$id, examples]&#10;    level: &quot;warning&quot;&#10;    schema: {&quot;loadingURI&quot;:&quot;#&quot;,&quot;pointer&quot;:&quot;/items/properties/name&quot;}&#10;    domain: &quot;syntax&quot;&#10;    ignored: [&quot;$id&quot;,&quot;examples&quot;]&#10;warning: the following keywords are unknown and will be ignored: [$id]&#10;    level: &quot;warning&quot;&#10;    schema: {&quot;loadingURI&quot;:&quot;#&quot;,&quot;pointer&quot;:&quot;/items/properties/photoUrls&quot;}&#10;    domain: &quot;syntax&quot;&#10;    ignored: [&quot;$id&quot;]&#10;warning: the following keywords are unknown and will be ignored: [$id, examples]&#10;    level: &quot;warning&quot;&#10;    schema: {&quot;loadingURI&quot;:&quot;#&quot;,&quot;pointer&quot;:&quot;/items/properties/photoUrls/items&quot;}&#10;    domain: &quot;syntax&quot;&#10;    ignored: [&quot;$id&quot;,&quot;examples&quot;]&#10;warning: the following keywords are unknown and will be ignored: [$id, examples]&#10;    level: &quot;warning&quot;&#10;    schema: {&quot;loadingURI&quot;:&quot;#&quot;,&quot;pointer&quot;:&quot;/items/properties/status&quot;}&#10;    domain: &quot;syntax&quot;&#10;    ignored: [&quot;$id&quot;,&quot;examples&quot;]&#10;warning: the following keywords are unknown and will be ignored: [$id]&#10;    level: &quot;warning&quot;&#10;    schema: {&quot;loadingURI&quot;:&quot;#&quot;,&quot;pointer&quot;:&quot;/items/properties/tags&quot;}&#10;    domain: &quot;syntax&quot;&#10;    ignored: [&quot;$id&quot;]&#10;warning: the following keywords are unknown and will be ignored: [$id]&#10;    level: &quot;warning&quot;&#10;    schema: {&quot;loadingURI&quot;:&quot;#&quot;,&quot;pointer&quot;:&quot;/items/properties/tags/items&quot;}&#10;    domain: &quot;syntax&quot;&#10;    ignored: [&quot;$id&quot;]&#10;warning: the following keywords are unknown and will be ignored: [$id, examples]&#10;    level: &quot;warning&quot;&#10;    schema: {&quot;loadingURI&quot;:&quot;#&quot;,&quot;pointer&quot;:&quot;/items/properties/tags/items/properties/id&quot;}&#10;    domain: &quot;syntax&quot;&#10;    ignored: [&quot;$id&quot;,&quot;examples&quot;]&#10;warning: the following keywords are unknown and will be ignored: [$id, examples]&#10;    level: &quot;warning&quot;&#10;    schema: {&quot;loadingURI&quot;:&quot;#&quot;,&quot;pointer&quot;:&quot;/items/properties/tags/items/properties/name&quot;}&#10;    domain: &quot;syntax&quot;&#10;    ignored: [&quot;$id&quot;,&quot;examples&quot;]&#10;warning: the following keywords are unknown and will be ignored: [$id]&#10;    level: &quot;warning&quot;&#10;    schema: {&quot;loadingURI&quot;:&quot;#&quot;,&quot;pointer&quot;:&quot;/items&quot;}&#10;    domain: &quot;syntax&quot;&#10;    ignored: [&quot;$id&quot;]&#10;warning: the following keywords are unknown and will be ignored: [$id]&#10;    level: &quot;warning&quot;&#10;    schema: {&quot;loadingURI&quot;:&quot;#&quot;,&quot;pointer&quot;:&quot;/items/properties/category&quot;}&#10;    domain: &quot;syntax&quot;&#10;    ignored: [&quot;$id&quot;]&#10;warning: the following keywords are unknown and will be ignored: [$id, examples]&#10;    level: &quot;warning&quot;&#10;    schema: {&quot;loadingURI&quot;:&quot;#&quot;,&quot;pointer&quot;:&quot;/items/properties/category/properties/id&quot;}&#10;    domain: &quot;syntax&quot;&#10;    ignored: [&quot;$id&quot;,&quot;examples&quot;]&#10;warning: the following keywords are unknown and will be ignored: [$id, examples]&#10;    level: &quot;warning&quot;&#10;    schema: {&quot;loadingURI&quot;:&quot;#&quot;,&quot;pointer&quot;:&quot;/items/properties/category/properties/name&quot;}&#10;    domain: &quot;syntax&quot;&#10;    ignored: [&quot;$id&quot;,&quot;examples&quot;]&#10;warning: the following keywords are unknown and will be ignored: [$id, examples]&#10;    level: &quot;warning&quot;&#10;    schema: {&quot;loadingURI&quot;:&quot;#&quot;,&quot;pointer&quot;:&quot;/items/properties/id&quot;}&#10;    domain: &quot;syntax&quot;&#10;    ignored: [&quot;$id&quot;,&quot;examples&quot;]&#10;warning: the following keywords are unknown and will be ignored: [$id, examples]&#10;    level: &quot;warning&quot;&#10;    schema: {&quot;loadingURI&quot;:&quot;#&quot;,&quot;pointer&quot;:&quot;/items/properties/name&quot;}&#10;    domain: &quot;syntax&quot;&#10;    ignored: [&quot;$id&quot;,&quot;examples&quot;]&#10;warning: the following keywords are unknown and will be ignored: [$id]&#10;    level: &quot;warning&quot;&#10;    schema: {&quot;loadingURI&quot;:&quot;#&quot;,&quot;pointer&quot;:&quot;/items/properties/photoUrls&quot;}&#10;    domain: &quot;syntax&quot;&#10;    ignored: [&quot;$id&quot;]&#10;warning: the following keywords are unknown and will be ignored: [$id, examples]&#10;    level: &quot;warning&quot;&#10;    schema: {&quot;loadingURI&quot;:&quot;#&quot;,&quot;pointer&quot;:&quot;/items/properties/photoUrls/items&quot;}&#10;    domain: &quot;syntax&quot;&#10;    ignored: [&quot;$id&quot;,&quot;examples&quot;]&#10;warning: the following keywords are unknown and will be ignored: [$id, examples]&#10;    level: &quot;warning&quot;&#10;    schema: {&quot;loadingURI&quot;:&quot;#&quot;,&quot;pointer&quot;:&quot;/items/properties/status&quot;}&#10;    domain: &quot;syntax&quot;&#10;    ignored: [&quot;$id&quot;,&quot;examples&quot;]&#10;warning: the following keywords are unknown and will be ignored: [$id]&#10;    level: &quot;warning&quot;&#10;    schema: {&quot;loadingURI&quot;:&quot;#&quot;,&quot;pointer&quot;:&quot;/items/properties/tags&quot;}&#10;    domain: &quot;syntax&quot;&#10;    ignored: [&quot;$id&quot;]&#10;warning: the following keywords are unknown and will be ignored: [$id]&#10;    level: &quot;warning&quot;&#10;    schema: {&quot;loadingURI&quot;:&quot;#&quot;,&quot;pointer&quot;:&quot;/items/properties/tags/items&quot;}&#10;    domain: &quot;syntax&quot;&#10;    ignored: [&quot;$id&quot;]&#10;warning: the following keywords are unknown and will be ignored: [$id, examples]&#10;    level: &quot;warning&quot;&#10;    schema: {&quot;loadingURI&quot;:&quot;#&quot;,&quot;pointer&quot;:&quot;/items/properties/tags/items/properties/id&quot;}&#10;    domain: &quot;syntax&quot;&#10;    ignored: [&quot;$id&quot;,&quot;examples&quot;]&#10;warning: the following keywords are unknown and will be ignored: [$id, examples]&#10;    level: &quot;warning&quot;&#10;    schema: {&quot;loadingURI&quot;:&quot;#&quot;,&quot;pointer&quot;:&quot;/items/properties/tags/items/properties/name&quot;}&#10;    domain: &quot;syntax&quot;&#10;    ignored: [&quot;$id&quot;,&quot;examples&quot;]&#10;warning: the following keywords are unknown and will be ignored: [$id]&#10;    level: &quot;warning&quot;&#10;    schema: {&quot;loadingURI&quot;:&quot;#&quot;,&quot;pointer&quot;:&quot;/items&quot;}&#10;    domain: &quot;syntax&quot;&#10;    ignored: [&quot;$id&quot;]&#10;warning: the following keywords are unknown and will be ignored: [$id]&#10;    level: &quot;warning&quot;&#10;    schema: {&quot;loadingURI&quot;:&quot;#&quot;,&quot;pointer&quot;:&quot;/items/properties/category&quot;}&#10;    domain: &quot;syntax&quot;&#10;    ignored: [&quot;$id&quot;]&#10;warning: the following keywords are unknown and will be ignored: [$id, examples]&#10;    level: &quot;warning&quot;&#10;    schema: {&quot;loadingURI&quot;:&quot;#&quot;,&quot;pointer&quot;:&quot;/items/properties/category/properties/id&quot;}&#10;    domain: &quot;syntax&quot;&#10;    ignored: [&quot;$id&quot;,&quot;examples&quot;]&#10;warning: the following keywords are unknown and will be ignored: [$id, examples]&#10;    level: &quot;warning&quot;&#10;    schema: {&quot;loadingURI&quot;:&quot;#&quot;,&quot;pointer&quot;:&quot;/items/properties/category/properties/name&quot;}&#10;    domain: &quot;syntax&quot;&#10;    ignored: [&quot;$id&quot;,&quot;examples&quot;]&#10;warning: the following keywords are unknown and will be ignored: [$id, examples]&#10;    level: &quot;warning&quot;&#10;    schema: {&quot;loadingURI&quot;:&quot;#&quot;,&quot;pointer&quot;:&quot;/items/properties/id&quot;}&#10;    domain: &quot;syntax&quot;&#10;    ignored: [&quot;$id&quot;,&quot;examples&quot;]&#10;warning: the following keywords are unknown and will be ignored: [$id, examples]&#10;    level: &quot;warning&quot;&#10;    schema: {&quot;loadingURI&quot;:&quot;#&quot;,&quot;pointer&quot;:&quot;/items/properties/name&quot;}&#10;    domain: &quot;syntax&quot;&#10;    ignored: [&quot;$id&quot;,&quot;examples&quot;]&#10;warning: the following keywords are unknown and will be ignored: [$id]&#10;    level: &quot;warning&quot;&#10;    schema: {&quot;loadingURI&quot;:&quot;#&quot;,&quot;pointer&quot;:&quot;/items/properties/photoUrls&quot;}&#10;    domain: &quot;syntax&quot;&#10;    ignored: [&quot;$id&quot;]&#10;warning: the following keywords are unknown and will be ignored: [$id, examples]&#10;    level: &quot;warning&quot;&#10;    schema: {&quot;loadingURI&quot;:&quot;#&quot;,&quot;pointer&quot;:&quot;/items/properties/photoUrls/items&quot;}&#10;    domain: &quot;syntax&quot;&#10;    ignored: [&quot;$id&quot;,&quot;examples&quot;]&#10;warning: the following keywords are unknown and will be ignored: [$id, examples]&#10;    level: &quot;warning&quot;&#10;    schema: {&quot;loadingURI&quot;:&quot;#&quot;,&quot;pointer&quot;:&quot;/items/properties/status&quot;}&#10;    domain: &quot;syntax&quot;&#10;    ignored: [&quot;$id&quot;,&quot;examples&quot;]&#10;warning: the following keywords are unknown and will be ignored: [$id]&#10;    level: &quot;warning&quot;&#10;    schema: {&quot;loadingURI&quot;:&quot;#&quot;,&quot;pointer&quot;:&quot;/items/properties/tags&quot;}&#10;    domain: &quot;syntax&quot;&#10;    ignored: [&quot;$id&quot;]&#10;warning: the following keywords are unknown and will be ignored: [$id]&#10;    level: &quot;warning&quot;&#10;    schema: {&quot;loadingURI&quot;:&quot;#&quot;,&quot;pointer&quot;:&quot;/items/properties/tags/items&quot;}&#10;    domain: &quot;syntax&quot;&#10;    ignored: [&quot;$id&quot;]&#10;warning: the following keywords are unknown and will be ignored: [$id, examples]&#10;    level: &quot;warning&quot;&#10;    schema: {&quot;loadingURI&quot;:&quot;#&quot;,&quot;pointer&quot;:&quot;/items/properties/tags/items/properties/id&quot;}&#10;    domain: &quot;syntax&quot;&#10;    ignored: [&quot;$id&quot;,&quot;examples&quot;]&#10;warning: the following keywords are unknown and will be ignored: [$id, examples]&#10;    level: &quot;warning&quot;&#10;    schema: {&quot;loadingURI&quot;:&quot;#&quot;,&quot;pointer&quot;:&quot;/items/properties/tags/items/properties/name&quot;}&#10;    domain: &quot;syntax&quot;&#10;    ignored: [&quot;$id&quot;,&quot;examples&quot;]&#10;warning: the following keywords are unknown and will be ignored: [$id]&#10;    level: &quot;warning&quot;&#10;    schema: {&quot;loadingURI&quot;:&quot;#&quot;,&quot;pointer&quot;:&quot;/items&quot;}&#10;    domain: &quot;syntax&quot;&#10;    ignored: [&quot;$id&quot;]&#10;warning: the following keywords are unknown and will be ignored: [$id]&#10;    level: &quot;warning&quot;&#10;    schema: {&quot;loadingURI&quot;:&quot;#&quot;,&quot;pointer&quot;:&quot;/items/properties/category&quot;}&#10;    domain: &quot;syntax&quot;&#10;    ignored: [&quot;$id&quot;]&#10;warning: the following keywords are unknown and will be ignored: [$id, examples]&#10;    level: &quot;warning&quot;&#10;    schema: {&quot;loadingURI&quot;:&quot;#&quot;,&quot;pointer&quot;:&quot;/items/properties/category/properties/id&quot;}&#10;    domain: &quot;syntax&quot;&#10;    ignored: [&quot;$id&quot;,&quot;examples&quot;]&#10;warning: the following keywords are unknown and will be ignored: [$id, examples]&#10;    level: &quot;warning&quot;&#10;    schema: {&quot;loadingURI&quot;:&quot;#&quot;,&quot;pointer&quot;:&quot;/items/properties/category/properties/name&quot;}&#10;    domain: &quot;syntax&quot;&#10;    ignored: [&quot;$id&quot;,&quot;examples&quot;]&#10;warning: the following keywords are unknown and will be ignored: [$id, examples]&#10;    level: &quot;warning&quot;&#10;    schema: {&quot;loadingURI&quot;:&quot;#&quot;,&quot;pointer&quot;:&quot;/items/properties/id&quot;}&#10;    domain: &quot;syntax&quot;&#10;    ignored: [&quot;$id&quot;,&quot;examples&quot;]&#10;warning: the following keywords are unknown and will be ignored: [$id, examples]&#10;    level: &quot;warning&quot;&#10;    schema: {&quot;loadingURI&quot;:&quot;#&quot;,&quot;pointer&quot;:&quot;/items/properties/name&quot;}&#10;    domain: &quot;syntax&quot;&#10;    ignored: [&quot;$id&quot;,&quot;examples&quot;]&#10;warning: the following keywords are unknown and will be ignored: [$id]&#10;    level: &quot;warning&quot;&#10;    schema: {&quot;loadingURI&quot;:&quot;#&quot;,&quot;pointer&quot;:&quot;/items/properties/photoUrls&quot;}&#10;    domain: &quot;syntax&quot;&#10;    ignored: [&quot;$id&quot;]&#10;warning: the following keywords are unknown and will be ignored: [$id, examples]&#10;    level: &quot;warning&quot;&#10;    schema: {&quot;loadingURI&quot;:&quot;#&quot;,&quot;pointer&quot;:&quot;/items/properties/photoUrls/items&quot;}&#10;    domain: &quot;syntax&quot;&#10;    ignored: [&quot;$id&quot;,&quot;examples&quot;]&#10;warning: the following keywords are unknown and will be ignored: [$id, examples]&#10;    level: &quot;warning&quot;&#10;    schema: {&quot;loadingURI&quot;:&quot;#&quot;,&quot;pointer&quot;:&quot;/items/properties/status&quot;}&#10;    domain: &quot;syntax&quot;&#10;    ignored: [&quot;$id&quot;,&quot;examples&quot;]&#10;warning: the following keywords are unknown and will be ignored: [$id]&#10;    level: &quot;warning&quot;&#10;    schema: {&quot;loadingURI&quot;:&quot;#&quot;,&quot;pointer&quot;:&quot;/items/properties/tags&quot;}&#10;    domain: &quot;syntax&quot;&#10;    ignored: [&quot;$id&quot;]&#10;warning: the following keywords are unknown and will be ignored: [$id]&#10;    level: &quot;warning&quot;&#10;    schema: {&quot;loadingURI&quot;:&quot;#&quot;,&quot;pointer&quot;:&quot;/items/properties/tags/items&quot;}&#10;    domain: &quot;syntax&quot;&#10;    ignored: [&quot;$id&quot;]&#10;warning: the following keywords are unknown and will be ignored: [$id, examples]&#10;    level: &quot;warning&quot;&#10;    schema: {&quot;loadingURI&quot;:&quot;#&quot;,&quot;pointer&quot;:&quot;/items/properties/tags/items/properties/id&quot;}&#10;    domain: &quot;syntax&quot;&#10;    ignored: [&quot;$id&quot;,&quot;examples&quot;]&#10;warning: the following keywords are unknown and will be ignored: [$id, examples]&#10;    level: &quot;warning&quot;&#10;    schema: {&quot;loadingURI&quot;:&quot;#&quot;,&quot;pointer&quot;:&quot;/items/properties/tags/items/properties/name&quot;}&#10;    domain: &quot;syntax&quot;&#10;    ignored: [&quot;$id&quot;,&quot;examples&quot;]&#10;warning: the following keywords are unknown and will be ignored: [$id]&#10;    level: &quot;warning&quot;&#10;    schema: {&quot;loadingURI&quot;:&quot;#&quot;,&quot;pointer&quot;:&quot;/items&quot;}&#10;    domain: &quot;syntax&quot;&#10;    ignored: [&quot;$id&quot;]&#10;warning: the following keywords are unknown and will be ignored: [$id]&#10;    level: &quot;warning&quot;&#10;    schema: {&quot;loadingURI&quot;:&quot;#&quot;,&quot;pointer&quot;:&quot;/items/properties/category&quot;}&#10;    domain: &quot;syntax&quot;&#10;    ignored: [&quot;$id&quot;]&#10;warning: the following keywords are unknown and will be ignored: [$id, examples]&#10;    level: &quot;warning&quot;&#10;    schema: {&quot;loadingURI&quot;:&quot;#&quot;,&quot;pointer&quot;:&quot;/items/properties/category/properties/id&quot;}&#10;    domain: &quot;syntax&quot;&#10;    ignored: [&quot;$id&quot;,&quot;examples&quot;]&#10;warning: the following keywords are unknown and will be ignored: [$id, examples]&#10;    level: &quot;warning&quot;&#10;    schema: {&quot;loadingURI&quot;:&quot;#&quot;,&quot;pointer&quot;:&quot;/items/properties/category/properties/name&quot;}&#10;    domain: &quot;syntax&quot;&#10;    ignored: [&quot;$id&quot;,&quot;examples&quot;]&#10;warning: the following keywords are unknown and will be ignored: [$id, examples]&#10;    level: &quot;warning&quot;&#10;    schema: {&quot;loadingURI&quot;:&quot;#&quot;,&quot;pointer&quot;:&quot;/items/properties/id&quot;}&#10;    domain: &quot;syntax&quot;&#10;    ignored: [&quot;$id&quot;,&quot;examples&quot;]&#10;warning: the following keywords are unknown and will be ignored: [$id, examples]&#10;    level: &quot;warning&quot;&#10;    schema: {&quot;loadingURI&quot;:&quot;#&quot;,&quot;pointer&quot;:&quot;/items/properties/name&quot;}&#10;    domain: &quot;syntax&quot;&#10;    ignored: [&quot;$id&quot;,&quot;examples&quot;]&#10;warning: the following keywords are unknown and will be ignored: [$id]&#10;    level: &quot;warning&quot;&#10;    schema: {&quot;loadingURI&quot;:&quot;#&quot;,&quot;pointer&quot;:&quot;/items/properties/photoUrls&quot;}&#10;    domain: &quot;syntax&quot;&#10;    ignored: [&quot;$id&quot;]&#10;warning: the following keywords are unknown and will be ignored: [$id, examples]&#10;    level: &quot;warning&quot;&#10;    schema: {&quot;loadingURI&quot;:&quot;#&quot;,&quot;pointer&quot;:&quot;/items/properties/photoUrls/items&quot;}&#10;    domain: &quot;syntax&quot;&#10;    ignored: [&quot;$id&quot;,&quot;examples&quot;]&#10;warning: the following keywords are unknown and will be ignored: [$id, examples]&#10;    level: &quot;warning&quot;&#10;    schema: {&quot;loadingURI&quot;:&quot;#&quot;,&quot;pointer&quot;:&quot;/items/properties/status&quot;}&#10;    domain: &quot;syntax&quot;&#10;    ignored: [&quot;$id&quot;,&quot;examples&quot;]&#10;warning: the following keywords are unknown and will be ignored: [$id]&#10;    level: &quot;warning&quot;&#10;    schema: {&quot;loadingURI&quot;:&quot;#&quot;,&quot;pointer&quot;:&quot;/items/properties/tags&quot;}&#10;    domain: &quot;syntax&quot;&#10;    ignored: [&quot;$id&quot;]&#10;warning: the following keywords are unknown and will be ignored: [$id]&#10;    level: &quot;warning&quot;&#10;    schema: {&quot;loadingURI&quot;:&quot;#&quot;,&quot;pointer&quot;:&quot;/items/properties/tags/items&quot;}&#10;    domain: &quot;syntax&quot;&#10;    ignored: [&quot;$id&quot;]&#10;warning: the following keywords are unknown and will be ignored: [$id, examples]&#10;    level: &quot;warning&quot;&#10;    schema: {&quot;loadingURI&quot;:&quot;#&quot;,&quot;pointer&quot;:&quot;/items/properties/tags/items/properties/id&quot;}&#10;    domain: &quot;syntax&quot;&#10;    ignored: [&quot;$id&quot;,&quot;examples&quot;]&#10;warning: the following keywords are unknown and will be ignored: [$id, examples]&#10;    level: &quot;warning&quot;&#10;    schema: {&quot;loadingURI&quot;:&quot;#&quot;,&quot;pointer&quot;:&quot;/items/properties/tags/items/properties/name&quot;}&#10;    domain: &quot;syntax&quot;&#10;    ignored: [&quot;$id&quot;,&quot;examples&quot;]&#10;warning: the following keywords are unknown and will be ignored: [$id]&#10;    level: &quot;warning&quot;&#10;    schema: {&quot;loadingURI&quot;:&quot;#&quot;,&quot;pointer&quot;:&quot;/items&quot;}&#10;    domain: &quot;syntax&quot;&#10;    ignored: [&quot;$id&quot;]&#10;warning: the following keywords are unknown and will be ignored: [$id]&#10;    level: &quot;warning&quot;&#10;    schema: {&quot;loadingURI&quot;:&quot;#&quot;,&quot;pointer&quot;:&quot;/items/properties/category&quot;}&#10;    domain: &quot;syntax&quot;&#10;    ignored: [&quot;$id&quot;]&#10;warning: the following keywords are unknown and will be ignored: [$id, examples]&#10;    level: &quot;warning&quot;&#10;    schema: {&quot;loadingURI&quot;:&quot;#&quot;,&quot;pointer&quot;:&quot;/items/properties/category/properties/id&quot;}&#10;    domain: &quot;syntax&quot;&#10;    ignored: [&quot;$id&quot;,&quot;examples&quot;]&#10;warning: the following keywords are unknown and will be ignored: [$id, examples]&#10;    level: &quot;warning&quot;&#10;    schema: {&quot;loadingURI&quot;:&quot;#&quot;,&quot;pointer&quot;:&quot;/items/properties/category/properties/name&quot;}&#10;    domain: &quot;syntax&quot;&#10;    ignored: [&quot;$id&quot;,&quot;examples&quot;]&#10;warning: the following keywords are unknown and will be ignored: [$id, examples]&#10;    level: &quot;warning&quot;&#10;    schema: {&quot;loadingURI&quot;:&quot;#&quot;,&quot;pointer&quot;:&quot;/items/properties/id&quot;}&#10;    domain: &quot;syntax&quot;&#10;    ignored: [&quot;$id&quot;,&quot;examples&quot;]&#10;warning: the following keywords are unknown and will be ignored: [$id, examples]&#10;    level: &quot;warning&quot;&#10;    schema: {&quot;loadingURI&quot;:&quot;#&quot;,&quot;pointer&quot;:&quot;/items/properties/name&quot;}&#10;    domain: &quot;syntax&quot;&#10;    ignored: [&quot;$id&quot;,&quot;examples&quot;]&#10;warning: the following keywords are unknown and will be ignored: [$id]&#10;    level: &quot;warning&quot;&#10;    schema: {&quot;loadingURI&quot;:&quot;#&quot;,&quot;pointer&quot;:&quot;/items/properties/photoUrls&quot;}&#10;    domain: &quot;syntax&quot;&#10;    ignored: [&quot;$id&quot;]&#10;warning: the following keywords are unknown and will be ignored: [$id, examples]&#10;    level: &quot;warning&quot;&#10;    schema: {&quot;loadingURI&quot;:&quot;#&quot;,&quot;pointer&quot;:&quot;/items/properties/photoUrls/items&quot;}&#10;    domain: &quot;syntax&quot;&#10;    ignored: [&quot;$id&quot;,&quot;examples&quot;]&#10;warning: the following keywords are unknown and will be ignored: [$id, examples]&#10;    level: &quot;warning&quot;&#10;    schema: {&quot;loadingURI&quot;:&quot;#&quot;,&quot;pointer&quot;:&quot;/items/properties/status&quot;}&#10;    domain: &quot;syntax&quot;&#10;    ignored: [&quot;$id&quot;,&quot;examples&quot;]&#10;warning: the following keywords are unknown and will be ignored: [$id]&#10;    level: &quot;warning&quot;&#10;    schema: {&quot;loadingURI&quot;:&quot;#&quot;,&quot;pointer&quot;:&quot;/items/properties/tags&quot;}&#10;    domain: &quot;syntax&quot;&#10;    ignored: [&quot;$id&quot;]&#10;warning: the following keywords are unknown and will be ignored: [$id]&#10;    level: &quot;warning&quot;&#10;    schema: {&quot;loadingURI&quot;:&quot;#&quot;,&quot;pointer&quot;:&quot;/items/properties/tags/items&quot;}&#10;    domain: &quot;syntax&quot;&#10;    ignored: [&quot;$id&quot;]&#10;warning: the following keywords are unknown and will be ignored: [$id, examples]&#10;    level: &quot;warning&quot;&#10;    schema: {&quot;loadingURI&quot;:&quot;#&quot;,&quot;pointer&quot;:&quot;/items/properties/tags/items/properties/id&quot;}&#10;    domain: &quot;syntax&quot;&#10;    ignored: [&quot;$id&quot;,&quot;examples&quot;]&#10;warning: the following keywords are unknown and will be ignored: [$id, examples]&#10;    level: &quot;warning&quot;&#10;    schema: {&quot;loadingURI&quot;:&quot;#&quot;,&quot;pointer&quot;:&quot;/items/properties/tags/items/properties/name&quot;}&#10;    domain: &quot;syntax&quot;&#10;    ignored: [&quot;$id&quot;,&quot;examples&quot;]&#10;warning: the following keywords are unknown and will be ignored: [$id]&#10;    level: &quot;warning&quot;&#10;    schema: {&quot;loadingURI&quot;:&quot;#&quot;,&quot;pointer&quot;:&quot;/items&quot;}&#10;    domain: &quot;syntax&quot;&#10;    ignored: [&quot;$id&quot;]&#10;warning: the following keywords are unknown and will be ignored: [$id]&#10;    level: &quot;warning&quot;&#10;    schema: {&quot;loadingURI&quot;:&quot;#&quot;,&quot;pointer&quot;:&quot;/items/properties/category&quot;}&#10;    domain: &quot;syntax&quot;&#10;    ignored: [&quot;$id&quot;]&#10;warning: the following keywords are unknown and will be ignored: [$id, examples]&#10;    level: &quot;warning&quot;&#10;    schema: {&quot;loadingURI&quot;:&quot;#&quot;,&quot;pointer&quot;:&quot;/items/properties/category/properties/id&quot;}&#10;    domain: &quot;syntax&quot;&#10;    ignored: [&quot;$id&quot;,&quot;examples&quot;]&#10;warning: the following keywords are unknown and will be ignored: [$id, examples]&#10;    level: &quot;warning&quot;&#10;    schema: {&quot;loadingURI&quot;:&quot;#&quot;,&quot;pointer&quot;:&quot;/items/properties/category/properties/name&quot;}&#10;    domain: &quot;syntax&quot;&#10;    ignored: [&quot;$id&quot;,&quot;examples&quot;]&#10;warning: the following keywords are unknown and will be ignored: [$id, examples]&#10;    level: &quot;warning&quot;&#10;    schema: {&quot;loadingURI&quot;:&quot;#&quot;,&quot;pointer&quot;:&quot;/items/properties/id&quot;}&#10;    domain: &quot;syntax&quot;&#10;    ignored: [&quot;$id&quot;,&quot;examples&quot;]&#10;warning: the following keywords are unknown and will be ignored: [$id, examples]&#10;    level: &quot;warning&quot;&#10;    schema: {&quot;loadingURI&quot;:&quot;#&quot;,&quot;pointer&quot;:&quot;/items/properties/name&quot;}&#10;    domain: &quot;syntax&quot;&#10;    ignored: [&quot;$id&quot;,&quot;examples&quot;]&#10;warning: the following keywords are unknown and will be ignored: [$id]&#10;    level: &quot;warning&quot;&#10;    schema: {&quot;loadingURI&quot;:&quot;#&quot;,&quot;pointer&quot;:&quot;/items/properties/photoUrls&quot;}&#10;    domain: &quot;syntax&quot;&#10;    ignored: [&quot;$id&quot;]&#10;warning: the following keywords are unknown and will be ignored: [$id, examples]&#10;    level: &quot;warning&quot;&#10;    schema: {&quot;loadingURI&quot;:&quot;#&quot;,&quot;pointer&quot;:&quot;/items/properties/photoUrls/items&quot;}&#10;    domain: &quot;syntax&quot;&#10;    ignored: [&quot;$id&quot;,&quot;examples&quot;]&#10;warning: the following keywords are unknown and will be ignored: [$id, examples]&#10;    level: &quot;warning&quot;&#10;    schema: {&quot;loadingURI&quot;:&quot;#&quot;,&quot;pointer&quot;:&quot;/items/properties/status&quot;}&#10;    domain: &quot;syntax&quot;&#10;    ignored: [&quot;$id&quot;,&quot;examples&quot;]&#10;warning: the following keywords are unknown and will be ignored: [$id]&#10;    level: &quot;warning&quot;&#10;    schema: {&quot;loadingURI&quot;:&quot;#&quot;,&quot;pointer&quot;:&quot;/items/properties/tags&quot;}&#10;    domain: &quot;syntax&quot;&#10;    ignored: [&quot;$id&quot;]&#10;warning: the following keywords are unknown and will be ignored: [$id]&#10;    level: &quot;warning&quot;&#10;    schema: {&quot;loadingURI&quot;:&quot;#&quot;,&quot;pointer&quot;:&quot;/items/properties/tags/items&quot;}&#10;    domain: &quot;syntax&quot;&#10;    ignored: [&quot;$id&quot;]&#10;warning: the following keywords are unknown and will be ignored: [$id, examples]&#10;    level: &quot;warning&quot;&#10;    schema: {&quot;loadingURI&quot;:&quot;#&quot;,&quot;pointer&quot;:&quot;/items/properties/tags/items/properties/id&quot;}&#10;    domain: &quot;syntax&quot;&#10;    ignored: [&quot;$id&quot;,&quot;examples&quot;]&#10;warning: the following keywords are unknown and will be ignored: [$id, examples]&#10;    level: &quot;warning&quot;&#10;    schema: {&quot;loadingURI&quot;:&quot;#&quot;,&quot;pointer&quot;:&quot;/items/properties/tags/items/properties/name&quot;}&#10;    domain: &quot;syntax&quot;&#10;    ignored: [&quot;$id&quot;,&quot;examples&quot;]&#10;warning: the following keywords are unknown and will be ignored: [$id]&#10;    level: &quot;warning&quot;&#10;    schema: {&quot;loadingURI&quot;:&quot;#&quot;,&quot;pointer&quot;:&quot;/items&quot;}&#10;    domain: &quot;syntax&quot;&#10;    ignored: [&quot;$id&quot;]&#10;warning: the following keywords are unknown and will be ignored: [$id]&#10;    level: &quot;warning&quot;&#10;    schema: {&quot;loadingURI&quot;:&quot;#&quot;,&quot;pointer&quot;:&quot;/items/properties/category&quot;}&#10;    domain: &quot;syntax&quot;&#10;    ignored: [&quot;$id&quot;]&#10;warning: the following keywords are unknown and will be ignored: [$id, examples]&#10;    level: &quot;warning&quot;&#10;    schema: {&quot;loadingURI&quot;:&quot;#&quot;,&quot;pointer&quot;:&quot;/items/properties/category/properties/id&quot;}&#10;    domain: &quot;syntax&quot;&#10;    ignored: [&quot;$id&quot;,&quot;examples&quot;]&#10;warning: the following keywords are unknown and will be ignored: [$id, examples]&#10;    level: &quot;warning&quot;&#10;    schema: {&quot;loadingURI&quot;:&quot;#&quot;,&quot;pointer&quot;:&quot;/items/properties/category/properties/name&quot;}&#10;    domain: &quot;syntax&quot;&#10;    ignored: [&quot;$id&quot;,&quot;examples&quot;]&#10;warning: the following keywords are unknown and will be ignored: [$id, examples]&#10;    level: &quot;warning&quot;&#10;    schema: {&quot;loadingURI&quot;:&quot;#&quot;,&quot;pointer&quot;:&quot;/items/properties/id&quot;}&#10;    domain: &quot;syntax&quot;&#10;    ignored: [&quot;$id&quot;,&quot;examples&quot;]&#10;warning: the following keywords are unknown and will be ignored: [$id, examples]&#10;    level: &quot;warning&quot;&#10;    schema: {&quot;loadingURI&quot;:&quot;#&quot;,&quot;pointer&quot;:&quot;/items/properties/name&quot;}&#10;    domain: &quot;syntax&quot;&#10;    ignored: [&quot;$id&quot;,&quot;examples&quot;]&#10;warning: the following keywords are unknown and will be ignored: [$id]&#10;    level: &quot;warning&quot;&#10;    schema: {&quot;loadingURI&quot;:&quot;#&quot;,&quot;pointer&quot;:&quot;/items/properties/photoUrls&quot;}&#10;    domain: &quot;syntax&quot;&#10;    ignored: [&quot;$id&quot;]&#10;warning: the following keywords are unknown and will be ignored: [$id, examples]&#10;    level: &quot;warning&quot;&#10;    schema: {&quot;loadingURI&quot;:&quot;#&quot;,&quot;pointer&quot;:&quot;/items/properties/photoUrls/items&quot;}&#10;    domain: &quot;syntax&quot;&#10;    ignored: [&quot;$id&quot;,&quot;examples&quot;]&#10;warning: the following keywords are unknown and will be ignored: [$id, examples]&#10;    level: &quot;warning&quot;&#10;    schema: {&quot;loadingURI&quot;:&quot;#&quot;,&quot;pointer&quot;:&quot;/items/properties/status&quot;}&#10;    domain: &quot;syntax&quot;&#10;    ignored: [&quot;$id&quot;,&quot;examples&quot;]&#10;warning: the following keywords are unknown and will be ignored: [$id]&#10;    level: &quot;warning&quot;&#10;    schema: {&quot;loadingURI&quot;:&quot;#&quot;,&quot;pointer&quot;:&quot;/items/properties/tags&quot;}&#10;    domain: &quot;syntax&quot;&#10;    ignored: [&quot;$id&quot;]&#10;warning: the following keywords are unknown and will be ignored: [$id]&#10;    level: &quot;warning&quot;&#10;    schema: {&quot;loadingURI&quot;:&quot;#&quot;,&quot;pointer&quot;:&quot;/items/properties/tags/items&quot;}&#10;    domain: &quot;syntax&quot;&#10;    ignored: [&quot;$id&quot;]&#10;warning: the following keywords are unknown and will be ignored: [$id, examples]&#10;    level: &quot;warning&quot;&#10;    schema: {&quot;loadingURI&quot;:&quot;#&quot;,&quot;pointer&quot;:&quot;/items/properties/tags/items/properties/id&quot;}&#10;    domain: &quot;syntax&quot;&#10;    ignored: [&quot;$id&quot;,&quot;examples&quot;]&#10;warning: the following keywords are unknown and will be ignored: [$id, examples]&#10;    level: &quot;warning&quot;&#10;    schema: {&quot;loadingURI&quot;:&quot;#&quot;,&quot;pointer&quot;:&quot;/items/properties/tags/items/properties/name&quot;}&#10;    domain: &quot;syntax&quot;&#10;    ignored: [&quot;$id&quot;,&quot;examples&quot;]&#10;warning: the following keywords are unknown and will be ignored: [$id]&#10;    level: &quot;warning&quot;&#10;    schema: {&quot;loadingURI&quot;:&quot;#&quot;,&quot;pointer&quot;:&quot;/items&quot;}&#10;    domain: &quot;syntax&quot;&#10;    ignored: [&quot;$id&quot;]&#10;warning: the following keywords are unknown and will be ignored: [$id]&#10;    level: &quot;warning&quot;&#10;    schema: {&quot;loadingURI&quot;:&quot;#&quot;,&quot;pointer&quot;:&quot;/items/properties/category&quot;}&#10;    domain: &quot;syntax&quot;&#10;    ignored: [&quot;$id&quot;]&#10;warning: the following keywords are unknown and will be ignored: [$id, examples]&#10;    level: &quot;warning&quot;&#10;    schema: {&quot;loadingURI&quot;:&quot;#&quot;,&quot;pointer&quot;:&quot;/items/properties/category/properties/id&quot;}&#10;    domain: &quot;syntax&quot;&#10;    ignored: [&quot;$id&quot;,&quot;examples&quot;]&#10;warning: the following keywords are unknown and will be ignored: [$id, examples]&#10;    level: &quot;warning&quot;&#10;    schema: {&quot;loadingURI&quot;:&quot;#&quot;,&quot;pointer&quot;:&quot;/items/properties/category/properties/name&quot;}&#10;    domain: &quot;syntax&quot;&#10;    ignored: [&quot;$id&quot;,&quot;examples&quot;]&#10;warning: the following keywords are unknown and will be ignored: [$id, examples]&#10;    level: &quot;warning&quot;&#10;    schema: {&quot;loadingURI&quot;:&quot;#&quot;,&quot;pointer&quot;:&quot;/items/properties/id&quot;}&#10;    domain: &quot;syntax&quot;&#10;    ignored: [&quot;$id&quot;,&quot;examples&quot;]&#10;warning: the following keywords are unknown and will be ignored: [$id, examples]&#10;    level: &quot;warning&quot;&#10;    schema: {&quot;loadingURI&quot;:&quot;#&quot;,&quot;pointer&quot;:&quot;/items/properties/name&quot;}&#10;    domain: &quot;syntax&quot;&#10;    ignored: [&quot;$id&quot;,&quot;examples&quot;]&#10;warning: the following keywords are unknown and will be ignored: [$id]&#10;    level: &quot;warning&quot;&#10;    schema: {&quot;loadingURI&quot;:&quot;#&quot;,&quot;pointer&quot;:&quot;/items/properties/photoUrls&quot;}&#10;    domain: &quot;syntax&quot;&#10;    ignored: [&quot;$id&quot;]&#10;warning: the following keywords are unknown and will be ignored: [$id, examples]&#10;    level: &quot;warning&quot;&#10;    schema: {&quot;loadingURI&quot;:&quot;#&quot;,&quot;pointer&quot;:&quot;/items/properties/photoUrls/items&quot;}&#10;    domain: &quot;syntax&quot;&#10;    ignored: [&quot;$id&quot;,&quot;examples&quot;]&#10;warning: the following keywords are unknown and will be ignored: [$id, examples]&#10;    level: &quot;warning&quot;&#10;    schema: {&quot;loadingURI&quot;:&quot;#&quot;,&quot;pointer&quot;:&quot;/items/properties/status&quot;}&#10;    domain: &quot;syntax&quot;&#10;    ignored: [&quot;$id&quot;,&quot;examples&quot;]&#10;warning: the following keywords are unknown and will be ignored: [$id]&#10;    level: &quot;warning&quot;&#10;    schema: {&quot;loadingURI&quot;:&quot;#&quot;,&quot;pointer&quot;:&quot;/items/properties/tags&quot;}&#10;    domain: &quot;syntax&quot;&#10;    ignored: [&quot;$id&quot;]&#10;warning: the following keywords are unknown and will be ignored: [$id]&#10;    level: &quot;warning&quot;&#10;    schema: {&quot;loadingURI&quot;:&quot;#&quot;,&quot;pointer&quot;:&quot;/items/properties/tags/items&quot;}&#10;    domain: &quot;syntax&quot;&#10;    ignored: [&quot;$id&quot;]&#10;warning: the following keywords are unknown and will be ignored: [$id, examples]&#10;    level: &quot;warning&quot;&#10;    schema: {&quot;loadingURI&quot;:&quot;#&quot;,&quot;pointer&quot;:&quot;/items/properties/tags/items/properties/id&quot;}&#10;    domain: &quot;syntax&quot;&#10;    ignored: [&quot;$id&quot;,&quot;examples&quot;]&#10;warning: the following keywords are unknown and will be ignored: [$id, examples]&#10;    level: &quot;warning&quot;&#10;    schema: {&quot;loadingURI&quot;:&quot;#&quot;,&quot;pointer&quot;:&quot;/items/properties/tags/items/properties/name&quot;}&#10;    domain: &quot;syntax&quot;&#10;    ignored: [&quot;$id&quot;,&quot;examples&quot;]&#10;warning: the following keywords are unknown and will be ignored: [$id]&#10;    level: &quot;warning&quot;&#10;    schema: {&quot;loadingURI&quot;:&quot;#&quot;,&quot;pointer&quot;:&quot;/items&quot;}&#10;    domain: &quot;syntax&quot;&#10;    ignored: [&quot;$id&quot;]&#10;warning: the following keywords are unknown and will be ignored: [$id]&#10;    level: &quot;warning&quot;&#10;    schema: {&quot;loadingURI&quot;:&quot;#&quot;,&quot;pointer&quot;:&quot;/items/properties/category&quot;}&#10;    domain: &quot;syntax&quot;&#10;    ignored: [&quot;$id&quot;]&#10;warning: the following keywords are unknown and will be ignored: [$id, examples]&#10;    level: &quot;warning&quot;&#10;    schema: {&quot;loadingURI&quot;:&quot;#&quot;,&quot;pointer&quot;:&quot;/items/properties/category/properties/id&quot;}&#10;    domain: &quot;syntax&quot;&#10;    ignored: [&quot;$id&quot;,&quot;examples&quot;]&#10;warning: the following keywords are unknown and will be ignored: [$id, examples]&#10;    level: &quot;warning&quot;&#10;    schema: {&quot;loadingURI&quot;:&quot;#&quot;,&quot;pointer&quot;:&quot;/items/properties/category/properties/name&quot;}&#10;    domain: &quot;syntax&quot;&#10;    ignored: [&quot;$id&quot;,&quot;examples&quot;]&#10;warning: the following keywords are unknown and will be ignored: [$id, examples]&#10;    level: &quot;warning&quot;&#10;    schema: {&quot;loadingURI&quot;:&quot;#&quot;,&quot;pointer&quot;:&quot;/items/properties/id&quot;}&#10;    domain: &quot;syntax&quot;&#10;    ignored: [&quot;$id&quot;,&quot;examples&quot;]&#10;warning: the following keywords are unknown and will be ignored: [$id, examples]&#10;    level: &quot;warning&quot;&#10;    schema: {&quot;loadingURI&quot;:&quot;#&quot;,&quot;pointer&quot;:&quot;/items/properties/name&quot;}&#10;    domain: &quot;syntax&quot;&#10;    ignored: [&quot;$id&quot;,&quot;examples&quot;]&#10;warning: the following keywords are unknown and will be ignored: [$id]&#10;    level: &quot;warning&quot;&#10;    schema: {&quot;loadingURI&quot;:&quot;#&quot;,&quot;pointer&quot;:&quot;/items/properties/photoUrls&quot;}&#10;    domain: &quot;syntax&quot;&#10;    ignored: [&quot;$id&quot;]&#10;warning: the following keywords are unknown and will be ignored: [$id, examples]&#10;    level: &quot;warning&quot;&#10;    schema: {&quot;loadingURI&quot;:&quot;#&quot;,&quot;pointer&quot;:&quot;/items/properties/photoUrls/items&quot;}&#10;    domain: &quot;syntax&quot;&#10;    ignored: [&quot;$id&quot;,&quot;examples&quot;]&#10;warning: the following keywords are unknown and will be ignored: [$id, examples]&#10;    level: &quot;warning&quot;&#10;    schema: {&quot;loadingURI&quot;:&quot;#&quot;,&quot;pointer&quot;:&quot;/items/properties/status&quot;}&#10;    domain: &quot;syntax&quot;&#10;    ignored: [&quot;$id&quot;,&quot;examples&quot;]&#10;warning: the following keywords are unknown and will be ignored: [$id]&#10;    level: &quot;warning&quot;&#10;    schema: {&quot;loadingURI&quot;:&quot;#&quot;,&quot;pointer&quot;:&quot;/items/properties/tags&quot;}&#10;    domain: &quot;syntax&quot;&#10;    ignored: [&quot;$id&quot;]&#10;warning: the following keywords are unknown and will be ignored: [$id]&#10;    level: &quot;warning&quot;&#10;    schema: {&quot;loadingURI&quot;:&quot;#&quot;,&quot;pointer&quot;:&quot;/items/properties/tags/items&quot;}&#10;    domain: &quot;syntax&quot;&#10;    ignored: [&quot;$id&quot;]&#10;warning: the following keywords are unknown and will be ignored: [$id, examples]&#10;    level: &quot;warning&quot;&#10;    schema: {&quot;loadingURI&quot;:&quot;#&quot;,&quot;pointer&quot;:&quot;/items/properties/tags/items/properties/id&quot;}&#10;    domain: &quot;syntax&quot;&#10;    ignored: [&quot;$id&quot;,&quot;examples&quot;]&#10;warning: the following keywords are unknown and will be ignored: [$id, examples]&#10;    level: &quot;warning&quot;&#10;    schema: {&quot;loadingURI&quot;:&quot;#&quot;,&quot;pointer&quot;:&quot;/items/properties/tags/items/properties/name&quot;}&#10;    domain: &quot;syntax&quot;&#10;    ignored: [&quot;$id&quot;,&quot;examples&quot;]&#10;warning: the following keywords are unknown and will be ignored: [$id]&#10;    level: &quot;warning&quot;&#10;    schema: {&quot;loadingURI&quot;:&quot;#&quot;,&quot;pointer&quot;:&quot;/items&quot;}&#10;    domain: &quot;syntax&quot;&#10;    ignored: [&quot;$id&quot;]&#10;warning: the following keywords are unknown and will be ignored: [$id]&#10;    level: &quot;warning&quot;&#10;    schema: {&quot;loadingURI&quot;:&quot;#&quot;,&quot;pointer&quot;:&quot;/items/properties/category&quot;}&#10;    domain: &quot;syntax&quot;&#10;    ignored: [&quot;$id&quot;]&#10;warning: the following keywords are unknown and will be ignored: [$id, examples]&#10;    level: &quot;warning&quot;&#10;    schema: {&quot;loadingURI&quot;:&quot;#&quot;,&quot;pointer&quot;:&quot;/items/properties/category/properties/id&quot;}&#10;    domain: &quot;syntax&quot;&#10;    ignored: [&quot;$id&quot;,&quot;examples&quot;]&#10;warning: the following keywords are unknown and will be ignored: [$id, examples]&#10;    level: &quot;warning&quot;&#10;    schema: {&quot;loadingURI&quot;:&quot;#&quot;,&quot;pointer&quot;:&quot;/items/properties/category/properties/name&quot;}&#10;    domain: &quot;syntax&quot;&#10;    ignored: [&quot;$id&quot;,&quot;examples&quot;]&#10;warning: the following keywords are unknown and will be ignored: [$id, examples]&#10;    level: &quot;warning&quot;&#10;    schema: {&quot;loadingURI&quot;:&quot;#&quot;,&quot;pointer&quot;:&quot;/items/properties/id&quot;}&#10;    domain: &quot;syntax&quot;&#10;    ignored: [&quot;$id&quot;,&quot;examples&quot;]&#10;warning: the following keywords are unknown and will be ignored: [$id, examples]&#10;    level: &quot;warning&quot;&#10;    schema: {&quot;loadingURI&quot;:&quot;#&quot;,&quot;pointer&quot;:&quot;/items/properties/name&quot;}&#10;    domain: &quot;syntax&quot;&#10;    ignored: [&quot;$id&quot;,&quot;examples&quot;]&#10;warning: the following keywords are unknown and will be ignored: [$id]&#10;    level: &quot;warning&quot;&#10;    schema: {&quot;loadingURI&quot;:&quot;#&quot;,&quot;pointer&quot;:&quot;/items/properties/photoUrls&quot;}&#10;    domain: &quot;syntax&quot;&#10;    ignored: [&quot;$id&quot;]&#10;warning: the following keywords are unknown and will be ignored: [$id, examples]&#10;    level: &quot;warning&quot;&#10;    schema: {&quot;loadingURI&quot;:&quot;#&quot;,&quot;pointer&quot;:&quot;/items/properties/photoUrls/items&quot;}&#10;    domain: &quot;syntax&quot;&#10;    ignored: [&quot;$id&quot;,&quot;examples&quot;]&#10;warning: the following keywords are unknown and will be ignored: [$id, examples]&#10;    level: &quot;warning&quot;&#10;    schema: {&quot;loadingURI&quot;:&quot;#&quot;,&quot;pointer&quot;:&quot;/items/properties/status&quot;}&#10;    domain: &quot;syntax&quot;&#10;    ignored: [&quot;$id&quot;,&quot;examples&quot;]&#10;warning: the following keywords are unknown and will be ignored: [$id]&#10;    level: &quot;warning&quot;&#10;    schema: {&quot;loadingURI&quot;:&quot;#&quot;,&quot;pointer&quot;:&quot;/items/properties/tags&quot;}&#10;    domain: &quot;syntax&quot;&#10;    ignored: [&quot;$id&quot;]&#10;warning: the following keywords are unknown and will be ignored: [$id]&#10;    level: &quot;warning&quot;&#10;    schema: {&quot;loadingURI&quot;:&quot;#&quot;,&quot;pointer&quot;:&quot;/items/properties/tags/items&quot;}&#10;    domain: &quot;syntax&quot;&#10;    ignored: [&quot;$id&quot;]&#10;warning: the following keywords are unknown and will be ignored: [$id, examples]&#10;    level: &quot;warning&quot;&#10;    schema: {&quot;loadingURI&quot;:&quot;#&quot;,&quot;pointer&quot;:&quot;/items/properties/tags/items/properties/id&quot;}&#10;    domain: &quot;syntax&quot;&#10;    ignored: [&quot;$id&quot;,&quot;examples&quot;]&#10;warning: the following keywords are unknown and will be ignored: [$id, examples]&#10;    level: &quot;warning&quot;&#10;    schema: {&quot;loadingURI&quot;:&quot;#&quot;,&quot;pointer&quot;:&quot;/items/properties/tags/items/properties/name&quot;}&#10;    domain: &quot;syntax&quot;&#10;    ignored: [&quot;$id&quot;,&quot;examples&quot;]&#10;warning: the following keywords are unknown and will be ignored: [$id]&#10;    level: &quot;warning&quot;&#10;    schema: {&quot;loadingURI&quot;:&quot;#&quot;,&quot;pointer&quot;:&quot;/items&quot;}&#10;    domain: &quot;syntax&quot;&#10;    ignored: [&quot;$id&quot;]&#10;warning: the following keywords are unknown and will be ignored: [$id]&#10;    level: &quot;warning&quot;&#10;    schema: {&quot;loadingURI&quot;:&quot;#&quot;,&quot;pointer&quot;:&quot;/items/properties/category&quot;}&#10;    domain: &quot;syntax&quot;&#10;    ignored: [&quot;$id&quot;]&#10;warning: the following keywords are unknown and will be ignored: [$id, examples]&#10;    level: &quot;warning&quot;&#10;    schema: {&quot;loadingURI&quot;:&quot;#&quot;,&quot;pointer&quot;:&quot;/items/properties/category/properties/id&quot;}&#10;    domain: &quot;syntax&quot;&#10;    ignored: [&quot;$id&quot;,&quot;examples&quot;]&#10;warning: the following keywords are unknown and will be ignored: [$id, examples]&#10;    level: &quot;warning&quot;&#10;    schema: {&quot;loadingURI&quot;:&quot;#&quot;,&quot;pointer&quot;:&quot;/items/properties/category/properties/name&quot;}&#10;    domain: &quot;syntax&quot;&#10;    ignored: [&quot;$id&quot;,&quot;examples&quot;]&#10;warning: the following keywords are unknown and will be ignored: [$id, examples]&#10;    level: &quot;warning&quot;&#10;    schema: {&quot;loadingURI&quot;:&quot;#&quot;,&quot;pointer&quot;:&quot;/items/properties/id&quot;}&#10;    domain: &quot;syntax&quot;&#10;    ignored: [&quot;$id&quot;,&quot;examples&quot;]&#10;warning: the following keywords are unknown and will be ignored: [$id, examples]&#10;    level: &quot;warning&quot;&#10;    schema: {&quot;loadingURI&quot;:&quot;#&quot;,&quot;pointer&quot;:&quot;/items/properties/name&quot;}&#10;    domain: &quot;syntax&quot;&#10;    ignored: [&quot;$id&quot;,&quot;examples&quot;]&#10;warning: the following keywords are unknown and will be ignored: [$id]&#10;    level: &quot;warning&quot;&#10;    schema: {&quot;loadingURI&quot;:&quot;#&quot;,&quot;pointer&quot;:&quot;/items/properties/photoUrls&quot;}&#10;    domain: &quot;syntax&quot;&#10;    ignored: [&quot;$id&quot;]&#10;warning: the following keywords are unknown and will be ignored: [$id, examples]&#10;    level: &quot;warning&quot;&#10;    schema: {&quot;loadingURI&quot;:&quot;#&quot;,&quot;pointer&quot;:&quot;/items/properties/photoUrls/items&quot;}&#10;    domain: &quot;syntax&quot;&#10;    ignored: [&quot;$id&quot;,&quot;examples&quot;]&#10;warning: the following keywords are unknown and will be ignored: [$id, examples]&#10;    level: &quot;warning&quot;&#10;    schema: {&quot;loadingURI&quot;:&quot;#&quot;,&quot;pointer&quot;:&quot;/items/properties/status&quot;}&#10;    domain: &quot;syntax&quot;&#10;    ignored: [&quot;$id&quot;,&quot;examples&quot;]&#10;warning: the following keywords are unknown and will be ignored: [$id]&#10;    level: &quot;warning&quot;&#10;    schema: {&quot;loadingURI&quot;:&quot;#&quot;,&quot;pointer&quot;:&quot;/items/properties/tags&quot;}&#10;    domain: &quot;syntax&quot;&#10;    ignored: [&quot;$id&quot;]&#10;warning: the following keywords are unknown and will be ignored: [$id]&#10;    level: &quot;warning&quot;&#10;    schema: {&quot;loadingURI&quot;:&quot;#&quot;,&quot;pointer&quot;:&quot;/items/properties/tags/items&quot;}&#10;    domain: &quot;syntax&quot;&#10;    ignored: [&quot;$id&quot;]&#10;warning: the following keywords are unknown and will be ignored: [$id, examples]&#10;    level: &quot;warning&quot;&#10;    schema: {&quot;loadingURI&quot;:&quot;#&quot;,&quot;pointer&quot;:&quot;/items/properties/tags/items/properties/id&quot;}&#10;    domain: &quot;syntax&quot;&#10;    ignored: [&quot;$id&quot;,&quot;examples&quot;]&#10;warning: the following keywords are unknown and will be ignored: [$id, examples]&#10;    level: &quot;warning&quot;&#10;    schema: {&quot;loadingURI&quot;:&quot;#&quot;,&quot;pointer&quot;:&quot;/items/properties/tags/items/properties/name&quot;}&#10;    domain: &quot;syntax&quot;&#10;    ignored: [&quot;$id&quot;,&quot;examples&quot;]&#10;warning: the following keywords are unknown and will be ignored: [$id]&#10;    level: &quot;warning&quot;&#10;    schema: {&quot;loadingURI&quot;:&quot;#&quot;,&quot;pointer&quot;:&quot;/items&quot;}&#10;    domain: &quot;syntax&quot;&#10;    ignored: [&quot;$id&quot;]&#10;warning: the following keywords are unknown and will be ignored: [$id]&#10;    level: &quot;warning&quot;&#10;    schema: {&quot;loadingURI&quot;:&quot;#&quot;,&quot;pointer&quot;:&quot;/items/properties/category&quot;}&#10;    domain: &quot;syntax&quot;&#10;    ignored: [&quot;$id&quot;]&#10;warning: the following keywords are unknown and will be ignored: [$id, examples]&#10;    level: &quot;warning&quot;&#10;    schema: {&quot;loadingURI&quot;:&quot;#&quot;,&quot;pointer&quot;:&quot;/items/properties/category/properties/id&quot;}&#10;    domain: &quot;syntax&quot;&#10;    ignored: [&quot;$id&quot;,&quot;examples&quot;]&#10;warning: the following keywords are unknown and will be ignored: [$id, examples]&#10;    level: &quot;warning&quot;&#10;    schema: {&quot;loadingURI&quot;:&quot;#&quot;,&quot;pointer&quot;:&quot;/items/properties/category/properties/name&quot;}&#10;    domain: &quot;syntax&quot;&#10;    ignored: [&quot;$id&quot;,&quot;examples&quot;]&#10;warning: the following keywords are unknown and will be ignored: [$id, examples]&#10;    level: &quot;warning&quot;&#10;    schema: {&quot;loadingURI&quot;:&quot;#&quot;,&quot;pointer&quot;:&quot;/items/properties/id&quot;}&#10;    domain: &quot;syntax&quot;&#10;    ignored: [&quot;$id&quot;,&quot;examples&quot;]&#10;warning: the following keywords are unknown and will be ignored: [$id, examples]&#10;    level: &quot;warning&quot;&#10;    schema: {&quot;loadingURI&quot;:&quot;#&quot;,&quot;pointer&quot;:&quot;/items/properties/name&quot;}&#10;    domain: &quot;syntax&quot;&#10;    ignored: [&quot;$id&quot;,&quot;examples&quot;]&#10;warning: the following keywords are unknown and will be ignored: [$id]&#10;    level: &quot;warning&quot;&#10;    schema: {&quot;loadingURI&quot;:&quot;#&quot;,&quot;pointer&quot;:&quot;/items/properties/photoUrls&quot;}&#10;    domain: &quot;syntax&quot;&#10;    ignored: [&quot;$id&quot;]&#10;warning: the following keywords are unknown and will be ignored: [$id, examples]&#10;    level: &quot;warning&quot;&#10;    schema: {&quot;loadingURI&quot;:&quot;#&quot;,&quot;pointer&quot;:&quot;/items/properties/photoUrls/items&quot;}&#10;    domain: &quot;syntax&quot;&#10;    ignored: [&quot;$id&quot;,&quot;examples&quot;]&#10;warning: the following keywords are unknown and will be ignored: [$id, examples]&#10;    level: &quot;warning&quot;&#10;    schema: {&quot;loadingURI&quot;:&quot;#&quot;,&quot;pointer&quot;:&quot;/items/properties/status&quot;}&#10;    domain: &quot;syntax&quot;&#10;    ignored: [&quot;$id&quot;,&quot;examples&quot;]&#10;warning: the following keywords are unknown and will be ignored: [$id]&#10;    level: &quot;warning&quot;&#10;    schema: {&quot;loadingURI&quot;:&quot;#&quot;,&quot;pointer&quot;:&quot;/items/properties/tags&quot;}&#10;    domain: &quot;syntax&quot;&#10;    ignored: [&quot;$id&quot;]&#10;warning: the following keywords are unknown and will be ignored: [$id]&#10;    level: &quot;warning&quot;&#10;    schema: {&quot;loadingURI&quot;:&quot;#&quot;,&quot;pointer&quot;:&quot;/items/properties/tags/items&quot;}&#10;    domain: &quot;syntax&quot;&#10;    ignored: [&quot;$id&quot;]&#10;warning: the following keywords are unknown and will be ignored: [$id, examples]&#10;    level: &quot;warning&quot;&#10;    schema: {&quot;loadingURI&quot;:&quot;#&quot;,&quot;pointer&quot;:&quot;/items/properties/tags/items/properties/id&quot;}&#10;    domain: &quot;syntax&quot;&#10;    ignored: [&quot;$id&quot;,&quot;examples&quot;]&#10;warning: the following keywords are unknown and will be ignored: [$id, examples]&#10;    level: &quot;warning&quot;&#10;    schema: {&quot;loadingURI&quot;:&quot;#&quot;,&quot;pointer&quot;:&quot;/items/properties/tags/items/properties/name&quot;}&#10;    domain: &quot;syntax&quot;&#10;    ignored: [&quot;$id&quot;,&quot;examples&quot;]&#10;warning: the following keywords are unknown and will be ignored: [$id]&#10;    level: &quot;warning&quot;&#10;    schema: {&quot;loadingURI&quot;:&quot;#&quot;,&quot;pointer&quot;:&quot;/items&quot;}&#10;    domain: &quot;syntax&quot;&#10;    ignored: [&quot;$id&quot;]&#10;warning: the following keywords are unknown and will be ignored: [$id]&#10;    level: &quot;warning&quot;&#10;    schema: {&quot;loadingURI&quot;:&quot;#&quot;,&quot;pointer&quot;:&quot;/items/properties/category&quot;}&#10;    domain: &quot;syntax&quot;&#10;    ignored: [&quot;$id&quot;]&#10;warning: the following keywords are unknown and will be ignored: [$id, examples]&#10;    level: &quot;warning&quot;&#10;    schema: {&quot;loadingURI&quot;:&quot;#&quot;,&quot;pointer&quot;:&quot;/items/properties/category/properties/id&quot;}&#10;    domain: &quot;syntax&quot;&#10;    ignored: [&quot;$id&quot;,&quot;examples&quot;]&#10;warning: the following keywords are unknown and will be ignored: [$id, examples]&#10;    level: &quot;warning&quot;&#10;    schema: {&quot;loadingURI&quot;:&quot;#&quot;,&quot;pointer&quot;:&quot;/items/properties/category/properties/name&quot;}&#10;    domain: &quot;syntax&quot;&#10;    ignored: [&quot;$id&quot;,&quot;examples&quot;]&#10;warning: the following keywords are unknown and will be ignored: [$id, examples]&#10;    level: &quot;warning&quot;&#10;    schema: {&quot;loadingURI&quot;:&quot;#&quot;,&quot;pointer&quot;:&quot;/items/properties/id&quot;}&#10;    domain: &quot;syntax&quot;&#10;    ignored: [&quot;$id&quot;,&quot;examples&quot;]&#10;warning: the following keywords are unknown and will be ignored: [$id, examples]&#10;    level: &quot;warning&quot;&#10;    schema: {&quot;loadingURI&quot;:&quot;#&quot;,&quot;pointer&quot;:&quot;/items/properties/name&quot;}&#10;    domain: &quot;syntax&quot;&#10;    ignored: [&quot;$id&quot;,&quot;examples&quot;]&#10;warning: the following keywords are unknown and will be ignored: [$id]&#10;    level: &quot;warning&quot;&#10;    schema: {&quot;loadingURI&quot;:&quot;#&quot;,&quot;pointer&quot;:&quot;/items/properties/photoUrls&quot;}&#10;    domain: &quot;syntax&quot;&#10;    ignored: [&quot;$id&quot;]&#10;warning: the following keywords are unknown and will be ignored: [$id, examples]&#10;    level: &quot;warning&quot;&#10;    schema: {&quot;loadingURI&quot;:&quot;#&quot;,&quot;pointer&quot;:&quot;/items/properties/photoUrls/items&quot;}&#10;    domain: &quot;syntax&quot;&#10;    ignored: [&quot;$id&quot;,&quot;examples&quot;]&#10;warning: the following keywords are unknown and will be ignored: [$id, examples]&#10;    level: &quot;warning&quot;&#10;    schema: {&quot;loadingURI&quot;:&quot;#&quot;,&quot;pointer&quot;:&quot;/items/properties/status&quot;}&#10;    domain: &quot;syntax&quot;&#10;    ignored: [&quot;$id&quot;,&quot;examples&quot;]&#10;warning: the following keywords are unknown and will be ignored: [$id]&#10;    level: &quot;warning&quot;&#10;    schema: {&quot;loadingURI&quot;:&quot;#&quot;,&quot;pointer&quot;:&quot;/items/properties/tags&quot;}&#10;    domain: &quot;syntax&quot;&#10;    ignored: [&quot;$id&quot;]&#10;warning: the following keywords are unknown and will be ignored: [$id]&#10;    level: &quot;warning&quot;&#10;    schema: {&quot;loadingURI&quot;:&quot;#&quot;,&quot;pointer&quot;:&quot;/items/properties/tags/items&quot;}&#10;    domain: &quot;syntax&quot;&#10;    ignored: [&quot;$id&quot;]&#10;warning: the following keywords are unknown and will be ignored: [$id, examples]&#10;    level: &quot;warning&quot;&#10;    schema: {&quot;loadingURI&quot;:&quot;#&quot;,&quot;pointer&quot;:&quot;/items/properties/tags/items/properties/id&quot;}&#10;    domain: &quot;syntax&quot;&#10;    ignored: [&quot;$id&quot;,&quot;examples&quot;]&#10;warning: the following keywords are unknown and will be ignored: [$id, examples]&#10;    level: &quot;warning&quot;&#10;    schema: {&quot;loadingURI&quot;:&quot;#&quot;,&quot;pointer&quot;:&quot;/items/properties/tags/items/properties/name&quot;}&#10;    domain: &quot;syntax&quot;&#10;    ignored: [&quot;$id&quot;,&quot;examples&quot;]&#10;warning: the following keywords are unknown and will be ignored: [$id]&#10;    level: &quot;warning&quot;&#10;    schema: {&quot;loadingURI&quot;:&quot;#&quot;,&quot;pointer&quot;:&quot;/items&quot;}&#10;    domain: &quot;syntax&quot;&#10;    ignored: [&quot;$id&quot;]&#10;warning: the following keywords are unknown and will be ignored: [$id]&#10;    level: &quot;warning&quot;&#10;    schema: {&quot;loadingURI&quot;:&quot;#&quot;,&quot;pointer&quot;:&quot;/items/properties/category&quot;}&#10;    domain: &quot;syntax&quot;&#10;    ignored: [&quot;$id&quot;]&#10;warning: the following keywords are unknown and will be ignored: [$id, examples]&#10;    level: &quot;warning&quot;&#10;    schema: {&quot;loadingURI&quot;:&quot;#&quot;,&quot;pointer&quot;:&quot;/items/properties/category/properties/id&quot;}&#10;    domain: &quot;syntax&quot;&#10;    ignored: [&quot;$id&quot;,&quot;examples&quot;]&#10;warning: the following keywords are unknown and will be ignored: [$id, examples]&#10;    level: &quot;warning&quot;&#10;    schema: {&quot;loadingURI&quot;:&quot;#&quot;,&quot;pointer&quot;:&quot;/items/properties/category/properties/name&quot;}&#10;    domain: &quot;syntax&quot;&#10;    ignored: [&quot;$id&quot;,&quot;examples&quot;]&#10;warning: the following keywords are unknown and will be ignored: [$id, examples]&#10;    level: &quot;warning&quot;&#10;    schema: {&quot;loadingURI&quot;:&quot;#&quot;,&quot;pointer&quot;:&quot;/items/properties/id&quot;}&#10;    domain: &quot;syntax&quot;&#10;    ignored: [&quot;$id&quot;,&quot;examples&quot;]&#10;warning: the following keywords are unknown and will be ignored: [$id, examples]&#10;    level: &quot;warning&quot;&#10;    schema: {&quot;loadingURI&quot;:&quot;#&quot;,&quot;pointer&quot;:&quot;/items/properties/name&quot;}&#10;    domain: &quot;syntax&quot;&#10;    ignored: [&quot;$id&quot;,&quot;examples&quot;]&#10;warning: the following keywords are unknown and will be ignored: [$id]&#10;    level: &quot;warning&quot;&#10;    schema: {&quot;loadingURI&quot;:&quot;#&quot;,&quot;pointer&quot;:&quot;/items/properties/photoUrls&quot;}&#10;    domain: &quot;syntax&quot;&#10;    ignored: [&quot;$id&quot;]&#10;warning: the following keywords are unknown and will be ignored: [$id, examples]&#10;    level: &quot;warning&quot;&#10;    schema: {&quot;loadingURI&quot;:&quot;#&quot;,&quot;pointer&quot;:&quot;/items/properties/photoUrls/items&quot;}&#10;    domain: &quot;syntax&quot;&#10;    ignored: [&quot;$id&quot;,&quot;examples&quot;]&#10;warning: the following keywords are unknown and will be ignored: [$id, examples]&#10;    level: &quot;warning&quot;&#10;    schema: {&quot;loadingURI&quot;:&quot;#&quot;,&quot;pointer&quot;:&quot;/items/properties/status&quot;}&#10;    domain: &quot;syntax&quot;&#10;    ignored: [&quot;$id&quot;,&quot;examples&quot;]&#10;warning: the following keywords are unknown and will be ignored: [$id]&#10;    level: &quot;warning&quot;&#10;    schema: {&quot;loadingURI&quot;:&quot;#&quot;,&quot;pointer&quot;:&quot;/items/properties/tags&quot;}&#10;    domain: &quot;syntax&quot;&#10;    ignored: [&quot;$id&quot;]&#10;warning: the following keywords are unknown and will be ignored: [$id]&#10;    level: &quot;warning&quot;&#10;    schema: {&quot;loadingURI&quot;:&quot;#&quot;,&quot;pointer&quot;:&quot;/items/properties/tags/items&quot;}&#10;    domain: &quot;syntax&quot;&#10;    ignored: [&quot;$id&quot;]&#10;warning: the following keywords are unknown and will be ignored: [$id, examples]&#10;    level: &quot;warning&quot;&#10;    schema: {&quot;loadingURI&quot;:&quot;#&quot;,&quot;pointer&quot;:&quot;/items/properties/tags/items/properties/id&quot;}&#10;    domain: &quot;syntax&quot;&#10;    ignored: [&quot;$id&quot;,&quot;examples&quot;]&#10;warning: the following keywords are unknown and will be ignored: [$id, examples]&#10;    level: &quot;warning&quot;&#10;    schema: {&quot;loadingURI&quot;:&quot;#&quot;,&quot;pointer&quot;:&quot;/items/properties/tags/items/properties/name&quot;}&#10;    domain: &quot;syntax&quot;&#10;    ignored: [&quot;$id&quot;,&quot;examples&quot;]&#10;warning: the following keywords are unknown and will be ignored: [$id]&#10;    level: &quot;warning&quot;&#10;    schema: {&quot;loadingURI&quot;:&quot;#&quot;,&quot;pointer&quot;:&quot;/items&quot;}&#10;    domain: &quot;syntax&quot;&#10;    ignored: [&quot;$id&quot;]&#10;warning: the following keywords are unknown and will be ignored: [$id]&#10;    level: &quot;warning&quot;&#10;    schema: {&quot;loadingURI&quot;:&quot;#&quot;,&quot;pointer&quot;:&quot;/items/properties/category&quot;}&#10;    domain: &quot;syntax&quot;&#10;    ignored: [&quot;$id&quot;]&#10;warning: the following keywords are unknown and will be ignored: [$id, examples]&#10;    level: &quot;warning&quot;&#10;    schema: {&quot;loadingURI&quot;:&quot;#&quot;,&quot;pointer&quot;:&quot;/items/properties/category/properties/id&quot;}&#10;    domain: &quot;syntax&quot;&#10;    ignored: [&quot;$id&quot;,&quot;examples&quot;]&#10;warning: the following keywords are unknown and will be ignored: [$id, examples]&#10;    level: &quot;warning&quot;&#10;    schema: {&quot;loadingURI&quot;:&quot;#&quot;,&quot;pointer&quot;:&quot;/items/properties/category/properties/name&quot;}&#10;    domain: &quot;syntax&quot;&#10;    ignored: [&quot;$id&quot;,&quot;examples&quot;]&#10;warning: the following keywords are unknown and will be ignored: [$id, examples]&#10;    level: &quot;warning&quot;&#10;    schema: {&quot;loadingURI&quot;:&quot;#&quot;,&quot;pointer&quot;:&quot;/items/properties/id&quot;}&#10;    domain: &quot;syntax&quot;&#10;    ignored: [&quot;$id&quot;,&quot;examples&quot;]&#10;warning: the following keywords are unknown and will be ignored: [$id, examples]&#10;    level: &quot;warning&quot;&#10;    schema: {&quot;loadingURI&quot;:&quot;#&quot;,&quot;pointer&quot;:&quot;/items/properties/name&quot;}&#10;    domain: &quot;syntax&quot;&#10;    ignored: [&quot;$id&quot;,&quot;examples&quot;]&#10;warning: the following keywords are unknown and will be ignored: [$id]&#10;    level: &quot;warning&quot;&#10;    schema: {&quot;loadingURI&quot;:&quot;#&quot;,&quot;pointer&quot;:&quot;/items/properties/photoUrls&quot;}&#10;    domain: &quot;syntax&quot;&#10;    ignored: [&quot;$id&quot;]&#10;warning: the following keywords are unknown and will be ignored: [$id, examples]&#10;    level: &quot;warning&quot;&#10;    schema: {&quot;loadingURI&quot;:&quot;#&quot;,&quot;pointer&quot;:&quot;/items/properties/photoUrls/items&quot;}&#10;    domain: &quot;syntax&quot;&#10;    ignored: [&quot;$id&quot;,&quot;examples&quot;]&#10;warning: the following keywords are unknown and will be ignored: [$id, examples]&#10;    level: &quot;warning&quot;&#10;    schema: {&quot;loadingURI&quot;:&quot;#&quot;,&quot;pointer&quot;:&quot;/items/properties/status&quot;}&#10;    domain: &quot;syntax&quot;&#10;    ignored: [&quot;$id&quot;,&quot;examples&quot;]&#10;warning: the following keywords are unknown and will be ignored: [$id]&#10;    level: &quot;warning&quot;&#10;    schema: {&quot;loadingURI&quot;:&quot;#&quot;,&quot;pointer&quot;:&quot;/items/properties/tags&quot;}&#10;    domain: &quot;syntax&quot;&#10;    ignored: [&quot;$id&quot;]&#10;warning: the following keywords are unknown and will be ignored: [$id]&#10;    level: &quot;warning&quot;&#10;    schema: {&quot;loadingURI&quot;:&quot;#&quot;,&quot;pointer&quot;:&quot;/items/properties/tags/items&quot;}&#10;    domain: &quot;syntax&quot;&#10;    ignored: [&quot;$id&quot;]&#10;warning: the following keywords are unknown and will be ignored: [$id, examples]&#10;    level: &quot;warning&quot;&#10;    schema: {&quot;loadingURI&quot;:&quot;#&quot;,&quot;pointer&quot;:&quot;/items/properties/tags/items/properties/id&quot;}&#10;    domain: &quot;syntax&quot;&#10;    ignored: [&quot;$id&quot;,&quot;examples&quot;]&#10;warning: the following keywords are unknown and will be ignored: [$id, examples]&#10;    level: &quot;warning&quot;&#10;    schema: {&quot;loadingURI&quot;:&quot;#&quot;,&quot;pointer&quot;:&quot;/items/properties/tags/items/properties/name&quot;}&#10;    domain: &quot;syntax&quot;&#10;    ignored: [&quot;$id&quot;,&quot;examples&quot;]&#10;warning: the following keywords are unknown and will be ignored: [$id]&#10;    level: &quot;warning&quot;&#10;    schema: {&quot;loadingURI&quot;:&quot;#&quot;,&quot;pointer&quot;:&quot;/items&quot;}&#10;    domain: &quot;syntax&quot;&#10;    ignored: [&quot;$id&quot;]&#10;warning: the following keywords are unknown and will be ignored: [$id]&#10;    level: &quot;warning&quot;&#10;    schema: {&quot;loadingURI&quot;:&quot;#&quot;,&quot;pointer&quot;:&quot;/items/properties/category&quot;}&#10;    domain: &quot;syntax&quot;&#10;    ignored: [&quot;$id&quot;]&#10;warning: the following keywords are unknown and will be ignored: [$id, examples]&#10;    level: &quot;warning&quot;&#10;    schema: {&quot;loadingURI&quot;:&quot;#&quot;,&quot;pointer&quot;:&quot;/items/properties/category/properties/id&quot;}&#10;    domain: &quot;syntax&quot;&#10;    ignored: [&quot;$id&quot;,&quot;examples&quot;]&#10;warning: the following keywords are unknown and will be ignored: [$id, examples]&#10;    level: &quot;warning&quot;&#10;    schema: {&quot;loadingURI&quot;:&quot;#&quot;,&quot;pointer&quot;:&quot;/items/properties/category/properties/name&quot;}&#10;    domain: &quot;syntax&quot;&#10;    ignored: [&quot;$id&quot;,&quot;examples&quot;]&#10;warning: the following keywords are unknown and will be ignored: [$id, examples]&#10;    level: &quot;warning&quot;&#10;    schema: {&quot;loadingURI&quot;:&quot;#&quot;,&quot;pointer&quot;:&quot;/items/properties/id&quot;}&#10;    domain: &quot;syntax&quot;&#10;    ignored: [&quot;$id&quot;,&quot;examples&quot;]&#10;warning: the following keywords are unknown and will be ignored: [$id, examples]&#10;    level: &quot;warning&quot;&#10;    schema: {&quot;loadingURI&quot;:&quot;#&quot;,&quot;pointer&quot;:&quot;/items/properties/name&quot;}&#10;    domain: &quot;syntax&quot;&#10;    ignored: [&quot;$id&quot;,&quot;examples&quot;]&#10;warning: the following keywords are unknown and will be ignored: [$id]&#10;    level: &quot;warning&quot;&#10;    schema: {&quot;loadingURI&quot;:&quot;#&quot;,&quot;pointer&quot;:&quot;/items/properties/photoUrls&quot;}&#10;    domain: &quot;syntax&quot;&#10;    ignored: [&quot;$id&quot;]&#10;warning: the following keywords are unknown and will be ignored: [$id, examples]&#10;    level: &quot;warning&quot;&#10;    schema: {&quot;loadingURI&quot;:&quot;#&quot;,&quot;pointer&quot;:&quot;/items/properties/photoUrls/items&quot;}&#10;    domain: &quot;syntax&quot;&#10;    ignored: [&quot;$id&quot;,&quot;examples&quot;]&#10;warning: the following keywords are unknown and will be ignored: [$id, examples]&#10;    level: &quot;warning&quot;&#10;    schema: {&quot;loadingURI&quot;:&quot;#&quot;,&quot;pointer&quot;:&quot;/items/properties/status&quot;}&#10;    domain: &quot;syntax&quot;&#10;    ignored: [&quot;$id&quot;,&quot;examples&quot;]&#10;warning: the following keywords are unknown and will be ignored: [$id]&#10;    level: &quot;warning&quot;&#10;    schema: {&quot;loadingURI&quot;:&quot;#&quot;,&quot;pointer&quot;:&quot;/items/properties/tags&quot;}&#10;    domain: &quot;syntax&quot;&#10;    ignored: [&quot;$id&quot;]&#10;warning: the following keywords are unknown and will be ignored: [$id]&#10;    level: &quot;warning&quot;&#10;    schema: {&quot;loadingURI&quot;:&quot;#&quot;,&quot;pointer&quot;:&quot;/items/properties/tags/items&quot;}&#10;    domain: &quot;syntax&quot;&#10;    ignored: [&quot;$id&quot;]&#10;warning: the following keywords are unknown and will be ignored: [$id, examples]&#10;    level: &quot;warning&quot;&#10;    schema: {&quot;loadingURI&quot;:&quot;#&quot;,&quot;pointer&quot;:&quot;/items/properties/tags/items/properties/id&quot;}&#10;    domain: &quot;syntax&quot;&#10;    ignored: [&quot;$id&quot;,&quot;examples&quot;]&#10;warning: the following keywords are unknown and will be ignored: [$id, examples]&#10;    level: &quot;warning&quot;&#10;    schema: {&quot;loadingURI&quot;:&quot;#&quot;,&quot;pointer&quot;:&quot;/items/properties/tags/items/properties/name&quot;}&#10;    domain: &quot;syntax&quot;&#10;    ignored: [&quot;$id&quot;,&quot;examples&quot;]&#10;warning: the following keywords are unknown and will be ignored: [$id]&#10;    level: &quot;warning&quot;&#10;    schema: {&quot;loadingURI&quot;:&quot;#&quot;,&quot;pointer&quot;:&quot;/items&quot;}&#10;    domain: &quot;syntax&quot;&#10;    ignored: [&quot;$id&quot;]&#10;warning: the following keywords are unknown and will be ignored: [$id]&#10;    level: &quot;warning&quot;&#10;    schema: {&quot;loadingURI&quot;:&quot;#&quot;,&quot;pointer&quot;:&quot;/items/properties/category&quot;}&#10;    domain: &quot;syntax&quot;&#10;    ignored: [&quot;$id&quot;]&#10;warning: the following keywords are unknown and will be ignored: [$id, examples]&#10;    level: &quot;warning&quot;&#10;    schema: {&quot;loadingURI&quot;:&quot;#&quot;,&quot;pointer&quot;:&quot;/items/properties/category/properties/id&quot;}&#10;    domain: &quot;syntax&quot;&#10;    ignored: [&quot;$id&quot;,&quot;examples&quot;]&#10;warning: the following keywords are unknown and will be ignored: [$id, examples]&#10;    level: &quot;warning&quot;&#10;    schema: {&quot;loadingURI&quot;:&quot;#&quot;,&quot;pointer&quot;:&quot;/items/properties/category/properties/name&quot;}&#10;    domain: &quot;syntax&quot;&#10;    ignored: [&quot;$id&quot;,&quot;examples&quot;]&#10;warning: the following keywords are unknown and will be ignored: [$id, examples]&#10;    level: &quot;warning&quot;&#10;    schema: {&quot;loadingURI&quot;:&quot;#&quot;,&quot;pointer&quot;:&quot;/items/properties/id&quot;}&#10;    domain: &quot;syntax&quot;&#10;    ignored: [&quot;$id&quot;,&quot;examples&quot;]&#10;warning: the following keywords are unknown and will be ignored: [$id, examples]&#10;    level: &quot;warning&quot;&#10;    schema: {&quot;loadingURI&quot;:&quot;#&quot;,&quot;pointer&quot;:&quot;/items/properties/name&quot;}&#10;    domain: &quot;syntax&quot;&#10;    ignored: [&quot;$id&quot;,&quot;examples&quot;]&#10;warning: the following keywords are unknown and will be ignored: [$id]&#10;    level: &quot;warning&quot;&#10;    schema: {&quot;loadingURI&quot;:&quot;#&quot;,&quot;pointer&quot;:&quot;/items/properties/photoUrls&quot;}&#10;    domain: &quot;syntax&quot;&#10;    ignored: [&quot;$id&quot;]&#10;warning: the following keywords are unknown and will be ignored: [$id, examples]&#10;    level: &quot;warning&quot;&#10;    schema: {&quot;loadingURI&quot;:&quot;#&quot;,&quot;pointer&quot;:&quot;/items/properties/photoUrls/items&quot;}&#10;    domain: &quot;syntax&quot;&#10;    ignored: [&quot;$id&quot;,&quot;examples&quot;]&#10;warning: the following keywords are unknown and will be ignored: [$id, examples]&#10;    level: &quot;warning&quot;&#10;    schema: {&quot;loadingURI&quot;:&quot;#&quot;,&quot;pointer&quot;:&quot;/items/properties/status&quot;}&#10;    domain: &quot;syntax&quot;&#10;    ignored: [&quot;$id&quot;,&quot;examples&quot;]&#10;warning: the following keywords are unknown and will be ignored: [$id]&#10;    level: &quot;warning&quot;&#10;    schema: {&quot;loadingURI&quot;:&quot;#&quot;,&quot;pointer&quot;:&quot;/items/properties/tags&quot;}&#10;    domain: &quot;syntax&quot;&#10;    ignored: [&quot;$id&quot;]&#10;warning: the following keywords are unknown and will be ignored: [$id]&#10;    level: &quot;warning&quot;&#10;    schema: {&quot;loadingURI&quot;:&quot;#&quot;,&quot;pointer&quot;:&quot;/items/properties/tags/items&quot;}&#10;    domain: &quot;syntax&quot;&#10;    ignored: [&quot;$id&quot;]&#10;warning: the following keywords are unknown and will be ignored: [$id, examples]&#10;    level: &quot;warning&quot;&#10;    schema: {&quot;loadingURI&quot;:&quot;#&quot;,&quot;pointer&quot;:&quot;/items/properties/tags/items/properties/id&quot;}&#10;    domain: &quot;syntax&quot;&#10;    ignored: [&quot;$id&quot;,&quot;examples&quot;]&#10;warning: the following keywords are unknown and will be ignored: [$id, examples]&#10;    level: &quot;warning&quot;&#10;    schema: {&quot;loadingURI&quot;:&quot;#&quot;,&quot;pointer&quot;:&quot;/items/properties/tags/items/properties/name&quot;}&#10;    domain: &quot;syntax&quot;&#10;    ignored: [&quot;$id&quot;,&quot;examples&quot;]&#10;warning: the following keywords are unknown and will be ignored: [$id]&#10;    level: &quot;warning&quot;&#10;    schema: {&quot;loadingURI&quot;:&quot;#&quot;,&quot;pointer&quot;:&quot;/items&quot;}&#10;    domain: &quot;syntax&quot;&#10;    ignored: [&quot;$id&quot;]&#10;warning: the following keywords are unknown and will be ignored: [$id]&#10;    level: &quot;warning&quot;&#10;    schema: {&quot;loadingURI&quot;:&quot;#&quot;,&quot;pointer&quot;:&quot;/items/properties/category&quot;}&#10;    domain: &quot;syntax&quot;&#10;    ignored: [&quot;$id&quot;]&#10;warning: the following keywords are unknown and will be ignored: [$id, examples]&#10;    level: &quot;warning&quot;&#10;    schema: {&quot;loadingURI&quot;:&quot;#&quot;,&quot;pointer&quot;:&quot;/items/properties/category/properties/id&quot;}&#10;    domain: &quot;syntax&quot;&#10;    ignored: [&quot;$id&quot;,&quot;examples&quot;]&#10;warning: the following keywords are unknown and will be ignored: [$id, examples]&#10;    level: &quot;warning&quot;&#10;    schema: {&quot;loadingURI&quot;:&quot;#&quot;,&quot;pointer&quot;:&quot;/items/properties/category/properties/name&quot;}&#10;    domain: &quot;syntax&quot;&#10;    ignored: [&quot;$id&quot;,&quot;examples&quot;]&#10;warning: the following keywords are unknown and will be ignored: [$id, examples]&#10;    level: &quot;warning&quot;&#10;    schema: {&quot;loadingURI&quot;:&quot;#&quot;,&quot;pointer&quot;:&quot;/items/properties/id&quot;}&#10;    domain: &quot;syntax&quot;&#10;    ignored: [&quot;$id&quot;,&quot;examples&quot;]&#10;warning: the following keywords are unknown and will be ignored: [$id, examples]&#10;    level: &quot;warning&quot;&#10;    schema: {&quot;loadingURI&quot;:&quot;#&quot;,&quot;pointer&quot;:&quot;/items/properties/name&quot;}&#10;    domain: &quot;syntax&quot;&#10;    ignored: [&quot;$id&quot;,&quot;examples&quot;]&#10;warning: the following keywords are unknown and will be ignored: [$id]&#10;    level: &quot;warning&quot;&#10;    schema: {&quot;loadingURI&quot;:&quot;#&quot;,&quot;pointer&quot;:&quot;/items/properties/photoUrls&quot;}&#10;    domain: &quot;syntax&quot;&#10;    ignored: [&quot;$id&quot;]&#10;warning: the following keywords are unknown and will be ignored: [$id, examples]&#10;    level: &quot;warning&quot;&#10;    schema: {&quot;loadingURI&quot;:&quot;#&quot;,&quot;pointer&quot;:&quot;/items/properties/photoUrls/items&quot;}&#10;    domain: &quot;syntax&quot;&#10;    ignored: [&quot;$id&quot;,&quot;examples&quot;]&#10;warning: the following keywords are unknown and will be ignored: [$id, examples]&#10;    level: &quot;warning&quot;&#10;    schema: {&quot;loadingURI&quot;:&quot;#&quot;,&quot;pointer&quot;:&quot;/items/properties/status&quot;}&#10;    domain: &quot;syntax&quot;&#10;    ignored: [&quot;$id&quot;,&quot;examples&quot;]&#10;warning: the following keywords are unknown and will be ignored: [$id]&#10;    level: &quot;warning&quot;&#10;    schema: {&quot;loadingURI&quot;:&quot;#&quot;,&quot;pointer&quot;:&quot;/items/properties/tags&quot;}&#10;    domain: &quot;syntax&quot;&#10;    ignored: [&quot;$id&quot;]&#10;warning: the following keywords are unknown and will be ignored: [$id]&#10;    level: &quot;warning&quot;&#10;    schema: {&quot;loadingURI&quot;:&quot;#&quot;,&quot;pointer&quot;:&quot;/items/properties/tags/items&quot;}&#10;    domain: &quot;syntax&quot;&#10;    ignored: [&quot;$id&quot;]&#10;warning: the following keywords are unknown and will be ignored: [$id, examples]&#10;    level: &quot;warning&quot;&#10;    schema: {&quot;loadingURI&quot;:&quot;#&quot;,&quot;pointer&quot;:&quot;/items/properties/tags/items/properties/id&quot;}&#10;    domain: &quot;syntax&quot;&#10;    ignored: [&quot;$id&quot;,&quot;examples&quot;]&#10;warning: the following keywords are unknown and will be ignored: [$id, examples]&#10;    level: &quot;warning&quot;&#10;    schema: {&quot;loadingURI&quot;:&quot;#&quot;,&quot;pointer&quot;:&quot;/items/properties/tags/items/properties/name&quot;}&#10;    domain: &quot;syntax&quot;&#10;    ignored: [&quot;$id&quot;,&quot;examples&quot;]&#10;warning: the following keywords are unknown and will be ignored: [$id]&#10;    level: &quot;warning&quot;&#10;    schema: {&quot;loadingURI&quot;:&quot;#&quot;,&quot;pointer&quot;:&quot;/items&quot;}&#10;    domain: &quot;syntax&quot;&#10;    ignored: [&quot;$id&quot;]&#10;warning: the following keywords are unknown and will be ignored: [$id]&#10;    level: &quot;warning&quot;&#10;    schema: {&quot;loadingURI&quot;:&quot;#&quot;,&quot;pointer&quot;:&quot;/items/properties/category&quot;}&#10;    domain: &quot;syntax&quot;&#10;    ignored: [&quot;$id&quot;]&#10;warning: the following keywords are unknown and will be ignored: [$id, examples]&#10;    level: &quot;warning&quot;&#10;    schema: {&quot;loadingURI&quot;:&quot;#&quot;,&quot;pointer&quot;:&quot;/items/properties/category/properties/id&quot;}&#10;    domain: &quot;syntax&quot;&#10;    ignored: [&quot;$id&quot;,&quot;examples&quot;]&#10;warning: the following keywords are unknown and will be ignored: [$id, examples]&#10;    level: &quot;warning&quot;&#10;    schema: {&quot;loadingURI&quot;:&quot;#&quot;,&quot;pointer&quot;:&quot;/items/properties/category/properties/name&quot;}&#10;    domain: &quot;syntax&quot;&#10;    ignored: [&quot;$id&quot;,&quot;examples&quot;]&#10;warning: the following keywords are unknown and will be ignored: [$id, examples]&#10;    level: &quot;warning&quot;&#10;    schema: {&quot;loadingURI&quot;:&quot;#&quot;,&quot;pointer&quot;:&quot;/items/properties/id&quot;}&#10;    domain: &quot;syntax&quot;&#10;    ignored: [&quot;$id&quot;,&quot;examples&quot;]&#10;warning: the following keywords are unknown and will be ignored: [$id, examples]&#10;    level: &quot;warning&quot;&#10;    schema: {&quot;loadingURI&quot;:&quot;#&quot;,&quot;pointer&quot;:&quot;/items/properties/name&quot;}&#10;    domain: &quot;syntax&quot;&#10;    ignored: [&quot;$id&quot;,&quot;examples&quot;]&#10;warning: the following keywords are unknown and will be ignored: [$id]&#10;    level: &quot;warning&quot;&#10;    schema: {&quot;loadingURI&quot;:&quot;#&quot;,&quot;pointer&quot;:&quot;/items/properties/photoUrls&quot;}&#10;    domain: &quot;syntax&quot;&#10;    ignored: [&quot;$id&quot;]&#10;warning: the following keywords are unknown and will be ignored: [$id, examples]&#10;    level: &quot;warning&quot;&#10;    schema: {&quot;loadingURI&quot;:&quot;#&quot;,&quot;pointer&quot;:&quot;/items/properties/photoUrls/items&quot;}&#10;    domain: &quot;syntax&quot;&#10;    ignored: [&quot;$id&quot;,&quot;examples&quot;]&#10;warning: the following keywords are unknown and will be ignored: [$id, examples]&#10;    level: &quot;warning&quot;&#10;    schema: {&quot;loadingURI&quot;:&quot;#&quot;,&quot;pointer&quot;:&quot;/items/properties/status&quot;}&#10;    domain: &quot;syntax&quot;&#10;    ignored: [&quot;$id&quot;,&quot;examples&quot;]&#10;warning: the following keywords are unknown and will be ignored: [$id]&#10;    level: &quot;warning&quot;&#10;    schema: {&quot;loadingURI&quot;:&quot;#&quot;,&quot;pointer&quot;:&quot;/items/properties/tags&quot;}&#10;    domain: &quot;syntax&quot;&#10;    ignored: [&quot;$id&quot;]&#10;warning: the following keywords are unknown and will be ignored: [$id]&#10;    level: &quot;warning&quot;&#10;    schema: {&quot;loadingURI&quot;:&quot;#&quot;,&quot;pointer&quot;:&quot;/items/properties/tags/items&quot;}&#10;    domain: &quot;syntax&quot;&#10;    ignored: [&quot;$id&quot;]&#10;warning: the following keywords are unknown and will be ignored: [$id, examples]&#10;    level: &quot;warning&quot;&#10;    schema: {&quot;loadingURI&quot;:&quot;#&quot;,&quot;pointer&quot;:&quot;/items/properties/tags/items/properties/id&quot;}&#10;    domain: &quot;syntax&quot;&#10;    ignored: [&quot;$id&quot;,&quot;examples&quot;]&#10;warning: the following keywords are unknown and will be ignored: [$id, examples]&#10;    level: &quot;warning&quot;&#10;    schema: {&quot;loadingURI&quot;:&quot;#&quot;,&quot;pointer&quot;:&quot;/items/properties/tags/items/properties/name&quot;}&#10;    domain: &quot;syntax&quot;&#10;    ignored: [&quot;$id&quot;,&quot;examples&quot;]&#10;warning: the following keywords are unknown and will be ignored: [$id]&#10;    level: &quot;warning&quot;&#10;    schema: {&quot;loadingURI&quot;:&quot;#&quot;,&quot;pointer&quot;:&quot;/items&quot;}&#10;    domain: &quot;syntax&quot;&#10;    ignored: [&quot;$id&quot;]&#10;warning: the following keywords are unknown and will be ignored: [$id]&#10;    level: &quot;warning&quot;&#10;    schema: {&quot;loadingURI&quot;:&quot;#&quot;,&quot;pointer&quot;:&quot;/items/properties/category&quot;}&#10;    domain: &quot;syntax&quot;&#10;    ignored: [&quot;$id&quot;]&#10;warning: the following keywords are unknown and will be ignored: [$id, examples]&#10;    level: &quot;warning&quot;&#10;    schema: {&quot;loadingURI&quot;:&quot;#&quot;,&quot;pointer&quot;:&quot;/items/properties/category/properties/id&quot;}&#10;    domain: &quot;syntax&quot;&#10;    ignored: [&quot;$id&quot;,&quot;examples&quot;]&#10;warning: the following keywords are unknown and will be ignored: [$id, examples]&#10;    level: &quot;warning&quot;&#10;    schema: {&quot;loadingURI&quot;:&quot;#&quot;,&quot;pointer&quot;:&quot;/items/properties/category/properties/name&quot;}&#10;    domain: &quot;syntax&quot;&#10;    ignored: [&quot;$id&quot;,&quot;examples&quot;]&#10;warning: the following keywords are unknown and will be ignored: [$id, examples]&#10;    level: &quot;warning&quot;&#10;    schema: {&quot;loadingURI&quot;:&quot;#&quot;,&quot;pointer&quot;:&quot;/items/properties/id&quot;}&#10;    domain: &quot;syntax&quot;&#10;    ignored: [&quot;$id&quot;,&quot;examples&quot;]&#10;warning: the following keywords are unknown and will be ignored: [$id, examples]&#10;    level: &quot;warning&quot;&#10;    schema: {&quot;loadingURI&quot;:&quot;#&quot;,&quot;pointer&quot;:&quot;/items/properties/name&quot;}&#10;    domain: &quot;syntax&quot;&#10;    ignored: [&quot;$id&quot;,&quot;examples&quot;]&#10;warning: the following keywords are unknown and will be ignored: [$id]&#10;    level: &quot;warning&quot;&#10;    schema: {&quot;loadingURI&quot;:&quot;#&quot;,&quot;pointer&quot;:&quot;/items/properties/photoUrls&quot;}&#10;    domain: &quot;syntax&quot;&#10;    ignored: [&quot;$id&quot;]&#10;warning: the following keywords are unknown and will be ignored: [$id, examples]&#10;    level: &quot;warning&quot;&#10;    schema: {&quot;loadingURI&quot;:&quot;#&quot;,&quot;pointer&quot;:&quot;/items/properties/photoUrls/items&quot;}&#10;    domain: &quot;syntax&quot;&#10;    ignored: [&quot;$id&quot;,&quot;examples&quot;]&#10;warning: the following keywords are unknown and will be ignored: [$id, examples]&#10;    level: &quot;warning&quot;&#10;    schema: {&quot;loadingURI&quot;:&quot;#&quot;,&quot;pointer&quot;:&quot;/items/properties/status&quot;}&#10;    domain: &quot;syntax&quot;&#10;    ignored: [&quot;$id&quot;,&quot;examples&quot;]&#10;warning: the following keywords are unknown and will be ignored: [$id]&#10;    level: &quot;warning&quot;&#10;    schema: {&quot;loadingURI&quot;:&quot;#&quot;,&quot;pointer&quot;:&quot;/items/properties/tags&quot;}&#10;    domain: &quot;syntax&quot;&#10;    ignored: [&quot;$id&quot;]&#10;warning: the following keywords are unknown and will be ignored: [$id]&#10;    level: &quot;warning&quot;&#10;    schema: {&quot;loadingURI&quot;:&quot;#&quot;,&quot;pointer&quot;:&quot;/items/properties/tags/items&quot;}&#10;    domain: &quot;syntax&quot;&#10;    ignored: [&quot;$id&quot;]&#10;warning: the following keywords are unknown and will be ignored: [$id, examples]&#10;    level: &quot;warning&quot;&#10;    schema: {&quot;loadingURI&quot;:&quot;#&quot;,&quot;pointer&quot;:&quot;/items/properties/tags/items/properties/id&quot;}&#10;    domain: &quot;syntax&quot;&#10;    ignored: [&quot;$id&quot;,&quot;examples&quot;]&#10;warning: the following keywords are unknown and will be ignored: [$id, examples]&#10;    level: &quot;warning&quot;&#10;    schema: {&quot;loadingURI&quot;:&quot;#&quot;,&quot;pointer&quot;:&quot;/items/properties/tags/items/properties/name&quot;}&#10;    domain: &quot;syntax&quot;&#10;    ignored: [&quot;$id&quot;,&quot;examples&quot;]&#10;warning: the following keywords are unknown and will be ignored: [$id]&#10;    level: &quot;warning&quot;&#10;    schema: {&quot;loadingURI&quot;:&quot;#&quot;,&quot;pointer&quot;:&quot;/items&quot;}&#10;    domain: &quot;syntax&quot;&#10;    ignored: [&quot;$id&quot;]&#10;warning: the following keywords are unknown and will be ignored: [$id]&#10;    level: &quot;warning&quot;&#10;    schema: {&quot;loadingURI&quot;:&quot;#&quot;,&quot;pointer&quot;:&quot;/items/properties/category&quot;}&#10;    domain: &quot;syntax&quot;&#10;    ignored: [&quot;$id&quot;]&#10;warning: the following keywords are unknown and will be ignored: [$id, examples]&#10;    level: &quot;warning&quot;&#10;    schema: {&quot;loadingURI&quot;:&quot;#&quot;,&quot;pointer&quot;:&quot;/items/properties/category/properties/id&quot;}&#10;    domain: &quot;syntax&quot;&#10;    ignored: [&quot;$id&quot;,&quot;examples&quot;]&#10;warning: the following keywords are unknown and will be ignored: [$id, examples]&#10;    level: &quot;warning&quot;&#10;    schema: {&quot;loadingURI&quot;:&quot;#&quot;,&quot;pointer&quot;:&quot;/items/properties/category/properties/name&quot;}&#10;    domain: &quot;syntax&quot;&#10;    ignored: [&quot;$id&quot;,&quot;examples&quot;]&#10;warning: the following keywords are unknown and will be ignored: [$id, examples]&#10;    level: &quot;warning&quot;&#10;    schema: {&quot;loadingURI&quot;:&quot;#&quot;,&quot;pointer&quot;:&quot;/items/properties/id&quot;}&#10;    domain: &quot;syntax&quot;&#10;    ignored: [&quot;$id&quot;,&quot;examples&quot;]&#10;warning: the following keywords are unknown and will be ignored: [$id, examples]&#10;    level: &quot;warning&quot;&#10;    schema: {&quot;loadingURI&quot;:&quot;#&quot;,&quot;pointer&quot;:&quot;/items/properties/name&quot;}&#10;    domain: &quot;syntax&quot;&#10;    ignored: [&quot;$id&quot;,&quot;examples&quot;]&#10;warning: the following keywords are unknown and will be ignored: [$id]&#10;    level: &quot;warning&quot;&#10;    schema: {&quot;loadingURI&quot;:&quot;#&quot;,&quot;pointer&quot;:&quot;/items/properties/photoUrls&quot;}&#10;    domain: &quot;syntax&quot;&#10;    ignored: [&quot;$id&quot;]&#10;warning: the following keywords are unknown and will be ignored: [$id, examples]&#10;    level: &quot;warning&quot;&#10;    schema: {&quot;loadingURI&quot;:&quot;#&quot;,&quot;pointer&quot;:&quot;/items/properties/photoUrls/items&quot;}&#10;    domain: &quot;syntax&quot;&#10;    ignored: [&quot;$id&quot;,&quot;examples&quot;]&#10;warning: the following keywords are unknown and will be ignored: [$id, examples]&#10;    level: &quot;warning&quot;&#10;    schema: {&quot;loadingURI&quot;:&quot;#&quot;,&quot;pointer&quot;:&quot;/items/properties/status&quot;}&#10;    domain: &quot;syntax&quot;&#10;    ignored: [&quot;$id&quot;,&quot;examples&quot;]&#10;warning: the following keywords are unknown and will be ignored: [$id]&#10;    level: &quot;warning&quot;&#10;    schema: {&quot;loadingURI&quot;:&quot;#&quot;,&quot;pointer&quot;:&quot;/items/properties/tags&quot;}&#10;    domain: &quot;syntax&quot;&#10;    ignored: [&quot;$id&quot;]&#10;warning: the following keywords are unknown and will be ignored: [$id]&#10;    level: &quot;warning&quot;&#10;    schema: {&quot;loadingURI&quot;:&quot;#&quot;,&quot;pointer&quot;:&quot;/items/properties/tags/items&quot;}&#10;    domain: &quot;syntax&quot;&#10;    ignored: [&quot;$id&quot;]&#10;warning: the following keywords are unknown and will be ignored: [$id, examples]&#10;    level: &quot;warning&quot;&#10;    schema: {&quot;loadingURI&quot;:&quot;#&quot;,&quot;pointer&quot;:&quot;/items/properties/tags/items/properties/id&quot;}&#10;    domain: &quot;syntax&quot;&#10;    ignored: [&quot;$id&quot;,&quot;examples&quot;]&#10;warning: the following keywords are unknown and will be ignored: [$id, examples]&#10;    level: &quot;warning&quot;&#10;    schema: {&quot;loadingURI&quot;:&quot;#&quot;,&quot;pointer&quot;:&quot;/items/properties/tags/items/properties/name&quot;}&#10;    domain: &quot;syntax&quot;&#10;    ignored: [&quot;$id&quot;,&quot;examples&quot;]&#10;warning: the following keywords are unknown and will be ignored: [$id]&#10;    level: &quot;warning&quot;&#10;    schema: {&quot;loadingURI&quot;:&quot;#&quot;,&quot;pointer&quot;:&quot;/items&quot;}&#10;    domain: &quot;syntax&quot;&#10;    ignored: [&quot;$id&quot;]&#10;warning: the following keywords are unknown and will be ignored: [$id]&#10;    level: &quot;warning&quot;&#10;    schema: {&quot;loadingURI&quot;:&quot;#&quot;,&quot;pointer&quot;:&quot;/items/properties/category&quot;}&#10;    domain: &quot;syntax&quot;&#10;    ignored: [&quot;$id&quot;]&#10;warning: the following keywords are unknown and will be ignored: [$id, examples]&#10;    level: &quot;warning&quot;&#10;    schema: {&quot;loadingURI&quot;:&quot;#&quot;,&quot;pointer&quot;:&quot;/items/properties/category/properties/id&quot;}&#10;    domain: &quot;syntax&quot;&#10;    ignored: [&quot;$id&quot;,&quot;examples&quot;]&#10;warning: the following keywords are unknown and will be ignored: [$id, examples]&#10;    level: &quot;warning&quot;&#10;    schema: {&quot;loadingURI&quot;:&quot;#&quot;,&quot;pointer&quot;:&quot;/items/properties/category/properties/name&quot;}&#10;    domain: &quot;syntax&quot;&#10;    ignored: [&quot;$id&quot;,&quot;examples&quot;]&#10;warning: the following keywords are unknown and will be ignored: [$id, examples]&#10;    level: &quot;warning&quot;&#10;    schema: {&quot;loadingURI&quot;:&quot;#&quot;,&quot;pointer&quot;:&quot;/items/properties/id&quot;}&#10;    domain: &quot;syntax&quot;&#10;    ignored: [&quot;$id&quot;,&quot;examples&quot;]&#10;warning: the following keywords are unknown and will be ignored: [$id, examples]&#10;    level: &quot;warning&quot;&#10;    schema: {&quot;loadingURI&quot;:&quot;#&quot;,&quot;pointer&quot;:&quot;/items/properties/name&quot;}&#10;    domain: &quot;syntax&quot;&#10;    ignored: [&quot;$id&quot;,&quot;examples&quot;]&#10;warning: the following keywords are unknown and will be ignored: [$id]&#10;    level: &quot;warning&quot;&#10;    schema: {&quot;loadingURI&quot;:&quot;#&quot;,&quot;pointer&quot;:&quot;/items/properties/photoUrls&quot;}&#10;    domain: &quot;syntax&quot;&#10;    ignored: [&quot;$id&quot;]&#10;warning: the following keywords are unknown and will be ignored: [$id, examples]&#10;    level: &quot;warning&quot;&#10;    schema: {&quot;loadingURI&quot;:&quot;#&quot;,&quot;pointer&quot;:&quot;/items/properties/photoUrls/items&quot;}&#10;    domain: &quot;syntax&quot;&#10;    ignored: [&quot;$id&quot;,&quot;examples&quot;]&#10;warning: the following keywords are unknown and will be ignored: [$id, examples]&#10;    level: &quot;warning&quot;&#10;    schema: {&quot;loadingURI&quot;:&quot;#&quot;,&quot;pointer&quot;:&quot;/items/properties/status&quot;}&#10;    domain: &quot;syntax&quot;&#10;    ignored: [&quot;$id&quot;,&quot;examples&quot;]&#10;warning: the following keywords are unknown and will be ignored: [$id]&#10;    level: &quot;warning&quot;&#10;    schema: {&quot;loadingURI&quot;:&quot;#&quot;,&quot;pointer&quot;:&quot;/items/properties/tags&quot;}&#10;    domain: &quot;syntax&quot;&#10;    ignored: [&quot;$id&quot;]&#10;warning: the following keywords are unknown and will be ignored: [$id]&#10;    level: &quot;warning&quot;&#10;    schema: {&quot;loadingURI&quot;:&quot;#&quot;,&quot;pointer&quot;:&quot;/items/properties/tags/items&quot;}&#10;    domain: &quot;syntax&quot;&#10;    ignored: [&quot;$id&quot;]&#10;warning: the following keywords are unknown and will be ignored: [$id, examples]&#10;    level: &quot;warning&quot;&#10;    schema: {&quot;loadingURI&quot;:&quot;#&quot;,&quot;pointer&quot;:&quot;/items/properties/tags/items/properties/id&quot;}&#10;    domain: &quot;syntax&quot;&#10;    ignored: [&quot;$id&quot;,&quot;examples&quot;]&#10;warning: the following keywords are unknown and will be ignored: [$id, examples]&#10;    level: &quot;warning&quot;&#10;    schema: {&quot;loadingURI&quot;:&quot;#&quot;,&quot;pointer&quot;:&quot;/items/properties/tags/items/properties/name&quot;}&#10;    domain: &quot;syntax&quot;&#10;    ignored: [&quot;$id&quot;,&quot;examples&quot;]&#10;warning: the following keywords are unknown and will be ignored: [$id]&#10;    level: &quot;warning&quot;&#10;    schema: {&quot;loadingURI&quot;:&quot;#&quot;,&quot;pointer&quot;:&quot;/items&quot;}&#10;    domain: &quot;syntax&quot;&#10;    ignored: [&quot;$id&quot;]&#10;warning: the following keywords are unknown and will be ignored: [$id]&#10;    level: &quot;warning&quot;&#10;    schema: {&quot;loadingURI&quot;:&quot;#&quot;,&quot;pointer&quot;:&quot;/items/properties/category&quot;}&#10;    domain: &quot;syntax&quot;&#10;    ignored: [&quot;$id&quot;]&#10;warning: the following keywords are unknown and will be ignored: [$id, examples]&#10;    level: &quot;warning&quot;&#10;    schema: {&quot;loadingURI&quot;:&quot;#&quot;,&quot;pointer&quot;:&quot;/items/properties/category/properties/id&quot;}&#10;    domain: &quot;syntax&quot;&#10;    ignored: [&quot;$id&quot;,&quot;examples&quot;]&#10;warning: the following keywords are unknown and will be ignored: [$id, examples]&#10;    level: &quot;warning&quot;&#10;    schema: {&quot;loadingURI&quot;:&quot;#&quot;,&quot;pointer&quot;:&quot;/items/properties/category/properties/name&quot;}&#10;    domain: &quot;syntax&quot;&#10;    ignored: [&quot;$id&quot;,&quot;examples&quot;]&#10;warning: the following keywords are unknown and will be ignored: [$id, examples]&#10;    level: &quot;warning&quot;&#10;    schema: {&quot;loadingURI&quot;:&quot;#&quot;,&quot;pointer&quot;:&quot;/items/properties/id&quot;}&#10;    domain: &quot;syntax&quot;&#10;    ignored: [&quot;$id&quot;,&quot;examples&quot;]&#10;warning: the following keywords are unknown and will be ignored: [$id, examples]&#10;    level: &quot;warning&quot;&#10;    schema: {&quot;loadingURI&quot;:&quot;#&quot;,&quot;pointer&quot;:&quot;/items/properties/name&quot;}&#10;    domain: &quot;syntax&quot;&#10;    ignored: [&quot;$id&quot;,&quot;examples&quot;]&#10;warning: the following keywords are unknown and will be ignored: [$id]&#10;    level: &quot;warning&quot;&#10;    schema: {&quot;loadingURI&quot;:&quot;#&quot;,&quot;pointer&quot;:&quot;/items/properties/photoUrls&quot;}&#10;    domain: &quot;syntax&quot;&#10;    ignored: [&quot;$id&quot;]&#10;warning: the following keywords are unknown and will be ignored: [$id, examples]&#10;    level: &quot;warning&quot;&#10;    schema: {&quot;loadingURI&quot;:&quot;#&quot;,&quot;pointer&quot;:&quot;/items/properties/photoUrls/items&quot;}&#10;    domain: &quot;syntax&quot;&#10;    ignored: [&quot;$id&quot;,&quot;examples&quot;]&#10;warning: the following keywords are unknown and will be ignored: [$id, examples]&#10;    level: &quot;warning&quot;&#10;    schema: {&quot;loadingURI&quot;:&quot;#&quot;,&quot;pointer&quot;:&quot;/items/properties/status&quot;}&#10;    domain: &quot;syntax&quot;&#10;    ignored: [&quot;$id&quot;,&quot;examples&quot;]&#10;warning: the following keywords are unknown and will be ignored: [$id]&#10;    level: &quot;warning&quot;&#10;    schema: {&quot;loadingURI&quot;:&quot;#&quot;,&quot;pointer&quot;:&quot;/items/properties/tags&quot;}&#10;    domain: &quot;syntax&quot;&#10;    ignored: [&quot;$id&quot;]&#10;warning: the following keywords are unknown and will be ignored: [$id]&#10;    level: &quot;warning&quot;&#10;    schema: {&quot;loadingURI&quot;:&quot;#&quot;,&quot;pointer&quot;:&quot;/items/properties/tags/items&quot;}&#10;    domain: &quot;syntax&quot;&#10;    ignored: [&quot;$id&quot;]&#10;warning: the following keywords are unknown and will be ignored: [$id, examples]&#10;    level: &quot;warning&quot;&#10;    schema: {&quot;loadingURI&quot;:&quot;#&quot;,&quot;pointer&quot;:&quot;/items/properties/tags/items/properties/id&quot;}&#10;    domain: &quot;syntax&quot;&#10;    ignored: [&quot;$id&quot;,&quot;examples&quot;]&#10;warning: the following keywords are unknown and will be ignored: [$id, examples]&#10;    level: &quot;warning&quot;&#10;    schema: {&quot;loadingURI&quot;:&quot;#&quot;,&quot;pointer&quot;:&quot;/items/properties/tags/items/properties/name&quot;}&#10;    domain: &quot;syntax&quot;&#10;    ignored: [&quot;$id&quot;,&quot;examples&quot;]&#10;warning: the following keywords are unknown and will be ignored: [$id]&#10;    level: &quot;warning&quot;&#10;    schema: {&quot;loadingURI&quot;:&quot;#&quot;,&quot;pointer&quot;:&quot;/items&quot;}&#10;    domain: &quot;syntax&quot;&#10;    ignored: [&quot;$id&quot;]&#10;warning: the following keywords are unknown and will be ignored: [$id]&#10;    level: &quot;warning&quot;&#10;    schema: {&quot;loadingURI&quot;:&quot;#&quot;,&quot;pointer&quot;:&quot;/items/properties/category&quot;}&#10;    domain: &quot;syntax&quot;&#10;    ignored: [&quot;$id&quot;]&#10;warning: the following keywords are unknown and will be ignored: [$id, examples]&#10;    level: &quot;warning&quot;&#10;    schema: {&quot;loadingURI&quot;:&quot;#&quot;,&quot;pointer&quot;:&quot;/items/properties/category/properties/id&quot;}&#10;    domain: &quot;syntax&quot;&#10;    ignored: [&quot;$id&quot;,&quot;examples&quot;]&#10;warning: the following keywords are unknown and will be ignored: [$id, examples]&#10;    level: &quot;warning&quot;&#10;    schema: {&quot;loadingURI&quot;:&quot;#&quot;,&quot;pointer&quot;:&quot;/items/properties/category/properties/name&quot;}&#10;    domain: &quot;syntax&quot;&#10;    ignored: [&quot;$id&quot;,&quot;examples&quot;]&#10;warning: the following keywords are unknown and will be ignored: [$id, examples]&#10;    level: &quot;warning&quot;&#10;    schema: {&quot;loadingURI&quot;:&quot;#&quot;,&quot;pointer&quot;:&quot;/items/properties/id&quot;}&#10;    domain: &quot;syntax&quot;&#10;    ignored: [&quot;$id&quot;,&quot;examples&quot;]&#10;warning: the following keywords are unknown and will be ignored: [$id, examples]&#10;    level: &quot;warning&quot;&#10;    schema: {&quot;loadingURI&quot;:&quot;#&quot;,&quot;pointer&quot;:&quot;/items/properties/name&quot;}&#10;    domain: &quot;syntax&quot;&#10;    ignored: [&quot;$id&quot;,&quot;examples&quot;]&#10;warning: the following keywords are unknown and will be ignored: [$id]&#10;    level: &quot;warning&quot;&#10;    schema: {&quot;loadingURI&quot;:&quot;#&quot;,&quot;pointer&quot;:&quot;/items/properties/photoUrls&quot;}&#10;    domain: &quot;syntax&quot;&#10;    ignored: [&quot;$id&quot;]&#10;warning: the following keywords are unknown and will be ignored: [$id, examples]&#10;    level: &quot;warning&quot;&#10;    schema: {&quot;loadingURI&quot;:&quot;#&quot;,&quot;pointer&quot;:&quot;/items/properties/photoUrls/items&quot;}&#10;    domain: &quot;syntax&quot;&#10;    ignored: [&quot;$id&quot;,&quot;examples&quot;]&#10;warning: the following keywords are unknown and will be ignored: [$id, examples]&#10;    level: &quot;warning&quot;&#10;    schema: {&quot;loadingURI&quot;:&quot;#&quot;,&quot;pointer&quot;:&quot;/items/properties/status&quot;}&#10;    domain: &quot;syntax&quot;&#10;    ignored: [&quot;$id&quot;,&quot;examples&quot;]&#10;warning: the following keywords are unknown and will be ignored: [$id]&#10;    level: &quot;warning&quot;&#10;    schema: {&quot;loadingURI&quot;:&quot;#&quot;,&quot;pointer&quot;:&quot;/items/properties/tags&quot;}&#10;    domain: &quot;syntax&quot;&#10;    ignored: [&quot;$id&quot;]&#10;warning: the following keywords are unknown and will be ignored: [$id]&#10;    level: &quot;warning&quot;&#10;    schema: {&quot;loadingURI&quot;:&quot;#&quot;,&quot;pointer&quot;:&quot;/items/properties/tags/items&quot;}&#10;    domain: &quot;syntax&quot;&#10;    ignored: [&quot;$id&quot;]&#10;warning: the following keywords are unknown and will be ignored: [$id, examples]&#10;    level: &quot;warning&quot;&#10;    schema: {&quot;loadingURI&quot;:&quot;#&quot;,&quot;pointer&quot;:&quot;/items/properties/tags/items/properties/id&quot;}&#10;    domain: &quot;syntax&quot;&#10;    ignored: [&quot;$id&quot;,&quot;examples&quot;]&#10;warning: the following keywords are unknown and will be ignored: [$id, examples]&#10;    level: &quot;warning&quot;&#10;    schema: {&quot;loadingURI&quot;:&quot;#&quot;,&quot;pointer&quot;:&quot;/items/properties/tags/items/properties/name&quot;}&#10;    domain: &quot;syntax&quot;&#10;    ignored: [&quot;$id&quot;,&quot;examples&quot;]&#10;warning: the following keywords are unknown and will be ignored: [$id]&#10;    level: &quot;warning&quot;&#10;    schema: {&quot;loadingURI&quot;:&quot;#&quot;,&quot;pointer&quot;:&quot;/items&quot;}&#10;    domain: &quot;syntax&quot;&#10;    ignored: [&quot;$id&quot;]&#10;warning: the following keywords are unknown and will be ignored: [$id]&#10;    level: &quot;warning&quot;&#10;    schema: {&quot;loadingURI&quot;:&quot;#&quot;,&quot;pointer&quot;:&quot;/items/properties/category&quot;}&#10;    domain: &quot;syntax&quot;&#10;    ignored: [&quot;$id&quot;]&#10;warning: the following keywords are unknown and will be ignored: [$id, examples]&#10;    level: &quot;warning&quot;&#10;    schema: {&quot;loadingURI&quot;:&quot;#&quot;,&quot;pointer&quot;:&quot;/items/properties/category/properties/id&quot;}&#10;    domain: &quot;syntax&quot;&#10;    ignored: [&quot;$id&quot;,&quot;examples&quot;]&#10;warning: the following keywords are unknown and will be ignored: [$id, examples]&#10;    level: &quot;warning&quot;&#10;    schema: {&quot;loadingURI&quot;:&quot;#&quot;,&quot;pointer&quot;:&quot;/items/properties/category/properties/name&quot;}&#10;    domain: &quot;syntax&quot;&#10;    ignored: [&quot;$id&quot;,&quot;examples&quot;]&#10;warning: the following keywords are unknown and will be ignored: [$id, examples]&#10;    level: &quot;warning&quot;&#10;    schema: {&quot;loadingURI&quot;:&quot;#&quot;,&quot;pointer&quot;:&quot;/items/properties/id&quot;}&#10;    domain: &quot;syntax&quot;&#10;    ignored: [&quot;$id&quot;,&quot;examples&quot;]&#10;warning: the following keywords are unknown and will be ignored: [$id, examples]&#10;    level: &quot;warning&quot;&#10;    schema: {&quot;loadingURI&quot;:&quot;#&quot;,&quot;pointer&quot;:&quot;/items/properties/name&quot;}&#10;    domain: &quot;syntax&quot;&#10;    ignored: [&quot;$id&quot;,&quot;examples&quot;]&#10;warning: the following keywords are unknown and will be ignored: [$id]&#10;    level: &quot;warning&quot;&#10;    schema: {&quot;loadingURI&quot;:&quot;#&quot;,&quot;pointer&quot;:&quot;/items/properties/photoUrls&quot;}&#10;    domain: &quot;syntax&quot;&#10;    ignored: [&quot;$id&quot;]&#10;warning: the following keywords are unknown and will be ignored: [$id, examples]&#10;    level: &quot;warning&quot;&#10;    schema: {&quot;loadingURI&quot;:&quot;#&quot;,&quot;pointer&quot;:&quot;/items/properties/photoUrls/items&quot;}&#10;    domain: &quot;syntax&quot;&#10;    ignored: [&quot;$id&quot;,&quot;examples&quot;]&#10;warning: the following keywords are unknown and will be ignored: [$id, examples]&#10;    level: &quot;warning&quot;&#10;    schema: {&quot;loadingURI&quot;:&quot;#&quot;,&quot;pointer&quot;:&quot;/items/properties/status&quot;}&#10;    domain: &quot;syntax&quot;&#10;    ignored: [&quot;$id&quot;,&quot;examples&quot;]&#10;warning: the following keywords are unknown and will be ignored: [$id]&#10;    level: &quot;warning&quot;&#10;    schema: {&quot;loadingURI&quot;:&quot;#&quot;,&quot;pointer&quot;:&quot;/items/properties/tags&quot;}&#10;    domain: &quot;syntax&quot;&#10;    ignored: [&quot;$id&quot;]&#10;warning: the following keywords are unknown and will be ignored: [$id]&#10;    level: &quot;warning&quot;&#10;    schema: {&quot;loadingURI&quot;:&quot;#&quot;,&quot;pointer&quot;:&quot;/items/properties/tags/items&quot;}&#10;    domain: &quot;syntax&quot;&#10;    ignored: [&quot;$id&quot;]&#10;warning: the following keywords are unknown and will be ignored: [$id, examples]&#10;    level: &quot;warning&quot;&#10;    schema: {&quot;loadingURI&quot;:&quot;#&quot;,&quot;pointer&quot;:&quot;/items/properties/tags/items/properties/id&quot;}&#10;    domain: &quot;syntax&quot;&#10;    ignored: [&quot;$id&quot;,&quot;examples&quot;]&#10;warning: the following keywords are unknown and will be ignored: [$id, examples]&#10;    level: &quot;warning&quot;&#10;    schema: {&quot;loadingURI&quot;:&quot;#&quot;,&quot;pointer&quot;:&quot;/items/properties/tags/items/properties/name&quot;}&#10;    domain: &quot;syntax&quot;&#10;    ignored: [&quot;$id&quot;,&quot;examples&quot;]&#10;warning: the following keywords are unknown and will be ignored: [$id]&#10;    level: &quot;warning&quot;&#10;    schema: {&quot;loadingURI&quot;:&quot;#&quot;,&quot;pointer&quot;:&quot;/items&quot;}&#10;    domain: &quot;syntax&quot;&#10;    ignored: [&quot;$id&quot;]&#10;warning: the following keywords are unknown and will be ignored: [$id]&#10;    level: &quot;warning&quot;&#10;    schema: {&quot;loadingURI&quot;:&quot;#&quot;,&quot;pointer&quot;:&quot;/items/properties/category&quot;}&#10;    domain: &quot;syntax&quot;&#10;    ignored: [&quot;$id&quot;]&#10;warning: the following keywords are unknown and will be ignored: [$id, examples]&#10;    level: &quot;warning&quot;&#10;    schema: {&quot;loadingURI&quot;:&quot;#&quot;,&quot;pointer&quot;:&quot;/items/properties/category/properties/id&quot;}&#10;    domain: &quot;syntax&quot;&#10;    ignored: [&quot;$id&quot;,&quot;examples&quot;]&#10;warning: the following keywords are unknown and will be ignored: [$id, examples]&#10;    level: &quot;warning&quot;&#10;    schema: {&quot;loadingURI&quot;:&quot;#&quot;,&quot;pointer&quot;:&quot;/items/properties/category/properties/name&quot;}&#10;    domain: &quot;syntax&quot;&#10;    ignored: [&quot;$id&quot;,&quot;examples&quot;]&#10;warning: the following keywords are unknown and will be ignored: [$id, examples]&#10;    level: &quot;warning&quot;&#10;    schema: {&quot;loadingURI&quot;:&quot;#&quot;,&quot;pointer&quot;:&quot;/items/properties/id&quot;}&#10;    domain: &quot;syntax&quot;&#10;    ignored: [&quot;$id&quot;,&quot;examples&quot;]&#10;warning: the following keywords are unknown and will be ignored: [$id, examples]&#10;    level: &quot;warning&quot;&#10;    schema: {&quot;loadingURI&quot;:&quot;#&quot;,&quot;pointer&quot;:&quot;/items/properties/name&quot;}&#10;    domain: &quot;syntax&quot;&#10;    ignored: [&quot;$id&quot;,&quot;examples&quot;]&#10;warning: the following keywords are unknown and will be ignored: [$id]&#10;    level: &quot;warning&quot;&#10;    schema: {&quot;loadingURI&quot;:&quot;#&quot;,&quot;pointer&quot;:&quot;/items/properties/photoUrls&quot;}&#10;    domain: &quot;syntax&quot;&#10;    ignored: [&quot;$id&quot;]&#10;warning: the following keywords are unknown and will be ignored: [$id, examples]&#10;    level: &quot;warning&quot;&#10;    schema: {&quot;loadingURI&quot;:&quot;#&quot;,&quot;pointer&quot;:&quot;/items/properties/photoUrls/items&quot;}&#10;    domain: &quot;syntax&quot;&#10;    ignored: [&quot;$id&quot;,&quot;examples&quot;]&#10;warning: the following keywords are unknown and will be ignored: [$id, examples]&#10;    level: &quot;warning&quot;&#10;    schema: {&quot;loadingURI&quot;:&quot;#&quot;,&quot;pointer&quot;:&quot;/items/properties/status&quot;}&#10;    domain: &quot;syntax&quot;&#10;    ignored: [&quot;$id&quot;,&quot;examples&quot;]&#10;warning: the following keywords are unknown and will be ignored: [$id]&#10;    level: &quot;warning&quot;&#10;    schema: {&quot;loadingURI&quot;:&quot;#&quot;,&quot;pointer&quot;:&quot;/items/properties/tags&quot;}&#10;    domain: &quot;syntax&quot;&#10;    ignored: [&quot;$id&quot;]&#10;warning: the following keywords are unknown and will be ignored: [$id]&#10;    level: &quot;warning&quot;&#10;    schema: {&quot;loadingURI&quot;:&quot;#&quot;,&quot;pointer&quot;:&quot;/items/properties/tags/items&quot;}&#10;    domain: &quot;syntax&quot;&#10;    ignored: [&quot;$id&quot;]&#10;warning: the following keywords are unknown and will be ignored: [$id, examples]&#10;    level: &quot;warning&quot;&#10;    schema: {&quot;loadingURI&quot;:&quot;#&quot;,&quot;pointer&quot;:&quot;/items/properties/tags/items/properties/id&quot;}&#10;    domain: &quot;syntax&quot;&#10;    ignored: [&quot;$id&quot;,&quot;examples&quot;]&#10;warning: the following keywords are unknown and will be ignored: [$id, examples]&#10;    level: &quot;warning&quot;&#10;    schema: {&quot;loadingURI&quot;:&quot;#&quot;,&quot;pointer&quot;:&quot;/items/properties/tags/items/properties/name&quot;}&#10;    domain: &quot;syntax&quot;&#10;    ignored: [&quot;$id&quot;,&quot;examples&quot;]&#10;warning: the following keywords are unknown and will be ignored: [$id]&#10;    level: &quot;warning&quot;&#10;    schema: {&quot;loadingURI&quot;:&quot;#&quot;,&quot;pointer&quot;:&quot;/items&quot;}&#10;    domain: &quot;syntax&quot;&#10;    ignored: [&quot;$id&quot;]&#10;warning: the following keywords are unknown and will be ignored: [$id]&#10;    level: &quot;warning&quot;&#10;    schema: {&quot;loadingURI&quot;:&quot;#&quot;,&quot;pointer&quot;:&quot;/items/properties/category&quot;}&#10;    domain: &quot;syntax&quot;&#10;    ignored: [&quot;$id&quot;]&#10;warning: the following keywords are unknown and will be ignored: [$id, examples]&#10;    level: &quot;warning&quot;&#10;    schema: {&quot;loadingURI&quot;:&quot;#&quot;,&quot;pointer&quot;:&quot;/items/properties/category/properties/id&quot;}&#10;    domain: &quot;syntax&quot;&#10;    ignored: [&quot;$id&quot;,&quot;examples&quot;]&#10;warning: the following keywords are unknown and will be ignored: [$id, examples]&#10;    level: &quot;warning&quot;&#10;    schema: {&quot;loadingURI&quot;:&quot;#&quot;,&quot;pointer&quot;:&quot;/items/properties/category/properties/name&quot;}&#10;    domain: &quot;syntax&quot;&#10;    ignored: [&quot;$id&quot;,&quot;examples&quot;]&#10;warning: the following keywords are unknown and will be ignored: [$id, examples]&#10;    level: &quot;warning&quot;&#10;    schema: {&quot;loadingURI&quot;:&quot;#&quot;,&quot;pointer&quot;:&quot;/items/properties/id&quot;}&#10;    domain: &quot;syntax&quot;&#10;    ignored: [&quot;$id&quot;,&quot;examples&quot;]&#10;warning: the following keywords are unknown and will be ignored: [$id, examples]&#10;    level: &quot;warning&quot;&#10;    schema: {&quot;loadingURI&quot;:&quot;#&quot;,&quot;pointer&quot;:&quot;/items/properties/name&quot;}&#10;    domain: &quot;syntax&quot;&#10;    ignored: [&quot;$id&quot;,&quot;examples&quot;]&#10;warning: the following keywords are unknown and will be ignored: [$id]&#10;    level: &quot;warning&quot;&#10;    schema: {&quot;loadingURI&quot;:&quot;#&quot;,&quot;pointer&quot;:&quot;/items/properties/photoUrls&quot;}&#10;    domain: &quot;syntax&quot;&#10;    ignored: [&quot;$id&quot;]&#10;warning: the following keywords are unknown and will be ignored: [$id, examples]&#10;    level: &quot;warning&quot;&#10;    schema: {&quot;loadingURI&quot;:&quot;#&quot;,&quot;pointer&quot;:&quot;/items/properties/photoUrls/items&quot;}&#10;    domain: &quot;syntax&quot;&#10;    ignored: [&quot;$id&quot;,&quot;examples&quot;]&#10;warning: the following keywords are unknown and will be ignored: [$id, examples]&#10;    level: &quot;warning&quot;&#10;    schema: {&quot;loadingURI&quot;:&quot;#&quot;,&quot;pointer&quot;:&quot;/items/properties/status&quot;}&#10;    domain: &quot;syntax&quot;&#10;    ignored: [&quot;$id&quot;,&quot;examples&quot;]&#10;warning: the following keywords are unknown and will be ignored: [$id]&#10;    level: &quot;warning&quot;&#10;    schema: {&quot;loadingURI&quot;:&quot;#&quot;,&quot;pointer&quot;:&quot;/items/properties/tags&quot;}&#10;    domain: &quot;syntax&quot;&#10;    ignored: [&quot;$id&quot;]&#10;warning: the following keywords are unknown and will be ignored: [$id]&#10;    level: &quot;warning&quot;&#10;    schema: {&quot;loadingURI&quot;:&quot;#&quot;,&quot;pointer&quot;:&quot;/items/properties/tags/items&quot;}&#10;    domain: &quot;syntax&quot;&#10;    ignored: [&quot;$id&quot;]&#10;warning: the following keywords are unknown and will be ignored: [$id, examples]&#10;    level: &quot;warning&quot;&#10;    schema: {&quot;loadingURI&quot;:&quot;#&quot;,&quot;pointer&quot;:&quot;/items/properties/tags/items/properties/id&quot;}&#10;    domain: &quot;syntax&quot;&#10;    ignored: [&quot;$id&quot;,&quot;examples&quot;]&#10;warning: the following keywords are unknown and will be ignored: [$id, examples]&#10;    level: &quot;warning&quot;&#10;    schema: {&quot;loadingURI&quot;:&quot;#&quot;,&quot;pointer&quot;:&quot;/items/properties/tags/items/properties/name&quot;}&#10;    domain: &quot;syntax&quot;&#10;    ignored: [&quot;$id&quot;,&quot;examples&quot;]&#10;warning: the following keywords are unknown and will be ignored: [$id]&#10;    level: &quot;warning&quot;&#10;    schema: {&quot;loadingURI&quot;:&quot;#&quot;,&quot;pointer&quot;:&quot;/items&quot;}&#10;    domain: &quot;syntax&quot;&#10;    ignored: [&quot;$id&quot;]&#10;warning: the following keywords are unknown and will be ignored: [$id]&#10;    level: &quot;warning&quot;&#10;    schema: {&quot;loadingURI&quot;:&quot;#&quot;,&quot;pointer&quot;:&quot;/items/properties/category&quot;}&#10;    domain: &quot;syntax&quot;&#10;    ignored: [&quot;$id&quot;]&#10;warning: the following keywords are unknown and will be ignored: [$id, examples]&#10;    level: &quot;warning&quot;&#10;    schema: {&quot;loadingURI&quot;:&quot;#&quot;,&quot;pointer&quot;:&quot;/items/properties/category/properties/id&quot;}&#10;    domain: &quot;syntax&quot;&#10;    ignored: [&quot;$id&quot;,&quot;examples&quot;]&#10;warning: the following keywords are unknown and will be ignored: [$id, examples]&#10;    level: &quot;warning&quot;&#10;    schema: {&quot;loadingURI&quot;:&quot;#&quot;,&quot;pointer&quot;:&quot;/items/properties/category/properties/name&quot;}&#10;    domain: &quot;syntax&quot;&#10;    ignored: [&quot;$id&quot;,&quot;examples&quot;]&#10;warning: the following keywords are unknown and will be ignored: [$id, examples]&#10;    level: &quot;warning&quot;&#10;    schema: {&quot;loadingURI&quot;:&quot;#&quot;,&quot;pointer&quot;:&quot;/items/properties/id&quot;}&#10;    domain: &quot;syntax&quot;&#10;    ignored: [&quot;$id&quot;,&quot;examples&quot;]&#10;warning: the following keywords are unknown and will be ignored: [$id, examples]&#10;    level: &quot;warning&quot;&#10;    schema: {&quot;loadingURI&quot;:&quot;#&quot;,&quot;pointer&quot;:&quot;/items/properties/name&quot;}&#10;    domain: &quot;syntax&quot;&#10;    ignored: [&quot;$id&quot;,&quot;examples&quot;]&#10;warning: the following keywords are unknown and will be ignored: [$id]&#10;    level: &quot;warning&quot;&#10;    schema: {&quot;loadingURI&quot;:&quot;#&quot;,&quot;pointer&quot;:&quot;/items/properties/photoUrls&quot;}&#10;    domain: &quot;syntax&quot;&#10;    ignored: [&quot;$id&quot;]&#10;warning: the following keywords are unknown and will be ignored: [$id, examples]&#10;    level: &quot;warning&quot;&#10;    schema: {&quot;loadingURI&quot;:&quot;#&quot;,&quot;pointer&quot;:&quot;/items/properties/photoUrls/items&quot;}&#10;    domain: &quot;syntax&quot;&#10;    ignored: [&quot;$id&quot;,&quot;examples&quot;]&#10;warning: the following keywords are unknown and will be ignored: [$id, examples]&#10;    level: &quot;warning&quot;&#10;    schema: {&quot;loadingURI&quot;:&quot;#&quot;,&quot;pointer&quot;:&quot;/items/properties/status&quot;}&#10;    domain: &quot;syntax&quot;&#10;    ignored: [&quot;$id&quot;,&quot;examples&quot;]&#10;warning: the following keywords are unknown and will be ignored: [$id]&#10;    level: &quot;warning&quot;&#10;    schema: {&quot;loadingURI&quot;:&quot;#&quot;,&quot;pointer&quot;:&quot;/items/properties/tags&quot;}&#10;    domain: &quot;syntax&quot;&#10;    ignored: [&quot;$id&quot;]&#10;warning: the following keywords are unknown and will be ignored: [$id]&#10;    level: &quot;warning&quot;&#10;    schema: {&quot;loadingURI&quot;:&quot;#&quot;,&quot;pointer&quot;:&quot;/items/properties/tags/items&quot;}&#10;    domain: &quot;syntax&quot;&#10;    ignored: [&quot;$id&quot;]&#10;warning: the following keywords are unknown and will be ignored: [$id, examples]&#10;    level: &quot;warning&quot;&#10;    schema: {&quot;loadingURI&quot;:&quot;#&quot;,&quot;pointer&quot;:&quot;/items/properties/tags/items/properties/id&quot;}&#10;    domain: &quot;syntax&quot;&#10;    ignored: [&quot;$id&quot;,&quot;examples&quot;]&#10;warning: the following keywords are unknown and will be ignored: [$id, examples]&#10;    level: &quot;warning&quot;&#10;    schema: {&quot;loadingURI&quot;:&quot;#&quot;,&quot;pointer&quot;:&quot;/items/properties/tags/items/properties/name&quot;}&#10;    domain: &quot;syntax&quot;&#10;    ignored: [&quot;$id&quot;,&quot;examples&quot;]&#10;warning: the following keywords are unknown and will be ignored: [$id]&#10;    level: &quot;warning&quot;&#10;    schema: {&quot;loadingURI&quot;:&quot;#&quot;,&quot;pointer&quot;:&quot;/items&quot;}&#10;    domain: &quot;syntax&quot;&#10;    ignored: [&quot;$id&quot;]&#10;warning: the following keywords are unknown and will be ignored: [$id]&#10;    level: &quot;warning&quot;&#10;    schema: {&quot;loadingURI&quot;:&quot;#&quot;,&quot;pointer&quot;:&quot;/items/properties/category&quot;}&#10;    domain: &quot;syntax&quot;&#10;    ignored: [&quot;$id&quot;]&#10;warning: the following keywords are unknown and will be ignored: [$id, examples]&#10;    level: &quot;warning&quot;&#10;    schema: {&quot;loadingURI&quot;:&quot;#&quot;,&quot;pointer&quot;:&quot;/items/properties/category/properties/id&quot;}&#10;    domain: &quot;syntax&quot;&#10;    ignored: [&quot;$id&quot;,&quot;examples&quot;]&#10;warning: the following keywords are unknown and will be ignored: [$id, examples]&#10;    level: &quot;warning&quot;&#10;    schema: {&quot;loadingURI&quot;:&quot;#&quot;,&quot;pointer&quot;:&quot;/items/properties/category/properties/name&quot;}&#10;    domain: &quot;syntax&quot;&#10;    ignored: [&quot;$id&quot;,&quot;examples&quot;]&#10;warning: the following keywords are unknown and will be ignored: [$id, examples]&#10;    level: &quot;warning&quot;&#10;    schema: {&quot;loadingURI&quot;:&quot;#&quot;,&quot;pointer&quot;:&quot;/items/properties/id&quot;}&#10;    domain: &quot;syntax&quot;&#10;    ignored: [&quot;$id&quot;,&quot;examples&quot;]&#10;warning: the following keywords are unknown and will be ignored: [$id, examples]&#10;    level: &quot;warning&quot;&#10;    schema: {&quot;loadingURI&quot;:&quot;#&quot;,&quot;pointer&quot;:&quot;/items/properties/name&quot;}&#10;    domain: &quot;syntax&quot;&#10;    ignored: [&quot;$id&quot;,&quot;examples&quot;]&#10;warning: the following keywords are unknown and will be ignored: [$id]&#10;    level: &quot;warning&quot;&#10;    schema: {&quot;loadingURI&quot;:&quot;#&quot;,&quot;pointer&quot;:&quot;/items/properties/photoUrls&quot;}&#10;    domain: &quot;syntax&quot;&#10;    ignored: [&quot;$id&quot;]&#10;warning: the following keywords are unknown and will be ignored: [$id, examples]&#10;    level: &quot;warning&quot;&#10;    schema: {&quot;loadingURI&quot;:&quot;#&quot;,&quot;pointer&quot;:&quot;/items/properties/photoUrls/items&quot;}&#10;    domain: &quot;syntax&quot;&#10;    ignored: [&quot;$id&quot;,&quot;examples&quot;]&#10;warning: the following keywords are unknown and will be ignored: [$id, examples]&#10;    level: &quot;warning&quot;&#10;    schema: {&quot;loadingURI&quot;:&quot;#&quot;,&quot;pointer&quot;:&quot;/items/properties/status&quot;}&#10;    domain: &quot;syntax&quot;&#10;    ignored: [&quot;$id&quot;,&quot;examples&quot;]&#10;warning: the following keywords are unknown and will be ignored: [$id]&#10;    level: &quot;warning&quot;&#10;    schema: {&quot;loadingURI&quot;:&quot;#&quot;,&quot;pointer&quot;:&quot;/items/properties/tags&quot;}&#10;    domain: &quot;syntax&quot;&#10;    ignored: [&quot;$id&quot;]&#10;warning: the following keywords are unknown and will be ignored: [$id]&#10;    level: &quot;warning&quot;&#10;    schema: {&quot;loadingURI&quot;:&quot;#&quot;,&quot;pointer&quot;:&quot;/items/properties/tags/items&quot;}&#10;    domain: &quot;syntax&quot;&#10;    ignored: [&quot;$id&quot;]&#10;warning: the following keywords are unknown and will be ignored: [$id, examples]&#10;    level: &quot;warning&quot;&#10;    schema: {&quot;loadingURI&quot;:&quot;#&quot;,&quot;pointer&quot;:&quot;/items/properties/tags/items/properties/id&quot;}&#10;    domain: &quot;syntax&quot;&#10;    ignored: [&quot;$id&quot;,&quot;examples&quot;]&#10;warning: the following keywords are unknown and will be ignored: [$id, examples]&#10;    level: &quot;warning&quot;&#10;    schema: {&quot;loadingURI&quot;:&quot;#&quot;,&quot;pointer&quot;:&quot;/items/properties/tags/items/properties/name&quot;}&#10;    domain: &quot;syntax&quot;&#10;    ignored: [&quot;$id&quot;,&quot;examples&quot;]&#10;warning: the following keywords are unknown and will be ignored: [$id]&#10;    level: &quot;warning&quot;&#10;    schema: {&quot;loadingURI&quot;:&quot;#&quot;,&quot;pointer&quot;:&quot;/items&quot;}&#10;    domain: &quot;syntax&quot;&#10;    ignored: [&quot;$id&quot;]&#10;warning: the following keywords are unknown and will be ignored: [$id]&#10;    level: &quot;warning&quot;&#10;    schema: {&quot;loadingURI&quot;:&quot;#&quot;,&quot;pointer&quot;:&quot;/items/properties/category&quot;}&#10;    domain: &quot;syntax&quot;&#10;    ignored: [&quot;$id&quot;]&#10;warning: the following keywords are unknown and will be ignored: [$id, examples]&#10;    level: &quot;warning&quot;&#10;    schema: {&quot;loadingURI&quot;:&quot;#&quot;,&quot;pointer&quot;:&quot;/items/properties/category/properties/id&quot;}&#10;    domain: &quot;syntax&quot;&#10;    ignored: [&quot;$id&quot;,&quot;examples&quot;]&#10;warning: the following keywords are unknown and will be ignored: [$id, examples]&#10;    level: &quot;warning&quot;&#10;    schema: {&quot;loadingURI&quot;:&quot;#&quot;,&quot;pointer&quot;:&quot;/items/properties/category/properties/name&quot;}&#10;    domain: &quot;syntax&quot;&#10;    ignored: [&quot;$id&quot;,&quot;examples&quot;]&#10;warning: the following keywords are unknown and will be ignored: [$id, examples]&#10;    level: &quot;warning&quot;&#10;    schema: {&quot;loadingURI&quot;:&quot;#&quot;,&quot;pointer&quot;:&quot;/items/properties/id&quot;}&#10;    domain: &quot;syntax&quot;&#10;    ignored: [&quot;$id&quot;,&quot;examples&quot;]&#10;warning: the following keywords are unknown and will be ignored: [$id, examples]&#10;    level: &quot;warning&quot;&#10;    schema: {&quot;loadingURI&quot;:&quot;#&quot;,&quot;pointer&quot;:&quot;/items/properties/name&quot;}&#10;    domain: &quot;syntax&quot;&#10;    ignored: [&quot;$id&quot;,&quot;examples&quot;]&#10;warning: the following keywords are unknown and will be ignored: [$id]&#10;    level: &quot;warning&quot;&#10;    schema: {&quot;loadingURI&quot;:&quot;#&quot;,&quot;pointer&quot;:&quot;/items/properties/photoUrls&quot;}&#10;    domain: &quot;syntax&quot;&#10;    ignored: [&quot;$id&quot;]&#10;warning: the following keywords are unknown and will be ignored: [$id, examples]&#10;    level: &quot;warning&quot;&#10;    schema: {&quot;loadingURI&quot;:&quot;#&quot;,&quot;pointer&quot;:&quot;/items/properties/photoUrls/items&quot;}&#10;    domain: &quot;syntax&quot;&#10;    ignored: [&quot;$id&quot;,&quot;examples&quot;]&#10;warning: the following keywords are unknown and will be ignored: [$id, examples]&#10;    level: &quot;warning&quot;&#10;    schema: {&quot;loadingURI&quot;:&quot;#&quot;,&quot;pointer&quot;:&quot;/items/properties/status&quot;}&#10;    domain: &quot;syntax&quot;&#10;    ignored: [&quot;$id&quot;,&quot;examples&quot;]&#10;warning: the following keywords are unknown and will be ignored: [$id]&#10;    level: &quot;warning&quot;&#10;    schema: {&quot;loadingURI&quot;:&quot;#&quot;,&quot;pointer&quot;:&quot;/items/properties/tags&quot;}&#10;    domain: &quot;syntax&quot;&#10;    ignored: [&quot;$id&quot;]&#10;warning: the following keywords are unknown and will be ignored: [$id]&#10;    level: &quot;warning&quot;&#10;    schema: {&quot;loadingURI&quot;:&quot;#&quot;,&quot;pointer&quot;:&quot;/items/properties/tags/items&quot;}&#10;    domain: &quot;syntax&quot;&#10;    ignored: [&quot;$id&quot;]&#10;warning: the following keywords are unknown and will be ignored: [$id, examples]&#10;    level: &quot;warning&quot;&#10;    schema: {&quot;loadingURI&quot;:&quot;#&quot;,&quot;pointer&quot;:&quot;/items/properties/tags/items/properties/id&quot;}&#10;    domain: &quot;syntax&quot;&#10;    ignored: [&quot;$id&quot;,&quot;examples&quot;]&#10;warning: the following keywords are unknown and will be ignored: [$id, examples]&#10;    level: &quot;warning&quot;&#10;    schema: {&quot;loadingURI&quot;:&quot;#&quot;,&quot;pointer&quot;:&quot;/items/properties/tags/items/properties/name&quot;}&#10;    domain: &quot;syntax&quot;&#10;    ignored: [&quot;$id&quot;,&quot;examples&quot;]&#10;warning: the following keywords are unknown and will be ignored: [$id]&#10;    level: &quot;warning&quot;&#10;    schema: {&quot;loadingURI&quot;:&quot;#&quot;,&quot;pointer&quot;:&quot;/items&quot;}&#10;    domain: &quot;syntax&quot;&#10;    ignored: [&quot;$id&quot;]&#10;warning: the following keywords are unknown and will be ignored: [$id]&#10;    level: &quot;warning&quot;&#10;    schema: {&quot;loadingURI&quot;:&quot;#&quot;,&quot;pointer&quot;:&quot;/items/properties/category&quot;}&#10;    domain: &quot;syntax&quot;&#10;    ignored: [&quot;$id&quot;]&#10;warning: the following keywords are unknown and will be ignored: [$id, examples]&#10;    level: &quot;warning&quot;&#10;    schema: {&quot;loadingURI&quot;:&quot;#&quot;,&quot;pointer&quot;:&quot;/items/properties/category/properties/id&quot;}&#10;    domain: &quot;syntax&quot;&#10;    ignored: [&quot;$id&quot;,&quot;examples&quot;]&#10;warning: the following keywords are unknown and will be ignored: [$id, examples]&#10;    level: &quot;warning&quot;&#10;    schema: {&quot;loadingURI&quot;:&quot;#&quot;,&quot;pointer&quot;:&quot;/items/properties/category/properties/name&quot;}&#10;    domain: &quot;syntax&quot;&#10;    ignored: [&quot;$id&quot;,&quot;examples&quot;]&#10;warning: the following keywords are unknown and will be ignored: [$id, examples]&#10;    level: &quot;warning&quot;&#10;    schema: {&quot;loadingURI&quot;:&quot;#&quot;,&quot;pointer&quot;:&quot;/items/properties/id&quot;}&#10;    domain: &quot;syntax&quot;&#10;    ignored: [&quot;$id&quot;,&quot;examples&quot;]&#10;warning: the following keywords are unknown and will be ignored: [$id, examples]&#10;    level: &quot;warning&quot;&#10;    schema: {&quot;loadingURI&quot;:&quot;#&quot;,&quot;pointer&quot;:&quot;/items/properties/name&quot;}&#10;    domain: &quot;syntax&quot;&#10;    ignored: [&quot;$id&quot;,&quot;examples&quot;]&#10;warning: the following keywords are unknown and will be ignored: [$id]&#10;    level: &quot;warning&quot;&#10;    schema: {&quot;loadingURI&quot;:&quot;#&quot;,&quot;pointer&quot;:&quot;/items/properties/photoUrls&quot;}&#10;    domain: &quot;syntax&quot;&#10;    ignored: [&quot;$id&quot;]&#10;warning: the following keywords are unknown and will be ignored: [$id, examples]&#10;    level: &quot;warning&quot;&#10;    schema: {&quot;loadingURI&quot;:&quot;#&quot;,&quot;pointer&quot;:&quot;/items/properties/photoUrls/items&quot;}&#10;    domain: &quot;syntax&quot;&#10;    ignored: [&quot;$id&quot;,&quot;examples&quot;]&#10;warning: the following keywords are unknown and will be ignored: [$id, examples]&#10;    level: &quot;warning&quot;&#10;    schema: {&quot;loadingURI&quot;:&quot;#&quot;,&quot;pointer&quot;:&quot;/items/properties/status&quot;}&#10;    domain: &quot;syntax&quot;&#10;    ignored: [&quot;$id&quot;,&quot;examples&quot;]&#10;warning: the following keywords are unknown and will be ignored: [$id]&#10;    level: &quot;warning&quot;&#10;    schema: {&quot;loadingURI&quot;:&quot;#&quot;,&quot;pointer&quot;:&quot;/items/properties/tags&quot;}&#10;    domain: &quot;syntax&quot;&#10;    ignored: [&quot;$id&quot;]&#10;warning: the following keywords are unknown and will be ignored: [$id]&#10;    level: &quot;warning&quot;&#10;    schema: {&quot;loadingURI&quot;:&quot;#&quot;,&quot;pointer&quot;:&quot;/items/properties/tags/items&quot;}&#10;    domain: &quot;syntax&quot;&#10;    ignored: [&quot;$id&quot;]&#10;warning: the following keywords are unknown and will be ignored: [$id, examples]&#10;    level: &quot;warning&quot;&#10;    schema: {&quot;loadingURI&quot;:&quot;#&quot;,&quot;pointer&quot;:&quot;/items/properties/tags/items/properties/id&quot;}&#10;    domain: &quot;syntax&quot;&#10;    ignored: [&quot;$id&quot;,&quot;examples&quot;]&#10;warning: the following keywords are unknown and will be ignored: [$id, examples]&#10;    level: &quot;warning&quot;&#10;    schema: {&quot;loadingURI&quot;:&quot;#&quot;,&quot;pointer&quot;:&quot;/items/properties/tags/items/properties/name&quot;}&#10;    domain: &quot;syntax&quot;&#10;    ignored: [&quot;$id&quot;,&quot;examples&quot;]&#10;warning: the following keywords are unknown and will be ignored: [$id]&#10;    level: &quot;warning&quot;&#10;    schema: {&quot;loadingURI&quot;:&quot;#&quot;,&quot;pointer&quot;:&quot;/items&quot;}&#10;    domain: &quot;syntax&quot;&#10;    ignored: [&quot;$id&quot;]&#10;warning: the following keywords are unknown and will be ignored: [$id]&#10;    level: &quot;warning&quot;&#10;    schema: {&quot;loadingURI&quot;:&quot;#&quot;,&quot;pointer&quot;:&quot;/items/properties/category&quot;}&#10;    domain: &quot;syntax&quot;&#10;    ignored: [&quot;$id&quot;]&#10;warning: the following keywords are unknown and will be ignored: [$id, examples]&#10;    level: &quot;warning&quot;&#10;    schema: {&quot;loadingURI&quot;:&quot;#&quot;,&quot;pointer&quot;:&quot;/items/properties/category/properties/id&quot;}&#10;    domain: &quot;syntax&quot;&#10;    ignored: [&quot;$id&quot;,&quot;examples&quot;]&#10;warning: the following keywords are unknown and will be ignored: [$id, examples]&#10;    level: &quot;warning&quot;&#10;    schema: {&quot;loadingURI&quot;:&quot;#&quot;,&quot;pointer&quot;:&quot;/items/properties/category/properties/name&quot;}&#10;    domain: &quot;syntax&quot;&#10;    ignored: [&quot;$id&quot;,&quot;examples&quot;]&#10;warning: the following keywords are unknown and will be ignored: [$id, examples]&#10;    level: &quot;warning&quot;&#10;    schema: {&quot;loadingURI&quot;:&quot;#&quot;,&quot;pointer&quot;:&quot;/items/properties/id&quot;}&#10;    domain: &quot;syntax&quot;&#10;    ignored: [&quot;$id&quot;,&quot;examples&quot;]&#10;warning: the following keywords are unknown and will be ignored: [$id, examples]&#10;    level: &quot;warning&quot;&#10;    schema: {&quot;loadingURI&quot;:&quot;#&quot;,&quot;pointer&quot;:&quot;/items/properties/name&quot;}&#10;    domain: &quot;syntax&quot;&#10;    ignored: [&quot;$id&quot;,&quot;examples&quot;]&#10;warning: the following keywords are unknown and will be ignored: [$id]&#10;    level: &quot;warning&quot;&#10;    schema: {&quot;loadingURI&quot;:&quot;#&quot;,&quot;pointer&quot;:&quot;/items/properties/photoUrls&quot;}&#10;    domain: &quot;syntax&quot;&#10;    ignored: [&quot;$id&quot;]&#10;warning: the following keywords are unknown and will be ignored: [$id, examples]&#10;    level: &quot;warning&quot;&#10;    schema: {&quot;loadingURI&quot;:&quot;#&quot;,&quot;pointer&quot;:&quot;/items/properties/photoUrls/items&quot;}&#10;    domain: &quot;syntax&quot;&#10;    ignored: [&quot;$id&quot;,&quot;examples&quot;]&#10;warning: the following keywords are unknown and will be ignored: [$id, examples]&#10;    level: &quot;warning&quot;&#10;    schema: {&quot;loadingURI&quot;:&quot;#&quot;,&quot;pointer&quot;:&quot;/items/properties/status&quot;}&#10;    domain: &quot;syntax&quot;&#10;    ignored: [&quot;$id&quot;,&quot;examples&quot;]&#10;warning: the following keywords are unknown and will be ignored: [$id]&#10;    level: &quot;warning&quot;&#10;    schema: {&quot;loadingURI&quot;:&quot;#&quot;,&quot;pointer&quot;:&quot;/items/properties/tags&quot;}&#10;    domain: &quot;syntax&quot;&#10;    ignored: [&quot;$id&quot;]&#10;warning: the following keywords are unknown and will be ignored: [$id]&#10;    level: &quot;warning&quot;&#10;    schema: {&quot;loadingURI&quot;:&quot;#&quot;,&quot;pointer&quot;:&quot;/items/properties/tags/items&quot;}&#10;    domain: &quot;syntax&quot;&#10;    ignored: [&quot;$id&quot;]&#10;warning: the following keywords are unknown and will be ignored: [$id, examples]&#10;    level: &quot;warning&quot;&#10;    schema: {&quot;loadingURI&quot;:&quot;#&quot;,&quot;pointer&quot;:&quot;/items/properties/tags/items/properties/id&quot;}&#10;    domain: &quot;syntax&quot;&#10;    ignored: [&quot;$id&quot;,&quot;examples&quot;]&#10;warning: the following keywords are unknown and will be ignored: [$id, examples]&#10;    level: &quot;warning&quot;&#10;    schema: {&quot;loadingURI&quot;:&quot;#&quot;,&quot;pointer&quot;:&quot;/items/properties/tags/items/properties/name&quot;}&#10;    domain: &quot;syntax&quot;&#10;    ignored: [&quot;$id&quot;,&quot;examples&quot;]&#10;warning: the following keywords are unknown and will be ignored: [$id]&#10;    level: &quot;warning&quot;&#10;    schema: {&quot;loadingURI&quot;:&quot;#&quot;,&quot;pointer&quot;:&quot;/items&quot;}&#10;    domain: &quot;syntax&quot;&#10;    ignored: [&quot;$id&quot;]&#10;warning: the following keywords are unknown and will be ignored: [$id]&#10;    level: &quot;warning&quot;&#10;    schema: {&quot;loadingURI&quot;:&quot;#&quot;,&quot;pointer&quot;:&quot;/items/properties/category&quot;}&#10;    domain: &quot;syntax&quot;&#10;    ignored: [&quot;$id&quot;]&#10;warning: the following keywords are unknown and will be ignored: [$id, examples]&#10;    level: &quot;warning&quot;&#10;    schema: {&quot;loadingURI&quot;:&quot;#&quot;,&quot;pointer&quot;:&quot;/items/properties/category/properties/id&quot;}&#10;    domain: &quot;syntax&quot;&#10;    ignored: [&quot;$id&quot;,&quot;examples&quot;]&#10;warning: the following keywords are unknown and will be ignored: [$id, examples]&#10;    level: &quot;warning&quot;&#10;    schema: {&quot;loadingURI&quot;:&quot;#&quot;,&quot;pointer&quot;:&quot;/items/properties/category/properties/name&quot;}&#10;    domain: &quot;syntax&quot;&#10;    ignored: [&quot;$id&quot;,&quot;examples&quot;]&#10;warning: the following keywords are unknown and will be ignored: [$id, examples]&#10;    level: &quot;warning&quot;&#10;    schema: {&quot;loadingURI&quot;:&quot;#&quot;,&quot;pointer&quot;:&quot;/items/properties/id&quot;}&#10;    domain: &quot;syntax&quot;&#10;    ignored: [&quot;$id&quot;,&quot;examples&quot;]&#10;warning: the following keywords are unknown and will be ignored: [$id, examples]&#10;    level: &quot;warning&quot;&#10;    schema: {&quot;loadingURI&quot;:&quot;#&quot;,&quot;pointer&quot;:&quot;/items/properties/name&quot;}&#10;    domain: &quot;syntax&quot;&#10;    ignored: [&quot;$id&quot;,&quot;examples&quot;]&#10;warning: the following keywords are unknown and will be ignored: [$id]&#10;    level: &quot;warning&quot;&#10;    schema: {&quot;loadingURI&quot;:&quot;#&quot;,&quot;pointer&quot;:&quot;/items/properties/photoUrls&quot;}&#10;    domain: &quot;syntax&quot;&#10;    ignored: [&quot;$id&quot;]&#10;warning: the following keywords are unknown and will be ignored: [$id, examples]&#10;    level: &quot;warning&quot;&#10;    schema: {&quot;loadingURI&quot;:&quot;#&quot;,&quot;pointer&quot;:&quot;/items/properties/photoUrls/items&quot;}&#10;    domain: &quot;syntax&quot;&#10;    ignored: [&quot;$id&quot;,&quot;examples&quot;]&#10;warning: the following keywords are unknown and will be ignored: [$id, examples]&#10;    level: &quot;warning&quot;&#10;    schema: {&quot;loadingURI&quot;:&quot;#&quot;,&quot;pointer&quot;:&quot;/items/properties/status&quot;}&#10;    domain: &quot;syntax&quot;&#10;    ignored: [&quot;$id&quot;,&quot;examples&quot;]&#10;warning: the following keywords are unknown and will be ignored: [$id]&#10;    level: &quot;warning&quot;&#10;    schema: {&quot;loadingURI&quot;:&quot;#&quot;,&quot;pointer&quot;:&quot;/items/properties/tags&quot;}&#10;    domain: &quot;syntax&quot;&#10;    ignored: [&quot;$id&quot;]&#10;warning: the following keywords are unknown and will be ignored: [$id]&#10;    level: &quot;warning&quot;&#10;    schema: {&quot;loadingURI&quot;:&quot;#&quot;,&quot;pointer&quot;:&quot;/items/properties/tags/items&quot;}&#10;    domain: &quot;syntax&quot;&#10;    ignored: [&quot;$id&quot;]&#10;warning: the following keywords are unknown and will be ignored: [$id, examples]&#10;    level: &quot;warning&quot;&#10;    schema: {&quot;loadingURI&quot;:&quot;#&quot;,&quot;pointer&quot;:&quot;/items/properties/tags/items/properties/id&quot;}&#10;    domain: &quot;syntax&quot;&#10;    ignored: [&quot;$id&quot;,&quot;examples&quot;]&#10;warning: the following keywords are unknown and will be ignored: [$id, examples]&#10;    level: &quot;warning&quot;&#10;    schema: {&quot;loadingURI&quot;:&quot;#&quot;,&quot;pointer&quot;:&quot;/items/properties/tags/items/properties/name&quot;}&#10;    domain: &quot;syntax&quot;&#10;    ignored: [&quot;$id&quot;,&quot;examples&quot;]&#10;warning: the following keywords are unknown and will be ignored: [$id]&#10;    level: &quot;warning&quot;&#10;    schema: {&quot;loadingURI&quot;:&quot;#&quot;,&quot;pointer&quot;:&quot;/items&quot;}&#10;    domain: &quot;syntax&quot;&#10;    ignored: [&quot;$id&quot;]&#10;warning: the following keywords are unknown and will be ignored: [$id]&#10;    level: &quot;warning&quot;&#10;    schema: {&quot;loadingURI&quot;:&quot;#&quot;,&quot;pointer&quot;:&quot;/items/properties/category&quot;}&#10;    domain: &quot;syntax&quot;&#10;    ignored: [&quot;$id&quot;]&#10;warning: the following keywords are unknown and will be ignored: [$id, examples]&#10;    level: &quot;warning&quot;&#10;    schema: {&quot;loadingURI&quot;:&quot;#&quot;,&quot;pointer&quot;:&quot;/items/properties/category/properties/id&quot;}&#10;    domain: &quot;syntax&quot;&#10;    ignored: [&quot;$id&quot;,&quot;examples&quot;]&#10;warning: the following keywords are unknown and will be ignored: [$id, examples]&#10;    level: &quot;warning&quot;&#10;    schema: {&quot;loadingURI&quot;:&quot;#&quot;,&quot;pointer&quot;:&quot;/items/properties/category/properties/name&quot;}&#10;    domain: &quot;syntax&quot;&#10;    ignored: [&quot;$id&quot;,&quot;examples&quot;]&#10;warning: the following keywords are unknown and will be ignored: [$id, examples]&#10;    level: &quot;warning&quot;&#10;    schema: {&quot;loadingURI&quot;:&quot;#&quot;,&quot;pointer&quot;:&quot;/items/properties/id&quot;}&#10;    domain: &quot;syntax&quot;&#10;    ignored: [&quot;$id&quot;,&quot;examples&quot;]&#10;warning: the following keywords are unknown and will be ignored: [$id, examples]&#10;    level: &quot;warning&quot;&#10;    schema: {&quot;loadingURI&quot;:&quot;#&quot;,&quot;pointer&quot;:&quot;/items/properties/name&quot;}&#10;    domain: &quot;syntax&quot;&#10;    ignored: [&quot;$id&quot;,&quot;examples&quot;]&#10;warning: the following keywords are unknown and will be ignored: [$id]&#10;    level: &quot;warning&quot;&#10;    schema: {&quot;loadingURI&quot;:&quot;#&quot;,&quot;pointer&quot;:&quot;/items/properties/photoUrls&quot;}&#10;    domain: &quot;syntax&quot;&#10;    ignored: [&quot;$id&quot;]&#10;warning: the following keywords are unknown and will be ignored: [$id, examples]&#10;    level: &quot;warning&quot;&#10;    schema: {&quot;loadingURI&quot;:&quot;#&quot;,&quot;pointer&quot;:&quot;/items/properties/photoUrls/items&quot;}&#10;    domain: &quot;syntax&quot;&#10;    ignored: [&quot;$id&quot;,&quot;examples&quot;]&#10;warning: the following keywords are unknown and will be ignored: [$id, examples]&#10;    level: &quot;warning&quot;&#10;    schema: {&quot;loadingURI&quot;:&quot;#&quot;,&quot;pointer&quot;:&quot;/items/properties/status&quot;}&#10;    domain: &quot;syntax&quot;&#10;    ignored: [&quot;$id&quot;,&quot;examples&quot;]&#10;warning: the following keywords are unknown and will be ignored: [$id]&#10;    level: &quot;warning&quot;&#10;    schema: {&quot;loadingURI&quot;:&quot;#&quot;,&quot;pointer&quot;:&quot;/items/properties/tags&quot;}&#10;    domain: &quot;syntax&quot;&#10;    ignored: [&quot;$id&quot;]&#10;warning: the following keywords are unknown and will be ignored: [$id]&#10;    level: &quot;warning&quot;&#10;    schema: {&quot;loadingURI&quot;:&quot;#&quot;,&quot;pointer&quot;:&quot;/items/properties/tags/items&quot;}&#10;    domain: &quot;syntax&quot;&#10;    ignored: [&quot;$id&quot;]&#10;warning: the following keywords are unknown and will be ignored: [$id, examples]&#10;    level: &quot;warning&quot;&#10;    schema: {&quot;loadingURI&quot;:&quot;#&quot;,&quot;pointer&quot;:&quot;/items/properties/tags/items/properties/id&quot;}&#10;    domain: &quot;syntax&quot;&#10;    ignored: [&quot;$id&quot;,&quot;examples&quot;]&#10;warning: the following keywords are unknown and will be ignored: [$id, examples]&#10;    level: &quot;warning&quot;&#10;    schema: {&quot;loadingURI&quot;:&quot;#&quot;,&quot;pointer&quot;:&quot;/items/properties/tags/items/properties/name&quot;}&#10;    domain: &quot;syntax&quot;&#10;    ignored: [&quot;$id&quot;,&quot;examples&quot;]&#10;warning: the following keywords are unknown and will be ignored: [$id]&#10;    level: &quot;warning&quot;&#10;    schema: {&quot;loadingURI&quot;:&quot;#&quot;,&quot;pointer&quot;:&quot;/items&quot;}&#10;    domain: &quot;syntax&quot;&#10;    ignored: [&quot;$id&quot;]&#10;warning: the following keywords are unknown and will be ignored: [$id]&#10;    level: &quot;warning&quot;&#10;    schema: {&quot;loadingURI&quot;:&quot;#&quot;,&quot;pointer&quot;:&quot;/items/properties/category&quot;}&#10;    domain: &quot;syntax&quot;&#10;    ignored: [&quot;$id&quot;]&#10;warning: the following keywords are unknown and will be ignored: [$id, examples]&#10;    level: &quot;warning&quot;&#10;    schema: {&quot;loadingURI&quot;:&quot;#&quot;,&quot;pointer&quot;:&quot;/items/properties/category/properties/id&quot;}&#10;    domain: &quot;syntax&quot;&#10;    ignored: [&quot;$id&quot;,&quot;examples&quot;]&#10;warning: the following keywords are unknown and will be ignored: [$id, examples]&#10;    level: &quot;warning&quot;&#10;    schema: {&quot;loadingURI&quot;:&quot;#&quot;,&quot;pointer&quot;:&quot;/items/properties/category/properties/name&quot;}&#10;    domain: &quot;syntax&quot;&#10;    ignored: [&quot;$id&quot;,&quot;examples&quot;]&#10;warning: the following keywords are unknown and will be ignored: [$id, examples]&#10;    level: &quot;warning&quot;&#10;    schema: {&quot;loadingURI&quot;:&quot;#&quot;,&quot;pointer&quot;:&quot;/items/properties/id&quot;}&#10;    domain: &quot;syntax&quot;&#10;    ignored: [&quot;$id&quot;,&quot;examples&quot;]&#10;warning: the following keywords are unknown and will be ignored: [$id, examples]&#10;    level: &quot;warning&quot;&#10;    schema: {&quot;loadingURI&quot;:&quot;#&quot;,&quot;pointer&quot;:&quot;/items/properties/name&quot;}&#10;    domain: &quot;syntax&quot;&#10;    ignored: [&quot;$id&quot;,&quot;examples&quot;]&#10;warning: the following keywords are unknown and will be ignored: [$id]&#10;    level: &quot;warning&quot;&#10;    schema: {&quot;loadingURI&quot;:&quot;#&quot;,&quot;pointer&quot;:&quot;/items/properties/photoUrls&quot;}&#10;    domain: &quot;syntax&quot;&#10;    ignored: [&quot;$id&quot;]&#10;warning: the following keywords are unknown and will be ignored: [$id, examples]&#10;    level: &quot;warning&quot;&#10;    schema: {&quot;loadingURI&quot;:&quot;#&quot;,&quot;pointer&quot;:&quot;/items/properties/photoUrls/items&quot;}&#10;    domain: &quot;syntax&quot;&#10;    ignored: [&quot;$id&quot;,&quot;examples&quot;]&#10;warning: the following keywords are unknown and will be ignored: [$id, examples]&#10;    level: &quot;warning&quot;&#10;    schema: {&quot;loadingURI&quot;:&quot;#&quot;,&quot;pointer&quot;:&quot;/items/properties/status&quot;}&#10;    domain: &quot;syntax&quot;&#10;    ignored: [&quot;$id&quot;,&quot;examples&quot;]&#10;warning: the following keywords are unknown and will be ignored: [$id]&#10;    level: &quot;warning&quot;&#10;    schema: {&quot;loadingURI&quot;:&quot;#&quot;,&quot;pointer&quot;:&quot;/items/properties/tags&quot;}&#10;    domain: &quot;syntax&quot;&#10;    ignored: [&quot;$id&quot;]&#10;warning: the following keywords are unknown and will be ignored: [$id]&#10;    level: &quot;warning&quot;&#10;    schema: {&quot;loadingURI&quot;:&quot;#&quot;,&quot;pointer&quot;:&quot;/items/properties/tags/items&quot;}&#10;    domain: &quot;syntax&quot;&#10;    ignored: [&quot;$id&quot;]&#10;warning: the following keywords are unknown and will be ignored: [$id, examples]&#10;    level: &quot;warning&quot;&#10;    schema: {&quot;loadingURI&quot;:&quot;#&quot;,&quot;pointer&quot;:&quot;/items/properties/tags/items/properties/id&quot;}&#10;    domain: &quot;syntax&quot;&#10;    ignored: [&quot;$id&quot;,&quot;examples&quot;]&#10;warning: the following keywords are unknown and will be ignored: [$id, examples]&#10;    level: &quot;warning&quot;&#10;    schema: {&quot;loadingURI&quot;:&quot;#&quot;,&quot;pointer&quot;:&quot;/items/properties/tags/items/properties/name&quot;}&#10;    domain: &quot;syntax&quot;&#10;    ignored: [&quot;$id&quot;,&quot;examples&quot;]&#10;warning: the following keywords are unknown and will be ignored: [$id]&#10;    level: &quot;warning&quot;&#10;    schema: {&quot;loadingURI&quot;:&quot;#&quot;,&quot;pointer&quot;:&quot;/items&quot;}&#10;    domain: &quot;syntax&quot;&#10;    ignored: [&quot;$id&quot;]&#10;warning: the following keywords are unknown and will be ignored: [$id]&#10;    level: &quot;warning&quot;&#10;    schema: {&quot;loadingURI&quot;:&quot;#&quot;,&quot;pointer&quot;:&quot;/items/properties/category&quot;}&#10;    domain: &quot;syntax&quot;&#10;    ignored: [&quot;$id&quot;]&#10;warning: the following keywords are unknown and will be ignored: [$id, examples]&#10;    level: &quot;warning&quot;&#10;    schema: {&quot;loadingURI&quot;:&quot;#&quot;,&quot;pointer&quot;:&quot;/items/properties/category/properties/id&quot;}&#10;    domain: &quot;syntax&quot;&#10;    ignored: [&quot;$id&quot;,&quot;examples&quot;]&#10;warning: the following keywords are unknown and will be ignored: [$id, examples]&#10;    level: &quot;warning&quot;&#10;    schema: {&quot;loadingURI&quot;:&quot;#&quot;,&quot;pointer&quot;:&quot;/items/properties/category/properties/name&quot;}&#10;    domain: &quot;syntax&quot;&#10;    ignored: [&quot;$id&quot;,&quot;examples&quot;]&#10;warning: the following keywords are unknown and will be ignored: [$id, examples]&#10;    level: &quot;warning&quot;&#10;    schema: {&quot;loadingURI&quot;:&quot;#&quot;,&quot;pointer&quot;:&quot;/items/properties/id&quot;}&#10;    domain: &quot;syntax&quot;&#10;    ignored: [&quot;$id&quot;,&quot;examples&quot;]&#10;warning: the following keywords are unknown and will be ignored: [$id, examples]&#10;    level: &quot;warning&quot;&#10;    schema: {&quot;loadingURI&quot;:&quot;#&quot;,&quot;pointer&quot;:&quot;/items/properties/name&quot;}&#10;    domain: &quot;syntax&quot;&#10;    ignored: [&quot;$id&quot;,&quot;examples&quot;]&#10;warning: the following keywords are unknown and will be ignored: [$id]&#10;    level: &quot;warning&quot;&#10;    schema: {&quot;loadingURI&quot;:&quot;#&quot;,&quot;pointer&quot;:&quot;/items/properties/photoUrls&quot;}&#10;    domain: &quot;syntax&quot;&#10;    ignored: [&quot;$id&quot;]&#10;warning: the following keywords are unknown and will be ignored: [$id, examples]&#10;    level: &quot;warning&quot;&#10;    schema: {&quot;loadingURI&quot;:&quot;#&quot;,&quot;pointer&quot;:&quot;/items/properties/photoUrls/items&quot;}&#10;    domain: &quot;syntax&quot;&#10;    ignored: [&quot;$id&quot;,&quot;examples&quot;]&#10;warning: the following keywords are unknown and will be ignored: [$id, examples]&#10;    level: &quot;warning&quot;&#10;    schema: {&quot;loadingURI&quot;:&quot;#&quot;,&quot;pointer&quot;:&quot;/items/properties/status&quot;}&#10;    domain: &quot;syntax&quot;&#10;    ignored: [&quot;$id&quot;,&quot;examples&quot;]&#10;warning: the following keywords are unknown and will be ignored: [$id]&#10;    level: &quot;warning&quot;&#10;    schema: {&quot;loadingURI&quot;:&quot;#&quot;,&quot;pointer&quot;:&quot;/items/properties/tags&quot;}&#10;    domain: &quot;syntax&quot;&#10;    ignored: [&quot;$id&quot;]&#10;warning: the following keywords are unknown and will be ignored: [$id]&#10;    level: &quot;warning&quot;&#10;    schema: {&quot;loadingURI&quot;:&quot;#&quot;,&quot;pointer&quot;:&quot;/items/properties/tags/items&quot;}&#10;    domain: &quot;syntax&quot;&#10;    ignored: [&quot;$id&quot;]&#10;warning: the following keywords are unknown and will be ignored: [$id, examples]&#10;    level: &quot;warning&quot;&#10;    schema: {&quot;loadingURI&quot;:&quot;#&quot;,&quot;pointer&quot;:&quot;/items/properties/tags/items/properties/id&quot;}&#10;    domain: &quot;syntax&quot;&#10;    ignored: [&quot;$id&quot;,&quot;examples&quot;]&#10;warning: the following keywords are unknown and will be ignored: [$id, examples]&#10;    level: &quot;warning&quot;&#10;    schema: {&quot;loadingURI&quot;:&quot;#&quot;,&quot;pointer&quot;:&quot;/items/properties/tags/items/properties/name&quot;}&#10;    domain: &quot;syntax&quot;&#10;    ignored: [&quot;$id&quot;,&quot;examples&quot;]&#10;warning: the following keywords are unknown and will be ignored: [$id]&#10;    level: &quot;warning&quot;&#10;    schema: {&quot;loadingURI&quot;:&quot;#&quot;,&quot;pointer&quot;:&quot;/items&quot;}&#10;    domain: &quot;syntax&quot;&#10;    ignored: [&quot;$id&quot;]&#10;warning: the following keywords are unknown and will be ignored: [$id]&#10;    level: &quot;warning&quot;&#10;    schema: {&quot;loadingURI&quot;:&quot;#&quot;,&quot;pointer&quot;:&quot;/items/properties/category&quot;}&#10;    domain: &quot;syntax&quot;&#10;    ignored: [&quot;$id&quot;]&#10;warning: the following keywords are unknown and will be ignored: [$id, examples]&#10;    level: &quot;warning&quot;&#10;    schema: {&quot;loadingURI&quot;:&quot;#&quot;,&quot;pointer&quot;:&quot;/items/properties/category/properties/id&quot;}&#10;    domain: &quot;syntax&quot;&#10;    ignored: [&quot;$id&quot;,&quot;examples&quot;]&#10;warning: the following keywords are unknown and will be ignored: [$id, examples]&#10;    level: &quot;warning&quot;&#10;    schema: {&quot;loadingURI&quot;:&quot;#&quot;,&quot;pointer&quot;:&quot;/items/properties/category/properties/name&quot;}&#10;    domain: &quot;syntax&quot;&#10;    ignored: [&quot;$id&quot;,&quot;examples&quot;]&#10;warning: the following keywords are unknown and will be ignored: [$id, examples]&#10;    level: &quot;warning&quot;&#10;    schema: {&quot;loadingURI&quot;:&quot;#&quot;,&quot;pointer&quot;:&quot;/items/properties/id&quot;}&#10;    domain: &quot;syntax&quot;&#10;    ignored: [&quot;$id&quot;,&quot;examples&quot;]&#10;warning: the following keywords are unknown and will be ignored: [$id, examples]&#10;    level: &quot;warning&quot;&#10;    schema: {&quot;loadingURI&quot;:&quot;#&quot;,&quot;pointer&quot;:&quot;/items/properties/name&quot;}&#10;    domain: &quot;syntax&quot;&#10;    ignored: [&quot;$id&quot;,&quot;examples&quot;]&#10;warning: the following keywords are unknown and will be ignored: [$id]&#10;    level: &quot;warning&quot;&#10;    schema: {&quot;loadingURI&quot;:&quot;#&quot;,&quot;pointer&quot;:&quot;/items/properties/photoUrls&quot;}&#10;    domain: &quot;syntax&quot;&#10;    ignored: [&quot;$id&quot;]&#10;warning: the following keywords are unknown and will be ignored: [$id, examples]&#10;    level: &quot;warning&quot;&#10;    schema: {&quot;loadingURI&quot;:&quot;#&quot;,&quot;pointer&quot;:&quot;/items/properties/photoUrls/items&quot;}&#10;    domain: &quot;syntax&quot;&#10;    ignored: [&quot;$id&quot;,&quot;examples&quot;]&#10;warning: the following keywords are unknown and will be ignored: [$id, examples]&#10;    level: &quot;warning&quot;&#10;    schema: {&quot;loadingURI&quot;:&quot;#&quot;,&quot;pointer&quot;:&quot;/items/properties/status&quot;}&#10;    domain: &quot;syntax&quot;&#10;    ignored: [&quot;$id&quot;,&quot;examples&quot;]&#10;warning: the following keywords are unknown and will be ignored: [$id]&#10;    level: &quot;warning&quot;&#10;    schema: {&quot;loadingURI&quot;:&quot;#&quot;,&quot;pointer&quot;:&quot;/items/properties/tags&quot;}&#10;    domain: &quot;syntax&quot;&#10;    ignored: [&quot;$id&quot;]&#10;warning: the following keywords are unknown and will be ignored: [$id]&#10;    level: &quot;warning&quot;&#10;    schema: {&quot;loadingURI&quot;:&quot;#&quot;,&quot;pointer&quot;:&quot;/items/properties/tags/items&quot;}&#10;    domain: &quot;syntax&quot;&#10;    ignored: [&quot;$id&quot;]&#10;warning: the following keywords are unknown and will be ignored: [$id, examples]&#10;    level: &quot;warning&quot;&#10;    schema: {&quot;loadingURI&quot;:&quot;#&quot;,&quot;pointer&quot;:&quot;/items/properties/tags/items/properties/id&quot;}&#10;    domain: &quot;syntax&quot;&#10;    ignored: [&quot;$id&quot;,&quot;examples&quot;]&#10;warning: the following keywords are unknown and will be ignored: [$id, examples]&#10;    level: &quot;warning&quot;&#10;    schema: {&quot;loadingURI&quot;:&quot;#&quot;,&quot;pointer&quot;:&quot;/items/properties/tags/items/properties/name&quot;}&#10;    domain: &quot;syntax&quot;&#10;    ignored: [&quot;$id&quot;,&quot;examples&quot;]&#10;warning: the following keywords are unknown and will be ignored: [$id]&#10;    level: &quot;warning&quot;&#10;    schema: {&quot;loadingURI&quot;:&quot;#&quot;,&quot;pointer&quot;:&quot;/items&quot;}&#10;    domain: &quot;syntax&quot;&#10;    ignored: [&quot;$id&quot;]&#10;warning: the following keywords are unknown and will be ignored: [$id]&#10;    level: &quot;warning&quot;&#10;    schema: {&quot;loadingURI&quot;:&quot;#&quot;,&quot;pointer&quot;:&quot;/items/properties/category&quot;}&#10;    domain: &quot;syntax&quot;&#10;    ignored: [&quot;$id&quot;]&#10;warning: the following keywords are unknown and will be ignored: [$id, examples]&#10;    level: &quot;warning&quot;&#10;    schema: {&quot;loadingURI&quot;:&quot;#&quot;,&quot;pointer&quot;:&quot;/items/properties/category/properties/id&quot;}&#10;    domain: &quot;syntax&quot;&#10;    ignored: [&quot;$id&quot;,&quot;examples&quot;]&#10;warning: the following keywords are unknown and will be ignored: [$id, examples]&#10;    level: &quot;warning&quot;&#10;    schema: {&quot;loadingURI&quot;:&quot;#&quot;,&quot;pointer&quot;:&quot;/items/properties/category/properties/name&quot;}&#10;    domain: &quot;syntax&quot;&#10;    ignored: [&quot;$id&quot;,&quot;examples&quot;]&#10;warning: the following keywords are unknown and will be ignored: [$id, examples]&#10;    level: &quot;warning&quot;&#10;    schema: {&quot;loadingURI&quot;:&quot;#&quot;,&quot;pointer&quot;:&quot;/items/properties/id&quot;}&#10;    domain: &quot;syntax&quot;&#10;    ignored: [&quot;$id&quot;,&quot;examples&quot;]&#10;warning: the following keywords are unknown and will be ignored: [$id, examples]&#10;    level: &quot;warning&quot;&#10;    schema: {&quot;loadingURI&quot;:&quot;#&quot;,&quot;pointer&quot;:&quot;/items/properties/name&quot;}&#10;    domain: &quot;syntax&quot;&#10;    ignored: [&quot;$id&quot;,&quot;examples&quot;]&#10;warning: the following keywords are unknown and will be ignored: [$id]&#10;    level: &quot;warning&quot;&#10;    schema: {&quot;loadingURI&quot;:&quot;#&quot;,&quot;pointer&quot;:&quot;/items/properties/photoUrls&quot;}&#10;    domain: &quot;syntax&quot;&#10;    ignored: [&quot;$id&quot;]&#10;warning: the following keywords are unknown and will be ignored: [$id, examples]&#10;    level: &quot;warning&quot;&#10;    schema: {&quot;loadingURI&quot;:&quot;#&quot;,&quot;pointer&quot;:&quot;/items/properties/photoUrls/items&quot;}&#10;    domain: &quot;syntax&quot;&#10;    ignored: [&quot;$id&quot;,&quot;examples&quot;]&#10;warning: the following keywords are unknown and will be ignored: [$id, examples]&#10;    level: &quot;warning&quot;&#10;    schema: {&quot;loadingURI&quot;:&quot;#&quot;,&quot;pointer&quot;:&quot;/items/properties/status&quot;}&#10;    domain: &quot;syntax&quot;&#10;    ignored: [&quot;$id&quot;,&quot;examples&quot;]&#10;warning: the following keywords are unknown and will be ignored: [$id]&#10;    level: &quot;warning&quot;&#10;    schema: {&quot;loadingURI&quot;:&quot;#&quot;,&quot;pointer&quot;:&quot;/items/properties/tags&quot;}&#10;    domain: &quot;syntax&quot;&#10;    ignored: [&quot;$id&quot;]&#10;warning: the following keywords are unknown and will be ignored: [$id]&#10;    level: &quot;warning&quot;&#10;    schema: {&quot;loadingURI&quot;:&quot;#&quot;,&quot;pointer&quot;:&quot;/items/properties/tags/items&quot;}&#10;    domain: &quot;syntax&quot;&#10;    ignored: [&quot;$id&quot;]&#10;warning: the following keywords are unknown and will be ignored: [$id, examples]&#10;    level: &quot;warning&quot;&#10;    schema: {&quot;loadingURI&quot;:&quot;#&quot;,&quot;pointer&quot;:&quot;/items/properties/tags/items/properties/id&quot;}&#10;    domain: &quot;syntax&quot;&#10;    ignored: [&quot;$id&quot;,&quot;examples&quot;]&#10;warning: the following keywords are unknown and will be ignored: [$id, examples]&#10;    level: &quot;warning&quot;&#10;    schema: {&quot;loadingURI&quot;:&quot;#&quot;,&quot;pointer&quot;:&quot;/items/properties/tags/items/properties/name&quot;}&#10;    domain: &quot;syntax&quot;&#10;    ignored: [&quot;$id&quot;,&quot;examples&quot;]&#10;warning: the following keywords are unknown and will be ignored: [$id]&#10;    level: &quot;warning&quot;&#10;    schema: {&quot;loadingURI&quot;:&quot;#&quot;,&quot;pointer&quot;:&quot;/items&quot;}&#10;    domain: &quot;syntax&quot;&#10;    ignored: [&quot;$id&quot;]&#10;warning: the following keywords are unknown and will be ignored: [$id]&#10;    level: &quot;warning&quot;&#10;    schema: {&quot;loadingURI&quot;:&quot;#&quot;,&quot;pointer&quot;:&quot;/items/properties/category&quot;}&#10;    domain: &quot;syntax&quot;&#10;    ignored: [&quot;$id&quot;]&#10;warning: the following keywords are unknown and will be ignored: [$id, examples]&#10;    level: &quot;warning&quot;&#10;    schema: {&quot;loadingURI&quot;:&quot;#&quot;,&quot;pointer&quot;:&quot;/items/properties/category/properties/id&quot;}&#10;    domain: &quot;syntax&quot;&#10;    ignored: [&quot;$id&quot;,&quot;examples&quot;]&#10;warning: the following keywords are unknown and will be ignored: [$id, examples]&#10;    level: &quot;warning&quot;&#10;    schema: {&quot;loadingURI&quot;:&quot;#&quot;,&quot;pointer&quot;:&quot;/items/properties/category/properties/name&quot;}&#10;    domain: &quot;syntax&quot;&#10;    ignored: [&quot;$id&quot;,&quot;examples&quot;]&#10;warning: the following keywords are unknown and will be ignored: [$id, examples]&#10;    level: &quot;warning&quot;&#10;    schema: {&quot;loadingURI&quot;:&quot;#&quot;,&quot;pointer&quot;:&quot;/items/properties/id&quot;}&#10;    domain: &quot;syntax&quot;&#10;    ignored: [&quot;$id&quot;,&quot;examples&quot;]&#10;warning: the following keywords are unknown and will be ignored: [$id, examples]&#10;    level: &quot;warning&quot;&#10;    schema: {&quot;loadingURI&quot;:&quot;#&quot;,&quot;pointer&quot;:&quot;/items/properties/name&quot;}&#10;    domain: &quot;syntax&quot;&#10;    ignored: [&quot;$id&quot;,&quot;examples&quot;]&#10;warning: the following keywords are unknown and will be ignored: [$id]&#10;    level: &quot;warning&quot;&#10;    schema: {&quot;loadingURI&quot;:&quot;#&quot;,&quot;pointer&quot;:&quot;/items/properties/photoUrls&quot;}&#10;    domain: &quot;syntax&quot;&#10;    ignored: [&quot;$id&quot;]&#10;warning: the following keywords are unknown and will be ignored: [$id, examples]&#10;    level: &quot;warning&quot;&#10;    schema: {&quot;loadingURI&quot;:&quot;#&quot;,&quot;pointer&quot;:&quot;/items/properties/photoUrls/items&quot;}&#10;    domain: &quot;syntax&quot;&#10;    ignored: [&quot;$id&quot;,&quot;examples&quot;]&#10;warning: the following keywords are unknown and will be ignored: [$id, examples]&#10;    level: &quot;warning&quot;&#10;    schema: {&quot;loadingURI&quot;:&quot;#&quot;,&quot;pointer&quot;:&quot;/items/properties/status&quot;}&#10;    domain: &quot;syntax&quot;&#10;    ignored: [&quot;$id&quot;,&quot;examples&quot;]&#10;warning: the following keywords are unknown and will be ignored: [$id]&#10;    level: &quot;warning&quot;&#10;    schema: {&quot;loadingURI&quot;:&quot;#&quot;,&quot;pointer&quot;:&quot;/items/properties/tags&quot;}&#10;    domain: &quot;syntax&quot;&#10;    ignored: [&quot;$id&quot;]&#10;warning: the following keywords are unknown and will be ignored: [$id]&#10;    level: &quot;warning&quot;&#10;    schema: {&quot;loadingURI&quot;:&quot;#&quot;,&quot;pointer&quot;:&quot;/items/properties/tags/items&quot;}&#10;    domain: &quot;syntax&quot;&#10;    ignored: [&quot;$id&quot;]&#10;warning: the following keywords are unknown and will be ignored: [$id, examples]&#10;    level: &quot;warning&quot;&#10;    schema: {&quot;loadingURI&quot;:&quot;#&quot;,&quot;pointer&quot;:&quot;/items/properties/tags/items/properties/id&quot;}&#10;    domain: &quot;syntax&quot;&#10;    ignored: [&quot;$id&quot;,&quot;examples&quot;]&#10;warning: the following keywords are unknown and will be ignored: [$id, examples]&#10;    level: &quot;warning&quot;&#10;    schema: {&quot;loadingURI&quot;:&quot;#&quot;,&quot;pointer&quot;:&quot;/items/properties/tags/items/properties/name&quot;}&#10;    domain: &quot;syntax&quot;&#10;    ignored: [&quot;$id&quot;,&quot;examples&quot;]&#10;warning: the following keywords are unknown and will be ignored: [$id]&#10;    level: &quot;warning&quot;&#10;    schema: {&quot;loadingURI&quot;:&quot;#&quot;,&quot;pointer&quot;:&quot;/items&quot;}&#10;    domain: &quot;syntax&quot;&#10;    ignored: [&quot;$id&quot;]&#10;warning: the following keywords are unknown and will be ignored: [$id]&#10;    level: &quot;warning&quot;&#10;    schema: {&quot;loadingURI&quot;:&quot;#&quot;,&quot;pointer&quot;:&quot;/items/properties/category&quot;}&#10;    domain: &quot;syntax&quot;&#10;    ignored: [&quot;$id&quot;]&#10;warning: the following keywords are unknown and will be ignored: [$id, examples]&#10;    level: &quot;warning&quot;&#10;    schema: {&quot;loadingURI&quot;:&quot;#&quot;,&quot;pointer&quot;:&quot;/items/properties/category/properties/id&quot;}&#10;    domain: &quot;syntax&quot;&#10;    ignored: [&quot;$id&quot;,&quot;examples&quot;]&#10;warning: the following keywords are unknown and will be ignored: [$id, examples]&#10;    level: &quot;warning&quot;&#10;    schema: {&quot;loadingURI&quot;:&quot;#&quot;,&quot;pointer&quot;:&quot;/items/properties/category/properties/name&quot;}&#10;    domain: &quot;syntax&quot;&#10;    ignored: [&quot;$id&quot;,&quot;examples&quot;]&#10;warning: the following keywords are unknown and will be ignored: [$id, examples]&#10;    level: &quot;warning&quot;&#10;    schema: {&quot;loadingURI&quot;:&quot;#&quot;,&quot;pointer&quot;:&quot;/items/properties/id&quot;}&#10;    domain: &quot;syntax&quot;&#10;    ignored: [&quot;$id&quot;,&quot;examples&quot;]&#10;warning: the following keywords are unknown and will be ignored: [$id, examples]&#10;    level: &quot;warning&quot;&#10;    schema: {&quot;loadingURI&quot;:&quot;#&quot;,&quot;pointer&quot;:&quot;/items/properties/name&quot;}&#10;    domain: &quot;syntax&quot;&#10;    ignored: [&quot;$id&quot;,&quot;examples&quot;]&#10;warning: the following keywords are unknown and will be ignored: [$id]&#10;    level: &quot;warning&quot;&#10;    schema: {&quot;loadingURI&quot;:&quot;#&quot;,&quot;pointer&quot;:&quot;/items/properties/photoUrls&quot;}&#10;    domain: &quot;syntax&quot;&#10;    ignored: [&quot;$id&quot;]&#10;warning: the following keywords are unknown and will be ignored: [$id, examples]&#10;    level: &quot;warning&quot;&#10;    schema: {&quot;loadingURI&quot;:&quot;#&quot;,&quot;pointer&quot;:&quot;/items/properties/photoUrls/items&quot;}&#10;    domain: &quot;syntax&quot;&#10;    ignored: [&quot;$id&quot;,&quot;examples&quot;]&#10;warning: the following keywords are unknown and will be ignored: [$id, examples]&#10;    level: &quot;warning&quot;&#10;    schema: {&quot;loadingURI&quot;:&quot;#&quot;,&quot;pointer&quot;:&quot;/items/properties/status&quot;}&#10;    domain: &quot;syntax&quot;&#10;    ignored: [&quot;$id&quot;,&quot;examples&quot;]&#10;warning: the following keywords are unknown and will be ignored: [$id]&#10;    level: &quot;warning&quot;&#10;    schema: {&quot;loadingURI&quot;:&quot;#&quot;,&quot;pointer&quot;:&quot;/items/properties/tags&quot;}&#10;    domain: &quot;syntax&quot;&#10;    ignored: [&quot;$id&quot;]&#10;warning: the following keywords are unknown and will be ignored: [$id]&#10;    level: &quot;warning&quot;&#10;    schema: {&quot;loadingURI&quot;:&quot;#&quot;,&quot;pointer&quot;:&quot;/items/properties/tags/items&quot;}&#10;    domain: &quot;syntax&quot;&#10;    ignored: [&quot;$id&quot;]&#10;warning: the following keywords are unknown and will be ignored: [$id, examples]&#10;    level: &quot;warning&quot;&#10;    schema: {&quot;loadingURI&quot;:&quot;#&quot;,&quot;pointer&quot;:&quot;/items/properties/tags/items/properties/id&quot;}&#10;    domain: &quot;syntax&quot;&#10;    ignored: [&quot;$id&quot;,&quot;examples&quot;]&#10;warning: the following keywords are unknown and will be ignored: [$id, examples]&#10;    level: &quot;warning&quot;&#10;    schema: {&quot;loadingURI&quot;:&quot;#&quot;,&quot;pointer&quot;:&quot;/items/properties/tags/items/properties/name&quot;}&#10;    domain: &quot;syntax&quot;&#10;    ignored: [&quot;$id&quot;,&quot;examples&quot;]&#10;warning: the following keywords are unknown and will be ignored: [$id]&#10;    level: &quot;warning&quot;&#10;    schema: {&quot;loadingURI&quot;:&quot;#&quot;,&quot;pointer&quot;:&quot;/items&quot;}&#10;    domain: &quot;syntax&quot;&#10;    ignored: [&quot;$id&quot;]&#10;warning: the following keywords are unknown and will be ignored: [$id]&#10;    level: &quot;warning&quot;&#10;    schema: {&quot;loadingURI&quot;:&quot;#&quot;,&quot;pointer&quot;:&quot;/items/properties/category&quot;}&#10;    domain: &quot;syntax&quot;&#10;    ignored: [&quot;$id&quot;]&#10;warning: the following keywords are unknown and will be ignored: [$id, examples]&#10;    level: &quot;warning&quot;&#10;    schema: {&quot;loadingURI&quot;:&quot;#&quot;,&quot;pointer&quot;:&quot;/items/properties/category/properties/id&quot;}&#10;    domain: &quot;syntax&quot;&#10;    ignored: [&quot;$id&quot;,&quot;examples&quot;]&#10;warning: the following keywords are unknown and will be ignored: [$id, examples]&#10;    level: &quot;warning&quot;&#10;    schema: {&quot;loadingURI&quot;:&quot;#&quot;,&quot;pointer&quot;:&quot;/items/properties/category/properties/name&quot;}&#10;    domain: &quot;syntax&quot;&#10;    ignored: [&quot;$id&quot;,&quot;examples&quot;]&#10;warning: the following keywords are unknown and will be ignored: [$id, examples]&#10;    level: &quot;warning&quot;&#10;    schema: {&quot;loadingURI&quot;:&quot;#&quot;,&quot;pointer&quot;:&quot;/items/properties/id&quot;}&#10;    domain: &quot;syntax&quot;&#10;    ignored: [&quot;$id&quot;,&quot;examples&quot;]&#10;warning: the following keywords are unknown and will be ignored: [$id, examples]&#10;    level: &quot;warning&quot;&#10;    schema: {&quot;loadingURI&quot;:&quot;#&quot;,&quot;pointer&quot;:&quot;/items/properties/name&quot;}&#10;    domain: &quot;syntax&quot;&#10;    ignored: [&quot;$id&quot;,&quot;examples&quot;]&#10;warning: the following keywords are unknown and will be ignored: [$id]&#10;    level: &quot;warning&quot;&#10;    schema: {&quot;loadingURI&quot;:&quot;#&quot;,&quot;pointer&quot;:&quot;/items/properties/photoUrls&quot;}&#10;    domain: &quot;syntax&quot;&#10;    ignored: [&quot;$id&quot;]&#10;warning: the following keywords are unknown and will be ignored: [$id, examples]&#10;    level: &quot;warning&quot;&#10;    schema: {&quot;loadingURI&quot;:&quot;#&quot;,&quot;pointer&quot;:&quot;/items/properties/photoUrls/items&quot;}&#10;    domain: &quot;syntax&quot;&#10;    ignored: [&quot;$id&quot;,&quot;examples&quot;]&#10;warning: the following keywords are unknown and will be ignored: [$id, examples]&#10;    level: &quot;warning&quot;&#10;    schema: {&quot;loadingURI&quot;:&quot;#&quot;,&quot;pointer&quot;:&quot;/items/properties/status&quot;}&#10;    domain: &quot;syntax&quot;&#10;    ignored: [&quot;$id&quot;,&quot;examples&quot;]&#10;warning: the following keywords are unknown and will be ignored: [$id]&#10;    level: &quot;warning&quot;&#10;    schema: {&quot;loadingURI&quot;:&quot;#&quot;,&quot;pointer&quot;:&quot;/items/properties/tags&quot;}&#10;    domain: &quot;syntax&quot;&#10;    ignored: [&quot;$id&quot;]&#10;warning: the following keywords are unknown and will be ignored: [$id]&#10;    level: &quot;warning&quot;&#10;    schema: {&quot;loadingURI&quot;:&quot;#&quot;,&quot;pointer&quot;:&quot;/items/properties/tags/items&quot;}&#10;    domain: &quot;syntax&quot;&#10;    ignored: [&quot;$id&quot;]&#10;warning: the following keywords are unknown and will be ignored: [$id, examples]&#10;    level: &quot;warning&quot;&#10;    schema: {&quot;loadingURI&quot;:&quot;#&quot;,&quot;pointer&quot;:&quot;/items/properties/tags/items/properties/id&quot;}&#10;    domain: &quot;syntax&quot;&#10;    ignored: [&quot;$id&quot;,&quot;examples&quot;]&#10;warning: the following keywords are unknown and will be ignored: [$id, examples]&#10;    level: &quot;warning&quot;&#10;    schema: {&quot;loadingURI&quot;:&quot;#&quot;,&quot;pointer&quot;:&quot;/items/properties/tags/items/properties/name&quot;}&#10;    domain: &quot;syntax&quot;&#10;    ignored: [&quot;$id&quot;,&quot;examples&quot;]&#10;warning: the following keywords are unknown and will be ignored: [$id]&#10;    level: &quot;warning&quot;&#10;    schema: {&quot;loadingURI&quot;:&quot;#&quot;,&quot;pointer&quot;:&quot;/items&quot;}&#10;    domain: &quot;syntax&quot;&#10;    ignored: [&quot;$id&quot;]&#10;warning: the following keywords are unknown and will be ignored: [$id]&#10;    level: &quot;warning&quot;&#10;    schema: {&quot;loadingURI&quot;:&quot;#&quot;,&quot;pointer&quot;:&quot;/items/properties/category&quot;}&#10;    domain: &quot;syntax&quot;&#10;    ignored: [&quot;$id&quot;]&#10;warning: the following keywords are unknown and will be ignored: [$id, examples]&#10;    level: &quot;warning&quot;&#10;    schema: {&quot;loadingURI&quot;:&quot;#&quot;,&quot;pointer&quot;:&quot;/items/properties/category/properties/id&quot;}&#10;    domain: &quot;syntax&quot;&#10;    ignored: [&quot;$id&quot;,&quot;examples&quot;]&#10;warning: the following keywords are unknown and will be ignored: [$id, examples]&#10;    level: &quot;warning&quot;&#10;    schema: {&quot;loadingURI&quot;:&quot;#&quot;,&quot;pointer&quot;:&quot;/items/properties/category/properties/name&quot;}&#10;    domain: &quot;syntax&quot;&#10;    ignored: [&quot;$id&quot;,&quot;examples&quot;]&#10;warning: the following keywords are unknown and will be ignored: [$id, examples]&#10;    level: &quot;warning&quot;&#10;    schema: {&quot;loadingURI&quot;:&quot;#&quot;,&quot;pointer&quot;:&quot;/items/properties/id&quot;}&#10;    domain: &quot;syntax&quot;&#10;    ignored: [&quot;$id&quot;,&quot;examples&quot;]&#10;warning: the following keywords are unknown and will be ignored: [$id, examples]&#10;    level: &quot;warning&quot;&#10;    schema: {&quot;loadingURI&quot;:&quot;#&quot;,&quot;pointer&quot;:&quot;/items/properties/name&quot;}&#10;    domain: &quot;syntax&quot;&#10;    ignored: [&quot;$id&quot;,&quot;examples&quot;]&#10;warning: the following keywords are unknown and will be ignored: [$id]&#10;    level: &quot;warning&quot;&#10;    schema: {&quot;loadingURI&quot;:&quot;#&quot;,&quot;pointer&quot;:&quot;/items/properties/photoUrls&quot;}&#10;    domain: &quot;syntax&quot;&#10;    ignored: [&quot;$id&quot;]&#10;warning: the following keywords are unknown and will be ignored: [$id, examples]&#10;    level: &quot;warning&quot;&#10;    schema: {&quot;loadingURI&quot;:&quot;#&quot;,&quot;pointer&quot;:&quot;/items/properties/photoUrls/items&quot;}&#10;    domain: &quot;syntax&quot;&#10;    ignored: [&quot;$id&quot;,&quot;examples&quot;]&#10;warning: the following keywords are unknown and will be ignored: [$id, examples]&#10;    level: &quot;warning&quot;&#10;    schema: {&quot;loadingURI&quot;:&quot;#&quot;,&quot;pointer&quot;:&quot;/items/properties/status&quot;}&#10;    domain: &quot;syntax&quot;&#10;    ignored: [&quot;$id&quot;,&quot;examples&quot;]&#10;warning: the following keywords are unknown and will be ignored: [$id]&#10;    level: &quot;warning&quot;&#10;    schema: {&quot;loadingURI&quot;:&quot;#&quot;,&quot;pointer&quot;:&quot;/items/properties/tags&quot;}&#10;    domain: &quot;syntax&quot;&#10;    ignored: [&quot;$id&quot;]&#10;warning: the following keywords are unknown and will be ignored: [$id]&#10;    level: &quot;warning&quot;&#10;    schema: {&quot;loadingURI&quot;:&quot;#&quot;,&quot;pointer&quot;:&quot;/items/properties/tags/items&quot;}&#10;    domain: &quot;syntax&quot;&#10;    ignored: [&quot;$id&quot;]&#10;warning: the following keywords are unknown and will be ignored: [$id, examples]&#10;    level: &quot;warning&quot;&#10;    schema: {&quot;loadingURI&quot;:&quot;#&quot;,&quot;pointer&quot;:&quot;/items/properties/tags/items/properties/id&quot;}&#10;    domain: &quot;syntax&quot;&#10;    ignored: [&quot;$id&quot;,&quot;examples&quot;]&#10;warning: the following keywords are unknown and will be ignored: [$id, examples]&#10;    level: &quot;warning&quot;&#10;    schema: {&quot;loadingURI&quot;:&quot;#&quot;,&quot;pointer&quot;:&quot;/items/properties/tags/items/properties/name&quot;}&#10;    domain: &quot;syntax&quot;&#10;    ignored: [&quot;$id&quot;,&quot;examples&quot;]&#10;warning: the following keywords are unknown and will be ignored: [$id]&#10;    level: &quot;warning&quot;&#10;    schema: {&quot;loadingURI&quot;:&quot;#&quot;,&quot;pointer&quot;:&quot;/items&quot;}&#10;    domain: &quot;syntax&quot;&#10;    ignored: [&quot;$id&quot;]&#10;warning: the following keywords are unknown and will be ignored: [$id]&#10;    level: &quot;warning&quot;&#10;    schema: {&quot;loadingURI&quot;:&quot;#&quot;,&quot;pointer&quot;:&quot;/items/properties/category&quot;}&#10;    domain: &quot;syntax&quot;&#10;    ignored: [&quot;$id&quot;]&#10;warning: the following keywords are unknown and will be ignored: [$id, examples]&#10;    level: &quot;warning&quot;&#10;    schema: {&quot;loadingURI&quot;:&quot;#&quot;,&quot;pointer&quot;:&quot;/items/properties/category/properties/id&quot;}&#10;    domain: &quot;syntax&quot;&#10;    ignored: [&quot;$id&quot;,&quot;examples&quot;]&#10;warning: the following keywords are unknown and will be ignored: [$id, examples]&#10;    level: &quot;warning&quot;&#10;    schema: {&quot;loadingURI&quot;:&quot;#&quot;,&quot;pointer&quot;:&quot;/items/properties/category/properties/name&quot;}&#10;    domain: &quot;syntax&quot;&#10;    ignored: [&quot;$id&quot;,&quot;examples&quot;]&#10;warning: the following keywords are unknown and will be ignored: [$id, examples]&#10;    level: &quot;warning&quot;&#10;    schema: {&quot;loadingURI&quot;:&quot;#&quot;,&quot;pointer&quot;:&quot;/items/properties/id&quot;}&#10;    domain: &quot;syntax&quot;&#10;    ignored: [&quot;$id&quot;,&quot;examples&quot;]&#10;warning: the following keywords are unknown and will be ignored: [$id, examples]&#10;    level: &quot;warning&quot;&#10;    schema: {&quot;loadingURI&quot;:&quot;#&quot;,&quot;pointer&quot;:&quot;/items/properties/name&quot;}&#10;    domain: &quot;syntax&quot;&#10;    ignored: [&quot;$id&quot;,&quot;examples&quot;]&#10;warning: the following keywords are unknown and will be ignored: [$id]&#10;    level: &quot;warning&quot;&#10;    schema: {&quot;loadingURI&quot;:&quot;#&quot;,&quot;pointer&quot;:&quot;/items/properties/photoUrls&quot;}&#10;    domain: &quot;syntax&quot;&#10;    ignored: [&quot;$id&quot;]&#10;warning: the following keywords are unknown and will be ignored: [$id, examples]&#10;    level: &quot;warning&quot;&#10;    schema: {&quot;loadingURI&quot;:&quot;#&quot;,&quot;pointer&quot;:&quot;/items/properties/photoUrls/items&quot;}&#10;    domain: &quot;syntax&quot;&#10;    ignored: [&quot;$id&quot;,&quot;examples&quot;]&#10;warning: the following keywords are unknown and will be ignored: [$id, examples]&#10;    level: &quot;warning&quot;&#10;    schema: {&quot;loadingURI&quot;:&quot;#&quot;,&quot;pointer&quot;:&quot;/items/properties/status&quot;}&#10;    domain: &quot;syntax&quot;&#10;    ignored: [&quot;$id&quot;,&quot;examples&quot;]&#10;warning: the following keywords are unknown and will be ignored: [$id]&#10;    level: &quot;warning&quot;&#10;    schema: {&quot;loadingURI&quot;:&quot;#&quot;,&quot;pointer&quot;:&quot;/items/properties/tags&quot;}&#10;    domain: &quot;syntax&quot;&#10;    ignored: [&quot;$id&quot;]&#10;warning: the following keywords are unknown and will be ignored: [$id]&#10;    level: &quot;warning&quot;&#10;    schema: {&quot;loadingURI&quot;:&quot;#&quot;,&quot;pointer&quot;:&quot;/items/properties/tags/items&quot;}&#10;    domain: &quot;syntax&quot;&#10;    ignored: [&quot;$id&quot;]&#10;warning: the following keywords are unknown and will be ignored: [$id, examples]&#10;    level: &quot;warning&quot;&#10;    schema: {&quot;loadingURI&quot;:&quot;#&quot;,&quot;pointer&quot;:&quot;/items/properties/tags/items/properties/id&quot;}&#10;    domain: &quot;syntax&quot;&#10;    ignored: [&quot;$id&quot;,&quot;examples&quot;]&#10;warning: the following keywords are unknown and will be ignored: [$id, examples]&#10;    level: &quot;warning&quot;&#10;    schema: {&quot;loadingURI&quot;:&quot;#&quot;,&quot;pointer&quot;:&quot;/items/properties/tags/items/properties/name&quot;}&#10;    domain: &quot;syntax&quot;&#10;    ignored: [&quot;$id&quot;,&quot;examples&quot;]&#10;warning: the following keywords are unknown and will be ignored: [$id]&#10;    level: &quot;warning&quot;&#10;    schema: {&quot;loadingURI&quot;:&quot;#&quot;,&quot;pointer&quot;:&quot;/items&quot;}&#10;    domain: &quot;syntax&quot;&#10;    ignored: [&quot;$id&quot;]&#10;warning: the following keywords are unknown and will be ignored: [$id]&#10;    level: &quot;warning&quot;&#10;    schema: {&quot;loadingURI&quot;:&quot;#&quot;,&quot;pointer&quot;:&quot;/items/properties/category&quot;}&#10;    domain: &quot;syntax&quot;&#10;    ignored: [&quot;$id&quot;]&#10;warning: the following keywords are unknown and will be ignored: [$id, examples]&#10;    level: &quot;warning&quot;&#10;    schema: {&quot;loadingURI&quot;:&quot;#&quot;,&quot;pointer&quot;:&quot;/items/properties/category/properties/id&quot;}&#10;    domain: &quot;syntax&quot;&#10;    ignored: [&quot;$id&quot;,&quot;examples&quot;]&#10;warning: the following keywords are unknown and will be ignored: [$id, examples]&#10;    level: &quot;warning&quot;&#10;    schema: {&quot;loadingURI&quot;:&quot;#&quot;,&quot;pointer&quot;:&quot;/items/properties/category/properties/name&quot;}&#10;    domain: &quot;syntax&quot;&#10;    ignored: [&quot;$id&quot;,&quot;examples&quot;]&#10;warning: the following keywords are unknown and will be ignored: [$id, examples]&#10;    level: &quot;warning&quot;&#10;    schema: {&quot;loadingURI&quot;:&quot;#&quot;,&quot;pointer&quot;:&quot;/items/properties/id&quot;}&#10;    domain: &quot;syntax&quot;&#10;    ignored: [&quot;$id&quot;,&quot;examples&quot;]&#10;warning: the following keywords are unknown and will be ignored: [$id, examples]&#10;    level: &quot;warning&quot;&#10;    schema: {&quot;loadingURI&quot;:&quot;#&quot;,&quot;pointer&quot;:&quot;/items/properties/name&quot;}&#10;    domain: &quot;syntax&quot;&#10;    ignored: [&quot;$id&quot;,&quot;examples&quot;]&#10;warning: the following keywords are unknown and will be ignored: [$id]&#10;    level: &quot;warning&quot;&#10;    schema: {&quot;loadingURI&quot;:&quot;#&quot;,&quot;pointer&quot;:&quot;/items/properties/photoUrls&quot;}&#10;    domain: &quot;syntax&quot;&#10;    ignored: [&quot;$id&quot;]&#10;warning: the following keywords are unknown and will be ignored: [$id, examples]&#10;    level: &quot;warning&quot;&#10;    schema: {&quot;loadingURI&quot;:&quot;#&quot;,&quot;pointer&quot;:&quot;/items/properties/photoUrls/items&quot;}&#10;    domain: &quot;syntax&quot;&#10;    ignored: [&quot;$id&quot;,&quot;examples&quot;]&#10;warning: the following keywords are unknown and will be ignored: [$id, examples]&#10;    level: &quot;warning&quot;&#10;    schema: {&quot;loadingURI&quot;:&quot;#&quot;,&quot;pointer&quot;:&quot;/items/properties/status&quot;}&#10;    domain: &quot;syntax&quot;&#10;    ignored: [&quot;$id&quot;,&quot;examples&quot;]&#10;warning: the following keywords are unknown and will be ignored: [$id]&#10;    level: &quot;warning&quot;&#10;    schema: {&quot;loadingURI&quot;:&quot;#&quot;,&quot;pointer&quot;:&quot;/items/properties/tags&quot;}&#10;    domain: &quot;syntax&quot;&#10;    ignored: [&quot;$id&quot;]&#10;warning: the following keywords are unknown and will be ignored: [$id]&#10;    level: &quot;warning&quot;&#10;    schema: {&quot;loadingURI&quot;:&quot;#&quot;,&quot;pointer&quot;:&quot;/items/properties/tags/items&quot;}&#10;    domain: &quot;syntax&quot;&#10;    ignored: [&quot;$id&quot;]&#10;warning: the following keywords are unknown and will be ignored: [$id, examples]&#10;    level: &quot;warning&quot;&#10;    schema: {&quot;loadingURI&quot;:&quot;#&quot;,&quot;pointer&quot;:&quot;/items/properties/tags/items/properties/id&quot;}&#10;    domain: &quot;syntax&quot;&#10;    ignored: [&quot;$id&quot;,&quot;examples&quot;]&#10;warning: the following keywords are unknown and will be ignored: [$id, examples]&#10;    level: &quot;warning&quot;&#10;    schema: {&quot;loadingURI&quot;:&quot;#&quot;,&quot;pointer&quot;:&quot;/items/properties/tags/items/properties/name&quot;}&#10;    domain: &quot;syntax&quot;&#10;    ignored: [&quot;$id&quot;,&quot;examples&quot;]&#10;warning: the following keywords are unknown and will be ignored: [$id]&#10;    level: &quot;warning&quot;&#10;    schema: {&quot;loadingURI&quot;:&quot;#&quot;,&quot;pointer&quot;:&quot;/items&quot;}&#10;    domain: &quot;syntax&quot;&#10;    ignored: [&quot;$id&quot;]&#10;warning: the following keywords are unknown and will be ignored: [$id]&#10;    level: &quot;warning&quot;&#10;    schema: {&quot;loadingURI&quot;:&quot;#&quot;,&quot;pointer&quot;:&quot;/items/properties/category&quot;}&#10;    domain: &quot;syntax&quot;&#10;    ignored: [&quot;$id&quot;]&#10;warning: the following keywords are unknown and will be ignored: [$id, examples]&#10;    level: &quot;warning&quot;&#10;    schema: {&quot;loadingURI&quot;:&quot;#&quot;,&quot;pointer&quot;:&quot;/items/properties/category/properties/id&quot;}&#10;    domain: &quot;syntax&quot;&#10;    ignored: [&quot;$id&quot;,&quot;examples&quot;]&#10;warning: the following keywords are unknown and will be ignored: [$id, examples]&#10;    level: &quot;warning&quot;&#10;    schema: {&quot;loadingURI&quot;:&quot;#&quot;,&quot;pointer&quot;:&quot;/items/properties/category/properties/name&quot;}&#10;    domain: &quot;syntax&quot;&#10;    ignored: [&quot;$id&quot;,&quot;examples&quot;]&#10;warning: the following keywords are unknown and will be ignored: [$id, examples]&#10;    level: &quot;warning&quot;&#10;    schema: {&quot;loadingURI&quot;:&quot;#&quot;,&quot;pointer&quot;:&quot;/items/properties/id&quot;}&#10;    domain: &quot;syntax&quot;&#10;    ignored: [&quot;$id&quot;,&quot;examples&quot;]&#10;warning: the following keywords are unknown and will be ignored: [$id, examples]&#10;    level: &quot;warning&quot;&#10;    schema: {&quot;loadingURI&quot;:&quot;#&quot;,&quot;pointer&quot;:&quot;/items/properties/name&quot;}&#10;    domain: &quot;syntax&quot;&#10;    ignored: [&quot;$id&quot;,&quot;examples&quot;]&#10;warning: the following keywords are unknown and will be ignored: [$id]&#10;    level: &quot;warning&quot;&#10;    schema: {&quot;loadingURI&quot;:&quot;#&quot;,&quot;pointer&quot;:&quot;/items/properties/photoUrls&quot;}&#10;    domain: &quot;syntax&quot;&#10;    ignored: [&quot;$id&quot;]&#10;warning: the following keywords are unknown and will be ignored: [$id, examples]&#10;    level: &quot;warning&quot;&#10;    schema: {&quot;loadingURI&quot;:&quot;#&quot;,&quot;pointer&quot;:&quot;/items/properties/photoUrls/items&quot;}&#10;    domain: &quot;syntax&quot;&#10;    ignored: [&quot;$id&quot;,&quot;examples&quot;]&#10;warning: the following keywords are unknown and will be ignored: [$id, examples]&#10;    level: &quot;warning&quot;&#10;    schema: {&quot;loadingURI&quot;:&quot;#&quot;,&quot;pointer&quot;:&quot;/items/properties/status&quot;}&#10;    domain: &quot;syntax&quot;&#10;    ignored: [&quot;$id&quot;,&quot;examples&quot;]&#10;warning: the following keywords are unknown and will be ignored: [$id]&#10;    level: &quot;warning&quot;&#10;    schema: {&quot;loadingURI&quot;:&quot;#&quot;,&quot;pointer&quot;:&quot;/items/properties/tags&quot;}&#10;    domain: &quot;syntax&quot;&#10;    ignored: [&quot;$id&quot;]&#10;warning: the following keywords are unknown and will be ignored: [$id]&#10;    level: &quot;warning&quot;&#10;    schema: {&quot;loadingURI&quot;:&quot;#&quot;,&quot;pointer&quot;:&quot;/items/properties/tags/items&quot;}&#10;    domain: &quot;syntax&quot;&#10;    ignored: [&quot;$id&quot;]&#10;warning: the following keywords are unknown and will be ignored: [$id, examples]&#10;    level: &quot;warning&quot;&#10;    schema: {&quot;loadingURI&quot;:&quot;#&quot;,&quot;pointer&quot;:&quot;/items/properties/tags/items/properties/id&quot;}&#10;    domain: &quot;syntax&quot;&#10;    ignored: [&quot;$id&quot;,&quot;examples&quot;]&#10;warning: the following keywords are unknown and will be ignored: [$id, examples]&#10;    level: &quot;warning&quot;&#10;    schema: {&quot;loadingURI&quot;:&quot;#&quot;,&quot;pointer&quot;:&quot;/items/properties/tags/items/properties/name&quot;}&#10;    domain: &quot;syntax&quot;&#10;    ignored: [&quot;$id&quot;,&quot;examples&quot;]&#10;warning: the following keywords are unknown and will be ignored: [$id]&#10;    level: &quot;warning&quot;&#10;    schema: {&quot;loadingURI&quot;:&quot;#&quot;,&quot;pointer&quot;:&quot;/items&quot;}&#10;    domain: &quot;syntax&quot;&#10;    ignored: [&quot;$id&quot;]&#10;warning: the following keywords are unknown and will be ignored: [$id]&#10;    level: &quot;warning&quot;&#10;    schema: {&quot;loadingURI&quot;:&quot;#&quot;,&quot;pointer&quot;:&quot;/items/properties/category&quot;}&#10;    domain: &quot;syntax&quot;&#10;    ignored: [&quot;$id&quot;]&#10;warning: the following keywords are unknown and will be ignored: [$id, examples]&#10;    level: &quot;warning&quot;&#10;    schema: {&quot;loadingURI&quot;:&quot;#&quot;,&quot;pointer&quot;:&quot;/items/properties/category/properties/id&quot;}&#10;    domain: &quot;syntax&quot;&#10;    ignored: [&quot;$id&quot;,&quot;examples&quot;]&#10;warning: the following keywords are unknown and will be ignored: [$id, examples]&#10;    level: &quot;warning&quot;&#10;    schema: {&quot;loadingURI&quot;:&quot;#&quot;,&quot;pointer&quot;:&quot;/items/properties/category/properties/name&quot;}&#10;    domain: &quot;syntax&quot;&#10;    ignored: [&quot;$id&quot;,&quot;examples&quot;]&#10;warning: the following keywords are unknown and will be ignored: [$id, examples]&#10;    level: &quot;warning&quot;&#10;    schema: {&quot;loadingURI&quot;:&quot;#&quot;,&quot;pointer&quot;:&quot;/items/properties/id&quot;}&#10;    domain: &quot;syntax&quot;&#10;    ignored: [&quot;$id&quot;,&quot;examples&quot;]&#10;warning: the following keywords are unknown and will be ignored: [$id, examples]&#10;    level: &quot;warning&quot;&#10;    schema: {&quot;loadingURI&quot;:&quot;#&quot;,&quot;pointer&quot;:&quot;/items/properties/name&quot;}&#10;    domain: &quot;syntax&quot;&#10;    ignored: [&quot;$id&quot;,&quot;examples&quot;]&#10;warning: the following keywords are unknown and will be ignored: [$id]&#10;    level: &quot;warning&quot;&#10;    schema: {&quot;loadingURI&quot;:&quot;#&quot;,&quot;pointer&quot;:&quot;/items/properties/photoUrls&quot;}&#10;    domain: &quot;syntax&quot;&#10;    ignored: [&quot;$id&quot;]&#10;warning: the following keywords are unknown and will be ignored: [$id, examples]&#10;    level: &quot;warning&quot;&#10;    schema: {&quot;loadingURI&quot;:&quot;#&quot;,&quot;pointer&quot;:&quot;/items/properties/photoUrls/items&quot;}&#10;    domain: &quot;syntax&quot;&#10;    ignored: [&quot;$id&quot;,&quot;examples&quot;]&#10;warning: the following keywords are unknown and will be ignored: [$id, examples]&#10;    level: &quot;warning&quot;&#10;    schema: {&quot;loadingURI&quot;:&quot;#&quot;,&quot;pointer&quot;:&quot;/items/properties/status&quot;}&#10;    domain: &quot;syntax&quot;&#10;    ignored: [&quot;$id&quot;,&quot;examples&quot;]&#10;warning: the following keywords are unknown and will be ignored: [$id]&#10;    level: &quot;warning&quot;&#10;    schema: {&quot;loadingURI&quot;:&quot;#&quot;,&quot;pointer&quot;:&quot;/items/properties/tags&quot;}&#10;    domain: &quot;syntax&quot;&#10;    ignored: [&quot;$id&quot;]&#10;warning: the following keywords are unknown and will be ignored: [$id]&#10;    level: &quot;warning&quot;&#10;    schema: {&quot;loadingURI&quot;:&quot;#&quot;,&quot;pointer&quot;:&quot;/items/properties/tags/items&quot;}&#10;    domain: &quot;syntax&quot;&#10;    ignored: [&quot;$id&quot;]&#10;warning: the following keywords are unknown and will be ignored: [$id, examples]&#10;    level: &quot;warning&quot;&#10;    schema: {&quot;loadingURI&quot;:&quot;#&quot;,&quot;pointer&quot;:&quot;/items/properties/tags/items/properties/id&quot;}&#10;    domain: &quot;syntax&quot;&#10;    ignored: [&quot;$id&quot;,&quot;examples&quot;]&#10;warning: the following keywords are unknown and will be ignored: [$id, examples]&#10;    level: &quot;warning&quot;&#10;    schema: {&quot;loadingURI&quot;:&quot;#&quot;,&quot;pointer&quot;:&quot;/items/properties/tags/items/properties/name&quot;}&#10;    domain: &quot;syntax&quot;&#10;    ignored: [&quot;$id&quot;,&quot;examples&quot;]&#10;warning: the following keywords are unknown and will be ignored: [$id]&#10;    level: &quot;warning&quot;&#10;    schema: {&quot;loadingURI&quot;:&quot;#&quot;,&quot;pointer&quot;:&quot;/items&quot;}&#10;    domain: &quot;syntax&quot;&#10;    ignored: [&quot;$id&quot;]&#10;warning: the following keywords are unknown and will be ignored: [$id]&#10;    level: &quot;warning&quot;&#10;    schema: {&quot;loadingURI&quot;:&quot;#&quot;,&quot;pointer&quot;:&quot;/items/properties/category&quot;}&#10;    domain: &quot;syntax&quot;&#10;    ignored: [&quot;$id&quot;]&#10;warning: the following keywords are unknown and will be ignored: [$id, examples]&#10;    level: &quot;warning&quot;&#10;    schema: {&quot;loadingURI&quot;:&quot;#&quot;,&quot;pointer&quot;:&quot;/items/properties/category/properties/id&quot;}&#10;    domain: &quot;syntax&quot;&#10;    ignored: [&quot;$id&quot;,&quot;examples&quot;]&#10;warning: the following keywords are unknown and will be ignored: [$id, examples]&#10;    level: &quot;warning&quot;&#10;    schema: {&quot;loadingURI&quot;:&quot;#&quot;,&quot;pointer&quot;:&quot;/items/properties/category/properties/name&quot;}&#10;    domain: &quot;syntax&quot;&#10;    ignored: [&quot;$id&quot;,&quot;examples&quot;]&#10;warning: the following keywords are unknown and will be ignored: [$id, examples]&#10;    level: &quot;warning&quot;&#10;    schema: {&quot;loadingURI&quot;:&quot;#&quot;,&quot;pointer&quot;:&quot;/items/properties/id&quot;}&#10;    domain: &quot;syntax&quot;&#10;    ignored: [&quot;$id&quot;,&quot;examples&quot;]&#10;warning: the following keywords are unknown and will be ignored: [$id, examples]&#10;    level: &quot;warning&quot;&#10;    schema: {&quot;loadingURI&quot;:&quot;#&quot;,&quot;pointer&quot;:&quot;/items/properties/name&quot;}&#10;    domain: &quot;syntax&quot;&#10;    ignored: [&quot;$id&quot;,&quot;examples&quot;]&#10;warning: the following keywords are unknown and will be ignored: [$id]&#10;    level: &quot;warning&quot;&#10;    schema: {&quot;loadingURI&quot;:&quot;#&quot;,&quot;pointer&quot;:&quot;/items/properties/photoUrls&quot;}&#10;    domain: &quot;syntax&quot;&#10;    ignored: [&quot;$id&quot;]&#10;warning: the following keywords are unknown and will be ignored: [$id, examples]&#10;    level: &quot;warning&quot;&#10;    schema: {&quot;loadingURI&quot;:&quot;#&quot;,&quot;pointer&quot;:&quot;/items/properties/photoUrls/items&quot;}&#10;    domain: &quot;syntax&quot;&#10;    ignored: [&quot;$id&quot;,&quot;examples&quot;]&#10;warning: the following keywords are unknown and will be ignored: [$id, examples]&#10;    level: &quot;warning&quot;&#10;    schema: {&quot;loadingURI&quot;:&quot;#&quot;,&quot;pointer&quot;:&quot;/items/properties/status&quot;}&#10;    domain: &quot;syntax&quot;&#10;    ignored: [&quot;$id&quot;,&quot;examples&quot;]&#10;warning: the following keywords are unknown and will be ignored: [$id]&#10;    level: &quot;warning&quot;&#10;    schema: {&quot;loadingURI&quot;:&quot;#&quot;,&quot;pointer&quot;:&quot;/items/properties/tags&quot;}&#10;    domain: &quot;syntax&quot;&#10;    ignored: [&quot;$id&quot;]&#10;warning: the following keywords are unknown and will be ignored: [$id]&#10;    level: &quot;warning&quot;&#10;    schema: {&quot;loadingURI&quot;:&quot;#&quot;,&quot;pointer&quot;:&quot;/items/properties/tags/items&quot;}&#10;    domain: &quot;syntax&quot;&#10;    ignored: [&quot;$id&quot;]&#10;warning: the following keywords are unknown and will be ignored: [$id, examples]&#10;    level: &quot;warning&quot;&#10;    schema: {&quot;loadingURI&quot;:&quot;#&quot;,&quot;pointer&quot;:&quot;/items/properties/tags/items/properties/id&quot;}&#10;    domain: &quot;syntax&quot;&#10;    ignored: [&quot;$id&quot;,&quot;examples&quot;]&#10;warning: the following keywords are unknown and will be ignored: [$id, examples]&#10;    level: &quot;warning&quot;&#10;    schema: {&quot;loadingURI&quot;:&quot;#&quot;,&quot;pointer&quot;:&quot;/items/properties/tags/items/properties/name&quot;}&#10;    domain: &quot;syntax&quot;&#10;    ignored: [&quot;$id&quot;,&quot;examples&quot;]&#10;warning: the following keywords are unknown and will be ignored: [$id]&#10;    level: &quot;warning&quot;&#10;    schema: {&quot;loadingURI&quot;:&quot;#&quot;,&quot;pointer&quot;:&quot;/items&quot;}&#10;    domain: &quot;syntax&quot;&#10;    ignored: [&quot;$id&quot;]&#10;warning: the following keywords are unknown and will be ignored: [$id]&#10;    level: &quot;warning&quot;&#10;    schema: {&quot;loadingURI&quot;:&quot;#&quot;,&quot;pointer&quot;:&quot;/items/properties/category&quot;}&#10;    domain: &quot;syntax&quot;&#10;    ignored: [&quot;$id&quot;]&#10;warning: the following keywords are unknown and will be ignored: [$id, examples]&#10;    level: &quot;warning&quot;&#10;    schema: {&quot;loadingURI&quot;:&quot;#&quot;,&quot;pointer&quot;:&quot;/items/properties/category/properties/id&quot;}&#10;    domain: &quot;syntax&quot;&#10;    ignored: [&quot;$id&quot;,&quot;examples&quot;]&#10;warning: the following keywords are unknown and will be ignored: [$id, examples]&#10;    level: &quot;warning&quot;&#10;    schema: {&quot;loadingURI&quot;:&quot;#&quot;,&quot;pointer&quot;:&quot;/items/properties/category/properties/name&quot;}&#10;    domain: &quot;syntax&quot;&#10;    ignored: [&quot;$id&quot;,&quot;examples&quot;]&#10;warning: the following keywords are unknown and will be ignored: [$id, examples]&#10;    level: &quot;warning&quot;&#10;    schema: {&quot;loadingURI&quot;:&quot;#&quot;,&quot;pointer&quot;:&quot;/items/properties/id&quot;}&#10;    domain: &quot;syntax&quot;&#10;    ignored: [&quot;$id&quot;,&quot;examples&quot;]&#10;warning: the following keywords are unknown and will be ignored: [$id, examples]&#10;    level: &quot;warning&quot;&#10;    schema: {&quot;loadingURI&quot;:&quot;#&quot;,&quot;pointer&quot;:&quot;/items/properties/name&quot;}&#10;    domain: &quot;syntax&quot;&#10;    ignored: [&quot;$id&quot;,&quot;examples&quot;]&#10;warning: the following keywords are unknown and will be ignored: [$id]&#10;    level: &quot;warning&quot;&#10;    schema: {&quot;loadingURI&quot;:&quot;#&quot;,&quot;pointer&quot;:&quot;/items/properties/photoUrls&quot;}&#10;    domain: &quot;syntax&quot;&#10;    ignored: [&quot;$id&quot;]&#10;warning: the following keywords are unknown and will be ignored: [$id, examples]&#10;    level: &quot;warning&quot;&#10;    schema: {&quot;loadingURI&quot;:&quot;#&quot;,&quot;pointer&quot;:&quot;/items/properties/photoUrls/items&quot;}&#10;    domain: &quot;syntax&quot;&#10;    ignored: [&quot;$id&quot;,&quot;examples&quot;]&#10;warning: the following keywords are unknown and will be ignored: [$id, examples]&#10;    level: &quot;warning&quot;&#10;    schema: {&quot;loadingURI&quot;:&quot;#&quot;,&quot;pointer&quot;:&quot;/items/properties/status&quot;}&#10;    domain: &quot;syntax&quot;&#10;    ignored: [&quot;$id&quot;,&quot;examples&quot;]&#10;warning: the following keywords are unknown and will be ignored: [$id]&#10;    level: &quot;warning&quot;&#10;    schema: {&quot;loadingURI&quot;:&quot;#&quot;,&quot;pointer&quot;:&quot;/items/properties/tags&quot;}&#10;    domain: &quot;syntax&quot;&#10;    ignored: [&quot;$id&quot;]&#10;warning: the following keywords are unknown and will be ignored: [$id]&#10;    level: &quot;warning&quot;&#10;    schema: {&quot;loadingURI&quot;:&quot;#&quot;,&quot;pointer&quot;:&quot;/items/properties/tags/items&quot;}&#10;    domain: &quot;syntax&quot;&#10;    ignored: [&quot;$id&quot;]&#10;warning: the following keywords are unknown and will be ignored: [$id, examples]&#10;    level: &quot;warning&quot;&#10;    schema: {&quot;loadingURI&quot;:&quot;#&quot;,&quot;pointer&quot;:&quot;/items/properties/tags/items/properties/id&quot;}&#10;    domain: &quot;syntax&quot;&#10;    ignored: [&quot;$id&quot;,&quot;examples&quot;]&#10;warning: the following keywords are unknown and will be ignored: [$id, examples]&#10;    level: &quot;warning&quot;&#10;    schema: {&quot;loadingURI&quot;:&quot;#&quot;,&quot;pointer&quot;:&quot;/items/properties/tags/items/properties/name&quot;}&#10;    domain: &quot;syntax&quot;&#10;    ignored: [&quot;$id&quot;,&quot;examples&quot;]&#10;warning: the following keywords are unknown and will be ignored: [$id]&#10;    level: &quot;warning&quot;&#10;    schema: {&quot;loadingURI&quot;:&quot;#&quot;,&quot;pointer&quot;:&quot;/items&quot;}&#10;    domain: &quot;syntax&quot;&#10;    ignored: [&quot;$id&quot;]&#10;warning: the following keywords are unknown and will be ignored: [$id]&#10;    level: &quot;warning&quot;&#10;    schema: {&quot;loadingURI&quot;:&quot;#&quot;,&quot;pointer&quot;:&quot;/items/properties/category&quot;}&#10;    domain: &quot;syntax&quot;&#10;    ignored: [&quot;$id&quot;]&#10;warning: the following keywords are unknown and will be ignored: [$id, examples]&#10;    level: &quot;warning&quot;&#10;    schema: {&quot;loadingURI&quot;:&quot;#&quot;,&quot;pointer&quot;:&quot;/items/properties/category/properties/id&quot;}&#10;    domain: &quot;syntax&quot;&#10;    ignored: [&quot;$id&quot;,&quot;examples&quot;]&#10;warning: the following keywords are unknown and will be ignored: [$id, examples]&#10;    level: &quot;warning&quot;&#10;    schema: {&quot;loadingURI&quot;:&quot;#&quot;,&quot;pointer&quot;:&quot;/items/properties/category/properties/name&quot;}&#10;    domain: &quot;syntax&quot;&#10;    ignored: [&quot;$id&quot;,&quot;examples&quot;]&#10;warning: the following keywords are unknown and will be ignored: [$id, examples]&#10;    level: &quot;warning&quot;&#10;    schema: {&quot;loadingURI&quot;:&quot;#&quot;,&quot;pointer&quot;:&quot;/items/properties/id&quot;}&#10;    domain: &quot;syntax&quot;&#10;    ignored: [&quot;$id&quot;,&quot;examples&quot;]&#10;warning: the following keywords are unknown and will be ignored: [$id, examples]&#10;    level: &quot;warning&quot;&#10;    schema: {&quot;loadingURI&quot;:&quot;#&quot;,&quot;pointer&quot;:&quot;/items/properties/name&quot;}&#10;    domain: &quot;syntax&quot;&#10;    ignored: [&quot;$id&quot;,&quot;examples&quot;]&#10;warning: the following keywords are unknown and will be ignored: [$id]&#10;    level: &quot;warning&quot;&#10;    schema: {&quot;loadingURI&quot;:&quot;#&quot;,&quot;pointer&quot;:&quot;/items/properties/photoUrls&quot;}&#10;    domain: &quot;syntax&quot;&#10;    ignored: [&quot;$id&quot;]&#10;warning: the following keywords are unknown and will be ignored: [$id, examples]&#10;    level: &quot;warning&quot;&#10;    schema: {&quot;loadingURI&quot;:&quot;#&quot;,&quot;pointer&quot;:&quot;/items/properties/photoUrls/items&quot;}&#10;    domain: &quot;syntax&quot;&#10;    ignored: [&quot;$id&quot;,&quot;examples&quot;]&#10;warning: the following keywords are unknown and will be ignored: [$id, examples]&#10;    level: &quot;warning&quot;&#10;    schema: {&quot;loadingURI&quot;:&quot;#&quot;,&quot;pointer&quot;:&quot;/items/properties/status&quot;}&#10;    domain: &quot;syntax&quot;&#10;    ignored: [&quot;$id&quot;,&quot;examples&quot;]&#10;warning: the following keywords are unknown and will be ignored: [$id]&#10;    level: &quot;warning&quot;&#10;    schema: {&quot;loadingURI&quot;:&quot;#&quot;,&quot;pointer&quot;:&quot;/items/properties/tags&quot;}&#10;    domain: &quot;syntax&quot;&#10;    ignored: [&quot;$id&quot;]&#10;warning: the following keywords are unknown and will be ignored: [$id]&#10;    level: &quot;warning&quot;&#10;    schema: {&quot;loadingURI&quot;:&quot;#&quot;,&quot;pointer&quot;:&quot;/items/properties/tags/items&quot;}&#10;    domain: &quot;syntax&quot;&#10;    ignored: [&quot;$id&quot;]&#10;warning: the following keywords are unknown and will be ignored: [$id, examples]&#10;    level: &quot;warning&quot;&#10;    schema: {&quot;loadingURI&quot;:&quot;#&quot;,&quot;pointer&quot;:&quot;/items/properties/tags/items/properties/id&quot;}&#10;    domain: &quot;syntax&quot;&#10;    ignored: [&quot;$id&quot;,&quot;examples&quot;]&#10;warning: the following keywords are unknown and will be ignored: [$id, examples]&#10;    level: &quot;warning&quot;&#10;    schema: {&quot;loadingURI&quot;:&quot;#&quot;,&quot;pointer&quot;:&quot;/items/properties/tags/items/properties/name&quot;}&#10;    domain: &quot;syntax&quot;&#10;    ignored: [&quot;$id&quot;,&quot;examples&quot;]&#10;warning: the following keywords are unknown and will be ignored: [$id]&#10;    level: &quot;warning&quot;&#10;    schema: {&quot;loadingURI&quot;:&quot;#&quot;,&quot;pointer&quot;:&quot;/items&quot;}&#10;    domain: &quot;syntax&quot;&#10;    ignored: [&quot;$id&quot;]&#10;warning: the following keywords are unknown and will be ignored: [$id]&#10;    level: &quot;warning&quot;&#10;    schema: {&quot;loadingURI&quot;:&quot;#&quot;,&quot;pointer&quot;:&quot;/items/properties/category&quot;}&#10;    domain: &quot;syntax&quot;&#10;    ignored: [&quot;$id&quot;]&#10;warning: the following keywords are unknown and will be ignored: [$id, examples]&#10;    level: &quot;warning&quot;&#10;    schema: {&quot;loadingURI&quot;:&quot;#&quot;,&quot;pointer&quot;:&quot;/items/properties/category/properties/id&quot;}&#10;    domain: &quot;syntax&quot;&#10;    ignored: [&quot;$id&quot;,&quot;examples&quot;]&#10;warning: the following keywords are unknown and will be ignored: [$id, examples]&#10;    level: &quot;warning&quot;&#10;    schema: {&quot;loadingURI&quot;:&quot;#&quot;,&quot;pointer&quot;:&quot;/items/properties/category/properties/name&quot;}&#10;    domain: &quot;syntax&quot;&#10;    ignored: [&quot;$id&quot;,&quot;examples&quot;]&#10;warning: the following keywords are unknown and will be ignored: [$id, examples]&#10;    level: &quot;warning&quot;&#10;    schema: {&quot;loadingURI&quot;:&quot;#&quot;,&quot;pointer&quot;:&quot;/items/properties/id&quot;}&#10;    domain: &quot;syntax&quot;&#10;    ignored: [&quot;$id&quot;,&quot;examples&quot;]&#10;warning: the following keywords are unknown and will be ignored: [$id, examples]&#10;    level: &quot;warning&quot;&#10;    schema: {&quot;loadingURI&quot;:&quot;#&quot;,&quot;pointer&quot;:&quot;/items/properties/name&quot;}&#10;    domain: &quot;syntax&quot;&#10;    ignored: [&quot;$id&quot;,&quot;examples&quot;]&#10;warning: the following keywords are unknown and will be ignored: [$id]&#10;    level: &quot;warning&quot;&#10;    schema: {&quot;loadingURI&quot;:&quot;#&quot;,&quot;pointer&quot;:&quot;/items/properties/photoUrls&quot;}&#10;    domain: &quot;syntax&quot;&#10;    ignored: [&quot;$id&quot;]&#10;warning: the following keywords are unknown and will be ignored: [$id, examples]&#10;    level: &quot;warning&quot;&#10;    schema: {&quot;loadingURI&quot;:&quot;#&quot;,&quot;pointer&quot;:&quot;/items/properties/photoUrls/items&quot;}&#10;    domain: &quot;syntax&quot;&#10;    ignored: [&quot;$id&quot;,&quot;examples&quot;]&#10;warning: the following keywords are unknown and will be ignored: [$id, examples]&#10;    level: &quot;warning&quot;&#10;    schema: {&quot;loadingURI&quot;:&quot;#&quot;,&quot;pointer&quot;:&quot;/items/properties/status&quot;}&#10;    domain: &quot;syntax&quot;&#10;    ignored: [&quot;$id&quot;,&quot;examples&quot;]&#10;warning: the following keywords are unknown and will be ignored: [$id]&#10;    level: &quot;warning&quot;&#10;    schema: {&quot;loadingURI&quot;:&quot;#&quot;,&quot;pointer&quot;:&quot;/items/properties/tags&quot;}&#10;    domain: &quot;syntax&quot;&#10;    ignored: [&quot;$id&quot;]&#10;warning: the following keywords are unknown and will be ignored: [$id]&#10;    level: &quot;warning&quot;&#10;    schema: {&quot;loadingURI&quot;:&quot;#&quot;,&quot;pointer&quot;:&quot;/items/properties/tags/items&quot;}&#10;    domain: &quot;syntax&quot;&#10;    ignored: [&quot;$id&quot;]&#10;warning: the following keywords are unknown and will be ignored: [$id, examples]&#10;    level: &quot;warning&quot;&#10;    schema: {&quot;loadingURI&quot;:&quot;#&quot;,&quot;pointer&quot;:&quot;/items/properties/tags/items/properties/id&quot;}&#10;    domain: &quot;syntax&quot;&#10;    ignored: [&quot;$id&quot;,&quot;examples&quot;]&#10;warning: the following keywords are unknown and will be ignored: [$id, examples]&#10;    level: &quot;warning&quot;&#10;    schema: {&quot;loadingURI&quot;:&quot;#&quot;,&quot;pointer&quot;:&quot;/items/properties/tags/items/properties/name&quot;}&#10;    domain: &quot;syntax&quot;&#10;    ignored: [&quot;$id&quot;,&quot;examples&quot;]&#10;warning: the following keywords are unknown and will be ignored: [$id]&#10;    level: &quot;warning&quot;&#10;    schema: {&quot;loadingURI&quot;:&quot;#&quot;,&quot;pointer&quot;:&quot;/items&quot;}&#10;    domain: &quot;syntax&quot;&#10;    ignored: [&quot;$id&quot;]&#10;warning: the following keywords are unknown and will be ignored: [$id]&#10;    level: &quot;warning&quot;&#10;    schema: {&quot;loadingURI&quot;:&quot;#&quot;,&quot;pointer&quot;:&quot;/items/properties/category&quot;}&#10;    domain: &quot;syntax&quot;&#10;    ignored: [&quot;$id&quot;]&#10;warning: the following keywords are unknown and will be ignored: [$id, examples]&#10;    level: &quot;warning&quot;&#10;    schema: {&quot;loadingURI&quot;:&quot;#&quot;,&quot;pointer&quot;:&quot;/items/properties/category/properties/id&quot;}&#10;    domain: &quot;syntax&quot;&#10;    ignored: [&quot;$id&quot;,&quot;examples&quot;]&#10;warning: the following keywords are unknown and will be ignored: [$id, examples]&#10;    level: &quot;warning&quot;&#10;    schema: {&quot;loadingURI&quot;:&quot;#&quot;,&quot;pointer&quot;:&quot;/items/properties/category/properties/name&quot;}&#10;    domain: &quot;syntax&quot;&#10;    ignored: [&quot;$id&quot;,&quot;examples&quot;]&#10;warning: the following keywords are unknown and will be ignored: [$id, examples]&#10;    level: &quot;warning&quot;&#10;    schema: {&quot;loadingURI&quot;:&quot;#&quot;,&quot;pointer&quot;:&quot;/items/properties/id&quot;}&#10;    domain: &quot;syntax&quot;&#10;    ignored: [&quot;$id&quot;,&quot;examples&quot;]&#10;warning: the following keywords are unknown and will be ignored: [$id, examples]&#10;    level: &quot;warning&quot;&#10;    schema: {&quot;loadingURI&quot;:&quot;#&quot;,&quot;pointer&quot;:&quot;/items/properties/name&quot;}&#10;    domain: &quot;syntax&quot;&#10;    ignored: [&quot;$id&quot;,&quot;examples&quot;]&#10;warning: the following keywords are unknown and will be ignored: [$id]&#10;    level: &quot;warning&quot;&#10;    schema: {&quot;loadingURI&quot;:&quot;#&quot;,&quot;pointer&quot;:&quot;/items/properties/photoUrls&quot;}&#10;    domain: &quot;syntax&quot;&#10;    ignored: [&quot;$id&quot;]&#10;warning: the following keywords are unknown and will be ignored: [$id, examples]&#10;    level: &quot;warning&quot;&#10;    schema: {&quot;loadingURI&quot;:&quot;#&quot;,&quot;pointer&quot;:&quot;/items/properties/photoUrls/items&quot;}&#10;    domain: &quot;syntax&quot;&#10;    ignored: [&quot;$id&quot;,&quot;examples&quot;]&#10;warning: the following keywords are unknown and will be ignored: [$id, examples]&#10;    level: &quot;warning&quot;&#10;    schema: {&quot;loadingURI&quot;:&quot;#&quot;,&quot;pointer&quot;:&quot;/items/properties/status&quot;}&#10;    domain: &quot;syntax&quot;&#10;    ignored: [&quot;$id&quot;,&quot;examples&quot;]&#10;warning: the following keywords are unknown and will be ignored: [$id]&#10;    level: &quot;warning&quot;&#10;    schema: {&quot;loadingURI&quot;:&quot;#&quot;,&quot;pointer&quot;:&quot;/items/properties/tags&quot;}&#10;    domain: &quot;syntax&quot;&#10;    ignored: [&quot;$id&quot;]&#10;warning: the following keywords are unknown and will be ignored: [$id]&#10;    level: &quot;warning&quot;&#10;    schema: {&quot;loadingURI&quot;:&quot;#&quot;,&quot;pointer&quot;:&quot;/items/properties/tags/items&quot;}&#10;    domain: &quot;syntax&quot;&#10;    ignored: [&quot;$id&quot;]&#10;warning: the following keywords are unknown and will be ignored: [$id, examples]&#10;    level: &quot;warning&quot;&#10;    schema: {&quot;loadingURI&quot;:&quot;#&quot;,&quot;pointer&quot;:&quot;/items/properties/tags/items/properties/id&quot;}&#10;    domain: &quot;syntax&quot;&#10;    ignored: [&quot;$id&quot;,&quot;examples&quot;]&#10;warning: the following keywords are unknown and will be ignored: [$id, examples]&#10;    level: &quot;warning&quot;&#10;    schema: {&quot;loadingURI&quot;:&quot;#&quot;,&quot;pointer&quot;:&quot;/items/properties/tags/items/properties/name&quot;}&#10;    domain: &quot;syntax&quot;&#10;    ignored: [&quot;$id&quot;,&quot;examples&quot;]&#10;warning: the following keywords are unknown and will be ignored: [$id]&#10;    level: &quot;warning&quot;&#10;    schema: {&quot;loadingURI&quot;:&quot;#&quot;,&quot;pointer&quot;:&quot;/items&quot;}&#10;    domain: &quot;syntax&quot;&#10;    ignored: [&quot;$id&quot;]&#10;warning: the following keywords are unknown and will be ignored: [$id]&#10;    level: &quot;warning&quot;&#10;    schema: {&quot;loadingURI&quot;:&quot;#&quot;,&quot;pointer&quot;:&quot;/items/properties/category&quot;}&#10;    domain: &quot;syntax&quot;&#10;    ignored: [&quot;$id&quot;]&#10;warning: the following keywords are unknown and will be ignored: [$id, examples]&#10;    level: &quot;warning&quot;&#10;    schema: {&quot;loadingURI&quot;:&quot;#&quot;,&quot;pointer&quot;:&quot;/items/properties/category/properties/id&quot;}&#10;    domain: &quot;syntax&quot;&#10;    ignored: [&quot;$id&quot;,&quot;examples&quot;]&#10;warning: the following keywords are unknown and will be ignored: [$id, examples]&#10;    level: &quot;warning&quot;&#10;    schema: {&quot;loadingURI&quot;:&quot;#&quot;,&quot;pointer&quot;:&quot;/items/properties/category/properties/name&quot;}&#10;    domain: &quot;syntax&quot;&#10;    ignored: [&quot;$id&quot;,&quot;examples&quot;]&#10;warning: the following keywords are unknown and will be ignored: [$id, examples]&#10;    level: &quot;warning&quot;&#10;    schema: {&quot;loadingURI&quot;:&quot;#&quot;,&quot;pointer&quot;:&quot;/items/properties/id&quot;}&#10;    domain: &quot;syntax&quot;&#10;    ignored: [&quot;$id&quot;,&quot;examples&quot;]&#10;warning: the following keywords are unknown and will be ignored: [$id, examples]&#10;    level: &quot;warning&quot;&#10;    schema: {&quot;loadingURI&quot;:&quot;#&quot;,&quot;pointer&quot;:&quot;/items/properties/name&quot;}&#10;    domain: &quot;syntax&quot;&#10;    ignored: [&quot;$id&quot;,&quot;examples&quot;]&#10;warning: the following keywords are unknown and will be ignored: [$id]&#10;    level: &quot;warning&quot;&#10;    schema: {&quot;loadingURI&quot;:&quot;#&quot;,&quot;pointer&quot;:&quot;/items/properties/photoUrls&quot;}&#10;    domain: &quot;syntax&quot;&#10;    ignored: [&quot;$id&quot;]&#10;warning: the following keywords are unknown and will be ignored: [$id, examples]&#10;    level: &quot;warning&quot;&#10;    schema: {&quot;loadingURI&quot;:&quot;#&quot;,&quot;pointer&quot;:&quot;/items/properties/photoUrls/items&quot;}&#10;    domain: &quot;syntax&quot;&#10;    ignored: [&quot;$id&quot;,&quot;examples&quot;]&#10;warning: the following keywords are unknown and will be ignored: [$id, examples]&#10;    level: &quot;warning&quot;&#10;    schema: {&quot;loadingURI&quot;:&quot;#&quot;,&quot;pointer&quot;:&quot;/items/properties/status&quot;}&#10;    domain: &quot;syntax&quot;&#10;    ignored: [&quot;$id&quot;,&quot;examples&quot;]&#10;warning: the following keywords are unknown and will be ignored: [$id]&#10;    level: &quot;warning&quot;&#10;    schema: {&quot;loadingURI&quot;:&quot;#&quot;,&quot;pointer&quot;:&quot;/items/properties/tags&quot;}&#10;    domain: &quot;syntax&quot;&#10;    ignored: [&quot;$id&quot;]&#10;warning: the following keywords are unknown and will be ignored: [$id]&#10;    level: &quot;warning&quot;&#10;    schema: {&quot;loadingURI&quot;:&quot;#&quot;,&quot;pointer&quot;:&quot;/items/properties/tags/items&quot;}&#10;    domain: &quot;syntax&quot;&#10;    ignored: [&quot;$id&quot;]&#10;warning: the following keywords are unknown and will be ignored: [$id, examples]&#10;    level: &quot;warning&quot;&#10;    schema: {&quot;loadingURI&quot;:&quot;#&quot;,&quot;pointer&quot;:&quot;/items/properties/tags/items/properties/id&quot;}&#10;    domain: &quot;syntax&quot;&#10;    ignored: [&quot;$id&quot;,&quot;examples&quot;]&#10;warning: the following keywords are unknown and will be ignored: [$id, examples]&#10;    level: &quot;warning&quot;&#10;    schema: {&quot;loadingURI&quot;:&quot;#&quot;,&quot;pointer&quot;:&quot;/items/properties/tags/items/properties/name&quot;}&#10;    domain: &quot;syntax&quot;&#10;    ignored: [&quot;$id&quot;,&quot;examples&quot;]&#10;warning: the following keywords are unknown and will be ignored: [$id]&#10;    level: &quot;warning&quot;&#10;    schema: {&quot;loadingURI&quot;:&quot;#&quot;,&quot;pointer&quot;:&quot;/items&quot;}&#10;    domain: &quot;syntax&quot;&#10;    ignored: [&quot;$id&quot;]&#10;warning: the following keywords are unknown and will be ignored: [$id]&#10;    level: &quot;warning&quot;&#10;    schema: {&quot;loadingURI&quot;:&quot;#&quot;,&quot;pointer&quot;:&quot;/items/properties/category&quot;}&#10;    domain: &quot;syntax&quot;&#10;    ignored: [&quot;$id&quot;]&#10;warning: the following keywords are unknown and will be ignored: [$id, examples]&#10;    level: &quot;warning&quot;&#10;    schema: {&quot;loadingURI&quot;:&quot;#&quot;,&quot;pointer&quot;:&quot;/items/properties/category/properties/id&quot;}&#10;    domain: &quot;syntax&quot;&#10;    ignored: [&quot;$id&quot;,&quot;examples&quot;]&#10;warning: the following keywords are unknown and will be ignored: [$id, examples]&#10;    level: &quot;warning&quot;&#10;    schema: {&quot;loadingURI&quot;:&quot;#&quot;,&quot;pointer&quot;:&quot;/items/properties/category/properties/name&quot;}&#10;    domain: &quot;syntax&quot;&#10;    ignored: [&quot;$id&quot;,&quot;examples&quot;]&#10;warning: the following keywords are unknown and will be ignored: [$id, examples]&#10;    level: &quot;warning&quot;&#10;    schema: {&quot;loadingURI&quot;:&quot;#&quot;,&quot;pointer&quot;:&quot;/items/properties/id&quot;}&#10;    domain: &quot;syntax&quot;&#10;    ignored: [&quot;$id&quot;,&quot;examples&quot;]&#10;warning: the following keywords are unknown and will be ignored: [$id, examples]&#10;    level: &quot;warning&quot;&#10;    schema: {&quot;loadingURI&quot;:&quot;#&quot;,&quot;pointer&quot;:&quot;/items/properties/name&quot;}&#10;    domain: &quot;syntax&quot;&#10;    ignored: [&quot;$id&quot;,&quot;examples&quot;]&#10;warning: the following keywords are unknown and will be ignored: [$id]&#10;    level: &quot;warning&quot;&#10;    schema: {&quot;loadingURI&quot;:&quot;#&quot;,&quot;pointer&quot;:&quot;/items/properties/photoUrls&quot;}&#10;    domain: &quot;syntax&quot;&#10;    ignored: [&quot;$id&quot;]&#10;warning: the following keywords are unknown and will be ignored: [$id, examples]&#10;    level: &quot;warning&quot;&#10;    schema: {&quot;loadingURI&quot;:&quot;#&quot;,&quot;pointer&quot;:&quot;/items/properties/photoUrls/items&quot;}&#10;    domain: &quot;syntax&quot;&#10;    ignored: [&quot;$id&quot;,&quot;examples&quot;]&#10;warning: the following keywords are unknown and will be ignored: [$id, examples]&#10;    level: &quot;warning&quot;&#10;    schema: {&quot;loadingURI&quot;:&quot;#&quot;,&quot;pointer&quot;:&quot;/items/properties/status&quot;}&#10;    domain: &quot;syntax&quot;&#10;    ignored: [&quot;$id&quot;,&quot;examples&quot;]&#10;warning: the following keywords are unknown and will be ignored: [$id]&#10;    level: &quot;warning&quot;&#10;    schema: {&quot;loadingURI&quot;:&quot;#&quot;,&quot;pointer&quot;:&quot;/items/properties/tags&quot;}&#10;    domain: &quot;syntax&quot;&#10;    ignored: [&quot;$id&quot;]&#10;warning: the following keywords are unknown and will be ignored: [$id]&#10;    level: &quot;warning&quot;&#10;    schema: {&quot;loadingURI&quot;:&quot;#&quot;,&quot;pointer&quot;:&quot;/items/properties/tags/items&quot;}&#10;    domain: &quot;syntax&quot;&#10;    ignored: [&quot;$id&quot;]&#10;warning: the following keywords are unknown and will be ignored: [$id, examples]&#10;    level: &quot;warning&quot;&#10;    schema: {&quot;loadingURI&quot;:&quot;#&quot;,&quot;pointer&quot;:&quot;/items/properties/tags/items/properties/id&quot;}&#10;    domain: &quot;syntax&quot;&#10;    ignored: [&quot;$id&quot;,&quot;examples&quot;]&#10;warning: the following keywords are unknown and will be ignored: [$id, examples]&#10;    level: &quot;warning&quot;&#10;    schema: {&quot;loadingURI&quot;:&quot;#&quot;,&quot;pointer&quot;:&quot;/items/properties/tags/items/properties/name&quot;}&#10;    domain: &quot;syntax&quot;&#10;    ignored: [&quot;$id&quot;,&quot;examples&quot;]&#10;warning: the following keywords are unknown and will be ignored: [$id]&#10;    level: &quot;warning&quot;&#10;    schema: {&quot;loadingURI&quot;:&quot;#&quot;,&quot;pointer&quot;:&quot;/items&quot;}&#10;    domain: &quot;syntax&quot;&#10;    ignored: [&quot;$id&quot;]&#10;warning: the following keywords are unknown and will be ignored: [$id]&#10;    level: &quot;warning&quot;&#10;    schema: {&quot;loadingURI&quot;:&quot;#&quot;,&quot;pointer&quot;:&quot;/items/properties/category&quot;}&#10;    domain: &quot;syntax&quot;&#10;    ignored: [&quot;$id&quot;]&#10;warning: the following keywords are unknown and will be ignored: [$id, examples]&#10;    level: &quot;warning&quot;&#10;    schema: {&quot;loadingURI&quot;:&quot;#&quot;,&quot;pointer&quot;:&quot;/items/properties/category/properties/id&quot;}&#10;    domain: &quot;syntax&quot;&#10;    ignored: [&quot;$id&quot;,&quot;examples&quot;]&#10;warning: the following keywords are unknown and will be ignored: [$id, examples]&#10;    level: &quot;warning&quot;&#10;    schema: {&quot;loadingURI&quot;:&quot;#&quot;,&quot;pointer&quot;:&quot;/items/properties/category/properties/name&quot;}&#10;    domain: &quot;syntax&quot;&#10;    ignored: [&quot;$id&quot;,&quot;examples&quot;]&#10;warning: the following keywords are unknown and will be ignored: [$id, examples]&#10;    level: &quot;warning&quot;&#10;    schema: {&quot;loadingURI&quot;:&quot;#&quot;,&quot;pointer&quot;:&quot;/items/properties/id&quot;}&#10;    domain: &quot;syntax&quot;&#10;    ignored: [&quot;$id&quot;,&quot;examples&quot;]&#10;warning: the following keywords are unknown and will be ignored: [$id, examples]&#10;    level: &quot;warning&quot;&#10;    schema: {&quot;loadingURI&quot;:&quot;#&quot;,&quot;pointer&quot;:&quot;/items/properties/name&quot;}&#10;    domain: &quot;syntax&quot;&#10;    ignored: [&quot;$id&quot;,&quot;examples&quot;]&#10;warning: the following keywords are unknown and will be ignored: [$id]&#10;    level: &quot;warning&quot;&#10;    schema: {&quot;loadingURI&quot;:&quot;#&quot;,&quot;pointer&quot;:&quot;/items/properties/photoUrls&quot;}&#10;    domain: &quot;syntax&quot;&#10;    ignored: [&quot;$id&quot;]&#10;warning: the following keywords are unknown and will be ignored: [$id, examples]&#10;    level: &quot;warning&quot;&#10;    schema: {&quot;loadingURI&quot;:&quot;#&quot;,&quot;pointer&quot;:&quot;/items/properties/photoUrls/items&quot;}&#10;    domain: &quot;syntax&quot;&#10;    ignored: [&quot;$id&quot;,&quot;examples&quot;]&#10;warning: the following keywords are unknown and will be ignored: [$id, examples]&#10;    level: &quot;warning&quot;&#10;    schema: {&quot;loadingURI&quot;:&quot;#&quot;,&quot;pointer&quot;:&quot;/items/properties/status&quot;}&#10;    domain: &quot;syntax&quot;&#10;    ignored: [&quot;$id&quot;,&quot;examples&quot;]&#10;warning: the following keywords are unknown and will be ignored: [$id]&#10;    level: &quot;warning&quot;&#10;    schema: {&quot;loadingURI&quot;:&quot;#&quot;,&quot;pointer&quot;:&quot;/items/properties/tags&quot;}&#10;    domain: &quot;syntax&quot;&#10;    ignored: [&quot;$id&quot;]&#10;warning: the following keywords are unknown and will be ignored: [$id]&#10;    level: &quot;warning&quot;&#10;    schema: {&quot;loadingURI&quot;:&quot;#&quot;,&quot;pointer&quot;:&quot;/items/properties/tags/items&quot;}&#10;    domain: &quot;syntax&quot;&#10;    ignored: [&quot;$id&quot;]&#10;warning: the following keywords are unknown and will be ignored: [$id, examples]&#10;    level: &quot;warning&quot;&#10;    schema: {&quot;loadingURI&quot;:&quot;#&quot;,&quot;pointer&quot;:&quot;/items/properties/tags/items/properties/id&quot;}&#10;    domain: &quot;syntax&quot;&#10;    ignored: [&quot;$id&quot;,&quot;examples&quot;]&#10;warning: the following keywords are unknown and will be ignored: [$id, examples]&#10;    level: &quot;warning&quot;&#10;    schema: {&quot;loadingURI&quot;:&quot;#&quot;,&quot;pointer&quot;:&quot;/items/properties/tags/items/properties/name&quot;}&#10;    domain: &quot;syntax&quot;&#10;    ignored: [&quot;$id&quot;,&quot;examples&quot;]&#10;warning: the following keywords are unknown and will be ignored: [$id]&#10;    level: &quot;warning&quot;&#10;    schema: {&quot;loadingURI&quot;:&quot;#&quot;,&quot;pointer&quot;:&quot;/items&quot;}&#10;    domain: &quot;syntax&quot;&#10;    ignored: [&quot;$id&quot;]&#10;warning: the following keywords are unknown and will be ignored: [$id]&#10;    level: &quot;warning&quot;&#10;    schema: {&quot;loadingURI&quot;:&quot;#&quot;,&quot;pointer&quot;:&quot;/items/properties/category&quot;}&#10;    domain: &quot;syntax&quot;&#10;    ignored: [&quot;$id&quot;]&#10;warning: the following keywords are unknown and will be ignored: [$id, examples]&#10;    level: &quot;warning&quot;&#10;    schema: {&quot;loadingURI&quot;:&quot;#&quot;,&quot;pointer&quot;:&quot;/items/properties/category/properties/id&quot;}&#10;    domain: &quot;syntax&quot;&#10;    ignored: [&quot;$id&quot;,&quot;examples&quot;]&#10;warning: the following keywords are unknown and will be ignored: [$id, examples]&#10;    level: &quot;warning&quot;&#10;    schema: {&quot;loadingURI&quot;:&quot;#&quot;,&quot;pointer&quot;:&quot;/items/properties/category/properties/name&quot;}&#10;    domain: &quot;syntax&quot;&#10;    ignored: [&quot;$id&quot;,&quot;examples&quot;]&#10;warning: the following keywords are unknown and will be ignored: [$id, examples]&#10;    level: &quot;warning&quot;&#10;    schema: {&quot;loadingURI&quot;:&quot;#&quot;,&quot;pointer&quot;:&quot;/items/properties/id&quot;}&#10;    domain: &quot;syntax&quot;&#10;    ignored: [&quot;$id&quot;,&quot;examples&quot;]&#10;warning: the following keywords are unknown and will be ignored: [$id, examples]&#10;    level: &quot;warning&quot;&#10;    schema: {&quot;loadingURI&quot;:&quot;#&quot;,&quot;pointer&quot;:&quot;/items/properties/name&quot;}&#10;    domain: &quot;syntax&quot;&#10;    ignored: [&quot;$id&quot;,&quot;examples&quot;]&#10;warning: the following keywords are unknown and will be ignored: [$id]&#10;    level: &quot;warning&quot;&#10;    schema: {&quot;loadingURI&quot;:&quot;#&quot;,&quot;pointer&quot;:&quot;/items/properties/photoUrls&quot;}&#10;    domain: &quot;syntax&quot;&#10;    ignored: [&quot;$id&quot;]&#10;warning: the following keywords are unknown and will be ignored: [$id, examples]&#10;    level: &quot;warning&quot;&#10;    schema: {&quot;loadingURI&quot;:&quot;#&quot;,&quot;pointer&quot;:&quot;/items/properties/photoUrls/items&quot;}&#10;    domain: &quot;syntax&quot;&#10;    ignored: [&quot;$id&quot;,&quot;examples&quot;]&#10;warning: the following keywords are unknown and will be ignored: [$id, examples]&#10;    level: &quot;warning&quot;&#10;    schema: {&quot;loadingURI&quot;:&quot;#&quot;,&quot;pointer&quot;:&quot;/items/properties/status&quot;}&#10;    domain: &quot;syntax&quot;&#10;    ignored: [&quot;$id&quot;,&quot;examples&quot;]&#10;warning: the following keywords are unknown and will be ignored: [$id]&#10;    level: &quot;warning&quot;&#10;    schema: {&quot;loadingURI&quot;:&quot;#&quot;,&quot;pointer&quot;:&quot;/items/properties/tags&quot;}&#10;    domain: &quot;syntax&quot;&#10;    ignored: [&quot;$id&quot;]&#10;warning: the following keywords are unknown and will be ignored: [$id]&#10;    level: &quot;warning&quot;&#10;    schema: {&quot;loadingURI&quot;:&quot;#&quot;,&quot;pointer&quot;:&quot;/items/properties/tags/items&quot;}&#10;    domain: &quot;syntax&quot;&#10;    ignored: [&quot;$id&quot;]&#10;warning: the following keywords are unknown and will be ignored: [$id, examples]&#10;    level: &quot;warning&quot;&#10;    schema: {&quot;loadingURI&quot;:&quot;#&quot;,&quot;pointer&quot;:&quot;/items/properties/tags/items/properties/id&quot;}&#10;    domain: &quot;syntax&quot;&#10;    ignored: [&quot;$id&quot;,&quot;examples&quot;]&#10;warning: the following keywords are unknown and will be ignored: [$id, examples]&#10;    level: &quot;warning&quot;&#10;    schema: {&quot;loadingURI&quot;:&quot;#&quot;,&quot;pointer&quot;:&quot;/items/properties/tags/items/properties/name&quot;}&#10;    domain: &quot;syntax&quot;&#10;    ignored: [&quot;$id&quot;,&quot;examples&quot;]&#10;warning: the following keywords are unknown and will be ignored: [$id]&#10;    level: &quot;warning&quot;&#10;    schema: {&quot;loadingURI&quot;:&quot;#&quot;,&quot;pointer&quot;:&quot;/items&quot;}&#10;    domain: &quot;syntax&quot;&#10;    ignored: [&quot;$id&quot;]&#10;warning: the following keywords are unknown and will be ignored: [$id]&#10;    level: &quot;warning&quot;&#10;    schema: {&quot;loadingURI&quot;:&quot;#&quot;,&quot;pointer&quot;:&quot;/items/properties/category&quot;}&#10;    domain: &quot;syntax&quot;&#10;    ignored: [&quot;$id&quot;]&#10;warning: the following keywords are unknown and will be ignored: [$id, examples]&#10;    level: &quot;warning&quot;&#10;    schema: {&quot;loadingURI&quot;:&quot;#&quot;,&quot;pointer&quot;:&quot;/items/properties/category/properties/id&quot;}&#10;    domain: &quot;syntax&quot;&#10;    ignored: [&quot;$id&quot;,&quot;examples&quot;]&#10;warning: the following keywords are unknown and will be ignored: [$id, examples]&#10;    level: &quot;warning&quot;&#10;    schema: {&quot;loadingURI&quot;:&quot;#&quot;,&quot;pointer&quot;:&quot;/items/properties/category/properties/name&quot;}&#10;    domain: &quot;syntax&quot;&#10;    ignored: [&quot;$id&quot;,&quot;examples&quot;]&#10;warning: the following keywords are unknown and will be ignored: [$id, examples]&#10;    level: &quot;warning&quot;&#10;    schema: {&quot;loadingURI&quot;:&quot;#&quot;,&quot;pointer&quot;:&quot;/items/properties/id&quot;}&#10;    domain: &quot;syntax&quot;&#10;    ignored: [&quot;$id&quot;,&quot;examples&quot;]&#10;warning: the following keywords are unknown and will be ignored: [$id, examples]&#10;    level: &quot;warning&quot;&#10;    schema: {&quot;loadingURI&quot;:&quot;#&quot;,&quot;pointer&quot;:&quot;/items/properties/name&quot;}&#10;    domain: &quot;syntax&quot;&#10;    ignored: [&quot;$id&quot;,&quot;examples&quot;]&#10;warning: the following keywords are unknown and will be ignored: [$id]&#10;    level: &quot;warning&quot;&#10;    schema: {&quot;loadingURI&quot;:&quot;#&quot;,&quot;pointer&quot;:&quot;/items/properties/photoUrls&quot;}&#10;    domain: &quot;syntax&quot;&#10;    ignored: [&quot;$id&quot;]&#10;warning: the following keywords are unknown and will be ignored: [$id, examples]&#10;    level: &quot;warning&quot;&#10;    schema: {&quot;loadingURI&quot;:&quot;#&quot;,&quot;pointer&quot;:&quot;/items/properties/photoUrls/items&quot;}&#10;    domain: &quot;syntax&quot;&#10;    ignored: [&quot;$id&quot;,&quot;examples&quot;]&#10;warning: the following keywords are unknown and will be ignored: [$id, examples]&#10;    level: &quot;warning&quot;&#10;    schema: {&quot;loadingURI&quot;:&quot;#&quot;,&quot;pointer&quot;:&quot;/items/properties/status&quot;}&#10;    domain: &quot;syntax&quot;&#10;    ignored: [&quot;$id&quot;,&quot;examples&quot;]&#10;warning: the following keywords are unknown and will be ignored: [$id]&#10;    level: &quot;warning&quot;&#10;    schema: {&quot;loadingURI&quot;:&quot;#&quot;,&quot;pointer&quot;:&quot;/items/properties/tags&quot;}&#10;    domain: &quot;syntax&quot;&#10;    ignored: [&quot;$id&quot;]&#10;warning: the following keywords are unknown and will be ignored: [$id]&#10;    level: &quot;warning&quot;&#10;    schema: {&quot;loadingURI&quot;:&quot;#&quot;,&quot;pointer&quot;:&quot;/items/properties/tags/items&quot;}&#10;    domain: &quot;syntax&quot;&#10;    ignored: [&quot;$id&quot;]&#10;warning: the following keywords are unknown and will be ignored: [$id, examples]&#10;    level: &quot;warning&quot;&#10;    schema: {&quot;loadingURI&quot;:&quot;#&quot;,&quot;pointer&quot;:&quot;/items/properties/tags/items/properties/id&quot;}&#10;    domain: &quot;syntax&quot;&#10;    ignored: [&quot;$id&quot;,&quot;examples&quot;]&#10;warning: the following keywords are unknown and will be ignored: [$id, examples]&#10;    level: &quot;warning&quot;&#10;    schema: {&quot;loadingURI&quot;:&quot;#&quot;,&quot;pointer&quot;:&quot;/items/properties/tags/items/properties/name&quot;}&#10;    domain: &quot;syntax&quot;&#10;    ignored: [&quot;$id&quot;,&quot;examples&quot;]&#10;warning: the following keywords are unknown and will be ignored: [$id]&#10;    level: &quot;warning&quot;&#10;    schema: {&quot;loadingURI&quot;:&quot;#&quot;,&quot;pointer&quot;:&quot;/items&quot;}&#10;    domain: &quot;syntax&quot;&#10;    ignored: [&quot;$id&quot;]&#10;warning: the following keywords are unknown and will be ignored: [$id]&#10;    level: &quot;warning&quot;&#10;    schema: {&quot;loadingURI&quot;:&quot;#&quot;,&quot;pointer&quot;:&quot;/items/properties/category&quot;}&#10;    domain: &quot;syntax&quot;&#10;    ignored: [&quot;$id&quot;]&#10;warning: the following keywords are unknown and will be ignored: [$id, examples]&#10;    level: &quot;warning&quot;&#10;    schema: {&quot;loadingURI&quot;:&quot;#&quot;,&quot;pointer&quot;:&quot;/items/properties/category/properties/id&quot;}&#10;    domain: &quot;syntax&quot;&#10;    ignored: [&quot;$id&quot;,&quot;examples&quot;]&#10;warning: the following keywords are unknown and will be ignored: [$id, examples]&#10;    level: &quot;warning&quot;&#10;    schema: {&quot;loadingURI&quot;:&quot;#&quot;,&quot;pointer&quot;:&quot;/items/properties/category/properties/name&quot;}&#10;    domain: &quot;syntax&quot;&#10;    ignored: [&quot;$id&quot;,&quot;examples&quot;]&#10;warning: the following keywords are unknown and will be ignored: [$id, examples]&#10;    level: &quot;warning&quot;&#10;    schema: {&quot;loadingURI&quot;:&quot;#&quot;,&quot;pointer&quot;:&quot;/items/properties/id&quot;}&#10;    domain: &quot;syntax&quot;&#10;    ignored: [&quot;$id&quot;,&quot;examples&quot;]&#10;warning: the following keywords are unknown and will be ignored: [$id, examples]&#10;    level: &quot;warning&quot;&#10;    schema: {&quot;loadingURI&quot;:&quot;#&quot;,&quot;pointer&quot;:&quot;/items/properties/name&quot;}&#10;    domain: &quot;syntax&quot;&#10;    ignored: [&quot;$id&quot;,&quot;examples&quot;]&#10;warning: the following keywords are unknown and will be ignored: [$id]&#10;    level: &quot;warning&quot;&#10;    schema: {&quot;loadingURI&quot;:&quot;#&quot;,&quot;pointer&quot;:&quot;/items/properties/photoUrls&quot;}&#10;    domain: &quot;syntax&quot;&#10;    ignored: [&quot;$id&quot;]&#10;warning: the following keywords are unknown and will be ignored: [$id, examples]&#10;    level: &quot;warning&quot;&#10;    schema: {&quot;loadingURI&quot;:&quot;#&quot;,&quot;pointer&quot;:&quot;/items/properties/photoUrls/items&quot;}&#10;    domain: &quot;syntax&quot;&#10;    ignored: [&quot;$id&quot;,&quot;examples&quot;]&#10;warning: the following keywords are unknown and will be ignored: [$id, examples]&#10;    level: &quot;warning&quot;&#10;    schema: {&quot;loadingURI&quot;:&quot;#&quot;,&quot;pointer&quot;:&quot;/items/properties/status&quot;}&#10;    domain: &quot;syntax&quot;&#10;    ignored: [&quot;$id&quot;,&quot;examples&quot;]&#10;warning: the following keywords are unknown and will be ignored: [$id]&#10;    level: &quot;warning&quot;&#10;    schema: {&quot;loadingURI&quot;:&quot;#&quot;,&quot;pointer&quot;:&quot;/items/properties/tags&quot;}&#10;    domain: &quot;syntax&quot;&#10;    ignored: [&quot;$id&quot;]&#10;warning: the following keywords are unknown and will be ignored: [$id]&#10;    level: &quot;warning&quot;&#10;    schema: {&quot;loadingURI&quot;:&quot;#&quot;,&quot;pointer&quot;:&quot;/items/properties/tags/items&quot;}&#10;    domain: &quot;syntax&quot;&#10;    ignored: [&quot;$id&quot;]&#10;warning: the following keywords are unknown and will be ignored: [$id, examples]&#10;    level: &quot;warning&quot;&#10;    schema: {&quot;loadingURI&quot;:&quot;#&quot;,&quot;pointer&quot;:&quot;/items/properties/tags/items/properties/id&quot;}&#10;    domain: &quot;syntax&quot;&#10;    ignored: [&quot;$id&quot;,&quot;examples&quot;]&#10;warning: the following keywords are unknown and will be ignored: [$id, examples]&#10;    level: &quot;warning&quot;&#10;    schema: {&quot;loadingURI&quot;:&quot;#&quot;,&quot;pointer&quot;:&quot;/items/properties/tags/items/properties/name&quot;}&#10;    domain: &quot;syntax&quot;&#10;    ignored: [&quot;$id&quot;,&quot;examples&quot;]&#10;warning: the following keywords are unknown and will be ignored: [$id]&#10;    level: &quot;warning&quot;&#10;    schema: {&quot;loadingURI&quot;:&quot;#&quot;,&quot;pointer&quot;:&quot;/items&quot;}&#10;    domain: &quot;syntax&quot;&#10;    ignored: [&quot;$id&quot;]&#10;warning: the following keywords are unknown and will be ignored: [$id]&#10;    level: &quot;warning&quot;&#10;    schema: {&quot;loadingURI&quot;:&quot;#&quot;,&quot;pointer&quot;:&quot;/items/properties/category&quot;}&#10;    domain: &quot;syntax&quot;&#10;    ignored: [&quot;$id&quot;]&#10;warning: the following keywords are unknown and will be ignored: [$id, examples]&#10;    level: &quot;warning&quot;&#10;    schema: {&quot;loadingURI&quot;:&quot;#&quot;,&quot;pointer&quot;:&quot;/items/properties/category/properties/id&quot;}&#10;    domain: &quot;syntax&quot;&#10;    ignored: [&quot;$id&quot;,&quot;examples&quot;]&#10;warning: the following keywords are unknown and will be ignored: [$id, examples]&#10;    level: &quot;warning&quot;&#10;    schema: {&quot;loadingURI&quot;:&quot;#&quot;,&quot;pointer&quot;:&quot;/items/properties/category/properties/name&quot;}&#10;    domain: &quot;syntax&quot;&#10;    ignored: [&quot;$id&quot;,&quot;examples&quot;]&#10;warning: the following keywords are unknown and will be ignored: [$id, examples]&#10;    level: &quot;warning&quot;&#10;    schema: {&quot;loadingURI&quot;:&quot;#&quot;,&quot;pointer&quot;:&quot;/items/properties/id&quot;}&#10;    domain: &quot;syntax&quot;&#10;    ignored: [&quot;$id&quot;,&quot;examples&quot;]&#10;warning: the following keywords are unknown and will be ignored: [$id, examples]&#10;    level: &quot;warning&quot;&#10;    schema: {&quot;loadingURI&quot;:&quot;#&quot;,&quot;pointer&quot;:&quot;/items/properties/name&quot;}&#10;    domain: &quot;syntax&quot;&#10;    ignored: [&quot;$id&quot;,&quot;examples&quot;]&#10;warning: the following keywords are unknown and will be ignored: [$id]&#10;    level: &quot;warning&quot;&#10;    schema: {&quot;loadingURI&quot;:&quot;#&quot;,&quot;pointer&quot;:&quot;/items/properties/photoUrls&quot;}&#10;    domain: &quot;syntax&quot;&#10;    ignored: [&quot;$id&quot;]&#10;warning: the following keywords are unknown and will be ignored: [$id, examples]&#10;    level: &quot;warning&quot;&#10;    schema: {&quot;loadingURI&quot;:&quot;#&quot;,&quot;pointer&quot;:&quot;/items/properties/photoUrls/items&quot;}&#10;    domain: &quot;syntax&quot;&#10;    ignored: [&quot;$id&quot;,&quot;examples&quot;]&#10;warning: the following keywords are unknown and will be ignored: [$id, examples]&#10;    level: &quot;warning&quot;&#10;    schema: {&quot;loadingURI&quot;:&quot;#&quot;,&quot;pointer&quot;:&quot;/items/properties/status&quot;}&#10;    domain: &quot;syntax&quot;&#10;    ignored: [&quot;$id&quot;,&quot;examples&quot;]&#10;warning: the following keywords are unknown and will be ignored: [$id]&#10;    level: &quot;warning&quot;&#10;    schema: {&quot;loadingURI&quot;:&quot;#&quot;,&quot;pointer&quot;:&quot;/items/properties/tags&quot;}&#10;    domain: &quot;syntax&quot;&#10;    ignored: [&quot;$id&quot;]&#10;warning: the following keywords are unknown and will be ignored: [$id]&#10;    level: &quot;warning&quot;&#10;    schema: {&quot;loadingURI&quot;:&quot;#&quot;,&quot;pointer&quot;:&quot;/items/properties/tags/items&quot;}&#10;    domain: &quot;syntax&quot;&#10;    ignored: [&quot;$id&quot;]&#10;warning: the following keywords are unknown and will be ignored: [$id, examples]&#10;    level: &quot;warning&quot;&#10;    schema: {&quot;loadingURI&quot;:&quot;#&quot;,&quot;pointer&quot;:&quot;/items/properties/tags/items/properties/id&quot;}&#10;    domain: &quot;syntax&quot;&#10;    ignored: [&quot;$id&quot;,&quot;examples&quot;]&#10;warning: the following keywords are unknown and will be ignored: [$id, examples]&#10;    level: &quot;warning&quot;&#10;    schema: {&quot;loadingURI&quot;:&quot;#&quot;,&quot;pointer&quot;:&quot;/items/properties/tags/items/properties/name&quot;}&#10;    domain: &quot;syntax&quot;&#10;    ignored: [&quot;$id&quot;,&quot;examples&quot;]&#10;warning: the following keywords are unknown and will be ignored: [$id]&#10;    level: &quot;warning&quot;&#10;    schema: {&quot;loadingURI&quot;:&quot;#&quot;,&quot;pointer&quot;:&quot;/items&quot;}&#10;    domain: &quot;syntax&quot;&#10;    ignored: [&quot;$id&quot;]&#10;warning: the following keywords are unknown and will be ignored: [$id]&#10;    level: &quot;warning&quot;&#10;    schema: {&quot;loadingURI&quot;:&quot;#&quot;,&quot;pointer&quot;:&quot;/items/properties/category&quot;}&#10;    domain: &quot;syntax&quot;&#10;    ignored: [&quot;$id&quot;]&#10;warning: the following keywords are unknown and will be ignored: [$id, examples]&#10;    level: &quot;warning&quot;&#10;    schema: {&quot;loadingURI&quot;:&quot;#&quot;,&quot;pointer&quot;:&quot;/items/properties/category/properties/id&quot;}&#10;    domain: &quot;syntax&quot;&#10;    ignored: [&quot;$id&quot;,&quot;examples&quot;]&#10;warning: the following keywords are unknown and will be ignored: [$id, examples]&#10;    level: &quot;warning&quot;&#10;    schema: {&quot;loadingURI&quot;:&quot;#&quot;,&quot;pointer&quot;:&quot;/items/properties/category/properties/name&quot;}&#10;    domain: &quot;syntax&quot;&#10;    ignored: [&quot;$id&quot;,&quot;examples&quot;]&#10;warning: the following keywords are unknown and will be ignored: [$id, examples]&#10;    level: &quot;warning&quot;&#10;    schema: {&quot;loadingURI&quot;:&quot;#&quot;,&quot;pointer&quot;:&quot;/items/properties/id&quot;}&#10;    domain: &quot;syntax&quot;&#10;    ignored: [&quot;$id&quot;,&quot;examples&quot;]&#10;warning: the following keywords are unknown and will be ignored: [$id, examples]&#10;    level: &quot;warning&quot;&#10;    schema: {&quot;loadingURI&quot;:&quot;#&quot;,&quot;pointer&quot;:&quot;/items/properties/name&quot;}&#10;    domain: &quot;syntax&quot;&#10;    ignored: [&quot;$id&quot;,&quot;examples&quot;]&#10;warning: the following keywords are unknown and will be ignored: [$id]&#10;    level: &quot;warning&quot;&#10;    schema: {&quot;loadingURI&quot;:&quot;#&quot;,&quot;pointer&quot;:&quot;/items/properties/photoUrls&quot;}&#10;    domain: &quot;syntax&quot;&#10;    ignored: [&quot;$id&quot;]&#10;warning: the following keywords are unknown and will be ignored: [$id, examples]&#10;    level: &quot;warning&quot;&#10;    schema: {&quot;loadingURI&quot;:&quot;#&quot;,&quot;pointer&quot;:&quot;/items/properties/photoUrls/items&quot;}&#10;    domain: &quot;syntax&quot;&#10;    ignored: [&quot;$id&quot;,&quot;examples&quot;]&#10;warning: the following keywords are unknown and will be ignored: [$id, examples]&#10;    level: &quot;warning&quot;&#10;    schema: {&quot;loadingURI&quot;:&quot;#&quot;,&quot;pointer&quot;:&quot;/items/properties/status&quot;}&#10;    domain: &quot;syntax&quot;&#10;    ignored: [&quot;$id&quot;,&quot;examples&quot;]&#10;warning: the following keywords are unknown and will be ignored: [$id]&#10;    level: &quot;warning&quot;&#10;    schema: {&quot;loadingURI&quot;:&quot;#&quot;,&quot;pointer&quot;:&quot;/items/properties/tags&quot;}&#10;    domain: &quot;syntax&quot;&#10;    ignored: [&quot;$id&quot;]&#10;warning: the following keywords are unknown and will be ignored: [$id]&#10;    level: &quot;warning&quot;&#10;    schema: {&quot;loadingURI&quot;:&quot;#&quot;,&quot;pointer&quot;:&quot;/items/properties/tags/items&quot;}&#10;    domain: &quot;syntax&quot;&#10;    ignored: [&quot;$id&quot;]&#10;warning: the following keywords are unknown and will be ignored: [$id, examples]&#10;    level: &quot;warning&quot;&#10;    schema: {&quot;loadingURI&quot;:&quot;#&quot;,&quot;pointer&quot;:&quot;/items/properties/tags/items/properties/id&quot;}&#10;    domain: &quot;syntax&quot;&#10;    ignored: [&quot;$id&quot;,&quot;examples&quot;]&#10;warning: the following keywords are unknown and will be ignored: [$id, examples]&#10;    level: &quot;warning&quot;&#10;    schema: {&quot;loadingURI&quot;:&quot;#&quot;,&quot;pointer&quot;:&quot;/items/properties/tags/items/properties/name&quot;}&#10;    domain: &quot;syntax&quot;&#10;    ignored: [&quot;$id&quot;,&quot;examples&quot;]&#10;warning: the following keywords are unknown and will be ignored: [$id]&#10;    level: &quot;warning&quot;&#10;    schema: {&quot;loadingURI&quot;:&quot;#&quot;,&quot;pointer&quot;:&quot;/items&quot;}&#10;    domain: &quot;syntax&quot;&#10;    ignored: [&quot;$id&quot;]&#10;warning: the following keywords are unknown and will be ignored: [$id]&#10;    level: &quot;warning&quot;&#10;    schema: {&quot;loadingURI&quot;:&quot;#&quot;,&quot;pointer&quot;:&quot;/items/properties/category&quot;}&#10;    domain: &quot;syntax&quot;&#10;    ignored: [&quot;$id&quot;]&#10;warning: the following keywords are unknown and will be ignored: [$id, examples]&#10;    level: &quot;warning&quot;&#10;    schema: {&quot;loadingURI&quot;:&quot;#&quot;,&quot;pointer&quot;:&quot;/items/properties/category/properties/id&quot;}&#10;    domain: &quot;syntax&quot;&#10;    ignored: [&quot;$id&quot;,&quot;examples&quot;]&#10;warning: the following keywords are unknown and will be ignored: [$id, examples]&#10;    level: &quot;warning&quot;&#10;    schema: {&quot;loadingURI&quot;:&quot;#&quot;,&quot;pointer&quot;:&quot;/items/properties/category/properties/name&quot;}&#10;    domain: &quot;syntax&quot;&#10;    ignored: [&quot;$id&quot;,&quot;examples&quot;]&#10;warning: the following keywords are unknown and will be ignored: [$id, examples]&#10;    level: &quot;warning&quot;&#10;    schema: {&quot;loadingURI&quot;:&quot;#&quot;,&quot;pointer&quot;:&quot;/items/properties/id&quot;}&#10;    domain: &quot;syntax&quot;&#10;    ignored: [&quot;$id&quot;,&quot;examples&quot;]&#10;warning: the following keywords are unknown and will be ignored: [$id, examples]&#10;    level: &quot;warning&quot;&#10;    schema: {&quot;loadingURI&quot;:&quot;#&quot;,&quot;pointer&quot;:&quot;/items/properties/name&quot;}&#10;    domain: &quot;syntax&quot;&#10;    ignored: [&quot;$id&quot;,&quot;examples&quot;]&#10;warning: the following keywords are unknown and will be ignored: [$id]&#10;    level: &quot;warning&quot;&#10;    schema: {&quot;loadingURI&quot;:&quot;#&quot;,&quot;pointer&quot;:&quot;/items/properties/photoUrls&quot;}&#10;    domain: &quot;syntax&quot;&#10;    ignored: [&quot;$id&quot;]&#10;warning: the following keywords are unknown and will be ignored: [$id, examples]&#10;    level: &quot;warning&quot;&#10;    schema: {&quot;loadingURI&quot;:&quot;#&quot;,&quot;pointer&quot;:&quot;/items/properties/photoUrls/items&quot;}&#10;    domain: &quot;syntax&quot;&#10;    ignored: [&quot;$id&quot;,&quot;examples&quot;]&#10;warning: the following keywords are unknown and will be ignored: [$id, examples]&#10;    level: &quot;warning&quot;&#10;    schema: {&quot;loadingURI&quot;:&quot;#&quot;,&quot;pointer&quot;:&quot;/items/properties/status&quot;}&#10;    domain: &quot;syntax&quot;&#10;    ignored: [&quot;$id&quot;,&quot;examples&quot;]&#10;warning: the following keywords are unknown and will be ignored: [$id]&#10;    level: &quot;warning&quot;&#10;    schema: {&quot;loadingURI&quot;:&quot;#&quot;,&quot;pointer&quot;:&quot;/items/properties/tags&quot;}&#10;    domain: &quot;syntax&quot;&#10;    ignored: [&quot;$id&quot;]&#10;warning: the following keywords are unknown and will be ignored: [$id]&#10;    level: &quot;warning&quot;&#10;    schema: {&quot;loadingURI&quot;:&quot;#&quot;,&quot;pointer&quot;:&quot;/items/properties/tags/items&quot;}&#10;    domain: &quot;syntax&quot;&#10;    ignored: [&quot;$id&quot;]&#10;warning: the following keywords are unknown and will be ignored: [$id, examples]&#10;    level: &quot;warning&quot;&#10;    schema: {&quot;loadingURI&quot;:&quot;#&quot;,&quot;pointer&quot;:&quot;/items/properties/tags/items/properties/id&quot;}&#10;    domain: &quot;syntax&quot;&#10;    ignored: [&quot;$id&quot;,&quot;examples&quot;]&#10;warning: the following keywords are unknown and will be ignored: [$id, examples]&#10;    level: &quot;warning&quot;&#10;    schema: {&quot;loadingURI&quot;:&quot;#&quot;,&quot;pointer&quot;:&quot;/items/properties/tags/items/properties/name&quot;}&#10;    domain: &quot;syntax&quot;&#10;    ignored: [&quot;$id&quot;,&quot;examples&quot;]&#10;warning: the following keywords are unknown and will be ignored: [$id]&#10;    level: &quot;warning&quot;&#10;    schema: {&quot;loadingURI&quot;:&quot;#&quot;,&quot;pointer&quot;:&quot;/items&quot;}&#10;    domain: &quot;syntax&quot;&#10;    ignored: [&quot;$id&quot;]&#10;warning: the following keywords are unknown and will be ignored: [$id]&#10;    level: &quot;warning&quot;&#10;    schema: {&quot;loadingURI&quot;:&quot;#&quot;,&quot;pointer&quot;:&quot;/items/properties/category&quot;}&#10;    domain: &quot;syntax&quot;&#10;    ignored: [&quot;$id&quot;]&#10;warning: the following keywords are unknown and will be ignored: [$id, examples]&#10;    level: &quot;warning&quot;&#10;    schema: {&quot;loadingURI&quot;:&quot;#&quot;,&quot;pointer&quot;:&quot;/items/properties/category/properties/id&quot;}&#10;    domain: &quot;syntax&quot;&#10;    ignored: [&quot;$id&quot;,&quot;examples&quot;]&#10;warning: the following keywords are unknown and will be ignored: [$id, examples]&#10;    level: &quot;warning&quot;&#10;    schema: {&quot;loadingURI&quot;:&quot;#&quot;,&quot;pointer&quot;:&quot;/items/properties/category/properties/name&quot;}&#10;    domain: &quot;syntax&quot;&#10;    ignored: [&quot;$id&quot;,&quot;examples&quot;]&#10;warning: the following keywords are unknown and will be ignored: [$id, examples]&#10;    level: &quot;warning&quot;&#10;    schema: {&quot;loadingURI&quot;:&quot;#&quot;,&quot;pointer&quot;:&quot;/items/properties/id&quot;}&#10;    domain: &quot;syntax&quot;&#10;    ignored: [&quot;$id&quot;,&quot;examples&quot;]&#10;warning: the following keywords are unknown and will be ignored: [$id, examples]&#10;    level: &quot;warning&quot;&#10;    schema: {&quot;loadingURI&quot;:&quot;#&quot;,&quot;pointer&quot;:&quot;/items/properties/name&quot;}&#10;    domain: &quot;syntax&quot;&#10;    ignored: [&quot;$id&quot;,&quot;examples&quot;]&#10;warning: the following keywords are unknown and will be ignored: [$id]&#10;    level: &quot;warning&quot;&#10;    schema: {&quot;loadingURI&quot;:&quot;#&quot;,&quot;pointer&quot;:&quot;/items/properties/photoUrls&quot;}&#10;    domain: &quot;syntax&quot;&#10;    ignored: [&quot;$id&quot;]&#10;warning: the following keywords are unknown and will be ignored: [$id, examples]&#10;    level: &quot;warning&quot;&#10;    schema: {&quot;loadingURI&quot;:&quot;#&quot;,&quot;pointer&quot;:&quot;/items/properties/photoUrls/items&quot;}&#10;    domain: &quot;syntax&quot;&#10;    ignored: [&quot;$id&quot;,&quot;examples&quot;]&#10;warning: the following keywords are unknown and will be ignored: [$id, examples]&#10;    level: &quot;warning&quot;&#10;    schema: {&quot;loadingURI&quot;:&quot;#&quot;,&quot;pointer&quot;:&quot;/items/properties/status&quot;}&#10;    domain: &quot;syntax&quot;&#10;    ignored: [&quot;$id&quot;,&quot;examples&quot;]&#10;warning: the following keywords are unknown and will be ignored: [$id]&#10;    level: &quot;warning&quot;&#10;    schema: {&quot;loadingURI&quot;:&quot;#&quot;,&quot;pointer&quot;:&quot;/items/properties/tags&quot;}&#10;    domain: &quot;syntax&quot;&#10;    ignored: [&quot;$id&quot;]&#10;warning: the following keywords are unknown and will be ignored: [$id]&#10;    level: &quot;warning&quot;&#10;    schema: {&quot;loadingURI&quot;:&quot;#&quot;,&quot;pointer&quot;:&quot;/items/properties/tags/items&quot;}&#10;    domain: &quot;syntax&quot;&#10;    ignored: [&quot;$id&quot;]&#10;warning: the following keywords are unknown and will be ignored: [$id, examples]&#10;    level: &quot;warning&quot;&#10;    schema: {&quot;loadingURI&quot;:&quot;#&quot;,&quot;pointer&quot;:&quot;/items/properties/tags/items/properties/id&quot;}&#10;    domain: &quot;syntax&quot;&#10;    ignored: [&quot;$id&quot;,&quot;examples&quot;]&#10;warning: the following keywords are unknown and will be ignored: [$id, examples]&#10;    level: &quot;warning&quot;&#10;    schema: {&quot;loadingURI&quot;:&quot;#&quot;,&quot;pointer&quot;:&quot;/items/properties/tags/items/properties/name&quot;}&#10;    domain: &quot;syntax&quot;&#10;    ignored: [&quot;$id&quot;,&quot;examples&quot;]&#10;warning: the following keywords are unknown and will be ignored: [$id]&#10;    level: &quot;warning&quot;&#10;    schema: {&quot;loadingURI&quot;:&quot;#&quot;,&quot;pointer&quot;:&quot;/items&quot;}&#10;    domain: &quot;syntax&quot;&#10;    ignored: [&quot;$id&quot;]&#10;warning: the following keywords are unknown and will be ignored: [$id]&#10;    level: &quot;warning&quot;&#10;    schema: {&quot;loadingURI&quot;:&quot;#&quot;,&quot;pointer&quot;:&quot;/items/properties/category&quot;}&#10;    domain: &quot;syntax&quot;&#10;    ignored: [&quot;$id&quot;]&#10;warning: the following keywords are unknown and will be ignored: [$id, examples]&#10;    level: &quot;warning&quot;&#10;    schema: {&quot;loadingURI&quot;:&quot;#&quot;,&quot;pointer&quot;:&quot;/items/properties/category/properties/id&quot;}&#10;    domain: &quot;syntax&quot;&#10;    ignored: [&quot;$id&quot;,&quot;examples&quot;]&#10;warning: the following keywords are unknown and will be ignored: [$id, examples]&#10;    level: &quot;warning&quot;&#10;    schema: {&quot;loadingURI&quot;:&quot;#&quot;,&quot;pointer&quot;:&quot;/items/properties/category/properties/name&quot;}&#10;    domain: &quot;syntax&quot;&#10;    ignored: [&quot;$id&quot;,&quot;examples&quot;]&#10;warning: the following keywords are unknown and will be ignored: [$id, examples]&#10;    level: &quot;warning&quot;&#10;    schema: {&quot;loadingURI&quot;:&quot;#&quot;,&quot;pointer&quot;:&quot;/items/properties/id&quot;}&#10;    domain: &quot;syntax&quot;&#10;    ignored: [&quot;$id&quot;,&quot;examples&quot;]&#10;warning: the following keywords are unknown and will be ignored: [$id, examples]&#10;    level: &quot;warning&quot;&#10;    schema: {&quot;loadingURI&quot;:&quot;#&quot;,&quot;pointer&quot;:&quot;/items/properties/name&quot;}&#10;    domain: &quot;syntax&quot;&#10;    ignored: [&quot;$id&quot;,&quot;examples&quot;]&#10;warning: the following keywords are unknown and will be ignored: [$id]&#10;    level: &quot;warning&quot;&#10;    schema: {&quot;loadingURI&quot;:&quot;#&quot;,&quot;pointer&quot;:&quot;/items/properties/photoUrls&quot;}&#10;    domain: &quot;syntax&quot;&#10;    ignored: [&quot;$id&quot;]&#10;warning: the following keywords are unknown and will be ignored: [$id, examples]&#10;    level: &quot;warning&quot;&#10;    schema: {&quot;loadingURI&quot;:&quot;#&quot;,&quot;pointer&quot;:&quot;/items/properties/photoUrls/items&quot;}&#10;    domain: &quot;syntax&quot;&#10;    ignored: [&quot;$id&quot;,&quot;examples&quot;]&#10;warning: the following keywords are unknown and will be ignored: [$id, examples]&#10;    level: &quot;warning&quot;&#10;    schema: {&quot;loadingURI&quot;:&quot;#&quot;,&quot;pointer&quot;:&quot;/items/properties/status&quot;}&#10;    domain: &quot;syntax&quot;&#10;    ignored: [&quot;$id&quot;,&quot;examples&quot;]&#10;warning: the following keywords are unknown and will be ignored: [$id]&#10;    level: &quot;warning&quot;&#10;    schema: {&quot;loadingURI&quot;:&quot;#&quot;,&quot;pointer&quot;:&quot;/items/properties/tags&quot;}&#10;    domain: &quot;syntax&quot;&#10;    ignored: [&quot;$id&quot;]&#10;warning: the following keywords are unknown and will be ignored: [$id]&#10;    level: &quot;warning&quot;&#10;    schema: {&quot;loadingURI&quot;:&quot;#&quot;,&quot;pointer&quot;:&quot;/items/properties/tags/items&quot;}&#10;    domain: &quot;syntax&quot;&#10;    ignored: [&quot;$id&quot;]&#10;warning: the following keywords are unknown and will be ignored: [$id, examples]&#10;    level: &quot;warning&quot;&#10;    schema: {&quot;loadingURI&quot;:&quot;#&quot;,&quot;pointer&quot;:&quot;/items/properties/tags/items/properties/id&quot;}&#10;    domain: &quot;syntax&quot;&#10;    ignored: [&quot;$id&quot;,&quot;examples&quot;]&#10;warning: the following keywords are unknown and will be ignored: [$id, examples]&#10;    level: &quot;warning&quot;&#10;    schema: {&quot;loadingURI&quot;:&quot;#&quot;,&quot;pointer&quot;:&quot;/items/properties/tags/items/properties/name&quot;}&#10;    domain: &quot;syntax&quot;&#10;    ignored: [&quot;$id&quot;,&quot;examples&quot;]&#10;warning: the following keywords are unknown and will be ignored: [$id]&#10;    level: &quot;warning&quot;&#10;    schema: {&quot;loadingURI&quot;:&quot;#&quot;,&quot;pointer&quot;:&quot;/items&quot;}&#10;    domain: &quot;syntax&quot;&#10;    ignored: [&quot;$id&quot;]&#10;warning: the following keywords are unknown and will be ignored: [$id]&#10;    level: &quot;warning&quot;&#10;    schema: {&quot;loadingURI&quot;:&quot;#&quot;,&quot;pointer&quot;:&quot;/items/properties/category&quot;}&#10;    domain: &quot;syntax&quot;&#10;    ignored: [&quot;$id&quot;]&#10;warning: the following keywords are unknown and will be ignored: [$id, examples]&#10;    level: &quot;warning&quot;&#10;    schema: {&quot;loadingURI&quot;:&quot;#&quot;,&quot;pointer&quot;:&quot;/items/properties/category/properties/id&quot;}&#10;    domain: &quot;syntax&quot;&#10;    ignored: [&quot;$id&quot;,&quot;examples&quot;]&#10;warning: the following keywords are unknown and will be ignored: [$id, examples]&#10;    level: &quot;warning&quot;&#10;    schema: {&quot;loadingURI&quot;:&quot;#&quot;,&quot;pointer&quot;:&quot;/items/properties/category/properties/name&quot;}&#10;    domain: &quot;syntax&quot;&#10;    ignored: [&quot;$id&quot;,&quot;examples&quot;]&#10;warning: the following keywords are unknown and will be ignored: [$id, examples]&#10;    level: &quot;warning&quot;&#10;    schema: {&quot;loadingURI&quot;:&quot;#&quot;,&quot;pointer&quot;:&quot;/items/properties/id&quot;}&#10;    domain: &quot;syntax&quot;&#10;    ignored: [&quot;$id&quot;,&quot;examples&quot;]&#10;warning: the following keywords are unknown and will be ignored: [$id, examples]&#10;    level: &quot;warning&quot;&#10;    schema: {&quot;loadingURI&quot;:&quot;#&quot;,&quot;pointer&quot;:&quot;/items/properties/name&quot;}&#10;    domain: &quot;syntax&quot;&#10;    ignored: [&quot;$id&quot;,&quot;examples&quot;]&#10;warning: the following keywords are unknown and will be ignored: [$id]&#10;    level: &quot;warning&quot;&#10;    schema: {&quot;loadingURI&quot;:&quot;#&quot;,&quot;pointer&quot;:&quot;/items/properties/photoUrls&quot;}&#10;    domain: &quot;syntax&quot;&#10;    ignored: [&quot;$id&quot;]&#10;warning: the following keywords are unknown and will be ignored: [$id, examples]&#10;    level: &quot;warning&quot;&#10;    schema: {&quot;loadingURI&quot;:&quot;#&quot;,&quot;pointer&quot;:&quot;/items/properties/photoUrls/items&quot;}&#10;    domain: &quot;syntax&quot;&#10;    ignored: [&quot;$id&quot;,&quot;examples&quot;]&#10;warning: the following keywords are unknown and will be ignored: [$id, examples]&#10;    level: &quot;warning&quot;&#10;    schema: {&quot;loadingURI&quot;:&quot;#&quot;,&quot;pointer&quot;:&quot;/items/properties/status&quot;}&#10;    domain: &quot;syntax&quot;&#10;    ignored: [&quot;$id&quot;,&quot;examples&quot;]&#10;warning: the following keywords are unknown and will be ignored: [$id]&#10;    level: &quot;warning&quot;&#10;    schema: {&quot;loadingURI&quot;:&quot;#&quot;,&quot;pointer&quot;:&quot;/items/properties/tags&quot;}&#10;    domain: &quot;syntax&quot;&#10;    ignored: [&quot;$id&quot;]&#10;warning: the following keywords are unknown and will be ignored: [$id]&#10;    level: &quot;warning&quot;&#10;    schema: {&quot;loadingURI&quot;:&quot;#&quot;,&quot;pointer&quot;:&quot;/items/properties/tags/items&quot;}&#10;    domain: &quot;syntax&quot;&#10;    ignored: [&quot;$id&quot;]&#10;warning: the following keywords are unknown and will be ignored: [$id, examples]&#10;    level: &quot;warning&quot;&#10;    schema: {&quot;loadingURI&quot;:&quot;#&quot;,&quot;pointer&quot;:&quot;/items/properties/tags/items/properties/id&quot;}&#10;    domain: &quot;syntax&quot;&#10;    ignored: [&quot;$id&quot;,&quot;examples&quot;]&#10;warning: the following keywords are unknown and will be ignored: [$id, examples]&#10;    level: &quot;warning&quot;&#10;    schema: {&quot;loadingURI&quot;:&quot;#&quot;,&quot;pointer&quot;:&quot;/items/properties/tags/items/properties/name&quot;}&#10;    domain: &quot;syntax&quot;&#10;    ignored: [&quot;$id&quot;,&quot;examples&quot;]&#10;warning: the following keywords are unknown and will be ignored: [$id]&#10;    level: &quot;warning&quot;&#10;    schema: {&quot;loadingURI&quot;:&quot;#&quot;,&quot;pointer&quot;:&quot;/items&quot;}&#10;    domain: &quot;syntax&quot;&#10;    ignored: [&quot;$id&quot;]&#10;warning: the following keywords are unknown and will be ignored: [$id]&#10;    level: &quot;warning&quot;&#10;    schema: {&quot;loadingURI&quot;:&quot;#&quot;,&quot;pointer&quot;:&quot;/items/properties/category&quot;}&#10;    domain: &quot;syntax&quot;&#10;    ignored: [&quot;$id&quot;]&#10;warning: the following keywords are unknown and will be ignored: [$id, examples]&#10;    level: &quot;warning&quot;&#10;    schema: {&quot;loadingURI&quot;:&quot;#&quot;,&quot;pointer&quot;:&quot;/items/properties/category/properties/id&quot;}&#10;    domain: &quot;syntax&quot;&#10;    ignored: [&quot;$id&quot;,&quot;examples&quot;]&#10;warning: the following keywords are unknown and will be ignored: [$id, examples]&#10;    level: &quot;warning&quot;&#10;    schema: {&quot;loadingURI&quot;:&quot;#&quot;,&quot;pointer&quot;:&quot;/items/properties/category/properties/name&quot;}&#10;    domain: &quot;syntax&quot;&#10;    ignored: [&quot;$id&quot;,&quot;examples&quot;]&#10;warning: the following keywords are unknown and will be ignored: [$id, examples]&#10;    level: &quot;warning&quot;&#10;    schema: {&quot;loadingURI&quot;:&quot;#&quot;,&quot;pointer&quot;:&quot;/items/properties/id&quot;}&#10;    domain: &quot;syntax&quot;&#10;    ignored: [&quot;$id&quot;,&quot;examples&quot;]&#10;warning: the following keywords are unknown and will be ignored: [$id, examples]&#10;    level: &quot;warning&quot;&#10;    schema: {&quot;loadingURI&quot;:&quot;#&quot;,&quot;pointer&quot;:&quot;/items/properties/name&quot;}&#10;    domain: &quot;syntax&quot;&#10;    ignored: [&quot;$id&quot;,&quot;examples&quot;]&#10;warning: the following keywords are unknown and will be ignored: [$id]&#10;    level: &quot;warning&quot;&#10;    schema: {&quot;loadingURI&quot;:&quot;#&quot;,&quot;pointer&quot;:&quot;/items/properties/photoUrls&quot;}&#10;    domain: &quot;syntax&quot;&#10;    ignored: [&quot;$id&quot;]&#10;warning: the following keywords are unknown and will be ignored: [$id, examples]&#10;    level: &quot;warning&quot;&#10;    schema: {&quot;loadingURI&quot;:&quot;#&quot;,&quot;pointer&quot;:&quot;/items/properties/photoUrls/items&quot;}&#10;    domain: &quot;syntax&quot;&#10;    ignored: [&quot;$id&quot;,&quot;examples&quot;]&#10;warning: the following keywords are unknown and will be ignored: [$id, examples]&#10;    level: &quot;warning&quot;&#10;    schema: {&quot;loadingURI&quot;:&quot;#&quot;,&quot;pointer&quot;:&quot;/items/properties/status&quot;}&#10;    domain: &quot;syntax&quot;&#10;    ignored: [&quot;$id&quot;,&quot;examples&quot;]&#10;warning: the following keywords are unknown and will be ignored: [$id]&#10;    level: &quot;warning&quot;&#10;    schema: {&quot;loadingURI&quot;:&quot;#&quot;,&quot;pointer&quot;:&quot;/items/properties/tags&quot;}&#10;    domain: &quot;syntax&quot;&#10;    ignored: [&quot;$id&quot;]&#10;warning: the following keywords are unknown and will be ignored: [$id]&#10;    level: &quot;warning&quot;&#10;    schema: {&quot;loadingURI&quot;:&quot;#&quot;,&quot;pointer&quot;:&quot;/items/properties/tags/items&quot;}&#10;    domain: &quot;syntax&quot;&#10;    ignored: [&quot;$id&quot;]&#10;warning: the following keywords are unknown and will be ignored: [$id, examples]&#10;    level: &quot;warning&quot;&#10;    schema: {&quot;loadingURI&quot;:&quot;#&quot;,&quot;pointer&quot;:&quot;/items/properties/tags/items/properties/id&quot;}&#10;    domain: &quot;syntax&quot;&#10;    ignored: [&quot;$id&quot;,&quot;examples&quot;]&#10;warning: the following keywords are unknown and will be ignored: [$id, examples]&#10;    level: &quot;warning&quot;&#10;    schema: {&quot;loadingURI&quot;:&quot;#&quot;,&quot;pointer&quot;:&quot;/items/properties/tags/items/properties/name&quot;}&#10;    domain: &quot;syntax&quot;&#10;    ignored: [&quot;$id&quot;,&quot;examples&quot;]&#10;warning: the following keywords are unknown and will be ignored: [$id]&#10;    level: &quot;warning&quot;&#10;    schema: {&quot;loadingURI&quot;:&quot;#&quot;,&quot;pointer&quot;:&quot;/items&quot;}&#10;    domain: &quot;syntax&quot;&#10;    ignored: [&quot;$id&quot;]&#10;warning: the following keywords are unknown and will be ignored: [$id]&#10;    level: &quot;warning&quot;&#10;    schema: {&quot;loadingURI&quot;:&quot;#&quot;,&quot;pointer&quot;:&quot;/items/properties/category&quot;}&#10;    domain: &quot;syntax&quot;&#10;    ignored: [&quot;$id&quot;]&#10;warning: the following keywords are unknown and will be ignored: [$id, examples]&#10;    level: &quot;warning&quot;&#10;    schema: {&quot;loadingURI&quot;:&quot;#&quot;,&quot;pointer&quot;:&quot;/items/properties/category/properties/id&quot;}&#10;    domain: &quot;syntax&quot;&#10;    ignored: [&quot;$id&quot;,&quot;examples&quot;]&#10;warning: the following keywords are unknown and will be ignored: [$id, examples]&#10;    level: &quot;warning&quot;&#10;    schema: {&quot;loadingURI&quot;:&quot;#&quot;,&quot;pointer&quot;:&quot;/items/properties/category/properties/name&quot;}&#10;    domain: &quot;syntax&quot;&#10;    ignored: [&quot;$id&quot;,&quot;examples&quot;]&#10;warning: the following keywords are unknown and will be ignored: [$id, examples]&#10;    level: &quot;warning&quot;&#10;    schema: {&quot;loadingURI&quot;:&quot;#&quot;,&quot;pointer&quot;:&quot;/items/properties/id&quot;}&#10;    domain: &quot;syntax&quot;&#10;    ignored: [&quot;$id&quot;,&quot;examples&quot;]&#10;warning: the following keywords are unknown and will be ignored: [$id, examples]&#10;    level: &quot;warning&quot;&#10;    schema: {&quot;loadingURI&quot;:&quot;#&quot;,&quot;pointer&quot;:&quot;/items/properties/name&quot;}&#10;    domain: &quot;syntax&quot;&#10;    ignored: [&quot;$id&quot;,&quot;examples&quot;]&#10;warning: the following keywords are unknown and will be ignored: [$id]&#10;    level: &quot;warning&quot;&#10;    schema: {&quot;loadingURI&quot;:&quot;#&quot;,&quot;pointer&quot;:&quot;/items/properties/photoUrls&quot;}&#10;    domain: &quot;syntax&quot;&#10;    ignored: [&quot;$id&quot;]&#10;warning: the following keywords are unknown and will be ignored: [$id, examples]&#10;    level: &quot;warning&quot;&#10;    schema: {&quot;loadingURI&quot;:&quot;#&quot;,&quot;pointer&quot;:&quot;/items/properties/photoUrls/items&quot;}&#10;    domain: &quot;syntax&quot;&#10;    ignored: [&quot;$id&quot;,&quot;examples&quot;]&#10;warning: the following keywords are unknown and will be ignored: [$id, examples]&#10;    level: &quot;warning&quot;&#10;    schema: {&quot;loadingURI&quot;:&quot;#&quot;,&quot;pointer&quot;:&quot;/items/properties/status&quot;}&#10;    domain: &quot;syntax&quot;&#10;    ignored: [&quot;$id&quot;,&quot;examples&quot;]&#10;warning: the following keywords are unknown and will be ignored: [$id]&#10;    level: &quot;warning&quot;&#10;    schema: {&quot;loadingURI&quot;:&quot;#&quot;,&quot;pointer&quot;:&quot;/items/properties/tags&quot;}&#10;    domain: &quot;syntax&quot;&#10;    ignored: [&quot;$id&quot;]&#10;warning: the following keywords are unknown and will be ignored: [$id]&#10;    level: &quot;warning&quot;&#10;    schema: {&quot;loadingURI&quot;:&quot;#&quot;,&quot;pointer&quot;:&quot;/items/properties/tags/items&quot;}&#10;    domain: &quot;syntax&quot;&#10;    ignored: [&quot;$id&quot;]&#10;warning: the following keywords are unknown and will be ignored: [$id, examples]&#10;    level: &quot;warning&quot;&#10;    schema: {&quot;loadingURI&quot;:&quot;#&quot;,&quot;pointer&quot;:&quot;/items/properties/tags/items/properties/id&quot;}&#10;    domain: &quot;syntax&quot;&#10;    ignored: [&quot;$id&quot;,&quot;examples&quot;]&#10;warning: the following keywords are unknown and will be ignored: [$id, examples]&#10;    level: &quot;warning&quot;&#10;    schema: {&quot;loadingURI&quot;:&quot;#&quot;,&quot;pointer&quot;:&quot;/items/properties/tags/items/properties/name&quot;}&#10;    domain: &quot;syntax&quot;&#10;    ignored: [&quot;$id&quot;,&quot;examples&quot;]&#10;warning: the following keywords are unknown and will be ignored: [$id]&#10;    level: &quot;warning&quot;&#10;    schema: {&quot;loadingURI&quot;:&quot;#&quot;,&quot;pointer&quot;:&quot;/items&quot;}&#10;    domain: &quot;syntax&quot;&#10;    ignored: [&quot;$id&quot;]&#10;warning: the following keywords are unknown and will be ignored: [$id]&#10;    level: &quot;warning&quot;&#10;    schema: {&quot;loadingURI&quot;:&quot;#&quot;,&quot;pointer&quot;:&quot;/items/properties/category&quot;}&#10;    domain: &quot;syntax&quot;&#10;    ignored: [&quot;$id&quot;]&#10;warning: the following keywords are unknown and will be ignored: [$id, examples]&#10;    level: &quot;warning&quot;&#10;    schema: {&quot;loadingURI&quot;:&quot;#&quot;,&quot;pointer&quot;:&quot;/items/properties/category/properties/id&quot;}&#10;    domain: &quot;syntax&quot;&#10;    ignored: [&quot;$id&quot;,&quot;examples&quot;]&#10;warning: the following keywords are unknown and will be ignored: [$id, examples]&#10;    level: &quot;warning&quot;&#10;    schema: {&quot;loadingURI&quot;:&quot;#&quot;,&quot;pointer&quot;:&quot;/items/properties/category/properties/name&quot;}&#10;    domain: &quot;syntax&quot;&#10;    ignored: [&quot;$id&quot;,&quot;examples&quot;]&#10;warning: the following keywords are unknown and will be ignored: [$id, examples]&#10;    level: &quot;warning&quot;&#10;    schema: {&quot;loadingURI&quot;:&quot;#&quot;,&quot;pointer&quot;:&quot;/items/properties/id&quot;}&#10;    domain: &quot;syntax&quot;&#10;    ignored: [&quot;$id&quot;,&quot;examples&quot;]&#10;warning: the following keywords are unknown and will be ignored: [$id, examples]&#10;    level: &quot;warning&quot;&#10;    schema: {&quot;loadingURI&quot;:&quot;#&quot;,&quot;pointer&quot;:&quot;/items/properties/name&quot;}&#10;    domain: &quot;syntax&quot;&#10;    ignored: [&quot;$id&quot;,&quot;examples&quot;]&#10;warning: the following keywords are unknown and will be ignored: [$id]&#10;    level: &quot;warning&quot;&#10;    schema: {&quot;loadingURI&quot;:&quot;#&quot;,&quot;pointer&quot;:&quot;/items/properties/photoUrls&quot;}&#10;    domain: &quot;syntax&quot;&#10;    ignored: [&quot;$id&quot;]&#10;warning: the following keywords are unknown and will be ignored: [$id, examples]&#10;    level: &quot;warning&quot;&#10;    schema: {&quot;loadingURI&quot;:&quot;#&quot;,&quot;pointer&quot;:&quot;/items/properties/photoUrls/items&quot;}&#10;    domain: &quot;syntax&quot;&#10;    ignored: [&quot;$id&quot;,&quot;examples&quot;]&#10;warning: the following keywords are unknown and will be ignored: [$id, examples]&#10;    level: &quot;warning&quot;&#10;    schema: {&quot;loadingURI&quot;:&quot;#&quot;,&quot;pointer&quot;:&quot;/items/properties/status&quot;}&#10;    domain: &quot;syntax&quot;&#10;    ignored: [&quot;$id&quot;,&quot;examples&quot;]&#10;warning: the following keywords are unknown and will be ignored: [$id]&#10;    level: &quot;warning&quot;&#10;    schema: {&quot;loadingURI&quot;:&quot;#&quot;,&quot;pointer&quot;:&quot;/items/properties/tags&quot;}&#10;    domain: &quot;syntax&quot;&#10;    ignored: [&quot;$id&quot;]&#10;warning: the following keywords are unknown and will be ignored: [$id]&#10;    level: &quot;warning&quot;&#10;    schema: {&quot;loadingURI&quot;:&quot;#&quot;,&quot;pointer&quot;:&quot;/items/properties/tags/items&quot;}&#10;    domain: &quot;syntax&quot;&#10;    ignored: [&quot;$id&quot;]&#10;warning: the following keywords are unknown and will be ignored: [$id, examples]&#10;    level: &quot;warning&quot;&#10;    schema: {&quot;loadingURI&quot;:&quot;#&quot;,&quot;pointer&quot;:&quot;/items/properties/tags/items/properties/id&quot;}&#10;    domain: &quot;syntax&quot;&#10;    ignored: [&quot;$id&quot;,&quot;examples&quot;]&#10;warning: the following keywords are unknown and will be ignored: [$id, examples]&#10;    level: &quot;warning&quot;&#10;    schema: {&quot;loadingURI&quot;:&quot;#&quot;,&quot;pointer&quot;:&quot;/items/properties/tags/items/properties/name&quot;}&#10;    domain: &quot;syntax&quot;&#10;    ignored: [&quot;$id&quot;,&quot;examples&quot;]&#10;warning: the following keywords are unknown and will be ignored: [$id]&#10;    level: &quot;warning&quot;&#10;    schema: {&quot;loadingURI&quot;:&quot;#&quot;,&quot;pointer&quot;:&quot;/items&quot;}&#10;    domain: &quot;syntax&quot;&#10;    ignored: [&quot;$id&quot;]&#10;warning: the following keywords are unknown and will be ignored: [$id]&#10;    level: &quot;warning&quot;&#10;    schema: {&quot;loadingURI&quot;:&quot;#&quot;,&quot;pointer&quot;:&quot;/items/properties/category&quot;}&#10;    domain: &quot;syntax&quot;&#10;    ignored: [&quot;$id&quot;]&#10;warning: the following keywords are unknown and will be ignored: [$id, examples]&#10;    level: &quot;warning&quot;&#10;    schema: {&quot;loadingURI&quot;:&quot;#&quot;,&quot;pointer&quot;:&quot;/items/properties/category/properties/id&quot;}&#10;    domain: &quot;syntax&quot;&#10;    ignored: [&quot;$id&quot;,&quot;examples&quot;]&#10;warning: the following keywords are unknown and will be ignored: [$id, examples]&#10;    level: &quot;warning&quot;&#10;    schema: {&quot;loadingURI&quot;:&quot;#&quot;,&quot;pointer&quot;:&quot;/items/properties/category/properties/name&quot;}&#10;    domain: &quot;syntax&quot;&#10;    ignored: [&quot;$id&quot;,&quot;examples&quot;]&#10;warning: the following keywords are unknown and will be ignored: [$id, examples]&#10;    level: &quot;warning&quot;&#10;    schema: {&quot;loadingURI&quot;:&quot;#&quot;,&quot;pointer&quot;:&quot;/items/properties/id&quot;}&#10;    domain: &quot;syntax&quot;&#10;    ignored: [&quot;$id&quot;,&quot;examples&quot;]&#10;warning: the following keywords are unknown and will be ignored: [$id, examples]&#10;    level: &quot;warning&quot;&#10;    schema: {&quot;loadingURI&quot;:&quot;#&quot;,&quot;pointer&quot;:&quot;/items/properties/name&quot;}&#10;    domain: &quot;syntax&quot;&#10;    ignored: [&quot;$id&quot;,&quot;examples&quot;]&#10;warning: the following keywords are unknown and will be ignored: [$id]&#10;    level: &quot;warning&quot;&#10;    schema: {&quot;loadingURI&quot;:&quot;#&quot;,&quot;pointer&quot;:&quot;/items/properties/photoUrls&quot;}&#10;    domain: &quot;syntax&quot;&#10;    ignored: [&quot;$id&quot;]&#10;warning: the following keywords are unknown and will be ignored: [$id, examples]&#10;    level: &quot;warning&quot;&#10;    schema: {&quot;loadingURI&quot;:&quot;#&quot;,&quot;pointer&quot;:&quot;/items/properties/photoUrls/items&quot;}&#10;    domain: &quot;syntax&quot;&#10;    ignored: [&quot;$id&quot;,&quot;examples&quot;]&#10;warning: the following keywords are unknown and will be ignored: [$id, examples]&#10;    level: &quot;warning&quot;&#10;    schema: {&quot;loadingURI&quot;:&quot;#&quot;,&quot;pointer&quot;:&quot;/items/properties/status&quot;}&#10;    domain: &quot;syntax&quot;&#10;    ignored: [&quot;$id&quot;,&quot;examples&quot;]&#10;warning: the following keywords are unknown and will be ignored: [$id]&#10;    level: &quot;warning&quot;&#10;    schema: {&quot;loadingURI&quot;:&quot;#&quot;,&quot;pointer&quot;:&quot;/items/properties/tags&quot;}&#10;    domain: &quot;syntax&quot;&#10;    ignored: [&quot;$id&quot;]&#10;warning: the following keywords are unknown and will be ignored: [$id]&#10;    level: &quot;warning&quot;&#10;    schema: {&quot;loadingURI&quot;:&quot;#&quot;,&quot;pointer&quot;:&quot;/items/properties/tags/items&quot;}&#10;    domain: &quot;syntax&quot;&#10;    ignored: [&quot;$id&quot;]&#10;warning: the following keywords are unknown and will be ignored: [$id, examples]&#10;    level: &quot;warning&quot;&#10;    schema: {&quot;loadingURI&quot;:&quot;#&quot;,&quot;pointer&quot;:&quot;/items/properties/tags/items/properties/id&quot;}&#10;    domain: &quot;syntax&quot;&#10;    ignored: [&quot;$id&quot;,&quot;examples&quot;]&#10;warning: the following keywords are unknown and will be ignored: [$id, examples]&#10;    level: &quot;warning&quot;&#10;    schema: {&quot;loadingURI&quot;:&quot;#&quot;,&quot;pointer&quot;:&quot;/items/properties/tags/items/properties/name&quot;}&#10;    domain: &quot;syntax&quot;&#10;    ignored: [&quot;$id&quot;,&quot;examples&quot;]&#10;warning: the following keywords are unknown and will be ignored: [$id]&#10;    level: &quot;warning&quot;&#10;    schema: {&quot;loadingURI&quot;:&quot;#&quot;,&quot;pointer&quot;:&quot;/items&quot;}&#10;    domain: &quot;syntax&quot;&#10;    ignored: [&quot;$id&quot;]&#10;warning: the following keywords are unknown and will be ignored: [$id]&#10;    level: &quot;warning&quot;&#10;    schema: {&quot;loadingURI&quot;:&quot;#&quot;,&quot;pointer&quot;:&quot;/items/properties/category&quot;}&#10;    domain: &quot;syntax&quot;&#10;    ignored: [&quot;$id&quot;]&#10;warning: the following keywords are unknown and will be ignored: [$id, examples]&#10;    level: &quot;warning&quot;&#10;    schema: {&quot;loadingURI&quot;:&quot;#&quot;,&quot;pointer&quot;:&quot;/items/properties/category/properties/id&quot;}&#10;    domain: &quot;syntax&quot;&#10;    ignored: [&quot;$id&quot;,&quot;examples&quot;]&#10;warning: the following keywords are unknown and will be ignored: [$id, examples]&#10;    level: &quot;warning&quot;&#10;    schema: {&quot;loadingURI&quot;:&quot;#&quot;,&quot;pointer&quot;:&quot;/items/properties/category/properties/name&quot;}&#10;    domain: &quot;syntax&quot;&#10;    ignored: [&quot;$id&quot;,&quot;examples&quot;]&#10;warning: the following keywords are unknown and will be ignored: [$id, examples]&#10;    level: &quot;warning&quot;&#10;    schema: {&quot;loadingURI&quot;:&quot;#&quot;,&quot;pointer&quot;:&quot;/items/properties/id&quot;}&#10;    domain: &quot;syntax&quot;&#10;    ignored: [&quot;$id&quot;,&quot;examples&quot;]&#10;warning: the following keywords are unknown and will be ignored: [$id, examples]&#10;    level: &quot;warning&quot;&#10;    schema: {&quot;loadingURI&quot;:&quot;#&quot;,&quot;pointer&quot;:&quot;/items/properties/name&quot;}&#10;    domain: &quot;syntax&quot;&#10;    ignored: [&quot;$id&quot;,&quot;examples&quot;]&#10;warning: the following keywords are unknown and will be ignored: [$id]&#10;    level: &quot;warning&quot;&#10;    schema: {&quot;loadingURI&quot;:&quot;#&quot;,&quot;pointer&quot;:&quot;/items/properties/photoUrls&quot;}&#10;    domain: &quot;syntax&quot;&#10;    ignored: [&quot;$id&quot;]&#10;warning: the following keywords are unknown and will be ignored: [$id, examples]&#10;    level: &quot;warning&quot;&#10;    schema: {&quot;loadingURI&quot;:&quot;#&quot;,&quot;pointer&quot;:&quot;/items/properties/photoUrls/items&quot;}&#10;    domain: &quot;syntax&quot;&#10;    ignored: [&quot;$id&quot;,&quot;examples&quot;]&#10;warning: the following keywords are unknown and will be ignored: [$id, examples]&#10;    level: &quot;warning&quot;&#10;    schema: {&quot;loadingURI&quot;:&quot;#&quot;,&quot;pointer&quot;:&quot;/items/properties/status&quot;}&#10;    domain: &quot;syntax&quot;&#10;    ignored: [&quot;$id&quot;,&quot;examples&quot;]&#10;warning: the following keywords are unknown and will be ignored: [$id]&#10;    level: &quot;warning&quot;&#10;    schema: {&quot;loadingURI&quot;:&quot;#&quot;,&quot;pointer&quot;:&quot;/items/properties/tags&quot;}&#10;    domain: &quot;syntax&quot;&#10;    ignored: [&quot;$id&quot;]&#10;warning: the following keywords are unknown and will be ignored: [$id]&#10;    level: &quot;warning&quot;&#10;    schema: {&quot;loadingURI&quot;:&quot;#&quot;,&quot;pointer&quot;:&quot;/items/properties/tags/items&quot;}&#10;    domain: &quot;syntax&quot;&#10;    ignored: [&quot;$id&quot;]&#10;warning: the following keywords are unknown and will be ignored: [$id, examples]&#10;    level: &quot;warning&quot;&#10;    schema: {&quot;loadingURI&quot;:&quot;#&quot;,&quot;pointer&quot;:&quot;/items/properties/tags/items/properties/id&quot;}&#10;    domain: &quot;syntax&quot;&#10;    ignored: [&quot;$id&quot;,&quot;examples&quot;]&#10;warning: the following keywords are unknown and will be ignored: [$id, examples]&#10;    level: &quot;warning&quot;&#10;    schema: {&quot;loadingURI&quot;:&quot;#&quot;,&quot;pointer&quot;:&quot;/items/properties/tags/items/properties/name&quot;}&#10;    domain: &quot;syntax&quot;&#10;    ignored: [&quot;$id&quot;,&quot;examples&quot;]&#10;warning: the following keywords are unknown and will be ignored: [$id]&#10;    level: &quot;warning&quot;&#10;    schema: {&quot;loadingURI&quot;:&quot;#&quot;,&quot;pointer&quot;:&quot;/items&quot;}&#10;    domain: &quot;syntax&quot;&#10;    ignored: [&quot;$id&quot;]&#10;warning: the following keywords are unknown and will be ignored: [$id]&#10;    level: &quot;warning&quot;&#10;    schema: {&quot;loadingURI&quot;:&quot;#&quot;,&quot;pointer&quot;:&quot;/items/properties/category&quot;}&#10;    domain: &quot;syntax&quot;&#10;    ignored: [&quot;$id&quot;]&#10;warning: the following keywords are unknown and will be ignored: [$id, examples]&#10;    level: &quot;warning&quot;&#10;    schema: {&quot;loadingURI&quot;:&quot;#&quot;,&quot;pointer&quot;:&quot;/items/properties/category/properties/id&quot;}&#10;    domain: &quot;syntax&quot;&#10;    ignored: [&quot;$id&quot;,&quot;examples&quot;]&#10;warning: the following keywords are unknown and will be ignored: [$id, examples]&#10;    level: &quot;warning&quot;&#10;    schema: {&quot;loadingURI&quot;:&quot;#&quot;,&quot;pointer&quot;:&quot;/items/properties/category/properties/name&quot;}&#10;    domain: &quot;syntax&quot;&#10;    ignored: [&quot;$id&quot;,&quot;examples&quot;]&#10;warning: the following keywords are unknown and will be ignored: [$id, examples]&#10;    level: &quot;warning&quot;&#10;    schema: {&quot;loadingURI&quot;:&quot;#&quot;,&quot;pointer&quot;:&quot;/items/properties/id&quot;}&#10;    domain: &quot;syntax&quot;&#10;    ignored: [&quot;$id&quot;,&quot;examples&quot;]&#10;warning: the following keywords are unknown and will be ignored: [$id, examples]&#10;    level: &quot;warning&quot;&#10;    schema: {&quot;loadingURI&quot;:&quot;#&quot;,&quot;pointer&quot;:&quot;/items/properties/name&quot;}&#10;    domain: &quot;syntax&quot;&#10;    ignored: [&quot;$id&quot;,&quot;examples&quot;]&#10;warning: the following keywords are unknown and will be ignored: [$id]&#10;    level: &quot;warning&quot;&#10;    schema: {&quot;loadingURI&quot;:&quot;#&quot;,&quot;pointer&quot;:&quot;/items/properties/photoUrls&quot;}&#10;    domain: &quot;syntax&quot;&#10;    ignored: [&quot;$id&quot;]&#10;warning: the following keywords are unknown and will be ignored: [$id, examples]&#10;    level: &quot;warning&quot;&#10;    schema: {&quot;loadingURI&quot;:&quot;#&quot;,&quot;pointer&quot;:&quot;/items/properties/photoUrls/items&quot;}&#10;    domain: &quot;syntax&quot;&#10;    ignored: [&quot;$id&quot;,&quot;examples&quot;]&#10;warning: the following keywords are unknown and will be ignored: [$id, examples]&#10;    level: &quot;warning&quot;&#10;    schema: {&quot;loadingURI&quot;:&quot;#&quot;,&quot;pointer&quot;:&quot;/items/properties/status&quot;}&#10;    domain: &quot;syntax&quot;&#10;    ignored: [&quot;$id&quot;,&quot;examples&quot;]&#10;warning: the following keywords are unknown and will be ignored: [$id]&#10;    level: &quot;warning&quot;&#10;    schema: {&quot;loadingURI&quot;:&quot;#&quot;,&quot;pointer&quot;:&quot;/items/properties/tags&quot;}&#10;    domain: &quot;syntax&quot;&#10;    ignored: [&quot;$id&quot;]&#10;warning: the following keywords are unknown and will be ignored: [$id]&#10;    level: &quot;warning&quot;&#10;    schema: {&quot;loadingURI&quot;:&quot;#&quot;,&quot;pointer&quot;:&quot;/items/properties/tags/items&quot;}&#10;    domain: &quot;syntax&quot;&#10;    ignored: [&quot;$id&quot;]&#10;warning: the following keywords are unknown and will be ignored: [$id, examples]&#10;    level: &quot;warning&quot;&#10;    schema: {&quot;loadingURI&quot;:&quot;#&quot;,&quot;pointer&quot;:&quot;/items/properties/tags/items/properties/id&quot;}&#10;    domain: &quot;syntax&quot;&#10;    ignored: [&quot;$id&quot;,&quot;examples&quot;]&#10;warning: the following keywords are unknown and will be ignored: [$id, examples]&#10;    level: &quot;warning&quot;&#10;    schema: {&quot;loadingURI&quot;:&quot;#&quot;,&quot;pointer&quot;:&quot;/items/properties/tags/items/properties/name&quot;}&#10;    domain: &quot;syntax&quot;&#10;    ignored: [&quot;$id&quot;,&quot;examples&quot;]&#10;warning: the following keywords are unknown and will be ignored: [$id]&#10;    level: &quot;warning&quot;&#10;    schema: {&quot;loadingURI&quot;:&quot;#&quot;,&quot;pointer&quot;:&quot;/items&quot;}&#10;    domain: &quot;syntax&quot;&#10;    ignored: [&quot;$id&quot;]&#10;warning: the following keywords are unknown and will be ignored: [$id]&#10;    level: &quot;warning&quot;&#10;    schema: {&quot;loadingURI&quot;:&quot;#&quot;,&quot;pointer&quot;:&quot;/items/properties/category&quot;}&#10;    domain: &quot;syntax&quot;&#10;    ignored: [&quot;$id&quot;]&#10;warning: the following keywords are unknown and will be ignored: [$id, examples]&#10;    level: &quot;warning&quot;&#10;    schema: {&quot;loadingURI&quot;:&quot;#&quot;,&quot;pointer&quot;:&quot;/items/properties/category/properties/id&quot;}&#10;    domain: &quot;syntax&quot;&#10;    ignored: [&quot;$id&quot;,&quot;examples&quot;]&#10;warning: the following keywords are unknown and will be ignored: [$id, examples]&#10;    level: &quot;warning&quot;&#10;    schema: {&quot;loadingURI&quot;:&quot;#&quot;,&quot;pointer&quot;:&quot;/items/properties/category/properties/name&quot;}&#10;    domain: &quot;syntax&quot;&#10;    ignored: [&quot;$id&quot;,&quot;examples&quot;]&#10;warning: the following keywords are unknown and will be ignored: [$id, examples]&#10;    level: &quot;warning&quot;&#10;    schema: {&quot;loadingURI&quot;:&quot;#&quot;,&quot;pointer&quot;:&quot;/items/properties/id&quot;}&#10;    domain: &quot;syntax&quot;&#10;    ignored: [&quot;$id&quot;,&quot;examples&quot;]&#10;warning: the following keywords are unknown and will be ignored: [$id, examples]&#10;    level: &quot;warning&quot;&#10;    schema: {&quot;loadingURI&quot;:&quot;#&quot;,&quot;pointer&quot;:&quot;/items/properties/name&quot;}&#10;    domain: &quot;syntax&quot;&#10;    ignored: [&quot;$id&quot;,&quot;examples&quot;]&#10;warning: the following keywords are unknown and will be ignored: [$id]&#10;    level: &quot;warning&quot;&#10;    schema: {&quot;loadingURI&quot;:&quot;#&quot;,&quot;pointer&quot;:&quot;/items/properties/photoUrls&quot;}&#10;    domain: &quot;syntax&quot;&#10;    ignored: [&quot;$id&quot;]&#10;warning: the following keywords are unknown and will be ignored: [$id, examples]&#10;    level: &quot;warning&quot;&#10;    schema: {&quot;loadingURI&quot;:&quot;#&quot;,&quot;pointer&quot;:&quot;/items/properties/photoUrls/items&quot;}&#10;    domain: &quot;syntax&quot;&#10;    ignored: [&quot;$id&quot;,&quot;examples&quot;]&#10;warning: the following keywords are unknown and will be ignored: [$id, examples]&#10;    level: &quot;warning&quot;&#10;    schema: {&quot;loadingURI&quot;:&quot;#&quot;,&quot;pointer&quot;:&quot;/items/properties/status&quot;}&#10;    domain: &quot;syntax&quot;&#10;    ignored: [&quot;$id&quot;,&quot;examples&quot;]&#10;warning: the following keywords are unknown and will be ignored: [$id]&#10;    level: &quot;warning&quot;&#10;    schema: {&quot;loadingURI&quot;:&quot;#&quot;,&quot;pointer&quot;:&quot;/items/properties/tags&quot;}&#10;    domain: &quot;syntax&quot;&#10;    ignored: [&quot;$id&quot;]&#10;warning: the following keywords are unknown and will be ignored: [$id]&#10;    level: &quot;warning&quot;&#10;    schema: {&quot;loadingURI&quot;:&quot;#&quot;,&quot;pointer&quot;:&quot;/items/properties/tags/items&quot;}&#10;    domain: &quot;syntax&quot;&#10;    ignored: [&quot;$id&quot;]&#10;warning: the following keywords are unknown and will be ignored: [$id, examples]&#10;    level: &quot;warning&quot;&#10;    schema: {&quot;loadingURI&quot;:&quot;#&quot;,&quot;pointer&quot;:&quot;/items/properties/tags/items/properties/id&quot;}&#10;    domain: &quot;syntax&quot;&#10;    ignored: [&quot;$id&quot;,&quot;examples&quot;]&#10;warning: the following keywords are unknown and will be ignored: [$id, examples]&#10;    level: &quot;warning&quot;&#10;    schema: {&quot;loadingURI&quot;:&quot;#&quot;,&quot;pointer&quot;:&quot;/items/properties/tags/items/properties/name&quot;}&#10;    domain: &quot;syntax&quot;&#10;    ignored: [&quot;$id&quot;,&quot;examples&quot;]&#10;warning: the following keywords are unknown and will be ignored: [$id]&#10;    level: &quot;warning&quot;&#10;    schema: {&quot;loadingURI&quot;:&quot;#&quot;,&quot;pointer&quot;:&quot;/items&quot;}&#10;    domain: &quot;syntax&quot;&#10;    ignored: [&quot;$id&quot;]&#10;warning: the following keywords are unknown and will be ignored: [$id]&#10;    level: &quot;warning&quot;&#10;    schema: {&quot;loadingURI&quot;:&quot;#&quot;,&quot;pointer&quot;:&quot;/items/properties/category&quot;}&#10;    domain: &quot;syntax&quot;&#10;    ignored: [&quot;$id&quot;]&#10;warning: the following keywords are unknown and will be ignored: [$id, examples]&#10;    level: &quot;warning&quot;&#10;    schema: {&quot;loadingURI&quot;:&quot;#&quot;,&quot;pointer&quot;:&quot;/items/properties/category/properties/id&quot;}&#10;    domain: &quot;syntax&quot;&#10;    ignored: [&quot;$id&quot;,&quot;examples&quot;]&#10;warning: the following keywords are unknown and will be ignored: [$id, examples]&#10;    level: &quot;warning&quot;&#10;    schema: {&quot;loadingURI&quot;:&quot;#&quot;,&quot;pointer&quot;:&quot;/items/properties/category/properties/name&quot;}&#10;    domain: &quot;syntax&quot;&#10;    ignored: [&quot;$id&quot;,&quot;examples&quot;]&#10;warning: the following keywords are unknown and will be ignored: [$id, examples]&#10;    level: &quot;warning&quot;&#10;    schema: {&quot;loadingURI&quot;:&quot;#&quot;,&quot;pointer&quot;:&quot;/items/properties/id&quot;}&#10;    domain: &quot;syntax&quot;&#10;    ignored: [&quot;$id&quot;,&quot;examples&quot;]&#10;warning: the following keywords are unknown and will be ignored: [$id, examples]&#10;    level: &quot;warning&quot;&#10;    schema: {&quot;loadingURI&quot;:&quot;#&quot;,&quot;pointer&quot;:&quot;/items/properties/name&quot;}&#10;    domain: &quot;syntax&quot;&#10;    ignored: [&quot;$id&quot;,&quot;examples&quot;]&#10;warning: the following keywords are unknown and will be ignored: [$id]&#10;    level: &quot;warning&quot;&#10;    schema: {&quot;loadingURI&quot;:&quot;#&quot;,&quot;pointer&quot;:&quot;/items/properties/photoUrls&quot;}&#10;    domain: &quot;syntax&quot;&#10;    ignored: [&quot;$id&quot;]&#10;warning: the following keywords are unknown and will be ignored: [$id, examples]&#10;    level: &quot;warning&quot;&#10;    schema: {&quot;loadingURI&quot;:&quot;#&quot;,&quot;pointer&quot;:&quot;/items/properties/photoUrls/items&quot;}&#10;    domain: &quot;syntax&quot;&#10;    ignored: [&quot;$id&quot;,&quot;examples&quot;]&#10;warning: the following keywords are unknown and will be ignored: [$id, examples]&#10;    level: &quot;warning&quot;&#10;    schema: {&quot;loadingURI&quot;:&quot;#&quot;,&quot;pointer&quot;:&quot;/items/properties/status&quot;}&#10;    domain: &quot;syntax&quot;&#10;    ignored: [&quot;$id&quot;,&quot;examples&quot;]&#10;warning: the following keywords are unknown and will be ignored: [$id]&#10;    level: &quot;warning&quot;&#10;    schema: {&quot;loadingURI&quot;:&quot;#&quot;,&quot;pointer&quot;:&quot;/items/properties/tags&quot;}&#10;    domain: &quot;syntax&quot;&#10;    ignored: [&quot;$id&quot;]&#10;warning: the following keywords are unknown and will be ignored: [$id]&#10;    level: &quot;warning&quot;&#10;    schema: {&quot;loadingURI&quot;:&quot;#&quot;,&quot;pointer&quot;:&quot;/items/properties/tags/items&quot;}&#10;    domain: &quot;syntax&quot;&#10;    ignored: [&quot;$id&quot;]&#10;warning: the following keywords are unknown and will be ignored: [$id, examples]&#10;    level: &quot;warning&quot;&#10;    schema: {&quot;loadingURI&quot;:&quot;#&quot;,&quot;pointer&quot;:&quot;/items/properties/tags/items/properties/id&quot;}&#10;    domain: &quot;syntax&quot;&#10;    ignored: [&quot;$id&quot;,&quot;examples&quot;]&#10;warning: the following keywords are unknown and will be ignored: [$id, examples]&#10;    level: &quot;warning&quot;&#10;    schema: {&quot;loadingURI&quot;:&quot;#&quot;,&quot;pointer&quot;:&quot;/items/properties/tags/items/properties/name&quot;}&#10;    domain: &quot;syntax&quot;&#10;    ignored: [&quot;$id&quot;,&quot;examples&quot;]&#10;warning: the following keywords are unknown and will be ignored: [$id]&#10;    level: &quot;warning&quot;&#10;    schema: {&quot;loadingURI&quot;:&quot;#&quot;,&quot;pointer&quot;:&quot;/items&quot;}&#10;    domain: &quot;syntax&quot;&#10;    ignored: [&quot;$id&quot;]&#10;warning: the following keywords are unknown and will be ignored: [$id]&#10;    level: &quot;warning&quot;&#10;    schema: {&quot;loadingURI&quot;:&quot;#&quot;,&quot;pointer&quot;:&quot;/items/properties/category&quot;}&#10;    domain: &quot;syntax&quot;&#10;    ignored: [&quot;$id&quot;]&#10;warning: the following keywords are unknown and will be ignored: [$id, examples]&#10;    level: &quot;warning&quot;&#10;    schema: {&quot;loadingURI&quot;:&quot;#&quot;,&quot;pointer&quot;:&quot;/items/properties/category/properties/id&quot;}&#10;    domain: &quot;syntax&quot;&#10;    ignored: [&quot;$id&quot;,&quot;examples&quot;]&#10;warning: the following keywords are unknown and will be ignored: [$id, examples]&#10;    level: &quot;warning&quot;&#10;    schema: {&quot;loadingURI&quot;:&quot;#&quot;,&quot;pointer&quot;:&quot;/items/properties/category/properties/name&quot;}&#10;    domain: &quot;syntax&quot;&#10;    ignored: [&quot;$id&quot;,&quot;examples&quot;]&#10;warning: the following keywords are unknown and will be ignored: [$id, examples]&#10;    level: &quot;warning&quot;&#10;    schema: {&quot;loadingURI&quot;:&quot;#&quot;,&quot;pointer&quot;:&quot;/items/properties/id&quot;}&#10;    domain: &quot;syntax&quot;&#10;    ignored: [&quot;$id&quot;,&quot;examples&quot;]&#10;warning: the following keywords are unknown and will be ignored: [$id, examples]&#10;    level: &quot;warning&quot;&#10;    schema: {&quot;loadingURI&quot;:&quot;#&quot;,&quot;pointer&quot;:&quot;/items/properties/name&quot;}&#10;    domain: &quot;syntax&quot;&#10;    ignored: [&quot;$id&quot;,&quot;examples&quot;]&#10;warning: the following keywords are unknown and will be ignored: [$id]&#10;    level: &quot;warning&quot;&#10;    schema: {&quot;loadingURI&quot;:&quot;#&quot;,&quot;pointer&quot;:&quot;/items/properties/photoUrls&quot;}&#10;    domain: &quot;syntax&quot;&#10;    ignored: [&quot;$id&quot;]&#10;warning: the following keywords are unknown and will be ignored: [$id, examples]&#10;    level: &quot;warning&quot;&#10;    schema: {&quot;loadingURI&quot;:&quot;#&quot;,&quot;pointer&quot;:&quot;/items/properties/photoUrls/items&quot;}&#10;    domain: &quot;syntax&quot;&#10;    ignored: [&quot;$id&quot;,&quot;examples&quot;]&#10;warning: the following keywords are unknown and will be ignored: [$id, examples]&#10;    level: &quot;warning&quot;&#10;    schema: {&quot;loadingURI&quot;:&quot;#&quot;,&quot;pointer&quot;:&quot;/items/properties/status&quot;}&#10;    domain: &quot;syntax&quot;&#10;    ignored: [&quot;$id&quot;,&quot;examples&quot;]&#10;warning: the following keywords are unknown and will be ignored: [$id]&#10;    level: &quot;warning&quot;&#10;    schema: {&quot;loadingURI&quot;:&quot;#&quot;,&quot;pointer&quot;:&quot;/items/properties/tags&quot;}&#10;    domain: &quot;syntax&quot;&#10;    ignored: [&quot;$id&quot;]&#10;warning: the following keywords are unknown and will be ignored: [$id]&#10;    level: &quot;warning&quot;&#10;    schema: {&quot;loadingURI&quot;:&quot;#&quot;,&quot;pointer&quot;:&quot;/items/properties/tags/items&quot;}&#10;    domain: &quot;syntax&quot;&#10;    ignored: [&quot;$id&quot;]&#10;warning: the following keywords are unknown and will be ignored: [$id, examples]&#10;    level: &quot;warning&quot;&#10;    schema: {&quot;loadingURI&quot;:&quot;#&quot;,&quot;pointer&quot;:&quot;/items/properties/tags/items/properties/id&quot;}&#10;    domain: &quot;syntax&quot;&#10;    ignored: [&quot;$id&quot;,&quot;examples&quot;]&#10;warning: the following keywords are unknown and will be ignored: [$id, examples]&#10;    level: &quot;warning&quot;&#10;    schema: {&quot;loadingURI&quot;:&quot;#&quot;,&quot;pointer&quot;:&quot;/items/properties/tags/items/properties/name&quot;}&#10;    domain: &quot;syntax&quot;&#10;    ignored: [&quot;$id&quot;,&quot;examples&quot;]&#10;warning: the following keywords are unknown and will be ignored: [$id]&#10;    level: &quot;warning&quot;&#10;    schema: {&quot;loadingURI&quot;:&quot;#&quot;,&quot;pointer&quot;:&quot;/items&quot;}&#10;    domain: &quot;syntax&quot;&#10;    ignored: [&quot;$id&quot;]&#10;warning: the following keywords are unknown and will be ignored: [$id]&#10;    level: &quot;warning&quot;&#10;    schema: {&quot;loadingURI&quot;:&quot;#&quot;,&quot;pointer&quot;:&quot;/items/properties/category&quot;}&#10;    domain: &quot;syntax&quot;&#10;    ignored: [&quot;$id&quot;]&#10;warning: the following keywords are unknown and will be ignored: [$id, examples]&#10;    level: &quot;warning&quot;&#10;    schema: {&quot;loadingURI&quot;:&quot;#&quot;,&quot;pointer&quot;:&quot;/items/properties/category/properties/id&quot;}&#10;    domain: &quot;syntax&quot;&#10;    ignored: [&quot;$id&quot;,&quot;examples&quot;]&#10;warning: the following keywords are unknown and will be ignored: [$id, examples]&#10;    level: &quot;warning&quot;&#10;    schema: {&quot;loadingURI&quot;:&quot;#&quot;,&quot;pointer&quot;:&quot;/items/properties/category/properties/name&quot;}&#10;    domain: &quot;syntax&quot;&#10;    ignored: [&quot;$id&quot;,&quot;examples&quot;]&#10;warning: the following keywords are unknown and will be ignored: [$id, examples]&#10;    level: &quot;warning&quot;&#10;    schema: {&quot;loadingURI&quot;:&quot;#&quot;,&quot;pointer&quot;:&quot;/items/properties/id&quot;}&#10;    domain: &quot;syntax&quot;&#10;    ignored: [&quot;$id&quot;,&quot;examples&quot;]&#10;warning: the following keywords are unknown and will be ignored: [$id, examples]&#10;    level: &quot;warning&quot;&#10;    schema: {&quot;loadingURI&quot;:&quot;#&quot;,&quot;pointer&quot;:&quot;/items/properties/name&quot;}&#10;    domain: &quot;syntax&quot;&#10;    ignored: [&quot;$id&quot;,&quot;examples&quot;]&#10;warning: the following keywords are unknown and will be ignored: [$id]&#10;    level: &quot;warning&quot;&#10;    schema: {&quot;loadingURI&quot;:&quot;#&quot;,&quot;pointer&quot;:&quot;/items/properties/photoUrls&quot;}&#10;    domain: &quot;syntax&quot;&#10;    ignored: [&quot;$id&quot;]&#10;warning: the following keywords are unknown and will be ignored: [$id, examples]&#10;    level: &quot;warning&quot;&#10;    schema: {&quot;loadingURI&quot;:&quot;#&quot;,&quot;pointer&quot;:&quot;/items/properties/photoUrls/items&quot;}&#10;    domain: &quot;syntax&quot;&#10;    ignored: [&quot;$id&quot;,&quot;examples&quot;]&#10;warning: the following keywords are unknown and will be ignored: [$id, examples]&#10;    level: &quot;warning&quot;&#10;    schema: {&quot;loadingURI&quot;:&quot;#&quot;,&quot;pointer&quot;:&quot;/items/properties/status&quot;}&#10;    domain: &quot;syntax&quot;&#10;    ignored: [&quot;$id&quot;,&quot;examples&quot;]&#10;warning: the following keywords are unknown and will be ignored: [$id]&#10;    level: &quot;warning&quot;&#10;    schema: {&quot;loadingURI&quot;:&quot;#&quot;,&quot;pointer&quot;:&quot;/items/properties/tags&quot;}&#10;    domain: &quot;syntax&quot;&#10;    ignored: [&quot;$id&quot;]&#10;warning: the following keywords are unknown and will be ignored: [$id]&#10;    level: &quot;warning&quot;&#10;    schema: {&quot;loadingURI&quot;:&quot;#&quot;,&quot;pointer&quot;:&quot;/items/properties/tags/items&quot;}&#10;    domain: &quot;syntax&quot;&#10;    ignored: [&quot;$id&quot;]&#10;warning: the following keywords are unknown and will be ignored: [$id, examples]&#10;    level: &quot;warning&quot;&#10;    schema: {&quot;loadingURI&quot;:&quot;#&quot;,&quot;pointer&quot;:&quot;/items/properties/tags/items/properties/id&quot;}&#10;    domain: &quot;syntax&quot;&#10;    ignored: [&quot;$id&quot;,&quot;examples&quot;]&#10;warning: the following keywords are unknown and will be ignored: [$id, examples]&#10;    level: &quot;warning&quot;&#10;    schema: {&quot;loadingURI&quot;:&quot;#&quot;,&quot;pointer&quot;:&quot;/items/properties/tags/items/properties/name&quot;}&#10;    domain: &quot;syntax&quot;&#10;    ignored: [&quot;$id&quot;,&quot;examples&quot;]&#10;warning: the following keywords are unknown and will be ignored: [$id]&#10;    level: &quot;warning&quot;&#10;    schema: {&quot;loadingURI&quot;:&quot;#&quot;,&quot;pointer&quot;:&quot;/items&quot;}&#10;    domain: &quot;syntax&quot;&#10;    ignored: [&quot;$id&quot;]&#10;warning: the following keywords are unknown and will be ignored: [$id]&#10;    level: &quot;warning&quot;&#10;    schema: {&quot;loadingURI&quot;:&quot;#&quot;,&quot;pointer&quot;:&quot;/items/properties/category&quot;}&#10;    domain: &quot;syntax&quot;&#10;    ignored: [&quot;$id&quot;]&#10;warning: the following keywords are unknown and will be ignored: [$id, examples]&#10;    level: &quot;warning&quot;&#10;    schema: {&quot;loadingURI&quot;:&quot;#&quot;,&quot;pointer&quot;:&quot;/items/properties/category/properties/id&quot;}&#10;    domain: &quot;syntax&quot;&#10;    ignored: [&quot;$id&quot;,&quot;examples&quot;]&#10;warning: the following keywords are unknown and will be ignored: [$id, examples]&#10;    level: &quot;warning&quot;&#10;    schema: {&quot;loadingURI&quot;:&quot;#&quot;,&quot;pointer&quot;:&quot;/items/properties/category/properties/name&quot;}&#10;    domain: &quot;syntax&quot;&#10;    ignored: [&quot;$id&quot;,&quot;examples&quot;]&#10;warning: the following keywords are unknown and will be ignored: [$id, examples]&#10;    level: &quot;warning&quot;&#10;    schema: {&quot;loadingURI&quot;:&quot;#&quot;,&quot;pointer&quot;:&quot;/items/properties/id&quot;}&#10;    domain: &quot;syntax&quot;&#10;    ignored: [&quot;$id&quot;,&quot;examples&quot;]&#10;warning: the following keywords are unknown and will be ignored: [$id, examples]&#10;    level: &quot;warning&quot;&#10;    schema: {&quot;loadingURI&quot;:&quot;#&quot;,&quot;pointer&quot;:&quot;/items/properties/name&quot;}&#10;    domain: &quot;syntax&quot;&#10;    ignored: [&quot;$id&quot;,&quot;examples&quot;]&#10;warning: the following keywords are unknown and will be ignored: [$id]&#10;    level: &quot;warning&quot;&#10;    schema: {&quot;loadingURI&quot;:&quot;#&quot;,&quot;pointer&quot;:&quot;/items/properties/photoUrls&quot;}&#10;    domain: &quot;syntax&quot;&#10;    ignored: [&quot;$id&quot;]&#10;warning: the following keywords are unknown and will be ignored: [$id, examples]&#10;    level: &quot;warning&quot;&#10;    schema: {&quot;loadingURI&quot;:&quot;#&quot;,&quot;pointer&quot;:&quot;/items/properties/photoUrls/items&quot;}&#10;    domain: &quot;syntax&quot;&#10;    ignored: [&quot;$id&quot;,&quot;examples&quot;]&#10;warning: the following keywords are unknown and will be ignored: [$id, examples]&#10;    level: &quot;warning&quot;&#10;    schema: {&quot;loadingURI&quot;:&quot;#&quot;,&quot;pointer&quot;:&quot;/items/properties/status&quot;}&#10;    domain: &quot;syntax&quot;&#10;    ignored: [&quot;$id&quot;,&quot;examples&quot;]&#10;warning: the following keywords are unknown and will be ignored: [$id]&#10;    level: &quot;warning&quot;&#10;    schema: {&quot;loadingURI&quot;:&quot;#&quot;,&quot;pointer&quot;:&quot;/items/properties/tags&quot;}&#10;    domain: &quot;syntax&quot;&#10;    ignored: [&quot;$id&quot;]&#10;warning: the following keywords are unknown and will be ignored: [$id]&#10;    level: &quot;warning&quot;&#10;    schema: {&quot;loadingURI&quot;:&quot;#&quot;,&quot;pointer&quot;:&quot;/items/properties/tags/items&quot;}&#10;    domain: &quot;syntax&quot;&#10;    ignored: [&quot;$id&quot;]&#10;warning: the following keywords are unknown and will be ignored: [$id, examples]&#10;    level: &quot;warning&quot;&#10;    schema: {&quot;loadingURI&quot;:&quot;#&quot;,&quot;pointer&quot;:&quot;/items/properties/tags/items/properties/id&quot;}&#10;    domain: &quot;syntax&quot;&#10;    ignored: [&quot;$id&quot;,&quot;examples&quot;]&#10;warning: the following keywords are unknown and will be ignored: [$id, examples]&#10;    level: &quot;warning&quot;&#10;    schema: {&quot;loadingURI&quot;:&quot;#&quot;,&quot;pointer&quot;:&quot;/items/properties/tags/items/properties/name&quot;}&#10;    domain: &quot;syntax&quot;&#10;    ignored: [&quot;$id&quot;,&quot;examples&quot;]&#10;warning: the following keywords are unknown and will be ignored: [$id]&#10;    level: &quot;warning&quot;&#10;    schema: {&quot;loadingURI&quot;:&quot;#&quot;,&quot;pointer&quot;:&quot;/items&quot;}&#10;    domain: &quot;syntax&quot;&#10;    ignored: [&quot;$id&quot;]&#10;warning: the following keywords are unknown and will be ignored: [$id]&#10;    level: &quot;warning&quot;&#10;    schema: {&quot;loadingURI&quot;:&quot;#&quot;,&quot;pointer&quot;:&quot;/items/properties/category&quot;}&#10;    domain: &quot;syntax&quot;&#10;    ignored: [&quot;$id&quot;]&#10;warning: the following keywords are unknown and will be ignored: [$id, examples]&#10;    level: &quot;warning&quot;&#10;    schema: {&quot;loadingURI&quot;:&quot;#&quot;,&quot;pointer&quot;:&quot;/items/properties/category/properties/id&quot;}&#10;    domain: &quot;syntax&quot;&#10;    ignored: [&quot;$id&quot;,&quot;examples&quot;]&#10;warning: the following keywords are unknown and will be ignored: [$id, examples]&#10;    level: &quot;warning&quot;&#10;    schema: {&quot;loadingURI&quot;:&quot;#&quot;,&quot;pointer&quot;:&quot;/items/properties/category/properties/name&quot;}&#10;    domain: &quot;syntax&quot;&#10;    ignored: [&quot;$id&quot;,&quot;examples&quot;]&#10;warning: the following keywords are unknown and will be ignored: [$id, examples]&#10;    level: &quot;warning&quot;&#10;    schema: {&quot;loadingURI&quot;:&quot;#&quot;,&quot;pointer&quot;:&quot;/items/properties/id&quot;}&#10;    domain: &quot;syntax&quot;&#10;    ignored: [&quot;$id&quot;,&quot;examples&quot;]&#10;warning: the following keywords are unknown and will be ignored: [$id, examples]&#10;    level: &quot;warning&quot;&#10;    schema: {&quot;loadingURI&quot;:&quot;#&quot;,&quot;pointer&quot;:&quot;/items/properties/name&quot;}&#10;    domain: &quot;syntax&quot;&#10;    ignored: [&quot;$id&quot;,&quot;examples&quot;]&#10;warning: the following keywords are unknown and will be ignored: [$id]&#10;    level: &quot;warning&quot;&#10;    schema: {&quot;loadingURI&quot;:&quot;#&quot;,&quot;pointer&quot;:&quot;/items/properties/photoUrls&quot;}&#10;    domain: &quot;syntax&quot;&#10;    ignored: [&quot;$id&quot;]&#10;warning: the following keywords are unknown and will be ignored: [$id, examples]&#10;    level: &quot;warning&quot;&#10;    schema: {&quot;loadingURI&quot;:&quot;#&quot;,&quot;pointer&quot;:&quot;/items/properties/photoUrls/items&quot;}&#10;    domain: &quot;syntax&quot;&#10;    ignored: [&quot;$id&quot;,&quot;examples&quot;]&#10;warning: the following keywords are unknown and will be ignored: [$id, examples]&#10;    level: &quot;warning&quot;&#10;    schema: {&quot;loadingURI&quot;:&quot;#&quot;,&quot;pointer&quot;:&quot;/items/properties/status&quot;}&#10;    domain: &quot;syntax&quot;&#10;    ignored: [&quot;$id&quot;,&quot;examples&quot;]&#10;warning: the following keywords are unknown and will be ignored: [$id]&#10;    level: &quot;warning&quot;&#10;    schema: {&quot;loadingURI&quot;:&quot;#&quot;,&quot;pointer&quot;:&quot;/items/properties/tags&quot;}&#10;    domain: &quot;syntax&quot;&#10;    ignored: [&quot;$id&quot;]&#10;warning: the following keywords are unknown and will be ignored: [$id]&#10;    level: &quot;warning&quot;&#10;    schema: {&quot;loadingURI&quot;:&quot;#&quot;,&quot;pointer&quot;:&quot;/items/properties/tags/items&quot;}&#10;    domain: &quot;syntax&quot;&#10;    ignored: [&quot;$id&quot;]&#10;warning: the following keywords are unknown and will be ignored: [$id, examples]&#10;    level: &quot;warning&quot;&#10;    schema: {&quot;loadingURI&quot;:&quot;#&quot;,&quot;pointer&quot;:&quot;/items/properties/tags/items/properties/id&quot;}&#10;    domain: &quot;syntax&quot;&#10;    ignored: [&quot;$id&quot;,&quot;examples&quot;]&#10;warning: the following keywords are unknown and will be ignored: [$id, examples]&#10;    level: &quot;warning&quot;&#10;    schema: {&quot;loadingURI&quot;:&quot;#&quot;,&quot;pointer&quot;:&quot;/items/properties/tags/items/properties/name&quot;}&#10;    domain: &quot;syntax&quot;&#10;    ignored: [&quot;$id&quot;,&quot;examples&quot;]&#10;warning: the following keywords are unknown and will be ignored: [$id]&#10;    level: &quot;warning&quot;&#10;    schema: {&quot;loadingURI&quot;:&quot;#&quot;,&quot;pointer&quot;:&quot;/items&quot;}&#10;    domain: &quot;syntax&quot;&#10;    ignored: [&quot;$id&quot;]&#10;warning: the following keywords are unknown and will be ignored: [$id]&#10;    level: &quot;warning&quot;&#10;    schema: {&quot;loadingURI&quot;:&quot;#&quot;,&quot;pointer&quot;:&quot;/items/properties/category&quot;}&#10;    domain: &quot;syntax&quot;&#10;    ignored: [&quot;$id&quot;]&#10;warning: the following keywords are unknown and will be ignored: [$id, examples]&#10;    level: &quot;warning&quot;&#10;    schema: {&quot;loadingURI&quot;:&quot;#&quot;,&quot;pointer&quot;:&quot;/items/properties/category/properties/id&quot;}&#10;    domain: &quot;syntax&quot;&#10;    ignored: [&quot;$id&quot;,&quot;examples&quot;]&#10;warning: the following keywords are unknown and will be ignored: [$id, examples]&#10;    level: &quot;warning&quot;&#10;    schema: {&quot;loadingURI&quot;:&quot;#&quot;,&quot;pointer&quot;:&quot;/items/properties/category/properties/name&quot;}&#10;    domain: &quot;syntax&quot;&#10;    ignored: [&quot;$id&quot;,&quot;examples&quot;]&#10;warning: the following keywords are unknown and will be ignored: [$id, examples]&#10;    level: &quot;warning&quot;&#10;    schema: {&quot;loadingURI&quot;:&quot;#&quot;,&quot;pointer&quot;:&quot;/items/properties/id&quot;}&#10;    domain: &quot;syntax&quot;&#10;    ignored: [&quot;$id&quot;,&quot;examples&quot;]&#10;warning: the following keywords are unknown and will be ignored: [$id, examples]&#10;    level: &quot;warning&quot;&#10;    schema: {&quot;loadingURI&quot;:&quot;#&quot;,&quot;pointer&quot;:&quot;/items/properties/name&quot;}&#10;    domain: &quot;syntax&quot;&#10;    ignored: [&quot;$id&quot;,&quot;examples&quot;]&#10;warning: the following keywords are unknown and will be ignored: [$id]&#10;    level: &quot;warning&quot;&#10;    schema: {&quot;loadingURI&quot;:&quot;#&quot;,&quot;pointer&quot;:&quot;/items/properties/photoUrls&quot;}&#10;    domain: &quot;syntax&quot;&#10;    ignored: [&quot;$id&quot;]&#10;warning: the following keywords are unknown and will be ignored: [$id, examples]&#10;    level: &quot;warning&quot;&#10;    schema: {&quot;loadingURI&quot;:&quot;#&quot;,&quot;pointer&quot;:&quot;/items/properties/photoUrls/items&quot;}&#10;    domain: &quot;syntax&quot;&#10;    ignored: [&quot;$id&quot;,&quot;examples&quot;]&#10;warning: the following keywords are unknown and will be ignored: [$id, examples]&#10;    level: &quot;warning&quot;&#10;    schema: {&quot;loadingURI&quot;:&quot;#&quot;,&quot;pointer&quot;:&quot;/items/properties/status&quot;}&#10;    domain: &quot;syntax&quot;&#10;    ignored: [&quot;$id&quot;,&quot;examples&quot;]&#10;warning: the following keywords are unknown and will be ignored: [$id]&#10;    level: &quot;warning&quot;&#10;    schema: {&quot;loadingURI&quot;:&quot;#&quot;,&quot;pointer&quot;:&quot;/items/properties/tags&quot;}&#10;    domain: &quot;syntax&quot;&#10;    ignored: [&quot;$id&quot;]&#10;warning: the following keywords are unknown and will be ignored: [$id]&#10;    level: &quot;warning&quot;&#10;    schema: {&quot;loadingURI&quot;:&quot;#&quot;,&quot;pointer&quot;:&quot;/items/properties/tags/items&quot;}&#10;    domain: &quot;syntax&quot;&#10;    ignored: [&quot;$id&quot;]&#10;warning: the following keywords are unknown and will be ignored: [$id, examples]&#10;    level: &quot;warning&quot;&#10;    schema: {&quot;loadingURI&quot;:&quot;#&quot;,&quot;pointer&quot;:&quot;/items/properties/tags/items/properties/id&quot;}&#10;    domain: &quot;syntax&quot;&#10;    ignored: [&quot;$id&quot;,&quot;examples&quot;]&#10;warning: the following keywords are unknown and will be ignored: [$id, examples]&#10;    level: &quot;warning&quot;&#10;    schema: {&quot;loadingURI&quot;:&quot;#&quot;,&quot;pointer&quot;:&quot;/items/properties/tags/items/properties/name&quot;}&#10;    domain: &quot;syntax&quot;&#10;    ignored: [&quot;$id&quot;,&quot;examples&quot;]&#10;warning: the following keywords are unknown and will be ignored: [$id]&#10;    level: &quot;warning&quot;&#10;    schema: {&quot;loadingURI&quot;:&quot;#&quot;,&quot;pointer&quot;:&quot;/items&quot;}&#10;    domain: &quot;syntax&quot;&#10;    ignored: [&quot;$id&quot;]&#10;warning: the following keywords are unknown and will be ignored: [$id]&#10;    level: &quot;warning&quot;&#10;    schema: {&quot;loadingURI&quot;:&quot;#&quot;,&quot;pointer&quot;:&quot;/items/properties/category&quot;}&#10;    domain: &quot;syntax&quot;&#10;    ignored: [&quot;$id&quot;]&#10;warning: the following keywords are unknown and will be ignored: [$id, examples]&#10;    level: &quot;warning&quot;&#10;    schema: {&quot;loadingURI&quot;:&quot;#&quot;,&quot;pointer&quot;:&quot;/items/properties/category/properties/id&quot;}&#10;    domain: &quot;syntax&quot;&#10;    ignored: [&quot;$id&quot;,&quot;examples&quot;]&#10;warning: the following keywords are unknown and will be ignored: [$id, examples]&#10;    level: &quot;warning&quot;&#10;    schema: {&quot;loadingURI&quot;:&quot;#&quot;,&quot;pointer&quot;:&quot;/items/properties/category/properties/name&quot;}&#10;    domain: &quot;syntax&quot;&#10;    ignored: [&quot;$id&quot;,&quot;examples&quot;]&#10;warning: the following keywords are unknown and will be ignored: [$id, examples]&#10;    level: &quot;warning&quot;&#10;    schema: {&quot;loadingURI&quot;:&quot;#&quot;,&quot;pointer&quot;:&quot;/items/properties/id&quot;}&#10;    domain: &quot;syntax&quot;&#10;    ignored: [&quot;$id&quot;,&quot;examples&quot;]&#10;warning: the following keywords are unknown and will be ignored: [$id, examples]&#10;    level: &quot;warning&quot;&#10;    schema: {&quot;loadingURI&quot;:&quot;#&quot;,&quot;pointer&quot;:&quot;/items/properties/name&quot;}&#10;    domain: &quot;syntax&quot;&#10;    ignored: [&quot;$id&quot;,&quot;examples&quot;]&#10;warning: the following keywords are unknown and will be ignored: [$id]&#10;    level: &quot;warning&quot;&#10;    schema: {&quot;loadingURI&quot;:&quot;#&quot;,&quot;pointer&quot;:&quot;/items/properties/photoUrls&quot;}&#10;    domain: &quot;syntax&quot;&#10;    ignored: [&quot;$id&quot;]&#10;warning: the following keywords are unknown and will be ignored: [$id, examples]&#10;    level: &quot;warning&quot;&#10;    schema: {&quot;loadingURI&quot;:&quot;#&quot;,&quot;pointer&quot;:&quot;/items/properties/photoUrls/items&quot;}&#10;    domain: &quot;syntax&quot;&#10;    ignored: [&quot;$id&quot;,&quot;examples&quot;]&#10;warning: the following keywords are unknown and will be ignored: [$id, examples]&#10;    level: &quot;warning&quot;&#10;    schema: {&quot;loadingURI&quot;:&quot;#&quot;,&quot;pointer&quot;:&quot;/items/properties/status&quot;}&#10;    domain: &quot;syntax&quot;&#10;    ignored: [&quot;$id&quot;,&quot;examples&quot;]&#10;warning: the following keywords are unknown and will be ignored: [$id]&#10;    level: &quot;warning&quot;&#10;    schema: {&quot;loadingURI&quot;:&quot;#&quot;,&quot;pointer&quot;:&quot;/items/properties/tags&quot;}&#10;    domain: &quot;syntax&quot;&#10;    ignored: [&quot;$id&quot;]&#10;warning: the following keywords are unknown and will be ignored: [$id]&#10;    level: &quot;warning&quot;&#10;    schema: {&quot;loadingURI&quot;:&quot;#&quot;,&quot;pointer&quot;:&quot;/items/properties/tags/items&quot;}&#10;    domain: &quot;syntax&quot;&#10;    ignored: [&quot;$id&quot;]&#10;warning: the following keywords are unknown and will be ignored: [$id, examples]&#10;    level: &quot;warning&quot;&#10;    schema: {&quot;loadingURI&quot;:&quot;#&quot;,&quot;pointer&quot;:&quot;/items/properties/tags/items/properties/id&quot;}&#10;    domain: &quot;syntax&quot;&#10;    ignored: [&quot;$id&quot;,&quot;examples&quot;]&#10;warning: the following keywords are unknown and will be ignored: [$id, examples]&#10;    level: &quot;warning&quot;&#10;    schema: {&quot;loadingURI&quot;:&quot;#&quot;,&quot;pointer&quot;:&quot;/items/properties/tags/items/properties/name&quot;}&#10;    domain: &quot;syntax&quot;&#10;    ignored: [&quot;$id&quot;,&quot;examples&quot;]&#10;warning: the following keywords are unknown and will be ignored: [$id]&#10;    level: &quot;warning&quot;&#10;    schema: {&quot;loadingURI&quot;:&quot;#&quot;,&quot;pointer&quot;:&quot;/items&quot;}&#10;    domain: &quot;syntax&quot;&#10;    ignored: [&quot;$id&quot;]&#10;warning: the following keywords are unknown and will be ignored: [$id]&#10;    level: &quot;warning&quot;&#10;    schema: {&quot;loadingURI&quot;:&quot;#&quot;,&quot;pointer&quot;:&quot;/items/properties/category&quot;}&#10;    domain: &quot;syntax&quot;&#10;    ignored: [&quot;$id&quot;]&#10;warning: the following keywords are unknown and will be ignored: [$id, examples]&#10;    level: &quot;warning&quot;&#10;    schema: {&quot;loadingURI&quot;:&quot;#&quot;,&quot;pointer&quot;:&quot;/items/properties/category/properties/id&quot;}&#10;    domain: &quot;syntax&quot;&#10;    ignored: [&quot;$id&quot;,&quot;examples&quot;]&#10;warning: the following keywords are unknown and will be ignored: [$id, examples]&#10;    level: &quot;warning&quot;&#10;    schema: {&quot;loadingURI&quot;:&quot;#&quot;,&quot;pointer&quot;:&quot;/items/properties/category/properties/name&quot;}&#10;    domain: &quot;syntax&quot;&#10;    ignored: [&quot;$id&quot;,&quot;examples&quot;]&#10;warning: the following keywords are unknown and will be ignored: [$id, examples]&#10;    level: &quot;warning&quot;&#10;    schema: {&quot;loadingURI&quot;:&quot;#&quot;,&quot;pointer&quot;:&quot;/items/properties/id&quot;}&#10;    domain: &quot;syntax&quot;&#10;    ignored: [&quot;$id&quot;,&quot;examples&quot;]&#10;warning: the following keywords are unknown and will be ignored: [$id, examples]&#10;    level: &quot;warning&quot;&#10;    schema: {&quot;loadingURI&quot;:&quot;#&quot;,&quot;pointer&quot;:&quot;/items/properties/name&quot;}&#10;    domain: &quot;syntax&quot;&#10;    ignored: [&quot;$id&quot;,&quot;examples&quot;]&#10;warning: the following keywords are unknown and will be ignored: [$id]&#10;    level: &quot;warning&quot;&#10;    schema: {&quot;loadingURI&quot;:&quot;#&quot;,&quot;pointer&quot;:&quot;/items/properties/photoUrls&quot;}&#10;    domain: &quot;syntax&quot;&#10;    ignored: [&quot;$id&quot;]&#10;warning: the following keywords are unknown and will be ignored: [$id, examples]&#10;    level: &quot;warning&quot;&#10;    schema: {&quot;loadingURI&quot;:&quot;#&quot;,&quot;pointer&quot;:&quot;/items/properties/photoUrls/items&quot;}&#10;    domain: &quot;syntax&quot;&#10;    ignored: [&quot;$id&quot;,&quot;examples&quot;]&#10;warning: the following keywords are unknown and will be ignored: [$id, examples]&#10;    level: &quot;warning&quot;&#10;    schema: {&quot;loadingURI&quot;:&quot;#&quot;,&quot;pointer&quot;:&quot;/items/properties/status&quot;}&#10;    domain: &quot;syntax&quot;&#10;    ignored: [&quot;$id&quot;,&quot;examples&quot;]&#10;warning: the following keywords are unknown and will be ignored: [$id]&#10;    level: &quot;warning&quot;&#10;    schema: {&quot;loadingURI&quot;:&quot;#&quot;,&quot;pointer&quot;:&quot;/items/properties/tags&quot;}&#10;    domain: &quot;syntax&quot;&#10;    ignored: [&quot;$id&quot;]&#10;warning: the following keywords are unknown and will be ignored: [$id]&#10;    level: &quot;warning&quot;&#10;    schema: {&quot;loadingURI&quot;:&quot;#&quot;,&quot;pointer&quot;:&quot;/items/properties/tags/items&quot;}&#10;    domain: &quot;syntax&quot;&#10;    ignored: [&quot;$id&quot;]&#10;warning: the following keywords are unknown and will be ignored: [$id, examples]&#10;    level: &quot;warning&quot;&#10;    schema: {&quot;loadingURI&quot;:&quot;#&quot;,&quot;pointer&quot;:&quot;/items/properties/tags/items/properties/id&quot;}&#10;    domain: &quot;syntax&quot;&#10;    ignored: [&quot;$id&quot;,&quot;examples&quot;]&#10;warning: the following keywords are unknown and will be ignored: [$id, examples]&#10;    level: &quot;warning&quot;&#10;    schema: {&quot;loadingURI&quot;:&quot;#&quot;,&quot;pointer&quot;:&quot;/items/properties/tags/items/properties/name&quot;}&#10;    domain: &quot;syntax&quot;&#10;    ignored: [&quot;$id&quot;,&quot;examples&quot;]&#10;warning: the following keywords are unknown and will be ignored: [$id]&#10;    level: &quot;warning&quot;&#10;    schema: {&quot;loadingURI&quot;:&quot;#&quot;,&quot;pointer&quot;:&quot;/items&quot;}&#10;    domain: &quot;syntax&quot;&#10;    ignored: [&quot;$id&quot;]&#10;warning: the following keywords are unknown and will be ignored: [$id]&#10;    level: &quot;warning&quot;&#10;    schema: {&quot;loadingURI&quot;:&quot;#&quot;,&quot;pointer&quot;:&quot;/items/properties/category&quot;}&#10;    domain: &quot;syntax&quot;&#10;    ignored: [&quot;$id&quot;]&#10;warning: the following keywords are unknown and will be ignored: [$id, examples]&#10;    level: &quot;warning&quot;&#10;    schema: {&quot;loadingURI&quot;:&quot;#&quot;,&quot;pointer&quot;:&quot;/items/properties/category/properties/id&quot;}&#10;    domain: &quot;syntax&quot;&#10;    ignored: [&quot;$id&quot;,&quot;examples&quot;]&#10;warning: the following keywords are unknown and will be ignored: [$id, examples]&#10;    level: &quot;warning&quot;&#10;    schema: {&quot;loadingURI&quot;:&quot;#&quot;,&quot;pointer&quot;:&quot;/items/properties/category/properties/name&quot;}&#10;    domain: &quot;syntax&quot;&#10;    ignored: [&quot;$id&quot;,&quot;examples&quot;]&#10;warning: the following keywords are unknown and will be ignored: [$id, examples]&#10;    level: &quot;warning&quot;&#10;    schema: {&quot;loadingURI&quot;:&quot;#&quot;,&quot;pointer&quot;:&quot;/items/properties/id&quot;}&#10;    domain: &quot;syntax&quot;&#10;    ignored: [&quot;$id&quot;,&quot;examples&quot;]&#10;warning: the following keywords are unknown and will be ignored: [$id, examples]&#10;    level: &quot;warning&quot;&#10;    schema: {&quot;loadingURI&quot;:&quot;#&quot;,&quot;pointer&quot;:&quot;/items/properties/name&quot;}&#10;    domain: &quot;syntax&quot;&#10;    ignored: [&quot;$id&quot;,&quot;examples&quot;]&#10;warning: the following keywords are unknown and will be ignored: [$id]&#10;    level: &quot;warning&quot;&#10;    schema: {&quot;loadingURI&quot;:&quot;#&quot;,&quot;pointer&quot;:&quot;/items/properties/photoUrls&quot;}&#10;    domain: &quot;syntax&quot;&#10;    ignored: [&quot;$id&quot;]&#10;warning: the following keywords are unknown and will be ignored: [$id, examples]&#10;    level: &quot;warning&quot;&#10;    schema: {&quot;loadingURI&quot;:&quot;#&quot;,&quot;pointer&quot;:&quot;/items/properties/photoUrls/items&quot;}&#10;    domain: &quot;syntax&quot;&#10;    ignored: [&quot;$id&quot;,&quot;examples&quot;]&#10;warning: the following keywords are unknown and will be ignored: [$id, examples]&#10;    level: &quot;warning&quot;&#10;    schema: {&quot;loadingURI&quot;:&quot;#&quot;,&quot;pointer&quot;:&quot;/items/properties/status&quot;}&#10;    domain: &quot;syntax&quot;&#10;    ignored: [&quot;$id&quot;,&quot;examples&quot;]&#10;warning: the following keywords are unknown and will be ignored: [$id]&#10;    level: &quot;warning&quot;&#10;    schema: {&quot;loadingURI&quot;:&quot;#&quot;,&quot;pointer&quot;:&quot;/items/properties/tags&quot;}&#10;    domain: &quot;syntax&quot;&#10;    ignored: [&quot;$id&quot;]&#10;warning: the following keywords are unknown and will be ignored: [$id]&#10;    level: &quot;warning&quot;&#10;    schema: {&quot;loadingURI&quot;:&quot;#&quot;,&quot;pointer&quot;:&quot;/items/properties/tags/items&quot;}&#10;    domain: &quot;syntax&quot;&#10;    ignored: [&quot;$id&quot;]&#10;warning: the following keywords are unknown and will be ignored: [$id, examples]&#10;    level: &quot;warning&quot;&#10;    schema: {&quot;loadingURI&quot;:&quot;#&quot;,&quot;pointer&quot;:&quot;/items/properties/tags/items/properties/id&quot;}&#10;    domain: &quot;syntax&quot;&#10;    ignored: [&quot;$id&quot;,&quot;examples&quot;]&#10;warning: the following keywords are unknown and will be ignored: [$id, examples]&#10;    level: &quot;warning&quot;&#10;    schema: {&quot;loadingURI&quot;:&quot;#&quot;,&quot;pointer&quot;:&quot;/items/properties/tags/items/properties/name&quot;}&#10;    domain: &quot;syntax&quot;&#10;    ignored: [&quot;$id&quot;,&quot;examples&quot;]&#10;warning: the following keywords are unknown and will be ignored: [$id]&#10;    level: &quot;warning&quot;&#10;    schema: {&quot;loadingURI&quot;:&quot;#&quot;,&quot;pointer&quot;:&quot;/items&quot;}&#10;    domain: &quot;syntax&quot;&#10;    ignored: [&quot;$id&quot;]&#10;warning: the following keywords are unknown and will be ignored: [$id]&#10;    level: &quot;warning&quot;&#10;    schema: {&quot;loadingURI&quot;:&quot;#&quot;,&quot;pointer&quot;:&quot;/items/properties/category&quot;}&#10;    domain: &quot;syntax&quot;&#10;    ignored: [&quot;$id&quot;]&#10;warning: the following keywords are unknown and will be ignored: [$id, examples]&#10;    level: &quot;warning&quot;&#10;    schema: {&quot;loadingURI&quot;:&quot;#&quot;,&quot;pointer&quot;:&quot;/items/properties/category/properties/id&quot;}&#10;    domain: &quot;syntax&quot;&#10;    ignored: [&quot;$id&quot;,&quot;examples&quot;]&#10;warning: the following keywords are unknown and will be ignored: [$id, examples]&#10;    level: &quot;warning&quot;&#10;    schema: {&quot;loadingURI&quot;:&quot;#&quot;,&quot;pointer&quot;:&quot;/items/properties/category/properties/name&quot;}&#10;    domain: &quot;syntax&quot;&#10;    ignored: [&quot;$id&quot;,&quot;examples&quot;]&#10;warning: the following keywords are unknown and will be ignored: [$id, examples]&#10;    level: &quot;warning&quot;&#10;    schema: {&quot;loadingURI&quot;:&quot;#&quot;,&quot;pointer&quot;:&quot;/items/properties/id&quot;}&#10;    domain: &quot;syntax&quot;&#10;    ignored: [&quot;$id&quot;,&quot;examples&quot;]&#10;warning: the following keywords are unknown and will be ignored: [$id, examples]&#10;    level: &quot;warning&quot;&#10;    schema: {&quot;loadingURI&quot;:&quot;#&quot;,&quot;pointer&quot;:&quot;/items/properties/name&quot;}&#10;    domain: &quot;syntax&quot;&#10;    ignored: [&quot;$id&quot;,&quot;examples&quot;]&#10;warning: the following keywords are unknown and will be ignored: [$id]&#10;    level: &quot;warning&quot;&#10;    schema: {&quot;loadingURI&quot;:&quot;#&quot;,&quot;pointer&quot;:&quot;/items/properties/photoUrls&quot;}&#10;    domain: &quot;syntax&quot;&#10;    ignored: [&quot;$id&quot;]&#10;warning: the following keywords are unknown and will be ignored: [$id, examples]&#10;    level: &quot;warning&quot;&#10;    schema: {&quot;loadingURI&quot;:&quot;#&quot;,&quot;pointer&quot;:&quot;/items/properties/photoUrls/items&quot;}&#10;    domain: &quot;syntax&quot;&#10;    ignored: [&quot;$id&quot;,&quot;examples&quot;]&#10;warning: the following keywords are unknown and will be ignored: [$id, examples]&#10;    level: &quot;warning&quot;&#10;    schema: {&quot;loadingURI&quot;:&quot;#&quot;,&quot;pointer&quot;:&quot;/items/properties/status&quot;}&#10;    domain: &quot;syntax&quot;&#10;    ignored: [&quot;$id&quot;,&quot;examples&quot;]&#10;warning: the following keywords are unknown and will be ignored: [$id]&#10;    level: &quot;warning&quot;&#10;    schema: {&quot;loadingURI&quot;:&quot;#&quot;,&quot;pointer&quot;:&quot;/items/properties/tags&quot;}&#10;    domain: &quot;syntax&quot;&#10;    ignored: [&quot;$id&quot;]&#10;warning: the following keywords are unknown and will be ignored: [$id]&#10;    level: &quot;warning&quot;&#10;    schema: {&quot;loadingURI&quot;:&quot;#&quot;,&quot;pointer&quot;:&quot;/items/properties/tags/items&quot;}&#10;    domain: &quot;syntax&quot;&#10;    ignored: [&quot;$id&quot;]&#10;warning: the following keywords are unknown and will be ignored: [$id, examples]&#10;    level: &quot;warning&quot;&#10;    schema: {&quot;loadingURI&quot;:&quot;#&quot;,&quot;pointer&quot;:&quot;/items/properties/tags/items/properties/id&quot;}&#10;    domain: &quot;syntax&quot;&#10;    ignored: [&quot;$id&quot;,&quot;examples&quot;]&#10;warning: the following keywords are unknown and will be ignored: [$id, examples]&#10;    level: &quot;warning&quot;&#10;    schema: {&quot;loadingURI&quot;:&quot;#&quot;,&quot;pointer&quot;:&quot;/items/properties/tags/items/properties/name&quot;}&#10;    domain: &quot;syntax&quot;&#10;    ignored: [&quot;$id&quot;,&quot;examples&quot;]&#10;warning: the following keywords are unknown and will be ignored: [$id]&#10;    level: &quot;warning&quot;&#10;    schema: {&quot;loadingURI&quot;:&quot;#&quot;,&quot;pointer&quot;:&quot;/items&quot;}&#10;    domain: &quot;syntax&quot;&#10;    ignored: [&quot;$id&quot;]&#10;warning: the following keywords are unknown and will be ignored: [$id]&#10;    level: &quot;warning&quot;&#10;    schema: {&quot;loadingURI&quot;:&quot;#&quot;,&quot;pointer&quot;:&quot;/items/properties/category&quot;}&#10;    domain: &quot;syntax&quot;&#10;    ignored: [&quot;$id&quot;]&#10;warning: the following keywords are unknown and will be ignored: [$id, examples]&#10;    level: &quot;warning&quot;&#10;    schema: {&quot;loadingURI&quot;:&quot;#&quot;,&quot;pointer&quot;:&quot;/items/properties/category/properties/id&quot;}&#10;    domain: &quot;syntax&quot;&#10;    ignored: [&quot;$id&quot;,&quot;examples&quot;]&#10;warning: the following keywords are unknown and will be ignored: [$id, examples]&#10;    level: &quot;warning&quot;&#10;    schema: {&quot;loadingURI&quot;:&quot;#&quot;,&quot;pointer&quot;:&quot;/items/properties/category/properties/name&quot;}&#10;    domain: &quot;syntax&quot;&#10;    ignored: [&quot;$id&quot;,&quot;examples&quot;]&#10;warning: the following keywords are unknown and will be ignored: [$id, examples]&#10;    level: &quot;warning&quot;&#10;    schema: {&quot;loadingURI&quot;:&quot;#&quot;,&quot;pointer&quot;:&quot;/items/properties/id&quot;}&#10;    domain: &quot;syntax&quot;&#10;    ignored: [&quot;$id&quot;,&quot;examples&quot;]&#10;warning: the following keywords are unknown and will be ignored: [$id, examples]&#10;    level: &quot;warning&quot;&#10;    schema: {&quot;loadingURI&quot;:&quot;#&quot;,&quot;pointer&quot;:&quot;/items/properties/name&quot;}&#10;    domain: &quot;syntax&quot;&#10;    ignored: [&quot;$id&quot;,&quot;examples&quot;]&#10;warning: the following keywords are unknown and will be ignored: [$id]&#10;    level: &quot;warning&quot;&#10;    schema: {&quot;loadingURI&quot;:&quot;#&quot;,&quot;pointer&quot;:&quot;/items/properties/photoUrls&quot;}&#10;    domain: &quot;syntax&quot;&#10;    ignored: [&quot;$id&quot;]&#10;warning: the following keywords are unknown and will be ignored: [$id, examples]&#10;    level: &quot;warning&quot;&#10;    schema: {&quot;loadingURI&quot;:&quot;#&quot;,&quot;pointer&quot;:&quot;/items/properties/photoUrls/items&quot;}&#10;    domain: &quot;syntax&quot;&#10;    ignored: [&quot;$id&quot;,&quot;examples&quot;]&#10;warning: the following keywords are unknown and will be ignored: [$id, examples]&#10;    level: &quot;warning&quot;&#10;    schema: {&quot;loadingURI&quot;:&quot;#&quot;,&quot;pointer&quot;:&quot;/items/properties/status&quot;}&#10;    domain: &quot;syntax&quot;&#10;    ignored: [&quot;$id&quot;,&quot;examples&quot;]&#10;warning: the following keywords are unknown and will be ignored: [$id]&#10;    level: &quot;warning&quot;&#10;    schema: {&quot;loadingURI&quot;:&quot;#&quot;,&quot;pointer&quot;:&quot;/items/properties/tags&quot;}&#10;    domain: &quot;syntax&quot;&#10;    ignored: [&quot;$id&quot;]&#10;warning: the following keywords are unknown and will be ignored: [$id]&#10;    level: &quot;warning&quot;&#10;    schema: {&quot;loadingURI&quot;:&quot;#&quot;,&quot;pointer&quot;:&quot;/items/properties/tags/items&quot;}&#10;    domain: &quot;syntax&quot;&#10;    ignored: [&quot;$id&quot;]&#10;warning: the following keywords are unknown and will be ignored: [$id, examples]&#10;    level: &quot;warning&quot;&#10;    schema: {&quot;loadingURI&quot;:&quot;#&quot;,&quot;pointer&quot;:&quot;/items/properties/tags/items/properties/id&quot;}&#10;    domain: &quot;syntax&quot;&#10;    ignored: [&quot;$id&quot;,&quot;examples&quot;]&#10;warning: the following keywords are unknown and will be ignored: [$id, examples]&#10;    level: &quot;warning&quot;&#10;    schema: {&quot;loadingURI&quot;:&quot;#&quot;,&quot;pointer&quot;:&quot;/items/properties/tags/items/properties/name&quot;}&#10;    domain: &quot;syntax&quot;&#10;    ignored: [&quot;$id&quot;,&quot;examples&quot;]&#10;warning: the following keywords are unknown and will be ignored: [$id]&#10;    level: &quot;warning&quot;&#10;    schema: {&quot;loadingURI&quot;:&quot;#&quot;,&quot;pointer&quot;:&quot;/items&quot;}&#10;    domain: &quot;syntax&quot;&#10;    ignored: [&quot;$id&quot;]&#10;warning: the following keywords are unknown and will be ignored: [$id]&#10;    level: &quot;warning&quot;&#10;    schema: {&quot;loadingURI&quot;:&quot;#&quot;,&quot;pointer&quot;:&quot;/items/properties/category&quot;}&#10;    domain: &quot;syntax&quot;&#10;    ignored: [&quot;$id&quot;]&#10;warning: the following keywords are unknown and will be ignored: [$id, examples]&#10;    level: &quot;warning&quot;&#10;    schema: {&quot;loadingURI&quot;:&quot;#&quot;,&quot;pointer&quot;:&quot;/items/properties/category/properties/id&quot;}&#10;    domain: &quot;syntax&quot;&#10;    ignored: [&quot;$id&quot;,&quot;examples&quot;]&#10;warning: the following keywords are unknown and will be ignored: [$id, examples]&#10;    level: &quot;warning&quot;&#10;    schema: {&quot;loadingURI&quot;:&quot;#&quot;,&quot;pointer&quot;:&quot;/items/properties/category/properties/name&quot;}&#10;    domain: &quot;syntax&quot;&#10;    ignored: [&quot;$id&quot;,&quot;examples&quot;]&#10;warning: the following keywords are unknown and will be ignored: [$id, examples]&#10;    level: &quot;warning&quot;&#10;    schema: {&quot;loadingURI&quot;:&quot;#&quot;,&quot;pointer&quot;:&quot;/items/properties/id&quot;}&#10;    domain: &quot;syntax&quot;&#10;    ignored: [&quot;$id&quot;,&quot;examples&quot;]&#10;warning: the following keywords are unknown and will be ignored: [$id, examples]&#10;    level: &quot;warning&quot;&#10;    schema: {&quot;loadingURI&quot;:&quot;#&quot;,&quot;pointer&quot;:&quot;/items/properties/name&quot;}&#10;    domain: &quot;syntax&quot;&#10;    ignored: [&quot;$id&quot;,&quot;examples&quot;]&#10;warning: the following keywords are unknown and will be ignored: [$id]&#10;    level: &quot;warning&quot;&#10;    schema: {&quot;loadingURI&quot;:&quot;#&quot;,&quot;pointer&quot;:&quot;/items/properties/photoUrls&quot;}&#10;    domain: &quot;syntax&quot;&#10;    ignored: [&quot;$id&quot;]&#10;warning: the following keywords are unknown and will be ignored: [$id, examples]&#10;    level: &quot;warning&quot;&#10;    schema: {&quot;loadingURI&quot;:&quot;#&quot;,&quot;pointer&quot;:&quot;/items/properties/photoUrls/items&quot;}&#10;    domain: &quot;syntax&quot;&#10;    ignored: [&quot;$id&quot;,&quot;examples&quot;]&#10;warning: the following keywords are unknown and will be ignored: [$id, examples]&#10;    level: &quot;warning&quot;&#10;    schema: {&quot;loadingURI&quot;:&quot;#&quot;,&quot;pointer&quot;:&quot;/items/properties/status&quot;}&#10;    domain: &quot;syntax&quot;&#10;    ignored: [&quot;$id&quot;,&quot;examples&quot;]&#10;warning: the following keywords are unknown and will be ignored: [$id]&#10;    level: &quot;warning&quot;&#10;    schema: {&quot;loadingURI&quot;:&quot;#&quot;,&quot;pointer&quot;:&quot;/items/properties/tags&quot;}&#10;    domain: &quot;syntax&quot;&#10;    ignored: [&quot;$id&quot;]&#10;warning: the following keywords are unknown and will be ignored: [$id]&#10;    level: &quot;warning&quot;&#10;    schema: {&quot;loadingURI&quot;:&quot;#&quot;,&quot;pointer&quot;:&quot;/items/properties/tags/items&quot;}&#10;    domain: &quot;syntax&quot;&#10;    ignored: [&quot;$id&quot;]&#10;warning: the following keywords are unknown and will be ignored: [$id, examples]&#10;    level: &quot;warning&quot;&#10;    schema: {&quot;loadingURI&quot;:&quot;#&quot;,&quot;pointer&quot;:&quot;/items/properties/tags/items/properties/id&quot;}&#10;    domain: &quot;syntax&quot;&#10;    ignored: [&quot;$id&quot;,&quot;examples&quot;]&#10;warning: the following keywords are unknown and will be ignored: [$id, examples]&#10;    level: &quot;warning&quot;&#10;    schema: {&quot;loadingURI&quot;:&quot;#&quot;,&quot;pointer&quot;:&quot;/items/properties/tags/items/properties/name&quot;}&#10;    domain: &quot;syntax&quot;&#10;    ignored: [&quot;$id&quot;,&quot;examples&quot;]&#10;warning: the following keywords are unknown and will be ignored: [$id]&#10;    level: &quot;warning&quot;&#10;    schema: {&quot;loadingURI&quot;:&quot;#&quot;,&quot;pointer&quot;:&quot;/items&quot;}&#10;    domain: &quot;syntax&quot;&#10;    ignored: [&quot;$id&quot;]&#10;warning: the following keywords are unknown and will be ignored: [$id]&#10;    level: &quot;warning&quot;&#10;    schema: {&quot;loadingURI&quot;:&quot;#&quot;,&quot;pointer&quot;:&quot;/items/properties/category&quot;}&#10;    domain: &quot;syntax&quot;&#10;    ignored: [&quot;$id&quot;]&#10;warning: the following keywords are unknown and will be ignored: [$id, examples]&#10;    level: &quot;warning&quot;&#10;    schema: {&quot;loadingURI&quot;:&quot;#&quot;,&quot;pointer&quot;:&quot;/items/properties/category/properties/id&quot;}&#10;    domain: &quot;syntax&quot;&#10;    ignored: [&quot;$id&quot;,&quot;examples&quot;]&#10;warning: the following keywords are unknown and will be ignored: [$id, examples]&#10;    level: &quot;warning&quot;&#10;    schema: {&quot;loadingURI&quot;:&quot;#&quot;,&quot;pointer&quot;:&quot;/items/properties/category/properties/name&quot;}&#10;    domain: &quot;syntax&quot;&#10;    ignored: [&quot;$id&quot;,&quot;examples&quot;]&#10;warning: the following keywords are unknown and will be ignored: [$id, examples]&#10;    level: &quot;warning&quot;&#10;    schema: {&quot;loadingURI&quot;:&quot;#&quot;,&quot;pointer&quot;:&quot;/items/properties/id&quot;}&#10;    domain: &quot;syntax&quot;&#10;    ignored: [&quot;$id&quot;,&quot;examples&quot;]&#10;warning: the following keywords are unknown and will be ignored: [$id, examples]&#10;    level: &quot;warning&quot;&#10;    schema: {&quot;loadingURI&quot;:&quot;#&quot;,&quot;pointer&quot;:&quot;/items/properties/name&quot;}&#10;    domain: &quot;syntax&quot;&#10;    ignored: [&quot;$id&quot;,&quot;examples&quot;]&#10;warning: the following keywords are unknown and will be ignored: [$id]&#10;    level: &quot;warning&quot;&#10;    schema: {&quot;loadingURI&quot;:&quot;#&quot;,&quot;pointer&quot;:&quot;/items/properties/photoUrls&quot;}&#10;    domain: &quot;syntax&quot;&#10;    ignored: [&quot;$id&quot;]&#10;warning: the following keywords are unknown and will be ignored: [$id, examples]&#10;    level: &quot;warning&quot;&#10;    schema: {&quot;loadingURI&quot;:&quot;#&quot;,&quot;pointer&quot;:&quot;/items/properties/photoUrls/items&quot;}&#10;    domain: &quot;syntax&quot;&#10;    ignored: [&quot;$id&quot;,&quot;examples&quot;]&#10;warning: the following keywords are unknown and will be ignored: [$id, examples]&#10;    level: &quot;warning&quot;&#10;    schema: {&quot;loadingURI&quot;:&quot;#&quot;,&quot;pointer&quot;:&quot;/items/properties/status&quot;}&#10;    domain: &quot;syntax&quot;&#10;    ignored: [&quot;$id&quot;,&quot;examples&quot;]&#10;warning: the following keywords are unknown and will be ignored: [$id]&#10;    level: &quot;warning&quot;&#10;    schema: {&quot;loadingURI&quot;:&quot;#&quot;,&quot;pointer&quot;:&quot;/items/properties/tags&quot;}&#10;    domain: &quot;syntax&quot;&#10;    ignored: [&quot;$id&quot;]&#10;warning: the following keywords are unknown and will be ignored: [$id]&#10;    level: &quot;warning&quot;&#10;    schema: {&quot;loadingURI&quot;:&quot;#&quot;,&quot;pointer&quot;:&quot;/items/properties/tags/items&quot;}&#10;    domain: &quot;syntax&quot;&#10;    ignored: [&quot;$id&quot;]&#10;warning: the following keywords are unknown and will be ignored: [$id, examples]&#10;    level: &quot;warning&quot;&#10;    schema: {&quot;loadingURI&quot;:&quot;#&quot;,&quot;pointer&quot;:&quot;/items/properties/tags/items/properties/id&quot;}&#10;    domain: &quot;syntax&quot;&#10;    ignored: [&quot;$id&quot;,&quot;examples&quot;]&#10;warning: the following keywords are unknown and will be ignored: [$id, examples]&#10;    level: &quot;warning&quot;&#10;    schema: {&quot;loadingURI&quot;:&quot;#&quot;,&quot;pointer&quot;:&quot;/items/properties/tags/items/properties/name&quot;}&#10;    domain: &quot;syntax&quot;&#10;    ignored: [&quot;$id&quot;,&quot;examples&quot;]&#10;warning: the following keywords are unknown and will be ignored: [$id]&#10;    level: &quot;warning&quot;&#10;    schema: {&quot;loadingURI&quot;:&quot;#&quot;,&quot;pointer&quot;:&quot;/items&quot;}&#10;    domain: &quot;syntax&quot;&#10;    ignored: [&quot;$id&quot;]&#10;warning: the following keywords are unknown and will be ignored: [$id]&#10;    level: &quot;warning&quot;&#10;    schema: {&quot;loadingURI&quot;:&quot;#&quot;,&quot;pointer&quot;:&quot;/items/properties/category&quot;}&#10;    domain: &quot;syntax&quot;&#10;    ignored: [&quot;$id&quot;]&#10;warning: the following keywords are unknown and will be ignored: [$id, examples]&#10;    level: &quot;warning&quot;&#10;    schema: {&quot;loadingURI&quot;:&quot;#&quot;,&quot;pointer&quot;:&quot;/items/properties/category/properties/id&quot;}&#10;    domain: &quot;syntax&quot;&#10;    ignored: [&quot;$id&quot;,&quot;examples&quot;]&#10;warning: the following keywords are unknown and will be ignored: [$id, examples]&#10;    level: &quot;warning&quot;&#10;    schema: {&quot;loadingURI&quot;:&quot;#&quot;,&quot;pointer&quot;:&quot;/items/properties/category/properties/name&quot;}&#10;    domain: &quot;syntax&quot;&#10;    ignored: [&quot;$id&quot;,&quot;examples&quot;]&#10;warning: the following keywords are unknown and will be ignored: [$id, examples]&#10;    level: &quot;warning&quot;&#10;    schema: {&quot;loadingURI&quot;:&quot;#&quot;,&quot;pointer&quot;:&quot;/items/properties/id&quot;}&#10;    domain: &quot;syntax&quot;&#10;    ignored: [&quot;$id&quot;,&quot;examples&quot;]&#10;warning: the following keywords are unknown and will be ignored: [$id, examples]&#10;    level: &quot;warning&quot;&#10;    schema: {&quot;loadingURI&quot;:&quot;#&quot;,&quot;pointer&quot;:&quot;/items/properties/name&quot;}&#10;    domain: &quot;syntax&quot;&#10;    ignored: [&quot;$id&quot;,&quot;examples&quot;]&#10;warning: the following keywords are unknown and will be ignored: [$id]&#10;    level: &quot;warning&quot;&#10;    schema: {&quot;loadingURI&quot;:&quot;#&quot;,&quot;pointer&quot;:&quot;/items/properties/photoUrls&quot;}&#10;    domain: &quot;syntax&quot;&#10;    ignored: [&quot;$id&quot;]&#10;warning: the following keywords are unknown and will be ignored: [$id, examples]&#10;    level: &quot;warning&quot;&#10;    schema: {&quot;loadingURI&quot;:&quot;#&quot;,&quot;pointer&quot;:&quot;/items/properties/photoUrls/items&quot;}&#10;    domain: &quot;syntax&quot;&#10;    ignored: [&quot;$id&quot;,&quot;examples&quot;]&#10;warning: the following keywords are unknown and will be ignored: [$id, examples]&#10;    level: &quot;warning&quot;&#10;    schema: {&quot;loadingURI&quot;:&quot;#&quot;,&quot;pointer&quot;:&quot;/items/properties/status&quot;}&#10;    domain: &quot;syntax&quot;&#10;    ignored: [&quot;$id&quot;,&quot;examples&quot;]&#10;warning: the following keywords are unknown and will be ignored: [$id]&#10;    level: &quot;warning&quot;&#10;    schema: {&quot;loadingURI&quot;:&quot;#&quot;,&quot;pointer&quot;:&quot;/items/properties/tags&quot;}&#10;    domain: &quot;syntax&quot;&#10;    ignored: [&quot;$id&quot;]&#10;warning: the following keywords are unknown and will be ignored: [$id]&#10;    level: &quot;warning&quot;&#10;    schema: {&quot;loadingURI&quot;:&quot;#&quot;,&quot;pointer&quot;:&quot;/items/properties/tags/items&quot;}&#10;    domain: &quot;syntax&quot;&#10;    ignored: [&quot;$id&quot;]&#10;warning: the following keywords are unknown and will be ignored: [$id, examples]&#10;    level: &quot;warning&quot;&#10;    schema: {&quot;loadingURI&quot;:&quot;#&quot;,&quot;pointer&quot;:&quot;/items/properties/tags/items/properties/id&quot;}&#10;    domain: &quot;syntax&quot;&#10;    ignored: [&quot;$id&quot;,&quot;examples&quot;]&#10;warning: the following keywords are unknown and will be ignored: [$id, examples]&#10;    level: &quot;warning&quot;&#10;    schema: {&quot;loadingURI&quot;:&quot;#&quot;,&quot;pointer&quot;:&quot;/items/properties/tags/items/properties/name&quot;}&#10;    domain: &quot;syntax&quot;&#10;    ignored: [&quot;$id&quot;,&quot;examples&quot;]&#10;warning: the following keywords are unknown and will be ignored: [$id]&#10;    level: &quot;warning&quot;&#10;    schema: {&quot;loadingURI&quot;:&quot;#&quot;,&quot;pointer&quot;:&quot;/items&quot;}&#10;    domain: &quot;syntax&quot;&#10;    ignored: [&quot;$id&quot;]&#10;warning: the following keywords are unknown and will be ignored: [$id]&#10;    level: &quot;warning&quot;&#10;    schema: {&quot;loadingURI&quot;:&quot;#&quot;,&quot;pointer&quot;:&quot;/items/properties/category&quot;}&#10;    domain: &quot;syntax&quot;&#10;    ignored: [&quot;$id&quot;]&#10;warning: the following keywords are unknown and will be ignored: [$id, examples]&#10;    level: &quot;warning&quot;&#10;    schema: {&quot;loadingURI&quot;:&quot;#&quot;,&quot;pointer&quot;:&quot;/items/properties/category/properties/id&quot;}&#10;    domain: &quot;syntax&quot;&#10;    ignored: [&quot;$id&quot;,&quot;examples&quot;]&#10;warning: the following keywords are unknown and will be ignored: [$id, examples]&#10;    level: &quot;warning&quot;&#10;    schema: {&quot;loadingURI&quot;:&quot;#&quot;,&quot;pointer&quot;:&quot;/items/properties/category/properties/name&quot;}&#10;    domain: &quot;syntax&quot;&#10;    ignored: [&quot;$id&quot;,&quot;examples&quot;]&#10;warning: the following keywords are unknown and will be ignored: [$id, examples]&#10;    level: &quot;warning&quot;&#10;    schema: {&quot;loadingURI&quot;:&quot;#&quot;,&quot;pointer&quot;:&quot;/items/properties/id&quot;}&#10;    domain: &quot;syntax&quot;&#10;    ignored: [&quot;$id&quot;,&quot;examples&quot;]&#10;warning: the following keywords are unknown and will be ignored: [$id, examples]&#10;    level: &quot;warning&quot;&#10;    schema: {&quot;loadingURI&quot;:&quot;#&quot;,&quot;pointer&quot;:&quot;/items/properties/name&quot;}&#10;    domain: &quot;syntax&quot;&#10;    ignored: [&quot;$id&quot;,&quot;examples&quot;]&#10;warning: the following keywords are unknown and will be ignored: [$id]&#10;    level: &quot;warning&quot;&#10;    schema: {&quot;loadingURI&quot;:&quot;#&quot;,&quot;pointer&quot;:&quot;/items/properties/photoUrls&quot;}&#10;    domain: &quot;syntax&quot;&#10;    ignored: [&quot;$id&quot;]&#10;warning: the following keywords are unknown and will be ignored: [$id, examples]&#10;    level: &quot;warning&quot;&#10;    schema: {&quot;loadingURI&quot;:&quot;#&quot;,&quot;pointer&quot;:&quot;/items/properties/photoUrls/items&quot;}&#10;    domain: &quot;syntax&quot;&#10;    ignored: [&quot;$id&quot;,&quot;examples&quot;]&#10;warning: the following keywords are unknown and will be ignored: [$id, examples]&#10;    level: &quot;warning&quot;&#10;    schema: {&quot;loadingURI&quot;:&quot;#&quot;,&quot;pointer&quot;:&quot;/items/properties/status&quot;}&#10;    domain: &quot;syntax&quot;&#10;    ignored: [&quot;$id&quot;,&quot;examples&quot;]&#10;warning: the following keywords are unknown and will be ignored: [$id]&#10;    level: &quot;warning&quot;&#10;    schema: {&quot;loadingURI&quot;:&quot;#&quot;,&quot;pointer&quot;:&quot;/items/properties/tags&quot;}&#10;    domain: &quot;syntax&quot;&#10;    ignored: [&quot;$id&quot;]&#10;warning: the following keywords are unknown and will be ignored: [$id]&#10;    level: &quot;warning&quot;&#10;    schema: {&quot;loadingURI&quot;:&quot;#&quot;,&quot;pointer&quot;:&quot;/items/properties/tags/items&quot;}&#10;    domain: &quot;syntax&quot;&#10;    ignored: [&quot;$id&quot;]&#10;warning: the following keywords are unknown and will be ignored: [$id, examples]&#10;    level: &quot;warning&quot;&#10;    schema: {&quot;loadingURI&quot;:&quot;#&quot;,&quot;pointer&quot;:&quot;/items/properties/tags/items/properties/id&quot;}&#10;    domain: &quot;syntax&quot;&#10;    ignored: [&quot;$id&quot;,&quot;examples&quot;]&#10;warning: the following keywords are unknown and will be ignored: [$id, examples]&#10;    level: &quot;warning&quot;&#10;    schema: {&quot;loadingURI&quot;:&quot;#&quot;,&quot;pointer&quot;:&quot;/items/properties/tags/items/properties/name&quot;}&#10;    domain: &quot;syntax&quot;&#10;    ignored: [&quot;$id&quot;,&quot;examples&quot;]&#10;warning: the following keywords are unknown and will be ignored: [$id]&#10;    level: &quot;warning&quot;&#10;    schema: {&quot;loadingURI&quot;:&quot;#&quot;,&quot;pointer&quot;:&quot;/items&quot;}&#10;    domain: &quot;syntax&quot;&#10;    ignored: [&quot;$id&quot;]&#10;warning: the following keywords are unknown and will be ignored: [$id]&#10;    level: &quot;warning&quot;&#10;    schema: {&quot;loadingURI&quot;:&quot;#&quot;,&quot;pointer&quot;:&quot;/items/properties/category&quot;}&#10;    domain: &quot;syntax&quot;&#10;    ignored: [&quot;$id&quot;]&#10;warning: the following keywords are unknown and will be ignored: [$id, examples]&#10;    level: &quot;warning&quot;&#10;    schema: {&quot;loadingURI&quot;:&quot;#&quot;,&quot;pointer&quot;:&quot;/items/properties/category/properties/id&quot;}&#10;    domain: &quot;syntax&quot;&#10;    ignored: [&quot;$id&quot;,&quot;examples&quot;]&#10;warning: the following keywords are unknown and will be ignored: [$id, examples]&#10;    level: &quot;warning&quot;&#10;    schema: {&quot;loadingURI&quot;:&quot;#&quot;,&quot;pointer&quot;:&quot;/items/properties/category/properties/name&quot;}&#10;    domain: &quot;syntax&quot;&#10;    ignored: [&quot;$id&quot;,&quot;examples&quot;]&#10;warning: the following keywords are unknown and will be ignored: [$id, examples]&#10;    level: &quot;warning&quot;&#10;    schema: {&quot;loadingURI&quot;:&quot;#&quot;,&quot;pointer&quot;:&quot;/items/properties/id&quot;}&#10;    domain: &quot;syntax&quot;&#10;    ignored: [&quot;$id&quot;,&quot;examples&quot;]&#10;warning: the following keywords are unknown and will be ignored: [$id, examples]&#10;    level: &quot;warning&quot;&#10;    schema: {&quot;loadingURI&quot;:&quot;#&quot;,&quot;pointer&quot;:&quot;/items/properties/name&quot;}&#10;    domain: &quot;syntax&quot;&#10;    ignored: [&quot;$id&quot;,&quot;examples&quot;]&#10;warning: the following keywords are unknown and will be ignored: [$id]&#10;    level: &quot;warning&quot;&#10;    schema: {&quot;loadingURI&quot;:&quot;#&quot;,&quot;pointer&quot;:&quot;/items/properties/photoUrls&quot;}&#10;    domain: &quot;syntax&quot;&#10;    ignored: [&quot;$id&quot;]&#10;warning: the following keywords are unknown and will be ignored: [$id, examples]&#10;    level: &quot;warning&quot;&#10;    schema: {&quot;loadingURI&quot;:&quot;#&quot;,&quot;pointer&quot;:&quot;/items/properties/photoUrls/items&quot;}&#10;    domain: &quot;syntax&quot;&#10;    ignored: [&quot;$id&quot;,&quot;examples&quot;]&#10;warning: the following keywords are unknown and will be ignored: [$id, examples]&#10;    level: &quot;warning&quot;&#10;    schema: {&quot;loadingURI&quot;:&quot;#&quot;,&quot;pointer&quot;:&quot;/items/properties/status&quot;}&#10;    domain: &quot;syntax&quot;&#10;    ignored: [&quot;$id&quot;,&quot;examples&quot;]&#10;warning: the following keywords are unknown and will be ignored: [$id]&#10;    level: &quot;warning&quot;&#10;    schema: {&quot;loadingURI&quot;:&quot;#&quot;,&quot;pointer&quot;:&quot;/items/properties/tags&quot;}&#10;    domain: &quot;syntax&quot;&#10;    ignored: [&quot;$id&quot;]&#10;warning: the following keywords are unknown and will be ignored: [$id]&#10;    level: &quot;warning&quot;&#10;    schema: {&quot;loadingURI&quot;:&quot;#&quot;,&quot;pointer&quot;:&quot;/items/properties/tags/items&quot;}&#10;    domain: &quot;syntax&quot;&#10;    ignored: [&quot;$id&quot;]&#10;warning: the following keywords are unknown and will be ignored: [$id, examples]&#10;    level: &quot;warning&quot;&#10;    schema: {&quot;loadingURI&quot;:&quot;#&quot;,&quot;pointer&quot;:&quot;/items/properties/tags/items/properties/id&quot;}&#10;    domain: &quot;syntax&quot;&#10;    ignored: [&quot;$id&quot;,&quot;examples&quot;]&#10;warning: the following keywords are unknown and will be ignored: [$id, examples]&#10;    level: &quot;warning&quot;&#10;    schema: {&quot;loadingURI&quot;:&quot;#&quot;,&quot;pointer&quot;:&quot;/items/properties/tags/items/properties/name&quot;}&#10;    domain: &quot;syntax&quot;&#10;    ignored: [&quot;$id&quot;,&quot;examples&quot;]&#10;warning: the following keywords are unknown and will be ignored: [$id]&#10;    level: &quot;warning&quot;&#10;    schema: {&quot;loadingURI&quot;:&quot;#&quot;,&quot;pointer&quot;:&quot;/items&quot;}&#10;    domain: &quot;syntax&quot;&#10;    ignored: [&quot;$id&quot;]&#10;warning: the following keywords are unknown and will be ignored: [$id]&#10;    level: &quot;warning&quot;&#10;    schema: {&quot;loadingURI&quot;:&quot;#&quot;,&quot;pointer&quot;:&quot;/items/properties/category&quot;}&#10;    domain: &quot;syntax&quot;&#10;    ignored: [&quot;$id&quot;]&#10;warning: the following keywords are unknown and will be ignored: [$id, examples]&#10;    level: &quot;warning&quot;&#10;    schema: {&quot;loadingURI&quot;:&quot;#&quot;,&quot;pointer&quot;:&quot;/items/properties/category/properties/id&quot;}&#10;    domain: &quot;syntax&quot;&#10;    ignored: [&quot;$id&quot;,&quot;examples&quot;]&#10;warning: the following keywords are unknown and will be ignored: [$id, examples]&#10;    level: &quot;warning&quot;&#10;    schema: {&quot;loadingURI&quot;:&quot;#&quot;,&quot;pointer&quot;:&quot;/items/properties/category/properties/name&quot;}&#10;    domain: &quot;syntax&quot;&#10;    ignored: [&quot;$id&quot;,&quot;examples&quot;]&#10;warning: the following keywords are unknown and will be ignored: [$id, examples]&#10;    level: &quot;warning&quot;&#10;    schema: {&quot;loadingURI&quot;:&quot;#&quot;,&quot;pointer&quot;:&quot;/items/properties/id&quot;}&#10;    domain: &quot;syntax&quot;&#10;    ignored: [&quot;$id&quot;,&quot;examples&quot;]&#10;warning: the following keywords are unknown and will be ignored: [$id, examples]&#10;    level: &quot;warning&quot;&#10;    schema: {&quot;loadingURI&quot;:&quot;#&quot;,&quot;pointer&quot;:&quot;/items/properties/name&quot;}&#10;    domain: &quot;syntax&quot;&#10;    ignored: [&quot;$id&quot;,&quot;examples&quot;]&#10;warning: the following keywords are unknown and will be ignored: [$id]&#10;    level: &quot;warning&quot;&#10;    schema: {&quot;loadingURI&quot;:&quot;#&quot;,&quot;pointer&quot;:&quot;/items/properties/photoUrls&quot;}&#10;    domain: &quot;syntax&quot;&#10;    ignored: [&quot;$id&quot;]&#10;warning: the following keywords are unknown and will be ignored: [$id, examples]&#10;    level: &quot;warning&quot;&#10;    schema: {&quot;loadingURI&quot;:&quot;#&quot;,&quot;pointer&quot;:&quot;/items/properties/photoUrls/items&quot;}&#10;    domain: &quot;syntax&quot;&#10;    ignored: [&quot;$id&quot;,&quot;examples&quot;]&#10;warning: the following keywords are unknown and will be ignored: [$id, examples]&#10;    level: &quot;warning&quot;&#10;    schema: {&quot;loadingURI&quot;:&quot;#&quot;,&quot;pointer&quot;:&quot;/items/properties/status&quot;}&#10;    domain: &quot;syntax&quot;&#10;    ignored: [&quot;$id&quot;,&quot;examples&quot;]&#10;warning: the following keywords are unknown and will be ignored: [$id]&#10;    level: &quot;warning&quot;&#10;    schema: {&quot;loadingURI&quot;:&quot;#&quot;,&quot;pointer&quot;:&quot;/items/properties/tags&quot;}&#10;    domain: &quot;syntax&quot;&#10;    ignored: [&quot;$id&quot;]&#10;warning: the following keywords are unknown and will be ignored: [$id]&#10;    level: &quot;warning&quot;&#10;    schema: {&quot;loadingURI&quot;:&quot;#&quot;,&quot;pointer&quot;:&quot;/items/properties/tags/items&quot;}&#10;    domain: &quot;syntax&quot;&#10;    ignored: [&quot;$id&quot;]&#10;warning: the following keywords are unknown and will be ignored: [$id, examples]&#10;    level: &quot;warning&quot;&#10;    schema: {&quot;loadingURI&quot;:&quot;#&quot;,&quot;pointer&quot;:&quot;/items/properties/tags/items/properties/id&quot;}&#10;    domain: &quot;syntax&quot;&#10;    ignored: [&quot;$id&quot;,&quot;examples&quot;]&#10;warning: the following keywords are unknown and will be ignored: [$id, examples]&#10;    level: &quot;warning&quot;&#10;    schema: {&quot;loadingURI&quot;:&quot;#&quot;,&quot;pointer&quot;:&quot;/items/properties/tags/items/properties/name&quot;}&#10;    domain: &quot;syntax&quot;&#10;    ignored: [&quot;$id&quot;,&quot;examples&quot;]&#10;warning: the following keywords are unknown and will be ignored: [$id]&#10;    level: &quot;warning&quot;&#10;    schema: {&quot;loadingURI&quot;:&quot;#&quot;,&quot;pointer&quot;:&quot;/items&quot;}&#10;    domain: &quot;syntax&quot;&#10;    ignored: [&quot;$id&quot;]&#10;warning: the following keywords are unknown and will be ignored: [$id]&#10;    level: &quot;warning&quot;&#10;    schema: {&quot;loadingURI&quot;:&quot;#&quot;,&quot;pointer&quot;:&quot;/items/properties/category&quot;}&#10;    domain: &quot;syntax&quot;&#10;    ignored: [&quot;$id&quot;]&#10;warning: the following keywords are unknown and will be ignored: [$id, examples]&#10;    level: &quot;warning&quot;&#10;    schema: {&quot;loadingURI&quot;:&quot;#&quot;,&quot;pointer&quot;:&quot;/items/properties/category/properties/id&quot;}&#10;    domain: &quot;syntax&quot;&#10;    ignored: [&quot;$id&quot;,&quot;examples&quot;]&#10;warning: the following keywords are unknown and will be ignored: [$id, examples]&#10;    level: &quot;warning&quot;&#10;    schema: {&quot;loadingURI&quot;:&quot;#&quot;,&quot;pointer&quot;:&quot;/items/properties/category/properties/name&quot;}&#10;    domain: &quot;syntax&quot;&#10;    ignored: [&quot;$id&quot;,&quot;examples&quot;]&#10;warning: the following keywords are unknown and will be ignored: [$id, examples]&#10;    level: &quot;warning&quot;&#10;    schema: {&quot;loadingURI&quot;:&quot;#&quot;,&quot;pointer&quot;:&quot;/items/properties/id&quot;}&#10;    domain: &quot;syntax&quot;&#10;    ignored: [&quot;$id&quot;,&quot;examples&quot;]&#10;warning: the following keywords are unknown and will be ignored: [$id, examples]&#10;    level: &quot;warning&quot;&#10;    schema: {&quot;loadingURI&quot;:&quot;#&quot;,&quot;pointer&quot;:&quot;/items/properties/name&quot;}&#10;    domain: &quot;syntax&quot;&#10;    ignored: [&quot;$id&quot;,&quot;examples&quot;]&#10;warning: the following keywords are unknown and will be ignored: [$id]&#10;    level: &quot;warning&quot;&#10;    schema: {&quot;loadingURI&quot;:&quot;#&quot;,&quot;pointer&quot;:&quot;/items/properties/photoUrls&quot;}&#10;    domain: &quot;syntax&quot;&#10;    ignored: [&quot;$id&quot;]&#10;warning: the following keywords are unknown and will be ignored: [$id, examples]&#10;    level: &quot;warning&quot;&#10;    schema: {&quot;loadingURI&quot;:&quot;#&quot;,&quot;pointer&quot;:&quot;/items/properties/photoUrls/items&quot;}&#10;    domain: &quot;syntax&quot;&#10;    ignored: [&quot;$id&quot;,&quot;examples&quot;]&#10;warning: the following keywords are unknown and will be ignored: [$id, examples]&#10;    level: &quot;warning&quot;&#10;    schema: {&quot;loadingURI&quot;:&quot;#&quot;,&quot;pointer&quot;:&quot;/items/properties/status&quot;}&#10;    domain: &quot;syntax&quot;&#10;    ignored: [&quot;$id&quot;,&quot;examples&quot;]&#10;warning: the following keywords are unknown and will be ignored: [$id]&#10;    level: &quot;warning&quot;&#10;    schema: {&quot;loadingURI&quot;:&quot;#&quot;,&quot;pointer&quot;:&quot;/items/properties/tags&quot;}&#10;    domain: &quot;syntax&quot;&#10;    ignored: [&quot;$id&quot;]&#10;warning: the following keywords are unknown and will be ignored: [$id]&#10;    level: &quot;warning&quot;&#10;    schema: {&quot;loadingURI&quot;:&quot;#&quot;,&quot;pointer&quot;:&quot;/items/properties/tags/items&quot;}&#10;    domain: &quot;syntax&quot;&#10;    ignored: [&quot;$id&quot;]&#10;warning: the following keywords are unknown and will be ignored: [$id, examples]&#10;    level: &quot;warning&quot;&#10;    schema: {&quot;loadingURI&quot;:&quot;#&quot;,&quot;pointer&quot;:&quot;/items/properties/tags/items/properties/id&quot;}&#10;    domain: &quot;syntax&quot;&#10;    ignored: [&quot;$id&quot;,&quot;examples&quot;]&#10;warning: the following keywords are unknown and will be ignored: [$id, examples]&#10;    level: &quot;warning&quot;&#10;    schema: {&quot;loadingURI&quot;:&quot;#&quot;,&quot;pointer&quot;:&quot;/items/properties/tags/items/properties/name&quot;}&#10;    domain: &quot;syntax&quot;&#10;    ignored: [&quot;$id&quot;,&quot;examples&quot;]&#10;warning: the following keywords are unknown and will be ignored: [$id]&#10;    level: &quot;warning&quot;&#10;    schema: {&quot;loadingURI&quot;:&quot;#&quot;,&quot;pointer&quot;:&quot;/items&quot;}&#10;    domain: &quot;syntax&quot;&#10;    ignored: [&quot;$id&quot;]&#10;warning: the following keywords are unknown and will be ignored: [$id]&#10;    level: &quot;warning&quot;&#10;    schema: {&quot;loadingURI&quot;:&quot;#&quot;,&quot;pointer&quot;:&quot;/items/properties/category&quot;}&#10;    domain: &quot;syntax&quot;&#10;    ignored: [&quot;$id&quot;]&#10;warning: the following keywords are unknown and will be ignored: [$id, examples]&#10;    level: &quot;warning&quot;&#10;    schema: {&quot;loadingURI&quot;:&quot;#&quot;,&quot;pointer&quot;:&quot;/items/properties/category/properties/id&quot;}&#10;    domain: &quot;syntax&quot;&#10;    ignored: [&quot;$id&quot;,&quot;examples&quot;]&#10;warning: the following keywords are unknown and will be ignored: [$id, examples]&#10;    level: &quot;warning&quot;&#10;    schema: {&quot;loadingURI&quot;:&quot;#&quot;,&quot;pointer&quot;:&quot;/items/properties/category/properties/name&quot;}&#10;    domain: &quot;syntax&quot;&#10;    ignored: [&quot;$id&quot;,&quot;examples&quot;]&#10;warning: the following keywords are unknown and will be ignored: [$id, examples]&#10;    level: &quot;warning&quot;&#10;    schema: {&quot;loadingURI&quot;:&quot;#&quot;,&quot;pointer&quot;:&quot;/items/properties/id&quot;}&#10;    domain: &quot;syntax&quot;&#10;    ignored: [&quot;$id&quot;,&quot;examples&quot;]&#10;warning: the following keywords are unknown and will be ignored: [$id, examples]&#10;    level: &quot;warning&quot;&#10;    schema: {&quot;loadingURI&quot;:&quot;#&quot;,&quot;pointer&quot;:&quot;/items/properties/name&quot;}&#10;    domain: &quot;syntax&quot;&#10;    ignored: [&quot;$id&quot;,&quot;examples&quot;]&#10;warning: the following keywords are unknown and will be ignored: [$id]&#10;    level: &quot;warning&quot;&#10;    schema: {&quot;loadingURI&quot;:&quot;#&quot;,&quot;pointer&quot;:&quot;/items/properties/photoUrls&quot;}&#10;    domain: &quot;syntax&quot;&#10;    ignored: [&quot;$id&quot;]&#10;warning: the following keywords are unknown and will be ignored: [$id, examples]&#10;    level: &quot;warning&quot;&#10;    schema: {&quot;loadingURI&quot;:&quot;#&quot;,&quot;pointer&quot;:&quot;/items/properties/photoUrls/items&quot;}&#10;    domain: &quot;syntax&quot;&#10;    ignored: [&quot;$id&quot;,&quot;examples&quot;]&#10;warning: the following keywords are unknown and will be ignored: [$id, examples]&#10;    level: &quot;warning&quot;&#10;    schema: {&quot;loadingURI&quot;:&quot;#&quot;,&quot;pointer&quot;:&quot;/items/properties/status&quot;}&#10;    domain: &quot;syntax&quot;&#10;    ignored: [&quot;$id&quot;,&quot;examples&quot;]&#10;warning: the following keywords are unknown and will be ignored: [$id]&#10;    level: &quot;warning&quot;&#10;    schema: {&quot;loadingURI&quot;:&quot;#&quot;,&quot;pointer&quot;:&quot;/items/properties/tags&quot;}&#10;    domain: &quot;syntax&quot;&#10;    ignored: [&quot;$id&quot;]&#10;warning: the following keywords are unknown and will be ignored: [$id]&#10;    level: &quot;warning&quot;&#10;    schema: {&quot;loadingURI&quot;:&quot;#&quot;,&quot;pointer&quot;:&quot;/items/properties/tags/items&quot;}&#10;    domain: &quot;syntax&quot;&#10;    ignored: [&quot;$id&quot;]&#10;warning: the following keywords are unknown and will be ignored: [$id, examples]&#10;    level: &quot;warning&quot;&#10;    schema: {&quot;loadingURI&quot;:&quot;#&quot;,&quot;pointer&quot;:&quot;/items/properties/tags/items/properties/id&quot;}&#10;    domain: &quot;syntax&quot;&#10;    ignored: [&quot;$id&quot;,&quot;examples&quot;]&#10;warning: the following keywords are unknown and will be ignored: [$id, examples]&#10;    level: &quot;warning&quot;&#10;    schema: {&quot;loadingURI&quot;:&quot;#&quot;,&quot;pointer&quot;:&quot;/items/properties/tags/items/properties/name&quot;}&#10;    domain: &quot;syntax&quot;&#10;    ignored: [&quot;$id&quot;,&quot;examples&quot;]&#10;warning: the following keywords are unknown and will be ignored: [$id]&#10;    level: &quot;warning&quot;&#10;    schema: {&quot;loadingURI&quot;:&quot;#&quot;,&quot;pointer&quot;:&quot;/items&quot;}&#10;    domain: &quot;syntax&quot;&#10;    ignored: [&quot;$id&quot;]&#10;warning: the following keywords are unknown and will be ignored: [$id]&#10;    level: &quot;warning&quot;&#10;    schema: {&quot;loadingURI&quot;:&quot;#&quot;,&quot;pointer&quot;:&quot;/items/properties/category&quot;}&#10;    domain: &quot;syntax&quot;&#10;    ignored: [&quot;$id&quot;]&#10;warning: the following keywords are unknown and will be ignored: [$id, examples]&#10;    level: &quot;warning&quot;&#10;    schema: {&quot;loadingURI&quot;:&quot;#&quot;,&quot;pointer&quot;:&quot;/items/properties/category/properties/id&quot;}&#10;    domain: &quot;syntax&quot;&#10;    ignored: [&quot;$id&quot;,&quot;examples&quot;]&#10;warning: the following keywords are unknown and will be ignored: [$id, examples]&#10;    level: &quot;warning&quot;&#10;    schema: {&quot;loadingURI&quot;:&quot;#&quot;,&quot;pointer&quot;:&quot;/items/properties/category/properties/name&quot;}&#10;    domain: &quot;syntax&quot;&#10;    ignored: [&quot;$id&quot;,&quot;examples&quot;]&#10;warning: the following keywords are unknown and will be ignored: [$id, examples]&#10;    level: &quot;warning&quot;&#10;    schema: {&quot;loadingURI&quot;:&quot;#&quot;,&quot;pointer&quot;:&quot;/items/properties/id&quot;}&#10;    domain: &quot;syntax&quot;&#10;    ignored: [&quot;$id&quot;,&quot;examples&quot;]&#10;warning: the following keywords are unknown and will be ignored: [$id, examples]&#10;    level: &quot;warning&quot;&#10;    schema: {&quot;loadingURI&quot;:&quot;#&quot;,&quot;pointer&quot;:&quot;/items/properties/name&quot;}&#10;    domain: &quot;syntax&quot;&#10;    ignored: [&quot;$id&quot;,&quot;examples&quot;]&#10;warning: the following keywords are unknown and will be ignored: [$id]&#10;    level: &quot;warning&quot;&#10;    schema: {&quot;loadingURI&quot;:&quot;#&quot;,&quot;pointer&quot;:&quot;/items/properties/photoUrls&quot;}&#10;    domain: &quot;syntax&quot;&#10;    ignored: [&quot;$id&quot;]&#10;warning: the following keywords are unknown and will be ignored: [$id, examples]&#10;    level: &quot;warning&quot;&#10;    schema: {&quot;loadingURI&quot;:&quot;#&quot;,&quot;pointer&quot;:&quot;/items/properties/photoUrls/items&quot;}&#10;    domain: &quot;syntax&quot;&#10;    ignored: [&quot;$id&quot;,&quot;examples&quot;]&#10;warning: the following keywords are unknown and will be ignored: [$id, examples]&#10;    level: &quot;warning&quot;&#10;    schema: {&quot;loadingURI&quot;:&quot;#&quot;,&quot;pointer&quot;:&quot;/items/properties/status&quot;}&#10;    domain: &quot;syntax&quot;&#10;    ignored: [&quot;$id&quot;,&quot;examples&quot;]&#10;warning: the following keywords are unknown and will be ignored: [$id]&#10;    level: &quot;warning&quot;&#10;    schema: {&quot;loadingURI&quot;:&quot;#&quot;,&quot;pointer&quot;:&quot;/items/properties/tags&quot;}&#10;    domain: &quot;syntax&quot;&#10;    ignored: [&quot;$id&quot;]&#10;warning: the following keywords are unknown and will be ignored: [$id]&#10;    level: &quot;warning&quot;&#10;    schema: {&quot;loadingURI&quot;:&quot;#&quot;,&quot;pointer&quot;:&quot;/items/properties/tags/items&quot;}&#10;    domain: &quot;syntax&quot;&#10;    ignored: [&quot;$id&quot;]&#10;warning: the following keywords are unknown and will be ignored: [$id, examples]&#10;    level: &quot;warning&quot;&#10;    schema: {&quot;loadingURI&quot;:&quot;#&quot;,&quot;pointer&quot;:&quot;/items/properties/tags/items/properties/id&quot;}&#10;    domain: &quot;syntax&quot;&#10;    ignored: [&quot;$id&quot;,&quot;examples&quot;]&#10;warning: the following keywords are unknown and will be ignored: [$id, examples]&#10;    level: &quot;warning&quot;&#10;    schema: {&quot;loadingURI&quot;:&quot;#&quot;,&quot;pointer&quot;:&quot;/items/properties/tags/items/properties/name&quot;}&#10;    domain: &quot;syntax&quot;&#10;    ignored: [&quot;$id&quot;,&quot;examples&quot;]&#10;warning: the following keywords are unknown and will be ignored: [$id]&#10;    level: &quot;warning&quot;&#10;    schema: {&quot;loadingURI&quot;:&quot;#&quot;,&quot;pointer&quot;:&quot;/items&quot;}&#10;    domain: &quot;syntax&quot;&#10;    ignored: [&quot;$id&quot;]&#10;warning: the following keywords are unknown and will be ignored: [$id]&#10;    level: &quot;warning&quot;&#10;    schema: {&quot;loadingURI&quot;:&quot;#&quot;,&quot;pointer&quot;:&quot;/items/properties/category&quot;}&#10;    domain: &quot;syntax&quot;&#10;    ignored: [&quot;$id&quot;]&#10;warning: the following keywords are unknown and will be ignored: [$id, examples]&#10;    level: &quot;warning&quot;&#10;    schema: {&quot;loadingURI&quot;:&quot;#&quot;,&quot;pointer&quot;:&quot;/items/properties/category/properties/id&quot;}&#10;    domain: &quot;syntax&quot;&#10;    ignored: [&quot;$id&quot;,&quot;examples&quot;]&#10;warning: the following keywords are unknown and will be ignored: [$id, examples]&#10;    level: &quot;warning&quot;&#10;    schema: {&quot;loadingURI&quot;:&quot;#&quot;,&quot;pointer&quot;:&quot;/items/properties/category/properties/name&quot;}&#10;    domain: &quot;syntax&quot;&#10;    ignored: [&quot;$id&quot;,&quot;examples&quot;]&#10;warning: the following keywords are unknown and will be ignored: [$id, examples]&#10;    level: &quot;warning&quot;&#10;    schema: {&quot;loadingURI&quot;:&quot;#&quot;,&quot;pointer&quot;:&quot;/items/properties/id&quot;}&#10;    domain: &quot;syntax&quot;&#10;    ignored: [&quot;$id&quot;,&quot;examples&quot;]&#10;warning: the following keywords are unknown and will be ignored: [$id, examples]&#10;    level: &quot;warning&quot;&#10;    schema: {&quot;loadingURI&quot;:&quot;#&quot;,&quot;pointer&quot;:&quot;/items/properties/name&quot;}&#10;    domain: &quot;syntax&quot;&#10;    ignored: [&quot;$id&quot;,&quot;examples&quot;]&#10;warning: the following keywords are unknown and will be ignored: [$id]&#10;    level: &quot;warning&quot;&#10;    schema: {&quot;loadingURI&quot;:&quot;#&quot;,&quot;pointer&quot;:&quot;/items/properties/photoUrls&quot;}&#10;    domain: &quot;syntax&quot;&#10;    ignored: [&quot;$id&quot;]&#10;warning: the following keywords are unknown and will be ignored: [$id, examples]&#10;    level: &quot;warning&quot;&#10;    schema: {&quot;loadingURI&quot;:&quot;#&quot;,&quot;pointer&quot;:&quot;/items/properties/photoUrls/items&quot;}&#10;    domain: &quot;syntax&quot;&#10;    ignored: [&quot;$id&quot;,&quot;examples&quot;]&#10;warning: the following keywords are unknown and will be ignored: [$id, examples]&#10;    level: &quot;warning&quot;&#10;    schema: {&quot;loadingURI&quot;:&quot;#&quot;,&quot;pointer&quot;:&quot;/items/properties/status&quot;}&#10;    domain: &quot;syntax&quot;&#10;    ignored: [&quot;$id&quot;,&quot;examples&quot;]&#10;warning: the following keywords are unknown and will be ignored: [$id]&#10;    level: &quot;warning&quot;&#10;    schema: {&quot;loadingURI&quot;:&quot;#&quot;,&quot;pointer&quot;:&quot;/items/properties/tags&quot;}&#10;    domain: &quot;syntax&quot;&#10;    ignored: [&quot;$id&quot;]&#10;warning: the following keywords are unknown and will be ignored: [$id]&#10;    level: &quot;warning&quot;&#10;    schema: {&quot;loadingURI&quot;:&quot;#&quot;,&quot;pointer&quot;:&quot;/items/properties/tags/items&quot;}&#10;    domain: &quot;syntax&quot;&#10;    ignored: [&quot;$id&quot;]&#10;warning: the following keywords are unknown and will be ignored: [$id, examples]&#10;    level: &quot;warning&quot;&#10;    schema: {&quot;loadingURI&quot;:&quot;#&quot;,&quot;pointer&quot;:&quot;/items/properties/tags/items/properties/id&quot;}&#10;    domain: &quot;syntax&quot;&#10;    ignored: [&quot;$id&quot;,&quot;examples&quot;]&#10;warning: the following keywords are unknown and will be ignored: [$id, examples]&#10;    level: &quot;warning&quot;&#10;    schema: {&quot;loadingURI&quot;:&quot;#&quot;,&quot;pointer&quot;:&quot;/items/properties/tags/items/properties/name&quot;}&#10;    domain: &quot;syntax&quot;&#10;    ignored: [&quot;$id&quot;,&quot;examples&quot;]&#10;warning: the following keywords are unknown and will be ignored: [$id]&#10;    level: &quot;warning&quot;&#10;    schema: {&quot;loadingURI&quot;:&quot;#&quot;,&quot;pointer&quot;:&quot;/items&quot;}&#10;    domain: &quot;syntax&quot;&#10;    ignored: [&quot;$id&quot;]&#10;warning: the following keywords are unknown and will be ignored: [$id]&#10;    level: &quot;warning&quot;&#10;    schema: {&quot;loadingURI&quot;:&quot;#&quot;,&quot;pointer&quot;:&quot;/items/properties/category&quot;}&#10;    domain: &quot;syntax&quot;&#10;    ignored: [&quot;$id&quot;]&#10;warning: the following keywords are unknown and will be ignored: [$id, examples]&#10;    level: &quot;warning&quot;&#10;    schema: {&quot;loadingURI&quot;:&quot;#&quot;,&quot;pointer&quot;:&quot;/items/properties/category/properties/id&quot;}&#10;    domain: &quot;syntax&quot;&#10;    ignored: [&quot;$id&quot;,&quot;examples&quot;]&#10;warning: the following keywords are unknown and will be ignored: [$id, examples]&#10;    level: &quot;warning&quot;&#10;    schema: {&quot;loadingURI&quot;:&quot;#&quot;,&quot;pointer&quot;:&quot;/items/properties/category/properties/name&quot;}&#10;    domain: &quot;syntax&quot;&#10;    ignored: [&quot;$id&quot;,&quot;examples&quot;]&#10;warning: the following keywords are unknown and will be ignored: [$id, examples]&#10;    level: &quot;warning&quot;&#10;    schema: {&quot;loadingURI&quot;:&quot;#&quot;,&quot;pointer&quot;:&quot;/items/properties/id&quot;}&#10;    domain: &quot;syntax&quot;&#10;    ignored: [&quot;$id&quot;,&quot;examples&quot;]&#10;warning: the following keywords are unknown and will be ignored: [$id, examples]&#10;    level: &quot;warning&quot;&#10;    schema: {&quot;loadingURI&quot;:&quot;#&quot;,&quot;pointer&quot;:&quot;/items/properties/name&quot;}&#10;    domain: &quot;syntax&quot;&#10;    ignored: [&quot;$id&quot;,&quot;examples&quot;]&#10;warning: the following keywords are unknown and will be ignored: [$id]&#10;    level: &quot;warning&quot;&#10;    schema: {&quot;loadingURI&quot;:&quot;#&quot;,&quot;pointer&quot;:&quot;/items/properties/photoUrls&quot;}&#10;    domain: &quot;syntax&quot;&#10;    ignored: [&quot;$id&quot;]&#10;warning: the following keywords are unknown and will be ignored: [$id, examples]&#10;    level: &quot;warning&quot;&#10;    schema: {&quot;loadingURI&quot;:&quot;#&quot;,&quot;pointer&quot;:&quot;/items/properties/photoUrls/items&quot;}&#10;    domain: &quot;syntax&quot;&#10;    ignored: [&quot;$id&quot;,&quot;examples&quot;]&#10;warning: the following keywords are unknown and will be ignored: [$id, examples]&#10;    level: &quot;warning&quot;&#10;    schema: {&quot;loadingURI&quot;:&quot;#&quot;,&quot;pointer&quot;:&quot;/items/properties/status&quot;}&#10;    domain: &quot;syntax&quot;&#10;    ignored: [&quot;$id&quot;,&quot;examples&quot;]&#10;warning: the following keywords are unknown and will be ignored: [$id]&#10;    level: &quot;warning&quot;&#10;    schema: {&quot;loadingURI&quot;:&quot;#&quot;,&quot;pointer&quot;:&quot;/items/properties/tags&quot;}&#10;    domain: &quot;syntax&quot;&#10;    ignored: [&quot;$id&quot;]&#10;warning: the following keywords are unknown and will be ignored: [$id]&#10;    level: &quot;warning&quot;&#10;    schema: {&quot;loadingURI&quot;:&quot;#&quot;,&quot;pointer&quot;:&quot;/items/properties/tags/items&quot;}&#10;    domain: &quot;syntax&quot;&#10;    ignored: [&quot;$id&quot;]&#10;warning: the following keywords are unknown and will be ignored: [$id, examples]&#10;    level: &quot;warning&quot;&#10;    schema: {&quot;loadingURI&quot;:&quot;#&quot;,&quot;pointer&quot;:&quot;/items/properties/tags/items/properties/id&quot;}&#10;    domain: &quot;syntax&quot;&#10;    ignored: [&quot;$id&quot;,&quot;examples&quot;]&#10;warning: the following keywords are unknown and will be ignored: [$id, examples]&#10;    level: &quot;warning&quot;&#10;    schema: {&quot;loadingURI&quot;:&quot;#&quot;,&quot;pointer&quot;:&quot;/items/properties/tags/items/properties/name&quot;}&#10;    domain: &quot;syntax&quot;&#10;    ignored: [&quot;$id&quot;,&quot;examples&quot;]&#10;warning: the following keywords are unknown and will be ignored: [$id]&#10;    level: &quot;warning&quot;&#10;    schema: {&quot;loadingURI&quot;:&quot;#&quot;,&quot;pointer&quot;:&quot;/items&quot;}&#10;    domain: &quot;syntax&quot;&#10;    ignored: [&quot;$id&quot;]&#10;warning: the following keywords are unknown and will be ignored: [$id]&#10;    level: &quot;warning&quot;&#10;    schema: {&quot;loadingURI&quot;:&quot;#&quot;,&quot;pointer&quot;:&quot;/items/properties/category&quot;}&#10;    domain: &quot;syntax&quot;&#10;    ignored: [&quot;$id&quot;]&#10;warning: the following keywords are unknown and will be ignored: [$id, examples]&#10;    level: &quot;warning&quot;&#10;    schema: {&quot;loadingURI&quot;:&quot;#&quot;,&quot;pointer&quot;:&quot;/items/properties/category/properties/id&quot;}&#10;    domain: &quot;syntax&quot;&#10;    ignored: [&quot;$id&quot;,&quot;examples&quot;]&#10;warning: the following keywords are unknown and will be ignored: [$id, examples]&#10;    level: &quot;warning&quot;&#10;    schema: {&quot;loadingURI&quot;:&quot;#&quot;,&quot;pointer&quot;:&quot;/items/properties/category/properties/name&quot;}&#10;    domain: &quot;syntax&quot;&#10;    ignored: [&quot;$id&quot;,&quot;examples&quot;]&#10;warning: the following keywords are unknown and will be ignored: [$id, examples]&#10;    level: &quot;warning&quot;&#10;    schema: {&quot;loadingURI&quot;:&quot;#&quot;,&quot;pointer&quot;:&quot;/items/properties/id&quot;}&#10;    domain: &quot;syntax&quot;&#10;    ignored: [&quot;$id&quot;,&quot;examples&quot;]&#10;warning: the following keywords are unknown and will be ignored: [$id, examples]&#10;    level: &quot;warning&quot;&#10;    schema: {&quot;loadingURI&quot;:&quot;#&quot;,&quot;pointer&quot;:&quot;/items/properties/name&quot;}&#10;    domain: &quot;syntax&quot;&#10;    ignored: [&quot;$id&quot;,&quot;examples&quot;]&#10;warning: the following keywords are unknown and will be ignored: [$id]&#10;    level: &quot;warning&quot;&#10;    schema: {&quot;loadingURI&quot;:&quot;#&quot;,&quot;pointer&quot;:&quot;/items/properties/photoUrls&quot;}&#10;    domain: &quot;syntax&quot;&#10;    ignored: [&quot;$id&quot;]&#10;warning: the following keywords are unknown and will be ignored: [$id, examples]&#10;    level: &quot;warning&quot;&#10;    schema: {&quot;loadingURI&quot;:&quot;#&quot;,&quot;pointer&quot;:&quot;/items/properties/photoUrls/items&quot;}&#10;    domain: &quot;syntax&quot;&#10;    ignored: [&quot;$id&quot;,&quot;examples&quot;]&#10;warning: the following keywords are unknown and will be ignored: [$id, examples]&#10;    level: &quot;warning&quot;&#10;    schema: {&quot;loadingURI&quot;:&quot;#&quot;,&quot;pointer&quot;:&quot;/items/properties/status&quot;}&#10;    domain: &quot;syntax&quot;&#10;    ignored: [&quot;$id&quot;,&quot;examples&quot;]&#10;warning: the following keywords are unknown and will be ignored: [$id]&#10;    level: &quot;warning&quot;&#10;    schema: {&quot;loadingURI&quot;:&quot;#&quot;,&quot;pointer&quot;:&quot;/items/properties/tags&quot;}&#10;    domain: &quot;syntax&quot;&#10;    ignored: [&quot;$id&quot;]&#10;warning: the following keywords are unknown and will be ignored: [$id]&#10;    level: &quot;warning&quot;&#10;    schema: {&quot;loadingURI&quot;:&quot;#&quot;,&quot;pointer&quot;:&quot;/items/properties/tags/items&quot;}&#10;    domain: &quot;syntax&quot;&#10;    ignored: [&quot;$id&quot;]&#10;warning: the following keywords are unknown and will be ignored: [$id, examples]&#10;    level: &quot;warning&quot;&#10;    schema: {&quot;loadingURI&quot;:&quot;#&quot;,&quot;pointer&quot;:&quot;/items/properties/tags/items/properties/id&quot;}&#10;    domain: &quot;syntax&quot;&#10;    ignored: [&quot;$id&quot;,&quot;examples&quot;]&#10;warning: the following keywords are unknown and will be ignored: [$id, examples]&#10;    level: &quot;warning&quot;&#10;    schema: {&quot;loadingURI&quot;:&quot;#&quot;,&quot;pointer&quot;:&quot;/items/properties/tags/items/properties/name&quot;}&#10;    domain: &quot;syntax&quot;&#10;    ignored: [&quot;$id&quot;,&quot;examples&quot;]&#10;warning: the following keywords are unknown and will be ignored: [$id]&#10;    level: &quot;warning&quot;&#10;    schema: {&quot;loadingURI&quot;:&quot;#&quot;,&quot;pointer&quot;:&quot;/items&quot;}&#10;    domain: &quot;syntax&quot;&#10;    ignored: [&quot;$id&quot;]&#10;warning: the following keywords are unknown and will be ignored: [$id]&#10;    level: &quot;warning&quot;&#10;    schema: {&quot;loadingURI&quot;:&quot;#&quot;,&quot;pointer&quot;:&quot;/items/properties/category&quot;}&#10;    domain: &quot;syntax&quot;&#10;    ignored: [&quot;$id&quot;]&#10;warning: the following keywords are unknown and will be ignored: [$id, examples]&#10;    level: &quot;warning&quot;&#10;    schema: {&quot;loadingURI&quot;:&quot;#&quot;,&quot;pointer&quot;:&quot;/items/properties/category/properties/id&quot;}&#10;    domain: &quot;syntax&quot;&#10;    ignored: [&quot;$id&quot;,&quot;examples&quot;]&#10;warning: the following keywords are unknown and will be ignored: [$id, examples]&#10;    level: &quot;warning&quot;&#10;    schema: {&quot;loadingURI&quot;:&quot;#&quot;,&quot;pointer&quot;:&quot;/items/properties/category/properties/name&quot;}&#10;    domain: &quot;syntax&quot;&#10;    ignored: [&quot;$id&quot;,&quot;examples&quot;]&#10;warning: the following keywords are unknown and will be ignored: [$id, examples]&#10;    level: &quot;warning&quot;&#10;    schema: {&quot;loadingURI&quot;:&quot;#&quot;,&quot;pointer&quot;:&quot;/items/properties/id&quot;}&#10;    domain: &quot;syntax&quot;&#10;    ignored: [&quot;$id&quot;,&quot;examples&quot;]&#10;warning: the following keywords are unknown and will be ignored: [$id, examples]&#10;    level: &quot;warning&quot;&#10;    schema: {&quot;loadingURI&quot;:&quot;#&quot;,&quot;pointer&quot;:&quot;/items/properties/name&quot;}&#10;    domain: &quot;syntax&quot;&#10;    ignored: [&quot;$id&quot;,&quot;examples&quot;]&#10;warning: the following keywords are unknown and will be ignored: [$id]&#10;    level: &quot;warning&quot;&#10;    schema: {&quot;loadingURI&quot;:&quot;#&quot;,&quot;pointer&quot;:&quot;/items/properties/photoUrls&quot;}&#10;    domain: &quot;syntax&quot;&#10;    ignored: [&quot;$id&quot;]&#10;warning: the following keywords are unknown and will be ignored: [$id, examples]&#10;    level: &quot;warning&quot;&#10;    schema: {&quot;loadingURI&quot;:&quot;#&quot;,&quot;pointer&quot;:&quot;/items/properties/photoUrls/items&quot;}&#10;    domain: &quot;syntax&quot;&#10;    ignored: [&quot;$id&quot;,&quot;examples&quot;]&#10;warning: the following keywords are unknown and will be ignored: [$id, examples]&#10;    level: &quot;warning&quot;&#10;    schema: {&quot;loadingURI&quot;:&quot;#&quot;,&quot;pointer&quot;:&quot;/items/properties/status&quot;}&#10;    domain: &quot;syntax&quot;&#10;    ignored: [&quot;$id&quot;,&quot;examples&quot;]&#10;warning: the following keywords are unknown and will be ignored: [$id]&#10;    level: &quot;warning&quot;&#10;    schema: {&quot;loadingURI&quot;:&quot;#&quot;,&quot;pointer&quot;:&quot;/items/properties/tags&quot;}&#10;    domain: &quot;syntax&quot;&#10;    ignored: [&quot;$id&quot;]&#10;warning: the following keywords are unknown and will be ignored: [$id]&#10;    level: &quot;warning&quot;&#10;    schema: {&quot;loadingURI&quot;:&quot;#&quot;,&quot;pointer&quot;:&quot;/items/properties/tags/items&quot;}&#10;    domain: &quot;syntax&quot;&#10;    ignored: [&quot;$id&quot;]&#10;warning: the following keywords are unknown and will be ignored: [$id, examples]&#10;    level: &quot;warning&quot;&#10;    schema: {&quot;loadingURI&quot;:&quot;#&quot;,&quot;pointer&quot;:&quot;/items/properties/tags/items/properties/id&quot;}&#10;    domain: &quot;syntax&quot;&#10;    ignored: [&quot;$id&quot;,&quot;examples&quot;]&#10;warning: the following keywords are unknown and will be ignored: [$id, examples]&#10;    level: &quot;warning&quot;&#10;    schema: {&quot;loadingURI&quot;:&quot;#&quot;,&quot;pointer&quot;:&quot;/items/properties/tags/items/properties/name&quot;}&#10;    domain: &quot;syntax&quot;&#10;    ignored: [&quot;$id&quot;,&quot;examples&quot;]&#10;warning: the following keywords are unknown and will be ignored: [$id]&#10;    level: &quot;warning&quot;&#10;    schema: {&quot;loadingURI&quot;:&quot;#&quot;,&quot;pointer&quot;:&quot;/items&quot;}&#10;    domain: &quot;syntax&quot;&#10;    ignored: [&quot;$id&quot;]&#10;warning: the following keywords are unknown and will be ignored: [$id]&#10;    level: &quot;warning&quot;&#10;    schema: {&quot;loadingURI&quot;:&quot;#&quot;,&quot;pointer&quot;:&quot;/items/properties/category&quot;}&#10;    domain: &quot;syntax&quot;&#10;    ignored: [&quot;$id&quot;]&#10;warning: the following keywords are unknown and will be ignored: [$id, examples]&#10;    level: &quot;warning&quot;&#10;    schema: {&quot;loadingURI&quot;:&quot;#&quot;,&quot;pointer&quot;:&quot;/items/properties/category/properties/id&quot;}&#10;    domain: &quot;syntax&quot;&#10;    ignored: [&quot;$id&quot;,&quot;examples&quot;]&#10;warning: the following keywords are unknown and will be ignored: [$id, examples]&#10;    level: &quot;warning&quot;&#10;    schema: {&quot;loadingURI&quot;:&quot;#&quot;,&quot;pointer&quot;:&quot;/items/properties/category/properties/name&quot;}&#10;    domain: &quot;syntax&quot;&#10;    ignored: [&quot;$id&quot;,&quot;examples&quot;]&#10;warning: the following keywords are unknown and will be ignored: [$id, examples]&#10;    level: &quot;warning&quot;&#10;    schema: {&quot;loadingURI&quot;:&quot;#&quot;,&quot;pointer&quot;:&quot;/items/properties/id&quot;}&#10;    domain: &quot;syntax&quot;&#10;    ignored: [&quot;$id&quot;,&quot;examples&quot;]&#10;warning: the following keywords are unknown and will be ignored: [$id, examples]&#10;    level: &quot;warning&quot;&#10;    schema: {&quot;loadingURI&quot;:&quot;#&quot;,&quot;pointer&quot;:&quot;/items/properties/name&quot;}&#10;    domain: &quot;syntax&quot;&#10;    ignored: [&quot;$id&quot;,&quot;examples&quot;]&#10;warning: the following keywords are unknown and will be ignored: [$id]&#10;    level: &quot;warning&quot;&#10;    schema: {&quot;loadingURI&quot;:&quot;#&quot;,&quot;pointer&quot;:&quot;/items/properties/photoUrls&quot;}&#10;    domain: &quot;syntax&quot;&#10;    ignored: [&quot;$id&quot;]&#10;warning: the following keywords are unknown and will be ignored: [$id, examples]&#10;    level: &quot;warning&quot;&#10;    schema: {&quot;loadingURI&quot;:&quot;#&quot;,&quot;pointer&quot;:&quot;/items/properties/photoUrls/items&quot;}&#10;    domain: &quot;syntax&quot;&#10;    ignored: [&quot;$id&quot;,&quot;examples&quot;]&#10;warning: the following keywords are unknown and will be ignored: [$id, examples]&#10;    level: &quot;warning&quot;&#10;    schema: {&quot;loadingURI&quot;:&quot;#&quot;,&quot;pointer&quot;:&quot;/items/properties/status&quot;}&#10;    domain: &quot;syntax&quot;&#10;    ignored: [&quot;$id&quot;,&quot;examples&quot;]&#10;warning: the following keywords are unknown and will be ignored: [$id]&#10;    level: &quot;warning&quot;&#10;    schema: {&quot;loadingURI&quot;:&quot;#&quot;,&quot;pointer&quot;:&quot;/items/properties/tags&quot;}&#10;    domain: &quot;syntax&quot;&#10;    ignored: [&quot;$id&quot;]&#10;warning: the following keywords are unknown and will be ignored: [$id]&#10;    level: &quot;warning&quot;&#10;    schema: {&quot;loadingURI&quot;:&quot;#&quot;,&quot;pointer&quot;:&quot;/items/properties/tags/items&quot;}&#10;    domain: &quot;syntax&quot;&#10;    ignored: [&quot;$id&quot;]&#10;warning: the following keywords are unknown and will be ignored: [$id, examples]&#10;    level: &quot;warning&quot;&#10;    schema: {&quot;loadingURI&quot;:&quot;#&quot;,&quot;pointer&quot;:&quot;/items/properties/tags/items/properties/id&quot;}&#10;    domain: &quot;syntax&quot;&#10;    ignored: [&quot;$id&quot;,&quot;examples&quot;]&#10;warning: the following keywords are unknown and will be ignored: [$id, examples]&#10;    level: &quot;warning&quot;&#10;    schema: {&quot;loadingURI&quot;:&quot;#&quot;,&quot;pointer&quot;:&quot;/items/properties/tags/items/properties/name&quot;}&#10;    domain: &quot;syntax&quot;&#10;    ignored: [&quot;$id&quot;,&quot;examples&quot;]&#10;warning: the following keywords are unknown and will be ignored: [$id]&#10;    level: &quot;warning&quot;&#10;    schema: {&quot;loadingURI&quot;:&quot;#&quot;,&quot;pointer&quot;:&quot;/items&quot;}&#10;    domain: &quot;syntax&quot;&#10;    ignored: [&quot;$id&quot;]&#10;warning: the following keywords are unknown and will be ignored: [$id]&#10;    level: &quot;warning&quot;&#10;    schema: {&quot;loadingURI&quot;:&quot;#&quot;,&quot;pointer&quot;:&quot;/items/properties/category&quot;}&#10;    domain: &quot;syntax&quot;&#10;    ignored: [&quot;$id&quot;]&#10;warning: the following keywords are unknown and will be ignored: [$id, examples]&#10;    level: &quot;warning&quot;&#10;    schema: {&quot;loadingURI&quot;:&quot;#&quot;,&quot;pointer&quot;:&quot;/items/properties/category/properties/id&quot;}&#10;    domain: &quot;syntax&quot;&#10;    ignored: [&quot;$id&quot;,&quot;examples&quot;]&#10;warning: the following keywords are unknown and will be ignored: [$id, examples]&#10;    level: &quot;warning&quot;&#10;    schema: {&quot;loadingURI&quot;:&quot;#&quot;,&quot;pointer&quot;:&quot;/items/properties/category/properties/name&quot;}&#10;    domain: &quot;syntax&quot;&#10;    ignored: [&quot;$id&quot;,&quot;examples&quot;]&#10;warning: the following keywords are unknown and will be ignored: [$id, examples]&#10;    level: &quot;warning&quot;&#10;    schema: {&quot;loadingURI&quot;:&quot;#&quot;,&quot;pointer&quot;:&quot;/items/properties/id&quot;}&#10;    domain: &quot;syntax&quot;&#10;    ignored: [&quot;$id&quot;,&quot;examples&quot;]&#10;warning: the following keywords are unknown and will be ignored: [$id, examples]&#10;    level: &quot;warning&quot;&#10;    schema: {&quot;loadingURI&quot;:&quot;#&quot;,&quot;pointer&quot;:&quot;/items/properties/name&quot;}&#10;    domain: &quot;syntax&quot;&#10;    ignored: [&quot;$id&quot;,&quot;examples&quot;]&#10;warning: the following keywords are unknown and will be ignored: [$id]&#10;    level: &quot;warning&quot;&#10;    schema: {&quot;loadingURI&quot;:&quot;#&quot;,&quot;pointer&quot;:&quot;/items/properties/photoUrls&quot;}&#10;    domain: &quot;syntax&quot;&#10;    ignored: [&quot;$id&quot;]&#10;warning: the following keywords are unknown and will be ignored: [$id, examples]&#10;    level: &quot;warning&quot;&#10;    schema: {&quot;loadingURI&quot;:&quot;#&quot;,&quot;pointer&quot;:&quot;/items/properties/photoUrls/items&quot;}&#10;    domain: &quot;syntax&quot;&#10;    ignored: [&quot;$id&quot;,&quot;examples&quot;]&#10;warning: the following keywords are unknown and will be ignored: [$id, examples]&#10;    level: &quot;warning&quot;&#10;    schema: {&quot;loadingURI&quot;:&quot;#&quot;,&quot;pointer&quot;:&quot;/items/properties/status&quot;}&#10;    domain: &quot;syntax&quot;&#10;    ignored: [&quot;$id&quot;,&quot;examples&quot;]&#10;warning: the following keywords are unknown and will be ignored: [$id]&#10;    level: &quot;warning&quot;&#10;    schema: {&quot;loadingURI&quot;:&quot;#&quot;,&quot;pointer&quot;:&quot;/items/properties/tags&quot;}&#10;    domain: &quot;syntax&quot;&#10;    ignored: [&quot;$id&quot;]&#10;warning: the following keywords are unknown and will be ignored: [$id]&#10;    level: &quot;warning&quot;&#10;    schema: {&quot;loadingURI&quot;:&quot;#&quot;,&quot;pointer&quot;:&quot;/items/properties/tags/items&quot;}&#10;    domain: &quot;syntax&quot;&#10;    ignored: [&quot;$id&quot;]&#10;warning: the following keywords are unknown and will be ignored: [$id, examples]&#10;    level: &quot;warning&quot;&#10;    schema: {&quot;loadingURI&quot;:&quot;#&quot;,&quot;pointer&quot;:&quot;/items/properties/tags/items/properties/id&quot;}&#10;    domain: &quot;syntax&quot;&#10;    ignored: [&quot;$id&quot;,&quot;examples&quot;]&#10;warning: the following keywords are unknown and will be ignored: [$id, examples]&#10;    level: &quot;warning&quot;&#10;    schema: {&quot;loadingURI&quot;:&quot;#&quot;,&quot;pointer&quot;:&quot;/items/properties/tags/items/properties/name&quot;}&#10;    domain: &quot;syntax&quot;&#10;    ignored: [&quot;$id&quot;,&quot;examples&quot;]&#10;warning: the following keywords are unknown and will be ignored: [$id]&#10;    level: &quot;warning&quot;&#10;    schema: {&quot;loadingURI&quot;:&quot;#&quot;,&quot;pointer&quot;:&quot;/items&quot;}&#10;    domain: &quot;syntax&quot;&#10;    ignored: [&quot;$id&quot;]&#10;warning: the following keywords are unknown and will be ignored: [$id]&#10;    level: &quot;warning&quot;&#10;    schema: {&quot;loadingURI&quot;:&quot;#&quot;,&quot;pointer&quot;:&quot;/items/properties/category&quot;}&#10;    domain: &quot;syntax&quot;&#10;    ignored: [&quot;$id&quot;]&#10;warning: the following keywords are unknown and will be ignored: [$id, examples]&#10;    level: &quot;warning&quot;&#10;    schema: {&quot;loadingURI&quot;:&quot;#&quot;,&quot;pointer&quot;:&quot;/items/properties/category/properties/id&quot;}&#10;    domain: &quot;syntax&quot;&#10;    ignored: [&quot;$id&quot;,&quot;examples&quot;]&#10;warning: the following keywords are unknown and will be ignored: [$id, examples]&#10;    level: &quot;warning&quot;&#10;    schema: {&quot;loadingURI&quot;:&quot;#&quot;,&quot;pointer&quot;:&quot;/items/properties/category/properties/name&quot;}&#10;    domain: &quot;syntax&quot;&#10;    ignored: [&quot;$id&quot;,&quot;examples&quot;]&#10;warning: the following keywords are unknown and will be ignored: [$id, examples]&#10;    level: &quot;warning&quot;&#10;    schema: {&quot;loadingURI&quot;:&quot;#&quot;,&quot;pointer&quot;:&quot;/items/properties/id&quot;}&#10;    domain: &quot;syntax&quot;&#10;    ignored: [&quot;$id&quot;,&quot;examples&quot;]&#10;warning: the following keywords are unknown and will be ignored: [$id, examples]&#10;    level: &quot;warning&quot;&#10;    schema: {&quot;loadingURI&quot;:&quot;#&quot;,&quot;pointer&quot;:&quot;/items/properties/name&quot;}&#10;    domain: &quot;syntax&quot;&#10;    ignored: [&quot;$id&quot;,&quot;examples&quot;]&#10;warning: the following keywords are unknown and will be ignored: [$id]&#10;    level: &quot;warning&quot;&#10;    schema: {&quot;loadingURI&quot;:&quot;#&quot;,&quot;pointer&quot;:&quot;/items/properties/photoUrls&quot;}&#10;    domain: &quot;syntax&quot;&#10;    ignored: [&quot;$id&quot;]&#10;warning: the following keywords are unknown and will be ignored: [$id, examples]&#10;    level: &quot;warning&quot;&#10;    schema: {&quot;loadingURI&quot;:&quot;#&quot;,&quot;pointer&quot;:&quot;/items/properties/photoUrls/items&quot;}&#10;    domain: &quot;syntax&quot;&#10;    ignored: [&quot;$id&quot;,&quot;examples&quot;]&#10;warning: the following keywords are unknown and will be ignored: [$id, examples]&#10;    level: &quot;warning&quot;&#10;    schema: {&quot;loadingURI&quot;:&quot;#&quot;,&quot;pointer&quot;:&quot;/items/properties/status&quot;}&#10;    domain: &quot;syntax&quot;&#10;    ignored: [&quot;$id&quot;,&quot;examples&quot;]&#10;warning: the following keywords are unknown and will be ignored: [$id]&#10;    level: &quot;warning&quot;&#10;    schema: {&quot;loadingURI&quot;:&quot;#&quot;,&quot;pointer&quot;:&quot;/items/properties/tags&quot;}&#10;    domain: &quot;syntax&quot;&#10;    ignored: [&quot;$id&quot;]&#10;warning: the following keywords are unknown and will be ignored: [$id]&#10;    level: &quot;warning&quot;&#10;    schema: {&quot;loadingURI&quot;:&quot;#&quot;,&quot;pointer&quot;:&quot;/items/properties/tags/items&quot;}&#10;    domain: &quot;syntax&quot;&#10;    ignored: [&quot;$id&quot;]&#10;warning: the following keywords are unknown and will be ignored: [$id, examples]&#10;    level: &quot;warning&quot;&#10;    schema: {&quot;loadingURI&quot;:&quot;#&quot;,&quot;pointer&quot;:&quot;/items/properties/tags/items/properties/id&quot;}&#10;    domain: &quot;syntax&quot;&#10;    ignored: [&quot;$id&quot;,&quot;examples&quot;]&#10;warning: the following keywords are unknown and will be ignored: [$id, examples]&#10;    level: &quot;warning&quot;&#10;    schema: {&quot;loadingURI&quot;:&quot;#&quot;,&quot;pointer&quot;:&quot;/items/properties/tags/items/properties/name&quot;}&#10;    domain: &quot;syntax&quot;&#10;    ignored: [&quot;$id&quot;,&quot;examples&quot;]&#10;warning: the following keywords are unknown and will be ignored: [$id]&#10;    level: &quot;warning&quot;&#10;    schema: {&quot;loadingURI&quot;:&quot;#&quot;,&quot;pointer&quot;:&quot;/items&quot;}&#10;    domain: &quot;syntax&quot;&#10;    ignored: [&quot;$id&quot;]&#10;warning: the following keywords are unknown and will be ignored: [$id]&#10;    level: &quot;warning&quot;&#10;    schema: {&quot;loadingURI&quot;:&quot;#&quot;,&quot;pointer&quot;:&quot;/items/properties/category&quot;}&#10;    domain: &quot;syntax&quot;&#10;    ignored: [&quot;$id&quot;]&#10;warning: the following keywords are unknown and will be ignored: [$id, examples]&#10;    level: &quot;warning&quot;&#10;    schema: {&quot;loadingURI&quot;:&quot;#&quot;,&quot;pointer&quot;:&quot;/items/properties/category/properties/id&quot;}&#10;    domain: &quot;syntax&quot;&#10;    ignored: [&quot;$id&quot;,&quot;examples&quot;]&#10;warning: the following keywords are unknown and will be ignored: [$id, examples]&#10;    level: &quot;warning&quot;&#10;    schema: {&quot;loadingURI&quot;:&quot;#&quot;,&quot;pointer&quot;:&quot;/items/properties/category/properties/name&quot;}&#10;    domain: &quot;syntax&quot;&#10;    ignored: [&quot;$id&quot;,&quot;examples&quot;]&#10;warning: the following keywords are unknown and will be ignored: [$id, examples]&#10;    level: &quot;warning&quot;&#10;    schema: {&quot;loadingURI&quot;:&quot;#&quot;,&quot;pointer&quot;:&quot;/items/properties/id&quot;}&#10;    domain: &quot;syntax&quot;&#10;    ignored: [&quot;$id&quot;,&quot;examples&quot;]&#10;warning: the following keywords are unknown and will be ignored: [$id, examples]&#10;    level: &quot;warning&quot;&#10;    schema: {&quot;loadingURI&quot;:&quot;#&quot;,&quot;pointer&quot;:&quot;/items/properties/name&quot;}&#10;    domain: &quot;syntax&quot;&#10;    ignored: [&quot;$id&quot;,&quot;examples&quot;]&#10;warning: the following keywords are unknown and will be ignored: [$id]&#10;    level: &quot;warning&quot;&#10;    schema: {&quot;loadingURI&quot;:&quot;#&quot;,&quot;pointer&quot;:&quot;/items/properties/photoUrls&quot;}&#10;    domain: &quot;syntax&quot;&#10;    ignored: [&quot;$id&quot;]&#10;warning: the following keywords are unknown and will be ignored: [$id, examples]&#10;    level: &quot;warning&quot;&#10;    schema: {&quot;loadingURI&quot;:&quot;#&quot;,&quot;pointer&quot;:&quot;/items/properties/photoUrls/items&quot;}&#10;    domain: &quot;syntax&quot;&#10;    ignored: [&quot;$id&quot;,&quot;examples&quot;]&#10;warning: the following keywords are unknown and will be ignored: [$id, examples]&#10;    level: &quot;warning&quot;&#10;    schema: {&quot;loadingURI&quot;:&quot;#&quot;,&quot;pointer&quot;:&quot;/items/properties/status&quot;}&#10;    domain: &quot;syntax&quot;&#10;    ignored: [&quot;$id&quot;,&quot;examples&quot;]&#10;warning: the following keywords are unknown and will be ignored: [$id]&#10;    level: &quot;warning&quot;&#10;    schema: {&quot;loadingURI&quot;:&quot;#&quot;,&quot;pointer&quot;:&quot;/items/properties/tags&quot;}&#10;    domain: &quot;syntax&quot;&#10;    ignored: [&quot;$id&quot;]&#10;warning: the following keywords are unknown and will be ignored: [$id]&#10;    level: &quot;warning&quot;&#10;    schema: {&quot;loadingURI&quot;:&quot;#&quot;,&quot;pointer&quot;:&quot;/items/properties/tags/items&quot;}&#10;    domain: &quot;syntax&quot;&#10;    ignored: [&quot;$id&quot;]&#10;warning: the following keywords are unknown and will be ignored: [$id, examples]&#10;    level: &quot;warning&quot;&#10;    schema: {&quot;loadingURI&quot;:&quot;#&quot;,&quot;pointer&quot;:&quot;/items/properties/tags/items/properties/id&quot;}&#10;    domain: &quot;syntax&quot;&#10;    ignored: [&quot;$id&quot;,&quot;examples&quot;]&#10;warning: the following keywords are unknown and will be ignored: [$id, examples]&#10;    level: &quot;warning&quot;&#10;    schema: {&quot;loadingURI&quot;:&quot;#&quot;,&quot;pointer&quot;:&quot;/items/properties/tags/items/properties/name&quot;}&#10;    domain: &quot;syntax&quot;&#10;    ignored: [&quot;$id&quot;,&quot;examples&quot;]&#10;warning: the following keywords are unknown and will be ignored: [$id]&#10;    level: &quot;warning&quot;&#10;    schema: {&quot;loadingURI&quot;:&quot;#&quot;,&quot;pointer&quot;:&quot;/items&quot;}&#10;    domain: &quot;syntax&quot;&#10;    ignored: [&quot;$id&quot;]&#10;warning: the following keywords are unknown and will be ignored: [$id]&#10;    level: &quot;warning&quot;&#10;    schema: {&quot;loadingURI&quot;:&quot;#&quot;,&quot;pointer&quot;:&quot;/items/properties/category&quot;}&#10;    domain: &quot;syntax&quot;&#10;    ignored: [&quot;$id&quot;]&#10;warning: the following keywords are unknown and will be ignored: [$id, examples]&#10;    level: &quot;warning&quot;&#10;    schema: {&quot;loadingURI&quot;:&quot;#&quot;,&quot;pointer&quot;:&quot;/items/properties/category/properties/id&quot;}&#10;    domain: &quot;syntax&quot;&#10;    ignored: [&quot;$id&quot;,&quot;examples&quot;]&#10;warning: the following keywords are unknown and will be ignored: [$id, examples]&#10;    level: &quot;warning&quot;&#10;    schema: {&quot;loadingURI&quot;:&quot;#&quot;,&quot;pointer&quot;:&quot;/items/properties/category/properties/name&quot;}&#10;    domain: &quot;syntax&quot;&#10;    ignored: [&quot;$id&quot;,&quot;examples&quot;]&#10;warning: the following keywords are unknown and will be ignored: [$id, examples]&#10;    level: &quot;warning&quot;&#10;    schema: {&quot;loadingURI&quot;:&quot;#&quot;,&quot;pointer&quot;:&quot;/items/properties/id&quot;}&#10;    domain: &quot;syntax&quot;&#10;    ignored: [&quot;$id&quot;,&quot;examples&quot;]&#10;warning: the following keywords are unknown and will be ignored: [$id, examples]&#10;    level: &quot;warning&quot;&#10;    schema: {&quot;loadingURI&quot;:&quot;#&quot;,&quot;pointer&quot;:&quot;/items/properties/name&quot;}&#10;    domain: &quot;syntax&quot;&#10;    ignored: [&quot;$id&quot;,&quot;examples&quot;]&#10;warning: the following keywords are unknown and will be ignored: [$id]&#10;    level: &quot;warning&quot;&#10;    schema: {&quot;loadingURI&quot;:&quot;#&quot;,&quot;pointer&quot;:&quot;/items/properties/photoUrls&quot;}&#10;    domain: &quot;syntax&quot;&#10;    ignored: [&quot;$id&quot;]&#10;warning: the following keywords are unknown and will be ignored: [$id, examples]&#10;    level: &quot;warning&quot;&#10;    schema: {&quot;loadingURI&quot;:&quot;#&quot;,&quot;pointer&quot;:&quot;/items/properties/photoUrls/items&quot;}&#10;    domain: &quot;syntax&quot;&#10;    ignored: [&quot;$id&quot;,&quot;examples&quot;]&#10;warning: the following keywords are unknown and will be ignored: [$id, examples]&#10;    level: &quot;warning&quot;&#10;    schema: {&quot;loadingURI&quot;:&quot;#&quot;,&quot;pointer&quot;:&quot;/items/properties/status&quot;}&#10;    domain: &quot;syntax&quot;&#10;    ignored: [&quot;$id&quot;,&quot;examples&quot;]&#10;warning: the following keywords are unknown and will be ignored: [$id]&#10;    level: &quot;warning&quot;&#10;    schema: {&quot;loadingURI&quot;:&quot;#&quot;,&quot;pointer&quot;:&quot;/items/properties/tags&quot;}&#10;    domain: &quot;syntax&quot;&#10;    ignored: [&quot;$id&quot;]&#10;warning: the following keywords are unknown and will be ignored: [$id]&#10;    level: &quot;warning&quot;&#10;    schema: {&quot;loadingURI&quot;:&quot;#&quot;,&quot;pointer&quot;:&quot;/items/properties/tags/items&quot;}&#10;    domain: &quot;syntax&quot;&#10;    ignored: [&quot;$id&quot;]&#10;warning: the following keywords are unknown and will be ignored: [$id, examples]&#10;    level: &quot;warning&quot;&#10;    schema: {&quot;loadingURI&quot;:&quot;#&quot;,&quot;pointer&quot;:&quot;/items/properties/tags/items/properties/id&quot;}&#10;    domain: &quot;syntax&quot;&#10;    ignored: [&quot;$id&quot;,&quot;examples&quot;]&#10;warning: the following keywords are unknown and will be ignored: [$id, examples]&#10;    level: &quot;warning&quot;&#10;    schema: {&quot;loadingURI&quot;:&quot;#&quot;,&quot;pointer&quot;:&quot;/items/properties/tags/items/properties/name&quot;}&#10;    domain: &quot;syntax&quot;&#10;    ignored: [&quot;$id&quot;,&quot;examples&quot;]&#10;warning: the following keywords are unknown and will be ignored: [$id]&#10;    level: &quot;warning&quot;&#10;    schema: {&quot;loadingURI&quot;:&quot;#&quot;,&quot;pointer&quot;:&quot;/items&quot;}&#10;    domain: &quot;syntax&quot;&#10;    ignored: [&quot;$id&quot;]&#10;warning: the following keywords are unknown and will be ignored: [$id]&#10;    level: &quot;warning&quot;&#10;    schema: {&quot;loadingURI&quot;:&quot;#&quot;,&quot;pointer&quot;:&quot;/items/properties/category&quot;}&#10;    domain: &quot;syntax&quot;&#10;    ignored: [&quot;$id&quot;]&#10;warning: the following keywords are unknown and will be ignored: [$id, examples]&#10;    level: &quot;warning&quot;&#10;    schema: {&quot;loadingURI&quot;:&quot;#&quot;,&quot;pointer&quot;:&quot;/items/properties/category/properties/id&quot;}&#10;    domain: &quot;syntax&quot;&#10;    ignored: [&quot;$id&quot;,&quot;examples&quot;]&#10;warning: the following keywords are unknown and will be ignored: [$id, examples]&#10;    level: &quot;warning&quot;&#10;    schema: {&quot;loadingURI&quot;:&quot;#&quot;,&quot;pointer&quot;:&quot;/items/properties/category/properties/name&quot;}&#10;    domain: &quot;syntax&quot;&#10;    ignored: [&quot;$id&quot;,&quot;examples&quot;]&#10;warning: the following keywords are unknown and will be ignored: [$id, examples]&#10;    level: &quot;warning&quot;&#10;    schema: {&quot;loadingURI&quot;:&quot;#&quot;,&quot;pointer&quot;:&quot;/items/properties/id&quot;}&#10;    domain: &quot;syntax&quot;&#10;    ignored: [&quot;$id&quot;,&quot;examples&quot;]&#10;warning: the following keywords are unknown and will be ignored: [$id, examples]&#10;    level: &quot;warning&quot;&#10;    schema: {&quot;loadingURI&quot;:&quot;#&quot;,&quot;pointer&quot;:&quot;/items/properties/name&quot;}&#10;    domain: &quot;syntax&quot;&#10;    ignored: [&quot;$id&quot;,&quot;examples&quot;]&#10;warning: the following keywords are unknown and will be ignored: [$id]&#10;    level: &quot;warning&quot;&#10;    schema: {&quot;loadingURI&quot;:&quot;#&quot;,&quot;pointer&quot;:&quot;/items/properties/photoUrls&quot;}&#10;    domain: &quot;syntax&quot;&#10;    ignored: [&quot;$id&quot;]&#10;warning: the following keywords are unknown and will be ignored: [$id, examples]&#10;    level: &quot;warning&quot;&#10;    schema: {&quot;loadingURI&quot;:&quot;#&quot;,&quot;pointer&quot;:&quot;/items/properties/photoUrls/items&quot;}&#10;    domain: &quot;syntax&quot;&#10;    ignored: [&quot;$id&quot;,&quot;examples&quot;]&#10;warning: the following keywords are unknown and will be ignored: [$id, examples]&#10;    level: &quot;warning&quot;&#10;    schema: {&quot;loadingURI&quot;:&quot;#&quot;,&quot;pointer&quot;:&quot;/items/properties/status&quot;}&#10;    domain: &quot;syntax&quot;&#10;    ignored: [&quot;$id&quot;,&quot;examples&quot;]&#10;warning: the following keywords are unknown and will be ignored: [$id]&#10;    level: &quot;warning&quot;&#10;    schema: {&quot;loadingURI&quot;:&quot;#&quot;,&quot;pointer&quot;:&quot;/items/properties/tags&quot;}&#10;    domain: &quot;syntax&quot;&#10;    ignored: [&quot;$id&quot;]&#10;warning: the following keywords are unknown and will be ignored: [$id]&#10;    level: &quot;warning&quot;&#10;    schema: {&quot;loadingURI&quot;:&quot;#&quot;,&quot;pointer&quot;:&quot;/items/properties/tags/items&quot;}&#10;    domain: &quot;syntax&quot;&#10;    ignored: [&quot;$id&quot;]&#10;warning: the following keywords are unknown and will be ignored: [$id, examples]&#10;    level: &quot;warning&quot;&#10;    schema: {&quot;loadingURI&quot;:&quot;#&quot;,&quot;pointer&quot;:&quot;/items/properties/tags/items/properties/id&quot;}&#10;    domain: &quot;syntax&quot;&#10;    ignored: [&quot;$id&quot;,&quot;examples&quot;]&#10;warning: the following keywords are unknown and will be ignored: [$id, examples]&#10;    level: &quot;warning&quot;&#10;    schema: {&quot;loadingURI&quot;:&quot;#&quot;,&quot;pointer&quot;:&quot;/items/properties/tags/items/properties/name&quot;}&#10;    domain: &quot;syntax&quot;&#10;    ignored: [&quot;$id&quot;,&quot;examples&quot;]&#10;warning: the following keywords are unknown and will be ignored: [$id]&#10;    level: &quot;warning&quot;&#10;    schema: {&quot;loadingURI&quot;:&quot;#&quot;,&quot;pointer&quot;:&quot;/items&quot;}&#10;    domain: &quot;syntax&quot;&#10;    ignored: [&quot;$id&quot;]&#10;warning: the following keywords are unknown and will be ignored: [$id]&#10;    level: &quot;warning&quot;&#10;    schema: {&quot;loadingURI&quot;:&quot;#&quot;,&quot;pointer&quot;:&quot;/items/properties/category&quot;}&#10;    domain: &quot;syntax&quot;&#10;    ignored: [&quot;$id&quot;]&#10;warning: the following keywords are unknown and will be ignored: [$id, examples]&#10;    level: &quot;warning&quot;&#10;    schema: {&quot;loadingURI&quot;:&quot;#&quot;,&quot;pointer&quot;:&quot;/items/properties/category/properties/id&quot;}&#10;    domain: &quot;syntax&quot;&#10;    ignored: [&quot;$id&quot;,&quot;examples&quot;]&#10;warning: the following keywords are unknown and will be ignored: [$id, examples]&#10;    level: &quot;warning&quot;&#10;    schema: {&quot;loadingURI&quot;:&quot;#&quot;,&quot;pointer&quot;:&quot;/items/properties/category/properties/name&quot;}&#10;    domain: &quot;syntax&quot;&#10;    ignored: [&quot;$id&quot;,&quot;examples&quot;]&#10;warning: the following keywords are unknown and will be ignored: [$id, examples]&#10;    level: &quot;warning&quot;&#10;    schema: {&quot;loadingURI&quot;:&quot;#&quot;,&quot;pointer&quot;:&quot;/items/properties/id&quot;}&#10;    domain: &quot;syntax&quot;&#10;    ignored: [&quot;$id&quot;,&quot;examples&quot;]&#10;warning: the following keywords are unknown and will be ignored: [$id, examples]&#10;    level: &quot;warning&quot;&#10;    schema: {&quot;loadingURI&quot;:&quot;#&quot;,&quot;pointer&quot;:&quot;/items/properties/name&quot;}&#10;    domain: &quot;syntax&quot;&#10;    ignored: [&quot;$id&quot;,&quot;examples&quot;]&#10;warning: the following keywords are unknown and will be ignored: [$id]&#10;    level: &quot;warning&quot;&#10;    schema: {&quot;loadingURI&quot;:&quot;#&quot;,&quot;pointer&quot;:&quot;/items/properties/photoUrls&quot;}&#10;    domain: &quot;syntax&quot;&#10;    ignored: [&quot;$id&quot;]&#10;warning: the following keywords are unknown and will be ignored: [$id, examples]&#10;    level: &quot;warning&quot;&#10;    schema: {&quot;loadingURI&quot;:&quot;#&quot;,&quot;pointer&quot;:&quot;/items/properties/photoUrls/items&quot;}&#10;    domain: &quot;syntax&quot;&#10;    ignored: [&quot;$id&quot;,&quot;examples&quot;]&#10;warning: the following keywords are unknown and will be ignored: [$id, examples]&#10;    level: &quot;warning&quot;&#10;    schema: {&quot;loadingURI&quot;:&quot;#&quot;,&quot;pointer&quot;:&quot;/items/properties/status&quot;}&#10;    domain: &quot;syntax&quot;&#10;    ignored: [&quot;$id&quot;,&quot;examples&quot;]&#10;warning: the following keywords are unknown and will be ignored: [$id]&#10;    level: &quot;warning&quot;&#10;    schema: {&quot;loadingURI&quot;:&quot;#&quot;,&quot;pointer&quot;:&quot;/items/properties/tags&quot;}&#10;    domain: &quot;syntax&quot;&#10;    ignored: [&quot;$id&quot;]&#10;warning: the following keywords are unknown and will be ignored: [$id]&#10;    level: &quot;warning&quot;&#10;    schema: {&quot;loadingURI&quot;:&quot;#&quot;,&quot;pointer&quot;:&quot;/items/properties/tags/items&quot;}&#10;    domain: &quot;syntax&quot;&#10;    ignored: [&quot;$id&quot;]&#10;warning: the following keywords are unknown and will be ignored: [$id, examples]&#10;    level: &quot;warning&quot;&#10;    schema: {&quot;loadingURI&quot;:&quot;#&quot;,&quot;pointer&quot;:&quot;/items/properties/tags/items/properties/id&quot;}&#10;    domain: &quot;syntax&quot;&#10;    ignored: [&quot;$id&quot;,&quot;examples&quot;]&#10;warning: the following keywords are unknown and will be ignored: [$id, examples]&#10;    level: &quot;warning&quot;&#10;    schema: {&quot;loadingURI&quot;:&quot;#&quot;,&quot;pointer&quot;:&quot;/items/properties/tags/items/properties/name&quot;}&#10;    domain: &quot;syntax&quot;&#10;    ignored: [&quot;$id&quot;,&quot;examples&quot;]&#10;warning: the following keywords are unknown and will be ignored: [$id]&#10;    level: &quot;warning&quot;&#10;    schema: {&quot;loadingURI&quot;:&quot;#&quot;,&quot;pointer&quot;:&quot;/items&quot;}&#10;    domain: &quot;syntax&quot;&#10;    ignored: [&quot;$id&quot;]&#10;warning: the following keywords are unknown and will be ignored: [$id]&#10;    level: &quot;warning&quot;&#10;    schema: {&quot;loadingURI&quot;:&quot;#&quot;,&quot;pointer&quot;:&quot;/items/properties/category&quot;}&#10;    domain: &quot;syntax&quot;&#10;    ignored: [&quot;$id&quot;]&#10;warning: the following keywords are unknown and will be ignored: [$id, examples]&#10;    level: &quot;warning&quot;&#10;    schema: {&quot;loadingURI&quot;:&quot;#&quot;,&quot;pointer&quot;:&quot;/items/properties/category/properties/id&quot;}&#10;    domain: &quot;syntax&quot;&#10;    ignored: [&quot;$id&quot;,&quot;examples&quot;]&#10;warning: the following keywords are unknown and will be ignored: [$id, examples]&#10;    level: &quot;warning&quot;&#10;    schema: {&quot;loadingURI&quot;:&quot;#&quot;,&quot;pointer&quot;:&quot;/items/properties/category/properties/name&quot;}&#10;    domain: &quot;syntax&quot;&#10;    ignored: [&quot;$id&quot;,&quot;examples&quot;]&#10;warning: the following keywords are unknown and will be ignored: [$id, examples]&#10;    level: &quot;warning&quot;&#10;    schema: {&quot;loadingURI&quot;:&quot;#&quot;,&quot;pointer&quot;:&quot;/items/properties/id&quot;}&#10;    domain: &quot;syntax&quot;&#10;    ignored: [&quot;$id&quot;,&quot;examples&quot;]&#10;warning: the following keywords are unknown and will be ignored: [$id, examples]&#10;    level: &quot;warning&quot;&#10;    schema: {&quot;loadingURI&quot;:&quot;#&quot;,&quot;pointer&quot;:&quot;/items/properties/name&quot;}&#10;    domain: &quot;syntax&quot;&#10;    ignored: [&quot;$id&quot;,&quot;examples&quot;]&#10;warning: the following keywords are unknown and will be ignored: [$id]&#10;    level: &quot;warning&quot;&#10;    schema: {&quot;loadingURI&quot;:&quot;#&quot;,&quot;pointer&quot;:&quot;/items/properties/photoUrls&quot;}&#10;    domain: &quot;syntax&quot;&#10;    ignored: [&quot;$id&quot;]&#10;warning: the following keywords are unknown and will be ignored: [$id, examples]&#10;    level: &quot;warning&quot;&#10;    schema: {&quot;loadingURI&quot;:&quot;#&quot;,&quot;pointer&quot;:&quot;/items/properties/photoUrls/items&quot;}&#10;    domain: &quot;syntax&quot;&#10;    ignored: [&quot;$id&quot;,&quot;examples&quot;]&#10;warning: the following keywords are unknown and will be ignored: [$id, examples]&#10;    level: &quot;warning&quot;&#10;    schema: {&quot;loadingURI&quot;:&quot;#&quot;,&quot;pointer&quot;:&quot;/items/properties/status&quot;}&#10;    domain: &quot;syntax&quot;&#10;    ignored: [&quot;$id&quot;,&quot;examples&quot;]&#10;warning: the following keywords are unknown and will be ignored: [$id]&#10;    level: &quot;warning&quot;&#10;    schema: {&quot;loadingURI&quot;:&quot;#&quot;,&quot;pointer&quot;:&quot;/items/properties/tags&quot;}&#10;    domain: &quot;syntax&quot;&#10;    ignored: [&quot;$id&quot;]&#10;warning: the following keywords are unknown and will be ignored: [$id]&#10;    level: &quot;warning&quot;&#10;    schema: {&quot;loadingURI&quot;:&quot;#&quot;,&quot;pointer&quot;:&quot;/items/properties/tags/items&quot;}&#10;    domain: &quot;syntax&quot;&#10;    ignored: [&quot;$id&quot;]&#10;warning: the following keywords are unknown and will be ignored: [$id, examples]&#10;    level: &quot;warning&quot;&#10;    schema: {&quot;loadingURI&quot;:&quot;#&quot;,&quot;pointer&quot;:&quot;/items/properties/tags/items/properties/id&quot;}&#10;    domain: &quot;syntax&quot;&#10;    ignored: [&quot;$id&quot;,&quot;examples&quot;]&#10;warning: the following keywords are unknown and will be ignored: [$id, examples]&#10;    level: &quot;warning&quot;&#10;    schema: {&quot;loadingURI&quot;:&quot;#&quot;,&quot;pointer&quot;:&quot;/items/properties/tags/items/properties/name&quot;}&#10;    domain: &quot;syntax&quot;&#10;    ignored: [&quot;$id&quot;,&quot;examples&quot;]&#10;error: object has missing required properties ([&quot;name&quot;])&#10;    level: &quot;error&quot;&#10;    schema: {&quot;loadingURI&quot;:&quot;#&quot;,&quot;pointer&quot;:&quot;/items&quot;}&#10;    instance: {&quot;pointer&quot;:&quot;/218&quot;}&#10;    domain: &quot;validation&quot;&#10;    keyword: &quot;required&quot;&#10;    required: [&quot;category&quot;,&quot;id&quot;,&quot;name&quot;,&quot;photoUrls&quot;,&quot;status&quot;,&quot;tags&quot;]&#10;    missing: [&quot;name&quot;]&#10;warning: the following keywords are unknown and will be ignored: [$id]&#10;    level: &quot;warning&quot;&#10;    schema: {&quot;loadingURI&quot;:&quot;#&quot;,&quot;pointer&quot;:&quot;/items&quot;}&#10;    domain: &quot;syntax&quot;&#10;    ignored: [&quot;$id&quot;]&#10;warning: the following keywords are unknown and will be ignored: [$id]&#10;    level: &quot;warning&quot;&#10;    schema: {&quot;loadingURI&quot;:&quot;#&quot;,&quot;pointer&quot;:&quot;/items/properties/category&quot;}&#10;    domain: &quot;syntax&quot;&#10;    ignored: [&quot;$id&quot;]&#10;warning: the following keywords are unknown and will be ignored: [$id, examples]&#10;    level: &quot;warning&quot;&#10;    schema: {&quot;loadingURI&quot;:&quot;#&quot;,&quot;pointer&quot;:&quot;/items/properties/category/properties/id&quot;}&#10;    domain: &quot;syntax&quot;&#10;    ignored: [&quot;$id&quot;,&quot;examples&quot;]&#10;warning: the following keywords are unknown and will be ignored: [$id, examples]&#10;    level: &quot;warning&quot;&#10;    schema: {&quot;loadingURI&quot;:&quot;#&quot;,&quot;pointer&quot;:&quot;/items/properties/category/properties/name&quot;}&#10;    domain: &quot;syntax&quot;&#10;    ignored: [&quot;$id&quot;,&quot;examples&quot;]&#10;warning: the following keywords are unknown and will be ignored: [$id, examples]&#10;    level: &quot;warning&quot;&#10;    schema: {&quot;loadingURI&quot;:&quot;#&quot;,&quot;pointer&quot;:&quot;/items/properties/id&quot;}&#10;    domain: &quot;syntax&quot;&#10;    ignored: [&quot;$id&quot;,&quot;examples&quot;]&#10;warning: the following keywords are unknown and will be ignored: [$id, examples]&#10;    level: &quot;warning&quot;&#10;    schema: {&quot;loadingURI&quot;:&quot;#&quot;,&quot;pointer&quot;:&quot;/items/properties/name&quot;}&#10;    domain: &quot;syntax&quot;&#10;    ignored: [&quot;$id&quot;,&quot;examples&quot;]&#10;warning: the following keywords are unknown and will be ignored: [$id]&#10;    level: &quot;warning&quot;&#10;    schema: {&quot;loadingURI&quot;:&quot;#&quot;,&quot;pointer&quot;:&quot;/items/properties/photoUrls&quot;}&#10;    domain: &quot;syntax&quot;&#10;    ignored: [&quot;$id&quot;]&#10;warning: the following keywords are unknown and will be ignored: [$id, examples]&#10;    level: &quot;warning&quot;&#10;    schema: {&quot;loadingURI&quot;:&quot;#&quot;,&quot;pointer&quot;:&quot;/items/properties/photoUrls/items&quot;}&#10;    domain: &quot;syntax&quot;&#10;    ignored: [&quot;$id&quot;,&quot;examples&quot;]&#10;warning: the following keywords are unknown and will be ignored: [$id, examples]&#10;    level: &quot;warning&quot;&#10;    schema: {&quot;loadingURI&quot;:&quot;#&quot;,&quot;pointer&quot;:&quot;/items/properties/status&quot;}&#10;    domain: &quot;syntax&quot;&#10;    ignored: [&quot;$id&quot;,&quot;examples&quot;]&#10;warning: the following keywords are unknown and will be ignored: [$id]&#10;    level: &quot;warning&quot;&#10;    schema: {&quot;loadingURI&quot;:&quot;#&quot;,&quot;pointer&quot;:&quot;/items/properties/tags&quot;}&#10;    domain: &quot;syntax&quot;&#10;    ignored: [&quot;$id&quot;]&#10;warning: the following keywords are unknown and will be ignored: [$id]&#10;    level: &quot;warning&quot;&#10;    schema: {&quot;loadingURI&quot;:&quot;#&quot;,&quot;pointer&quot;:&quot;/items/properties/tags/items&quot;}&#10;    domain: &quot;syntax&quot;&#10;    ignored: [&quot;$id&quot;]&#10;warning: the following keywords are unknown and will be ignored: [$id, examples]&#10;    level: &quot;warning&quot;&#10;    schema: {&quot;loadingURI&quot;:&quot;#&quot;,&quot;pointer&quot;:&quot;/items/properties/tags/items/properties/id&quot;}&#10;    domain: &quot;syntax&quot;&#10;    ignored: [&quot;$id&quot;,&quot;examples&quot;]&#10;warning: the following keywords are unknown and will be ignored: [$id, examples]&#10;    level: &quot;warning&quot;&#10;    schema: {&quot;loadingURI&quot;:&quot;#&quot;,&quot;pointer&quot;:&quot;/items/properties/tags/items/properties/name&quot;}&#10;    domain: &quot;syntax&quot;&#10;    ignored: [&quot;$id&quot;,&quot;examples&quot;]&#10;warning: the following keywords are unknown and will be ignored: [$id]&#10;    level: &quot;warning&quot;&#10;    schema: {&quot;loadingURI&quot;:&quot;#&quot;,&quot;pointer&quot;:&quot;/items&quot;}&#10;    domain: &quot;syntax&quot;&#10;    ignored: [&quot;$id&quot;]&#10;warning: the following keywords are unknown and will be ignored: [$id]&#10;    level: &quot;warning&quot;&#10;    schema: {&quot;loadingURI&quot;:&quot;#&quot;,&quot;pointer&quot;:&quot;/items/properties/category&quot;}&#10;    domain: &quot;syntax&quot;&#10;    ignored: [&quot;$id&quot;]&#10;warning: the following keywords are unknown and will be ignored: [$id, examples]&#10;    level: &quot;warning&quot;&#10;    schema: {&quot;loadingURI&quot;:&quot;#&quot;,&quot;pointer&quot;:&quot;/items/properties/category/properties/id&quot;}&#10;    domain: &quot;syntax&quot;&#10;    ignored: [&quot;$id&quot;,&quot;examples&quot;]&#10;warning: the following keywords are unknown and will be ignored: [$id, examples]&#10;    level: &quot;warning&quot;&#10;    schema: {&quot;loadingURI&quot;:&quot;#&quot;,&quot;pointer&quot;:&quot;/items/properties/category/properties/name&quot;}&#10;    domain: &quot;syntax&quot;&#10;    ignored: [&quot;$id&quot;,&quot;examples&quot;]&#10;warning: the following keywords are unknown and will be ignored: [$id, examples]&#10;    level: &quot;warning&quot;&#10;    schema: {&quot;loadingURI&quot;:&quot;#&quot;,&quot;pointer&quot;:&quot;/items/properties/id&quot;}&#10;    domain: &quot;syntax&quot;&#10;    ignored: [&quot;$id&quot;,&quot;examples&quot;]&#10;warning: the following keywords are unknown and will be ignored: [$id, examples]&#10;    level: &quot;warning&quot;&#10;    schema: {&quot;loadingURI&quot;:&quot;#&quot;,&quot;pointer&quot;:&quot;/items/properties/name&quot;}&#10;    domain: &quot;syntax&quot;&#10;    ignored: [&quot;$id&quot;,&quot;examples&quot;]&#10;warning: the following keywords are unknown and will be ignored: [$id]&#10;    level: &quot;warning&quot;&#10;    schema: {&quot;loadingURI&quot;:&quot;#&quot;,&quot;pointer&quot;:&quot;/items/properties/photoUrls&quot;}&#10;    domain: &quot;syntax&quot;&#10;    ignored: [&quot;$id&quot;]&#10;warning: the following keywords are unknown and will be ignored: [$id, examples]&#10;    level: &quot;warning&quot;&#10;    schema: {&quot;loadingURI&quot;:&quot;#&quot;,&quot;pointer&quot;:&quot;/items/properties/photoUrls/items&quot;}&#10;    domain: &quot;syntax&quot;&#10;    ignored: [&quot;$id&quot;,&quot;examples&quot;]&#10;warning: the following keywords are unknown and will be ignored: [$id, examples]&#10;    level: &quot;warning&quot;&#10;    schema: {&quot;loadingURI&quot;:&quot;#&quot;,&quot;pointer&quot;:&quot;/items/properties/status&quot;}&#10;    domain: &quot;syntax&quot;&#10;    ignored: [&quot;$id&quot;,&quot;examples&quot;]&#10;warning: the following keywords are unknown and will be ignored: [$id]&#10;    level: &quot;warning&quot;&#10;    schema: {&quot;loadingURI&quot;:&quot;#&quot;,&quot;pointer&quot;:&quot;/items/properties/tags&quot;}&#10;    domain: &quot;syntax&quot;&#10;    ignored: [&quot;$id&quot;]&#10;warning: the following keywords are unknown and will be ignored: [$id]&#10;    level: &quot;warning&quot;&#10;    schema: {&quot;loadingURI&quot;:&quot;#&quot;,&quot;pointer&quot;:&quot;/items/properties/tags/items&quot;}&#10;    domain: &quot;syntax&quot;&#10;    ignored: [&quot;$id&quot;]&#10;warning: the following keywords are unknown and will be ignored: [$id, examples]&#10;    level: &quot;warning&quot;&#10;    schema: {&quot;loadingURI&quot;:&quot;#&quot;,&quot;pointer&quot;:&quot;/items/properties/tags/items/properties/id&quot;}&#10;    domain: &quot;syntax&quot;&#10;    ignored: [&quot;$id&quot;,&quot;examples&quot;]&#10;warning: the following keywords are unknown and will be ignored: [$id, examples]&#10;    level: &quot;warning&quot;&#10;    schema: {&quot;loadingURI&quot;:&quot;#&quot;,&quot;pointer&quot;:&quot;/items/properties/tags/items/properties/name&quot;}&#10;    domain: &quot;syntax&quot;&#10;    ignored: [&quot;$id&quot;,&quot;examples&quot;]&#10;warning: the following keywords are unknown and will be ignored: [$id]&#10;    level: &quot;warning&quot;&#10;    schema: {&quot;loadingURI&quot;:&quot;#&quot;,&quot;pointer&quot;:&quot;/items&quot;}&#10;    domain: &quot;syntax&quot;&#10;    ignored: [&quot;$id&quot;]&#10;warning: the following keywords are unknown and will be ignored: [$id]&#10;    level: &quot;warning&quot;&#10;    schema: {&quot;loadingURI&quot;:&quot;#&quot;,&quot;pointer&quot;:&quot;/items/properties/category&quot;}&#10;    domain: &quot;syntax&quot;&#10;    ignored: [&quot;$id&quot;]&#10;warning: the following keywords are unknown and will be ignored: [$id, examples]&#10;    level: &quot;warning&quot;&#10;    schema: {&quot;loadingURI&quot;:&quot;#&quot;,&quot;pointer&quot;:&quot;/items/properties/category/properties/id&quot;}&#10;    domain: &quot;syntax&quot;&#10;    ignored: [&quot;$id&quot;,&quot;examples&quot;]&#10;warning: the following keywords are unknown and will be ignored: [$id, examples]&#10;    level: &quot;warning&quot;&#10;    schema: {&quot;loadingURI&quot;:&quot;#&quot;,&quot;pointer&quot;:&quot;/items/properties/category/properties/name&quot;}&#10;    domain: &quot;syntax&quot;&#10;    ignored: [&quot;$id&quot;,&quot;examples&quot;]&#10;warning: the following keywords are unknown and will be ignored: [$id, examples]&#10;    level: &quot;warning&quot;&#10;    schema: {&quot;loadingURI&quot;:&quot;#&quot;,&quot;pointer&quot;:&quot;/items/properties/id&quot;}&#10;    domain: &quot;syntax&quot;&#10;    ignored: [&quot;$id&quot;,&quot;examples&quot;]&#10;warning: the following keywords are unknown and will be ignored: [$id, examples]&#10;    level: &quot;warning&quot;&#10;    schema: {&quot;loadingURI&quot;:&quot;#&quot;,&quot;pointer&quot;:&quot;/items/properties/name&quot;}&#10;    domain: &quot;syntax&quot;&#10;    ignored: [&quot;$id&quot;,&quot;examples&quot;]&#10;warning: the following keywords are unknown and will be ignored: [$id]&#10;    level: &quot;warning&quot;&#10;    schema: {&quot;loadingURI&quot;:&quot;#&quot;,&quot;pointer&quot;:&quot;/items/properties/photoUrls&quot;}&#10;    domain: &quot;syntax&quot;&#10;    ignored: [&quot;$id&quot;]&#10;warning: the following keywords are unknown and will be ignored: [$id, examples]&#10;    level: &quot;warning&quot;&#10;    schema: {&quot;loadingURI&quot;:&quot;#&quot;,&quot;pointer&quot;:&quot;/items/properties/photoUrls/items&quot;}&#10;    domain: &quot;syntax&quot;&#10;    ignored: [&quot;$id&quot;,&quot;examples&quot;]&#10;warning: the following keywords are unknown and will be ignored: [$id, examples]&#10;    level: &quot;warning&quot;&#10;    schema: {&quot;loadingURI&quot;:&quot;#&quot;,&quot;pointer&quot;:&quot;/items/properties/status&quot;}&#10;    domain: &quot;syntax&quot;&#10;    ignored: [&quot;$id&quot;,&quot;examples&quot;]&#10;warning: the following keywords are unknown and will be ignored: [$id]&#10;    level: &quot;warning&quot;&#10;    schema: {&quot;loadingURI&quot;:&quot;#&quot;,&quot;pointer&quot;:&quot;/items/properties/tags&quot;}&#10;    domain: &quot;syntax&quot;&#10;    ignored: [&quot;$id&quot;]&#10;warning: the following keywords are unknown and will be ignored: [$id]&#10;    level: &quot;warning&quot;&#10;    schema: {&quot;loadingURI&quot;:&quot;#&quot;,&quot;pointer&quot;:&quot;/items/properties/tags/items&quot;}&#10;    domain: &quot;syntax&quot;&#10;    ignored: [&quot;$id&quot;]&#10;warning: the following keywords are unknown and will be ignored: [$id, examples]&#10;    level: &quot;warning&quot;&#10;    schema: {&quot;loadingURI&quot;:&quot;#&quot;,&quot;pointer&quot;:&quot;/items/properties/tags/items/properties/id&quot;}&#10;    domain: &quot;syntax&quot;&#10;    ignored: [&quot;$id&quot;,&quot;examples&quot;]&#10;warning: the following keywords are unknown and will be ignored: [$id, examples]&#10;    level: &quot;warning&quot;&#10;    schema: {&quot;loadingURI&quot;:&quot;#&quot;,&quot;pointer&quot;:&quot;/items/properties/tags/items/properties/name&quot;}&#10;    domain: &quot;syntax&quot;&#10;    ignored: [&quot;$id&quot;,&quot;examples&quot;]&#10;warning: the following keywords are unknown and will be ignored: [$id]&#10;    level: &quot;warning&quot;&#10;    schema: {&quot;loadingURI&quot;:&quot;#&quot;,&quot;pointer&quot;:&quot;/items&quot;}&#10;    domain: &quot;syntax&quot;&#10;    ignored: [&quot;$id&quot;]&#10;warning: the following keywords are unknown and will be ignored: [$id]&#10;    level: &quot;warning&quot;&#10;    schema: {&quot;loadingURI&quot;:&quot;#&quot;,&quot;pointer&quot;:&quot;/items/properties/category&quot;}&#10;    domain: &quot;syntax&quot;&#10;    ignored: [&quot;$id&quot;]&#10;warning: the following keywords are unknown and will be ignored: [$id, examples]&#10;    level: &quot;warning&quot;&#10;    schema: {&quot;loadingURI&quot;:&quot;#&quot;,&quot;pointer&quot;:&quot;/items/properties/category/properties/id&quot;}&#10;    domain: &quot;syntax&quot;&#10;    ignored: [&quot;$id&quot;,&quot;examples&quot;]&#10;warning: the following keywords are unknown and will be ignored: [$id, examples]&#10;    level: &quot;warning&quot;&#10;    schema: {&quot;loadingURI&quot;:&quot;#&quot;,&quot;pointer&quot;:&quot;/items/properties/category/properties/name&quot;}&#10;    domain: &quot;syntax&quot;&#10;    ignored: [&quot;$id&quot;,&quot;examples&quot;]&#10;warning: the following keywords are unknown and will be ignored: [$id, examples]&#10;    level: &quot;warning&quot;&#10;    schema: {&quot;loadingURI&quot;:&quot;#&quot;,&quot;pointer&quot;:&quot;/items/properties/id&quot;}&#10;    domain: &quot;syntax&quot;&#10;    ignored: [&quot;$id&quot;,&quot;examples&quot;]&#10;warning: the following keywords are unknown and will be ignored: [$id, examples]&#10;    level: &quot;warning&quot;&#10;    schema: {&quot;loadingURI&quot;:&quot;#&quot;,&quot;pointer&quot;:&quot;/items/properties/name&quot;}&#10;    domain: &quot;syntax&quot;&#10;    ignored: [&quot;$id&quot;,&quot;examples&quot;]&#10;warning: the following keywords are unknown and will be ignored: [$id]&#10;    level: &quot;warning&quot;&#10;    schema: {&quot;loadingURI&quot;:&quot;#&quot;,&quot;pointer&quot;:&quot;/items/properties/photoUrls&quot;}&#10;    domain: &quot;syntax&quot;&#10;    ignored: [&quot;$id&quot;]&#10;warning: the following keywords are unknown and will be ignored: [$id, examples]&#10;    level: &quot;warning&quot;&#10;    schema: {&quot;loadingURI&quot;:&quot;#&quot;,&quot;pointer&quot;:&quot;/items/properties/photoUrls/items&quot;}&#10;    domain: &quot;syntax&quot;&#10;    ignored: [&quot;$id&quot;,&quot;examples&quot;]&#10;warning: the following keywords are unknown and will be ignored: [$id, examples]&#10;    level: &quot;warning&quot;&#10;    schema: {&quot;loadingURI&quot;:&quot;#&quot;,&quot;pointer&quot;:&quot;/items/properties/status&quot;}&#10;    domain: &quot;syntax&quot;&#10;    ignored: [&quot;$id&quot;,&quot;examples&quot;]&#10;warning: the following keywords are unknown and will be ignored: [$id]&#10;    level: &quot;warning&quot;&#10;    schema: {&quot;loadingURI&quot;:&quot;#&quot;,&quot;pointer&quot;:&quot;/items/properties/tags&quot;}&#10;    domain: &quot;syntax&quot;&#10;    ignored: [&quot;$id&quot;]&#10;warning: the following keywords are unknown and will be ignored: [$id]&#10;    level: &quot;warning&quot;&#10;    schema: {&quot;loadingURI&quot;:&quot;#&quot;,&quot;pointer&quot;:&quot;/items/properties/tags/items&quot;}&#10;    domain: &quot;syntax&quot;&#10;    ignored: [&quot;$id&quot;]&#10;warning: the following keywords are unknown and will be ignored: [$id, examples]&#10;    level: &quot;warning&quot;&#10;    schema: {&quot;loadingURI&quot;:&quot;#&quot;,&quot;pointer&quot;:&quot;/items/properties/tags/items/properties/id&quot;}&#10;    domain: &quot;syntax&quot;&#10;    ignored: [&quot;$id&quot;,&quot;examples&quot;]&#10;warning: the following keywords are unknown and will be ignored: [$id, examples]&#10;    level: &quot;warning&quot;&#10;    schema: {&quot;loadingURI&quot;:&quot;#&quot;,&quot;pointer&quot;:&quot;/items/properties/tags/items/properties/name&quot;}&#10;    domain: &quot;syntax&quot;&#10;    ignored: [&quot;$id&quot;,&quot;examples&quot;]&#10;warning: the following keywords are unknown and will be ignored: [$id]&#10;    level: &quot;warning&quot;&#10;    schema: {&quot;loadingURI&quot;:&quot;#&quot;,&quot;pointer&quot;:&quot;/items&quot;}&#10;    domain: &quot;syntax&quot;&#10;    ignored: [&quot;$id&quot;]&#10;warning: the following keywords are unknown and will be ignored: [$id]&#10;    level: &quot;warning&quot;&#10;    schema: {&quot;loadingURI&quot;:&quot;#&quot;,&quot;pointer&quot;:&quot;/items/properties/category&quot;}&#10;    domain: &quot;syntax&quot;&#10;    ignored: [&quot;$id&quot;]&#10;warning: the following keywords are unknown and will be ignored: [$id, examples]&#10;    level: &quot;warning&quot;&#10;    schema: {&quot;loadingURI&quot;:&quot;#&quot;,&quot;pointer&quot;:&quot;/items/properties/category/properties/id&quot;}&#10;    domain: &quot;syntax&quot;&#10;    ignored: [&quot;$id&quot;,&quot;examples&quot;]&#10;warning: the following keywords are unknown and will be ignored: [$id, examples]&#10;    level: &quot;warning&quot;&#10;    schema: {&quot;loadingURI&quot;:&quot;#&quot;,&quot;pointer&quot;:&quot;/items/properties/category/properties/name&quot;}&#10;    domain: &quot;syntax&quot;&#10;    ignored: [&quot;$id&quot;,&quot;examples&quot;]&#10;warning: the following keywords are unknown and will be ignored: [$id, examples]&#10;    level: &quot;warning&quot;&#10;    schema: {&quot;loadingURI&quot;:&quot;#&quot;,&quot;pointer&quot;:&quot;/items/properties/id&quot;}&#10;    domain: &quot;syntax&quot;&#10;    ignored: [&quot;$id&quot;,&quot;examples&quot;]&#10;warning: the following keywords are unknown and will be ignored: [$id, examples]&#10;    level: &quot;warning&quot;&#10;    schema: {&quot;loadingURI&quot;:&quot;#&quot;,&quot;pointer&quot;:&quot;/items/properties/name&quot;}&#10;    domain: &quot;syntax&quot;&#10;    ignored: [&quot;$id&quot;,&quot;examples&quot;]&#10;warning: the following keywords are unknown and will be ignored: [$id]&#10;    level: &quot;warning&quot;&#10;    schema: {&quot;loadingURI&quot;:&quot;#&quot;,&quot;pointer&quot;:&quot;/items/properties/photoUrls&quot;}&#10;    domain: &quot;syntax&quot;&#10;    ignored: [&quot;$id&quot;]&#10;warning: the following keywords are unknown and will be ignored: [$id, examples]&#10;    level: &quot;warning&quot;&#10;    schema: {&quot;loadingURI&quot;:&quot;#&quot;,&quot;pointer&quot;:&quot;/items/properties/photoUrls/items&quot;}&#10;    domain: &quot;syntax&quot;&#10;    ignored: [&quot;$id&quot;,&quot;examples&quot;]&#10;warning: the following keywords are unknown and will be ignored: [$id, examples]&#10;    level: &quot;warning&quot;&#10;    schema: {&quot;loadingURI&quot;:&quot;#&quot;,&quot;pointer&quot;:&quot;/items/properties/status&quot;}&#10;    domain: &quot;syntax&quot;&#10;    ignored: [&quot;$id&quot;,&quot;examples&quot;]&#10;warning: the following keywords are unknown and will be ignored: [$id]&#10;    level: &quot;warning&quot;&#10;    schema: {&quot;loadingURI&quot;:&quot;#&quot;,&quot;pointer&quot;:&quot;/items/properties/tags&quot;}&#10;    domain: &quot;syntax&quot;&#10;    ignored: [&quot;$id&quot;]&#10;warning: the following keywords are unknown and will be ignored: [$id]&#10;    level: &quot;warning&quot;&#10;    schema: {&quot;loadingURI&quot;:&quot;#&quot;,&quot;pointer&quot;:&quot;/items/properties/tags/items&quot;}&#10;    domain: &quot;syntax&quot;&#10;    ignored: [&quot;$id&quot;]&#10;warning: the following keywords are unknown and will be ignored: [$id, examples]&#10;    level: &quot;warning&quot;&#10;    schema: {&quot;loadingURI&quot;:&quot;#&quot;,&quot;pointer&quot;:&quot;/items/properties/tags/items/properties/id&quot;}&#10;    domain: &quot;syntax&quot;&#10;    ignored: [&quot;$id&quot;,&quot;examples&quot;]&#10;warning: the following keywords are unknown and will be ignored: [$id, examples]&#10;    level: &quot;warning&quot;&#10;    schema: {&quot;loadingURI&quot;:&quot;#&quot;,&quot;pointer&quot;:&quot;/items/properties/tags/items/properties/name&quot;}&#10;    domain: &quot;syntax&quot;&#10;    ignored: [&quot;$id&quot;,&quot;examples&quot;]&#10;warning: the following keywords are unknown and will be ignored: [$id]&#10;    level: &quot;warning&quot;&#10;    schema: {&quot;loadingURI&quot;:&quot;#&quot;,&quot;pointer&quot;:&quot;/items&quot;}&#10;    domain: &quot;syntax&quot;&#10;    ignored: [&quot;$id&quot;]&#10;warning: the following keywords are unknown and will be ignored: [$id]&#10;    level: &quot;warning&quot;&#10;    schema: {&quot;loadingURI&quot;:&quot;#&quot;,&quot;pointer&quot;:&quot;/items/properties/category&quot;}&#10;    domain: &quot;syntax&quot;&#10;    ignored: [&quot;$id&quot;]&#10;warning: the following keywords are unknown and will be ignored: [$id, examples]&#10;    level: &quot;warning&quot;&#10;    schema: {&quot;loadingURI&quot;:&quot;#&quot;,&quot;pointer&quot;:&quot;/items/properties/category/properties/id&quot;}&#10;    domain: &quot;syntax&quot;&#10;    ignored: [&quot;$id&quot;,&quot;examples&quot;]&#10;warning: the following keywords are unknown and will be ignored: [$id, examples]&#10;    level: &quot;warning&quot;&#10;    schema: {&quot;loadingURI&quot;:&quot;#&quot;,&quot;pointer&quot;:&quot;/items/properties/category/properties/name&quot;}&#10;    domain: &quot;syntax&quot;&#10;    ignored: [&quot;$id&quot;,&quot;examples&quot;]&#10;warning: the following keywords are unknown and will be ignored: [$id, examples]&#10;    level: &quot;warning&quot;&#10;    schema: {&quot;loadingURI&quot;:&quot;#&quot;,&quot;pointer&quot;:&quot;/items/properties/id&quot;}&#10;    domain: &quot;syntax&quot;&#10;    ignored: [&quot;$id&quot;,&quot;examples&quot;]&#10;warning: the following keywords are unknown and will be ignored: [$id, examples]&#10;    level: &quot;warning&quot;&#10;    schema: {&quot;loadingURI&quot;:&quot;#&quot;,&quot;pointer&quot;:&quot;/items/properties/name&quot;}&#10;    domain: &quot;syntax&quot;&#10;    ignored: [&quot;$id&quot;,&quot;examples&quot;]&#10;warning: the following keywords are unknown and will be ignored: [$id]&#10;    level: &quot;warning&quot;&#10;    schema: {&quot;loadingURI&quot;:&quot;#&quot;,&quot;pointer&quot;:&quot;/items/properties/photoUrls&quot;}&#10;    domain: &quot;syntax&quot;&#10;    ignored: [&quot;$id&quot;]&#10;warning: the following keywords are unknown and will be ignored: [$id, examples]&#10;    level: &quot;warning&quot;&#10;    schema: {&quot;loadingURI&quot;:&quot;#&quot;,&quot;pointer&quot;:&quot;/items/properties/photoUrls/items&quot;}&#10;    domain: &quot;syntax&quot;&#10;    ignored: [&quot;$id&quot;,&quot;examples&quot;]&#10;warning: the following keywords are unknown and will be ignored: [$id, examples]&#10;    level: &quot;warning&quot;&#10;    schema: {&quot;loadingURI&quot;:&quot;#&quot;,&quot;pointer&quot;:&quot;/items/properties/status&quot;}&#10;    domain: &quot;syntax&quot;&#10;    ignored: [&quot;$id&quot;,&quot;examples&quot;]&#10;warning: the following keywords are unknown and will be ignored: [$id]&#10;    level: &quot;warning&quot;&#10;    schema: {&quot;loadingURI&quot;:&quot;#&quot;,&quot;pointer&quot;:&quot;/items/properties/tags&quot;}&#10;    domain: &quot;syntax&quot;&#10;    ignored: [&quot;$id&quot;]&#10;warning: the following keywords are unknown and will be ignored: [$id]&#10;    level: &quot;warning&quot;&#10;    schema: {&quot;loadingURI&quot;:&quot;#&quot;,&quot;pointer&quot;:&quot;/items/properties/tags/items&quot;}&#10;    domain: &quot;syntax&quot;&#10;    ignored: [&quot;$id&quot;]&#10;warning: the following keywords are unknown and will be ignored: [$id, examples]&#10;    level: &quot;warning&quot;&#10;    schema: {&quot;loadingURI&quot;:&quot;#&quot;,&quot;pointer&quot;:&quot;/items/properties/tags/items/properties/id&quot;}&#10;    domain: &quot;syntax&quot;&#10;    ignored: [&quot;$id&quot;,&quot;examples&quot;]&#10;warning: the following keywords are unknown and will be ignored: [$id, examples]&#10;    level: &quot;warning&quot;&#10;    schema: {&quot;loadingURI&quot;:&quot;#&quot;,&quot;pointer&quot;:&quot;/items/properties/tags/items/properties/name&quot;}&#10;    domain: &quot;syntax&quot;&#10;    ignored: [&quot;$id&quot;,&quot;examples&quot;]&#10;warning: the following keywords are unknown and will be ignored: [$id]&#10;    level: &quot;warning&quot;&#10;    schema: {&quot;loadingURI&quot;:&quot;#&quot;,&quot;pointer&quot;:&quot;/items&quot;}&#10;    domain: &quot;syntax&quot;&#10;    ignored: [&quot;$id&quot;]&#10;warning: the following keywords are unknown and will be ignored: [$id]&#10;    level: &quot;warning&quot;&#10;    schema: {&quot;loadingURI&quot;:&quot;#&quot;,&quot;pointer&quot;:&quot;/items/properties/category&quot;}&#10;    domain: &quot;syntax&quot;&#10;    ignored: [&quot;$id&quot;]&#10;warning: the following keywords are unknown and will be ignored: [$id, examples]&#10;    level: &quot;warning&quot;&#10;    schema: {&quot;loadingURI&quot;:&quot;#&quot;,&quot;pointer&quot;:&quot;/items/properties/category/properties/id&quot;}&#10;    domain: &quot;syntax&quot;&#10;    ignored: [&quot;$id&quot;,&quot;examples&quot;]&#10;warning: the following keywords are unknown and will be ignored: [$id, examples]&#10;    level: &quot;warning&quot;&#10;    schema: {&quot;loadingURI&quot;:&quot;#&quot;,&quot;pointer&quot;:&quot;/items/properties/category/properties/name&quot;}&#10;    domain: &quot;syntax&quot;&#10;    ignored: [&quot;$id&quot;,&quot;examples&quot;]&#10;warning: the following keywords are unknown and will be ignored: [$id, examples]&#10;    level: &quot;warning&quot;&#10;    schema: {&quot;loadingURI&quot;:&quot;#&quot;,&quot;pointer&quot;:&quot;/items/properties/id&quot;}&#10;    domain: &quot;syntax&quot;&#10;    ignored: [&quot;$id&quot;,&quot;examples&quot;]&#10;warning: the following keywords are unknown and will be ignored: [$id, examples]&#10;    level: &quot;warning&quot;&#10;    schema: {&quot;loadingURI&quot;:&quot;#&quot;,&quot;pointer&quot;:&quot;/items/properties/name&quot;}&#10;    domain: &quot;syntax&quot;&#10;    ignored: [&quot;$id&quot;,&quot;examples&quot;]&#10;warning: the following keywords are unknown and will be ignored: [$id]&#10;    level: &quot;warning&quot;&#10;    schema: {&quot;loadingURI&quot;:&quot;#&quot;,&quot;pointer&quot;:&quot;/items/properties/photoUrls&quot;}&#10;    domain: &quot;syntax&quot;&#10;    ignored: [&quot;$id&quot;]&#10;warning: the following keywords are unknown and will be ignored: [$id, examples]&#10;    level: &quot;warning&quot;&#10;    schema: {&quot;loadingURI&quot;:&quot;#&quot;,&quot;pointer&quot;:&quot;/items/properties/photoUrls/items&quot;}&#10;    domain: &quot;syntax&quot;&#10;    ignored: [&quot;$id&quot;,&quot;examples&quot;]&#10;warning: the following keywords are unknown and will be ignored: [$id, examples]&#10;    level: &quot;warning&quot;&#10;    schema: {&quot;loadingURI&quot;:&quot;#&quot;,&quot;pointer&quot;:&quot;/items/properties/status&quot;}&#10;    domain: &quot;syntax&quot;&#10;    ignored: [&quot;$id&quot;,&quot;examples&quot;]&#10;warning: the following keywords are unknown and will be ignored: [$id]&#10;    level: &quot;warning&quot;&#10;    schema: {&quot;loadingURI&quot;:&quot;#&quot;,&quot;pointer&quot;:&quot;/items/properties/tags&quot;}&#10;    domain: &quot;syntax&quot;&#10;    ignored: [&quot;$id&quot;]&#10;warning: the following keywords are unknown and will be ignored: [$id]&#10;    level: &quot;warning&quot;&#10;    schema: {&quot;loadingURI&quot;:&quot;#&quot;,&quot;pointer&quot;:&quot;/items/properties/tags/items&quot;}&#10;    domain: &quot;syntax&quot;&#10;    ignored: [&quot;$id&quot;]&#10;warning: the following keywords are unknown and will be ignored: [$id, examples]&#10;    level: &quot;warning&quot;&#10;    schema: {&quot;loadingURI&quot;:&quot;#&quot;,&quot;pointer&quot;:&quot;/items/properties/tags/items/properties/id&quot;}&#10;    domain: &quot;syntax&quot;&#10;    ignored: [&quot;$id&quot;,&quot;examples&quot;]&#10;warning: the following keywords are unknown and will be ignored: [$id, examples]&#10;    level: &quot;warning&quot;&#10;    schema: {&quot;loadingURI&quot;:&quot;#&quot;,&quot;pointer&quot;:&quot;/items/properties/tags/items/properties/name&quot;}&#10;    domain: &quot;syntax&quot;&#10;    ignored: [&quot;$id&quot;,&quot;examples&quot;]&#10;warning: the following keywords are unknown and will be ignored: [$id]&#10;    level: &quot;warning&quot;&#10;    schema: {&quot;loadingURI&quot;:&quot;#&quot;,&quot;pointer&quot;:&quot;/items&quot;}&#10;    domain: &quot;syntax&quot;&#10;    ignored: [&quot;$id&quot;]&#10;warning: the following keywords are unknown and will be ignored: [$id]&#10;    level: &quot;warning&quot;&#10;    schema: {&quot;loadingURI&quot;:&quot;#&quot;,&quot;pointer&quot;:&quot;/items/properties/category&quot;}&#10;    domain: &quot;syntax&quot;&#10;    ignored: [&quot;$id&quot;]&#10;warning: the following keywords are unknown and will be ignored: [$id, examples]&#10;    level: &quot;warning&quot;&#10;    schema: {&quot;loadingURI&quot;:&quot;#&quot;,&quot;pointer&quot;:&quot;/items/properties/category/properties/id&quot;}&#10;    domain: &quot;syntax&quot;&#10;    ignored: [&quot;$id&quot;,&quot;examples&quot;]&#10;warning: the following keywords are unknown and will be ignored: [$id, examples]&#10;    level: &quot;warning&quot;&#10;    schema: {&quot;loadingURI&quot;:&quot;#&quot;,&quot;pointer&quot;:&quot;/items/properties/category/properties/name&quot;}&#10;    domain: &quot;syntax&quot;&#10;    ignored: [&quot;$id&quot;,&quot;examples&quot;]&#10;warning: the following keywords are unknown and will be ignored: [$id, examples]&#10;    level: &quot;warning&quot;&#10;    schema: {&quot;loadingURI&quot;:&quot;#&quot;,&quot;pointer&quot;:&quot;/items/properties/id&quot;}&#10;    domain: &quot;syntax&quot;&#10;    ignored: [&quot;$id&quot;,&quot;examples&quot;]&#10;warning: the following keywords are unknown and will be ignored: [$id, examples]&#10;    level: &quot;warning&quot;&#10;    schema: {&quot;loadingURI&quot;:&quot;#&quot;,&quot;pointer&quot;:&quot;/items/properties/name&quot;}&#10;    domain: &quot;syntax&quot;&#10;    ignored: [&quot;$id&quot;,&quot;examples&quot;]&#10;warning: the following keywords are unknown and will be ignored: [$id]&#10;    level: &quot;warning&quot;&#10;    schema: {&quot;loadingURI&quot;:&quot;#&quot;,&quot;pointer&quot;:&quot;/items/properties/photoUrls&quot;}&#10;    domain: &quot;syntax&quot;&#10;    ignored: [&quot;$id&quot;]&#10;warning: the following keywords are unknown and will be ignored: [$id, examples]&#10;    level: &quot;warning&quot;&#10;    schema: {&quot;loadingURI&quot;:&quot;#&quot;,&quot;pointer&quot;:&quot;/items/properties/photoUrls/items&quot;}&#10;    domain: &quot;syntax&quot;&#10;    ignored: [&quot;$id&quot;,&quot;examples&quot;]&#10;warning: the following keywords are unknown and will be ignored: [$id, examples]&#10;    level: &quot;warning&quot;&#10;    schema: {&quot;loadingURI&quot;:&quot;#&quot;,&quot;pointer&quot;:&quot;/items/properties/status&quot;}&#10;    domain: &quot;syntax&quot;&#10;    ignored: [&quot;$id&quot;,&quot;examples&quot;]&#10;warning: the following keywords are unknown and will be ignored: [$id]&#10;    level: &quot;warning&quot;&#10;    schema: {&quot;loadingURI&quot;:&quot;#&quot;,&quot;pointer&quot;:&quot;/items/properties/tags&quot;}&#10;    domain: &quot;syntax&quot;&#10;    ignored: [&quot;$id&quot;]&#10;warning: the following keywords are unknown and will be ignored: [$id]&#10;    level: &quot;warning&quot;&#10;    schema: {&quot;loadingURI&quot;:&quot;#&quot;,&quot;pointer&quot;:&quot;/items/properties/tags/items&quot;}&#10;    domain: &quot;syntax&quot;&#10;    ignored: [&quot;$id&quot;]&#10;warning: the following keywords are unknown and will be ignored: [$id, examples]&#10;    level: &quot;warning&quot;&#10;    schema: {&quot;loadingURI&quot;:&quot;#&quot;,&quot;pointer&quot;:&quot;/items/properties/tags/items/properties/id&quot;}&#10;    domain: &quot;syntax&quot;&#10;    ignored: [&quot;$id&quot;,&quot;examples&quot;]&#10;warning: the following keywords are unknown and will be ignored: [$id, examples]&#10;    level: &quot;warning&quot;&#10;    schema: {&quot;loadingURI&quot;:&quot;#&quot;,&quot;pointer&quot;:&quot;/items/properties/tags/items/properties/name&quot;}&#10;    domain: &quot;syntax&quot;&#10;    ignored: [&quot;$id&quot;,&quot;examples&quot;]&#10;warning: the following keywords are unknown and will be ignored: [$id]&#10;    level: &quot;warning&quot;&#10;    schema: {&quot;loadingURI&quot;:&quot;#&quot;,&quot;pointer&quot;:&quot;/items&quot;}&#10;    domain: &quot;syntax&quot;&#10;    ignored: [&quot;$id&quot;]&#10;warning: the following keywords are unknown and will be ignored: [$id]&#10;    level: &quot;warning&quot;&#10;    schema: {&quot;loadingURI&quot;:&quot;#&quot;,&quot;pointer&quot;:&quot;/items/properties/category&quot;}&#10;    domain: &quot;syntax&quot;&#10;    ignored: [&quot;$id&quot;]&#10;warning: the following keywords are unknown and will be ignored: [$id, examples]&#10;    level: &quot;warning&quot;&#10;    schema: {&quot;loadingURI&quot;:&quot;#&quot;,&quot;pointer&quot;:&quot;/items/properties/category/properties/id&quot;}&#10;    domain: &quot;syntax&quot;&#10;    ignored: [&quot;$id&quot;,&quot;examples&quot;]&#10;warning: the following keywords are unknown and will be ignored: [$id, examples]&#10;    level: &quot;warning&quot;&#10;    schema: {&quot;loadingURI&quot;:&quot;#&quot;,&quot;pointer&quot;:&quot;/items/properties/category/properties/name&quot;}&#10;    domain: &quot;syntax&quot;&#10;    ignored: [&quot;$id&quot;,&quot;examples&quot;]&#10;warning: the following keywords are unknown and will be ignored: [$id, examples]&#10;    level: &quot;warning&quot;&#10;    schema: {&quot;loadingURI&quot;:&quot;#&quot;,&quot;pointer&quot;:&quot;/items/properties/id&quot;}&#10;    domain: &quot;syntax&quot;&#10;    ignored: [&quot;$id&quot;,&quot;examples&quot;]&#10;warning: the following keywords are unknown and will be ignored: [$id, examples]&#10;    level: &quot;warning&quot;&#10;    schema: {&quot;loadingURI&quot;:&quot;#&quot;,&quot;pointer&quot;:&quot;/items/properties/name&quot;}&#10;    domain: &quot;syntax&quot;&#10;    ignored: [&quot;$id&quot;,&quot;examples&quot;]&#10;warning: the following keywords are unknown and will be ignored: [$id]&#10;    level: &quot;warning&quot;&#10;    schema: {&quot;loadingURI&quot;:&quot;#&quot;,&quot;pointer&quot;:&quot;/items/properties/photoUrls&quot;}&#10;    domain: &quot;syntax&quot;&#10;    ignored: [&quot;$id&quot;]&#10;warning: the following keywords are unknown and will be ignored: [$id, examples]&#10;    level: &quot;warning&quot;&#10;    schema: {&quot;loadingURI&quot;:&quot;#&quot;,&quot;pointer&quot;:&quot;/items/properties/photoUrls/items&quot;}&#10;    domain: &quot;syntax&quot;&#10;    ignored: [&quot;$id&quot;,&quot;examples&quot;]&#10;warning: the following keywords are unknown and will be ignored: [$id, examples]&#10;    level: &quot;warning&quot;&#10;    schema: {&quot;loadingURI&quot;:&quot;#&quot;,&quot;pointer&quot;:&quot;/items/properties/status&quot;}&#10;    domain: &quot;syntax&quot;&#10;    ignored: [&quot;$id&quot;,&quot;examples&quot;]&#10;warning: the following keywords are unknown and will be ignored: [$id]&#10;    level: &quot;warning&quot;&#10;    schema: {&quot;loadingURI&quot;:&quot;#&quot;,&quot;pointer&quot;:&quot;/items/properties/tags&quot;}&#10;    domain: &quot;syntax&quot;&#10;    ignored: [&quot;$id&quot;]&#10;warning: the following keywords are unknown and will be ignored: [$id]&#10;    level: &quot;warning&quot;&#10;    schema: {&quot;loadingURI&quot;:&quot;#&quot;,&quot;pointer&quot;:&quot;/items/properties/tags/items&quot;}&#10;    domain: &quot;syntax&quot;&#10;    ignored: [&quot;$id&quot;]&#10;warning: the following keywords are unknown and will be ignored: [$id, examples]&#10;    level: &quot;warning&quot;&#10;    schema: {&quot;loadingURI&quot;:&quot;#&quot;,&quot;pointer&quot;:&quot;/items/properties/tags/items/properties/id&quot;}&#10;    domain: &quot;syntax&quot;&#10;    ignored: [&quot;$id&quot;,&quot;examples&quot;]&#10;warning: the following keywords are unknown and will be ignored: [$id, examples]&#10;    level: &quot;warning&quot;&#10;    schema: {&quot;loadingURI&quot;:&quot;#&quot;,&quot;pointer&quot;:&quot;/items/properties/tags/items/properties/name&quot;}&#10;    domain: &quot;syntax&quot;&#10;    ignored: [&quot;$id&quot;,&quot;examples&quot;]&#10;warning: the following keywords are unknown and will be ignored: [$id]&#10;    level: &quot;warning&quot;&#10;    schema: {&quot;loadingURI&quot;:&quot;#&quot;,&quot;pointer&quot;:&quot;/items&quot;}&#10;    domain: &quot;syntax&quot;&#10;    ignored: [&quot;$id&quot;]&#10;warning: the following keywords are unknown and will be ignored: [$id]&#10;    level: &quot;warning&quot;&#10;    schema: {&quot;loadingURI&quot;:&quot;#&quot;,&quot;pointer&quot;:&quot;/items/properties/category&quot;}&#10;    domain: &quot;syntax&quot;&#10;    ignored: [&quot;$id&quot;]&#10;warning: the following keywords are unknown and will be ignored: [$id, examples]&#10;    level: &quot;warning&quot;&#10;    schema: {&quot;loadingURI&quot;:&quot;#&quot;,&quot;pointer&quot;:&quot;/items/properties/category/properties/id&quot;}&#10;    domain: &quot;syntax&quot;&#10;    ignored: [&quot;$id&quot;,&quot;examples&quot;]&#10;warning: the following keywords are unknown and will be ignored: [$id, examples]&#10;    level: &quot;warning&quot;&#10;    schema: {&quot;loadingURI&quot;:&quot;#&quot;,&quot;pointer&quot;:&quot;/items/properties/category/properties/name&quot;}&#10;    domain: &quot;syntax&quot;&#10;    ignored: [&quot;$id&quot;,&quot;examples&quot;]&#10;warning: the following keywords are unknown and will be ignored: [$id, examples]&#10;    level: &quot;warning&quot;&#10;    schema: {&quot;loadingURI&quot;:&quot;#&quot;,&quot;pointer&quot;:&quot;/items/properties/id&quot;}&#10;    domain: &quot;syntax&quot;&#10;    ignored: [&quot;$id&quot;,&quot;examples&quot;]&#10;warning: the following keywords are unknown and will be ignored: [$id, examples]&#10;    level: &quot;warning&quot;&#10;    schema: {&quot;loadingURI&quot;:&quot;#&quot;,&quot;pointer&quot;:&quot;/items/properties/name&quot;}&#10;    domain: &quot;syntax&quot;&#10;    ignored: [&quot;$id&quot;,&quot;examples&quot;]&#10;warning: the following keywords are unknown and will be ignored: [$id]&#10;    level: &quot;warning&quot;&#10;    schema: {&quot;loadingURI&quot;:&quot;#&quot;,&quot;pointer&quot;:&quot;/items/properties/photoUrls&quot;}&#10;    domain: &quot;syntax&quot;&#10;    ignored: [&quot;$id&quot;]&#10;warning: the following keywords are unknown and will be ignored: [$id, examples]&#10;    level: &quot;warning&quot;&#10;    schema: {&quot;loadingURI&quot;:&quot;#&quot;,&quot;pointer&quot;:&quot;/items/properties/photoUrls/items&quot;}&#10;    domain: &quot;syntax&quot;&#10;    ignored: [&quot;$id&quot;,&quot;examples&quot;]&#10;warning: the following keywords are unknown and will be ignored: [$id, examples]&#10;    level: &quot;warning&quot;&#10;    schema: {&quot;loadingURI&quot;:&quot;#&quot;,&quot;pointer&quot;:&quot;/items/properties/status&quot;}&#10;    domain: &quot;syntax&quot;&#10;    ignored: [&quot;$id&quot;,&quot;examples&quot;]&#10;warning: the following keywords are unknown and will be ignored: [$id]&#10;    level: &quot;warning&quot;&#10;    schema: {&quot;loadingURI&quot;:&quot;#&quot;,&quot;pointer&quot;:&quot;/items/properties/tags&quot;}&#10;    domain: &quot;syntax&quot;&#10;    ignored: [&quot;$id&quot;]&#10;warning: the following keywords are unknown and will be ignored: [$id]&#10;    level: &quot;warning&quot;&#10;    schema: {&quot;loadingURI&quot;:&quot;#&quot;,&quot;pointer&quot;:&quot;/items/properties/tags/items&quot;}&#10;    domain: &quot;syntax&quot;&#10;    ignored: [&quot;$id&quot;]&#10;warning: the following keywords are unknown and will be ignored: [$id, examples]&#10;    level: &quot;warning&quot;&#10;    schema: {&quot;loadingURI&quot;:&quot;#&quot;,&quot;pointer&quot;:&quot;/items/properties/tags/items/properties/id&quot;}&#10;    domain: &quot;syntax&quot;&#10;    ignored: [&quot;$id&quot;,&quot;examples&quot;]&#10;warning: the following keywords are unknown and will be ignored: [$id, examples]&#10;    level: &quot;warning&quot;&#10;    schema: {&quot;loadingURI&quot;:&quot;#&quot;,&quot;pointer&quot;:&quot;/items/properties/tags/items/properties/name&quot;}&#10;    domain: &quot;syntax&quot;&#10;    ignored: [&quot;$id&quot;,&quot;examples&quot;]&#10;warning: the following keywords are unknown and will be ignored: [$id]&#10;    level: &quot;warning&quot;&#10;    schema: {&quot;loadingURI&quot;:&quot;#&quot;,&quot;pointer&quot;:&quot;/items&quot;}&#10;    domain: &quot;syntax&quot;&#10;    ignored: [&quot;$id&quot;]&#10;warning: the following keywords are unknown and will be ignored: [$id]&#10;    level: &quot;warning&quot;&#10;    schema: {&quot;loadingURI&quot;:&quot;#&quot;,&quot;pointer&quot;:&quot;/items/properties/category&quot;}&#10;    domain: &quot;syntax&quot;&#10;    ignored: [&quot;$id&quot;]&#10;warning: the following keywords are unknown and will be ignored: [$id, examples]&#10;    level: &quot;warning&quot;&#10;    schema: {&quot;loadingURI&quot;:&quot;#&quot;,&quot;pointer&quot;:&quot;/items/properties/category/properties/id&quot;}&#10;    domain: &quot;syntax&quot;&#10;    ignored: [&quot;$id&quot;,&quot;examples&quot;]&#10;warning: the following keywords are unknown and will be ignored: [$id, examples]&#10;    level: &quot;warning&quot;&#10;    schema: {&quot;loadingURI&quot;:&quot;#&quot;,&quot;pointer&quot;:&quot;/items/properties/category/properties/name&quot;}&#10;    domain: &quot;syntax&quot;&#10;    ignored: [&quot;$id&quot;,&quot;examples&quot;]&#10;warning: the following keywords are unknown and will be ignored: [$id, examples]&#10;    level: &quot;warning&quot;&#10;    schema: {&quot;loadingURI&quot;:&quot;#&quot;,&quot;pointer&quot;:&quot;/items/properties/id&quot;}&#10;    domain: &quot;syntax&quot;&#10;    ignored: [&quot;$id&quot;,&quot;examples&quot;]&#10;warning: the following keywords are unknown and will be ignored: [$id, examples]&#10;    level: &quot;warning&quot;&#10;    schema: {&quot;loadingURI&quot;:&quot;#&quot;,&quot;pointer&quot;:&quot;/items/properties/name&quot;}&#10;    domain: &quot;syntax&quot;&#10;    ignored: [&quot;$id&quot;,&quot;examples&quot;]&#10;warning: the following keywords are unknown and will be ignored: [$id]&#10;    level: &quot;warning&quot;&#10;    schema: {&quot;loadingURI&quot;:&quot;#&quot;,&quot;pointer&quot;:&quot;/items/properties/photoUrls&quot;}&#10;    domain: &quot;syntax&quot;&#10;    ignored: [&quot;$id&quot;]&#10;warning: the following keywords are unknown and will be ignored: [$id, examples]&#10;    level: &quot;warning&quot;&#10;    schema: {&quot;loadingURI&quot;:&quot;#&quot;,&quot;pointer&quot;:&quot;/items/properties/photoUrls/items&quot;}&#10;    domain: &quot;syntax&quot;&#10;    ignored: [&quot;$id&quot;,&quot;examples&quot;]&#10;warning: the following keywords are unknown and will be ignored: [$id, examples]&#10;    level: &quot;warning&quot;&#10;    schema: {&quot;loadingURI&quot;:&quot;#&quot;,&quot;pointer&quot;:&quot;/items/properties/status&quot;}&#10;    domain: &quot;syntax&quot;&#10;    ignored: [&quot;$id&quot;,&quot;examples&quot;]&#10;warning: the following keywords are unknown and will be ignored: [$id]&#10;    level: &quot;warning&quot;&#10;    schema: {&quot;loadingURI&quot;:&quot;#&quot;,&quot;pointer&quot;:&quot;/items/properties/tags&quot;}&#10;    domain: &quot;syntax&quot;&#10;    ignored: [&quot;$id&quot;]&#10;warning: the following keywords are unknown and will be ignored: [$id]&#10;    level: &quot;warning&quot;&#10;    schema: {&quot;loadingURI&quot;:&quot;#&quot;,&quot;pointer&quot;:&quot;/items/properties/tags/items&quot;}&#10;    domain: &quot;syntax&quot;&#10;    ignored: [&quot;$id&quot;]&#10;warning: the following keywords are unknown and will be ignored: [$id, examples]&#10;    level: &quot;warning&quot;&#10;    schema: {&quot;loadingURI&quot;:&quot;#&quot;,&quot;pointer&quot;:&quot;/items/properties/tags/items/properties/id&quot;}&#10;    domain: &quot;syntax&quot;&#10;    ignored: [&quot;$id&quot;,&quot;examples&quot;]&#10;warning: the following keywords are unknown and will be ignored: [$id, examples]&#10;    level: &quot;warning&quot;&#10;    schema: {&quot;loadingURI&quot;:&quot;#&quot;,&quot;pointer&quot;:&quot;/items/properties/tags/items/properties/name&quot;}&#10;    domain: &quot;syntax&quot;&#10;    ignored: [&quot;$id&quot;,&quot;examples&quot;]&#10;warning: the following keywords are unknown and will be ignored: [$id]&#10;    level: &quot;warning&quot;&#10;    schema: {&quot;loadingURI&quot;:&quot;#&quot;,&quot;pointer&quot;:&quot;/items&quot;}&#10;    domain: &quot;syntax&quot;&#10;    ignored: [&quot;$id&quot;]&#10;warning: the following keywords are unknown and will be ignored: [$id]&#10;    level: &quot;warning&quot;&#10;    schema: {&quot;loadingURI&quot;:&quot;#&quot;,&quot;pointer&quot;:&quot;/items/properties/category&quot;}&#10;    domain: &quot;syntax&quot;&#10;    ignored: [&quot;$id&quot;]&#10;warning: the following keywords are unknown and will be ignored: [$id, examples]&#10;    level: &quot;warning&quot;&#10;    schema: {&quot;loadingURI&quot;:&quot;#&quot;,&quot;pointer&quot;:&quot;/items/properties/category/properties/id&quot;}&#10;    domain: &quot;syntax&quot;&#10;    ignored: [&quot;$id&quot;,&quot;examples&quot;]&#10;warning: the following keywords are unknown and will be ignored: [$id, examples]&#10;    level: &quot;warning&quot;&#10;    schema: {&quot;loadingURI&quot;:&quot;#&quot;,&quot;pointer&quot;:&quot;/items/properties/category/properties/name&quot;}&#10;    domain: &quot;syntax&quot;&#10;    ignored: [&quot;$id&quot;,&quot;examples&quot;]&#10;warning: the following keywords are unknown and will be ignored: [$id, examples]&#10;    level: &quot;warning&quot;&#10;    schema: {&quot;loadingURI&quot;:&quot;#&quot;,&quot;pointer&quot;:&quot;/items/properties/id&quot;}&#10;    domain: &quot;syntax&quot;&#10;    ignored: [&quot;$id&quot;,&quot;examples&quot;]&#10;warning: the following keywords are unknown and will be ignored: [$id, examples]&#10;    level: &quot;warning&quot;&#10;    schema: {&quot;loadingURI&quot;:&quot;#&quot;,&quot;pointer&quot;:&quot;/items/properties/name&quot;}&#10;    domain: &quot;syntax&quot;&#10;    ignored: [&quot;$id&quot;,&quot;examples&quot;]&#10;warning: the following keywords are unknown and will be ignored: [$id]&#10;    level: &quot;warning&quot;&#10;    schema: {&quot;loadingURI&quot;:&quot;#&quot;,&quot;pointer&quot;:&quot;/items/properties/photoUrls&quot;}&#10;    domain: &quot;syntax&quot;&#10;    ignored: [&quot;$id&quot;]&#10;warning: the following keywords are unknown and will be ignored: [$id, examples]&#10;    level: &quot;warning&quot;&#10;    schema: {&quot;loadingURI&quot;:&quot;#&quot;,&quot;pointer&quot;:&quot;/items/properties/photoUrls/items&quot;}&#10;    domain: &quot;syntax&quot;&#10;    ignored: [&quot;$id&quot;,&quot;examples&quot;]&#10;warning: the following keywords are unknown and will be ignored: [$id, examples]&#10;    level: &quot;warning&quot;&#10;    schema: {&quot;loadingURI&quot;:&quot;#&quot;,&quot;pointer&quot;:&quot;/items/properties/status&quot;}&#10;    domain: &quot;syntax&quot;&#10;    ignored: [&quot;$id&quot;,&quot;examples&quot;]&#10;warning: the following keywords are unknown and will be ignored: [$id]&#10;    level: &quot;warning&quot;&#10;    schema: {&quot;loadingURI&quot;:&quot;#&quot;,&quot;pointer&quot;:&quot;/items/properties/tags&quot;}&#10;    domain: &quot;syntax&quot;&#10;    ignored: [&quot;$id&quot;]&#10;warning: the following keywords are unknown and will be ignored: [$id]&#10;    level: &quot;warning&quot;&#10;    schema: {&quot;loadingURI&quot;:&quot;#&quot;,&quot;pointer&quot;:&quot;/items/properties/tags/items&quot;}&#10;    domain: &quot;syntax&quot;&#10;    ignored: [&quot;$id&quot;]&#10;warning: the following keywords are unknown and will be ignored: [$id, examples]&#10;    level: &quot;warning&quot;&#10;    schema: {&quot;loadingURI&quot;:&quot;#&quot;,&quot;pointer&quot;:&quot;/items/properties/tags/items/properties/id&quot;}&#10;    domain: &quot;syntax&quot;&#10;    ignored: [&quot;$id&quot;,&quot;examples&quot;]&#10;warning: the following keywords are unknown and will be ignored: [$id, examples]&#10;    level: &quot;warning&quot;&#10;    schema: {&quot;loadingURI&quot;:&quot;#&quot;,&quot;pointer&quot;:&quot;/items/properties/tags/items/properties/name&quot;}&#10;    domain: &quot;syntax&quot;&#10;    ignored: [&quot;$id&quot;,&quot;examples&quot;]&#10;warning: the following keywords are unknown and will be ignored: [$id]&#10;    level: &quot;warning&quot;&#10;    schema: {&quot;loadingURI&quot;:&quot;#&quot;,&quot;pointer&quot;:&quot;/items&quot;}&#10;    domain: &quot;syntax&quot;&#10;    ignored: [&quot;$id&quot;]&#10;warning: the following keywords are unknown and will be ignored: [$id]&#10;    level: &quot;warning&quot;&#10;    schema: {&quot;loadingURI&quot;:&quot;#&quot;,&quot;pointer&quot;:&quot;/items/properties/category&quot;}&#10;    domain: &quot;syntax&quot;&#10;    ignored: [&quot;$id&quot;]&#10;warning: the following keywords are unknown and will be ignored: [$id, examples]&#10;    level: &quot;warning&quot;&#10;    schema: {&quot;loadingURI&quot;:&quot;#&quot;,&quot;pointer&quot;:&quot;/items/properties/category/properties/id&quot;}&#10;    domain: &quot;syntax&quot;&#10;    ignored: [&quot;$id&quot;,&quot;examples&quot;]&#10;warning: the following keywords are unknown and will be ignored: [$id, examples]&#10;    level: &quot;warning&quot;&#10;    schema: {&quot;loadingURI&quot;:&quot;#&quot;,&quot;pointer&quot;:&quot;/items/properties/category/properties/name&quot;}&#10;    domain: &quot;syntax&quot;&#10;    ignored: [&quot;$id&quot;,&quot;examples&quot;]&#10;warning: the following keywords are unknown and will be ignored: [$id, examples]&#10;    level: &quot;warning&quot;&#10;    schema: {&quot;loadingURI&quot;:&quot;#&quot;,&quot;pointer&quot;:&quot;/items/properties/id&quot;}&#10;    domain: &quot;syntax&quot;&#10;    ignored: [&quot;$id&quot;,&quot;examples&quot;]&#10;warning: the following keywords are unknown and will be ignored: [$id, examples]&#10;    level: &quot;warning&quot;&#10;    schema: {&quot;loadingURI&quot;:&quot;#&quot;,&quot;pointer&quot;:&quot;/items/properties/name&quot;}&#10;    domain: &quot;syntax&quot;&#10;    ignored: [&quot;$id&quot;,&quot;examples&quot;]&#10;warning: the following keywords are unknown and will be ignored: [$id]&#10;    level: &quot;warning&quot;&#10;    schema: {&quot;loadingURI&quot;:&quot;#&quot;,&quot;pointer&quot;:&quot;/items/properties/photoUrls&quot;}&#10;    domain: &quot;syntax&quot;&#10;    ignored: [&quot;$id&quot;]&#10;warning: the following keywords are unknown and will be ignored: [$id, examples]&#10;    level: &quot;warning&quot;&#10;    schema: {&quot;loadingURI&quot;:&quot;#&quot;,&quot;pointer&quot;:&quot;/items/properties/photoUrls/items&quot;}&#10;    domain: &quot;syntax&quot;&#10;    ignored: [&quot;$id&quot;,&quot;examples&quot;]&#10;warning: the following keywords are unknown and will be ignored: [$id, examples]&#10;    level: &quot;warning&quot;&#10;    schema: {&quot;loadingURI&quot;:&quot;#&quot;,&quot;pointer&quot;:&quot;/items/properties/status&quot;}&#10;    domain: &quot;syntax&quot;&#10;    ignored: [&quot;$id&quot;,&quot;examples&quot;]&#10;warning: the following keywords are unknown and will be ignored: [$id]&#10;    level: &quot;warning&quot;&#10;    schema: {&quot;loadingURI&quot;:&quot;#&quot;,&quot;pointer&quot;:&quot;/items/properties/tags&quot;}&#10;    domain: &quot;syntax&quot;&#10;    ignored: [&quot;$id&quot;]&#10;warning: the following keywords are unknown and will be ignored: [$id]&#10;    level: &quot;warning&quot;&#10;    schema: {&quot;loadingURI&quot;:&quot;#&quot;,&quot;pointer&quot;:&quot;/items/properties/tags/items&quot;}&#10;    domain: &quot;syntax&quot;&#10;    ignored: [&quot;$id&quot;]&#10;warning: the following keywords are unknown and will be ignored: [$id, examples]&#10;    level: &quot;warning&quot;&#10;    schema: {&quot;loadingURI&quot;:&quot;#&quot;,&quot;pointer&quot;:&quot;/items/properties/tags/items/properties/id&quot;}&#10;    domain: &quot;syntax&quot;&#10;    ignored: [&quot;$id&quot;,&quot;examples&quot;]&#10;warning: the following keywords are unknown and will be ignored: [$id, examples]&#10;    level: &quot;warning&quot;&#10;    schema: {&quot;loadingURI&quot;:&quot;#&quot;,&quot;pointer&quot;:&quot;/items/properties/tags/items/properties/name&quot;}&#10;    domain: &quot;syntax&quot;&#10;    ignored: [&quot;$id&quot;,&quot;examples&quot;]&#10;warning: the following keywords are unknown and will be ignored: [$id]&#10;    level: &quot;warning&quot;&#10;    schema: {&quot;loadingURI&quot;:&quot;#&quot;,&quot;pointer&quot;:&quot;/items&quot;}&#10;    domain: &quot;syntax&quot;&#10;    ignored: [&quot;$id&quot;]&#10;warning: the following keywords are unknown and will be ignored: [$id]&#10;    level: &quot;warning&quot;&#10;    schema: {&quot;loadingURI&quot;:&quot;#&quot;,&quot;pointer&quot;:&quot;/items/properties/category&quot;}&#10;    domain: &quot;syntax&quot;&#10;    ignored: [&quot;$id&quot;]&#10;warning: the following keywords are unknown and will be ignored: [$id, examples]&#10;    level: &quot;warning&quot;&#10;    schema: {&quot;loadingURI&quot;:&quot;#&quot;,&quot;pointer&quot;:&quot;/items/properties/category/properties/id&quot;}&#10;    domain: &quot;syntax&quot;&#10;    ignored: [&quot;$id&quot;,&quot;examples&quot;]&#10;warning: the following keywords are unknown and will be ignored: [$id, examples]&#10;    level: &quot;warning&quot;&#10;    schema: {&quot;loadingURI&quot;:&quot;#&quot;,&quot;pointer&quot;:&quot;/items/properties/category/properties/name&quot;}&#10;    domain: &quot;syntax&quot;&#10;    ignored: [&quot;$id&quot;,&quot;examples&quot;]&#10;warning: the following keywords are unknown and will be ignored: [$id, examples]&#10;    level: &quot;warning&quot;&#10;    schema: {&quot;loadingURI&quot;:&quot;#&quot;,&quot;pointer&quot;:&quot;/items/properties/id&quot;}&#10;    domain: &quot;syntax&quot;&#10;    ignored: [&quot;$id&quot;,&quot;examples&quot;]&#10;warning: the following keywords are unknown and will be ignored: [$id, examples]&#10;    level: &quot;warning&quot;&#10;    schema: {&quot;loadingURI&quot;:&quot;#&quot;,&quot;pointer&quot;:&quot;/items/properties/name&quot;}&#10;    domain: &quot;syntax&quot;&#10;    ignored: [&quot;$id&quot;,&quot;examples&quot;]&#10;warning: the following keywords are unknown and will be ignored: [$id]&#10;    level: &quot;warning&quot;&#10;    schema: {&quot;loadingURI&quot;:&quot;#&quot;,&quot;pointer&quot;:&quot;/items/properties/photoUrls&quot;}&#10;    domain: &quot;syntax&quot;&#10;    ignored: [&quot;$id&quot;]&#10;warning: the following keywords are unknown and will be ignored: [$id, examples]&#10;    level: &quot;warning&quot;&#10;    schema: {&quot;loadingURI&quot;:&quot;#&quot;,&quot;pointer&quot;:&quot;/items/properties/photoUrls/items&quot;}&#10;    domain: &quot;syntax&quot;&#10;    ignored: [&quot;$id&quot;,&quot;examples&quot;]&#10;warning: the following keywords are unknown and will be ignored: [$id, examples]&#10;    level: &quot;warning&quot;&#10;    schema: {&quot;loadingURI&quot;:&quot;#&quot;,&quot;pointer&quot;:&quot;/items/properties/status&quot;}&#10;    domain: &quot;syntax&quot;&#10;    ignored: [&quot;$id&quot;,&quot;examples&quot;]&#10;warning: the following keywords are unknown and will be ignored: [$id]&#10;    level: &quot;warning&quot;&#10;    schema: {&quot;loadingURI&quot;:&quot;#&quot;,&quot;pointer&quot;:&quot;/items/properties/tags&quot;}&#10;    domain: &quot;syntax&quot;&#10;    ignored: [&quot;$id&quot;]&#10;warning: the following keywords are unknown and will be ignored: [$id]&#10;    level: &quot;warning&quot;&#10;    schema: {&quot;loadingURI&quot;:&quot;#&quot;,&quot;pointer&quot;:&quot;/items/properties/tags/items&quot;}&#10;    domain: &quot;syntax&quot;&#10;    ignored: [&quot;$id&quot;]&#10;warning: the following keywords are unknown and will be ignored: [$id, examples]&#10;    level: &quot;warning&quot;&#10;    schema: {&quot;loadingURI&quot;:&quot;#&quot;,&quot;pointer&quot;:&quot;/items/properties/tags/items/properties/id&quot;}&#10;    domain: &quot;syntax&quot;&#10;    ignored: [&quot;$id&quot;,&quot;examples&quot;]&#10;warning: the following keywords are unknown and will be ignored: [$id, examples]&#10;    level: &quot;warning&quot;&#10;    schema: {&quot;loadingURI&quot;:&quot;#&quot;,&quot;pointer&quot;:&quot;/items/properties/tags/items/properties/name&quot;}&#10;    domain: &quot;syntax&quot;&#10;    ignored: [&quot;$id&quot;,&quot;examples&quot;]&#10;warning: the following keywords are unknown and will be ignored: [$id]&#10;    level: &quot;warning&quot;&#10;    schema: {&quot;loadingURI&quot;:&quot;#&quot;,&quot;pointer&quot;:&quot;/items&quot;}&#10;    domain: &quot;syntax&quot;&#10;    ignored: [&quot;$id&quot;]&#10;warning: the following keywords are unknown and will be ignored: [$id]&#10;    level: &quot;warning&quot;&#10;    schema: {&quot;loadingURI&quot;:&quot;#&quot;,&quot;pointer&quot;:&quot;/items/properties/category&quot;}&#10;    domain: &quot;syntax&quot;&#10;    ignored: [&quot;$id&quot;]&#10;warning: the following keywords are unknown and will be ignored: [$id, examples]&#10;    level: &quot;warning&quot;&#10;    schema: {&quot;loadingURI&quot;:&quot;#&quot;,&quot;pointer&quot;:&quot;/items/properties/category/properties/id&quot;}&#10;    domain: &quot;syntax&quot;&#10;    ignored: [&quot;$id&quot;,&quot;examples&quot;]&#10;warning: the following keywords are unknown and will be ignored: [$id, examples]&#10;    level: &quot;warning&quot;&#10;    schema: {&quot;loadingURI&quot;:&quot;#&quot;,&quot;pointer&quot;:&quot;/items/properties/category/properties/name&quot;}&#10;    domain: &quot;syntax&quot;&#10;    ignored: [&quot;$id&quot;,&quot;examples&quot;]&#10;warning: the following keywords are unknown and will be ignored: [$id, examples]&#10;    level: &quot;warning&quot;&#10;    schema: {&quot;loadingURI&quot;:&quot;#&quot;,&quot;pointer&quot;:&quot;/items/properties/id&quot;}&#10;    domain: &quot;syntax&quot;&#10;    ignored: [&quot;$id&quot;,&quot;examples&quot;]&#10;warning: the following keywords are unknown and will be ignored: [$id, examples]&#10;    level: &quot;warning&quot;&#10;    schema: {&quot;loadingURI&quot;:&quot;#&quot;,&quot;pointer&quot;:&quot;/items/properties/name&quot;}&#10;    domain: &quot;syntax&quot;&#10;    ignored: [&quot;$id&quot;,&quot;examples&quot;]&#10;warning: the following keywords are unknown and will be ignored: [$id]&#10;    level: &quot;warning&quot;&#10;    schema: {&quot;loadingURI&quot;:&quot;#&quot;,&quot;pointer&quot;:&quot;/items/properties/photoUrls&quot;}&#10;    domain: &quot;syntax&quot;&#10;    ignored: [&quot;$id&quot;]&#10;warning: the following keywords are unknown and will be ignored: [$id, examples]&#10;    level: &quot;warning&quot;&#10;    schema: {&quot;loadingURI&quot;:&quot;#&quot;,&quot;pointer&quot;:&quot;/items/properties/photoUrls/items&quot;}&#10;    domain: &quot;syntax&quot;&#10;    ignored: [&quot;$id&quot;,&quot;examples&quot;]&#10;warning: the following keywords are unknown and will be ignored: [$id, examples]&#10;    level: &quot;warning&quot;&#10;    schema: {&quot;loadingURI&quot;:&quot;#&quot;,&quot;pointer&quot;:&quot;/items/properties/status&quot;}&#10;    domain: &quot;syntax&quot;&#10;    ignored: [&quot;$id&quot;,&quot;examples&quot;]&#10;warning: the following keywords are unknown and will be ignored: [$id]&#10;    level: &quot;warning&quot;&#10;    schema: {&quot;loadingURI&quot;:&quot;#&quot;,&quot;pointer&quot;:&quot;/items/properties/tags&quot;}&#10;    domain: &quot;syntax&quot;&#10;    ignored: [&quot;$id&quot;]&#10;warning: the following keywords are unknown and will be ignored: [$id]&#10;    level: &quot;warning&quot;&#10;    schema: {&quot;loadingURI&quot;:&quot;#&quot;,&quot;pointer&quot;:&quot;/items/properties/tags/items&quot;}&#10;    domain: &quot;syntax&quot;&#10;    ignored: [&quot;$id&quot;]&#10;warning: the following keywords are unknown and will be ignored: [$id, examples]&#10;    level: &quot;warning&quot;&#10;    schema: {&quot;loadingURI&quot;:&quot;#&quot;,&quot;pointer&quot;:&quot;/items/properties/tags/items/properties/id&quot;}&#10;    domain: &quot;syntax&quot;&#10;    ignored: [&quot;$id&quot;,&quot;examples&quot;]&#10;warning: the following keywords are unknown and will be ignored: [$id, examples]&#10;    level: &quot;warning&quot;&#10;    schema: {&quot;loadingURI&quot;:&quot;#&quot;,&quot;pointer&quot;:&quot;/items/properties/tags/items/properties/name&quot;}&#10;    domain: &quot;syntax&quot;&#10;    ignored: [&quot;$id&quot;,&quot;examples&quot;]&#10;warning: the following keywords are unknown and will be ignored: [$id]&#10;    level: &quot;warning&quot;&#10;    schema: {&quot;loadingURI&quot;:&quot;#&quot;,&quot;pointer&quot;:&quot;/items&quot;}&#10;    domain: &quot;syntax&quot;&#10;    ignored: [&quot;$id&quot;]&#10;warning: the following keywords are unknown and will be ignored: [$id]&#10;    level: &quot;warning&quot;&#10;    schema: {&quot;loadingURI&quot;:&quot;#&quot;,&quot;pointer&quot;:&quot;/items/properties/category&quot;}&#10;    domain: &quot;syntax&quot;&#10;    ignored: [&quot;$id&quot;]&#10;warning: the following keywords are unknown and will be ignored: [$id, examples]&#10;    level: &quot;warning&quot;&#10;    schema: {&quot;loadingURI&quot;:&quot;#&quot;,&quot;pointer&quot;:&quot;/items/properties/category/properties/id&quot;}&#10;    domain: &quot;syntax&quot;&#10;    ignored: [&quot;$id&quot;,&quot;examples&quot;]&#10;warning: the following keywords are unknown and will be ignored: [$id, examples]&#10;    level: &quot;warning&quot;&#10;    schema: {&quot;loadingURI&quot;:&quot;#&quot;,&quot;pointer&quot;:&quot;/items/properties/category/properties/name&quot;}&#10;    domain: &quot;syntax&quot;&#10;    ignored: [&quot;$id&quot;,&quot;examples&quot;]&#10;warning: the following keywords are unknown and will be ignored: [$id, examples]&#10;    level: &quot;warning&quot;&#10;    schema: {&quot;loadingURI&quot;:&quot;#&quot;,&quot;pointer&quot;:&quot;/items/properties/id&quot;}&#10;    domain: &quot;syntax&quot;&#10;    ignored: [&quot;$id&quot;,&quot;examples&quot;]&#10;warning: the following keywords are unknown and will be ignored: [$id, examples]&#10;    level: &quot;warning&quot;&#10;    schema: {&quot;loadingURI&quot;:&quot;#&quot;,&quot;pointer&quot;:&quot;/items/properties/name&quot;}&#10;    domain: &quot;syntax&quot;&#10;    ignored: [&quot;$id&quot;,&quot;examples&quot;]&#10;warning: the following keywords are unknown and will be ignored: [$id]&#10;    level: &quot;warning&quot;&#10;    schema: {&quot;loadingURI&quot;:&quot;#&quot;,&quot;pointer&quot;:&quot;/items/properties/photoUrls&quot;}&#10;    domain: &quot;syntax&quot;&#10;    ignored: [&quot;$id&quot;]&#10;warning: the following keywords are unknown and will be ignored: [$id, examples]&#10;    level: &quot;warning&quot;&#10;    schema: {&quot;loadingURI&quot;:&quot;#&quot;,&quot;pointer&quot;:&quot;/items/properties/photoUrls/items&quot;}&#10;    domain: &quot;syntax&quot;&#10;    ignored: [&quot;$id&quot;,&quot;examples&quot;]&#10;warning: the following keywords are unknown and will be ignored: [$id, examples]&#10;    level: &quot;warning&quot;&#10;    schema: {&quot;loadingURI&quot;:&quot;#&quot;,&quot;pointer&quot;:&quot;/items/properties/status&quot;}&#10;    domain: &quot;syntax&quot;&#10;    ignored: [&quot;$id&quot;,&quot;examples&quot;]&#10;warning: the following keywords are unknown and will be ignored: [$id]&#10;    level: &quot;warning&quot;&#10;    schema: {&quot;loadingURI&quot;:&quot;#&quot;,&quot;pointer&quot;:&quot;/items/properties/tags&quot;}&#10;    domain: &quot;syntax&quot;&#10;    ignored: [&quot;$id&quot;]&#10;warning: the following keywords are unknown and will be ignored: [$id]&#10;    level: &quot;warning&quot;&#10;    schema: {&quot;loadingURI&quot;:&quot;#&quot;,&quot;pointer&quot;:&quot;/items/properties/tags/items&quot;}&#10;    domain: &quot;syntax&quot;&#10;    ignored: [&quot;$id&quot;]&#10;warning: the following keywords are unknown and will be ignored: [$id, examples]&#10;    level: &quot;warning&quot;&#10;    schema: {&quot;loadingURI&quot;:&quot;#&quot;,&quot;pointer&quot;:&quot;/items/properties/tags/items/properties/id&quot;}&#10;    domain: &quot;syntax&quot;&#10;    ignored: [&quot;$id&quot;,&quot;examples&quot;]&#10;warning: the following keywords are unknown and will be ignored: [$id, examples]&#10;    level: &quot;warning&quot;&#10;    schema: {&quot;loadingURI&quot;:&quot;#&quot;,&quot;pointer&quot;:&quot;/items/properties/tags/items/properties/name&quot;}&#10;    domain: &quot;syntax&quot;&#10;    ignored: [&quot;$id&quot;,&quot;examples&quot;]&#10;warning: the following keywords are unknown and will be ignored: [$id]&#10;    level: &quot;warning&quot;&#10;    schema: {&quot;loadingURI&quot;:&quot;#&quot;,&quot;pointer&quot;:&quot;/items&quot;}&#10;    domain: &quot;syntax&quot;&#10;    ignored: [&quot;$id&quot;]&#10;warning: the following keywords are unknown and will be ignored: [$id]&#10;    level: &quot;warning&quot;&#10;    schema: {&quot;loadingURI&quot;:&quot;#&quot;,&quot;pointer&quot;:&quot;/items/properties/category&quot;}&#10;    domain: &quot;syntax&quot;&#10;    ignored: [&quot;$id&quot;]&#10;warning: the following keywords are unknown and will be ignored: [$id, examples]&#10;    level: &quot;warning&quot;&#10;    schema: {&quot;loadingURI&quot;:&quot;#&quot;,&quot;pointer&quot;:&quot;/items/properties/category/properties/id&quot;}&#10;    domain: &quot;syntax&quot;&#10;    ignored: [&quot;$id&quot;,&quot;examples&quot;]&#10;warning: the following keywords are unknown and will be ignored: [$id, examples]&#10;    level: &quot;warning&quot;&#10;    schema: {&quot;loadingURI&quot;:&quot;#&quot;,&quot;pointer&quot;:&quot;/items/properties/category/properties/name&quot;}&#10;    domain: &quot;syntax&quot;&#10;    ignored: [&quot;$id&quot;,&quot;examples&quot;]&#10;warning: the following keywords are unknown and will be ignored: [$id, examples]&#10;    level: &quot;warning&quot;&#10;    schema: {&quot;loadingURI&quot;:&quot;#&quot;,&quot;pointer&quot;:&quot;/items/properties/id&quot;}&#10;    domain: &quot;syntax&quot;&#10;    ignored: [&quot;$id&quot;,&quot;examples&quot;]&#10;warning: the following keywords are unknown and will be ignored: [$id, examples]&#10;    level: &quot;warning&quot;&#10;    schema: {&quot;loadingURI&quot;:&quot;#&quot;,&quot;pointer&quot;:&quot;/items/properties/name&quot;}&#10;    domain: &quot;syntax&quot;&#10;    ignored: [&quot;$id&quot;,&quot;examples&quot;]&#10;warning: the following keywords are unknown and will be ignored: [$id]&#10;    level: &quot;warning&quot;&#10;    schema: {&quot;loadingURI&quot;:&quot;#&quot;,&quot;pointer&quot;:&quot;/items/properties/photoUrls&quot;}&#10;    domain: &quot;syntax&quot;&#10;    ignored: [&quot;$id&quot;]&#10;warning: the following keywords are unknown and will be ignored: [$id, examples]&#10;    level: &quot;warning&quot;&#10;    schema: {&quot;loadingURI&quot;:&quot;#&quot;,&quot;pointer&quot;:&quot;/items/properties/photoUrls/items&quot;}&#10;    domain: &quot;syntax&quot;&#10;    ignored: [&quot;$id&quot;,&quot;examples&quot;]&#10;warning: the following keywords are unknown and will be ignored: [$id, examples]&#10;    level: &quot;warning&quot;&#10;    schema: {&quot;loadingURI&quot;:&quot;#&quot;,&quot;pointer&quot;:&quot;/items/properties/status&quot;}&#10;    domain: &quot;syntax&quot;&#10;    ignored: [&quot;$id&quot;,&quot;examples&quot;]&#10;warning: the following keywords are unknown and will be ignored: [$id]&#10;    level: &quot;warning&quot;&#10;    schema: {&quot;loadingURI&quot;:&quot;#&quot;,&quot;pointer&quot;:&quot;/items/properties/tags&quot;}&#10;    domain: &quot;syntax&quot;&#10;    ignored: [&quot;$id&quot;]&#10;warning: the following keywords are unknown and will be ignored: [$id]&#10;    level: &quot;warning&quot;&#10;    schema: {&quot;loadingURI&quot;:&quot;#&quot;,&quot;pointer&quot;:&quot;/items/properties/tags/items&quot;}&#10;    domain: &quot;syntax&quot;&#10;    ignored: [&quot;$id&quot;]&#10;warning: the following keywords are unknown and will be ignored: [$id, examples]&#10;    level: &quot;warning&quot;&#10;    schema: {&quot;loadingURI&quot;:&quot;#&quot;,&quot;pointer&quot;:&quot;/items/properties/tags/items/properties/id&quot;}&#10;    domain: &quot;syntax&quot;&#10;    ignored: [&quot;$id&quot;,&quot;examples&quot;]&#10;warning: the following keywords are unknown and will be ignored: [$id, examples]&#10;    level: &quot;warning&quot;&#10;    schema: {&quot;loadingURI&quot;:&quot;#&quot;,&quot;pointer&quot;:&quot;/items/properties/tags/items/properties/name&quot;}&#10;    domain: &quot;syntax&quot;&#10;    ignored: [&quot;$id&quot;,&quot;examples&quot;]&#10;warning: the following keywords are unknown and will be ignored: [$id]&#10;    level: &quot;warning&quot;&#10;    schema: {&quot;loadingURI&quot;:&quot;#&quot;,&quot;pointer&quot;:&quot;/items&quot;}&#10;    domain: &quot;syntax&quot;&#10;    ignored: [&quot;$id&quot;]&#10;warning: the following keywords are unknown and will be ignored: [$id]&#10;    level: &quot;warning&quot;&#10;    schema: {&quot;loadingURI&quot;:&quot;#&quot;,&quot;pointer&quot;:&quot;/items/properties/category&quot;}&#10;    domain: &quot;syntax&quot;&#10;    ignored: [&quot;$id&quot;]&#10;warning: the following keywords are unknown and will be ignored: [$id, examples]&#10;    level: &quot;warning&quot;&#10;    schema: {&quot;loadingURI&quot;:&quot;#&quot;,&quot;pointer&quot;:&quot;/items/properties/category/properties/id&quot;}&#10;    domain: &quot;syntax&quot;&#10;    ignored: [&quot;$id&quot;,&quot;examples&quot;]&#10;warning: the following keywords are unknown and will be ignored: [$id, examples]&#10;    level: &quot;warning&quot;&#10;    schema: {&quot;loadingURI&quot;:&quot;#&quot;,&quot;pointer&quot;:&quot;/items/properties/category/properties/name&quot;}&#10;    domain: &quot;syntax&quot;&#10;    ignored: [&quot;$id&quot;,&quot;examples&quot;]&#10;warning: the following keywords are unknown and will be ignored: [$id, examples]&#10;    level: &quot;warning&quot;&#10;    schema: {&quot;loadingURI&quot;:&quot;#&quot;,&quot;pointer&quot;:&quot;/items/properties/id&quot;}&#10;    domain: &quot;syntax&quot;&#10;    ignored: [&quot;$id&quot;,&quot;examples&quot;]&#10;warning: the following keywords are unknown and will be ignored: [$id, examples]&#10;    level: &quot;warning&quot;&#10;    schema: {&quot;loadingURI&quot;:&quot;#&quot;,&quot;pointer&quot;:&quot;/items/properties/name&quot;}&#10;    domain: &quot;syntax&quot;&#10;    ignored: [&quot;$id&quot;,&quot;examples&quot;]&#10;warning: the following keywords are unknown and will be ignored: [$id]&#10;    level: &quot;warning&quot;&#10;    schema: {&quot;loadingURI&quot;:&quot;#&quot;,&quot;pointer&quot;:&quot;/items/properties/photoUrls&quot;}&#10;    domain: &quot;syntax&quot;&#10;    ignored: [&quot;$id&quot;]&#10;warning: the following keywords are unknown and will be ignored: [$id, examples]&#10;    level: &quot;warning&quot;&#10;    schema: {&quot;loadingURI&quot;:&quot;#&quot;,&quot;pointer&quot;:&quot;/items/properties/photoUrls/items&quot;}&#10;    domain: &quot;syntax&quot;&#10;    ignored: [&quot;$id&quot;,&quot;examples&quot;]&#10;warning: the following keywords are unknown and will be ignored: [$id, examples]&#10;    level: &quot;warning&quot;&#10;    schema: {&quot;loadingURI&quot;:&quot;#&quot;,&quot;pointer&quot;:&quot;/items/properties/status&quot;}&#10;    domain: &quot;syntax&quot;&#10;    ignored: [&quot;$id&quot;,&quot;examples&quot;]&#10;warning: the following keywords are unknown and will be ignored: [$id]&#10;    level: &quot;warning&quot;&#10;    schema: {&quot;loadingURI&quot;:&quot;#&quot;,&quot;pointer&quot;:&quot;/items/properties/tags&quot;}&#10;    domain: &quot;syntax&quot;&#10;    ignored: [&quot;$id&quot;]&#10;warning: the following keywords are unknown and will be ignored: [$id]&#10;    level: &quot;warning&quot;&#10;    schema: {&quot;loadingURI&quot;:&quot;#&quot;,&quot;pointer&quot;:&quot;/items/properties/tags/items&quot;}&#10;    domain: &quot;syntax&quot;&#10;    ignored: [&quot;$id&quot;]&#10;warning: the following keywords are unknown and will be ignored: [$id, examples]&#10;    level: &quot;warning&quot;&#10;    schema: {&quot;loadingURI&quot;:&quot;#&quot;,&quot;pointer&quot;:&quot;/items/properties/tags/items/properties/id&quot;}&#10;    domain: &quot;syntax&quot;&#10;    ignored: [&quot;$id&quot;,&quot;examples&quot;]&#10;warning: the following keywords are unknown and will be ignored: [$id, examples]&#10;    level: &quot;warning&quot;&#10;    schema: {&quot;loadingURI&quot;:&quot;#&quot;,&quot;pointer&quot;:&quot;/items/properties/tags/items/properties/name&quot;}&#10;    domain: &quot;syntax&quot;&#10;    ignored: [&quot;$id&quot;,&quot;examples&quot;]&#10;warning: the following keywords are unknown and will be ignored: [$id]&#10;    level: &quot;warning&quot;&#10;    schema: {&quot;loadingURI&quot;:&quot;#&quot;,&quot;pointer&quot;:&quot;/items&quot;}&#10;    domain: &quot;syntax&quot;&#10;    ignored: [&quot;$id&quot;]&#10;warning: the following keywords are unknown and will be ignored: [$id]&#10;    level: &quot;warning&quot;&#10;    schema: {&quot;loadingURI&quot;:&quot;#&quot;,&quot;pointer&quot;:&quot;/items/properties/category&quot;}&#10;    domain: &quot;syntax&quot;&#10;    ignored: [&quot;$id&quot;]&#10;warning: the following keywords are unknown and will be ignored: [$id, examples]&#10;    level: &quot;warning&quot;&#10;    schema: {&quot;loadingURI&quot;:&quot;#&quot;,&quot;pointer&quot;:&quot;/items/properties/category/properties/id&quot;}&#10;    domain: &quot;syntax&quot;&#10;    ignored: [&quot;$id&quot;,&quot;examples&quot;]&#10;warning: the following keywords are unknown and will be ignored: [$id, examples]&#10;    level: &quot;warning&quot;&#10;    schema: {&quot;loadingURI&quot;:&quot;#&quot;,&quot;pointer&quot;:&quot;/items/properties/category/properties/name&quot;}&#10;    domain: &quot;syntax&quot;&#10;    ignored: [&quot;$id&quot;,&quot;examples&quot;]&#10;warning: the following keywords are unknown and will be ignored: [$id, examples]&#10;    level: &quot;warning&quot;&#10;    schema: {&quot;loadingURI&quot;:&quot;#&quot;,&quot;pointer&quot;:&quot;/items/properties/id&quot;}&#10;    domain: &quot;syntax&quot;&#10;    ignored: [&quot;$id&quot;,&quot;examples&quot;]&#10;warning: the following keywords are unknown and will be ignored: [$id, examples]&#10;    level: &quot;warning&quot;&#10;    schema: {&quot;loadingURI&quot;:&quot;#&quot;,&quot;pointer&quot;:&quot;/items/properties/name&quot;}&#10;    domain: &quot;syntax&quot;&#10;    ignored: [&quot;$id&quot;,&quot;examples&quot;]&#10;warning: the following keywords are unknown and will be ignored: [$id]&#10;    level: &quot;warning&quot;&#10;    schema: {&quot;loadingURI&quot;:&quot;#&quot;,&quot;pointer&quot;:&quot;/items/properties/photoUrls&quot;}&#10;    domain: &quot;syntax&quot;&#10;    ignored: [&quot;$id&quot;]&#10;warning: the following keywords are unknown and will be ignored: [$id, examples]&#10;    level: &quot;warning&quot;&#10;    schema: {&quot;loadingURI&quot;:&quot;#&quot;,&quot;pointer&quot;:&quot;/items/properties/photoUrls/items&quot;}&#10;    domain: &quot;syntax&quot;&#10;    ignored: [&quot;$id&quot;,&quot;examples&quot;]&#10;warning: the following keywords are unknown and will be ignored: [$id, examples]&#10;    level: &quot;warning&quot;&#10;    schema: {&quot;loadingURI&quot;:&quot;#&quot;,&quot;pointer&quot;:&quot;/items/properties/status&quot;}&#10;    domain: &quot;syntax&quot;&#10;    ignored: [&quot;$id&quot;,&quot;examples&quot;]&#10;warning: the following keywords are unknown and will be ignored: [$id]&#10;    level: &quot;warning&quot;&#10;    schema: {&quot;loadingURI&quot;:&quot;#&quot;,&quot;pointer&quot;:&quot;/items/properties/tags&quot;}&#10;    domain: &quot;syntax&quot;&#10;    ignored: [&quot;$id&quot;]&#10;warning: the following keywords are unknown and will be ignored: [$id]&#10;    level: &quot;warning&quot;&#10;    schema: {&quot;loadingURI&quot;:&quot;#&quot;,&quot;pointer&quot;:&quot;/items/properties/tags/items&quot;}&#10;    domain: &quot;syntax&quot;&#10;    ignored: [&quot;$id&quot;]&#10;warning: the following keywords are unknown and will be ignored: [$id, examples]&#10;    level: &quot;warning&quot;&#10;    schema: {&quot;loadingURI&quot;:&quot;#&quot;,&quot;pointer&quot;:&quot;/items/properties/tags/items/properties/id&quot;}&#10;    domain: &quot;syntax&quot;&#10;    ignored: [&quot;$id&quot;,&quot;examples&quot;]&#10;warning: the following keywords are unknown and will be ignored: [$id, examples]&#10;    level: &quot;warning&quot;&#10;    schema: {&quot;loadingURI&quot;:&quot;#&quot;,&quot;pointer&quot;:&quot;/items/properties/tags/items/properties/name&quot;}&#10;    domain: &quot;syntax&quot;&#10;    ignored: [&quot;$id&quot;,&quot;examples&quot;]&#10;warning: the following keywords are unknown and will be ignored: [$id]&#10;    level: &quot;warning&quot;&#10;    schema: {&quot;loadingURI&quot;:&quot;#&quot;,&quot;pointer&quot;:&quot;/items&quot;}&#10;    domain: &quot;syntax&quot;&#10;    ignored: [&quot;$id&quot;]&#10;warning: the following keywords are unknown and will be ignored: [$id]&#10;    level: &quot;warning&quot;&#10;    schema: {&quot;loadingURI&quot;:&quot;#&quot;,&quot;pointer&quot;:&quot;/items/properties/category&quot;}&#10;    domain: &quot;syntax&quot;&#10;    ignored: [&quot;$id&quot;]&#10;warning: the following keywords are unknown and will be ignored: [$id, examples]&#10;    level: &quot;warning&quot;&#10;    schema: {&quot;loadingURI&quot;:&quot;#&quot;,&quot;pointer&quot;:&quot;/items/properties/category/properties/id&quot;}&#10;    domain: &quot;syntax&quot;&#10;    ignored: [&quot;$id&quot;,&quot;examples&quot;]&#10;warning: the following keywords are unknown and will be ignored: [$id, examples]&#10;    level: &quot;warning&quot;&#10;    schema: {&quot;loadingURI&quot;:&quot;#&quot;,&quot;pointer&quot;:&quot;/items/properties/category/properties/name&quot;}&#10;    domain: &quot;syntax&quot;&#10;    ignored: [&quot;$id&quot;,&quot;examples&quot;]&#10;warning: the following keywords are unknown and will be ignored: [$id, examples]&#10;    level: &quot;warning&quot;&#10;    schema: {&quot;loadingURI&quot;:&quot;#&quot;,&quot;pointer&quot;:&quot;/items/properties/id&quot;}&#10;    domain: &quot;syntax&quot;&#10;    ignored: [&quot;$id&quot;,&quot;examples&quot;]&#10;warning: the following keywords are unknown and will be ignored: [$id, examples]&#10;    level: &quot;warning&quot;&#10;    schema: {&quot;loadingURI&quot;:&quot;#&quot;,&quot;pointer&quot;:&quot;/items/properties/name&quot;}&#10;    domain: &quot;syntax&quot;&#10;    ignored: [&quot;$id&quot;,&quot;examples&quot;]&#10;warning: the following keywords are unknown and will be ignored: [$id]&#10;    level: &quot;warning&quot;&#10;    schema: {&quot;loadingURI&quot;:&quot;#&quot;,&quot;pointer&quot;:&quot;/items/properties/photoUrls&quot;}&#10;    domain: &quot;syntax&quot;&#10;    ignored: [&quot;$id&quot;]&#10;warning: the following keywords are unknown and will be ignored: [$id, examples]&#10;    level: &quot;warning&quot;&#10;    schema: {&quot;loadingURI&quot;:&quot;#&quot;,&quot;pointer&quot;:&quot;/items/properties/photoUrls/items&quot;}&#10;    domain: &quot;syntax&quot;&#10;    ignored: [&quot;$id&quot;,&quot;examples&quot;]&#10;warning: the following keywords are unknown and will be ignored: [$id, examples]&#10;    level: &quot;warning&quot;&#10;    schema: {&quot;loadingURI&quot;:&quot;#&quot;,&quot;pointer&quot;:&quot;/items/properties/status&quot;}&#10;    domain: &quot;syntax&quot;&#10;    ignored: [&quot;$id&quot;,&quot;examples&quot;]&#10;warning: the following keywords are unknown and will be ignored: [$id]&#10;    level: &quot;warning&quot;&#10;    schema: {&quot;loadingURI&quot;:&quot;#&quot;,&quot;pointer&quot;:&quot;/items/properties/tags&quot;}&#10;    domain: &quot;syntax&quot;&#10;    ignored: [&quot;$id&quot;]&#10;warning: the following keywords are unknown and will be ignored: [$id]&#10;    level: &quot;warning&quot;&#10;    schema: {&quot;loadingURI&quot;:&quot;#&quot;,&quot;pointer&quot;:&quot;/items/properties/tags/items&quot;}&#10;    domain: &quot;syntax&quot;&#10;    ignored: [&quot;$id&quot;]&#10;warning: the following keywords are unknown and will be ignored: [$id, examples]&#10;    level: &quot;warning&quot;&#10;    schema: {&quot;loadingURI&quot;:&quot;#&quot;,&quot;pointer&quot;:&quot;/items/properties/tags/items/properties/id&quot;}&#10;    domain: &quot;syntax&quot;&#10;    ignored: [&quot;$id&quot;,&quot;examples&quot;]&#10;warning: the following keywords are unknown and will be ignored: [$id, examples]&#10;    level: &quot;warning&quot;&#10;    schema: {&quot;loadingURI&quot;:&quot;#&quot;,&quot;pointer&quot;:&quot;/items/properties/tags/items/properties/name&quot;}&#10;    domain: &quot;syntax&quot;&#10;    ignored: [&quot;$id&quot;,&quot;examples&quot;]&#10;warning: the following keywords are unknown and will be ignored: [$id]&#10;    level: &quot;warning&quot;&#10;    schema: {&quot;loadingURI&quot;:&quot;#&quot;,&quot;pointer&quot;:&quot;/items&quot;}&#10;    domain: &quot;syntax&quot;&#10;    ignored: [&quot;$id&quot;]&#10;warning: the following keywords are unknown and will be ignored: [$id]&#10;    level: &quot;warning&quot;&#10;    schema: {&quot;loadingURI&quot;:&quot;#&quot;,&quot;pointer&quot;:&quot;/items/properties/category&quot;}&#10;    domain: &quot;syntax&quot;&#10;    ignored: [&quot;$id&quot;]&#10;warning: the following keywords are unknown and will be ignored: [$id, examples]&#10;    level: &quot;warning&quot;&#10;    schema: {&quot;loadingURI&quot;:&quot;#&quot;,&quot;pointer&quot;:&quot;/items/properties/category/properties/id&quot;}&#10;    domain: &quot;syntax&quot;&#10;    ignored: [&quot;$id&quot;,&quot;examples&quot;]&#10;warning: the following keywords are unknown and will be ignored: [$id, examples]&#10;    level: &quot;warning&quot;&#10;    schema: {&quot;loadingURI&quot;:&quot;#&quot;,&quot;pointer&quot;:&quot;/items/properties/category/properties/name&quot;}&#10;    domain: &quot;syntax&quot;&#10;    ignored: [&quot;$id&quot;,&quot;examples&quot;]&#10;warning: the following keywords are unknown and will be ignored: [$id, examples]&#10;    level: &quot;warning&quot;&#10;    schema: {&quot;loadingURI&quot;:&quot;#&quot;,&quot;pointer&quot;:&quot;/items/properties/id&quot;}&#10;    domain: &quot;syntax&quot;&#10;    ignored: [&quot;$id&quot;,&quot;examples&quot;]&#10;warning: the following keywords are unknown and will be ignored: [$id, examples]&#10;    level: &quot;warning&quot;&#10;    schema: {&quot;loadingURI&quot;:&quot;#&quot;,&quot;pointer&quot;:&quot;/items/properties/name&quot;}&#10;    domain: &quot;syntax&quot;&#10;    ignored: [&quot;$id&quot;,&quot;examples&quot;]&#10;warning: the following keywords are unknown and will be ignored: [$id]&#10;    level: &quot;warning&quot;&#10;    schema: {&quot;loadingURI&quot;:&quot;#&quot;,&quot;pointer&quot;:&quot;/items/properties/photoUrls&quot;}&#10;    domain: &quot;syntax&quot;&#10;    ignored: [&quot;$id&quot;]&#10;warning: the following keywords are unknown and will be ignored: [$id, examples]&#10;    level: &quot;warning&quot;&#10;    schema: {&quot;loadingURI&quot;:&quot;#&quot;,&quot;pointer&quot;:&quot;/items/properties/photoUrls/items&quot;}&#10;    domain: &quot;syntax&quot;&#10;    ignored: [&quot;$id&quot;,&quot;examples&quot;]&#10;warning: the following keywords are unknown and will be ignored: [$id, examples]&#10;    level: &quot;warning&quot;&#10;    schema: {&quot;loadingURI&quot;:&quot;#&quot;,&quot;pointer&quot;:&quot;/items/properties/status&quot;}&#10;    domain: &quot;syntax&quot;&#10;    ignored: [&quot;$id&quot;,&quot;examples&quot;]&#10;warning: the following keywords are unknown and will be ignored: [$id]&#10;    level: &quot;warning&quot;&#10;    schema: {&quot;loadingURI&quot;:&quot;#&quot;,&quot;pointer&quot;:&quot;/items/properties/tags&quot;}&#10;    domain: &quot;syntax&quot;&#10;    ignored: [&quot;$id&quot;]&#10;warning: the following keywords are unknown and will be ignored: [$id]&#10;    level: &quot;warning&quot;&#10;    schema: {&quot;loadingURI&quot;:&quot;#&quot;,&quot;pointer&quot;:&quot;/items/properties/tags/items&quot;}&#10;    domain: &quot;syntax&quot;&#10;    ignored: [&quot;$id&quot;]&#10;warning: the following keywords are unknown and will be ignored: [$id, examples]&#10;    level: &quot;warning&quot;&#10;    schema: {&quot;loadingURI&quot;:&quot;#&quot;,&quot;pointer&quot;:&quot;/items/properties/tags/items/properties/id&quot;}&#10;    domain: &quot;syntax&quot;&#10;    ignored: [&quot;$id&quot;,&quot;examples&quot;]&#10;warning: the following keywords are unknown and will be ignored: [$id, examples]&#10;    level: &quot;warning&quot;&#10;    schema: {&quot;loadingURI&quot;:&quot;#&quot;,&quot;pointer&quot;:&quot;/items/properties/tags/items/properties/name&quot;}&#10;    domain: &quot;syntax&quot;&#10;    ignored: [&quot;$id&quot;,&quot;examples&quot;]&#10;warning: the following keywords are unknown and will be ignored: [$id]&#10;    level: &quot;warning&quot;&#10;    schema: {&quot;loadingURI&quot;:&quot;#&quot;,&quot;pointer&quot;:&quot;/items&quot;}&#10;    domain: &quot;syntax&quot;&#10;    ignored: [&quot;$id&quot;]&#10;warning: the following keywords are unknown and will be ignored: [$id]&#10;    level: &quot;warning&quot;&#10;    schema: {&quot;loadingURI&quot;:&quot;#&quot;,&quot;pointer&quot;:&quot;/items/properties/category&quot;}&#10;    domain: &quot;syntax&quot;&#10;    ignored: [&quot;$id&quot;]&#10;warning: the following keywords are unknown and will be ignored: [$id, examples]&#10;    level: &quot;warning&quot;&#10;    schema: {&quot;loadingURI&quot;:&quot;#&quot;,&quot;pointer&quot;:&quot;/items/properties/category/properties/id&quot;}&#10;    domain: &quot;syntax&quot;&#10;    ignored: [&quot;$id&quot;,&quot;examples&quot;]&#10;warning: the following keywords are unknown and will be ignored: [$id, examples]&#10;    level: &quot;warning&quot;&#10;    schema: {&quot;loadingURI&quot;:&quot;#&quot;,&quot;pointer&quot;:&quot;/items/properties/category/properties/name&quot;}&#10;    domain: &quot;syntax&quot;&#10;    ignored: [&quot;$id&quot;,&quot;examples&quot;]&#10;warning: the following keywords are unknown and will be ignored: [$id, examples]&#10;    level: &quot;warning&quot;&#10;    schema: {&quot;loadingURI&quot;:&quot;#&quot;,&quot;pointer&quot;:&quot;/items/properties/id&quot;}&#10;    domain: &quot;syntax&quot;&#10;    ignored: [&quot;$id&quot;,&quot;examples&quot;]&#10;warning: the following keywords are unknown and will be ignored: [$id, examples]&#10;    level: &quot;warning&quot;&#10;    schema: {&quot;loadingURI&quot;:&quot;#&quot;,&quot;pointer&quot;:&quot;/items/properties/name&quot;}&#10;    domain: &quot;syntax&quot;&#10;    ignored: [&quot;$id&quot;,&quot;examples&quot;]&#10;warning: the following keywords are unknown and will be ignored: [$id]&#10;    level: &quot;warning&quot;&#10;    schema: {&quot;loadingURI&quot;:&quot;#&quot;,&quot;pointer&quot;:&quot;/items/properties/photoUrls&quot;}&#10;    domain: &quot;syntax&quot;&#10;    ignored: [&quot;$id&quot;]&#10;warning: the following keywords are unknown and will be ignored: [$id, examples]&#10;    level: &quot;warning&quot;&#10;    schema: {&quot;loadingURI&quot;:&quot;#&quot;,&quot;pointer&quot;:&quot;/items/properties/photoUrls/items&quot;}&#10;    domain: &quot;syntax&quot;&#10;    ignored: [&quot;$id&quot;,&quot;examples&quot;]&#10;warning: the following keywords are unknown and will be ignored: [$id, examples]&#10;    level: &quot;warning&quot;&#10;    schema: {&quot;loadingURI&quot;:&quot;#&quot;,&quot;pointer&quot;:&quot;/items/properties/status&quot;}&#10;    domain: &quot;syntax&quot;&#10;    ignored: [&quot;$id&quot;,&quot;examples&quot;]&#10;warning: the following keywords are unknown and will be ignored: [$id]&#10;    level: &quot;warning&quot;&#10;    schema: {&quot;loadingURI&quot;:&quot;#&quot;,&quot;pointer&quot;:&quot;/items/properties/tags&quot;}&#10;    domain: &quot;syntax&quot;&#10;    ignored: [&quot;$id&quot;]&#10;warning: the following keywords are unknown and will be ignored: [$id]&#10;    level: &quot;warning&quot;&#10;    schema: {&quot;loadingURI&quot;:&quot;#&quot;,&quot;pointer&quot;:&quot;/items/properties/tags/items&quot;}&#10;    domain: &quot;syntax&quot;&#10;    ignored: [&quot;$id&quot;]&#10;warning: the following keywords are unknown and will be ignored: [$id, examples]&#10;    level: &quot;warning&quot;&#10;    schema: {&quot;loadingURI&quot;:&quot;#&quot;,&quot;pointer&quot;:&quot;/items/properties/tags/items/properties/id&quot;}&#10;    domain: &quot;syntax&quot;&#10;    ignored: [&quot;$id&quot;,&quot;examples&quot;]&#10;warning: the following keywords are unknown and will be ignored: [$id, examples]&#10;    level: &quot;warning&quot;&#10;    schema: {&quot;loadingURI&quot;:&quot;#&quot;,&quot;pointer&quot;:&quot;/items/properties/tags/items/properties/name&quot;}&#10;    domain: &quot;syntax&quot;&#10;    ignored: [&quot;$id&quot;,&quot;examples&quot;]&#10;warning: the following keywords are unknown and will be ignored: [$id]&#10;    level: &quot;warning&quot;&#10;    schema: {&quot;loadingURI&quot;:&quot;#&quot;,&quot;pointer&quot;:&quot;/items&quot;}&#10;    domain: &quot;syntax&quot;&#10;    ignored: [&quot;$id&quot;]&#10;warning: the following keywords are unknown and will be ignored: [$id]&#10;    level: &quot;warning&quot;&#10;    schema: {&quot;loadingURI&quot;:&quot;#&quot;,&quot;pointer&quot;:&quot;/items/properties/category&quot;}&#10;    domain: &quot;syntax&quot;&#10;    ignored: [&quot;$id&quot;]&#10;warning: the following keywords are unknown and will be ignored: [$id, examples]&#10;    level: &quot;warning&quot;&#10;    schema: {&quot;loadingURI&quot;:&quot;#&quot;,&quot;pointer&quot;:&quot;/items/properties/category/properties/id&quot;}&#10;    domain: &quot;syntax&quot;&#10;    ignored: [&quot;$id&quot;,&quot;examples&quot;]&#10;warning: the following keywords are unknown and will be ignored: [$id, examples]&#10;    level: &quot;warning&quot;&#10;    schema: {&quot;loadingURI&quot;:&quot;#&quot;,&quot;pointer&quot;:&quot;/items/properties/category/properties/name&quot;}&#10;    domain: &quot;syntax&quot;&#10;    ignored: [&quot;$id&quot;,&quot;examples&quot;]&#10;warning: the following keywords are unknown and will be ignored: [$id, examples]&#10;    level: &quot;warning&quot;&#10;    schema: {&quot;loadingURI&quot;:&quot;#&quot;,&quot;pointer&quot;:&quot;/items/properties/id&quot;}&#10;    domain: &quot;syntax&quot;&#10;    ignored: [&quot;$id&quot;,&quot;examples&quot;]&#10;warning: the following keywords are unknown and will be ignored: [$id, examples]&#10;    level: &quot;warning&quot;&#10;    schema: {&quot;loadingURI&quot;:&quot;#&quot;,&quot;pointer&quot;:&quot;/items/properties/name&quot;}&#10;    domain: &quot;syntax&quot;&#10;    ignored: [&quot;$id&quot;,&quot;examples&quot;]&#10;warning: the following keywords are unknown and will be ignored: [$id]&#10;    level: &quot;warning&quot;&#10;    schema: {&quot;loadingURI&quot;:&quot;#&quot;,&quot;pointer&quot;:&quot;/items/properties/photoUrls&quot;}&#10;    domain: &quot;syntax&quot;&#10;    ignored: [&quot;$id&quot;]&#10;warning: the following keywords are unknown and will be ignored: [$id, examples]&#10;    level: &quot;warning&quot;&#10;    schema: {&quot;loadingURI&quot;:&quot;#&quot;,&quot;pointer&quot;:&quot;/items/properties/photoUrls/items&quot;}&#10;    domain: &quot;syntax&quot;&#10;    ignored: [&quot;$id&quot;,&quot;examples&quot;]&#10;warning: the following keywords are unknown and will be ignored: [$id, examples]&#10;    level: &quot;warning&quot;&#10;    schema: {&quot;loadingURI&quot;:&quot;#&quot;,&quot;pointer&quot;:&quot;/items/properties/status&quot;}&#10;    domain: &quot;syntax&quot;&#10;    ignored: [&quot;$id&quot;,&quot;examples&quot;]&#10;warning: the following keywords are unknown and will be ignored: [$id]&#10;    level: &quot;warning&quot;&#10;    schema: {&quot;loadingURI&quot;:&quot;#&quot;,&quot;pointer&quot;:&quot;/items/properties/tags&quot;}&#10;    domain: &quot;syntax&quot;&#10;    ignored: [&quot;$id&quot;]&#10;warning: the following keywords are unknown and will be ignored: [$id]&#10;    level: &quot;warning&quot;&#10;    schema: {&quot;loadingURI&quot;:&quot;#&quot;,&quot;pointer&quot;:&quot;/items/properties/tags/items&quot;}&#10;    domain: &quot;syntax&quot;&#10;    ignored: [&quot;$id&quot;]&#10;warning: the following keywords are unknown and will be ignored: [$id, examples]&#10;    level: &quot;warning&quot;&#10;    schema: {&quot;loadingURI&quot;:&quot;#&quot;,&quot;pointer&quot;:&quot;/items/properties/tags/items/properties/id&quot;}&#10;    domain: &quot;syntax&quot;&#10;    ignored: [&quot;$id&quot;,&quot;examples&quot;]&#10;warning: the following keywords are unknown and will be ignored: [$id, examples]&#10;    level: &quot;warning&quot;&#10;    schema: {&quot;loadingURI&quot;:&quot;#&quot;,&quot;pointer&quot;:&quot;/items/properties/tags/items/properties/name&quot;}&#10;    domain: &quot;syntax&quot;&#10;    ignored: [&quot;$id&quot;,&quot;examples&quot;]&#10;warning: the following keywords are unknown and will be ignored: [$id]&#10;    level: &quot;warning&quot;&#10;    schema: {&quot;loadingURI&quot;:&quot;#&quot;,&quot;pointer&quot;:&quot;/items&quot;}&#10;    domain: &quot;syntax&quot;&#10;    ignored: [&quot;$id&quot;]&#10;warning: the following keywords are unknown and will be ignored: [$id]&#10;    level: &quot;warning&quot;&#10;    schema: {&quot;loadingURI&quot;:&quot;#&quot;,&quot;pointer&quot;:&quot;/items/properties/category&quot;}&#10;    domain: &quot;syntax&quot;&#10;    ignored: [&quot;$id&quot;]&#10;warning: the following keywords are unknown and will be ignored: [$id, examples]&#10;    level: &quot;warning&quot;&#10;    schema: {&quot;loadingURI&quot;:&quot;#&quot;,&quot;pointer&quot;:&quot;/items/properties/category/properties/id&quot;}&#10;    domain: &quot;syntax&quot;&#10;    ignored: [&quot;$id&quot;,&quot;examples&quot;]&#10;warning: the following keywords are unknown and will be ignored: [$id, examples]&#10;    level: &quot;warning&quot;&#10;    schema: {&quot;loadingURI&quot;:&quot;#&quot;,&quot;pointer&quot;:&quot;/items/properties/category/properties/name&quot;}&#10;    domain: &quot;syntax&quot;&#10;    ignored: [&quot;$id&quot;,&quot;examples&quot;]&#10;warning: the following keywords are unknown and will be ignored: [$id, examples]&#10;    level: &quot;warning&quot;&#10;    schema: {&quot;loadingURI&quot;:&quot;#&quot;,&quot;pointer&quot;:&quot;/items/properties/id&quot;}&#10;    domain: &quot;syntax&quot;&#10;    ignored: [&quot;$id&quot;,&quot;examples&quot;]&#10;warning: the following keywords are unknown and will be ignored: [$id, examples]&#10;    level: &quot;warning&quot;&#10;    schema: {&quot;loadingURI&quot;:&quot;#&quot;,&quot;pointer&quot;:&quot;/items/properties/name&quot;}&#10;    domain: &quot;syntax&quot;&#10;    ignored: [&quot;$id&quot;,&quot;examples&quot;]&#10;warning: the following keywords are unknown and will be ignored: [$id]&#10;    level: &quot;warning&quot;&#10;    schema: {&quot;loadingURI&quot;:&quot;#&quot;,&quot;pointer&quot;:&quot;/items/properties/photoUrls&quot;}&#10;    domain: &quot;syntax&quot;&#10;    ignored: [&quot;$id&quot;]&#10;warning: the following keywords are unknown and will be ignored: [$id, examples]&#10;    level: &quot;warning&quot;&#10;    schema: {&quot;loadingURI&quot;:&quot;#&quot;,&quot;pointer&quot;:&quot;/items/properties/photoUrls/items&quot;}&#10;    domain: &quot;syntax&quot;&#10;    ignored: [&quot;$id&quot;,&quot;examples&quot;]&#10;warning: the following keywords are unknown and will be ignored: [$id, examples]&#10;    level: &quot;warning&quot;&#10;    schema: {&quot;loadingURI&quot;:&quot;#&quot;,&quot;pointer&quot;:&quot;/items/properties/status&quot;}&#10;    domain: &quot;syntax&quot;&#10;    ignored: [&quot;$id&quot;,&quot;examples&quot;]&#10;warning: the following keywords are unknown and will be ignored: [$id]&#10;    level: &quot;warning&quot;&#10;    schema: {&quot;loadingURI&quot;:&quot;#&quot;,&quot;pointer&quot;:&quot;/items/properties/tags&quot;}&#10;    domain: &quot;syntax&quot;&#10;    ignored: [&quot;$id&quot;]&#10;warning: the following keywords are unknown and will be ignored: [$id]&#10;    level: &quot;warning&quot;&#10;    schema: {&quot;loadingURI&quot;:&quot;#&quot;,&quot;pointer&quot;:&quot;/items/properties/tags/items&quot;}&#10;    domain: &quot;syntax&quot;&#10;    ignored: [&quot;$id&quot;]&#10;warning: the following keywords are unknown and will be ignored: [$id, examples]&#10;    level: &quot;warning&quot;&#10;    schema: {&quot;loadingURI&quot;:&quot;#&quot;,&quot;pointer&quot;:&quot;/items/properties/tags/items/properties/id&quot;}&#10;    domain: &quot;syntax&quot;&#10;    ignored: [&quot;$id&quot;,&quot;examples&quot;]&#10;warning: the following keywords are unknown and will be ignored: [$id, examples]&#10;    level: &quot;warning&quot;&#10;    schema: {&quot;loadingURI&quot;:&quot;#&quot;,&quot;pointer&quot;:&quot;/items/properties/tags/items/properties/name&quot;}&#10;    domain: &quot;syntax&quot;&#10;    ignored: [&quot;$id&quot;,&quot;examples&quot;]&#10;warning: the following keywords are unknown and will be ignored: [$id]&#10;    level: &quot;warning&quot;&#10;    schema: {&quot;loadingURI&quot;:&quot;#&quot;,&quot;pointer&quot;:&quot;/items&quot;}&#10;    domain: &quot;syntax&quot;&#10;    ignored: [&quot;$id&quot;]&#10;warning: the following keywords are unknown and will be ignored: [$id]&#10;    level: &quot;warning&quot;&#10;    schema: {&quot;loadingURI&quot;:&quot;#&quot;,&quot;pointer&quot;:&quot;/items/properties/category&quot;}&#10;    domain: &quot;syntax&quot;&#10;    ignored: [&quot;$id&quot;]&#10;warning: the following keywords are unknown and will be ignored: [$id, examples]&#10;    level: &quot;warning&quot;&#10;    schema: {&quot;loadingURI&quot;:&quot;#&quot;,&quot;pointer&quot;:&quot;/items/properties/category/properties/id&quot;}&#10;    domain: &quot;syntax&quot;&#10;    ignored: [&quot;$id&quot;,&quot;examples&quot;]&#10;warning: the following keywords are unknown and will be ignored: [$id, examples]&#10;    level: &quot;warning&quot;&#10;    schema: {&quot;loadingURI&quot;:&quot;#&quot;,&quot;pointer&quot;:&quot;/items/properties/category/properties/name&quot;}&#10;    domain: &quot;syntax&quot;&#10;    ignored: [&quot;$id&quot;,&quot;examples&quot;]&#10;warning: the following keywords are unknown and will be ignored: [$id, examples]&#10;    level: &quot;warning&quot;&#10;    schema: {&quot;loadingURI&quot;:&quot;#&quot;,&quot;pointer&quot;:&quot;/items/properties/id&quot;}&#10;    domain: &quot;syntax&quot;&#10;    ignored: [&quot;$id&quot;,&quot;examples&quot;]&#10;warning: the following keywords are unknown and will be ignored: [$id, examples]&#10;    level: &quot;warning&quot;&#10;    schema: {&quot;loadingURI&quot;:&quot;#&quot;,&quot;pointer&quot;:&quot;/items/properties/name&quot;}&#10;    domain: &quot;syntax&quot;&#10;    ignored: [&quot;$id&quot;,&quot;examples&quot;]&#10;warning: the following keywords are unknown and will be ignored: [$id]&#10;    level: &quot;warning&quot;&#10;    schema: {&quot;loadingURI&quot;:&quot;#&quot;,&quot;pointer&quot;:&quot;/items/properties/photoUrls&quot;}&#10;    domain: &quot;syntax&quot;&#10;    ignored: [&quot;$id&quot;]&#10;warning: the following keywords are unknown and will be ignored: [$id, examples]&#10;    level: &quot;warning&quot;&#10;    schema: {&quot;loadingURI&quot;:&quot;#&quot;,&quot;pointer&quot;:&quot;/items/properties/photoUrls/items&quot;}&#10;    domain: &quot;syntax&quot;&#10;    ignored: [&quot;$id&quot;,&quot;examples&quot;]&#10;warning: the following keywords are unknown and will be ignored: [$id, examples]&#10;    level: &quot;warning&quot;&#10;    schema: {&quot;loadingURI&quot;:&quot;#&quot;,&quot;pointer&quot;:&quot;/items/properties/status&quot;}&#10;    domain: &quot;syntax&quot;&#10;    ignored: [&quot;$id&quot;,&quot;examples&quot;]&#10;warning: the following keywords are unknown and will be ignored: [$id]&#10;    level: &quot;warning&quot;&#10;    schema: {&quot;loadingURI&quot;:&quot;#&quot;,&quot;pointer&quot;:&quot;/items/properties/tags&quot;}&#10;    domain: &quot;syntax&quot;&#10;    ignored: [&quot;$id&quot;]&#10;warning: the following keywords are unknown and will be ignored: [$id]&#10;    level: &quot;warning&quot;&#10;    schema: {&quot;loadingURI&quot;:&quot;#&quot;,&quot;pointer&quot;:&quot;/items/properties/tags/items&quot;}&#10;    domain: &quot;syntax&quot;&#10;    ignored: [&quot;$id&quot;]&#10;warning: the following keywords are unknown and will be ignored: [$id, examples]&#10;    level: &quot;warning&quot;&#10;    schema: {&quot;loadingURI&quot;:&quot;#&quot;,&quot;pointer&quot;:&quot;/items/properties/tags/items/properties/id&quot;}&#10;    domain: &quot;syntax&quot;&#10;    ignored: [&quot;$id&quot;,&quot;examples&quot;]&#10;warning: the following keywords are unknown and will be ignored: [$id, examples]&#10;    level: &quot;warning&quot;&#10;    schema: {&quot;loadingURI&quot;:&quot;#&quot;,&quot;pointer&quot;:&quot;/items/properties/tags/items/properties/name&quot;}&#10;    domain: &quot;syntax&quot;&#10;    ignored: [&quot;$id&quot;,&quot;examples&quot;]&#10;warning: the following keywords are unknown and will be ignored: [$id]&#10;    level: &quot;warning&quot;&#10;    schema: {&quot;loadingURI&quot;:&quot;#&quot;,&quot;pointer&quot;:&quot;/items&quot;}&#10;    domain: &quot;syntax&quot;&#10;    ignored: [&quot;$id&quot;]&#10;warning: the following keywords are unknown and will be ignored: [$id]&#10;    level: &quot;warning&quot;&#10;    schema: {&quot;loadingURI&quot;:&quot;#&quot;,&quot;pointer&quot;:&quot;/items/properties/category&quot;}&#10;    domain: &quot;syntax&quot;&#10;    ignored: [&quot;$id&quot;]&#10;warning: the following keywords are unknown and will be ignored: [$id, examples]&#10;    level: &quot;warning&quot;&#10;    schema: {&quot;loadingURI&quot;:&quot;#&quot;,&quot;pointer&quot;:&quot;/items/properties/category/properties/id&quot;}&#10;    domain: &quot;syntax&quot;&#10;    ignored: [&quot;$id&quot;,&quot;examples&quot;]&#10;warning: the following keywords are unknown and will be ignored: [$id, examples]&#10;    level: &quot;warning&quot;&#10;    schema: {&quot;loadingURI&quot;:&quot;#&quot;,&quot;pointer&quot;:&quot;/items/properties/category/properties/name&quot;}&#10;    domain: &quot;syntax&quot;&#10;    ignored: [&quot;$id&quot;,&quot;examples&quot;]&#10;warning: the following keywords are unknown and will be ignored: [$id, examples]&#10;    level: &quot;warning&quot;&#10;    schema: {&quot;loadingURI&quot;:&quot;#&quot;,&quot;pointer&quot;:&quot;/items/properties/id&quot;}&#10;    domain: &quot;syntax&quot;&#10;    ignored: [&quot;$id&quot;,&quot;examples&quot;]&#10;warning: the following keywords are unknown and will be ignored: [$id, examples]&#10;    level: &quot;warning&quot;&#10;    schema: {&quot;loadingURI&quot;:&quot;#&quot;,&quot;pointer&quot;:&quot;/items/properties/name&quot;}&#10;    domain: &quot;syntax&quot;&#10;    ignored: [&quot;$id&quot;,&quot;examples&quot;]&#10;warning: the following keywords are unknown and will be ignored: [$id]&#10;    level: &quot;warning&quot;&#10;    schema: {&quot;loadingURI&quot;:&quot;#&quot;,&quot;pointer&quot;:&quot;/items/properties/photoUrls&quot;}&#10;    domain: &quot;syntax&quot;&#10;    ignored: [&quot;$id&quot;]&#10;warning: the following keywords are unknown and will be ignored: [$id, examples]&#10;    level: &quot;warning&quot;&#10;    schema: {&quot;loadingURI&quot;:&quot;#&quot;,&quot;pointer&quot;:&quot;/items/properties/photoUrls/items&quot;}&#10;    domain: &quot;syntax&quot;&#10;    ignored: [&quot;$id&quot;,&quot;examples&quot;]&#10;warning: the following keywords are unknown and will be ignored: [$id, examples]&#10;    level: &quot;warning&quot;&#10;    schema: {&quot;loadingURI&quot;:&quot;#&quot;,&quot;pointer&quot;:&quot;/items/properties/status&quot;}&#10;    domain: &quot;syntax&quot;&#10;    ignored: [&quot;$id&quot;,&quot;examples&quot;]&#10;warning: the following keywords are unknown and will be ignored: [$id]&#10;    level: &quot;warning&quot;&#10;    schema: {&quot;loadingURI&quot;:&quot;#&quot;,&quot;pointer&quot;:&quot;/items/properties/tags&quot;}&#10;    domain: &quot;syntax&quot;&#10;    ignored: [&quot;$id&quot;]&#10;warning: the following keywords are unknown and will be ignored: [$id]&#10;    level: &quot;warning&quot;&#10;    schema: {&quot;loadingURI&quot;:&quot;#&quot;,&quot;pointer&quot;:&quot;/items/properties/tags/items&quot;}&#10;    domain: &quot;syntax&quot;&#10;    ignored: [&quot;$id&quot;]&#10;warning: the following keywords are unknown and will be ignored: [$id, examples]&#10;    level: &quot;warning&quot;&#10;    schema: {&quot;loadingURI&quot;:&quot;#&quot;,&quot;pointer&quot;:&quot;/items/properties/tags/items/properties/id&quot;}&#10;    domain: &quot;syntax&quot;&#10;    ignored: [&quot;$id&quot;,&quot;examples&quot;]&#10;warning: the following keywords are unknown and will be ignored: [$id, examples]&#10;    level: &quot;warning&quot;&#10;    schema: {&quot;loadingURI&quot;:&quot;#&quot;,&quot;pointer&quot;:&quot;/items/properties/tags/items/properties/name&quot;}&#10;    domain: &quot;syntax&quot;&#10;    ignored: [&quot;$id&quot;,&quot;examples&quot;]&#10;warning: the following keywords are unknown and will be ignored: [$id]&#10;    level: &quot;warning&quot;&#10;    schema: {&quot;loadingURI&quot;:&quot;#&quot;,&quot;pointer&quot;:&quot;/items&quot;}&#10;    domain: &quot;syntax&quot;&#10;    ignored: [&quot;$id&quot;]&#10;warning: the following keywords are unknown and will be ignored: [$id]&#10;    level: &quot;warning&quot;&#10;    schema: {&quot;loadingURI&quot;:&quot;#&quot;,&quot;pointer&quot;:&quot;/items/properties/category&quot;}&#10;    domain: &quot;syntax&quot;&#10;    ignored: [&quot;$id&quot;]&#10;warning: the following keywords are unknown and will be ignored: [$id, examples]&#10;    level: &quot;warning&quot;&#10;    schema: {&quot;loadingURI&quot;:&quot;#&quot;,&quot;pointer&quot;:&quot;/items/properties/category/properties/id&quot;}&#10;    domain: &quot;syntax&quot;&#10;    ignored: [&quot;$id&quot;,&quot;examples&quot;]&#10;warning: the following keywords are unknown and will be ignored: [$id, examples]&#10;    level: &quot;warning&quot;&#10;    schema: {&quot;loadingURI&quot;:&quot;#&quot;,&quot;pointer&quot;:&quot;/items/properties/category/properties/name&quot;}&#10;    domain: &quot;syntax&quot;&#10;    ignored: [&quot;$id&quot;,&quot;examples&quot;]&#10;warning: the following keywords are unknown and will be ignored: [$id, examples]&#10;    level: &quot;warning&quot;&#10;    schema: {&quot;loadingURI&quot;:&quot;#&quot;,&quot;pointer&quot;:&quot;/items/properties/id&quot;}&#10;    domain: &quot;syntax&quot;&#10;    ignored: [&quot;$id&quot;,&quot;examples&quot;]&#10;warning: the following keywords are unknown and will be ignored: [$id, examples]&#10;    level: &quot;warning&quot;&#10;    schema: {&quot;loadingURI&quot;:&quot;#&quot;,&quot;pointer&quot;:&quot;/items/properties/name&quot;}&#10;    domain: &quot;syntax&quot;&#10;    ignored: [&quot;$id&quot;,&quot;examples&quot;]&#10;warning: the following keywords are unknown and will be ignored: [$id]&#10;    level: &quot;warning&quot;&#10;    schema: {&quot;loadingURI&quot;:&quot;#&quot;,&quot;pointer&quot;:&quot;/items/properties/photoUrls&quot;}&#10;    domain: &quot;syntax&quot;&#10;    ignored: [&quot;$id&quot;]&#10;warning: the following keywords are unknown and will be ignored: [$id, examples]&#10;    level: &quot;warning&quot;&#10;    schema: {&quot;loadingURI&quot;:&quot;#&quot;,&quot;pointer&quot;:&quot;/items/properties/photoUrls/items&quot;}&#10;    domain: &quot;syntax&quot;&#10;    ignored: [&quot;$id&quot;,&quot;examples&quot;]&#10;warning: the following keywords are unknown and will be ignored: [$id, examples]&#10;    level: &quot;warning&quot;&#10;    schema: {&quot;loadingURI&quot;:&quot;#&quot;,&quot;pointer&quot;:&quot;/items/properties/status&quot;}&#10;    domain: &quot;syntax&quot;&#10;    ignored: [&quot;$id&quot;,&quot;examples&quot;]&#10;warning: the following keywords are unknown and will be ignored: [$id]&#10;    level: &quot;warning&quot;&#10;    schema: {&quot;loadingURI&quot;:&quot;#&quot;,&quot;pointer&quot;:&quot;/items/properties/tags&quot;}&#10;    domain: &quot;syntax&quot;&#10;    ignored: [&quot;$id&quot;]&#10;warning: the following keywords are unknown and will be ignored: [$id]&#10;    level: &quot;warning&quot;&#10;    schema: {&quot;loadingURI&quot;:&quot;#&quot;,&quot;pointer&quot;:&quot;/items/properties/tags/items&quot;}&#10;    domain: &quot;syntax&quot;&#10;    ignored: [&quot;$id&quot;]&#10;warning: the following keywords are unknown and will be ignored: [$id, examples]&#10;    level: &quot;warning&quot;&#10;    schema: {&quot;loadingURI&quot;:&quot;#&quot;,&quot;pointer&quot;:&quot;/items/properties/tags/items/properties/id&quot;}&#10;    domain: &quot;syntax&quot;&#10;    ignored: [&quot;$id&quot;,&quot;examples&quot;]&#10;warning: the following keywords are unknown and will be ignored: [$id, examples]&#10;    level: &quot;warning&quot;&#10;    schema: {&quot;loadingURI&quot;:&quot;#&quot;,&quot;pointer&quot;:&quot;/items/properties/tags/items/properties/name&quot;}&#10;    domain: &quot;syntax&quot;&#10;    ignored: [&quot;$id&quot;,&quot;examples&quot;]&#10;warning: the following keywords are unknown and will be ignored: [$id]&#10;    level: &quot;warning&quot;&#10;    schema: {&quot;loadingURI&quot;:&quot;#&quot;,&quot;pointer&quot;:&quot;/items&quot;}&#10;    domain: &quot;syntax&quot;&#10;    ignored: [&quot;$id&quot;]&#10;warning: the following keywords are unknown and will be ignored: [$id]&#10;    level: &quot;warning&quot;&#10;    schema: {&quot;loadingURI&quot;:&quot;#&quot;,&quot;pointer&quot;:&quot;/items/properties/category&quot;}&#10;    domain: &quot;syntax&quot;&#10;    ignored: [&quot;$id&quot;]&#10;warning: the following keywords are unknown and will be ignored: [$id, examples]&#10;    level: &quot;warning&quot;&#10;    schema: {&quot;loadingURI&quot;:&quot;#&quot;,&quot;pointer&quot;:&quot;/items/properties/category/properties/id&quot;}&#10;    domain: &quot;syntax&quot;&#10;    ignored: [&quot;$id&quot;,&quot;examples&quot;]&#10;warning: the following keywords are unknown and will be ignored: [$id, examples]&#10;    level: &quot;warning&quot;&#10;    schema: {&quot;loadingURI&quot;:&quot;#&quot;,&quot;pointer&quot;:&quot;/items/properties/category/properties/name&quot;}&#10;    domain: &quot;syntax&quot;&#10;    ignored: [&quot;$id&quot;,&quot;examples&quot;]&#10;warning: the following keywords are unknown and will be ignored: [$id, examples]&#10;    level: &quot;warning&quot;&#10;    schema: {&quot;loadingURI&quot;:&quot;#&quot;,&quot;pointer&quot;:&quot;/items/properties/id&quot;}&#10;    domain: &quot;syntax&quot;&#10;    ignored: [&quot;$id&quot;,&quot;examples&quot;]&#10;warning: the following keywords are unknown and will be ignored: [$id, examples]&#10;    level: &quot;warning&quot;&#10;    schema: {&quot;loadingURI&quot;:&quot;#&quot;,&quot;pointer&quot;:&quot;/items/properties/name&quot;}&#10;    domain: &quot;syntax&quot;&#10;    ignored: [&quot;$id&quot;,&quot;examples&quot;]&#10;warning: the following keywords are unknown and will be ignored: [$id]&#10;    level: &quot;warning&quot;&#10;    schema: {&quot;loadingURI&quot;:&quot;#&quot;,&quot;pointer&quot;:&quot;/items/properties/photoUrls&quot;}&#10;    domain: &quot;syntax&quot;&#10;    ignored: [&quot;$id&quot;]&#10;warning: the following keywords are unknown and will be ignored: [$id, examples]&#10;    level: &quot;warning&quot;&#10;    schema: {&quot;loadingURI&quot;:&quot;#&quot;,&quot;pointer&quot;:&quot;/items/properties/photoUrls/items&quot;}&#10;    domain: &quot;syntax&quot;&#10;    ignored: [&quot;$id&quot;,&quot;examples&quot;]&#10;warning: the following keywords are unknown and will be ignored: [$id, examples]&#10;    level: &quot;warning&quot;&#10;    schema: {&quot;loadingURI&quot;:&quot;#&quot;,&quot;pointer&quot;:&quot;/items/properties/status&quot;}&#10;    domain: &quot;syntax&quot;&#10;    ignored: [&quot;$id&quot;,&quot;examples&quot;]&#10;warning: the following keywords are unknown and will be ignored: [$id]&#10;    level: &quot;warning&quot;&#10;    schema: {&quot;loadingURI&quot;:&quot;#&quot;,&quot;pointer&quot;:&quot;/items/properties/tags&quot;}&#10;    domain: &quot;syntax&quot;&#10;    ignored: [&quot;$id&quot;]&#10;warning: the following keywords are unknown and will be ignored: [$id]&#10;    level: &quot;warning&quot;&#10;    schema: {&quot;loadingURI&quot;:&quot;#&quot;,&quot;pointer&quot;:&quot;/items/properties/tags/items&quot;}&#10;    domain: &quot;syntax&quot;&#10;    ignored: [&quot;$id&quot;]&#10;warning: the following keywords are unknown and will be ignored: [$id, examples]&#10;    level: &quot;warning&quot;&#10;    schema: {&quot;loadingURI&quot;:&quot;#&quot;,&quot;pointer&quot;:&quot;/items/properties/tags/items/properties/id&quot;}&#10;    domain: &quot;syntax&quot;&#10;    ignored: [&quot;$id&quot;,&quot;examples&quot;]&#10;warning: the following keywords are unknown and will be ignored: [$id, examples]&#10;    level: &quot;warning&quot;&#10;    schema: {&quot;loadingURI&quot;:&quot;#&quot;,&quot;pointer&quot;:&quot;/items/properties/tags/items/properties/name&quot;}&#10;    domain: &quot;syntax&quot;&#10;    ignored: [&quot;$id&quot;,&quot;examples&quot;]&#10;warning: the following keywords are unknown and will be ignored: [$id]&#10;    level: &quot;warning&quot;&#10;    schema: {&quot;loadingURI&quot;:&quot;#&quot;,&quot;pointer&quot;:&quot;/items&quot;}&#10;    domain: &quot;syntax&quot;&#10;    ignored: [&quot;$id&quot;]&#10;warning: the following keywords are unknown and will be ignored: [$id]&#10;    level: &quot;warning&quot;&#10;    schema: {&quot;loadingURI&quot;:&quot;#&quot;,&quot;pointer&quot;:&quot;/items/properties/category&quot;}&#10;    domain: &quot;syntax&quot;&#10;    ignored: [&quot;$id&quot;]&#10;warning: the following keywords are unknown and will be ignored: [$id, examples]&#10;    level: &quot;warning&quot;&#10;    schema: {&quot;loadingURI&quot;:&quot;#&quot;,&quot;pointer&quot;:&quot;/items/properties/category/properties/id&quot;}&#10;    domain: &quot;syntax&quot;&#10;    ignored: [&quot;$id&quot;,&quot;examples&quot;]&#10;warning: the following keywords are unknown and will be ignored: [$id, examples]&#10;    level: &quot;warning&quot;&#10;    schema: {&quot;loadingURI&quot;:&quot;#&quot;,&quot;pointer&quot;:&quot;/items/properties/category/properties/name&quot;}&#10;    domain: &quot;syntax&quot;&#10;    ignored: [&quot;$id&quot;,&quot;examples&quot;]&#10;warning: the following keywords are unknown and will be ignored: [$id, examples]&#10;    level: &quot;warning&quot;&#10;    schema: {&quot;loadingURI&quot;:&quot;#&quot;,&quot;pointer&quot;:&quot;/items/properties/id&quot;}&#10;    domain: &quot;syntax&quot;&#10;    ignored: [&quot;$id&quot;,&quot;examples&quot;]&#10;warning: the following keywords are unknown and will be ignored: [$id, examples]&#10;    level: &quot;warning&quot;&#10;    schema: {&quot;loadingURI&quot;:&quot;#&quot;,&quot;pointer&quot;:&quot;/items/properties/name&quot;}&#10;    domain: &quot;syntax&quot;&#10;    ignored: [&quot;$id&quot;,&quot;examples&quot;]&#10;warning: the following keywords are unknown and will be ignored: [$id]&#10;    level: &quot;warning&quot;&#10;    schema: {&quot;loadingURI&quot;:&quot;#&quot;,&quot;pointer&quot;:&quot;/items/properties/photoUrls&quot;}&#10;    domain: &quot;syntax&quot;&#10;    ignored: [&quot;$id&quot;]&#10;warning: the following keywords are unknown and will be ignored: [$id, examples]&#10;    level: &quot;warning&quot;&#10;    schema: {&quot;loadingURI&quot;:&quot;#&quot;,&quot;pointer&quot;:&quot;/items/properties/photoUrls/items&quot;}&#10;    domain: &quot;syntax&quot;&#10;    ignored: [&quot;$id&quot;,&quot;examples&quot;]&#10;warning: the following keywords are unknown and will be ignored: [$id, examples]&#10;    level: &quot;warning&quot;&#10;    schema: {&quot;loadingURI&quot;:&quot;#&quot;,&quot;pointer&quot;:&quot;/items/properties/status&quot;}&#10;    domain: &quot;syntax&quot;&#10;    ignored: [&quot;$id&quot;,&quot;examples&quot;]&#10;warning: the following keywords are unknown and will be ignored: [$id]&#10;    level: &quot;warning&quot;&#10;    schema: {&quot;loadingURI&quot;:&quot;#&quot;,&quot;pointer&quot;:&quot;/items/properties/tags&quot;}&#10;    domain: &quot;syntax&quot;&#10;    ignored: [&quot;$id&quot;]&#10;warning: the following keywords are unknown and will be ignored: [$id]&#10;    level: &quot;warning&quot;&#10;    schema: {&quot;loadingURI&quot;:&quot;#&quot;,&quot;pointer&quot;:&quot;/items/properties/tags/items&quot;}&#10;    domain: &quot;syntax&quot;&#10;    ignored: [&quot;$id&quot;]&#10;warning: the following keywords are unknown and will be ignored: [$id, examples]&#10;    level: &quot;warning&quot;&#10;    schema: {&quot;loadingURI&quot;:&quot;#&quot;,&quot;pointer&quot;:&quot;/items/properties/tags/items/properties/id&quot;}&#10;    domain: &quot;syntax&quot;&#10;    ignored: [&quot;$id&quot;,&quot;examples&quot;]&#10;warning: the following keywords are unknown and will be ignored: [$id, examples]&#10;    level: &quot;warning&quot;&#10;    schema: {&quot;loadingURI&quot;:&quot;#&quot;,&quot;pointer&quot;:&quot;/items/properties/tags/items/properties/name&quot;}&#10;    domain: &quot;syntax&quot;&#10;    ignored: [&quot;$id&quot;,&quot;examples&quot;]&#10;warning: the following keywords are unknown and will be ignored: [$id]&#10;    level: &quot;warning&quot;&#10;    schema: {&quot;loadingURI&quot;:&quot;#&quot;,&quot;pointer&quot;:&quot;/items&quot;}&#10;    domain: &quot;syntax&quot;&#10;    ignored: [&quot;$id&quot;]&#10;warning: the following keywords are unknown and will be ignored: [$id]&#10;    level: &quot;warning&quot;&#10;    schema: {&quot;loadingURI&quot;:&quot;#&quot;,&quot;pointer&quot;:&quot;/items/properties/category&quot;}&#10;    domain: &quot;syntax&quot;&#10;    ignored: [&quot;$id&quot;]&#10;warning: the following keywords are unknown and will be ignored: [$id, examples]&#10;    level: &quot;warning&quot;&#10;    schema: {&quot;loadingURI&quot;:&quot;#&quot;,&quot;pointer&quot;:&quot;/items/properties/category/properties/id&quot;}&#10;    domain: &quot;syntax&quot;&#10;    ignored: [&quot;$id&quot;,&quot;examples&quot;]&#10;warning: the following keywords are unknown and will be ignored: [$id, examples]&#10;    level: &quot;warning&quot;&#10;    schema: {&quot;loadingURI&quot;:&quot;#&quot;,&quot;pointer&quot;:&quot;/items/properties/category/properties/name&quot;}&#10;    domain: &quot;syntax&quot;&#10;    ignored: [&quot;$id&quot;,&quot;examples&quot;]&#10;warning: the following keywords are unknown and will be ignored: [$id, examples]&#10;    level: &quot;warning&quot;&#10;    schema: {&quot;loadingURI&quot;:&quot;#&quot;,&quot;pointer&quot;:&quot;/items/properties/id&quot;}&#10;    domain: &quot;syntax&quot;&#10;    ignored: [&quot;$id&quot;,&quot;examples&quot;]&#10;warning: the following keywords are unknown and will be ignored: [$id, examples]&#10;    level: &quot;warning&quot;&#10;    schema: {&quot;loadingURI&quot;:&quot;#&quot;,&quot;pointer&quot;:&quot;/items/properties/name&quot;}&#10;    domain: &quot;syntax&quot;&#10;    ignored: [&quot;$id&quot;,&quot;examples&quot;]&#10;warning: the following keywords are unknown and will be ignored: [$id]&#10;    level: &quot;warning&quot;&#10;    schema: {&quot;loadingURI&quot;:&quot;#&quot;,&quot;pointer&quot;:&quot;/items/properties/photoUrls&quot;}&#10;    domain: &quot;syntax&quot;&#10;    ignored: [&quot;$id&quot;]&#10;warning: the following keywords are unknown and will be ignored: [$id, examples]&#10;    level: &quot;warning&quot;&#10;    schema: {&quot;loadingURI&quot;:&quot;#&quot;,&quot;pointer&quot;:&quot;/items/properties/photoUrls/items&quot;}&#10;    domain: &quot;syntax&quot;&#10;    ignored: [&quot;$id&quot;,&quot;examples&quot;]&#10;warning: the following keywords are unknown and will be ignored: [$id, examples]&#10;    level: &quot;warning&quot;&#10;    schema: {&quot;loadingURI&quot;:&quot;#&quot;,&quot;pointer&quot;:&quot;/items/properties/status&quot;}&#10;    domain: &quot;syntax&quot;&#10;    ignored: [&quot;$id&quot;,&quot;examples&quot;]&#10;warning: the following keywords are unknown and will be ignored: [$id]&#10;    level: &quot;warning&quot;&#10;    schema: {&quot;loadingURI&quot;:&quot;#&quot;,&quot;pointer&quot;:&quot;/items/properties/tags&quot;}&#10;    domain: &quot;syntax&quot;&#10;    ignored: [&quot;$id&quot;]&#10;warning: the following keywords are unknown and will be ignored: [$id]&#10;    level: &quot;warning&quot;&#10;    schema: {&quot;loadingURI&quot;:&quot;#&quot;,&quot;pointer&quot;:&quot;/items/properties/tags/items&quot;}&#10;    domain: &quot;syntax&quot;&#10;    ignored: [&quot;$id&quot;]&#10;warning: the following keywords are unknown and will be ignored: [$id, examples]&#10;    level: &quot;warning&quot;&#10;    schema: {&quot;loadingURI&quot;:&quot;#&quot;,&quot;pointer&quot;:&quot;/items/properties/tags/items/properties/id&quot;}&#10;    domain: &quot;syntax&quot;&#10;    ignored: [&quot;$id&quot;,&quot;examples&quot;]&#10;warning: the following keywords are unknown and will be ignored: [$id, examples]&#10;    level: &quot;warning&quot;&#10;    schema: {&quot;loadingURI&quot;:&quot;#&quot;,&quot;pointer&quot;:&quot;/items/properties/tags/items/properties/name&quot;}&#10;    domain: &quot;syntax&quot;&#10;    ignored: [&quot;$id&quot;,&quot;examples&quot;]&#10;warning: the following keywords are unknown and will be ignored: [$id]&#10;    level: &quot;warning&quot;&#10;    schema: {&quot;loadingURI&quot;:&quot;#&quot;,&quot;pointer&quot;:&quot;/items&quot;}&#10;    domain: &quot;syntax&quot;&#10;    ignored: [&quot;$id&quot;]&#10;warning: the following keywords are unknown and will be ignored: [$id]&#10;    level: &quot;warning&quot;&#10;    schema: {&quot;loadingURI&quot;:&quot;#&quot;,&quot;pointer&quot;:&quot;/items/properties/category&quot;}&#10;    domain: &quot;syntax&quot;&#10;    ignored: [&quot;$id&quot;]&#10;warning: the following keywords are unknown and will be ignored: [$id, examples]&#10;    level: &quot;warning&quot;&#10;    schema: {&quot;loadingURI&quot;:&quot;#&quot;,&quot;pointer&quot;:&quot;/items/properties/category/properties/id&quot;}&#10;    domain: &quot;syntax&quot;&#10;    ignored: [&quot;$id&quot;,&quot;examples&quot;]&#10;warning: the following keywords are unknown and will be ignored: [$id, examples]&#10;    level: &quot;warning&quot;&#10;    schema: {&quot;loadingURI&quot;:&quot;#&quot;,&quot;pointer&quot;:&quot;/items/properties/category/properties/name&quot;}&#10;    domain: &quot;syntax&quot;&#10;    ignored: [&quot;$id&quot;,&quot;examples&quot;]&#10;warning: the following keywords are unknown and will be ignored: [$id, examples]&#10;    level: &quot;warning&quot;&#10;    schema: {&quot;loadingURI&quot;:&quot;#&quot;,&quot;pointer&quot;:&quot;/items/properties/id&quot;}&#10;    domain: &quot;syntax&quot;&#10;    ignored: [&quot;$id&quot;,&quot;examples&quot;]&#10;warning: the following keywords are unknown and will be ignored: [$id, examples]&#10;    level: &quot;warning&quot;&#10;    schema: {&quot;loadingURI&quot;:&quot;#&quot;,&quot;pointer&quot;:&quot;/items/properties/name&quot;}&#10;    domain: &quot;syntax&quot;&#10;    ignored: [&quot;$id&quot;,&quot;examples&quot;]&#10;warning: the following keywords are unknown and will be ignored: [$id]&#10;    level: &quot;warning&quot;&#10;    schema: {&quot;loadingURI&quot;:&quot;#&quot;,&quot;pointer&quot;:&quot;/items/properties/photoUrls&quot;}&#10;    domain: &quot;syntax&quot;&#10;    ignored: [&quot;$id&quot;]&#10;warning: the following keywords are unknown and will be ignored: [$id, examples]&#10;    level: &quot;warning&quot;&#10;    schema: {&quot;loadingURI&quot;:&quot;#&quot;,&quot;pointer&quot;:&quot;/items/properties/photoUrls/items&quot;}&#10;    domain: &quot;syntax&quot;&#10;    ignored: [&quot;$id&quot;,&quot;examples&quot;]&#10;warning: the following keywords are unknown and will be ignored: [$id, examples]&#10;    level: &quot;warning&quot;&#10;    schema: {&quot;loadingURI&quot;:&quot;#&quot;,&quot;pointer&quot;:&quot;/items/properties/status&quot;}&#10;    domain: &quot;syntax&quot;&#10;    ignored: [&quot;$id&quot;,&quot;examples&quot;]&#10;warning: the following keywords are unknown and will be ignored: [$id]&#10;    level: &quot;warning&quot;&#10;    schema: {&quot;loadingURI&quot;:&quot;#&quot;,&quot;pointer&quot;:&quot;/items/properties/tags&quot;}&#10;    domain: &quot;syntax&quot;&#10;    ignored: [&quot;$id&quot;]&#10;warning: the following keywords are unknown and will be ignored: [$id]&#10;    level: &quot;warning&quot;&#10;    schema: {&quot;loadingURI&quot;:&quot;#&quot;,&quot;pointer&quot;:&quot;/items/properties/tags/items&quot;}&#10;    domain: &quot;syntax&quot;&#10;    ignored: [&quot;$id&quot;]&#10;warning: the following keywords are unknown and will be ignored: [$id, examples]&#10;    level: &quot;warning&quot;&#10;    schema: {&quot;loadingURI&quot;:&quot;#&quot;,&quot;pointer&quot;:&quot;/items/properties/tags/items/properties/id&quot;}&#10;    domain: &quot;syntax&quot;&#10;    ignored: [&quot;$id&quot;,&quot;examples&quot;]&#10;warning: the following keywords are unknown and will be ignored: [$id, examples]&#10;    level: &quot;warning&quot;&#10;    schema: {&quot;loadingURI&quot;:&quot;#&quot;,&quot;pointer&quot;:&quot;/items/properties/tags/items/properties/name&quot;}&#10;    domain: &quot;syntax&quot;&#10;    ignored: [&quot;$id&quot;,&quot;examples&quot;]&#10;warning: the following keywords are unknown and will be ignored: [$id]&#10;    level: &quot;warning&quot;&#10;    schema: {&quot;loadingURI&quot;:&quot;#&quot;,&quot;pointer&quot;:&quot;/items&quot;}&#10;    domain: &quot;syntax&quot;&#10;    ignored: [&quot;$id&quot;]&#10;warning: the following keywords are unknown and will be ignored: [$id]&#10;    level: &quot;warning&quot;&#10;    schema: {&quot;loadingURI&quot;:&quot;#&quot;,&quot;pointer&quot;:&quot;/items/properties/category&quot;}&#10;    domain: &quot;syntax&quot;&#10;    ignored: [&quot;$id&quot;]&#10;warning: the following keywords are unknown and will be ignored: [$id, examples]&#10;    level: &quot;warning&quot;&#10;    schema: {&quot;loadingURI&quot;:&quot;#&quot;,&quot;pointer&quot;:&quot;/items/properties/category/properties/id&quot;}&#10;    domain: &quot;syntax&quot;&#10;    ignored: [&quot;$id&quot;,&quot;examples&quot;]&#10;warning: the following keywords are unknown and will be ignored: [$id, examples]&#10;    level: &quot;warning&quot;&#10;    schema: {&quot;loadingURI&quot;:&quot;#&quot;,&quot;pointer&quot;:&quot;/items/properties/category/properties/name&quot;}&#10;    domain: &quot;syntax&quot;&#10;    ignored: [&quot;$id&quot;,&quot;examples&quot;]&#10;warning: the following keywords are unknown and will be ignored: [$id, examples]&#10;    level: &quot;warning&quot;&#10;    schema: {&quot;loadingURI&quot;:&quot;#&quot;,&quot;pointer&quot;:&quot;/items/properties/id&quot;}&#10;    domain: &quot;syntax&quot;&#10;    ignored: [&quot;$id&quot;,&quot;examples&quot;]&#10;warning: the following keywords are unknown and will be ignored: [$id, examples]&#10;    level: &quot;warning&quot;&#10;    schema: {&quot;loadingURI&quot;:&quot;#&quot;,&quot;pointer&quot;:&quot;/items/properties/name&quot;}&#10;    domain: &quot;syntax&quot;&#10;    ignored: [&quot;$id&quot;,&quot;examples&quot;]&#10;warning: the following keywords are unknown and will be ignored: [$id]&#10;    level: &quot;warning&quot;&#10;    schema: {&quot;loadingURI&quot;:&quot;#&quot;,&quot;pointer&quot;:&quot;/items/properties/photoUrls&quot;}&#10;    domain: &quot;syntax&quot;&#10;    ignored: [&quot;$id&quot;]&#10;warning: the following keywords are unknown and will be ignored: [$id, examples]&#10;    level: &quot;warning&quot;&#10;    schema: {&quot;loadingURI&quot;:&quot;#&quot;,&quot;pointer&quot;:&quot;/items/properties/photoUrls/items&quot;}&#10;    domain: &quot;syntax&quot;&#10;    ignored: [&quot;$id&quot;,&quot;examples&quot;]&#10;warning: the following keywords are unknown and will be ignored: [$id, examples]&#10;    level: &quot;warning&quot;&#10;    schema: {&quot;loadingURI&quot;:&quot;#&quot;,&quot;pointer&quot;:&quot;/items/properties/status&quot;}&#10;    domain: &quot;syntax&quot;&#10;    ignored: [&quot;$id&quot;,&quot;examples&quot;]&#10;warning: the following keywords are unknown and will be ignored: [$id]&#10;    level: &quot;warning&quot;&#10;    schema: {&quot;loadingURI&quot;:&quot;#&quot;,&quot;pointer&quot;:&quot;/items/properties/tags&quot;}&#10;    domain: &quot;syntax&quot;&#10;    ignored: [&quot;$id&quot;]&#10;warning: the following keywords are unknown and will be ignored: [$id]&#10;    level: &quot;warning&quot;&#10;    schema: {&quot;loadingURI&quot;:&quot;#&quot;,&quot;pointer&quot;:&quot;/items/properties/tags/items&quot;}&#10;    domain: &quot;syntax&quot;&#10;    ignored: [&quot;$id&quot;]&#10;warning: the following keywords are unknown and will be ignored: [$id, examples]&#10;    level: &quot;warning&quot;&#10;    schema: {&quot;loadingURI&quot;:&quot;#&quot;,&quot;pointer&quot;:&quot;/items/properties/tags/items/properties/id&quot;}&#10;    domain: &quot;syntax&quot;&#10;    ignored: [&quot;$id&quot;,&quot;examples&quot;]&#10;warning: the following keywords are unknown and will be ignored: [$id, examples]&#10;    level: &quot;warning&quot;&#10;    schema: {&quot;loadingURI&quot;:&quot;#&quot;,&quot;pointer&quot;:&quot;/items/properties/tags/items/properties/name&quot;}&#10;    domain: &quot;syntax&quot;&#10;    ignored: [&quot;$id&quot;,&quot;examples&quot;]&#10;warning: the following keywords are unknown and will be ignored: [$id]&#10;    level: &quot;warning&quot;&#10;    schema: {&quot;loadingURI&quot;:&quot;#&quot;,&quot;pointer&quot;:&quot;/items&quot;}&#10;    domain: &quot;syntax&quot;&#10;    ignored: [&quot;$id&quot;]&#10;warning: the following keywords are unknown and will be ignored: [$id]&#10;    level: &quot;warning&quot;&#10;    schema: {&quot;loadingURI&quot;:&quot;#&quot;,&quot;pointer&quot;:&quot;/items/properties/category&quot;}&#10;    domain: &quot;syntax&quot;&#10;    ignored: [&quot;$id&quot;]&#10;warning: the following keywords are unknown and will be ignored: [$id, examples]&#10;    level: &quot;warning&quot;&#10;    schema: {&quot;loadingURI&quot;:&quot;#&quot;,&quot;pointer&quot;:&quot;/items/properties/category/properties/id&quot;}&#10;    domain: &quot;syntax&quot;&#10;    ignored: [&quot;$id&quot;,&quot;examples&quot;]&#10;warning: the following keywords are unknown and will be ignored: [$id, examples]&#10;    level: &quot;warning&quot;&#10;    schema: {&quot;loadingURI&quot;:&quot;#&quot;,&quot;pointer&quot;:&quot;/items/properties/category/properties/name&quot;}&#10;    domain: &quot;syntax&quot;&#10;    ignored: [&quot;$id&quot;,&quot;examples&quot;]&#10;warning: the following keywords are unknown and will be ignored: [$id, examples]&#10;    level: &quot;warning&quot;&#10;    schema: {&quot;loadingURI&quot;:&quot;#&quot;,&quot;pointer&quot;:&quot;/items/properties/id&quot;}&#10;    domain: &quot;syntax&quot;&#10;    ignored: [&quot;$id&quot;,&quot;examples&quot;]&#10;warning: the following keywords are unknown and will be ignored: [$id, examples]&#10;    level: &quot;warning&quot;&#10;    schema: {&quot;loadingURI&quot;:&quot;#&quot;,&quot;pointer&quot;:&quot;/items/properties/name&quot;}&#10;    domain: &quot;syntax&quot;&#10;    ignored: [&quot;$id&quot;,&quot;examples&quot;]&#10;warning: the following keywords are unknown and will be ignored: [$id]&#10;    level: &quot;warning&quot;&#10;    schema: {&quot;loadingURI&quot;:&quot;#&quot;,&quot;pointer&quot;:&quot;/items/properties/photoUrls&quot;}&#10;    domain: &quot;syntax&quot;&#10;    ignored: [&quot;$id&quot;]&#10;warning: the following keywords are unknown and will be ignored: [$id, examples]&#10;    level: &quot;warning&quot;&#10;    schema: {&quot;loadingURI&quot;:&quot;#&quot;,&quot;pointer&quot;:&quot;/items/properties/photoUrls/items&quot;}&#10;    domain: &quot;syntax&quot;&#10;    ignored: [&quot;$id&quot;,&quot;examples&quot;]&#10;warning: the following keywords are unknown and will be ignored: [$id, examples]&#10;    level: &quot;warning&quot;&#10;    schema: {&quot;loadingURI&quot;:&quot;#&quot;,&quot;pointer&quot;:&quot;/items/properties/status&quot;}&#10;    domain: &quot;syntax&quot;&#10;    ignored: [&quot;$id&quot;,&quot;examples&quot;]&#10;warning: the following keywords are unknown and will be ignored: [$id]&#10;    level: &quot;warning&quot;&#10;    schema: {&quot;loadingURI&quot;:&quot;#&quot;,&quot;pointer&quot;:&quot;/items/properties/tags&quot;}&#10;    domain: &quot;syntax&quot;&#10;    ignored: [&quot;$id&quot;]&#10;warning: the following keywords are unknown and will be ignored: [$id]&#10;    level: &quot;warning&quot;&#10;    schema: {&quot;loadingURI&quot;:&quot;#&quot;,&quot;pointer&quot;:&quot;/items/properties/tags/items&quot;}&#10;    domain: &quot;syntax&quot;&#10;    ignored: [&quot;$id&quot;]&#10;warning: the following keywords are unknown and will be ignored: [$id, examples]&#10;    level: &quot;warning&quot;&#10;    schema: {&quot;loadingURI&quot;:&quot;#&quot;,&quot;pointer&quot;:&quot;/items/properties/tags/items/properties/id&quot;}&#10;    domain: &quot;syntax&quot;&#10;    ignored: [&quot;$id&quot;,&quot;examples&quot;]&#10;warning: the following keywords are unknown and will be ignored: [$id, examples]&#10;    level: &quot;warning&quot;&#10;    schema: {&quot;loadingURI&quot;:&quot;#&quot;,&quot;pointer&quot;:&quot;/items/properties/tags/items/properties/name&quot;}&#10;    domain: &quot;syntax&quot;&#10;    ignored: [&quot;$id&quot;,&quot;examples&quot;]&#10;warning: the following keywords are unknown and will be ignored: [$id]&#10;    level: &quot;warning&quot;&#10;    schema: {&quot;loadingURI&quot;:&quot;#&quot;,&quot;pointer&quot;:&quot;/items&quot;}&#10;    domain: &quot;syntax&quot;&#10;    ignored: [&quot;$id&quot;]&#10;warning: the following keywords are unknown and will be ignored: [$id]&#10;    level: &quot;warning&quot;&#10;    schema: {&quot;loadingURI&quot;:&quot;#&quot;,&quot;pointer&quot;:&quot;/items/properties/category&quot;}&#10;    domain: &quot;syntax&quot;&#10;    ignored: [&quot;$id&quot;]&#10;warning: the following keywords are unknown and will be ignored: [$id, examples]&#10;    level: &quot;warning&quot;&#10;    schema: {&quot;loadingURI&quot;:&quot;#&quot;,&quot;pointer&quot;:&quot;/items/properties/category/properties/id&quot;}&#10;    domain: &quot;syntax&quot;&#10;    ignored: [&quot;$id&quot;,&quot;examples&quot;]&#10;warning: the following keywords are unknown and will be ignored: [$id, examples]&#10;    level: &quot;warning&quot;&#10;    schema: {&quot;loadingURI&quot;:&quot;#&quot;,&quot;pointer&quot;:&quot;/items/properties/category/properties/name&quot;}&#10;    domain: &quot;syntax&quot;&#10;    ignored: [&quot;$id&quot;,&quot;examples&quot;]&#10;warning: the following keywords are unknown and will be ignored: [$id, examples]&#10;    level: &quot;warning&quot;&#10;    schema: {&quot;loadingURI&quot;:&quot;#&quot;,&quot;pointer&quot;:&quot;/items/properties/id&quot;}&#10;    domain: &quot;syntax&quot;&#10;    ignored: [&quot;$id&quot;,&quot;examples&quot;]&#10;warning: the following keywords are unknown and will be ignored: [$id, examples]&#10;    level: &quot;warning&quot;&#10;    schema: {&quot;loadingURI&quot;:&quot;#&quot;,&quot;pointer&quot;:&quot;/items/properties/name&quot;}&#10;    domain: &quot;syntax&quot;&#10;    ignored: [&quot;$id&quot;,&quot;examples&quot;]&#10;warning: the following keywords are unknown and will be ignored: [$id]&#10;    level: &quot;warning&quot;&#10;    schema: {&quot;loadingURI&quot;:&quot;#&quot;,&quot;pointer&quot;:&quot;/items/properties/photoUrls&quot;}&#10;    domain: &quot;syntax&quot;&#10;    ignored: [&quot;$id&quot;]&#10;warning: the following keywords are unknown and will be ignored: [$id, examples]&#10;    level: &quot;warning&quot;&#10;    schema: {&quot;loadingURI&quot;:&quot;#&quot;,&quot;pointer&quot;:&quot;/items/properties/photoUrls/items&quot;}&#10;    domain: &quot;syntax&quot;&#10;    ignored: [&quot;$id&quot;,&quot;examples&quot;]&#10;warning: the following keywords are unknown and will be ignored: [$id, examples]&#10;    level: &quot;warning&quot;&#10;    schema: {&quot;loadingURI&quot;:&quot;#&quot;,&quot;pointer&quot;:&quot;/items/properties/status&quot;}&#10;    domain: &quot;syntax&quot;&#10;    ignored: [&quot;$id&quot;,&quot;examples&quot;]&#10;warning: the following keywords are unknown and will be ignored: [$id]&#10;    level: &quot;warning&quot;&#10;    schema: {&quot;loadingURI&quot;:&quot;#&quot;,&quot;pointer&quot;:&quot;/items/properties/tags&quot;}&#10;    domain: &quot;syntax&quot;&#10;    ignored: [&quot;$id&quot;]&#10;warning: the following keywords are unknown and will be ignored: [$id]&#10;    level: &quot;warning&quot;&#10;    schema: {&quot;loadingURI&quot;:&quot;#&quot;,&quot;pointer&quot;:&quot;/items/properties/tags/items&quot;}&#10;    domain: &quot;syntax&quot;&#10;    ignored: [&quot;$id&quot;]&#10;warning: the following keywords are unknown and will be ignored: [$id, examples]&#10;    level: &quot;warning&quot;&#10;    schema: {&quot;loadingURI&quot;:&quot;#&quot;,&quot;pointer&quot;:&quot;/items/properties/tags/items/properties/id&quot;}&#10;    domain: &quot;syntax&quot;&#10;    ignored: [&quot;$id&quot;,&quot;examples&quot;]&#10;warning: the following keywords are unknown and will be ignored: [$id, examples]&#10;    level: &quot;warning&quot;&#10;    schema: {&quot;loadingURI&quot;:&quot;#&quot;,&quot;pointer&quot;:&quot;/items/properties/tags/items/properties/name&quot;}&#10;    domain: &quot;syntax&quot;&#10;    ignored: [&quot;$id&quot;,&quot;examples&quot;]&#10;warning: the following keywords are unknown and will be ignored: [$id]&#10;    level: &quot;warning&quot;&#10;    schema: {&quot;loadingURI&quot;:&quot;#&quot;,&quot;pointer&quot;:&quot;/items&quot;}&#10;    domain: &quot;syntax&quot;&#10;    ignored: [&quot;$id&quot;]&#10;warning: the following keywords are unknown and will be ignored: [$id]&#10;    level: &quot;warning&quot;&#10;    schema: {&quot;loadingURI&quot;:&quot;#&quot;,&quot;pointer&quot;:&quot;/items/properties/category&quot;}&#10;    domain: &quot;syntax&quot;&#10;    ignored: [&quot;$id&quot;]&#10;warning: the following keywords are unknown and will be ignored: [$id, examples]&#10;    level: &quot;warning&quot;&#10;    schema: {&quot;loadingURI&quot;:&quot;#&quot;,&quot;pointer&quot;:&quot;/items/properties/category/properties/id&quot;}&#10;    domain: &quot;syntax&quot;&#10;    ignored: [&quot;$id&quot;,&quot;examples&quot;]&#10;warning: the following keywords are unknown and will be ignored: [$id, examples]&#10;    level: &quot;warning&quot;&#10;    schema: {&quot;loadingURI&quot;:&quot;#&quot;,&quot;pointer&quot;:&quot;/items/properties/category/properties/name&quot;}&#10;    domain: &quot;syntax&quot;&#10;    ignored: [&quot;$id&quot;,&quot;examples&quot;]&#10;warning: the following keywords are unknown and will be ignored: [$id, examples]&#10;    level: &quot;warning&quot;&#10;    schema: {&quot;loadingURI&quot;:&quot;#&quot;,&quot;pointer&quot;:&quot;/items/properties/id&quot;}&#10;    domain: &quot;syntax&quot;&#10;    ignored: [&quot;$id&quot;,&quot;examples&quot;]&#10;warning: the following keywords are unknown and will be ignored: [$id, examples]&#10;    level: &quot;warning&quot;&#10;    schema: {&quot;loadingURI&quot;:&quot;#&quot;,&quot;pointer&quot;:&quot;/items/properties/name&quot;}&#10;    domain: &quot;syntax&quot;&#10;    ignored: [&quot;$id&quot;,&quot;examples&quot;]&#10;warning: the following keywords are unknown and will be ignored: [$id]&#10;    level: &quot;warning&quot;&#10;    schema: {&quot;loadingURI&quot;:&quot;#&quot;,&quot;pointer&quot;:&quot;/items/properties/photoUrls&quot;}&#10;    domain: &quot;syntax&quot;&#10;    ignored: [&quot;$id&quot;]&#10;warning: the following keywords are unknown and will be ignored: [$id, examples]&#10;    level: &quot;warning&quot;&#10;    schema: {&quot;loadingURI&quot;:&quot;#&quot;,&quot;pointer&quot;:&quot;/items/properties/photoUrls/items&quot;}&#10;    domain: &quot;syntax&quot;&#10;    ignored: [&quot;$id&quot;,&quot;examples&quot;]&#10;warning: the following keywords are unknown and will be ignored: [$id, examples]&#10;    level: &quot;warning&quot;&#10;    schema: {&quot;loadingURI&quot;:&quot;#&quot;,&quot;pointer&quot;:&quot;/items/properties/status&quot;}&#10;    domain: &quot;syntax&quot;&#10;    ignored: [&quot;$id&quot;,&quot;examples&quot;]&#10;warning: the following keywords are unknown and will be ignored: [$id]&#10;    level: &quot;warning&quot;&#10;    schema: {&quot;loadingURI&quot;:&quot;#&quot;,&quot;pointer&quot;:&quot;/items/properties/tags&quot;}&#10;    domain: &quot;syntax&quot;&#10;    ignored: [&quot;$id&quot;]&#10;warning: the following keywords are unknown and will be ignored: [$id]&#10;    level: &quot;warning&quot;&#10;    schema: {&quot;loadingURI&quot;:&quot;#&quot;,&quot;pointer&quot;:&quot;/items/properties/tags/items&quot;}&#10;    domain: &quot;syntax&quot;&#10;    ignored: [&quot;$id&quot;]&#10;warning: the following keywords are unknown and will be ignored: [$id, examples]&#10;    level: &quot;warning&quot;&#10;    schema: {&quot;loadingURI&quot;:&quot;#&quot;,&quot;pointer&quot;:&quot;/items/properties/tags/items/properties/id&quot;}&#10;    domain: &quot;syntax&quot;&#10;    ignored: [&quot;$id&quot;,&quot;examples&quot;]&#10;warning: the following keywords are unknown and will be ignored: [$id, examples]&#10;    level: &quot;warning&quot;&#10;    schema: {&quot;loadingURI&quot;:&quot;#&quot;,&quot;pointer&quot;:&quot;/items/properties/tags/items/properties/name&quot;}&#10;    domain: &quot;syntax&quot;&#10;    ignored: [&quot;$id&quot;,&quot;examples&quot;]&#10;warning: the following keywords are unknown and will be ignored: [$id]&#10;    level: &quot;warning&quot;&#10;    schema: {&quot;loadingURI&quot;:&quot;#&quot;,&quot;pointer&quot;:&quot;/items&quot;}&#10;    domain: &quot;syntax&quot;&#10;    ignored: [&quot;$id&quot;]&#10;warning: the following keywords are unknown and will be ignored: [$id]&#10;    level: &quot;warning&quot;&#10;    schema: {&quot;loadingURI&quot;:&quot;#&quot;,&quot;pointer&quot;:&quot;/items/properties/category&quot;}&#10;    domain: &quot;syntax&quot;&#10;    ignored: [&quot;$id&quot;]&#10;warning: the following keywords are unknown and will be ignored: [$id, examples]&#10;    level: &quot;warning&quot;&#10;    schema: {&quot;loadingURI&quot;:&quot;#&quot;,&quot;pointer&quot;:&quot;/items/properties/category/properties/id&quot;}&#10;    domain: &quot;syntax&quot;&#10;    ignored: [&quot;$id&quot;,&quot;examples&quot;]&#10;warning: the following keywords are unknown and will be ignored: [$id, examples]&#10;    level: &quot;warning&quot;&#10;    schema: {&quot;loadingURI&quot;:&quot;#&quot;,&quot;pointer&quot;:&quot;/items/properties/category/properties/name&quot;}&#10;    domain: &quot;syntax&quot;&#10;    ignored: [&quot;$id&quot;,&quot;examples&quot;]&#10;warning: the following keywords are unknown and will be ignored: [$id, examples]&#10;    level: &quot;warning&quot;&#10;    schema: {&quot;loadingURI&quot;:&quot;#&quot;,&quot;pointer&quot;:&quot;/items/properties/id&quot;}&#10;    domain: &quot;syntax&quot;&#10;    ignored: [&quot;$id&quot;,&quot;examples&quot;]&#10;warning: the following keywords are unknown and will be ignored: [$id, examples]&#10;    level: &quot;warning&quot;&#10;    schema: {&quot;loadingURI&quot;:&quot;#&quot;,&quot;pointer&quot;:&quot;/items/properties/name&quot;}&#10;    domain: &quot;syntax&quot;&#10;    ignored: [&quot;$id&quot;,&quot;examples&quot;]&#10;warning: the following keywords are unknown and will be ignored: [$id]&#10;    level: &quot;warning&quot;&#10;    schema: {&quot;loadingURI&quot;:&quot;#&quot;,&quot;pointer&quot;:&quot;/items/properties/photoUrls&quot;}&#10;    domain: &quot;syntax&quot;&#10;    ignored: [&quot;$id&quot;]&#10;warning: the following keywords are unknown and will be ignored: [$id, examples]&#10;    level: &quot;warning&quot;&#10;    schema: {&quot;loadingURI&quot;:&quot;#&quot;,&quot;pointer&quot;:&quot;/items/properties/photoUrls/items&quot;}&#10;    domain: &quot;syntax&quot;&#10;    ignored: [&quot;$id&quot;,&quot;examples&quot;]&#10;warning: the following keywords are unknown and will be ignored: [$id, examples]&#10;    level: &quot;warning&quot;&#10;    schema: {&quot;loadingURI&quot;:&quot;#&quot;,&quot;pointer&quot;:&quot;/items/properties/status&quot;}&#10;    domain: &quot;syntax&quot;&#10;    ignored: [&quot;$id&quot;,&quot;examples&quot;]&#10;warning: the following keywords are unknown and will be ignored: [$id]&#10;    level: &quot;warning&quot;&#10;    schema: {&quot;loadingURI&quot;:&quot;#&quot;,&quot;pointer&quot;:&quot;/items/properties/tags&quot;}&#10;    domain: &quot;syntax&quot;&#10;    ignored: [&quot;$id&quot;]&#10;warning: the following keywords are unknown and will be ignored: [$id]&#10;    level: &quot;warning&quot;&#10;    schema: {&quot;loadingURI&quot;:&quot;#&quot;,&quot;pointer&quot;:&quot;/items/properties/tags/items&quot;}&#10;    domain: &quot;syntax&quot;&#10;    ignored: [&quot;$id&quot;]&#10;warning: the following keywords are unknown and will be ignored: [$id, examples]&#10;    level: &quot;warning&quot;&#10;    schema: {&quot;loadingURI&quot;:&quot;#&quot;,&quot;pointer&quot;:&quot;/items/properties/tags/items/properties/id&quot;}&#10;    domain: &quot;syntax&quot;&#10;    ignored: [&quot;$id&quot;,&quot;examples&quot;]&#10;warning: the following keywords are unknown and will be ignored: [$id, examples]&#10;    level: &quot;warning&quot;&#10;    schema: {&quot;loadingURI&quot;:&quot;#&quot;,&quot;pointer&quot;:&quot;/items/properties/tags/items/properties/name&quot;}&#10;    domain: &quot;syntax&quot;&#10;    ignored: [&quot;$id&quot;,&quot;examples&quot;]&#10;warning: the following keywords are unknown and will be ignored: [$id]&#10;    level: &quot;warning&quot;&#10;    schema: {&quot;loadingURI&quot;:&quot;#&quot;,&quot;pointer&quot;:&quot;/items&quot;}&#10;    domain: &quot;syntax&quot;&#10;    ignored: [&quot;$id&quot;]&#10;warning: the following keywords are unknown and will be ignored: [$id]&#10;    level: &quot;warning&quot;&#10;    schema: {&quot;loadingURI&quot;:&quot;#&quot;,&quot;pointer&quot;:&quot;/items/properties/category&quot;}&#10;    domain: &quot;syntax&quot;&#10;    ignored: [&quot;$id&quot;]&#10;warning: the following keywords are unknown and will be ignored: [$id, examples]&#10;    level: &quot;warning&quot;&#10;    schema: {&quot;loadingURI&quot;:&quot;#&quot;,&quot;pointer&quot;:&quot;/items/properties/category/properties/id&quot;}&#10;    domain: &quot;syntax&quot;&#10;    ignored: [&quot;$id&quot;,&quot;examples&quot;]&#10;warning: the following keywords are unknown and will be ignored: [$id, examples]&#10;    level: &quot;warning&quot;&#10;    schema: {&quot;loadingURI&quot;:&quot;#&quot;,&quot;pointer&quot;:&quot;/items/properties/category/properties/name&quot;}&#10;    domain: &quot;syntax&quot;&#10;    ignored: [&quot;$id&quot;,&quot;examples&quot;]&#10;warning: the following keywords are unknown and will be ignored: [$id, examples]&#10;    level: &quot;warning&quot;&#10;    schema: {&quot;loadingURI&quot;:&quot;#&quot;,&quot;pointer&quot;:&quot;/items/properties/id&quot;}&#10;    domain: &quot;syntax&quot;&#10;    ignored: [&quot;$id&quot;,&quot;examples&quot;]&#10;warning: the following keywords are unknown and will be ignored: [$id, examples]&#10;    level: &quot;warning&quot;&#10;    schema: {&quot;loadingURI&quot;:&quot;#&quot;,&quot;pointer&quot;:&quot;/items/properties/name&quot;}&#10;    domain: &quot;syntax&quot;&#10;    ignored: [&quot;$id&quot;,&quot;examples&quot;]&#10;warning: the following keywords are unknown and will be ignored: [$id]&#10;    level: &quot;warning&quot;&#10;    schema: {&quot;loadingURI&quot;:&quot;#&quot;,&quot;pointer&quot;:&quot;/items/properties/photoUrls&quot;}&#10;    domain: &quot;syntax&quot;&#10;    ignored: [&quot;$id&quot;]&#10;warning: the following keywords are unknown and will be ignored: [$id, examples]&#10;    level: &quot;warning&quot;&#10;    schema: {&quot;loadingURI&quot;:&quot;#&quot;,&quot;pointer&quot;:&quot;/items/properties/photoUrls/items&quot;}&#10;    domain: &quot;syntax&quot;&#10;    ignored: [&quot;$id&quot;,&quot;examples&quot;]&#10;warning: the following keywords are unknown and will be ignored: [$id, examples]&#10;    level: &quot;warning&quot;&#10;    schema: {&quot;loadingURI&quot;:&quot;#&quot;,&quot;pointer&quot;:&quot;/items/properties/status&quot;}&#10;    domain: &quot;syntax&quot;&#10;    ignored: [&quot;$id&quot;,&quot;examples&quot;]&#10;warning: the following keywords are unknown and will be ignored: [$id]&#10;    level: &quot;warning&quot;&#10;    schema: {&quot;loadingURI&quot;:&quot;#&quot;,&quot;pointer&quot;:&quot;/items/properties/tags&quot;}&#10;    domain: &quot;syntax&quot;&#10;    ignored: [&quot;$id&quot;]&#10;warning: the following keywords are unknown and will be ignored: [$id]&#10;    level: &quot;warning&quot;&#10;    schema: {&quot;loadingURI&quot;:&quot;#&quot;,&quot;pointer&quot;:&quot;/items/properties/tags/items&quot;}&#10;    domain: &quot;syntax&quot;&#10;    ignored: [&quot;$id&quot;]&#10;warning: the following keywords are unknown and will be ignored: [$id, examples]&#10;    level: &quot;warning&quot;&#10;    schema: {&quot;loadingURI&quot;:&quot;#&quot;,&quot;pointer&quot;:&quot;/items/properties/tags/items/properties/id&quot;}&#10;    domain: &quot;syntax&quot;&#10;    ignored: [&quot;$id&quot;,&quot;examples&quot;]&#10;warning: the following keywords are unknown and will be ignored: [$id, examples]&#10;    level: &quot;warning&quot;&#10;    schema: {&quot;loadingURI&quot;:&quot;#&quot;,&quot;pointer&quot;:&quot;/items/properties/tags/items/properties/name&quot;}&#10;    domain: &quot;syntax&quot;&#10;    ignored: [&quot;$id&quot;,&quot;examples&quot;]&#10;warning: the following keywords are unknown and will be ignored: [$id]&#10;    level: &quot;warning&quot;&#10;    schema: {&quot;loadingURI&quot;:&quot;#&quot;,&quot;pointer&quot;:&quot;/items&quot;}&#10;    domain: &quot;syntax&quot;&#10;    ignored: [&quot;$id&quot;]&#10;warning: the following keywords are unknown and will be ignored: [$id]&#10;    level: &quot;warning&quot;&#10;    schema: {&quot;loadingURI&quot;:&quot;#&quot;,&quot;pointer&quot;:&quot;/items/properties/category&quot;}&#10;    domain: &quot;syntax&quot;&#10;    ignored: [&quot;$id&quot;]&#10;warning: the following keywords are unknown and will be ignored: [$id, examples]&#10;    level: &quot;warning&quot;&#10;    schema: {&quot;loadingURI&quot;:&quot;#&quot;,&quot;pointer&quot;:&quot;/items/properties/category/properties/id&quot;}&#10;    domain: &quot;syntax&quot;&#10;    ignored: [&quot;$id&quot;,&quot;examples&quot;]&#10;warning: the following keywords are unknown and will be ignored: [$id, examples]&#10;    level: &quot;warning&quot;&#10;    schema: {&quot;loadingURI&quot;:&quot;#&quot;,&quot;pointer&quot;:&quot;/items/properties/category/properties/name&quot;}&#10;    domain: &quot;syntax&quot;&#10;    ignored: [&quot;$id&quot;,&quot;examples&quot;]&#10;warning: the following keywords are unknown and will be ignored: [$id, examples]&#10;    level: &quot;warning&quot;&#10;    schema: {&quot;loadingURI&quot;:&quot;#&quot;,&quot;pointer&quot;:&quot;/items/properties/id&quot;}&#10;    domain: &quot;syntax&quot;&#10;    ignored: [&quot;$id&quot;,&quot;examples&quot;]&#10;warning: the following keywords are unknown and will be ignored: [$id, examples]&#10;    level: &quot;warning&quot;&#10;    schema: {&quot;loadingURI&quot;:&quot;#&quot;,&quot;pointer&quot;:&quot;/items/properties/name&quot;}&#10;    domain: &quot;syntax&quot;&#10;    ignored: [&quot;$id&quot;,&quot;examples&quot;]&#10;warning: the following keywords are unknown and will be ignored: [$id]&#10;    level: &quot;warning&quot;&#10;    schema: {&quot;loadingURI&quot;:&quot;#&quot;,&quot;pointer&quot;:&quot;/items/properties/photoUrls&quot;}&#10;    domain: &quot;syntax&quot;&#10;    ignored: [&quot;$id&quot;]&#10;warning: the following keywords are unknown and will be ignored: [$id, examples]&#10;    level: &quot;warning&quot;&#10;    schema: {&quot;loadingURI&quot;:&quot;#&quot;,&quot;pointer&quot;:&quot;/items/properties/photoUrls/items&quot;}&#10;    domain: &quot;syntax&quot;&#10;    ignored: [&quot;$id&quot;,&quot;examples&quot;]&#10;warning: the following keywords are unknown and will be ignored: [$id, examples]&#10;    level: &quot;warning&quot;&#10;    schema: {&quot;loadingURI&quot;:&quot;#&quot;,&quot;pointer&quot;:&quot;/items/properties/status&quot;}&#10;    domain: &quot;syntax&quot;&#10;    ignored: [&quot;$id&quot;,&quot;examples&quot;]&#10;warning: the following keywords are unknown and will be ignored: [$id]&#10;    level: &quot;warning&quot;&#10;    schema: {&quot;loadingURI&quot;:&quot;#&quot;,&quot;pointer&quot;:&quot;/items/properties/tags&quot;}&#10;    domain: &quot;syntax&quot;&#10;    ignored: [&quot;$id&quot;]&#10;warning: the following keywords are unknown and will be ignored: [$id]&#10;    level: &quot;warning&quot;&#10;    schema: {&quot;loadingURI&quot;:&quot;#&quot;,&quot;pointer&quot;:&quot;/items/properties/tags/items&quot;}&#10;    domain: &quot;syntax&quot;&#10;    ignored: [&quot;$id&quot;]&#10;warning: the following keywords are unknown and will be ignored: [$id, examples]&#10;    level: &quot;warning&quot;&#10;    schema: {&quot;loadingURI&quot;:&quot;#&quot;,&quot;pointer&quot;:&quot;/items/properties/tags/items/properties/id&quot;}&#10;    domain: &quot;syntax&quot;&#10;    ignored: [&quot;$id&quot;,&quot;examples&quot;]&#10;warning: the following keywords are unknown and will be ignored: [$id, examples]&#10;    level: &quot;warning&quot;&#10;    schema: {&quot;loadingURI&quot;:&quot;#&quot;,&quot;pointer&quot;:&quot;/items/properties/tags/items/properties/name&quot;}&#10;    domain: &quot;syntax&quot;&#10;    ignored: [&quot;$id&quot;,&quot;examples&quot;]&#10;warning: the following keywords are unknown and will be ignored: [$id]&#10;    level: &quot;warning&quot;&#10;    schema: {&quot;loadingURI&quot;:&quot;#&quot;,&quot;pointer&quot;:&quot;/items&quot;}&#10;    domain: &quot;syntax&quot;&#10;    ignored: [&quot;$id&quot;]&#10;warning: the following keywords are unknown and will be ignored: [$id]&#10;    level: &quot;warning&quot;&#10;    schema: {&quot;loadingURI&quot;:&quot;#&quot;,&quot;pointer&quot;:&quot;/items/properties/category&quot;}&#10;    domain: &quot;syntax&quot;&#10;    ignored: [&quot;$id&quot;]&#10;warning: the following keywords are unknown and will be ignored: [$id, examples]&#10;    level: &quot;warning&quot;&#10;    schema: {&quot;loadingURI&quot;:&quot;#&quot;,&quot;pointer&quot;:&quot;/items/properties/category/properties/id&quot;}&#10;    domain: &quot;syntax&quot;&#10;    ignored: [&quot;$id&quot;,&quot;examples&quot;]&#10;warning: the following keywords are unknown and will be ignored: [$id, examples]&#10;    level: &quot;warning&quot;&#10;    schema: {&quot;loadingURI&quot;:&quot;#&quot;,&quot;pointer&quot;:&quot;/items/properties/category/properties/name&quot;}&#10;    domain: &quot;syntax&quot;&#10;    ignored: [&quot;$id&quot;,&quot;examples&quot;]&#10;warning: the following keywords are unknown and will be ignored: [$id, examples]&#10;    level: &quot;warning&quot;&#10;    schema: {&quot;loadingURI&quot;:&quot;#&quot;,&quot;pointer&quot;:&quot;/items/properties/id&quot;}&#10;    domain: &quot;syntax&quot;&#10;    ignored: [&quot;$id&quot;,&quot;examples&quot;]&#10;warning: the following keywords are unknown and will be ignored: [$id, examples]&#10;    level: &quot;warning&quot;&#10;    schema: {&quot;loadingURI&quot;:&quot;#&quot;,&quot;pointer&quot;:&quot;/items/properties/name&quot;}&#10;    domain: &quot;syntax&quot;&#10;    ignored: [&quot;$id&quot;,&quot;examples&quot;]&#10;warning: the following keywords are unknown and will be ignored: [$id]&#10;    level: &quot;warning&quot;&#10;    schema: {&quot;loadingURI&quot;:&quot;#&quot;,&quot;pointer&quot;:&quot;/items/properties/photoUrls&quot;}&#10;    domain: &quot;syntax&quot;&#10;    ignored: [&quot;$id&quot;]&#10;warning: the following keywords are unknown and will be ignored: [$id, examples]&#10;    level: &quot;warning&quot;&#10;    schema: {&quot;loadingURI&quot;:&quot;#&quot;,&quot;pointer&quot;:&quot;/items/properties/photoUrls/items&quot;}&#10;    domain: &quot;syntax&quot;&#10;    ignored: [&quot;$id&quot;,&quot;examples&quot;]&#10;warning: the following keywords are unknown and will be ignored: [$id, examples]&#10;    level: &quot;warning&quot;&#10;    schema: {&quot;loadingURI&quot;:&quot;#&quot;,&quot;pointer&quot;:&quot;/items/properties/status&quot;}&#10;    domain: &quot;syntax&quot;&#10;    ignored: [&quot;$id&quot;,&quot;examples&quot;]&#10;warning: the following keywords are unknown and will be ignored: [$id]&#10;    level: &quot;warning&quot;&#10;    schema: {&quot;loadingURI&quot;:&quot;#&quot;,&quot;pointer&quot;:&quot;/items/properties/tags&quot;}&#10;    domain: &quot;syntax&quot;&#10;    ignored: [&quot;$id&quot;]&#10;warning: the following keywords are unknown and will be ignored: [$id]&#10;    level: &quot;warning&quot;&#10;    schema: {&quot;loadingURI&quot;:&quot;#&quot;,&quot;pointer&quot;:&quot;/items/properties/tags/items&quot;}&#10;    domain: &quot;syntax&quot;&#10;    ignored: [&quot;$id&quot;]&#10;warning: the following keywords are unknown and will be ignored: [$id, examples]&#10;    level: &quot;warning&quot;&#10;    schema: {&quot;loadingURI&quot;:&quot;#&quot;,&quot;pointer&quot;:&quot;/items/properties/tags/items/properties/id&quot;}&#10;    domain: &quot;syntax&quot;&#10;    ignored: [&quot;$id&quot;,&quot;examples&quot;]&#10;warning: the following keywords are unknown and will be ignored: [$id, examples]&#10;    level: &quot;warning&quot;&#10;    schema: {&quot;loadingURI&quot;:&quot;#&quot;,&quot;pointer&quot;:&quot;/items/properties/tags/items/properties/name&quot;}&#10;    domain: &quot;syntax&quot;&#10;    ignored: [&quot;$id&quot;,&quot;examples&quot;]&#10;warning: the following keywords are unknown and will be ignored: [$id]&#10;    level: &quot;warning&quot;&#10;    schema: {&quot;loadingURI&quot;:&quot;#&quot;,&quot;pointer&quot;:&quot;/items&quot;}&#10;    domain: &quot;syntax&quot;&#10;    ignored: [&quot;$id&quot;]&#10;warning: the following keywords are unknown and will be ignored: [$id]&#10;    level: &quot;warning&quot;&#10;    schema: {&quot;loadingURI&quot;:&quot;#&quot;,&quot;pointer&quot;:&quot;/items/properties/category&quot;}&#10;    domain: &quot;syntax&quot;&#10;    ignored: [&quot;$id&quot;]&#10;warning: the following keywords are unknown and will be ignored: [$id, examples]&#10;    level: &quot;warning&quot;&#10;    schema: {&quot;loadingURI&quot;:&quot;#&quot;,&quot;pointer&quot;:&quot;/items/properties/category/properties/id&quot;}&#10;    domain: &quot;syntax&quot;&#10;    ignored: [&quot;$id&quot;,&quot;examples&quot;]&#10;warning: the following keywords are unknown and will be ignored: [$id, examples]&#10;    level: &quot;warning&quot;&#10;    schema: {&quot;loadingURI&quot;:&quot;#&quot;,&quot;pointer&quot;:&quot;/items/properties/category/properties/name&quot;}&#10;    domain: &quot;syntax&quot;&#10;    ignored: [&quot;$id&quot;,&quot;examples&quot;]&#10;warning: the following keywords are unknown and will be ignored: [$id, examples]&#10;    level: &quot;warning&quot;&#10;    schema: {&quot;loadingURI&quot;:&quot;#&quot;,&quot;pointer&quot;:&quot;/items/properties/id&quot;}&#10;    domain: &quot;syntax&quot;&#10;    ignored: [&quot;$id&quot;,&quot;examples&quot;]&#10;warning: the following keywords are unknown and will be ignored: [$id, examples]&#10;    level: &quot;warning&quot;&#10;    schema: {&quot;loadingURI&quot;:&quot;#&quot;,&quot;pointer&quot;:&quot;/items/properties/name&quot;}&#10;    domain: &quot;syntax&quot;&#10;    ignored: [&quot;$id&quot;,&quot;examples&quot;]&#10;warning: the following keywords are unknown and will be ignored: [$id]&#10;    level: &quot;warning&quot;&#10;    schema: {&quot;loadingURI&quot;:&quot;#&quot;,&quot;pointer&quot;:&quot;/items/properties/photoUrls&quot;}&#10;    domain: &quot;syntax&quot;&#10;    ignored: [&quot;$id&quot;]&#10;warning: the following keywords are unknown and will be ignored: [$id, examples]&#10;    level: &quot;warning&quot;&#10;    schema: {&quot;loadingURI&quot;:&quot;#&quot;,&quot;pointer&quot;:&quot;/items/properties/photoUrls/items&quot;}&#10;    domain: &quot;syntax&quot;&#10;    ignored: [&quot;$id&quot;,&quot;examples&quot;]&#10;warning: the following keywords are unknown and will be ignored: [$id, examples]&#10;    level: &quot;warning&quot;&#10;    schema: {&quot;loadingURI&quot;:&quot;#&quot;,&quot;pointer&quot;:&quot;/items/properties/status&quot;}&#10;    domain: &quot;syntax&quot;&#10;    ignored: [&quot;$id&quot;,&quot;examples&quot;]&#10;warning: the following keywords are unknown and will be ignored: [$id]&#10;    level: &quot;warning&quot;&#10;    schema: {&quot;loadingURI&quot;:&quot;#&quot;,&quot;pointer&quot;:&quot;/items/properties/tags&quot;}&#10;    domain: &quot;syntax&quot;&#10;    ignored: [&quot;$id&quot;]&#10;warning: the following keywords are unknown and will be ignored: [$id]&#10;    level: &quot;warning&quot;&#10;    schema: {&quot;loadingURI&quot;:&quot;#&quot;,&quot;pointer&quot;:&quot;/items/properties/tags/items&quot;}&#10;    domain: &quot;syntax&quot;&#10;    ignored: [&quot;$id&quot;]&#10;warning: the following keywords are unknown and will be ignored: [$id, examples]&#10;    level: &quot;warning&quot;&#10;    schema: {&quot;loadingURI&quot;:&quot;#&quot;,&quot;pointer&quot;:&quot;/items/properties/tags/items/properties/id&quot;}&#10;    domain: &quot;syntax&quot;&#10;    ignored: [&quot;$id&quot;,&quot;examples&quot;]&#10;warning: the following keywords are unknown and will be ignored: [$id, examples]&#10;    level: &quot;warning&quot;&#10;    schema: {&quot;loadingURI&quot;:&quot;#&quot;,&quot;pointer&quot;:&quot;/items/properties/tags/items/properties/name&quot;}&#10;    domain: &quot;syntax&quot;&#10;    ignored: [&quot;$id&quot;,&quot;examples&quot;]&#10;warning: the following keywords are unknown and will be ignored: [$id]&#10;    level: &quot;warning&quot;&#10;    schema: {&quot;loadingURI&quot;:&quot;#&quot;,&quot;pointer&quot;:&quot;/items&quot;}&#10;    domain: &quot;syntax&quot;&#10;    ignored: [&quot;$id&quot;]&#10;warning: the following keywords are unknown and will be ignored: [$id]&#10;    level: &quot;warning&quot;&#10;    schema: {&quot;loadingURI&quot;:&quot;#&quot;,&quot;pointer&quot;:&quot;/items/properties/category&quot;}&#10;    domain: &quot;syntax&quot;&#10;    ignored: [&quot;$id&quot;]&#10;warning: the following keywords are unknown and will be ignored: [$id, examples]&#10;    level: &quot;warning&quot;&#10;    schema: {&quot;loadingURI&quot;:&quot;#&quot;,&quot;pointer&quot;:&quot;/items/properties/category/properties/id&quot;}&#10;    domain: &quot;syntax&quot;&#10;    ignored: [&quot;$id&quot;,&quot;examples&quot;]&#10;warning: the following keywords are unknown and will be ignored: [$id, examples]&#10;    level: &quot;warning&quot;&#10;    schema: {&quot;loadingURI&quot;:&quot;#&quot;,&quot;pointer&quot;:&quot;/items/properties/category/properties/name&quot;}&#10;    domain: &quot;syntax&quot;&#10;    ignored: [&quot;$id&quot;,&quot;examples&quot;]&#10;warning: the following keywords are unknown and will be ignored: [$id, examples]&#10;    level: &quot;warning&quot;&#10;    schema: {&quot;loadingURI&quot;:&quot;#&quot;,&quot;pointer&quot;:&quot;/items/properties/id&quot;}&#10;    domain: &quot;syntax&quot;&#10;    ignored: [&quot;$id&quot;,&quot;examples&quot;]&#10;warning: the following keywords are unknown and will be ignored: [$id, examples]&#10;    level: &quot;warning&quot;&#10;    schema: {&quot;loadingURI&quot;:&quot;#&quot;,&quot;pointer&quot;:&quot;/items/properties/name&quot;}&#10;    domain: &quot;syntax&quot;&#10;    ignored: [&quot;$id&quot;,&quot;examples&quot;]&#10;warning: the following keywords are unknown and will be ignored: [$id]&#10;    level: &quot;warning&quot;&#10;    schema: {&quot;loadingURI&quot;:&quot;#&quot;,&quot;pointer&quot;:&quot;/items/properties/photoUrls&quot;}&#10;    domain: &quot;syntax&quot;&#10;    ignored: [&quot;$id&quot;]&#10;warning: the following keywords are unknown and will be ignored: [$id, examples]&#10;    level: &quot;warning&quot;&#10;    schema: {&quot;loadingURI&quot;:&quot;#&quot;,&quot;pointer&quot;:&quot;/items/properties/photoUrls/items&quot;}&#10;    domain: &quot;syntax&quot;&#10;    ignored: [&quot;$id&quot;,&quot;examples&quot;]&#10;warning: the following keywords are unknown and will be ignored: [$id, examples]&#10;    level: &quot;warning&quot;&#10;    schema: {&quot;loadingURI&quot;:&quot;#&quot;,&quot;pointer&quot;:&quot;/items/properties/status&quot;}&#10;    domain: &quot;syntax&quot;&#10;    ignored: [&quot;$id&quot;,&quot;examples&quot;]&#10;warning: the following keywords are unknown and will be ignored: [$id]&#10;    level: &quot;warning&quot;&#10;    schema: {&quot;loadingURI&quot;:&quot;#&quot;,&quot;pointer&quot;:&quot;/items/properties/tags&quot;}&#10;    domain: &quot;syntax&quot;&#10;    ignored: [&quot;$id&quot;]&#10;warning: the following keywords are unknown and will be ignored: [$id]&#10;    level: &quot;warning&quot;&#10;    schema: {&quot;loadingURI&quot;:&quot;#&quot;,&quot;pointer&quot;:&quot;/items/properties/tags/items&quot;}&#10;    domain: &quot;syntax&quot;&#10;    ignored: [&quot;$id&quot;]&#10;warning: the following keywords are unknown and will be ignored: [$id, examples]&#10;    level: &quot;warning&quot;&#10;    schema: {&quot;loadingURI&quot;:&quot;#&quot;,&quot;pointer&quot;:&quot;/items/properties/tags/items/properties/id&quot;}&#10;    domain: &quot;syntax&quot;&#10;    ignored: [&quot;$id&quot;,&quot;examples&quot;]&#10;warning: the following keywords are unknown and will be ignored: [$id, examples]&#10;    level: &quot;warning&quot;&#10;    schema: {&quot;loadingURI&quot;:&quot;#&quot;,&quot;pointer&quot;:&quot;/items/properties/tags/items/properties/name&quot;}&#10;    domain: &quot;syntax&quot;&#10;    ignored: [&quot;$id&quot;,&quot;examples&quot;]&#10;warning: the following keywords are unknown and will be ignored: [$id]&#10;    level: &quot;warning&quot;&#10;    schema: {&quot;loadingURI&quot;:&quot;#&quot;,&quot;pointer&quot;:&quot;/items&quot;}&#10;    domain: &quot;syntax&quot;&#10;    ignored: [&quot;$id&quot;]&#10;warning: the following keywords are unknown and will be ignored: [$id]&#10;    level: &quot;warning&quot;&#10;    schema: {&quot;loadingURI&quot;:&quot;#&quot;,&quot;pointer&quot;:&quot;/items/properties/category&quot;}&#10;    domain: &quot;syntax&quot;&#10;    ignored: [&quot;$id&quot;]&#10;warning: the following keywords are unknown and will be ignored: [$id, examples]&#10;    level: &quot;warning&quot;&#10;    schema: {&quot;loadingURI&quot;:&quot;#&quot;,&quot;pointer&quot;:&quot;/items/properties/category/properties/id&quot;}&#10;    domain: &quot;syntax&quot;&#10;    ignored: [&quot;$id&quot;,&quot;examples&quot;]&#10;warning: the following keywords are unknown and will be ignored: [$id, examples]&#10;    level: &quot;warning&quot;&#10;    schema: {&quot;loadingURI&quot;:&quot;#&quot;,&quot;pointer&quot;:&quot;/items/properties/category/properties/name&quot;}&#10;    domain: &quot;syntax&quot;&#10;    ignored: [&quot;$id&quot;,&quot;examples&quot;]&#10;warning: the following keywords are unknown and will be ignored: [$id, examples]&#10;    level: &quot;warning&quot;&#10;    schema: {&quot;loadingURI&quot;:&quot;#&quot;,&quot;pointer&quot;:&quot;/items/properties/id&quot;}&#10;    domain: &quot;syntax&quot;&#10;    ignored: [&quot;$id&quot;,&quot;examples&quot;]&#10;warning: the following keywords are unknown and will be ignored: [$id, examples]&#10;    level: &quot;warning&quot;&#10;    schema: {&quot;loadingURI&quot;:&quot;#&quot;,&quot;pointer&quot;:&quot;/items/properties/name&quot;}&#10;    domain: &quot;syntax&quot;&#10;    ignored: [&quot;$id&quot;,&quot;examples&quot;]&#10;warning: the following keywords are unknown and will be ignored: [$id]&#10;    level: &quot;warning&quot;&#10;    schema: {&quot;loadingURI&quot;:&quot;#&quot;,&quot;pointer&quot;:&quot;/items/properties/photoUrls&quot;}&#10;    domain: &quot;syntax&quot;&#10;    ignored: [&quot;$id&quot;]&#10;warning: the following keywords are unknown and will be ignored: [$id, examples]&#10;    level: &quot;warning&quot;&#10;    schema: {&quot;loadingURI&quot;:&quot;#&quot;,&quot;pointer&quot;:&quot;/items/properties/photoUrls/items&quot;}&#10;    domain: &quot;syntax&quot;&#10;    ignored: [&quot;$id&quot;,&quot;examples&quot;]&#10;warning: the following keywords are unknown and will be ignored: [$id, examples]&#10;    level: &quot;warning&quot;&#10;    schema: {&quot;loadingURI&quot;:&quot;#&quot;,&quot;pointer&quot;:&quot;/items/properties/status&quot;}&#10;    domain: &quot;syntax&quot;&#10;    ignored: [&quot;$id&quot;,&quot;examples&quot;]&#10;warning: the following keywords are unknown and will be ignored: [$id]&#10;    level: &quot;warning&quot;&#10;    schema: {&quot;loadingURI&quot;:&quot;#&quot;,&quot;pointer&quot;:&quot;/items/properties/tags&quot;}&#10;    domain: &quot;syntax&quot;&#10;    ignored: [&quot;$id&quot;]&#10;warning: the following keywords are unknown and will be ignored: [$id]&#10;    level: &quot;warning&quot;&#10;    schema: {&quot;loadingURI&quot;:&quot;#&quot;,&quot;pointer&quot;:&quot;/items/properties/tags/items&quot;}&#10;    domain: &quot;syntax&quot;&#10;    ignored: [&quot;$id&quot;]&#10;warning: the following keywords are unknown and will be ignored: [$id, examples]&#10;    level: &quot;warning&quot;&#10;    schema: {&quot;loadingURI&quot;:&quot;#&quot;,&quot;pointer&quot;:&quot;/items/properties/tags/items/properties/id&quot;}&#10;    domain: &quot;syntax&quot;&#10;    ignored: [&quot;$id&quot;,&quot;examples&quot;]&#10;warning: the following keywords are unknown and will be ignored: [$id, examples]&#10;    level: &quot;warning&quot;&#10;    schema: {&quot;loadingURI&quot;:&quot;#&quot;,&quot;pointer&quot;:&quot;/items/properties/tags/items/properties/name&quot;}&#10;    domain: &quot;syntax&quot;&#10;    ignored: [&quot;$id&quot;,&quot;examples&quot;]&#10;warning: the following keywords are unknown and will be ignored: [$id]&#10;    level: &quot;warning&quot;&#10;    schema: {&quot;loadingURI&quot;:&quot;#&quot;,&quot;pointer&quot;:&quot;/items&quot;}&#10;    domain: &quot;syntax&quot;&#10;    ignored: [&quot;$id&quot;]&#10;warning: the following keywords are unknown and will be ignored: [$id]&#10;    level: &quot;warning&quot;&#10;    schema: {&quot;loadingURI&quot;:&quot;#&quot;,&quot;pointer&quot;:&quot;/items/properties/category&quot;}&#10;    domain: &quot;syntax&quot;&#10;    ignored: [&quot;$id&quot;]&#10;warning: the following keywords are unknown and will be ignored: [$id, examples]&#10;    level: &quot;warning&quot;&#10;    schema: {&quot;loadingURI&quot;:&quot;#&quot;,&quot;pointer&quot;:&quot;/items/properties/category/properties/id&quot;}&#10;    domain: &quot;syntax&quot;&#10;    ignored: [&quot;$id&quot;,&quot;examples&quot;]&#10;warning: the following keywords are unknown and will be ignored: [$id, examples]&#10;    level: &quot;warning&quot;&#10;    schema: {&quot;loadingURI&quot;:&quot;#&quot;,&quot;pointer&quot;:&quot;/items/properties/category/properties/name&quot;}&#10;    domain: &quot;syntax&quot;&#10;    ignored: [&quot;$id&quot;,&quot;examples&quot;]&#10;warning: the following keywords are unknown and will be ignored: [$id, examples]&#10;    level: &quot;warning&quot;&#10;    schema: {&quot;loadingURI&quot;:&quot;#&quot;,&quot;pointer&quot;:&quot;/items/properties/id&quot;}&#10;    domain: &quot;syntax&quot;&#10;    ignored: [&quot;$id&quot;,&quot;examples&quot;]&#10;warning: the following keywords are unknown and will be ignored: [$id, examples]&#10;    level: &quot;warning&quot;&#10;    schema: {&quot;loadingURI&quot;:&quot;#&quot;,&quot;pointer&quot;:&quot;/items/properties/name&quot;}&#10;    domain: &quot;syntax&quot;&#10;    ignored: [&quot;$id&quot;,&quot;examples&quot;]&#10;warning: the following keywords are unknown and will be ignored: [$id]&#10;    level: &quot;warning&quot;&#10;    schema: {&quot;loadingURI&quot;:&quot;#&quot;,&quot;pointer&quot;:&quot;/items/properties/photoUrls&quot;}&#10;    domain: &quot;syntax&quot;&#10;    ignored: [&quot;$id&quot;]&#10;warning: the following keywords are unknown and will be ignored: [$id, examples]&#10;    level: &quot;warning&quot;&#10;    schema: {&quot;loadingURI&quot;:&quot;#&quot;,&quot;pointer&quot;:&quot;/items/properties/photoUrls/items&quot;}&#10;    domain: &quot;syntax&quot;&#10;    ignored: [&quot;$id&quot;,&quot;examples&quot;]&#10;warning: the following keywords are unknown and will be ignored: [$id, examples]&#10;    level: &quot;warning&quot;&#10;    schema: {&quot;loadingURI&quot;:&quot;#&quot;,&quot;pointer&quot;:&quot;/items/properties/status&quot;}&#10;    domain: &quot;syntax&quot;&#10;    ignored: [&quot;$id&quot;,&quot;examples&quot;]&#10;warning: the following keywords are unknown and will be ignored: [$id]&#10;    level: &quot;warning&quot;&#10;    schema: {&quot;loadingURI&quot;:&quot;#&quot;,&quot;pointer&quot;:&quot;/items/properties/tags&quot;}&#10;    domain: &quot;syntax&quot;&#10;    ignored: [&quot;$id&quot;]&#10;warning: the following keywords are unknown and will be ignored: [$id]&#10;    level: &quot;warning&quot;&#10;    schema: {&quot;loadingURI&quot;:&quot;#&quot;,&quot;pointer&quot;:&quot;/items/properties/tags/items&quot;}&#10;    domain: &quot;syntax&quot;&#10;    ignored: [&quot;$id&quot;]&#10;warning: the following keywords are unknown and will be ignored: [$id, examples]&#10;    level: &quot;warning&quot;&#10;    schema: {&quot;loadingURI&quot;:&quot;#&quot;,&quot;pointer&quot;:&quot;/items/properties/tags/items/properties/id&quot;}&#10;    domain: &quot;syntax&quot;&#10;    ignored: [&quot;$id&quot;,&quot;examples&quot;]&#10;warning: the following keywords are unknown and will be ignored: [$id, examples]&#10;    level: &quot;warning&quot;&#10;    schema: {&quot;loadingURI&quot;:&quot;#&quot;,&quot;pointer&quot;:&quot;/items/properties/tags/items/properties/name&quot;}&#10;    domain: &quot;syntax&quot;&#10;    ignored: [&quot;$id&quot;,&quot;examples&quot;]&#10;warning: the following keywords are unknown and will be ignored: [$id]&#10;    level: &quot;warning&quot;&#10;    schema: {&quot;loadingURI&quot;:&quot;#&quot;,&quot;pointer&quot;:&quot;/items&quot;}&#10;    domain: &quot;syntax&quot;&#10;    ignored: [&quot;$id&quot;]&#10;warning: the following keywords are unknown and will be ignored: [$id]&#10;    level: &quot;warning&quot;&#10;    schema: {&quot;loadingURI&quot;:&quot;#&quot;,&quot;pointer&quot;:&quot;/items/properties/category&quot;}&#10;    domain: &quot;syntax&quot;&#10;    ignored: [&quot;$id&quot;]&#10;warning: the following keywords are unknown and will be ignored: [$id, examples]&#10;    level: &quot;warning&quot;&#10;    schema: {&quot;loadingURI&quot;:&quot;#&quot;,&quot;pointer&quot;:&quot;/items/properties/category/properties/id&quot;}&#10;    domain: &quot;syntax&quot;&#10;    ignored: [&quot;$id&quot;,&quot;examples&quot;]&#10;warning: the following keywords are unknown and will be ignored: [$id, examples]&#10;    level: &quot;warning&quot;&#10;    schema: {&quot;loadingURI&quot;:&quot;#&quot;,&quot;pointer&quot;:&quot;/items/properties/category/properties/name&quot;}&#10;    domain: &quot;syntax&quot;&#10;    ignored: [&quot;$id&quot;,&quot;examples&quot;]&#10;warning: the following keywords are unknown and will be ignored: [$id, examples]&#10;    level: &quot;warning&quot;&#10;    schema: {&quot;loadingURI&quot;:&quot;#&quot;,&quot;pointer&quot;:&quot;/items/properties/id&quot;}&#10;    domain: &quot;syntax&quot;&#10;    ignored: [&quot;$id&quot;,&quot;examples&quot;]&#10;warning: the following keywords are unknown and will be ignored: [$id, examples]&#10;    level: &quot;warning&quot;&#10;    schema: {&quot;loadingURI&quot;:&quot;#&quot;,&quot;pointer&quot;:&quot;/items/properties/name&quot;}&#10;    domain: &quot;syntax&quot;&#10;    ignored: [&quot;$id&quot;,&quot;examples&quot;]&#10;warning: the following keywords are unknown and will be ignored: [$id]&#10;    level: &quot;warning&quot;&#10;    schema: {&quot;loadingURI&quot;:&quot;#&quot;,&quot;pointer&quot;:&quot;/items/properties/photoUrls&quot;}&#10;    domain: &quot;syntax&quot;&#10;    ignored: [&quot;$id&quot;]&#10;warning: the following keywords are unknown and will be ignored: [$id, examples]&#10;    level: &quot;warning&quot;&#10;    schema: {&quot;loadingURI&quot;:&quot;#&quot;,&quot;pointer&quot;:&quot;/items/properties/photoUrls/items&quot;}&#10;    domain: &quot;syntax&quot;&#10;    ignored: [&quot;$id&quot;,&quot;examples&quot;]&#10;warning: the following keywords are unknown and will be ignored: [$id, examples]&#10;    level: &quot;warning&quot;&#10;    schema: {&quot;loadingURI&quot;:&quot;#&quot;,&quot;pointer&quot;:&quot;/items/properties/status&quot;}&#10;    domain: &quot;syntax&quot;&#10;    ignored: [&quot;$id&quot;,&quot;examples&quot;]&#10;warning: the following keywords are unknown and will be ignored: [$id]&#10;    level: &quot;warning&quot;&#10;    schema: {&quot;loadingURI&quot;:&quot;#&quot;,&quot;pointer&quot;:&quot;/items/properties/tags&quot;}&#10;    domain: &quot;syntax&quot;&#10;    ignored: [&quot;$id&quot;]&#10;warning: the following keywords are unknown and will be ignored: [$id]&#10;    level: &quot;warning&quot;&#10;    schema: {&quot;loadingURI&quot;:&quot;#&quot;,&quot;pointer&quot;:&quot;/items/properties/tags/items&quot;}&#10;    domain: &quot;syntax&quot;&#10;    ignored: [&quot;$id&quot;]&#10;warning: the following keywords are unknown and will be ignored: [$id, examples]&#10;    level: &quot;warning&quot;&#10;    schema: {&quot;loadingURI&quot;:&quot;#&quot;,&quot;pointer&quot;:&quot;/items/properties/tags/items/properties/id&quot;}&#10;    domain: &quot;syntax&quot;&#10;    ignored: [&quot;$id&quot;,&quot;examples&quot;]&#10;warning: the following keywords are unknown and will be ignored: [$id, examples]&#10;    level: &quot;warning&quot;&#10;    schema: {&quot;loadingURI&quot;:&quot;#&quot;,&quot;pointer&quot;:&quot;/items/properties/tags/items/properties/name&quot;}&#10;    domain: &quot;syntax&quot;&#10;    ignored: [&quot;$id&quot;,&quot;examples&quot;]&#10;warning: the following keywords are unknown and will be ignored: [$id]&#10;    level: &quot;warning&quot;&#10;    schema: {&quot;loadingURI&quot;:&quot;#&quot;,&quot;pointer&quot;:&quot;/items&quot;}&#10;    domain: &quot;syntax&quot;&#10;    ignored: [&quot;$id&quot;]&#10;warning: the following keywords are unknown and will be ignored: [$id]&#10;    level: &quot;warning&quot;&#10;    schema: {&quot;loadingURI&quot;:&quot;#&quot;,&quot;pointer&quot;:&quot;/items/properties/category&quot;}&#10;    domain: &quot;syntax&quot;&#10;    ignored: [&quot;$id&quot;]&#10;warning: the following keywords are unknown and will be ignored: [$id, examples]&#10;    level: &quot;warning&quot;&#10;    schema: {&quot;loadingURI&quot;:&quot;#&quot;,&quot;pointer&quot;:&quot;/items/properties/category/properties/id&quot;}&#10;    domain: &quot;syntax&quot;&#10;    ignored: [&quot;$id&quot;,&quot;examples&quot;]&#10;warning: the following keywords are unknown and will be ignored: [$id, examples]&#10;    level: &quot;warning&quot;&#10;    schema: {&quot;loadingURI&quot;:&quot;#&quot;,&quot;pointer&quot;:&quot;/items/properties/category/properties/name&quot;}&#10;    domain: &quot;syntax&quot;&#10;    ignored: [&quot;$id&quot;,&quot;examples&quot;]&#10;warning: the following keywords are unknown and will be ignored: [$id, examples]&#10;    level: &quot;warning&quot;&#10;    schema: {&quot;loadingURI&quot;:&quot;#&quot;,&quot;pointer&quot;:&quot;/items/properties/id&quot;}&#10;    domain: &quot;syntax&quot;&#10;    ignored: [&quot;$id&quot;,&quot;examples&quot;]&#10;warning: the following keywords are unknown and will be ignored: [$id, examples]&#10;    level: &quot;warning&quot;&#10;    schema: {&quot;loadingURI&quot;:&quot;#&quot;,&quot;pointer&quot;:&quot;/items/properties/name&quot;}&#10;    domain: &quot;syntax&quot;&#10;    ignored: [&quot;$id&quot;,&quot;examples&quot;]&#10;warning: the following keywords are unknown and will be ignored: [$id]&#10;    level: &quot;warning&quot;&#10;    schema: {&quot;loadingURI&quot;:&quot;#&quot;,&quot;pointer&quot;:&quot;/items/properties/photoUrls&quot;}&#10;    domain: &quot;syntax&quot;&#10;    ignored: [&quot;$id&quot;]&#10;warning: the following keywords are unknown and will be ignored: [$id, examples]&#10;    level: &quot;warning&quot;&#10;    schema: {&quot;loadingURI&quot;:&quot;#&quot;,&quot;pointer&quot;:&quot;/items/properties/photoUrls/items&quot;}&#10;    domain: &quot;syntax&quot;&#10;    ignored: [&quot;$id&quot;,&quot;examples&quot;]&#10;warning: the following keywords are unknown and will be ignored: [$id, examples]&#10;    level: &quot;warning&quot;&#10;    schema: {&quot;loadingURI&quot;:&quot;#&quot;,&quot;pointer&quot;:&quot;/items/properties/status&quot;}&#10;    domain: &quot;syntax&quot;&#10;    ignored: [&quot;$id&quot;,&quot;examples&quot;]&#10;warning: the following keywords are unknown and will be ignored: [$id]&#10;    level: &quot;warning&quot;&#10;    schema: {&quot;loadingURI&quot;:&quot;#&quot;,&quot;pointer&quot;:&quot;/items/properties/tags&quot;}&#10;    domain: &quot;syntax&quot;&#10;    ignored: [&quot;$id&quot;]&#10;warning: the following keywords are unknown and will be ignored: [$id]&#10;    level: &quot;warning&quot;&#10;    schema: {&quot;loadingURI&quot;:&quot;#&quot;,&quot;pointer&quot;:&quot;/items/properties/tags/items&quot;}&#10;    domain: &quot;syntax&quot;&#10;    ignored: [&quot;$id&quot;]&#10;warning: the following keywords are unknown and will be ignored: [$id, examples]&#10;    level: &quot;warning&quot;&#10;    schema: {&quot;loadingURI&quot;:&quot;#&quot;,&quot;pointer&quot;:&quot;/items/properties/tags/items/properties/id&quot;}&#10;    domain: &quot;syntax&quot;&#10;    ignored: [&quot;$id&quot;,&quot;examples&quot;]&#10;warning: the following keywords are unknown and will be ignored: [$id, examples]&#10;    level: &quot;warning&quot;&#10;    schema: {&quot;loadingURI&quot;:&quot;#&quot;,&quot;pointer&quot;:&quot;/items/properties/tags/items/properties/name&quot;}&#10;    domain: &quot;syntax&quot;&#10;    ignored: [&quot;$id&quot;,&quot;examples&quot;]&#10;warning: the following keywords are unknown and will be ignored: [$id]&#10;    level: &quot;warning&quot;&#10;    schema: {&quot;loadingURI&quot;:&quot;#&quot;,&quot;pointer&quot;:&quot;/items&quot;}&#10;    domain: &quot;syntax&quot;&#10;    ignored: [&quot;$id&quot;]&#10;warning: the following keywords are unknown and will be ignored: [$id]&#10;    level: &quot;warning&quot;&#10;    schema: {&quot;loadingURI&quot;:&quot;#&quot;,&quot;pointer&quot;:&quot;/items/properties/category&quot;}&#10;    domain: &quot;syntax&quot;&#10;    ignored: [&quot;$id&quot;]&#10;warning: the following keywords are unknown and will be ignored: [$id, examples]&#10;    level: &quot;warning&quot;&#10;    schema: {&quot;loadingURI&quot;:&quot;#&quot;,&quot;pointer&quot;:&quot;/items/properties/category/properties/id&quot;}&#10;    domain: &quot;syntax&quot;&#10;    ignored: [&quot;$id&quot;,&quot;examples&quot;]&#10;warning: the following keywords are unknown and will be ignored: [$id, examples]&#10;    level: &quot;warning&quot;&#10;    schema: {&quot;loadingURI&quot;:&quot;#&quot;,&quot;pointer&quot;:&quot;/items/properties/category/properties/name&quot;}&#10;    domain: &quot;syntax&quot;&#10;    ignored: [&quot;$id&quot;,&quot;examples&quot;]&#10;warning: the following keywords are unknown and will be ignored: [$id, examples]&#10;    level: &quot;warning&quot;&#10;    schema: {&quot;loadingURI&quot;:&quot;#&quot;,&quot;pointer&quot;:&quot;/items/properties/id&quot;}&#10;    domain: &quot;syntax&quot;&#10;    ignored: [&quot;$id&quot;,&quot;examples&quot;]&#10;warning: the following keywords are unknown and will be ignored: [$id, examples]&#10;    level: &quot;warning&quot;&#10;    schema: {&quot;loadingURI&quot;:&quot;#&quot;,&quot;pointer&quot;:&quot;/items/properties/name&quot;}&#10;    domain: &quot;syntax&quot;&#10;    ignored: [&quot;$id&quot;,&quot;examples&quot;]&#10;warning: the following keywords are unknown and will be ignored: [$id]&#10;    level: &quot;warning&quot;&#10;    schema: {&quot;loadingURI&quot;:&quot;#&quot;,&quot;pointer&quot;:&quot;/items/properties/photoUrls&quot;}&#10;    domain: &quot;syntax&quot;&#10;    ignored: [&quot;$id&quot;]&#10;warning: the following keywords are unknown and will be ignored: [$id, examples]&#10;    level: &quot;warning&quot;&#10;    schema: {&quot;loadingURI&quot;:&quot;#&quot;,&quot;pointer&quot;:&quot;/items/properties/photoUrls/items&quot;}&#10;    domain: &quot;syntax&quot;&#10;    ignored: [&quot;$id&quot;,&quot;examples&quot;]&#10;warning: the following keywords are unknown and will be ignored: [$id, examples]&#10;    level: &quot;warning&quot;&#10;    schema: {&quot;loadingURI&quot;:&quot;#&quot;,&quot;pointer&quot;:&quot;/items/properties/status&quot;}&#10;    domain: &quot;syntax&quot;&#10;    ignored: [&quot;$id&quot;,&quot;examples&quot;]&#10;warning: the following keywords are unknown and will be ignored: [$id]&#10;    level: &quot;warning&quot;&#10;    schema: {&quot;loadingURI&quot;:&quot;#&quot;,&quot;pointer&quot;:&quot;/items/properties/tags&quot;}&#10;    domain: &quot;syntax&quot;&#10;    ignored: [&quot;$id&quot;]&#10;warning: the following keywords are unknown and will be ignored: [$id]&#10;    level: &quot;warning&quot;&#10;    schema: {&quot;loadingURI&quot;:&quot;#&quot;,&quot;pointer&quot;:&quot;/items/properties/tags/items&quot;}&#10;    domain: &quot;syntax&quot;&#10;    ignored: [&quot;$id&quot;]&#10;warning: the following keywords are unknown and will be ignored: [$id, examples]&#10;    level: &quot;warning&quot;&#10;    schema: {&quot;loadingURI&quot;:&quot;#&quot;,&quot;pointer&quot;:&quot;/items/properties/tags/items/properties/id&quot;}&#10;    domain: &quot;syntax&quot;&#10;    ignored: [&quot;$id&quot;,&quot;examples&quot;]&#10;warning: the following keywords are unknown and will be ignored: [$id, examples]&#10;    level: &quot;warning&quot;&#10;    schema: {&quot;loadingURI&quot;:&quot;#&quot;,&quot;pointer&quot;:&quot;/items/properties/tags/items/properties/name&quot;}&#10;    domain: &quot;syntax&quot;&#10;    ignored: [&quot;$id&quot;,&quot;examples&quot;]&#10;warning: the following keywords are unknown and will be ignored: [$id]&#10;    level: &quot;warning&quot;&#10;    schema: {&quot;loadingURI&quot;:&quot;#&quot;,&quot;pointer&quot;:&quot;/items&quot;}&#10;    domain: &quot;syntax&quot;&#10;    ignored: [&quot;$id&quot;]&#10;warning: the following keywords are unknown and will be ignored: [$id]&#10;    level: &quot;warning&quot;&#10;    schema: {&quot;loadingURI&quot;:&quot;#&quot;,&quot;pointer&quot;:&quot;/items/properties/category&quot;}&#10;    domain: &quot;syntax&quot;&#10;    ignored: [&quot;$id&quot;]&#10;warning: the following keywords are unknown and will be ignored: [$id, examples]&#10;    level: &quot;warning&quot;&#10;    schema: {&quot;loadingURI&quot;:&quot;#&quot;,&quot;pointer&quot;:&quot;/items/properties/category/properties/id&quot;}&#10;    domain: &quot;syntax&quot;&#10;    ignored: [&quot;$id&quot;,&quot;examples&quot;]&#10;warning: the following keywords are unknown and will be ignored: [$id, examples]&#10;    level: &quot;warning&quot;&#10;    schema: {&quot;loadingURI&quot;:&quot;#&quot;,&quot;pointer&quot;:&quot;/items/properties/category/properties/name&quot;}&#10;    domain: &quot;syntax&quot;&#10;    ignored: [&quot;$id&quot;,&quot;examples&quot;]&#10;warning: the following keywords are unknown and will be ignored: [$id, examples]&#10;    level: &quot;warning&quot;&#10;    schema: {&quot;loadingURI&quot;:&quot;#&quot;,&quot;pointer&quot;:&quot;/items/properties/id&quot;}&#10;    domain: &quot;syntax&quot;&#10;    ignored: [&quot;$id&quot;,&quot;examples&quot;]&#10;warning: the following keywords are unknown and will be ignored: [$id, examples]&#10;    level: &quot;warning&quot;&#10;    schema: {&quot;loadingURI&quot;:&quot;#&quot;,&quot;pointer&quot;:&quot;/items/properties/name&quot;}&#10;    domain: &quot;syntax&quot;&#10;    ignored: [&quot;$id&quot;,&quot;examples&quot;]&#10;warning: the following keywords are unknown and will be ignored: [$id]&#10;    level: &quot;warning&quot;&#10;    schema: {&quot;loadingURI&quot;:&quot;#&quot;,&quot;pointer&quot;:&quot;/items/properties/photoUrls&quot;}&#10;    domain: &quot;syntax&quot;&#10;    ignored: [&quot;$id&quot;]&#10;warning: the following keywords are unknown and will be ignored: [$id, examples]&#10;    level: &quot;warning&quot;&#10;    schema: {&quot;loadingURI&quot;:&quot;#&quot;,&quot;pointer&quot;:&quot;/items/properties/photoUrls/items&quot;}&#10;    domain: &quot;syntax&quot;&#10;    ignored: [&quot;$id&quot;,&quot;examples&quot;]&#10;warning: the following keywords are unknown and will be ignored: [$id, examples]&#10;    level: &quot;warning&quot;&#10;    schema: {&quot;loadingURI&quot;:&quot;#&quot;,&quot;pointer&quot;:&quot;/items/properties/status&quot;}&#10;    domain: &quot;syntax&quot;&#10;    ignored: [&quot;$id&quot;,&quot;examples&quot;]&#10;warning: the following keywords are unknown and will be ignored: [$id]&#10;    level: &quot;warning&quot;&#10;    schema: {&quot;loadingURI&quot;:&quot;#&quot;,&quot;pointer&quot;:&quot;/items/properties/tags&quot;}&#10;    domain: &quot;syntax&quot;&#10;    ignored: [&quot;$id&quot;]&#10;warning: the following keywords are unknown and will be ignored: [$id]&#10;    level: &quot;warning&quot;&#10;    schema: {&quot;loadingURI&quot;:&quot;#&quot;,&quot;pointer&quot;:&quot;/items/properties/tags/items&quot;}&#10;    domain: &quot;syntax&quot;&#10;    ignored: [&quot;$id&quot;]&#10;warning: the following keywords are unknown and will be ignored: [$id, examples]&#10;    level: &quot;warning&quot;&#10;    schema: {&quot;loadingURI&quot;:&quot;#&quot;,&quot;pointer&quot;:&quot;/items/properties/tags/items/properties/id&quot;}&#10;    domain: &quot;syntax&quot;&#10;    ignored: [&quot;$id&quot;,&quot;examples&quot;]&#10;warning: the following keywords are unknown and will be ignored: [$id, examples]&#10;    level: &quot;warning&quot;&#10;    schema: {&quot;loadingURI&quot;:&quot;#&quot;,&quot;pointer&quot;:&quot;/items/properties/tags/items/properties/name&quot;}&#10;    domain: &quot;syntax&quot;&#10;    ignored: [&quot;$id&quot;,&quot;examples&quot;]&#10;warning: the following keywords are unknown and will be ignored: [$id]&#10;    level: &quot;warning&quot;&#10;    schema: {&quot;loadingURI&quot;:&quot;#&quot;,&quot;pointer&quot;:&quot;/items&quot;}&#10;    domain: &quot;syntax&quot;&#10;    ignored: [&quot;$id&quot;]&#10;warning: the following keywords are unknown and will be ignored: [$id]&#10;    level: &quot;warning&quot;&#10;    schema: {&quot;loadingURI&quot;:&quot;#&quot;,&quot;pointer&quot;:&quot;/items/properties/category&quot;}&#10;    domain: &quot;syntax&quot;&#10;    ignored: [&quot;$id&quot;]&#10;warning: the following keywords are unknown and will be ignored: [$id, examples]&#10;    level: &quot;warning&quot;&#10;    schema: {&quot;loadingURI&quot;:&quot;#&quot;,&quot;pointer&quot;:&quot;/items/properties/category/properties/id&quot;}&#10;    domain: &quot;syntax&quot;&#10;    ignored: [&quot;$id&quot;,&quot;examples&quot;]&#10;warning: the following keywords are unknown and will be ignored: [$id, examples]&#10;    level: &quot;warning&quot;&#10;    schema: {&quot;loadingURI&quot;:&quot;#&quot;,&quot;pointer&quot;:&quot;/items/properties/category/properties/name&quot;}&#10;    domain: &quot;syntax&quot;&#10;    ignored: [&quot;$id&quot;,&quot;examples&quot;]&#10;warning: the following keywords are unknown and will be ignored: [$id, examples]&#10;    level: &quot;warning&quot;&#10;    schema: {&quot;loadingURI&quot;:&quot;#&quot;,&quot;pointer&quot;:&quot;/items/properties/id&quot;}&#10;    domain: &quot;syntax&quot;&#10;    ignored: [&quot;$id&quot;,&quot;examples&quot;]&#10;warning: the following keywords are unknown and will be ignored: [$id, examples]&#10;    level: &quot;warning&quot;&#10;    schema: {&quot;loadingURI&quot;:&quot;#&quot;,&quot;pointer&quot;:&quot;/items/properties/name&quot;}&#10;    domain: &quot;syntax&quot;&#10;    ignored: [&quot;$id&quot;,&quot;examples&quot;]&#10;warning: the following keywords are unknown and will be ignored: [$id]&#10;    level: &quot;warning&quot;&#10;    schema: {&quot;loadingURI&quot;:&quot;#&quot;,&quot;pointer&quot;:&quot;/items/properties/photoUrls&quot;}&#10;    domain: &quot;syntax&quot;&#10;    ignored: [&quot;$id&quot;]&#10;warning: the following keywords are unknown and will be ignored: [$id, examples]&#10;    level: &quot;warning&quot;&#10;    schema: {&quot;loadingURI&quot;:&quot;#&quot;,&quot;pointer&quot;:&quot;/items/properties/photoUrls/items&quot;}&#10;    domain: &quot;syntax&quot;&#10;    ignored: [&quot;$id&quot;,&quot;examples&quot;]&#10;warning: the following keywords are unknown and will be ignored: [$id, examples]&#10;    level: &quot;warning&quot;&#10;    schema: {&quot;loadingURI&quot;:&quot;#&quot;,&quot;pointer&quot;:&quot;/items/properties/status&quot;}&#10;    domain: &quot;syntax&quot;&#10;    ignored: [&quot;$id&quot;,&quot;examples&quot;]&#10;warning: the following keywords are unknown and will be ignored: [$id]&#10;    level: &quot;warning&quot;&#10;    schema: {&quot;loadingURI&quot;:&quot;#&quot;,&quot;pointer&quot;:&quot;/items/properties/tags&quot;}&#10;    domain: &quot;syntax&quot;&#10;    ignored: [&quot;$id&quot;]&#10;warning: the following keywords are unknown and will be ignored: [$id]&#10;    level: &quot;warning&quot;&#10;    schema: {&quot;loadingURI&quot;:&quot;#&quot;,&quot;pointer&quot;:&quot;/items/properties/tags/items&quot;}&#10;    domain: &quot;syntax&quot;&#10;    ignored: [&quot;$id&quot;]&#10;warning: the following keywords are unknown and will be ignored: [$id, examples]&#10;    level: &quot;warning&quot;&#10;    schema: {&quot;loadingURI&quot;:&quot;#&quot;,&quot;pointer&quot;:&quot;/items/properties/tags/items/properties/id&quot;}&#10;    domain: &quot;syntax&quot;&#10;    ignored: [&quot;$id&quot;,&quot;examples&quot;]&#10;warning: the following keywords are unknown and will be ignored: [$id, examples]&#10;    level: &quot;warning&quot;&#10;    schema: {&quot;loadingURI&quot;:&quot;#&quot;,&quot;pointer&quot;:&quot;/items/properties/tags/items/properties/name&quot;}&#10;    domain: &quot;syntax&quot;&#10;    ignored: [&quot;$id&quot;,&quot;examples&quot;]&#10;warning: the following keywords are unknown and will be ignored: [$id]&#10;    level: &quot;warning&quot;&#10;    schema: {&quot;loadingURI&quot;:&quot;#&quot;,&quot;pointer&quot;:&quot;/items&quot;}&#10;    domain: &quot;syntax&quot;&#10;    ignored: [&quot;$id&quot;]&#10;warning: the following keywords are unknown and will be ignored: [$id]&#10;    level: &quot;warning&quot;&#10;    schema: {&quot;loadingURI&quot;:&quot;#&quot;,&quot;pointer&quot;:&quot;/items/properties/category&quot;}&#10;    domain: &quot;syntax&quot;&#10;    ignored: [&quot;$id&quot;]&#10;warning: the following keywords are unknown and will be ignored: [$id, examples]&#10;    level: &quot;warning&quot;&#10;    schema: {&quot;loadingURI&quot;:&quot;#&quot;,&quot;pointer&quot;:&quot;/items/properties/category/properties/id&quot;}&#10;    domain: &quot;syntax&quot;&#10;    ignored: [&quot;$id&quot;,&quot;examples&quot;]&#10;warning: the following keywords are unknown and will be ignored: [$id, examples]&#10;    level: &quot;warning&quot;&#10;    schema: {&quot;loadingURI&quot;:&quot;#&quot;,&quot;pointer&quot;:&quot;/items/properties/category/properties/name&quot;}&#10;    domain: &quot;syntax&quot;&#10;    ignored: [&quot;$id&quot;,&quot;examples&quot;]&#10;warning: the following keywords are unknown and will be ignored: [$id, examples]&#10;    level: &quot;warning&quot;&#10;    schema: {&quot;loadingURI&quot;:&quot;#&quot;,&quot;pointer&quot;:&quot;/items/properties/id&quot;}&#10;    domain: &quot;syntax&quot;&#10;    ignored: [&quot;$id&quot;,&quot;examples&quot;]&#10;warning: the following keywords are unknown and will be ignored: [$id, examples]&#10;    level: &quot;warning&quot;&#10;    schema: {&quot;loadingURI&quot;:&quot;#&quot;,&quot;pointer&quot;:&quot;/items/properties/name&quot;}&#10;    domain: &quot;syntax&quot;&#10;    ignored: [&quot;$id&quot;,&quot;examples&quot;]&#10;warning: the following keywords are unknown and will be ignored: [$id]&#10;    level: &quot;warning&quot;&#10;    schema: {&quot;loadingURI&quot;:&quot;#&quot;,&quot;pointer&quot;:&quot;/items/properties/photoUrls&quot;}&#10;    domain: &quot;syntax&quot;&#10;    ignored: [&quot;$id&quot;]&#10;warning: the following keywords are unknown and will be ignored: [$id, examples]&#10;    level: &quot;warning&quot;&#10;    schema: {&quot;loadingURI&quot;:&quot;#&quot;,&quot;pointer&quot;:&quot;/items/properties/photoUrls/items&quot;}&#10;    domain: &quot;syntax&quot;&#10;    ignored: [&quot;$id&quot;,&quot;examples&quot;]&#10;warning: the following keywords are unknown and will be ignored: [$id, examples]&#10;    level: &quot;warning&quot;&#10;    schema: {&quot;loadingURI&quot;:&quot;#&quot;,&quot;pointer&quot;:&quot;/items/properties/status&quot;}&#10;    domain: &quot;syntax&quot;&#10;    ignored: [&quot;$id&quot;,&quot;examples&quot;]&#10;warning: the following keywords are unknown and will be ignored: [$id]&#10;    level: &quot;warning&quot;&#10;    schema: {&quot;loadingURI&quot;:&quot;#&quot;,&quot;pointer&quot;:&quot;/items/properties/tags&quot;}&#10;    domain: &quot;syntax&quot;&#10;    ignored: [&quot;$id&quot;]&#10;warning: the following keywords are unknown and will be ignored: [$id]&#10;    level: &quot;warning&quot;&#10;    schema: {&quot;loadingURI&quot;:&quot;#&quot;,&quot;pointer&quot;:&quot;/items/properties/tags/items&quot;}&#10;    domain: &quot;syntax&quot;&#10;    ignored: [&quot;$id&quot;]&#10;warning: the following keywords are unknown and will be ignored: [$id, examples]&#10;    level: &quot;warning&quot;&#10;    schema: {&quot;loadingURI&quot;:&quot;#&quot;,&quot;pointer&quot;:&quot;/items/properties/tags/items/properties/id&quot;}&#10;    domain: &quot;syntax&quot;&#10;    ignored: [&quot;$id&quot;,&quot;examples&quot;]&#10;warning: the following keywords are unknown and will be ignored: [$id, examples]&#10;    level: &quot;warning&quot;&#10;    schema: {&quot;loadingURI&quot;:&quot;#&quot;,&quot;pointer&quot;:&quot;/items/properties/tags/items/properties/name&quot;}&#10;    domain: &quot;syntax&quot;&#10;    ignored: [&quot;$id&quot;,&quot;examples&quot;]&#10;warning: the following keywords are unknown and will be ignored: [$id]&#10;    level: &quot;warning&quot;&#10;    schema: {&quot;loadingURI&quot;:&quot;#&quot;,&quot;pointer&quot;:&quot;/items&quot;}&#10;    domain: &quot;syntax&quot;&#10;    ignored: [&quot;$id&quot;]&#10;warning: the following keywords are unknown and will be ignored: [$id]&#10;    level: &quot;warning&quot;&#10;    schema: {&quot;loadingURI&quot;:&quot;#&quot;,&quot;pointer&quot;:&quot;/items/properties/category&quot;}&#10;    domain: &quot;syntax&quot;&#10;    ignored: [&quot;$id&quot;]&#10;warning: the following keywords are unknown and will be ignored: [$id, examples]&#10;    level: &quot;warning&quot;&#10;    schema: {&quot;loadingURI&quot;:&quot;#&quot;,&quot;pointer&quot;:&quot;/items/properties/category/properties/id&quot;}&#10;    domain: &quot;syntax&quot;&#10;    ignored: [&quot;$id&quot;,&quot;examples&quot;]&#10;warning: the following keywords are unknown and will be ignored: [$id, examples]&#10;    level: &quot;warning&quot;&#10;    schema: {&quot;loadingURI&quot;:&quot;#&quot;,&quot;pointer&quot;:&quot;/items/properties/category/properties/name&quot;}&#10;    domain: &quot;syntax&quot;&#10;    ignored: [&quot;$id&quot;,&quot;examples&quot;]&#10;warning: the following keywords are unknown and will be ignored: [$id, examples]&#10;    level: &quot;warning&quot;&#10;    schema: {&quot;loadingURI&quot;:&quot;#&quot;,&quot;pointer&quot;:&quot;/items/properties/id&quot;}&#10;    domain: &quot;syntax&quot;&#10;    ignored: [&quot;$id&quot;,&quot;examples&quot;]&#10;warning: the following keywords are unknown and will be ignored: [$id, examples]&#10;    level: &quot;warning&quot;&#10;    schema: {&quot;loadingURI&quot;:&quot;#&quot;,&quot;pointer&quot;:&quot;/items/properties/name&quot;}&#10;    domain: &quot;syntax&quot;&#10;    ignored: [&quot;$id&quot;,&quot;examples&quot;]&#10;warning: the following keywords are unknown and will be ignored: [$id]&#10;    level: &quot;warning&quot;&#10;    schema: {&quot;loadingURI&quot;:&quot;#&quot;,&quot;pointer&quot;:&quot;/items/properties/photoUrls&quot;}&#10;    domain: &quot;syntax&quot;&#10;    ignored: [&quot;$id&quot;]&#10;warning: the following keywords are unknown and will be ignored: [$id, examples]&#10;    level: &quot;warning&quot;&#10;    schema: {&quot;loadingURI&quot;:&quot;#&quot;,&quot;pointer&quot;:&quot;/items/properties/photoUrls/items&quot;}&#10;    domain: &quot;syntax&quot;&#10;    ignored: [&quot;$id&quot;,&quot;examples&quot;]&#10;warning: the following keywords are unknown and will be ignored: [$id, examples]&#10;    level: &quot;warning&quot;&#10;    schema: {&quot;loadingURI&quot;:&quot;#&quot;,&quot;pointer&quot;:&quot;/items/properties/status&quot;}&#10;    domain: &quot;syntax&quot;&#10;    ignored: [&quot;$id&quot;,&quot;examples&quot;]&#10;warning: the following keywords are unknown and will be ignored: [$id]&#10;    level: &quot;warning&quot;&#10;    schema: {&quot;loadingURI&quot;:&quot;#&quot;,&quot;pointer&quot;:&quot;/items/properties/tags&quot;}&#10;    domain: &quot;syntax&quot;&#10;    ignored: [&quot;$id&quot;]&#10;warning: the following keywords are unknown and will be ignored: [$id]&#10;    level: &quot;warning&quot;&#10;    schema: {&quot;loadingURI&quot;:&quot;#&quot;,&quot;pointer&quot;:&quot;/items/properties/tags/items&quot;}&#10;    domain: &quot;syntax&quot;&#10;    ignored: [&quot;$id&quot;]&#10;warning: the following keywords are unknown and will be ignored: [$id, examples]&#10;    level: &quot;warning&quot;&#10;    schema: {&quot;loadingURI&quot;:&quot;#&quot;,&quot;pointer&quot;:&quot;/items/properties/tags/items/properties/id&quot;}&#10;    domain: &quot;syntax&quot;&#10;    ignored: [&quot;$id&quot;,&quot;examples&quot;]&#10;warning: the following keywords are unknown and will be ignored: [$id, examples]&#10;    level: &quot;warning&quot;&#10;    schema: {&quot;loadingURI&quot;:&quot;#&quot;,&quot;pointer&quot;:&quot;/items/properties/tags/items/properties/name&quot;}&#10;    domain: &quot;syntax&quot;&#10;    ignored: [&quot;$id&quot;,&quot;examples&quot;]&#10;warning: the following keywords are unknown and will be ignored: [$id]&#10;    level: &quot;warning&quot;&#10;    schema: {&quot;loadingURI&quot;:&quot;#&quot;,&quot;pointer&quot;:&quot;/items&quot;}&#10;    domain: &quot;syntax&quot;&#10;    ignored: [&quot;$id&quot;]&#10;warning: the following keywords are unknown and will be ignored: [$id]&#10;    level: &quot;warning&quot;&#10;    schema: {&quot;loadingURI&quot;:&quot;#&quot;,&quot;pointer&quot;:&quot;/items/properties/category&quot;}&#10;    domain: &quot;syntax&quot;&#10;    ignored: [&quot;$id&quot;]&#10;warning: the following keywords are unknown and will be ignored: [$id, examples]&#10;    level: &quot;warning&quot;&#10;    schema: {&quot;loadingURI&quot;:&quot;#&quot;,&quot;pointer&quot;:&quot;/items/properties/category/properties/id&quot;}&#10;    domain: &quot;syntax&quot;&#10;    ignored: [&quot;$id&quot;,&quot;examples&quot;]&#10;warning: the following keywords are unknown and will be ignored: [$id, examples]&#10;    level: &quot;warning&quot;&#10;    schema: {&quot;loadingURI&quot;:&quot;#&quot;,&quot;pointer&quot;:&quot;/items/properties/category/properties/name&quot;}&#10;    domain: &quot;syntax&quot;&#10;    ignored: [&quot;$id&quot;,&quot;examples&quot;]&#10;warning: the following keywords are unknown and will be ignored: [$id, examples]&#10;    level: &quot;warning&quot;&#10;    schema: {&quot;loadingURI&quot;:&quot;#&quot;,&quot;pointer&quot;:&quot;/items/properties/id&quot;}&#10;    domain: &quot;syntax&quot;&#10;    ignored: [&quot;$id&quot;,&quot;examples&quot;]&#10;warning: the following keywords are unknown and will be ignored: [$id, examples]&#10;    level: &quot;warning&quot;&#10;    schema: {&quot;loadingURI&quot;:&quot;#&quot;,&quot;pointer&quot;:&quot;/items/properties/name&quot;}&#10;    domain: &quot;syntax&quot;&#10;    ignored: [&quot;$id&quot;,&quot;examples&quot;]&#10;warning: the following keywords are unknown and will be ignored: [$id]&#10;    level: &quot;warning&quot;&#10;    schema: {&quot;loadingURI&quot;:&quot;#&quot;,&quot;pointer&quot;:&quot;/items/properties/photoUrls&quot;}&#10;    domain: &quot;syntax&quot;&#10;    ignored: [&quot;$id&quot;]&#10;warning: the following keywords are unknown and will be ignored: [$id, examples]&#10;    level: &quot;warning&quot;&#10;    schema: {&quot;loadingURI&quot;:&quot;#&quot;,&quot;pointer&quot;:&quot;/items/properties/photoUrls/items&quot;}&#10;    domain: &quot;syntax&quot;&#10;    ignored: [&quot;$id&quot;,&quot;examples&quot;]&#10;warning: the following keywords are unknown and will be ignored: [$id, examples]&#10;    level: &quot;warning&quot;&#10;    schema: {&quot;loadingURI&quot;:&quot;#&quot;,&quot;pointer&quot;:&quot;/items/properties/status&quot;}&#10;    domain: &quot;syntax&quot;&#10;    ignored: [&quot;$id&quot;,&quot;examples&quot;]&#10;warning: the following keywords are unknown and will be ignored: [$id]&#10;    level: &quot;warning&quot;&#10;    schema: {&quot;loadingURI&quot;:&quot;#&quot;,&quot;pointer&quot;:&quot;/items/properties/tags&quot;}&#10;    domain: &quot;syntax&quot;&#10;    ignored: [&quot;$id&quot;]&#10;warning: the following keywords are unknown and will be ignored: [$id]&#10;    level: &quot;warning&quot;&#10;    schema: {&quot;loadingURI&quot;:&quot;#&quot;,&quot;pointer&quot;:&quot;/items/properties/tags/items&quot;}&#10;    domain: &quot;syntax&quot;&#10;    ignored: [&quot;$id&quot;]&#10;warning: the following keywords are unknown and will be ignored: [$id, examples]&#10;    level: &quot;warning&quot;&#10;    schema: {&quot;loadingURI&quot;:&quot;#&quot;,&quot;pointer&quot;:&quot;/items/properties/tags/items/properties/id&quot;}&#10;    domain: &quot;syntax&quot;&#10;    ignored: [&quot;$id&quot;,&quot;examples&quot;]&#10;warning: the following keywords are unknown and will be ignored: [$id, examples]&#10;    level: &quot;warning&quot;&#10;    schema: {&quot;loadingURI&quot;:&quot;#&quot;,&quot;pointer&quot;:&quot;/items/properties/tags/items/properties/name&quot;}&#10;    domain: &quot;syntax&quot;&#10;    ignored: [&quot;$id&quot;,&quot;examples&quot;]&#10;warning: the following keywords are unknown and will be ignored: [$id]&#10;    level: &quot;warning&quot;&#10;    schema: {&quot;loadingURI&quot;:&quot;#&quot;,&quot;pointer&quot;:&quot;/items&quot;}&#10;    domain: &quot;syntax&quot;&#10;    ignored: [&quot;$id&quot;]&#10;warning: the following keywords are unknown and will be ignored: [$id]&#10;    level: &quot;warning&quot;&#10;    schema: {&quot;loadingURI&quot;:&quot;#&quot;,&quot;pointer&quot;:&quot;/items/properties/category&quot;}&#10;    domain: &quot;syntax&quot;&#10;    ignored: [&quot;$id&quot;]&#10;warning: the following keywords are unknown and will be ignored: [$id, examples]&#10;    level: &quot;warning&quot;&#10;    schema: {&quot;loadingURI&quot;:&quot;#&quot;,&quot;pointer&quot;:&quot;/items/properties/category/properties/id&quot;}&#10;    domain: &quot;syntax&quot;&#10;    ignored: [&quot;$id&quot;,&quot;examples&quot;]&#10;warning: the following keywords are unknown and will be ignored: [$id, examples]&#10;    level: &quot;warning&quot;&#10;    schema: {&quot;loadingURI&quot;:&quot;#&quot;,&quot;pointer&quot;:&quot;/items/properties/category/properties/name&quot;}&#10;    domain: &quot;syntax&quot;&#10;    ignored: [&quot;$id&quot;,&quot;examples&quot;]&#10;warning: the following keywords are unknown and will be ignored: [$id, examples]&#10;    level: &quot;warning&quot;&#10;    schema: {&quot;loadingURI&quot;:&quot;#&quot;,&quot;pointer&quot;:&quot;/items/properties/id&quot;}&#10;    domain: &quot;syntax&quot;&#10;    ignored: [&quot;$id&quot;,&quot;examples&quot;]&#10;warning: the following keywords are unknown and will be ignored: [$id, examples]&#10;    level: &quot;warning&quot;&#10;    schema: {&quot;loadingURI&quot;:&quot;#&quot;,&quot;pointer&quot;:&quot;/items/properties/name&quot;}&#10;    domain: &quot;syntax&quot;&#10;    ignored: [&quot;$id&quot;,&quot;examples&quot;]&#10;warning: the following keywords are unknown and will be ignored: [$id]&#10;    level: &quot;warning&quot;&#10;    schema: {&quot;loadingURI&quot;:&quot;#&quot;,&quot;pointer&quot;:&quot;/items/properties/photoUrls&quot;}&#10;    domain: &quot;syntax&quot;&#10;    ignored: [&quot;$id&quot;]&#10;warning: the following keywords are unknown and will be ignored: [$id, examples]&#10;    level: &quot;warning&quot;&#10;    schema: {&quot;loadingURI&quot;:&quot;#&quot;,&quot;pointer&quot;:&quot;/items/properties/photoUrls/items&quot;}&#10;    domain: &quot;syntax&quot;&#10;    ignored: [&quot;$id&quot;,&quot;examples&quot;]&#10;warning: the following keywords are unknown and will be ignored: [$id, examples]&#10;    level: &quot;warning&quot;&#10;    schema: {&quot;loadingURI&quot;:&quot;#&quot;,&quot;pointer&quot;:&quot;/items/properties/status&quot;}&#10;    domain: &quot;syntax&quot;&#10;    ignored: [&quot;$id&quot;,&quot;examples&quot;]&#10;warning: the following keywords are unknown and will be ignored: [$id]&#10;    level: &quot;warning&quot;&#10;    schema: {&quot;loadingURI&quot;:&quot;#&quot;,&quot;pointer&quot;:&quot;/items/properties/tags&quot;}&#10;    domain: &quot;syntax&quot;&#10;    ignored: [&quot;$id&quot;]&#10;warning: the following keywords are unknown and will be ignored: [$id]&#10;    level: &quot;warning&quot;&#10;    schema: {&quot;loadingURI&quot;:&quot;#&quot;,&quot;pointer&quot;:&quot;/items/properties/tags/items&quot;}&#10;    domain: &quot;syntax&quot;&#10;    ignored: [&quot;$id&quot;]&#10;warning: the following keywords are unknown and will be ignored: [$id, examples]&#10;    level: &quot;warning&quot;&#10;    schema: {&quot;loadingURI&quot;:&quot;#&quot;,&quot;pointer&quot;:&quot;/items/properties/tags/items/properties/id&quot;}&#10;    domain: &quot;syntax&quot;&#10;    ignored: [&quot;$id&quot;,&quot;examples&quot;]&#10;warning: the following keywords are unknown and will be ignored: [$id, examples]&#10;    level: &quot;warning&quot;&#10;    schema: {&quot;loadingURI&quot;:&quot;#&quot;,&quot;pointer&quot;:&quot;/items/properties/tags/items/properties/name&quot;}&#10;    domain: &quot;syntax&quot;&#10;    ignored: [&quot;$id&quot;,&quot;examples&quot;]&#10;warning: the following keywords are unknown and will be ignored: [$id]&#10;    level: &quot;warning&quot;&#10;    schema: {&quot;loadingURI&quot;:&quot;#&quot;,&quot;pointer&quot;:&quot;/items&quot;}&#10;    domain: &quot;syntax&quot;&#10;    ignored: [&quot;$id&quot;]&#10;warning: the following keywords are unknown and will be ignored: [$id]&#10;    level: &quot;warning&quot;&#10;    schema: {&quot;loadingURI&quot;:&quot;#&quot;,&quot;pointer&quot;:&quot;/items/properties/category&quot;}&#10;    domain: &quot;syntax&quot;&#10;    ignored: [&quot;$id&quot;]&#10;warning: the following keywords are unknown and will be ignored: [$id, examples]&#10;    level: &quot;warning&quot;&#10;    schema: {&quot;loadingURI&quot;:&quot;#&quot;,&quot;pointer&quot;:&quot;/items/properties/category/properties/id&quot;}&#10;    domain: &quot;syntax&quot;&#10;    ignored: [&quot;$id&quot;,&quot;examples&quot;]&#10;warning: the following keywords are unknown and will be ignored: [$id, examples]&#10;    level: &quot;warning&quot;&#10;    schema: {&quot;loadingURI&quot;:&quot;#&quot;,&quot;pointer&quot;:&quot;/items/properties/category/properties/name&quot;}&#10;    domain: &quot;syntax&quot;&#10;    ignored: [&quot;$id&quot;,&quot;examples&quot;]&#10;warning: the following keywords are unknown and will be ignored: [$id, examples]&#10;    level: &quot;warning&quot;&#10;    schema: {&quot;loadingURI&quot;:&quot;#&quot;,&quot;pointer&quot;:&quot;/items/properties/id&quot;}&#10;    domain: &quot;syntax&quot;&#10;    ignored: [&quot;$id&quot;,&quot;examples&quot;]&#10;warning: the following keywords are unknown and will be ignored: [$id, examples]&#10;    level: &quot;warning&quot;&#10;    schema: {&quot;loadingURI&quot;:&quot;#&quot;,&quot;pointer&quot;:&quot;/items/properties/name&quot;}&#10;    domain: &quot;syntax&quot;&#10;    ignored: [&quot;$id&quot;,&quot;examples&quot;]&#10;warning: the following keywords are unknown and will be ignored: [$id]&#10;    level: &quot;warning&quot;&#10;    schema: {&quot;loadingURI&quot;:&quot;#&quot;,&quot;pointer&quot;:&quot;/items/properties/photoUrls&quot;}&#10;    domain: &quot;syntax&quot;&#10;    ignored: [&quot;$id&quot;]&#10;warning: the following keywords are unknown and will be ignored: [$id, examples]&#10;    level: &quot;warning&quot;&#10;    schema: {&quot;loadingURI&quot;:&quot;#&quot;,&quot;pointer&quot;:&quot;/items/properties/photoUrls/items&quot;}&#10;    domain: &quot;syntax&quot;&#10;    ignored: [&quot;$id&quot;,&quot;examples&quot;]&#10;warning: the following keywords are unknown and will be ignored: [$id, examples]&#10;    level: &quot;warning&quot;&#10;    schema: {&quot;loadingURI&quot;:&quot;#&quot;,&quot;pointer&quot;:&quot;/items/properties/status&quot;}&#10;    domain: &quot;syntax&quot;&#10;    ignored: [&quot;$id&quot;,&quot;examples&quot;]&#10;warning: the following keywords are unknown and will be ignored: [$id]&#10;    level: &quot;warning&quot;&#10;    schema: {&quot;loadingURI&quot;:&quot;#&quot;,&quot;pointer&quot;:&quot;/items/properties/tags&quot;}&#10;    domain: &quot;syntax&quot;&#10;    ignored: [&quot;$id&quot;]&#10;warning: the following keywords are unknown and will be ignored: [$id]&#10;    level: &quot;warning&quot;&#10;    schema: {&quot;loadingURI&quot;:&quot;#&quot;,&quot;pointer&quot;:&quot;/items/properties/tags/items&quot;}&#10;    domain: &quot;syntax&quot;&#10;    ignored: [&quot;$id&quot;]&#10;warning: the following keywords are unknown and will be ignored: [$id, examples]&#10;    level: &quot;warning&quot;&#10;    schema: {&quot;loadingURI&quot;:&quot;#&quot;,&quot;pointer&quot;:&quot;/items/properties/tags/items/properties/id&quot;}&#10;    domain: &quot;syntax&quot;&#10;    ignored: [&quot;$id&quot;,&quot;examples&quot;]&#10;warning: the following keywords are unknown and will be ignored: [$id, examples]&#10;    level: &quot;warning&quot;&#10;    schema: {&quot;loadingURI&quot;:&quot;#&quot;,&quot;pointer&quot;:&quot;/items/properties/tags/items/properties/name&quot;}&#10;    domain: &quot;syntax&quot;&#10;    ignored: [&quot;$id&quot;,&quot;examples&quot;]&#10;warning: the following keywords are unknown and will be ignored: [$id]&#10;    level: &quot;warning&quot;&#10;    schema: {&quot;loadingURI&quot;:&quot;#&quot;,&quot;pointer&quot;:&quot;/items&quot;}&#10;    domain: &quot;syntax&quot;&#10;    ignored: [&quot;$id&quot;]&#10;warning: the following keywords are unknown and will be ignored: [$id]&#10;    level: &quot;warning&quot;&#10;    schema: {&quot;loadingURI&quot;:&quot;#&quot;,&quot;pointer&quot;:&quot;/items/properties/category&quot;}&#10;    domain: &quot;syntax&quot;&#10;    ignored: [&quot;$id&quot;]&#10;warning: the following keywords are unknown and will be ignored: [$id, examples]&#10;    level: &quot;warning&quot;&#10;    schema: {&quot;loadingURI&quot;:&quot;#&quot;,&quot;pointer&quot;:&quot;/items/properties/category/properties/id&quot;}&#10;    domain: &quot;syntax&quot;&#10;    ignored: [&quot;$id&quot;,&quot;examples&quot;]&#10;warning: the following keywords are unknown and will be ignored: [$id, examples]&#10;    level: &quot;warning&quot;&#10;    schema: {&quot;loadingURI&quot;:&quot;#&quot;,&quot;pointer&quot;:&quot;/items/properties/category/properties/name&quot;}&#10;    domain: &quot;syntax&quot;&#10;    ignored: [&quot;$id&quot;,&quot;examples&quot;]&#10;warning: the following keywords are unknown and will be ignored: [$id, examples]&#10;    level: &quot;warning&quot;&#10;    schema: {&quot;loadingURI&quot;:&quot;#&quot;,&quot;pointer&quot;:&quot;/items/properties/id&quot;}&#10;    domain: &quot;syntax&quot;&#10;    ignored: [&quot;$id&quot;,&quot;examples&quot;]&#10;warning: the following keywords are unknown and will be ignored: [$id, examples]&#10;    level: &quot;warning&quot;&#10;    schema: {&quot;loadingURI&quot;:&quot;#&quot;,&quot;pointer&quot;:&quot;/items/properties/name&quot;}&#10;    domain: &quot;syntax&quot;&#10;    ignored: [&quot;$id&quot;,&quot;examples&quot;]&#10;warning: the following keywords are unknown and will be ignored: [$id]&#10;    level: &quot;warning&quot;&#10;    schema: {&quot;loadingURI&quot;:&quot;#&quot;,&quot;pointer&quot;:&quot;/items/properties/photoUrls&quot;}&#10;    domain: &quot;syntax&quot;&#10;    ignored: [&quot;$id&quot;]&#10;warning: the following keywords are unknown and will be ignored: [$id, examples]&#10;    level: &quot;warning&quot;&#10;    schema: {&quot;loadingURI&quot;:&quot;#&quot;,&quot;pointer&quot;:&quot;/items/properties/photoUrls/items&quot;}&#10;    domain: &quot;syntax&quot;&#10;    ignored: [&quot;$id&quot;,&quot;examples&quot;]&#10;warning: the following keywords are unknown and will be ignored: [$id, examples]&#10;    level: &quot;warning&quot;&#10;    schema: {&quot;loadingURI&quot;:&quot;#&quot;,&quot;pointer&quot;:&quot;/items/properties/status&quot;}&#10;    domain: &quot;syntax&quot;&#10;    ignored: [&quot;$id&quot;,&quot;examples&quot;]&#10;warning: the following keywords are unknown and will be ignored: [$id]&#10;    level: &quot;warning&quot;&#10;    schema: {&quot;loadingURI&quot;:&quot;#&quot;,&quot;pointer&quot;:&quot;/items/properties/tags&quot;}&#10;    domain: &quot;syntax&quot;&#10;    ignored: [&quot;$id&quot;]&#10;warning: the following keywords are unknown and will be ignored: [$id]&#10;    level: &quot;warning&quot;&#10;    schema: {&quot;loadingURI&quot;:&quot;#&quot;,&quot;pointer&quot;:&quot;/items/properties/tags/items&quot;}&#10;    domain: &quot;syntax&quot;&#10;    ignored: [&quot;$id&quot;]&#10;warning: the following keywords are unknown and will be ignored: [$id, examples]&#10;    level: &quot;warning&quot;&#10;    schema: {&quot;loadingURI&quot;:&quot;#&quot;,&quot;pointer&quot;:&quot;/items/properties/tags/items/properties/id&quot;}&#10;    domain: &quot;syntax&quot;&#10;    ignored: [&quot;$id&quot;,&quot;examples&quot;]&#10;warning: the following keywords are unknown and will be ignored: [$id, examples]&#10;    level: &quot;warning&quot;&#10;    schema: {&quot;loadingURI&quot;:&quot;#&quot;,&quot;pointer&quot;:&quot;/items/properties/tags/items/properties/name&quot;}&#10;    domain: &quot;syntax&quot;&#10;    ignored: [&quot;$id&quot;,&quot;examples&quot;]&#10;warning: the following keywords are unknown and will be ignored: [$id]&#10;    level: &quot;warning&quot;&#10;    schema: {&quot;loadingURI&quot;:&quot;#&quot;,&quot;pointer&quot;:&quot;/items&quot;}&#10;    domain: &quot;syntax&quot;&#10;    ignored: [&quot;$id&quot;]&#10;warning: the following keywords are unknown and will be ignored: [$id]&#10;    level: &quot;warning&quot;&#10;    schema: {&quot;loadingURI&quot;:&quot;#&quot;,&quot;pointer&quot;:&quot;/items/properties/category&quot;}&#10;    domain: &quot;syntax&quot;&#10;    ignored: [&quot;$id&quot;]&#10;warning: the following keywords are unknown and will be ignored: [$id, examples]&#10;    level: &quot;warning&quot;&#10;    schema: {&quot;loadingURI&quot;:&quot;#&quot;,&quot;pointer&quot;:&quot;/items/properties/category/properties/id&quot;}&#10;    domain: &quot;syntax&quot;&#10;    ignored: [&quot;$id&quot;,&quot;examples&quot;]&#10;warning: the following keywords are unknown and will be ignored: [$id, examples]&#10;    level: &quot;warning&quot;&#10;    schema: {&quot;loadingURI&quot;:&quot;#&quot;,&quot;pointer&quot;:&quot;/items/properties/category/properties/name&quot;}&#10;    domain: &quot;syntax&quot;&#10;    ignored: [&quot;$id&quot;,&quot;examples&quot;]&#10;warning: the following keywords are unknown and will be ignored: [$id, examples]&#10;    level: &quot;warning&quot;&#10;    schema: {&quot;loadingURI&quot;:&quot;#&quot;,&quot;pointer&quot;:&quot;/items/properties/id&quot;}&#10;    domain: &quot;syntax&quot;&#10;    ignored: [&quot;$id&quot;,&quot;examples&quot;]&#10;warning: the following keywords are unknown and will be ignored: [$id, examples]&#10;    level: &quot;warning&quot;&#10;    schema: {&quot;loadingURI&quot;:&quot;#&quot;,&quot;pointer&quot;:&quot;/items/properties/name&quot;}&#10;    domain: &quot;syntax&quot;&#10;    ignored: [&quot;$id&quot;,&quot;examples&quot;]&#10;warning: the following keywords are unknown and will be ignored: [$id]&#10;    level: &quot;warning&quot;&#10;    schema: {&quot;loadingURI&quot;:&quot;#&quot;,&quot;pointer&quot;:&quot;/items/properties/photoUrls&quot;}&#10;    domain: &quot;syntax&quot;&#10;    ignored: [&quot;$id&quot;]&#10;warning: the following keywords are unknown and will be ignored: [$id, examples]&#10;    level: &quot;warning&quot;&#10;    schema: {&quot;loadingURI&quot;:&quot;#&quot;,&quot;pointer&quot;:&quot;/items/properties/photoUrls/items&quot;}&#10;    domain: &quot;syntax&quot;&#10;    ignored: [&quot;$id&quot;,&quot;examples&quot;]&#10;warning: the following keywords are unknown and will be ignored: [$id, examples]&#10;    level: &quot;warning&quot;&#10;    schema: {&quot;loadingURI&quot;:&quot;#&quot;,&quot;pointer&quot;:&quot;/items/properties/status&quot;}&#10;    domain: &quot;syntax&quot;&#10;    ignored: [&quot;$id&quot;,&quot;examples&quot;]&#10;warning: the following keywords are unknown and will be ignored: [$id]&#10;    level: &quot;warning&quot;&#10;    schema: {&quot;loadingURI&quot;:&quot;#&quot;,&quot;pointer&quot;:&quot;/items/properties/tags&quot;}&#10;    domain: &quot;syntax&quot;&#10;    ignored: [&quot;$id&quot;]&#10;warning: the following keywords are unknown and will be ignored: [$id]&#10;    level: &quot;warning&quot;&#10;    schema: {&quot;loadingURI&quot;:&quot;#&quot;,&quot;pointer&quot;:&quot;/items/properties/tags/items&quot;}&#10;    domain: &quot;syntax&quot;&#10;    ignored: [&quot;$id&quot;]&#10;warning: the following keywords are unknown and will be ignored: [$id, examples]&#10;    level: &quot;warning&quot;&#10;    schema: {&quot;loadingURI&quot;:&quot;#&quot;,&quot;pointer&quot;:&quot;/items/properties/tags/items/properties/id&quot;}&#10;    domain: &quot;syntax&quot;&#10;    ignored: [&quot;$id&quot;,&quot;examples&quot;]&#10;warning: the following keywords are unknown and will be ignored: [$id, examples]&#10;    level: &quot;warning&quot;&#10;    schema: {&quot;loadingURI&quot;:&quot;#&quot;,&quot;pointer&quot;:&quot;/items/properties/tags/items/properties/name&quot;}&#10;    domain: &quot;syntax&quot;&#10;    ignored: [&quot;$id&quot;,&quot;examples&quot;]&#10;warning: the following keywords are unknown and will be ignored: [$id]&#10;    level: &quot;warning&quot;&#10;    schema: {&quot;loadingURI&quot;:&quot;#&quot;,&quot;pointer&quot;:&quot;/items&quot;}&#10;    domain: &quot;syntax&quot;&#10;    ignored: [&quot;$id&quot;]&#10;warning: the following keywords are unknown and will be ignored: [$id]&#10;    level: &quot;warning&quot;&#10;    schema: {&quot;loadingURI&quot;:&quot;#&quot;,&quot;pointer&quot;:&quot;/items/properties/category&quot;}&#10;    domain: &quot;syntax&quot;&#10;    ignored: [&quot;$id&quot;]&#10;warning: the following keywords are unknown and will be ignored: [$id, examples]&#10;    level: &quot;warning&quot;&#10;    schema: {&quot;loadingURI&quot;:&quot;#&quot;,&quot;pointer&quot;:&quot;/items/properties/category/properties/id&quot;}&#10;    domain: &quot;syntax&quot;&#10;    ignored: [&quot;$id&quot;,&quot;examples&quot;]&#10;warning: the following keywords are unknown and will be ignored: [$id, examples]&#10;    level: &quot;warning&quot;&#10;    schema: {&quot;loadingURI&quot;:&quot;#&quot;,&quot;pointer&quot;:&quot;/items/properties/category/properties/name&quot;}&#10;    domain: &quot;syntax&quot;&#10;    ignored: [&quot;$id&quot;,&quot;examples&quot;]&#10;warning: the following keywords are unknown and will be ignored: [$id, examples]&#10;    level: &quot;warning&quot;&#10;    schema: {&quot;loadingURI&quot;:&quot;#&quot;,&quot;pointer&quot;:&quot;/items/properties/id&quot;}&#10;    domain: &quot;syntax&quot;&#10;    ignored: [&quot;$id&quot;,&quot;examples&quot;]&#10;warning: the following keywords are unknown and will be ignored: [$id, examples]&#10;    level: &quot;warning&quot;&#10;    schema: {&quot;loadingURI&quot;:&quot;#&quot;,&quot;pointer&quot;:&quot;/items/properties/name&quot;}&#10;    domain: &quot;syntax&quot;&#10;    ignored: [&quot;$id&quot;,&quot;examples&quot;]&#10;warning: the following keywords are unknown and will be ignored: [$id]&#10;    level: &quot;warning&quot;&#10;    schema: {&quot;loadingURI&quot;:&quot;#&quot;,&quot;pointer&quot;:&quot;/items/properties/photoUrls&quot;}&#10;    domain: &quot;syntax&quot;&#10;    ignored: [&quot;$id&quot;]&#10;warning: the following keywords are unknown and will be ignored: [$id, examples]&#10;    level: &quot;warning&quot;&#10;    schema: {&quot;loadingURI&quot;:&quot;#&quot;,&quot;pointer&quot;:&quot;/items/properties/photoUrls/items&quot;}&#10;    domain: &quot;syntax&quot;&#10;    ignored: [&quot;$id&quot;,&quot;examples&quot;]&#10;warning: the following keywords are unknown and will be ignored: [$id, examples]&#10;    level: &quot;warning&quot;&#10;    schema: {&quot;loadingURI&quot;:&quot;#&quot;,&quot;pointer&quot;:&quot;/items/properties/status&quot;}&#10;    domain: &quot;syntax&quot;&#10;    ignored: [&quot;$id&quot;,&quot;examples&quot;]&#10;warning: the following keywords are unknown and will be ignored: [$id]&#10;    level: &quot;warning&quot;&#10;    schema: {&quot;loadingURI&quot;:&quot;#&quot;,&quot;pointer&quot;:&quot;/items/properties/tags&quot;}&#10;    domain: &quot;syntax&quot;&#10;    ignored: [&quot;$id&quot;]&#10;warning: the following keywords are unknown and will be ignored: [$id]&#10;    level: &quot;warning&quot;&#10;    schema: {&quot;loadingURI&quot;:&quot;#&quot;,&quot;pointer&quot;:&quot;/items/properties/tags/items&quot;}&#10;    domain: &quot;syntax&quot;&#10;    ignored: [&quot;$id&quot;]&#10;warning: the following keywords are unknown and will be ignored: [$id, examples]&#10;    level: &quot;warning&quot;&#10;    schema: {&quot;loadingURI&quot;:&quot;#&quot;,&quot;pointer&quot;:&quot;/items/properties/tags/items/properties/id&quot;}&#10;    domain: &quot;syntax&quot;&#10;    ignored: [&quot;$id&quot;,&quot;examples&quot;]&#10;warning: the following keywords are unknown and will be ignored: [$id, examples]&#10;    level: &quot;warning&quot;&#10;    schema: {&quot;loadingURI&quot;:&quot;#&quot;,&quot;pointer&quot;:&quot;/items/properties/tags/items/properties/name&quot;}&#10;    domain: &quot;syntax&quot;&#10;    ignored: [&quot;$id&quot;,&quot;examples&quot;]&#10;warning: the following keywords are unknown and will be ignored: [$id]&#10;    level: &quot;warning&quot;&#10;    schema: {&quot;loadingURI&quot;:&quot;#&quot;,&quot;pointer&quot;:&quot;/items&quot;}&#10;    domain: &quot;syntax&quot;&#10;    ignored: [&quot;$id&quot;]&#10;warning: the following keywords are unknown and will be ignored: [$id]&#10;    level: &quot;warning&quot;&#10;    schema: {&quot;loadingURI&quot;:&quot;#&quot;,&quot;pointer&quot;:&quot;/items/properties/category&quot;}&#10;    domain: &quot;syntax&quot;&#10;    ignored: [&quot;$id&quot;]&#10;warning: the following keywords are unknown and will be ignored: [$id, examples]&#10;    level: &quot;warning&quot;&#10;    schema: {&quot;loadingURI&quot;:&quot;#&quot;,&quot;pointer&quot;:&quot;/items/properties/category/properties/id&quot;}&#10;    domain: &quot;syntax&quot;&#10;    ignored: [&quot;$id&quot;,&quot;examples&quot;]&#10;warning: the following keywords are unknown and will be ignored: [$id, examples]&#10;    level: &quot;warning&quot;&#10;    schema: {&quot;loadingURI&quot;:&quot;#&quot;,&quot;pointer&quot;:&quot;/items/properties/category/properties/name&quot;}&#10;    domain: &quot;syntax&quot;&#10;    ignored: [&quot;$id&quot;,&quot;examples&quot;]&#10;warning: the following keywords are unknown and will be ignored: [$id, examples]&#10;    level: &quot;warning&quot;&#10;    schema: {&quot;loadingURI&quot;:&quot;#&quot;,&quot;pointer&quot;:&quot;/items/properties/id&quot;}&#10;    domain: &quot;syntax&quot;&#10;    ignored: [&quot;$id&quot;,&quot;examples&quot;]&#10;warning: the following keywords are unknown and will be ignored: [$id, examples]&#10;    level: &quot;warning&quot;&#10;    schema: {&quot;loadingURI&quot;:&quot;#&quot;,&quot;pointer&quot;:&quot;/items/properties/name&quot;}&#10;    domain: &quot;syntax&quot;&#10;    ignored: [&quot;$id&quot;,&quot;examples&quot;]&#10;warning: the following keywords are unknown and will be ignored: [$id]&#10;    level: &quot;warning&quot;&#10;    schema: {&quot;loadingURI&quot;:&quot;#&quot;,&quot;pointer&quot;:&quot;/items/properties/photoUrls&quot;}&#10;    domain: &quot;syntax&quot;&#10;    ignored: [&quot;$id&quot;]&#10;warning: the following keywords are unknown and will be ignored: [$id, examples]&#10;    level: &quot;warning&quot;&#10;    schema: {&quot;loadingURI&quot;:&quot;#&quot;,&quot;pointer&quot;:&quot;/items/properties/photoUrls/items&quot;}&#10;    domain: &quot;syntax&quot;&#10;    ignored: [&quot;$id&quot;,&quot;examples&quot;]&#10;warning: the following keywords are unknown and will be ignored: [$id, examples]&#10;    level: &quot;warning&quot;&#10;    schema: {&quot;loadingURI&quot;:&quot;#&quot;,&quot;pointer&quot;:&quot;/items/properties/status&quot;}&#10;    domain: &quot;syntax&quot;&#10;    ignored: [&quot;$id&quot;,&quot;examples&quot;]&#10;warning: the following keywords are unknown and will be ignored: [$id]&#10;    level: &quot;warning&quot;&#10;    schema: {&quot;loadingURI&quot;:&quot;#&quot;,&quot;pointer&quot;:&quot;/items/properties/tags&quot;}&#10;    domain: &quot;syntax&quot;&#10;    ignored: [&quot;$id&quot;]&#10;warning: the following keywords are unknown and will be ignored: [$id]&#10;    level: &quot;warning&quot;&#10;    schema: {&quot;loadingURI&quot;:&quot;#&quot;,&quot;pointer&quot;:&quot;/items/properties/tags/items&quot;}&#10;    domain: &quot;syntax&quot;&#10;    ignored: [&quot;$id&quot;]&#10;warning: the following keywords are unknown and will be ignored: [$id, examples]&#10;    level: &quot;warning&quot;&#10;    schema: {&quot;loadingURI&quot;:&quot;#&quot;,&quot;pointer&quot;:&quot;/items/properties/tags/items/properties/id&quot;}&#10;    domain: &quot;syntax&quot;&#10;    ignored: [&quot;$id&quot;,&quot;examples&quot;]&#10;warning: the following keywords are unknown and will be ignored: [$id, examples]&#10;    level: &quot;warning&quot;&#10;    schema: {&quot;loadingURI&quot;:&quot;#&quot;,&quot;pointer&quot;:&quot;/items/properties/tags/items/properties/name&quot;}&#10;    domain: &quot;syntax&quot;&#10;    ignored: [&quot;$id&quot;,&quot;examples&quot;]&#10;warning: the following keywords are unknown and will be ignored: [$id]&#10;    level: &quot;warning&quot;&#10;    schema: {&quot;loadingURI&quot;:&quot;#&quot;,&quot;pointer&quot;:&quot;/items&quot;}&#10;    domain: &quot;syntax&quot;&#10;    ignored: [&quot;$id&quot;]&#10;warning: the following keywords are unknown and will be ignored: [$id]&#10;    level: &quot;warning&quot;&#10;    schema: {&quot;loadingURI&quot;:&quot;#&quot;,&quot;pointer&quot;:&quot;/items/properties/category&quot;}&#10;    domain: &quot;syntax&quot;&#10;    ignored: [&quot;$id&quot;]&#10;warning: the following keywords are unknown and will be ignored: [$id, examples]&#10;    level: &quot;warning&quot;&#10;    schema: {&quot;loadingURI&quot;:&quot;#&quot;,&quot;pointer&quot;:&quot;/items/properties/category/properties/id&quot;}&#10;    domain: &quot;syntax&quot;&#10;    ignored: [&quot;$id&quot;,&quot;examples&quot;]&#10;warning: the following keywords are unknown and will be ignored: [$id, examples]&#10;    level: &quot;warning&quot;&#10;    schema: {&quot;loadingURI&quot;:&quot;#&quot;,&quot;pointer&quot;:&quot;/items/properties/category/properties/name&quot;}&#10;    domain: &quot;syntax&quot;&#10;    ignored: [&quot;$id&quot;,&quot;examples&quot;]&#10;warning: the following keywords are unknown and will be ignored: [$id, examples]&#10;    level: &quot;warning&quot;&#10;    schema: {&quot;loadingURI&quot;:&quot;#&quot;,&quot;pointer&quot;:&quot;/items/properties/id&quot;}&#10;    domain: &quot;syntax&quot;&#10;    ignored: [&quot;$id&quot;,&quot;examples&quot;]&#10;warning: the following keywords are unknown and will be ignored: [$id, examples]&#10;    level: &quot;warning&quot;&#10;    schema: {&quot;loadingURI&quot;:&quot;#&quot;,&quot;pointer&quot;:&quot;/items/properties/name&quot;}&#10;    domain: &quot;syntax&quot;&#10;    ignored: [&quot;$id&quot;,&quot;examples&quot;]&#10;warning: the following keywords are unknown and will be ignored: [$id]&#10;    level: &quot;warning&quot;&#10;    schema: {&quot;loadingURI&quot;:&quot;#&quot;,&quot;pointer&quot;:&quot;/items/properties/photoUrls&quot;}&#10;    domain: &quot;syntax&quot;&#10;    ignored: [&quot;$id&quot;]&#10;warning: the following keywords are unknown and will be ignored: [$id, examples]&#10;    level: &quot;warning&quot;&#10;    schema: {&quot;loadingURI&quot;:&quot;#&quot;,&quot;pointer&quot;:&quot;/items/properties/photoUrls/items&quot;}&#10;    domain: &quot;syntax&quot;&#10;    ignored: [&quot;$id&quot;,&quot;examples&quot;]&#10;warning: the following keywords are unknown and will be ignored: [$id, examples]&#10;    level: &quot;warning&quot;&#10;    schema: {&quot;loadingURI&quot;:&quot;#&quot;,&quot;pointer&quot;:&quot;/items/properties/status&quot;}&#10;    domain: &quot;syntax&quot;&#10;    ignored: [&quot;$id&quot;,&quot;examples&quot;]&#10;warning: the following keywords are unknown and will be ignored: [$id]&#10;    level: &quot;warning&quot;&#10;    schema: {&quot;loadingURI&quot;:&quot;#&quot;,&quot;pointer&quot;:&quot;/items/properties/tags&quot;}&#10;    domain: &quot;syntax&quot;&#10;    ignored: [&quot;$id&quot;]&#10;warning: the following keywords are unknown and will be ignored: [$id]&#10;    level: &quot;warning&quot;&#10;    schema: {&quot;loadingURI&quot;:&quot;#&quot;,&quot;pointer&quot;:&quot;/items/properties/tags/items&quot;}&#10;    domain: &quot;syntax&quot;&#10;    ignored: [&quot;$id&quot;]&#10;warning: the following keywords are unknown and will be ignored: [$id, examples]&#10;    level: &quot;warning&quot;&#10;    schema: {&quot;loadingURI&quot;:&quot;#&quot;,&quot;pointer&quot;:&quot;/items/properties/tags/items/properties/id&quot;}&#10;    domain: &quot;syntax&quot;&#10;    ignored: [&quot;$id&quot;,&quot;examples&quot;]&#10;warning: the following keywords are unknown and will be ignored: [$id, examples]&#10;    level: &quot;warning&quot;&#10;    schema: {&quot;loadingURI&quot;:&quot;#&quot;,&quot;pointer&quot;:&quot;/items/properties/tags/items/properties/name&quot;}&#10;    domain: &quot;syntax&quot;&#10;    ignored: [&quot;$id&quot;,&quot;examples&quot;]&#10;warning: the following keywords are unknown and will be ignored: [$id]&#10;    level: &quot;warning&quot;&#10;    schema: {&quot;loadingURI&quot;:&quot;#&quot;,&quot;pointer&quot;:&quot;/items&quot;}&#10;    domain: &quot;syntax&quot;&#10;    ignored: [&quot;$id&quot;]&#10;warning: the following keywords are unknown and will be ignored: [$id]&#10;    level: &quot;warning&quot;&#10;    schema: {&quot;loadingURI&quot;:&quot;#&quot;,&quot;pointer&quot;:&quot;/items/properties/category&quot;}&#10;    domain: &quot;syntax&quot;&#10;    ignored: [&quot;$id&quot;]&#10;warning: the following keywords are unknown and will be ignored: [$id, examples]&#10;    level: &quot;warning&quot;&#10;    schema: {&quot;loadingURI&quot;:&quot;#&quot;,&quot;pointer&quot;:&quot;/items/properties/category/properties/id&quot;}&#10;    domain: &quot;syntax&quot;&#10;    ignored: [&quot;$id&quot;,&quot;examples&quot;]&#10;warning: the following keywords are unknown and will be ignored: [$id, examples]&#10;    level: &quot;warning&quot;&#10;    schema: {&quot;loadingURI&quot;:&quot;#&quot;,&quot;pointer&quot;:&quot;/items/properties/category/properties/name&quot;}&#10;    domain: &quot;syntax&quot;&#10;    ignored: [&quot;$id&quot;,&quot;examples&quot;]&#10;warning: the following keywords are unknown and will be ignored: [$id, examples]&#10;    level: &quot;warning&quot;&#10;    schema: {&quot;loadingURI&quot;:&quot;#&quot;,&quot;pointer&quot;:&quot;/items/properties/id&quot;}&#10;    domain: &quot;syntax&quot;&#10;    ignored: [&quot;$id&quot;,&quot;examples&quot;]&#10;warning: the following keywords are unknown and will be ignored: [$id, examples]&#10;    level: &quot;warning&quot;&#10;    schema: {&quot;loadingURI&quot;:&quot;#&quot;,&quot;pointer&quot;:&quot;/items/properties/name&quot;}&#10;    domain: &quot;syntax&quot;&#10;    ignored: [&quot;$id&quot;,&quot;examples&quot;]&#10;warning: the following keywords are unknown and will be ignored: [$id]&#10;    level: &quot;warning&quot;&#10;    schema: {&quot;loadingURI&quot;:&quot;#&quot;,&quot;pointer&quot;:&quot;/items/properties/photoUrls&quot;}&#10;    domain: &quot;syntax&quot;&#10;    ignored: [&quot;$id&quot;]&#10;warning: the following keywords are unknown and will be ignored: [$id, examples]&#10;    level: &quot;warning&quot;&#10;    schema: {&quot;loadingURI&quot;:&quot;#&quot;,&quot;pointer&quot;:&quot;/items/properties/photoUrls/items&quot;}&#10;    domain: &quot;syntax&quot;&#10;    ignored: [&quot;$id&quot;,&quot;examples&quot;]&#10;warning: the following keywords are unknown and will be ignored: [$id, examples]&#10;    level: &quot;warning&quot;&#10;    schema: {&quot;loadingURI&quot;:&quot;#&quot;,&quot;pointer&quot;:&quot;/items/properties/status&quot;}&#10;    domain: &quot;syntax&quot;&#10;    ignored: [&quot;$id&quot;,&quot;examples&quot;]&#10;warning: the following keywords are unknown and will be ignored: [$id]&#10;    level: &quot;warning&quot;&#10;    schema: {&quot;loadingURI&quot;:&quot;#&quot;,&quot;pointer&quot;:&quot;/items/properties/tags&quot;}&#10;    domain: &quot;syntax&quot;&#10;    ignored: [&quot;$id&quot;]&#10;warning: the following keywords are unknown and will be ignored: [$id]&#10;    level: &quot;warning&quot;&#10;    schema: {&quot;loadingURI&quot;:&quot;#&quot;,&quot;pointer&quot;:&quot;/items/properties/tags/items&quot;}&#10;    domain: &quot;syntax&quot;&#10;    ignored: [&quot;$id&quot;]&#10;warning: the following keywords are unknown and will be ignored: [$id, examples]&#10;    level: &quot;warning&quot;&#10;    schema: {&quot;loadingURI&quot;:&quot;#&quot;,&quot;pointer&quot;:&quot;/items/properties/tags/items/properties/id&quot;}&#10;    domain: &quot;syntax&quot;&#10;    ignored: [&quot;$id&quot;,&quot;examples&quot;]&#10;warning: the following keywords are unknown and will be ignored: [$id, examples]&#10;    level: &quot;warning&quot;&#10;    schema: {&quot;loadingURI&quot;:&quot;#&quot;,&quot;pointer&quot;:&quot;/items/properties/tags/items/properties/name&quot;}&#10;    domain: &quot;syntax&quot;&#10;    ignored: [&quot;$id&quot;,&quot;examples&quot;]&#10;warning: the following keywords are unknown and will be ignored: [$id]&#10;    level: &quot;warning&quot;&#10;    schema: {&quot;loadingURI&quot;:&quot;#&quot;,&quot;pointer&quot;:&quot;/items&quot;}&#10;    domain: &quot;syntax&quot;&#10;    ignored: [&quot;$id&quot;]&#10;warning: the following keywords are unknown and will be ignored: [$id]&#10;    level: &quot;warning&quot;&#10;    schema: {&quot;loadingURI&quot;:&quot;#&quot;,&quot;pointer&quot;:&quot;/items/properties/category&quot;}&#10;    domain: &quot;syntax&quot;&#10;    ignored: [&quot;$id&quot;]&#10;warning: the following keywords are unknown and will be ignored: [$id, examples]&#10;    level: &quot;warning&quot;&#10;    schema: {&quot;loadingURI&quot;:&quot;#&quot;,&quot;pointer&quot;:&quot;/items/properties/category/properties/id&quot;}&#10;    domain: &quot;syntax&quot;&#10;    ignored: [&quot;$id&quot;,&quot;examples&quot;]&#10;warning: the following keywords are unknown and will be ignored: [$id, examples]&#10;    level: &quot;warning&quot;&#10;    schema: {&quot;loadingURI&quot;:&quot;#&quot;,&quot;pointer&quot;:&quot;/items/properties/category/properties/name&quot;}&#10;    domain: &quot;syntax&quot;&#10;    ignored: [&quot;$id&quot;,&quot;examples&quot;]&#10;warning: the following keywords are unknown and will be ignored: [$id, examples]&#10;    level: &quot;warning&quot;&#10;    schema: {&quot;loadingURI&quot;:&quot;#&quot;,&quot;pointer&quot;:&quot;/items/properties/id&quot;}&#10;    domain: &quot;syntax&quot;&#10;    ignored: [&quot;$id&quot;,&quot;examples&quot;]&#10;warning: the following keywords are unknown and will be ignored: [$id, examples]&#10;    level: &quot;warning&quot;&#10;    schema: {&quot;loadingURI&quot;:&quot;#&quot;,&quot;pointer&quot;:&quot;/items/properties/name&quot;}&#10;    domain: &quot;syntax&quot;&#10;    ignored: [&quot;$id&quot;,&quot;examples&quot;]&#10;warning: the following keywords are unknown and will be ignored: [$id]&#10;    level: &quot;warning&quot;&#10;    schema: {&quot;loadingURI&quot;:&quot;#&quot;,&quot;pointer&quot;:&quot;/items/properties/photoUrls&quot;}&#10;    domain: &quot;syntax&quot;&#10;    ignored: [&quot;$id&quot;]&#10;warning: the following keywords are unknown and will be ignored: [$id, examples]&#10;    level: &quot;warning&quot;&#10;    schema: {&quot;loadingURI&quot;:&quot;#&quot;,&quot;pointer&quot;:&quot;/items/properties/photoUrls/items&quot;}&#10;    domain: &quot;syntax&quot;&#10;    ignored: [&quot;$id&quot;,&quot;examples&quot;]&#10;warning: the following keywords are unknown and will be ignored: [$id, examples]&#10;    level: &quot;warning&quot;&#10;    schema: {&quot;loadingURI&quot;:&quot;#&quot;,&quot;pointer&quot;:&quot;/items/properties/status&quot;}&#10;    domain: &quot;syntax&quot;&#10;    ignored: [&quot;$id&quot;,&quot;examples&quot;]&#10;warning: the following keywords are unknown and will be ignored: [$id]&#10;    level: &quot;warning&quot;&#10;    schema: {&quot;loadingURI&quot;:&quot;#&quot;,&quot;pointer&quot;:&quot;/items/properties/tags&quot;}&#10;    domain: &quot;syntax&quot;&#10;    ignored: [&quot;$id&quot;]&#10;warning: the following keywords are unknown and will be ignored: [$id]&#10;    level: &quot;warning&quot;&#10;    schema: {&quot;loadingURI&quot;:&quot;#&quot;,&quot;pointer&quot;:&quot;/items/properties/tags/items&quot;}&#10;    domain: &quot;syntax&quot;&#10;    ignored: [&quot;$id&quot;]&#10;warning: the following keywords are unknown and will be ignored: [$id, examples]&#10;    level: &quot;warning&quot;&#10;    schema: {&quot;loadingURI&quot;:&quot;#&quot;,&quot;pointer&quot;:&quot;/items/properties/tags/items/properties/id&quot;}&#10;    domain: &quot;syntax&quot;&#10;    ignored: [&quot;$id&quot;,&quot;examples&quot;]&#10;warning: the following keywords are unknown and will be ignored: [$id, examples]&#10;    level: &quot;warning&quot;&#10;    schema: {&quot;loadingURI&quot;:&quot;#&quot;,&quot;pointer&quot;:&quot;/items/properties/tags/items/properties/name&quot;}&#10;    domain: &quot;syntax&quot;&#10;    ignored: [&quot;$id&quot;,&quot;examples&quot;]&#10;warning: the following keywords are unknown and will be ignored: [$id]&#10;    level: &quot;warning&quot;&#10;    schema: {&quot;loadingURI&quot;:&quot;#&quot;,&quot;pointer&quot;:&quot;/items&quot;}&#10;    domain: &quot;syntax&quot;&#10;    ignored: [&quot;$id&quot;]&#10;warning: the following keywords are unknown and will be ignored: [$id]&#10;    level: &quot;warning&quot;&#10;    schema: {&quot;loadingURI&quot;:&quot;#&quot;,&quot;pointer&quot;:&quot;/items/properties/category&quot;}&#10;    domain: &quot;syntax&quot;&#10;    ignored: [&quot;$id&quot;]&#10;warning: the following keywords are unknown and will be ignored: [$id, examples]&#10;    level: &quot;warning&quot;&#10;    schema: {&quot;loadingURI&quot;:&quot;#&quot;,&quot;pointer&quot;:&quot;/items/properties/category/properties/id&quot;}&#10;    domain: &quot;syntax&quot;&#10;    ignored: [&quot;$id&quot;,&quot;examples&quot;]&#10;warning: the following keywords are unknown and will be ignored: [$id, examples]&#10;    level: &quot;warning&quot;&#10;    schema: {&quot;loadingURI&quot;:&quot;#&quot;,&quot;pointer&quot;:&quot;/items/properties/category/properties/name&quot;}&#10;    domain: &quot;syntax&quot;&#10;    ignored: [&quot;$id&quot;,&quot;examples&quot;]&#10;warning: the following keywords are unknown and will be ignored: [$id, examples]&#10;    level: &quot;warning&quot;&#10;    schema: {&quot;loadingURI&quot;:&quot;#&quot;,&quot;pointer&quot;:&quot;/items/properties/id&quot;}&#10;    domain: &quot;syntax&quot;&#10;    ignored: [&quot;$id&quot;,&quot;examples&quot;]&#10;warning: the following keywords are unknown and will be ignored: [$id, examples]&#10;    level: &quot;warning&quot;&#10;    schema: {&quot;loadingURI&quot;:&quot;#&quot;,&quot;pointer&quot;:&quot;/items/properties/name&quot;}&#10;    domain: &quot;syntax&quot;&#10;    ignored: [&quot;$id&quot;,&quot;examples&quot;]&#10;warning: the following keywords are unknown and will be ignored: [$id]&#10;    level: &quot;warning&quot;&#10;    schema: {&quot;loadingURI&quot;:&quot;#&quot;,&quot;pointer&quot;:&quot;/items/properties/photoUrls&quot;}&#10;    domain: &quot;syntax&quot;&#10;    ignored: [&quot;$id&quot;]&#10;warning: the following keywords are unknown and will be ignored: [$id, examples]&#10;    level: &quot;warning&quot;&#10;    schema: {&quot;loadingURI&quot;:&quot;#&quot;,&quot;pointer&quot;:&quot;/items/properties/photoUrls/items&quot;}&#10;    domain: &quot;syntax&quot;&#10;    ignored: [&quot;$id&quot;,&quot;examples&quot;]&#10;warning: the following keywords are unknown and will be ignored: [$id, examples]&#10;    level: &quot;warning&quot;&#10;    schema: {&quot;loadingURI&quot;:&quot;#&quot;,&quot;pointer&quot;:&quot;/items/properties/status&quot;}&#10;    domain: &quot;syntax&quot;&#10;    ignored: [&quot;$id&quot;,&quot;examples&quot;]&#10;warning: the following keywords are unknown and will be ignored: [$id]&#10;    level: &quot;warning&quot;&#10;    schema: {&quot;loadingURI&quot;:&quot;#&quot;,&quot;pointer&quot;:&quot;/items/properties/tags&quot;}&#10;    domain: &quot;syntax&quot;&#10;    ignored: [&quot;$id&quot;]&#10;warning: the following keywords are unknown and will be ignored: [$id]&#10;    level: &quot;warning&quot;&#10;    schema: {&quot;loadingURI&quot;:&quot;#&quot;,&quot;pointer&quot;:&quot;/items/properties/tags/items&quot;}&#10;    domain: &quot;syntax&quot;&#10;    ignored: [&quot;$id&quot;]&#10;warning: the following keywords are unknown and will be ignored: [$id, examples]&#10;    level: &quot;warning&quot;&#10;    schema: {&quot;loadingURI&quot;:&quot;#&quot;,&quot;pointer&quot;:&quot;/items/properties/tags/items/properties/id&quot;}&#10;    domain: &quot;syntax&quot;&#10;    ignored: [&quot;$id&quot;,&quot;examples&quot;]&#10;warning: the following keywords are unknown and will be ignored: [$id, examples]&#10;    level: &quot;warning&quot;&#10;    schema: {&quot;loadingURI&quot;:&quot;#&quot;,&quot;pointer&quot;:&quot;/items/properties/tags/items/properties/name&quot;}&#10;    domain: &quot;syntax&quot;&#10;    ignored: [&quot;$id&quot;,&quot;examples&quot;]&#10;warning: the following keywords are unknown and will be ignored: [$id]&#10;    level: &quot;warning&quot;&#10;    schema: {&quot;loadingURI&quot;:&quot;#&quot;,&quot;pointer&quot;:&quot;/items&quot;}&#10;    domain: &quot;syntax&quot;&#10;    ignored: [&quot;$id&quot;]&#10;warning: the following keywords are unknown and will be ignored: [$id]&#10;    level: &quot;warning&quot;&#10;    schema: {&quot;loadingURI&quot;:&quot;#&quot;,&quot;pointer&quot;:&quot;/items/properties/category&quot;}&#10;    domain: &quot;syntax&quot;&#10;    ignored: [&quot;$id&quot;]&#10;warning: the following keywords are unknown and will be ignored: [$id, examples]&#10;    level: &quot;warning&quot;&#10;    schema: {&quot;loadingURI&quot;:&quot;#&quot;,&quot;pointer&quot;:&quot;/items/properties/category/properties/id&quot;}&#10;    domain: &quot;syntax&quot;&#10;    ignored: [&quot;$id&quot;,&quot;examples&quot;]&#10;warning: the following keywords are unknown and will be ignored: [$id, examples]&#10;    level: &quot;warning&quot;&#10;    schema: {&quot;loadingURI&quot;:&quot;#&quot;,&quot;pointer&quot;:&quot;/items/properties/category/properties/name&quot;}&#10;    domain: &quot;syntax&quot;&#10;    ignored: [&quot;$id&quot;,&quot;examples&quot;]&#10;warning: the following keywords are unknown and will be ignored: [$id, examples]&#10;    level: &quot;warning&quot;&#10;    schema: {&quot;loadingURI&quot;:&quot;#&quot;,&quot;pointer&quot;:&quot;/items/properties/id&quot;}&#10;    domain: &quot;syntax&quot;&#10;    ignored: [&quot;$id&quot;,&quot;examples&quot;]&#10;warning: the following keywords are unknown and will be ignored: [$id, examples]&#10;    level: &quot;warning&quot;&#10;    schema: {&quot;loadingURI&quot;:&quot;#&quot;,&quot;pointer&quot;:&quot;/items/properties/name&quot;}&#10;    domain: &quot;syntax&quot;&#10;    ignored: [&quot;$id&quot;,&quot;examples&quot;]&#10;warning: the following keywords are unknown and will be ignored: [$id]&#10;    level: &quot;warning&quot;&#10;    schema: {&quot;loadingURI&quot;:&quot;#&quot;,&quot;pointer&quot;:&quot;/items/properties/photoUrls&quot;}&#10;    domain: &quot;syntax&quot;&#10;    ignored: [&quot;$id&quot;]&#10;warning: the following keywords are unknown and will be ignored: [$id, examples]&#10;    level: &quot;warning&quot;&#10;    schema: {&quot;loadingURI&quot;:&quot;#&quot;,&quot;pointer&quot;:&quot;/items/properties/photoUrls/items&quot;}&#10;    domain: &quot;syntax&quot;&#10;    ignored: [&quot;$id&quot;,&quot;examples&quot;]&#10;warning: the following keywords are unknown and will be ignored: [$id, examples]&#10;    level: &quot;warning&quot;&#10;    schema: {&quot;loadingURI&quot;:&quot;#&quot;,&quot;pointer&quot;:&quot;/items/properties/status&quot;}&#10;    domain: &quot;syntax&quot;&#10;    ignored: [&quot;$id&quot;,&quot;examples&quot;]&#10;warning: the following keywords are unknown and will be ignored: [$id]&#10;    level: &quot;warning&quot;&#10;    schema: {&quot;loadingURI&quot;:&quot;#&quot;,&quot;pointer&quot;:&quot;/items/properties/tags&quot;}&#10;    domain: &quot;syntax&quot;&#10;    ignored: [&quot;$id&quot;]&#10;warning: the following keywords are unknown and will be ignored: [$id]&#10;    level: &quot;warning&quot;&#10;    schema: {&quot;loadingURI&quot;:&quot;#&quot;,&quot;pointer&quot;:&quot;/items/properties/tags/items&quot;}&#10;    domain: &quot;syntax&quot;&#10;    ignored: [&quot;$id&quot;]&#10;warning: the following keywords are unknown and will be ignored: [$id, examples]&#10;    level: &quot;warning&quot;&#10;    schema: {&quot;loadingURI&quot;:&quot;#&quot;,&quot;pointer&quot;:&quot;/items/properties/tags/items/properties/id&quot;}&#10;    domain: &quot;syntax&quot;&#10;    ignored: [&quot;$id&quot;,&quot;examples&quot;]&#10;warning: the following keywords are unknown and will be ignored: [$id, examples]&#10;    level: &quot;warning&quot;&#10;    schema: {&quot;loadingURI&quot;:&quot;#&quot;,&quot;pointer&quot;:&quot;/items/properties/tags/items/properties/name&quot;}&#10;    domain: &quot;syntax&quot;&#10;    ignored: [&quot;$id&quot;,&quot;examples&quot;]&#10;warning: the following keywords are unknown and will be ignored: [$id]&#10;    level: &quot;warning&quot;&#10;    schema: {&quot;loadingURI&quot;:&quot;#&quot;,&quot;pointer&quot;:&quot;/items&quot;}&#10;    domain: &quot;syntax&quot;&#10;    ignored: [&quot;$id&quot;]&#10;warning: the following keywords are unknown and will be ignored: [$id]&#10;    level: &quot;warning&quot;&#10;    schema: {&quot;loadingURI&quot;:&quot;#&quot;,&quot;pointer&quot;:&quot;/items/properties/category&quot;}&#10;    domain: &quot;syntax&quot;&#10;    ignored: [&quot;$id&quot;]&#10;warning: the following keywords are unknown and will be ignored: [$id, examples]&#10;    level: &quot;warning&quot;&#10;    schema: {&quot;loadingURI&quot;:&quot;#&quot;,&quot;pointer&quot;:&quot;/items/properties/category/properties/id&quot;}&#10;    domain: &quot;syntax&quot;&#10;    ignored: [&quot;$id&quot;,&quot;examples&quot;]&#10;warning: the following keywords are unknown and will be ignored: [$id, examples]&#10;    level: &quot;warning&quot;&#10;    schema: {&quot;loadingURI&quot;:&quot;#&quot;,&quot;pointer&quot;:&quot;/items/properties/category/properties/name&quot;}&#10;    domain: &quot;syntax&quot;&#10;    ignored: [&quot;$id&quot;,&quot;examples&quot;]&#10;warning: the following keywords are unknown and will be ignored: [$id, examples]&#10;    level: &quot;warning&quot;&#10;    schema: {&quot;loadingURI&quot;:&quot;#&quot;,&quot;pointer&quot;:&quot;/items/properties/id&quot;}&#10;    domain: &quot;syntax&quot;&#10;    ignored: [&quot;$id&quot;,&quot;examples&quot;]&#10;warning: the following keywords are unknown and will be ignored: [$id, examples]&#10;    level: &quot;warning&quot;&#10;    schema: {&quot;loadingURI&quot;:&quot;#&quot;,&quot;pointer&quot;:&quot;/items/properties/name&quot;}&#10;    domain: &quot;syntax&quot;&#10;    ignored: [&quot;$id&quot;,&quot;examples&quot;]&#10;warning: the following keywords are unknown and will be ignored: [$id]&#10;    level: &quot;warning&quot;&#10;    schema: {&quot;loadingURI&quot;:&quot;#&quot;,&quot;pointer&quot;:&quot;/items/properties/photoUrls&quot;}&#10;    domain: &quot;syntax&quot;&#10;    ignored: [&quot;$id&quot;]&#10;warning: the following keywords are unknown and will be ignored: [$id, examples]&#10;    level: &quot;warning&quot;&#10;    schema: {&quot;loadingURI&quot;:&quot;#&quot;,&quot;pointer&quot;:&quot;/items/properties/photoUrls/items&quot;}&#10;    domain: &quot;syntax&quot;&#10;    ignored: [&quot;$id&quot;,&quot;examples&quot;]&#10;warning: the following keywords are unknown and will be ignored: [$id, examples]&#10;    level: &quot;warning&quot;&#10;    schema: {&quot;loadingURI&quot;:&quot;#&quot;,&quot;pointer&quot;:&quot;/items/properties/status&quot;}&#10;    domain: &quot;syntax&quot;&#10;    ignored: [&quot;$id&quot;,&quot;examples&quot;]&#10;warning: the following keywords are unknown and will be ignored: [$id]&#10;    level: &quot;warning&quot;&#10;    schema: {&quot;loadingURI&quot;:&quot;#&quot;,&quot;pointer&quot;:&quot;/items/properties/tags&quot;}&#10;    domain: &quot;syntax&quot;&#10;    ignored: [&quot;$id&quot;]&#10;warning: the following keywords are unknown and will be ignored: [$id]&#10;    level: &quot;warning&quot;&#10;    schema: {&quot;loadingURI&quot;:&quot;#&quot;,&quot;pointer&quot;:&quot;/items/properties/tags/items&quot;}&#10;    domain: &quot;syntax&quot;&#10;    ignored: [&quot;$id&quot;]&#10;warning: the following keywords are unknown and will be ignored: [$id, examples]&#10;    level: &quot;warning&quot;&#10;    schema: {&quot;loadingURI&quot;:&quot;#&quot;,&quot;pointer&quot;:&quot;/items/properties/tags/items/properties/id&quot;}&#10;    domain: &quot;syntax&quot;&#10;    ignored: [&quot;$id&quot;,&quot;examples&quot;]&#10;warning: the following keywords are unknown and will be ignored: [$id, examples]&#10;    level: &quot;warning&quot;&#10;    schema: {&quot;loadingURI&quot;:&quot;#&quot;,&quot;pointer&quot;:&quot;/items/properties/tags/items/properties/name&quot;}&#10;    domain: &quot;syntax&quot;&#10;    ignored: [&quot;$id&quot;,&quot;examples&quot;]&#10;warning: the following keywords are unknown and will be ignored: [$id]&#10;    level: &quot;warning&quot;&#10;    schema: {&quot;loadingURI&quot;:&quot;#&quot;,&quot;pointer&quot;:&quot;/items&quot;}&#10;    domain: &quot;syntax&quot;&#10;    ignored: [&quot;$id&quot;]&#10;warning: the following keywords are unknown and will be ignored: [$id]&#10;    level: &quot;warning&quot;&#10;    schema: {&quot;loadingURI&quot;:&quot;#&quot;,&quot;pointer&quot;:&quot;/items/properties/category&quot;}&#10;    domain: &quot;syntax&quot;&#10;    ignored: [&quot;$id&quot;]&#10;warning: the following keywords are unknown and will be ignored: [$id, examples]&#10;    level: &quot;warning&quot;&#10;    schema: {&quot;loadingURI&quot;:&quot;#&quot;,&quot;pointer&quot;:&quot;/items/properties/category/properties/id&quot;}&#10;    domain: &quot;syntax&quot;&#10;    ignored: [&quot;$id&quot;,&quot;examples&quot;]&#10;warning: the following keywords are unknown and will be ignored: [$id, examples]&#10;    level: &quot;warning&quot;&#10;    schema: {&quot;loadingURI&quot;:&quot;#&quot;,&quot;pointer&quot;:&quot;/items/properties/category/properties/name&quot;}&#10;    domain: &quot;syntax&quot;&#10;    ignored: [&quot;$id&quot;,&quot;examples&quot;]&#10;warning: the following keywords are unknown and will be ignored: [$id, examples]&#10;    level: &quot;warning&quot;&#10;    schema: {&quot;loadingURI&quot;:&quot;#&quot;,&quot;pointer&quot;:&quot;/items/properties/id&quot;}&#10;    domain: &quot;syntax&quot;&#10;    ignored: [&quot;$id&quot;,&quot;examples&quot;]&#10;warning: the following keywords are unknown and will be ignored: [$id, examples]&#10;    level: &quot;warning&quot;&#10;    schema: {&quot;loadingURI&quot;:&quot;#&quot;,&quot;pointer&quot;:&quot;/items/properties/name&quot;}&#10;    domain: &quot;syntax&quot;&#10;    ignored: [&quot;$id&quot;,&quot;examples&quot;]&#10;warning: the following keywords are unknown and will be ignored: [$id]&#10;    level: &quot;warning&quot;&#10;    schema: {&quot;loadingURI&quot;:&quot;#&quot;,&quot;pointer&quot;:&quot;/items/properties/photoUrls&quot;}&#10;    domain: &quot;syntax&quot;&#10;    ignored: [&quot;$id&quot;]&#10;warning: the following keywords are unknown and will be ignored: [$id, examples]&#10;    level: &quot;warning&quot;&#10;    schema: {&quot;loadingURI&quot;:&quot;#&quot;,&quot;pointer&quot;:&quot;/items/properties/photoUrls/items&quot;}&#10;    domain: &quot;syntax&quot;&#10;    ignored: [&quot;$id&quot;,&quot;examples&quot;]&#10;warning: the following keywords are unknown and will be ignored: [$id, examples]&#10;    level: &quot;warning&quot;&#10;    schema: {&quot;loadingURI&quot;:&quot;#&quot;,&quot;pointer&quot;:&quot;/items/properties/status&quot;}&#10;    domain: &quot;syntax&quot;&#10;    ignored: [&quot;$id&quot;,&quot;examples&quot;]&#10;warning: the following keywords are unknown and will be ignored: [$id]&#10;    level: &quot;warning&quot;&#10;    schema: {&quot;loadingURI&quot;:&quot;#&quot;,&quot;pointer&quot;:&quot;/items/properties/tags&quot;}&#10;    domain: &quot;syntax&quot;&#10;    ignored: [&quot;$id&quot;]&#10;warning: the following keywords are unknown and will be ignored: [$id]&#10;    level: &quot;warning&quot;&#10;    schema: {&quot;loadingURI&quot;:&quot;#&quot;,&quot;pointer&quot;:&quot;/items/properties/tags/items&quot;}&#10;    domain: &quot;syntax&quot;&#10;    ignored: [&quot;$id&quot;]&#10;warning: the following keywords are unknown and will be ignored: [$id, examples]&#10;    level: &quot;warning&quot;&#10;    schema: {&quot;loadingURI&quot;:&quot;#&quot;,&quot;pointer&quot;:&quot;/items/properties/tags/items/properties/id&quot;}&#10;    domain: &quot;syntax&quot;&#10;    ignored: [&quot;$id&quot;,&quot;examples&quot;]&#10;warning: the following keywords are unknown and will be ignored: [$id, examples]&#10;    level: &quot;warning&quot;&#10;    schema: {&quot;loadingURI&quot;:&quot;#&quot;,&quot;pointer&quot;:&quot;/items/properties/tags/items/properties/name&quot;}&#10;    domain: &quot;syntax&quot;&#10;    ignored: [&quot;$id&quot;,&quot;examples&quot;]&#10;warning: the following keywords are unknown and will be ignored: [$id]&#10;    level: &quot;warning&quot;&#10;    schema: {&quot;loadingURI&quot;:&quot;#&quot;,&quot;pointer&quot;:&quot;/items&quot;}&#10;    domain: &quot;syntax&quot;&#10;    ignored: [&quot;$id&quot;]&#10;warning: the following keywords are unknown and will be ignored: [$id]&#10;    level: &quot;warning&quot;&#10;    schema: {&quot;loadingURI&quot;:&quot;#&quot;,&quot;pointer&quot;:&quot;/items/properties/category&quot;}&#10;    domain: &quot;syntax&quot;&#10;    ignored: [&quot;$id&quot;]&#10;warning: the following keywords are unknown and will be ignored: [$id, examples]&#10;    level: &quot;warning&quot;&#10;    schema: {&quot;loadingURI&quot;:&quot;#&quot;,&quot;pointer&quot;:&quot;/items/properties/category/properties/id&quot;}&#10;    domain: &quot;syntax&quot;&#10;    ignored: [&quot;$id&quot;,&quot;examples&quot;]&#10;warning: the following keywords are unknown and will be ignored: [$id, examples]&#10;    level: &quot;warning&quot;&#10;    schema: {&quot;loadingURI&quot;:&quot;#&quot;,&quot;pointer&quot;:&quot;/items/properties/category/properties/name&quot;}&#10;    domain: &quot;syntax&quot;&#10;    ignored: [&quot;$id&quot;,&quot;examples&quot;]&#10;warning: the following keywords are unknown and will be ignored: [$id, examples]&#10;    level: &quot;warning&quot;&#10;    schema: {&quot;loadingURI&quot;:&quot;#&quot;,&quot;pointer&quot;:&quot;/items/properties/id&quot;}&#10;    domain: &quot;syntax&quot;&#10;    ignored: [&quot;$id&quot;,&quot;examples&quot;]&#10;warning: the following keywords are unknown and will be ignored: [$id, examples]&#10;    level: &quot;warning&quot;&#10;    schema: {&quot;loadingURI&quot;:&quot;#&quot;,&quot;pointer&quot;:&quot;/items/properties/name&quot;}&#10;    domain: &quot;syntax&quot;&#10;    ignored: [&quot;$id&quot;,&quot;examples&quot;]&#10;warning: the following keywords are unknown and will be ignored: [$id]&#10;    level: &quot;warning&quot;&#10;    schema: {&quot;loadingURI&quot;:&quot;#&quot;,&quot;pointer&quot;:&quot;/items/properties/photoUrls&quot;}&#10;    domain: &quot;syntax&quot;&#10;    ignored: [&quot;$id&quot;]&#10;warning: the following keywords are unknown and will be ignored: [$id, examples]&#10;    level: &quot;warning&quot;&#10;    schema: {&quot;loadingURI&quot;:&quot;#&quot;,&quot;pointer&quot;:&quot;/items/properties/photoUrls/items&quot;}&#10;    domain: &quot;syntax&quot;&#10;    ignored: [&quot;$id&quot;,&quot;examples&quot;]&#10;warning: the following keywords are unknown and will be ignored: [$id, examples]&#10;    level: &quot;warning&quot;&#10;    schema: {&quot;loadingURI&quot;:&quot;#&quot;,&quot;pointer&quot;:&quot;/items/properties/status&quot;}&#10;    domain: &quot;syntax&quot;&#10;    ignored: [&quot;$id&quot;,&quot;examples&quot;]&#10;warning: the following keywords are unknown and will be ignored: [$id]&#10;    level: &quot;warning&quot;&#10;    schema: {&quot;loadingURI&quot;:&quot;#&quot;,&quot;pointer&quot;:&quot;/items/properties/tags&quot;}&#10;    domain: &quot;syntax&quot;&#10;    ignored: [&quot;$id&quot;]&#10;warning: the following keywords are unknown and will be ignored: [$id]&#10;    level: &quot;warning&quot;&#10;    schema: {&quot;loadingURI&quot;:&quot;#&quot;,&quot;pointer&quot;:&quot;/items/properties/tags/items&quot;}&#10;    domain: &quot;syntax&quot;&#10;    ignored: [&quot;$id&quot;]&#10;warning: the following keywords are unknown and will be ignored: [$id, examples]&#10;    level: &quot;warning&quot;&#10;    schema: {&quot;loadingURI&quot;:&quot;#&quot;,&quot;pointer&quot;:&quot;/items/properties/tags/items/properties/id&quot;}&#10;    domain: &quot;syntax&quot;&#10;    ignored: [&quot;$id&quot;,&quot;examples&quot;]&#10;warning: the following keywords are unknown and will be ignored: [$id, examples]&#10;    level: &quot;warning&quot;&#10;    schema: {&quot;loadingURI&quot;:&quot;#&quot;,&quot;pointer&quot;:&quot;/items/properties/tags/items/properties/name&quot;}&#10;    domain: &quot;syntax&quot;&#10;    ignored: [&quot;$id&quot;,&quot;examples&quot;]&#10;warning: the following keywords are unknown and will be ignored: [$id]&#10;    level: &quot;warning&quot;&#10;    schema: {&quot;loadingURI&quot;:&quot;#&quot;,&quot;pointer&quot;:&quot;/items&quot;}&#10;    domain: &quot;syntax&quot;&#10;    ignored: [&quot;$id&quot;]&#10;warning: the following keywords are unknown and will be ignored: [$id]&#10;    level: &quot;warning&quot;&#10;    schema: {&quot;loadingURI&quot;:&quot;#&quot;,&quot;pointer&quot;:&quot;/items/properties/category&quot;}&#10;    domain: &quot;syntax&quot;&#10;    ignored: [&quot;$id&quot;]&#10;warning: the following keywords are unknown and will be ignored: [$id, examples]&#10;    level: &quot;warning&quot;&#10;    schema: {&quot;loadingURI&quot;:&quot;#&quot;,&quot;pointer&quot;:&quot;/items/properties/category/properties/id&quot;}&#10;    domain: &quot;syntax&quot;&#10;    ignored: [&quot;$id&quot;,&quot;examples&quot;]&#10;warning: the following keywords are unknown and will be ignored: [$id, examples]&#10;    level: &quot;warning&quot;&#10;    schema: {&quot;loadingURI&quot;:&quot;#&quot;,&quot;pointer&quot;:&quot;/items/properties/category/properties/name&quot;}&#10;    domain: &quot;syntax&quot;&#10;    ignored: [&quot;$id&quot;,&quot;examples&quot;]&#10;warning: the following keywords are unknown and will be ignored: [$id, examples]&#10;    level: &quot;warning&quot;&#10;    schema: {&quot;loadingURI&quot;:&quot;#&quot;,&quot;pointer&quot;:&quot;/items/properties/id&quot;}&#10;    domain: &quot;syntax&quot;&#10;    ignored: [&quot;$id&quot;,&quot;examples&quot;]&#10;warning: the following keywords are unknown and will be ignored: [$id, examples]&#10;    level: &quot;warning&quot;&#10;    schema: {&quot;loadingURI&quot;:&quot;#&quot;,&quot;pointer&quot;:&quot;/items/properties/name&quot;}&#10;    domain: &quot;syntax&quot;&#10;    ignored: [&quot;$id&quot;,&quot;examples&quot;]&#10;warning: the following keywords are unknown and will be ignored: [$id]&#10;    level: &quot;warning&quot;&#10;    schema: {&quot;loadingURI&quot;:&quot;#&quot;,&quot;pointer&quot;:&quot;/items/properties/photoUrls&quot;}&#10;    domain: &quot;syntax&quot;&#10;    ignored: [&quot;$id&quot;]&#10;warning: the following keywords are unknown and will be ignored: [$id, examples]&#10;    level: &quot;warning&quot;&#10;    schema: {&quot;loadingURI&quot;:&quot;#&quot;,&quot;pointer&quot;:&quot;/items/properties/photoUrls/items&quot;}&#10;    domain: &quot;syntax&quot;&#10;    ignored: [&quot;$id&quot;,&quot;examples&quot;]&#10;warning: the following keywords are unknown and will be ignored: [$id, examples]&#10;    level: &quot;warning&quot;&#10;    schema: {&quot;loadingURI&quot;:&quot;#&quot;,&quot;pointer&quot;:&quot;/items/properties/status&quot;}&#10;    domain: &quot;syntax&quot;&#10;    ignored: [&quot;$id&quot;,&quot;examples&quot;]&#10;warning: the following keywords are unknown and will be ignored: [$id]&#10;    level: &quot;warning&quot;&#10;    schema: {&quot;loadingURI&quot;:&quot;#&quot;,&quot;pointer&quot;:&quot;/items/properties/tags&quot;}&#10;    domain: &quot;syntax&quot;&#10;    ignored: [&quot;$id&quot;]&#10;warning: the following keywords are unknown and will be ignored: [$id]&#10;    level: &quot;warning&quot;&#10;    schema: {&quot;loadingURI&quot;:&quot;#&quot;,&quot;pointer&quot;:&quot;/items/properties/tags/items&quot;}&#10;    domain: &quot;syntax&quot;&#10;    ignored: [&quot;$id&quot;]&#10;warning: the following keywords are unknown and will be ignored: [$id, examples]&#10;    level: &quot;warning&quot;&#10;    schema: {&quot;loadingURI&quot;:&quot;#&quot;,&quot;pointer&quot;:&quot;/items/properties/tags/items/properties/id&quot;}&#10;    domain: &quot;syntax&quot;&#10;    ignored: [&quot;$id&quot;,&quot;examples&quot;]&#10;warning: the following keywords are unknown and will be ignored: [$id, examples]&#10;    level: &quot;warning&quot;&#10;    schema: {&quot;loadingURI&quot;:&quot;#&quot;,&quot;pointer&quot;:&quot;/items/properties/tags/items/properties/name&quot;}&#10;    domain: &quot;syntax&quot;&#10;    ignored: [&quot;$id&quot;,&quot;examples&quot;]&#10;warning: the following keywords are unknown and will be ignored: [$id]&#10;    level: &quot;warning&quot;&#10;    schema: {&quot;loadingURI&quot;:&quot;#&quot;,&quot;pointer&quot;:&quot;/items&quot;}&#10;    domain: &quot;syntax&quot;&#10;    ignored: [&quot;$id&quot;]&#10;warning: the following keywords are unknown and will be ignored: [$id]&#10;    level: &quot;warning&quot;&#10;    schema: {&quot;loadingURI&quot;:&quot;#&quot;,&quot;pointer&quot;:&quot;/items/properties/category&quot;}&#10;    domain: &quot;syntax&quot;&#10;    ignored: [&quot;$id&quot;]&#10;warning: the following keywords are unknown and will be ignored: [$id, examples]&#10;    level: &quot;warning&quot;&#10;    schema: {&quot;loadingURI&quot;:&quot;#&quot;,&quot;pointer&quot;:&quot;/items/properties/category/properties/id&quot;}&#10;    domain: &quot;syntax&quot;&#10;    ignored: [&quot;$id&quot;,&quot;examples&quot;]&#10;warning: the following keywords are unknown and will be ignored: [$id, examples]&#10;    level: &quot;warning&quot;&#10;    schema: {&quot;loadingURI&quot;:&quot;#&quot;,&quot;pointer&quot;:&quot;/items/properties/category/properties/name&quot;}&#10;    domain: &quot;syntax&quot;&#10;    ignored: [&quot;$id&quot;,&quot;examples&quot;]&#10;warning: the following keywords are unknown and will be ignored: [$id, examples]&#10;    level: &quot;warning&quot;&#10;    schema: {&quot;loadingURI&quot;:&quot;#&quot;,&quot;pointer&quot;:&quot;/items/properties/id&quot;}&#10;    domain: &quot;syntax&quot;&#10;    ignored: [&quot;$id&quot;,&quot;examples&quot;]&#10;warning: the following keywords are unknown and will be ignored: [$id, examples]&#10;    level: &quot;warning&quot;&#10;    schema: {&quot;loadingURI&quot;:&quot;#&quot;,&quot;pointer&quot;:&quot;/items/properties/name&quot;}&#10;    domain: &quot;syntax&quot;&#10;    ignored: [&quot;$id&quot;,&quot;examples&quot;]&#10;warning: the following keywords are unknown and will be ignored: [$id]&#10;    level: &quot;warning&quot;&#10;    schema: {&quot;loadingURI&quot;:&quot;#&quot;,&quot;pointer&quot;:&quot;/items/properties/photoUrls&quot;}&#10;    domain: &quot;syntax&quot;&#10;    ignored: [&quot;$id&quot;]&#10;warning: the following keywords are unknown and will be ignored: [$id, examples]&#10;    level: &quot;warning&quot;&#10;    schema: {&quot;loadingURI&quot;:&quot;#&quot;,&quot;pointer&quot;:&quot;/items/properties/photoUrls/items&quot;}&#10;    domain: &quot;syntax&quot;&#10;    ignored: [&quot;$id&quot;,&quot;examples&quot;]&#10;warning: the following keywords are unknown and will be ignored: [$id, examples]&#10;    level: &quot;warning&quot;&#10;    schema: {&quot;loadingURI&quot;:&quot;#&quot;,&quot;pointer&quot;:&quot;/items/properties/status&quot;}&#10;    domain: &quot;syntax&quot;&#10;    ignored: [&quot;$id&quot;,&quot;examples&quot;]&#10;warning: the following keywords are unknown and will be ignored: [$id]&#10;    level: &quot;warning&quot;&#10;    schema: {&quot;loadingURI&quot;:&quot;#&quot;,&quot;pointer&quot;:&quot;/items/properties/tags&quot;}&#10;    domain: &quot;syntax&quot;&#10;    ignored: [&quot;$id&quot;]&#10;warning: the following keywords are unknown and will be ignored: [$id]&#10;    level: &quot;warning&quot;&#10;    schema: {&quot;loadingURI&quot;:&quot;#&quot;,&quot;pointer&quot;:&quot;/items/properties/tags/items&quot;}&#10;    domain: &quot;syntax&quot;&#10;    ignored: [&quot;$id&quot;]&#10;warning: the following keywords are unknown and will be ignored: [$id, examples]&#10;    level: &quot;warning&quot;&#10;    schema: {&quot;loadingURI&quot;:&quot;#&quot;,&quot;pointer&quot;:&quot;/items/properties/tags/items/properties/id&quot;}&#10;    domain: &quot;syntax&quot;&#10;    ignored: [&quot;$id&quot;,&quot;examples&quot;]&#10;warning: the following keywords are unknown and will be ignored: [$id, examples]&#10;    level: &quot;warning&quot;&#10;    schema: {&quot;loadingURI&quot;:&quot;#&quot;,&quot;pointer&quot;:&quot;/items/properties/tags/items/properties/name&quot;}&#10;    domain: &quot;syntax&quot;&#10;    ignored: [&quot;$id&quot;,&quot;examples&quot;]&#10;error: object has missing required properties ([&quot;category&quot;])&#10;    level: &quot;error&quot;&#10;    schema: {&quot;loadingURI&quot;:&quot;#&quot;,&quot;pointer&quot;:&quot;/items&quot;}&#10;    instance: {&quot;pointer&quot;:&quot;/285&quot;}&#10;    domain: &quot;validation&quot;&#10;    keyword: &quot;required&quot;&#10;    required: [&quot;category&quot;,&quot;id&quot;,&quot;name&quot;,&quot;photoUrls&quot;,&quot;status&quot;,&quot;tags&quot;]&#10;    missing: [&quot;category&quot;]&#10;warning: the following keywords are unknown and will be ignored: [$id]&#10;    level: &quot;warning&quot;&#10;    schema: {&quot;loadingURI&quot;:&quot;#&quot;,&quot;pointer&quot;:&quot;/items&quot;}&#10;    domain: &quot;syntax&quot;&#10;    ignored: [&quot;$id&quot;]&#10;warning: the following keywords are unknown and will be ignored: [$id]&#10;    level: &quot;warning&quot;&#10;    schema: {&quot;loadingURI&quot;:&quot;#&quot;,&quot;pointer&quot;:&quot;/items/properties/category&quot;}&#10;    domain: &quot;syntax&quot;&#10;    ignored: [&quot;$id&quot;]&#10;warning: the following keywords are unknown and will be ignored: [$id, examples]&#10;    level: &quot;warning&quot;&#10;    schema: {&quot;loadingURI&quot;:&quot;#&quot;,&quot;pointer&quot;:&quot;/items/properties/category/properties/id&quot;}&#10;    domain: &quot;syntax&quot;&#10;    ignored: [&quot;$id&quot;,&quot;examples&quot;]&#10;warning: the following keywords are unknown and will be ignored: [$id, examples]&#10;    level: &quot;warning&quot;&#10;    schema: {&quot;loadingURI&quot;:&quot;#&quot;,&quot;pointer&quot;:&quot;/items/properties/category/properties/name&quot;}&#10;    domain: &quot;syntax&quot;&#10;    ignored: [&quot;$id&quot;,&quot;examples&quot;]&#10;warning: the following keywords are unknown and will be ignored: [$id, examples]&#10;    level: &quot;warning&quot;&#10;    schema: {&quot;loadingURI&quot;:&quot;#&quot;,&quot;pointer&quot;:&quot;/items/properties/id&quot;}&#10;    domain: &quot;syntax&quot;&#10;    ignored: [&quot;$id&quot;,&quot;examples&quot;]&#10;warning: the following keywords are unknown and will be ignored: [$id, examples]&#10;    level: &quot;warning&quot;&#10;    schema: {&quot;loadingURI&quot;:&quot;#&quot;,&quot;pointer&quot;:&quot;/items/properties/name&quot;}&#10;    domain: &quot;syntax&quot;&#10;    ignored: [&quot;$id&quot;,&quot;examples&quot;]&#10;warning: the following keywords are unknown and will be ignored: [$id]&#10;    level: &quot;warning&quot;&#10;    schema: {&quot;loadingURI&quot;:&quot;#&quot;,&quot;pointer&quot;:&quot;/items/properties/photoUrls&quot;}&#10;    domain: &quot;syntax&quot;&#10;    ignored: [&quot;$id&quot;]&#10;warning: the following keywords are unknown and will be ignored: [$id, examples]&#10;    level: &quot;warning&quot;&#10;    schema: {&quot;loadingURI&quot;:&quot;#&quot;,&quot;pointer&quot;:&quot;/items/properties/photoUrls/items&quot;}&#10;    domain: &quot;syntax&quot;&#10;    ignored: [&quot;$id&quot;,&quot;examples&quot;]&#10;warning: the following keywords are unknown and will be ignored: [$id, examples]&#10;    level: &quot;warning&quot;&#10;    schema: {&quot;loadingURI&quot;:&quot;#&quot;,&quot;pointer&quot;:&quot;/items/properties/status&quot;}&#10;    domain: &quot;syntax&quot;&#10;    ignored: [&quot;$id&quot;,&quot;examples&quot;]&#10;warning: the following keywords are unknown and will be ignored: [$id]&#10;    level: &quot;warning&quot;&#10;    schema: {&quot;loadingURI&quot;:&quot;#&quot;,&quot;pointer&quot;:&quot;/items/properties/tags&quot;}&#10;    domain: &quot;syntax&quot;&#10;    ignored: [&quot;$id&quot;]&#10;warning: the following keywords are unknown and will be ignored: [$id]&#10;    level: &quot;warning&quot;&#10;    schema: {&quot;loadingURI&quot;:&quot;#&quot;,&quot;pointer&quot;:&quot;/items/properties/tags/items&quot;}&#10;    domain: &quot;syntax&quot;&#10;    ignored: [&quot;$id&quot;]&#10;warning: the following keywords are unknown and will be ignored: [$id, examples]&#10;    level: &quot;warning&quot;&#10;    schema: {&quot;loadingURI&quot;:&quot;#&quot;,&quot;pointer&quot;:&quot;/items/properties/tags/items/properties/id&quot;}&#10;    domain: &quot;syntax&quot;&#10;    ignored: [&quot;$id&quot;,&quot;examples&quot;]&#10;warning: the following keywords are unknown and will be ignored: [$id, examples]&#10;    level: &quot;warning&quot;&#10;    schema: {&quot;loadingURI&quot;:&quot;#&quot;,&quot;pointer&quot;:&quot;/items/properties/tags/items/properties/name&quot;}&#10;    domain: &quot;syntax&quot;&#10;    ignored: [&quot;$id&quot;,&quot;examples&quot;]&#10;error: object has missing required properties ([&quot;name&quot;])&#10;    level: &quot;error&quot;&#10;    schema: {&quot;loadingURI&quot;:&quot;#&quot;,&quot;pointer&quot;:&quot;/items&quot;}&#10;    instance: {&quot;pointer&quot;:&quot;/286&quot;}&#10;    domain: &quot;validation&quot;&#10;    keyword: &quot;required&quot;&#10;    required: [&quot;category&quot;,&quot;id&quot;,&quot;name&quot;,&quot;photoUrls&quot;,&quot;status&quot;,&quot;tags&quot;]&#10;    missing: [&quot;name&quot;]&#10;warning: the following keywords are unknown and will be ignored: [$id]&#10;    level: &quot;warning&quot;&#10;    schema: {&quot;loadingURI&quot;:&quot;#&quot;,&quot;pointer&quot;:&quot;/items&quot;}&#10;    domain: &quot;syntax&quot;&#10;    ignored: [&quot;$id&quot;]&#10;warning: the following keywords are unknown and will be ignored: [$id]&#10;    level: &quot;warning&quot;&#10;    schema: {&quot;loadingURI&quot;:&quot;#&quot;,&quot;pointer&quot;:&quot;/items/properties/category&quot;}&#10;    domain: &quot;syntax&quot;&#10;    ignored: [&quot;$id&quot;]&#10;warning: the following keywords are unknown and will be ignored: [$id, examples]&#10;    level: &quot;warning&quot;&#10;    schema: {&quot;loadingURI&quot;:&quot;#&quot;,&quot;pointer&quot;:&quot;/items/properties/category/properties/id&quot;}&#10;    domain: &quot;syntax&quot;&#10;    ignored: [&quot;$id&quot;,&quot;examples&quot;]&#10;warning: the following keywords are unknown and will be ignored: [$id, examples]&#10;    level: &quot;warning&quot;&#10;    schema: {&quot;loadingURI&quot;:&quot;#&quot;,&quot;pointer&quot;:&quot;/items/properties/category/properties/name&quot;}&#10;    domain: &quot;syntax&quot;&#10;    ignored: [&quot;$id&quot;,&quot;examples&quot;]&#10;warning: the following keywords are unknown and will be ignored: [$id, examples]&#10;    level: &quot;warning&quot;&#10;    schema: {&quot;loadingURI&quot;:&quot;#&quot;,&quot;pointer&quot;:&quot;/items/properties/id&quot;}&#10;    domain: &quot;syntax&quot;&#10;    ignored: [&quot;$id&quot;,&quot;examples&quot;]&#10;warning: the following keywords are unknown and will be ignored: [$id, examples]&#10;    level: &quot;warning&quot;&#10;    schema: {&quot;loadingURI&quot;:&quot;#&quot;,&quot;pointer&quot;:&quot;/items/properties/name&quot;}&#10;    domain: &quot;syntax&quot;&#10;    ignored: [&quot;$id&quot;,&quot;examples&quot;]&#10;warning: the following keywords are unknown and will be ignored: [$id]&#10;    level: &quot;warning&quot;&#10;    schema: {&quot;loadingURI&quot;:&quot;#&quot;,&quot;pointer&quot;:&quot;/items/properties/photoUrls&quot;}&#10;    domain: &quot;syntax&quot;&#10;    ignored: [&quot;$id&quot;]&#10;warning: the following keywords are unknown and will be ignored: [$id, examples]&#10;    level: &quot;warning&quot;&#10;    schema: {&quot;loadingURI&quot;:&quot;#&quot;,&quot;pointer&quot;:&quot;/items/properties/photoUrls/items&quot;}&#10;    domain: &quot;syntax&quot;&#10;    ignored: [&quot;$id&quot;,&quot;examples&quot;]&#10;warning: the following keywords are unknown and will be ignored: [$id, examples]&#10;    level: &quot;warning&quot;&#10;    schema: {&quot;loadingURI&quot;:&quot;#&quot;,&quot;pointer&quot;:&quot;/items/properties/status&quot;}&#10;    domain: &quot;syntax&quot;&#10;    ignored: [&quot;$id&quot;,&quot;examples&quot;]&#10;warning: the following keywords are unknown and will be ignored: [$id]&#10;    level: &quot;warning&quot;&#10;    schema: {&quot;loadingURI&quot;:&quot;#&quot;,&quot;pointer&quot;:&quot;/items/properties/tags&quot;}&#10;    domain: &quot;syntax&quot;&#10;    ignored: [&quot;$id&quot;]&#10;warning: the following keywords are unknown and will be ignored: [$id]&#10;    level: &quot;warning&quot;&#10;    schema: {&quot;loadingURI&quot;:&quot;#&quot;,&quot;pointer&quot;:&quot;/items/properties/tags/items&quot;}&#10;    domain: &quot;syntax&quot;&#10;    ignored: [&quot;$id&quot;]&#10;warning: the following keywords are unknown and will be ignored: [$id, examples]&#10;    level: &quot;warning&quot;&#10;    schema: {&quot;loadingURI&quot;:&quot;#&quot;,&quot;pointer&quot;:&quot;/items/properties/tags/items/properties/id&quot;}&#10;    domain: &quot;syntax&quot;&#10;    ignored: [&quot;$id&quot;,&quot;examples&quot;]&#10;warning: the following keywords are unknown and will be ignored: [$id, examples]&#10;    level: &quot;warning&quot;&#10;    schema: {&quot;loadingURI&quot;:&quot;#&quot;,&quot;pointer&quot;:&quot;/items/properties/tags/items/properties/name&quot;}&#10;    domain: &quot;syntax&quot;&#10;    ignored: [&quot;$id&quot;,&quot;examples&quot;]&#10;error: object has missing required properties ([&quot;category&quot;])&#10;    level: &quot;error&quot;&#10;    schema: {&quot;loadingURI&quot;:&quot;#&quot;,&quot;pointer&quot;:&quot;/items&quot;}&#10;    instance: {&quot;pointer&quot;:&quot;/287&quot;}&#10;    domain: &quot;validation&quot;&#10;    keyword: &quot;required&quot;&#10;    required: [&quot;category&quot;,&quot;id&quot;,&quot;name&quot;,&quot;photoUrls&quot;,&quot;status&quot;,&quot;tags&quot;]&#10;    missing: [&quot;category&quot;]&#10;warning: the following keywords are unknown and will be ignored: [$id]&#10;    level: &quot;warning&quot;&#10;    schema: {&quot;loadingURI&quot;:&quot;#&quot;,&quot;pointer&quot;:&quot;/items&quot;}&#10;    domain: &quot;syntax&quot;&#10;    ignored: [&quot;$id&quot;]&#10;warning: the following keywords are unknown and will be ignored: [$id]&#10;    level: &quot;warning&quot;&#10;    schema: {&quot;loadingURI&quot;:&quot;#&quot;,&quot;pointer&quot;:&quot;/items/properties/category&quot;}&#10;    domain: &quot;syntax&quot;&#10;    ignored: [&quot;$id&quot;]&#10;warning: the following keywords are unknown and will be ignored: [$id, examples]&#10;    level: &quot;warning&quot;&#10;    schema: {&quot;loadingURI&quot;:&quot;#&quot;,&quot;pointer&quot;:&quot;/items/properties/category/properties/id&quot;}&#10;    domain: &quot;syntax&quot;&#10;    ignored: [&quot;$id&quot;,&quot;examples&quot;]&#10;warning: the following keywords are unknown and will be ignored: [$id, examples]&#10;    level: &quot;warning&quot;&#10;    schema: {&quot;loadingURI&quot;:&quot;#&quot;,&quot;pointer&quot;:&quot;/items/properties/category/properties/name&quot;}&#10;    domain: &quot;syntax&quot;&#10;    ignored: [&quot;$id&quot;,&quot;examples&quot;]&#10;warning: the following keywords are unknown and will be ignored: [$id, examples]&#10;    level: &quot;warning&quot;&#10;    schema: {&quot;loadingURI&quot;:&quot;#&quot;,&quot;pointer&quot;:&quot;/items/properties/id&quot;}&#10;    domain: &quot;syntax&quot;&#10;    ignored: [&quot;$id&quot;,&quot;examples&quot;]&#10;warning: the following keywords are unknown and will be ignored: [$id, examples]&#10;    level: &quot;warning&quot;&#10;    schema: {&quot;loadingURI&quot;:&quot;#&quot;,&quot;pointer&quot;:&quot;/items/properties/name&quot;}&#10;    domain: &quot;syntax&quot;&#10;    ignored: [&quot;$id&quot;,&quot;examples&quot;]&#10;warning: the following keywords are unknown and will be ignored: [$id]&#10;    level: &quot;warning&quot;&#10;    schema: {&quot;loadingURI&quot;:&quot;#&quot;,&quot;pointer&quot;:&quot;/items/properties/photoUrls&quot;}&#10;    domain: &quot;syntax&quot;&#10;    ignored: [&quot;$id&quot;]&#10;warning: the following keywords are unknown and will be ignored: [$id, examples]&#10;    level: &quot;warning&quot;&#10;    schema: {&quot;loadingURI&quot;:&quot;#&quot;,&quot;pointer&quot;:&quot;/items/properties/photoUrls/items&quot;}&#10;    domain: &quot;syntax&quot;&#10;    ignored: [&quot;$id&quot;,&quot;examples&quot;]&#10;warning: the following keywords are unknown and will be ignored: [$id, examples]&#10;    level: &quot;warning&quot;&#10;    schema: {&quot;loadingURI&quot;:&quot;#&quot;,&quot;pointer&quot;:&quot;/items/properties/status&quot;}&#10;    domain: &quot;syntax&quot;&#10;    ignored: [&quot;$id&quot;,&quot;examples&quot;]&#10;warning: the following keywords are unknown and will be ignored: [$id]&#10;    level: &quot;warning&quot;&#10;    schema: {&quot;loadingURI&quot;:&quot;#&quot;,&quot;pointer&quot;:&quot;/items/properties/tags&quot;}&#10;    domain: &quot;syntax&quot;&#10;    ignored: [&quot;$id&quot;]&#10;warning: the following keywords are unknown and will be ignored: [$id]&#10;    level: &quot;warning&quot;&#10;    schema: {&quot;loadingURI&quot;:&quot;#&quot;,&quot;pointer&quot;:&quot;/items/properties/tags/items&quot;}&#10;    domain: &quot;syntax&quot;&#10;    ignored: [&quot;$id&quot;]&#10;warning: the following keywords are unknown and will be ignored: [$id, examples]&#10;    level: &quot;warning&quot;&#10;    schema: {&quot;loadingURI&quot;:&quot;#&quot;,&quot;pointer&quot;:&quot;/items/properties/tags/items/properties/id&quot;}&#10;    domain: &quot;syntax&quot;&#10;    ignored: [&quot;$id&quot;,&quot;examples&quot;]&#10;warning: the following keywords are unknown and will be ignored: [$id, examples]&#10;    level: &quot;warning&quot;&#10;    schema: {&quot;loadingURI&quot;:&quot;#&quot;,&quot;pointer&quot;:&quot;/items/properties/tags/items/properties/name&quot;}&#10;    domain: &quot;syntax&quot;&#10;    ignored: [&quot;$id&quot;,&quot;examples&quot;]&#10;warning: the following keywords are unknown and will be ignored: [$id]&#10;    level: &quot;warning&quot;&#10;    schema: {&quot;loadingURI&quot;:&quot;#&quot;,&quot;pointer&quot;:&quot;/items&quot;}&#10;    domain: &quot;syntax&quot;&#10;    ignored: [&quot;$id&quot;]&#10;warning: the following keywords are unknown and will be ignored: [$id]&#10;    level: &quot;warning&quot;&#10;    schema: {&quot;loadingURI&quot;:&quot;#&quot;,&quot;pointer&quot;:&quot;/items/properties/category&quot;}&#10;    domain: &quot;syntax&quot;&#10;    ignored: [&quot;$id&quot;]&#10;warning: the following keywords are unknown and will be ignored: [$id, examples]&#10;    level: &quot;warning&quot;&#10;    schema: {&quot;loadingURI&quot;:&quot;#&quot;,&quot;pointer&quot;:&quot;/items/properties/category/properties/id&quot;}&#10;    domain: &quot;syntax&quot;&#10;    ignored: [&quot;$id&quot;,&quot;examples&quot;]&#10;warning: the following keywords are unknown and will be ignored: [$id, examples]&#10;    level: &quot;warning&quot;&#10;    schema: {&quot;loadingURI&quot;:&quot;#&quot;,&quot;pointer&quot;:&quot;/items/properties/category/properties/name&quot;}&#10;    domain: &quot;syntax&quot;&#10;    ignored: [&quot;$id&quot;,&quot;examples&quot;]&#10;warning: the following keywords are unknown and will be ignored: [$id, examples]&#10;    level: &quot;warning&quot;&#10;    schema: {&quot;loadingURI&quot;:&quot;#&quot;,&quot;pointer&quot;:&quot;/items/properties/id&quot;}&#10;    domain: &quot;syntax&quot;&#10;    ignored: [&quot;$id&quot;,&quot;examples&quot;]&#10;warning: the following keywords are unknown and will be ignored: [$id, examples]&#10;    level: &quot;warning&quot;&#10;    schema: {&quot;loadingURI&quot;:&quot;#&quot;,&quot;pointer&quot;:&quot;/items/properties/name&quot;}&#10;    domain: &quot;syntax&quot;&#10;    ignored: [&quot;$id&quot;,&quot;examples&quot;]&#10;warning: the following keywords are unknown and will be ignored: [$id]&#10;    level: &quot;warning&quot;&#10;    schema: {&quot;loadingURI&quot;:&quot;#&quot;,&quot;pointer&quot;:&quot;/items/properties/photoUrls&quot;}&#10;    domain: &quot;syntax&quot;&#10;    ignored: [&quot;$id&quot;]&#10;warning: the following keywords are unknown and will be ignored: [$id, examples]&#10;    level: &quot;warning&quot;&#10;    schema: {&quot;loadingURI&quot;:&quot;#&quot;,&quot;pointer&quot;:&quot;/items/properties/photoUrls/items&quot;}&#10;    domain: &quot;syntax&quot;&#10;    ignored: [&quot;$id&quot;,&quot;examples&quot;]&#10;warning: the following keywords are unknown and will be ignored: [$id, examples]&#10;    level: &quot;warning&quot;&#10;    schema: {&quot;loadingURI&quot;:&quot;#&quot;,&quot;pointer&quot;:&quot;/items/properties/status&quot;}&#10;    domain: &quot;syntax&quot;&#10;    ignored: [&quot;$id&quot;,&quot;examples&quot;]&#10;warning: the following keywords are unknown and will be ignored: [$id]&#10;    level: &quot;warning&quot;&#10;    schema: {&quot;loadingURI&quot;:&quot;#&quot;,&quot;pointer&quot;:&quot;/items/properties/tags&quot;}&#10;    domain: &quot;syntax&quot;&#10;    ignored: [&quot;$id&quot;]&#10;warning: the following keywords are unknown and will be ignored: [$id]&#10;    level: &quot;warning&quot;&#10;    schema: {&quot;loadingURI&quot;:&quot;#&quot;,&quot;pointer&quot;:&quot;/items/properties/tags/items&quot;}&#10;    domain: &quot;syntax&quot;&#10;    ignored: [&quot;$id&quot;]&#10;warning: the following keywords are unknown and will be ignored: [$id, examples]&#10;    level: &quot;warning&quot;&#10;    schema: {&quot;loadingURI&quot;:&quot;#&quot;,&quot;pointer&quot;:&quot;/items/properties/tags/items/properties/id&quot;}&#10;    domain: &quot;syntax&quot;&#10;    ignored: [&quot;$id&quot;,&quot;examples&quot;]&#10;warning: the following keywords are unknown and will be ignored: [$id, examples]&#10;    level: &quot;warning&quot;&#10;    schema: {&quot;loadingURI&quot;:&quot;#&quot;,&quot;pointer&quot;:&quot;/items/properties/tags/items/properties/name&quot;}&#10;    domain: &quot;syntax&quot;&#10;    ignored: [&quot;$id&quot;,&quot;examples&quot;]&#10;warning: the following keywords are unknown and will be ignored: [$id]&#10;    level: &quot;warning&quot;&#10;    schema: {&quot;loadingURI&quot;:&quot;#&quot;,&quot;pointer&quot;:&quot;/items&quot;}&#10;    domain: &quot;syntax&quot;&#10;    ignored: [&quot;$id&quot;]&#10;warning: the following keywords are unknown and will be ignored: [$id]&#10;    level: &quot;warning&quot;&#10;    schema: {&quot;loadingURI&quot;:&quot;#&quot;,&quot;pointer&quot;:&quot;/items/properties/category&quot;}&#10;    domain: &quot;syntax&quot;&#10;    ignored: [&quot;$id&quot;]&#10;warning: the following keywords are unknown and will be ignored: [$id, examples]&#10;    level: &quot;warning&quot;&#10;    schema: {&quot;loadingURI&quot;:&quot;#&quot;,&quot;pointer&quot;:&quot;/items/properties/category/properties/id&quot;}&#10;    domain: &quot;syntax&quot;&#10;    ignored: [&quot;$id&quot;,&quot;examples&quot;]&#10;warning: the following keywords are unknown and will be ignored: [$id, examples]&#10;    level: &quot;warning&quot;&#10;    schema: {&quot;loadingURI&quot;:&quot;#&quot;,&quot;pointer&quot;:&quot;/items/properties/category/properties/name&quot;}&#10;    domain: &quot;syntax&quot;&#10;    ignored: [&quot;$id&quot;,&quot;examples&quot;]&#10;warning: the following keywords are unknown and will be ignored: [$id, examples]&#10;    level: &quot;warning&quot;&#10;    schema: {&quot;loadingURI&quot;:&quot;#&quot;,&quot;pointer&quot;:&quot;/items/properties/id&quot;}&#10;    domain: &quot;syntax&quot;&#10;    ignored: [&quot;$id&quot;,&quot;examples&quot;]&#10;warning: the following keywords are unknown and will be ignored: [$id, examples]&#10;    level: &quot;warning&quot;&#10;    schema: {&quot;loadingURI&quot;:&quot;#&quot;,&quot;pointer&quot;:&quot;/items/properties/name&quot;}&#10;    domain: &quot;syntax&quot;&#10;    ignored: [&quot;$id&quot;,&quot;examples&quot;]&#10;warning: the following keywords are unknown and will be ignored: [$id]&#10;    level: &quot;warning&quot;&#10;    schema: {&quot;loadingURI&quot;:&quot;#&quot;,&quot;pointer&quot;:&quot;/items/properties/photoUrls&quot;}&#10;    domain: &quot;syntax&quot;&#10;    ignored: [&quot;$id&quot;]&#10;warning: the following keywords are unknown and will be ignored: [$id, examples]&#10;    level: &quot;warning&quot;&#10;    schema: {&quot;loadingURI&quot;:&quot;#&quot;,&quot;pointer&quot;:&quot;/items/properties/photoUrls/items&quot;}&#10;    domain: &quot;syntax&quot;&#10;    ignored: [&quot;$id&quot;,&quot;examples&quot;]&#10;warning: the following keywords are unknown and will be ignored: [$id, examples]&#10;    level: &quot;warning&quot;&#10;    schema: {&quot;loadingURI&quot;:&quot;#&quot;,&quot;pointer&quot;:&quot;/items/properties/status&quot;}&#10;    domain: &quot;syntax&quot;&#10;    ignored: [&quot;$id&quot;,&quot;examples&quot;]&#10;warning: the following keywords are unknown and will be ignored: [$id]&#10;    level: &quot;warning&quot;&#10;    schema: {&quot;loadingURI&quot;:&quot;#&quot;,&quot;pointer&quot;:&quot;/items/properties/tags&quot;}&#10;    domain: &quot;syntax&quot;&#10;    ignored: [&quot;$id&quot;]&#10;warning: the following keywords are unknown and will be ignored: [$id]&#10;    level: &quot;warning&quot;&#10;    schema: {&quot;loadingURI&quot;:&quot;#&quot;,&quot;pointer&quot;:&quot;/items/properties/tags/items&quot;}&#10;    domain: &quot;syntax&quot;&#10;    ignored: [&quot;$id&quot;]&#10;warning: the following keywords are unknown and will be ignored: [$id, examples]&#10;    level: &quot;warning&quot;&#10;    schema: {&quot;loadingURI&quot;:&quot;#&quot;,&quot;pointer&quot;:&quot;/items/properties/tags/items/properties/id&quot;}&#10;    domain: &quot;syntax&quot;&#10;    ignored: [&quot;$id&quot;,&quot;examples&quot;]&#10;warning: the following keywords are unknown and will be ignored: [$id, examples]&#10;    level: &quot;warning&quot;&#10;    schema: {&quot;loadingURI&quot;:&quot;#&quot;,&quot;pointer&quot;:&quot;/items/properties/tags/items/properties/name&quot;}&#10;    domain: &quot;syntax&quot;&#10;    ignored: [&quot;$id&quot;,&quot;examples&quot;]&#10;warning: the following keywords are unknown and will be ignored: [$id]&#10;    level: &quot;warning&quot;&#10;    schema: {&quot;loadingURI&quot;:&quot;#&quot;,&quot;pointer&quot;:&quot;/items&quot;}&#10;    domain: &quot;syntax&quot;&#10;    ignored: [&quot;$id&quot;]&#10;warning: the following keywords are unknown and will be ignored: [$id]&#10;    level: &quot;warning&quot;&#10;    schema: {&quot;loadingURI&quot;:&quot;#&quot;,&quot;pointer&quot;:&quot;/items/properties/category&quot;}&#10;    domain: &quot;syntax&quot;&#10;    ignored: [&quot;$id&quot;]&#10;warning: the following keywords are unknown and will be ignored: [$id, examples]&#10;    level: &quot;warning&quot;&#10;    schema: {&quot;loadingURI&quot;:&quot;#&quot;,&quot;pointer&quot;:&quot;/items/properties/category/properties/id&quot;}&#10;    domain: &quot;syntax&quot;&#10;    ignored: [&quot;$id&quot;,&quot;examples&quot;]&#10;warning: the following keywords are unknown and will be ignored: [$id, examples]&#10;    level: &quot;warning&quot;&#10;    schema: {&quot;loadingURI&quot;:&quot;#&quot;,&quot;pointer&quot;:&quot;/items/properties/category/properties/name&quot;}&#10;    domain: &quot;syntax&quot;&#10;    ignored: [&quot;$id&quot;,&quot;examples&quot;]&#10;warning: the following keywords are unknown and will be ignored: [$id, examples]&#10;    level: &quot;warning&quot;&#10;    schema: {&quot;loadingURI&quot;:&quot;#&quot;,&quot;pointer&quot;:&quot;/items/properties/id&quot;}&#10;    domain: &quot;syntax&quot;&#10;    ignored: [&quot;$id&quot;,&quot;examples&quot;]&#10;warning: the following keywords are unknown and will be ignored: [$id, examples]&#10;    level: &quot;warning&quot;&#10;    schema: {&quot;loadingURI&quot;:&quot;#&quot;,&quot;pointer&quot;:&quot;/items/properties/name&quot;}&#10;    domain: &quot;syntax&quot;&#10;    ignored: [&quot;$id&quot;,&quot;examples&quot;]&#10;warning: the following keywords are unknown and will be ignored: [$id]&#10;    level: &quot;warning&quot;&#10;    schema: {&quot;loadingURI&quot;:&quot;#&quot;,&quot;pointer&quot;:&quot;/items/properties/photoUrls&quot;}&#10;    domain: &quot;syntax&quot;&#10;    ignored: [&quot;$id&quot;]&#10;warning: the following keywords are unknown and will be ignored: [$id, examples]&#10;    level: &quot;warning&quot;&#10;    schema: {&quot;loadingURI&quot;:&quot;#&quot;,&quot;pointer&quot;:&quot;/items/properties/photoUrls/items&quot;}&#10;    domain: &quot;syntax&quot;&#10;    ignored: [&quot;$id&quot;,&quot;examples&quot;]&#10;warning: the following keywords are unknown and will be ignored: [$id, examples]&#10;    level: &quot;warning&quot;&#10;    schema: {&quot;loadingURI&quot;:&quot;#&quot;,&quot;pointer&quot;:&quot;/items/properties/status&quot;}&#10;    domain: &quot;syntax&quot;&#10;    ignored: [&quot;$id&quot;,&quot;examples&quot;]&#10;warning: the following keywords are unknown and will be ignored: [$id]&#10;    level: &quot;warning&quot;&#10;    schema: {&quot;loadingURI&quot;:&quot;#&quot;,&quot;pointer&quot;:&quot;/items/properties/tags&quot;}&#10;    domain: &quot;syntax&quot;&#10;    ignored: [&quot;$id&quot;]&#10;warning: the following keywords are unknown and will be ignored: [$id]&#10;    level: &quot;warning&quot;&#10;    schema: {&quot;loadingURI&quot;:&quot;#&quot;,&quot;pointer&quot;:&quot;/items/properties/tags/items&quot;}&#10;    domain: &quot;syntax&quot;&#10;    ignored: [&quot;$id&quot;]&#10;warning: the following keywords are unknown and will be ignored: [$id, examples]&#10;    level: &quot;warning&quot;&#10;    schema: {&quot;loadingURI&quot;:&quot;#&quot;,&quot;pointer&quot;:&quot;/items/properties/tags/items/properties/id&quot;}&#10;    domain: &quot;syntax&quot;&#10;    ignored: [&quot;$id&quot;,&quot;examples&quot;]&#10;warning: the following keywords are unknown and will be ignored: [$id, examples]&#10;    level: &quot;warning&quot;&#10;    schema: {&quot;loadingURI&quot;:&quot;#&quot;,&quot;pointer&quot;:&quot;/items/properties/tags/items/properties/name&quot;}&#10;    domain: &quot;syntax&quot;&#10;    ignored: [&quot;$id&quot;,&quot;examples&quot;]&#10;warning: the following keywords are unknown and will be ignored: [$id]&#10;    level: &quot;warning&quot;&#10;    schema: {&quot;loadingURI&quot;:&quot;#&quot;,&quot;pointer&quot;:&quot;/items&quot;}&#10;    domain: &quot;syntax&quot;&#10;    ignored: [&quot;$id&quot;]&#10;warning: the following keywords are unknown and will be ignored: [$id]&#10;    level: &quot;warning&quot;&#10;    schema: {&quot;loadingURI&quot;:&quot;#&quot;,&quot;pointer&quot;:&quot;/items/properties/category&quot;}&#10;    domain: &quot;syntax&quot;&#10;    ignored: [&quot;$id&quot;]&#10;warning: the following keywords are unknown and will be ignored: [$id, examples]&#10;    level: &quot;warning&quot;&#10;    schema: {&quot;loadingURI&quot;:&quot;#&quot;,&quot;pointer&quot;:&quot;/items/properties/category/properties/id&quot;}&#10;    domain: &quot;syntax&quot;&#10;    ignored: [&quot;$id&quot;,&quot;examples&quot;]&#10;warning: the following keywords are unknown and will be ignored: [$id, examples]&#10;    level: &quot;warning&quot;&#10;    schema: {&quot;loadingURI&quot;:&quot;#&quot;,&quot;pointer&quot;:&quot;/items/properties/category/properties/name&quot;}&#10;    domain: &quot;syntax&quot;&#10;    ignored: [&quot;$id&quot;,&quot;examples&quot;]&#10;warning: the following keywords are unknown and will be ignored: [$id, examples]&#10;    level: &quot;warning&quot;&#10;    schema: {&quot;loadingURI&quot;:&quot;#&quot;,&quot;pointer&quot;:&quot;/items/properties/id&quot;}&#10;    domain: &quot;syntax&quot;&#10;    ignored: [&quot;$id&quot;,&quot;examples&quot;]&#10;warning: the following keywords are unknown and will be ignored: [$id, examples]&#10;    level: &quot;warning&quot;&#10;    schema: {&quot;loadingURI&quot;:&quot;#&quot;,&quot;pointer&quot;:&quot;/items/properties/name&quot;}&#10;    domain: &quot;syntax&quot;&#10;    ignored: [&quot;$id&quot;,&quot;examples&quot;]&#10;warning: the following keywords are unknown and will be ignored: [$id]&#10;    level: &quot;warning&quot;&#10;    schema: {&quot;loadingURI&quot;:&quot;#&quot;,&quot;pointer&quot;:&quot;/items/properties/photoUrls&quot;}&#10;    domain: &quot;syntax&quot;&#10;    ignored: [&quot;$id&quot;]&#10;warning: the following keywords are unknown and will be ignored: [$id, examples]&#10;    level: &quot;warning&quot;&#10;    schema: {&quot;loadingURI&quot;:&quot;#&quot;,&quot;pointer&quot;:&quot;/items/properties/photoUrls/items&quot;}&#10;    domain: &quot;syntax&quot;&#10;    ignored: [&quot;$id&quot;,&quot;examples&quot;]&#10;warning: the following keywords are unknown and will be ignored: [$id, examples]&#10;    level: &quot;warning&quot;&#10;    schema: {&quot;loadingURI&quot;:&quot;#&quot;,&quot;pointer&quot;:&quot;/items/properties/status&quot;}&#10;    domain: &quot;syntax&quot;&#10;    ignored: [&quot;$id&quot;,&quot;examples&quot;]&#10;warning: the following keywords are unknown and will be ignored: [$id]&#10;    level: &quot;warning&quot;&#10;    schema: {&quot;loadingURI&quot;:&quot;#&quot;,&quot;pointer&quot;:&quot;/items/properties/tags&quot;}&#10;    domain: &quot;syntax&quot;&#10;    ignored: [&quot;$id&quot;]&#10;warning: the following keywords are unknown and will be ignored: [$id]&#10;    level: &quot;warning&quot;&#10;    schema: {&quot;loadingURI&quot;:&quot;#&quot;,&quot;pointer&quot;:&quot;/items/properties/tags/items&quot;}&#10;    domain: &quot;syntax&quot;&#10;    ignored: [&quot;$id&quot;]&#10;warning: the following keywords are unknown and will be ignored: [$id, examples]&#10;    level: &quot;warning&quot;&#10;    schema: {&quot;loadingURI&quot;:&quot;#&quot;,&quot;pointer&quot;:&quot;/items/properties/tags/items/properties/id&quot;}&#10;    domain: &quot;syntax&quot;&#10;    ignored: [&quot;$id&quot;,&quot;examples&quot;]&#10;warning: the following keywords are unknown and will be ignored: [$id, examples]&#10;    level: &quot;warning&quot;&#10;    schema: {&quot;loadingURI&quot;:&quot;#&quot;,&quot;pointer&quot;:&quot;/items/properties/tags/items/properties/name&quot;}&#10;    domain: &quot;syntax&quot;&#10;    ignored: [&quot;$id&quot;,&quot;examples&quot;]&#10;warning: the following keywords are unknown and will be ignored: [$id]&#10;    level: &quot;warning&quot;&#10;    schema: {&quot;loadingURI&quot;:&quot;#&quot;,&quot;pointer&quot;:&quot;/items&quot;}&#10;    domain: &quot;syntax&quot;&#10;    ignored: [&quot;$id&quot;]&#10;warning: the following keywords are unknown and will be ignored: [$id]&#10;    level: &quot;warning&quot;&#10;    schema: {&quot;loadingURI&quot;:&quot;#&quot;,&quot;pointer&quot;:&quot;/items/properties/category&quot;}&#10;    domain: &quot;syntax&quot;&#10;    ignored: [&quot;$id&quot;]&#10;warning: the following keywords are unknown and will be ignored: [$id, examples]&#10;    level: &quot;warning&quot;&#10;    schema: {&quot;loadingURI&quot;:&quot;#&quot;,&quot;pointer&quot;:&quot;/items/properties/category/properties/id&quot;}&#10;    domain: &quot;syntax&quot;&#10;    ignored: [&quot;$id&quot;,&quot;examples&quot;]&#10;warning: the following keywords are unknown and will be ignored: [$id, examples]&#10;    level: &quot;warning&quot;&#10;    schema: {&quot;loadingURI&quot;:&quot;#&quot;,&quot;pointer&quot;:&quot;/items/properties/category/properties/name&quot;}&#10;    domain: &quot;syntax&quot;&#10;    ignored: [&quot;$id&quot;,&quot;examples&quot;]&#10;warning: the following keywords are unknown and will be ignored: [$id, examples]&#10;    level: &quot;warning&quot;&#10;    schema: {&quot;loadingURI&quot;:&quot;#&quot;,&quot;pointer&quot;:&quot;/items/properties/id&quot;}&#10;    domain: &quot;syntax&quot;&#10;    ignored: [&quot;$id&quot;,&quot;examples&quot;]&#10;warning: the following keywords are unknown and will be ignored: [$id, examples]&#10;    level: &quot;warning&quot;&#10;    schema: {&quot;loadingURI&quot;:&quot;#&quot;,&quot;pointer&quot;:&quot;/items/properties/name&quot;}&#10;    domain: &quot;syntax&quot;&#10;    ignored: [&quot;$id&quot;,&quot;examples&quot;]&#10;warning: the following keywords are unknown and will be ignored: [$id]&#10;    level: &quot;warning&quot;&#10;    schema: {&quot;loadingURI&quot;:&quot;#&quot;,&quot;pointer&quot;:&quot;/items/properties/photoUrls&quot;}&#10;    domain: &quot;syntax&quot;&#10;    ignored: [&quot;$id&quot;]&#10;warning: the following keywords are unknown and will be ignored: [$id, examples]&#10;    level: &quot;warning&quot;&#10;    schema: {&quot;loadingURI&quot;:&quot;#&quot;,&quot;pointer&quot;:&quot;/items/properties/photoUrls/items&quot;}&#10;    domain: &quot;syntax&quot;&#10;    ignored: [&quot;$id&quot;,&quot;examples&quot;]&#10;warning: the following keywords are unknown and will be ignored: [$id, examples]&#10;    level: &quot;warning&quot;&#10;    schema: {&quot;loadingURI&quot;:&quot;#&quot;,&quot;pointer&quot;:&quot;/items/properties/status&quot;}&#10;    domain: &quot;syntax&quot;&#10;    ignored: [&quot;$id&quot;,&quot;examples&quot;]&#10;warning: the following keywords are unknown and will be ignored: [$id]&#10;    level: &quot;warning&quot;&#10;    schema: {&quot;loadingURI&quot;:&quot;#&quot;,&quot;pointer&quot;:&quot;/items/properties/tags&quot;}&#10;    domain: &quot;syntax&quot;&#10;    ignored: [&quot;$id&quot;]&#10;warning: the following keywords are unknown and will be ignored: [$id]&#10;    level: &quot;warning&quot;&#10;    schema: {&quot;loadingURI&quot;:&quot;#&quot;,&quot;pointer&quot;:&quot;/items/properties/tags/items&quot;}&#10;    domain: &quot;syntax&quot;&#10;    ignored: [&quot;$id&quot;]&#10;warning: the following keywords are unknown and will be ignored: [$id, examples]&#10;    level: &quot;warning&quot;&#10;    schema: {&quot;loadingURI&quot;:&quot;#&quot;,&quot;pointer&quot;:&quot;/items/properties/tags/items/properties/id&quot;}&#10;    domain: &quot;syntax&quot;&#10;    ignored: [&quot;$id&quot;,&quot;examples&quot;]&#10;warning: the following keywords are unknown and will be ignored: [$id, examples]&#10;    level: &quot;warning&quot;&#10;    schema: {&quot;loadingURI&quot;:&quot;#&quot;,&quot;pointer&quot;:&quot;/items/properties/tags/items/properties/name&quot;}&#10;    domain: &quot;syntax&quot;&#10;    ignored: [&quot;$id&quot;,&quot;examples&quot;]&#10;warning: the following keywords are unknown and will be ignored: [$id]&#10;    level: &quot;warning&quot;&#10;    schema: {&quot;loadingURI&quot;:&quot;#&quot;,&quot;pointer&quot;:&quot;/items&quot;}&#10;    domain: &quot;syntax&quot;&#10;    ignored: [&quot;$id&quot;]&#10;warning: the following keywords are unknown and will be ignored: [$id]&#10;    level: &quot;warning&quot;&#10;    schema: {&quot;loadingURI&quot;:&quot;#&quot;,&quot;pointer&quot;:&quot;/items/properties/category&quot;}&#10;    domain: &quot;syntax&quot;&#10;    ignored: [&quot;$id&quot;]&#10;warning: the following keywords are unknown and will be ignored: [$id, examples]&#10;    level: &quot;warning&quot;&#10;    schema: {&quot;loadingURI&quot;:&quot;#&quot;,&quot;pointer&quot;:&quot;/items/properties/category/properties/id&quot;}&#10;    domain: &quot;syntax&quot;&#10;    ignored: [&quot;$id&quot;,&quot;examples&quot;]&#10;warning: the following keywords are unknown and will be ignored: [$id, examples]&#10;    level: &quot;warning&quot;&#10;    schema: {&quot;loadingURI&quot;:&quot;#&quot;,&quot;pointer&quot;:&quot;/items/properties/category/properties/name&quot;}&#10;    domain: &quot;syntax&quot;&#10;    ignored: [&quot;$id&quot;,&quot;examples&quot;]&#10;warning: the following keywords are unknown and will be ignored: [$id, examples]&#10;    level: &quot;warning&quot;&#10;    schema: {&quot;loadingURI&quot;:&quot;#&quot;,&quot;pointer&quot;:&quot;/items/properties/id&quot;}&#10;    domain: &quot;syntax&quot;&#10;    ignored: [&quot;$id&quot;,&quot;examples&quot;]&#10;warning: the following keywords are unknown and will be ignored: [$id, examples]&#10;    level: &quot;warning&quot;&#10;    schema: {&quot;loadingURI&quot;:&quot;#&quot;,&quot;pointer&quot;:&quot;/items/properties/name&quot;}&#10;    domain: &quot;syntax&quot;&#10;    ignored: [&quot;$id&quot;,&quot;examples&quot;]&#10;warning: the following keywords are unknown and will be ignored: [$id]&#10;    level: &quot;warning&quot;&#10;    schema: {&quot;loadingURI&quot;:&quot;#&quot;,&quot;pointer&quot;:&quot;/items/properties/photoUrls&quot;}&#10;    domain: &quot;syntax&quot;&#10;    ignored: [&quot;$id&quot;]&#10;warning: the following keywords are unknown and will be ignored: [$id, examples]&#10;    level: &quot;warning&quot;&#10;    schema: {&quot;loadingURI&quot;:&quot;#&quot;,&quot;pointer&quot;:&quot;/items/properties/photoUrls/items&quot;}&#10;    domain: &quot;syntax&quot;&#10;    ignored: [&quot;$id&quot;,&quot;examples&quot;]&#10;warning: the following keywords are unknown and will be ignored: [$id, examples]&#10;    level: &quot;warning&quot;&#10;    schema: {&quot;loadingURI&quot;:&quot;#&quot;,&quot;pointer&quot;:&quot;/items/properties/status&quot;}&#10;    domain: &quot;syntax&quot;&#10;    ignored: [&quot;$id&quot;,&quot;examples&quot;]&#10;warning: the following keywords are unknown and will be ignored: [$id]&#10;    level: &quot;warning&quot;&#10;    schema: {&quot;loadingURI&quot;:&quot;#&quot;,&quot;pointer&quot;:&quot;/items/properties/tags&quot;}&#10;    domain: &quot;syntax&quot;&#10;    ignored: [&quot;$id&quot;]&#10;warning: the following keywords are unknown and will be ignored: [$id]&#10;    level: &quot;warning&quot;&#10;    schema: {&quot;loadingURI&quot;:&quot;#&quot;,&quot;pointer&quot;:&quot;/items/properties/tags/items&quot;}&#10;    domain: &quot;syntax&quot;&#10;    ignored: [&quot;$id&quot;]&#10;warning: the following keywords are unknown and will be ignored: [$id, examples]&#10;    level: &quot;warning&quot;&#10;    schema: {&quot;loadingURI&quot;:&quot;#&quot;,&quot;pointer&quot;:&quot;/items/properties/tags/items/properties/id&quot;}&#10;    domain: &quot;syntax&quot;&#10;    ignored: [&quot;$id&quot;,&quot;examples&quot;]&#10;warning: the following keywords are unknown and will be ignored: [$id, examples]&#10;    level: &quot;warning&quot;&#10;    schema: {&quot;loadingURI&quot;:&quot;#&quot;,&quot;pointer&quot;:&quot;/items/properties/tags/items/properties/name&quot;}&#10;    domain: &quot;syntax&quot;&#10;    ignored: [&quot;$id&quot;,&quot;examples&quot;]&#10;warning: the following keywords are unknown and will be ignored: [$id]&#10;    level: &quot;warning&quot;&#10;    schema: {&quot;loadingURI&quot;:&quot;#&quot;,&quot;pointer&quot;:&quot;/items&quot;}&#10;    domain: &quot;syntax&quot;&#10;    ignored: [&quot;$id&quot;]&#10;warning: the following keywords are unknown and will be ignored: [$id]&#10;    level: &quot;warning&quot;&#10;    schema: {&quot;loadingURI&quot;:&quot;#&quot;,&quot;pointer&quot;:&quot;/items/properties/category&quot;}&#10;    domain: &quot;syntax&quot;&#10;    ignored: [&quot;$id&quot;]&#10;warning: the following keywords are unknown and will be ignored: [$id, examples]&#10;    level: &quot;warning&quot;&#10;    schema: {&quot;loadingURI&quot;:&quot;#&quot;,&quot;pointer&quot;:&quot;/items/properties/category/properties/id&quot;}&#10;    domain: &quot;syntax&quot;&#10;    ignored: [&quot;$id&quot;,&quot;examples&quot;]&#10;warning: the following keywords are unknown and will be ignored: [$id, examples]&#10;    level: &quot;warning&quot;&#10;    schema: {&quot;loadingURI&quot;:&quot;#&quot;,&quot;pointer&quot;:&quot;/items/properties/category/properties/name&quot;}&#10;    domain: &quot;syntax&quot;&#10;    ignored: [&quot;$id&quot;,&quot;examples&quot;]&#10;warning: the following keywords are unknown and will be ignored: [$id, examples]&#10;    level: &quot;warning&quot;&#10;    schema: {&quot;loadingURI&quot;:&quot;#&quot;,&quot;pointer&quot;:&quot;/items/properties/id&quot;}&#10;    domain: &quot;syntax&quot;&#10;    ignored: [&quot;$id&quot;,&quot;examples&quot;]&#10;warning: the following keywords are unknown and will be ignored: [$id, examples]&#10;    level: &quot;warning&quot;&#10;    schema: {&quot;loadingURI&quot;:&quot;#&quot;,&quot;pointer&quot;:&quot;/items/properties/name&quot;}&#10;    domain: &quot;syntax&quot;&#10;    ignored: [&quot;$id&quot;,&quot;examples&quot;]&#10;warning: the following keywords are unknown and will be ignored: [$id]&#10;    level: &quot;warning&quot;&#10;    schema: {&quot;loadingURI&quot;:&quot;#&quot;,&quot;pointer&quot;:&quot;/items/properties/photoUrls&quot;}&#10;    domain: &quot;syntax&quot;&#10;    ignored: [&quot;$id&quot;]&#10;warning: the following keywords are unknown and will be ignored: [$id, examples]&#10;    level: &quot;warning&quot;&#10;    schema: {&quot;loadingURI&quot;:&quot;#&quot;,&quot;pointer&quot;:&quot;/items/properties/photoUrls/items&quot;}&#10;    domain: &quot;syntax&quot;&#10;    ignored: [&quot;$id&quot;,&quot;examples&quot;]&#10;warning: the following keywords are unknown and will be ignored: [$id, examples]&#10;    level: &quot;warning&quot;&#10;    schema: {&quot;loadingURI&quot;:&quot;#&quot;,&quot;pointer&quot;:&quot;/items/properties/status&quot;}&#10;    domain: &quot;syntax&quot;&#10;    ignored: [&quot;$id&quot;,&quot;examples&quot;]&#10;warning: the following keywords are unknown and will be ignored: [$id]&#10;    level: &quot;warning&quot;&#10;    schema: {&quot;loadingURI&quot;:&quot;#&quot;,&quot;pointer&quot;:&quot;/items/properties/tags&quot;}&#10;    domain: &quot;syntax&quot;&#10;    ignored: [&quot;$id&quot;]&#10;warning: the following keywords are unknown and will be ignored: [$id]&#10;    level: &quot;warning&quot;&#10;    schema: {&quot;loadingURI&quot;:&quot;#&quot;,&quot;pointer&quot;:&quot;/items/properties/tags/items&quot;}&#10;    domain: &quot;syntax&quot;&#10;    ignored: [&quot;$id&quot;]&#10;warning: the following keywords are unknown and will be ignored: [$id, examples]&#10;    level: &quot;warning&quot;&#10;    schema: {&quot;loadingURI&quot;:&quot;#&quot;,&quot;pointer&quot;:&quot;/items/properties/tags/items/properties/id&quot;}&#10;    domain: &quot;syntax&quot;&#10;    ignored: [&quot;$id&quot;,&quot;examples&quot;]&#10;warning: the following keywords are unknown and will be ignored: [$id, examples]&#10;    level: &quot;warning&quot;&#10;    schema: {&quot;loadingURI&quot;:&quot;#&quot;,&quot;pointer&quot;:&quot;/items/properties/tags/items/properties/name&quot;}&#10;    domain: &quot;syntax&quot;&#10;    ignored: [&quot;$id&quot;,&quot;examples&quot;]&#10;warning: the following keywords are unknown and will be ignored: [$id]&#10;    level: &quot;warning&quot;&#10;    schema: {&quot;loadingURI&quot;:&quot;#&quot;,&quot;pointer&quot;:&quot;/items&quot;}&#10;    domain: &quot;syntax&quot;&#10;    ignored: [&quot;$id&quot;]&#10;warning: the following keywords are unknown and will be ignored: [$id]&#10;    level: &quot;warning&quot;&#10;    schema: {&quot;loadingURI&quot;:&quot;#&quot;,&quot;pointer&quot;:&quot;/items/properties/category&quot;}&#10;    domain: &quot;syntax&quot;&#10;    ignored: [&quot;$id&quot;]&#10;warning: the following keywords are unknown and will be ignored: [$id, examples]&#10;    level: &quot;warning&quot;&#10;    schema: {&quot;loadingURI&quot;:&quot;#&quot;,&quot;pointer&quot;:&quot;/items/properties/category/properties/id&quot;}&#10;    domain: &quot;syntax&quot;&#10;    ignored: [&quot;$id&quot;,&quot;examples&quot;]&#10;warning: the following keywords are unknown and will be ignored: [$id, examples]&#10;    level: &quot;warning&quot;&#10;    schema: {&quot;loadingURI&quot;:&quot;#&quot;,&quot;pointer&quot;:&quot;/items/properties/category/properties/name&quot;}&#10;    domain: &quot;syntax&quot;&#10;    ignored: [&quot;$id&quot;,&quot;examples&quot;]&#10;warning: the following keywords are unknown and will be ignored: [$id, examples]&#10;    level: &quot;warning&quot;&#10;    schema: {&quot;loadingURI&quot;:&quot;#&quot;,&quot;pointer&quot;:&quot;/items/properties/id&quot;}&#10;    domain: &quot;syntax&quot;&#10;    ignored: [&quot;$id&quot;,&quot;examples&quot;]&#10;warning: the following keywords are unknown and will be ignored: [$id, examples]&#10;    level: &quot;warning&quot;&#10;    schema: {&quot;loadingURI&quot;:&quot;#&quot;,&quot;pointer&quot;:&quot;/items/properties/name&quot;}&#10;    domain: &quot;syntax&quot;&#10;    ignored: [&quot;$id&quot;,&quot;examples&quot;]&#10;warning: the following keywords are unknown and will be ignored: [$id]&#10;    level: &quot;warning&quot;&#10;    schema: {&quot;loadingURI&quot;:&quot;#&quot;,&quot;pointer&quot;:&quot;/items/properties/photoUrls&quot;}&#10;    domain: &quot;syntax&quot;&#10;    ignored: [&quot;$id&quot;]&#10;warning: the following keywords are unknown and will be ignored: [$id, examples]&#10;    level: &quot;warning&quot;&#10;    schema: {&quot;loadingURI&quot;:&quot;#&quot;,&quot;pointer&quot;:&quot;/items/properties/photoUrls/items&quot;}&#10;    domain: &quot;syntax&quot;&#10;    ignored: [&quot;$id&quot;,&quot;examples&quot;]&#10;warning: the following keywords are unknown and will be ignored: [$id, examples]&#10;    level: &quot;warning&quot;&#10;    schema: {&quot;loadingURI&quot;:&quot;#&quot;,&quot;pointer&quot;:&quot;/items/properties/status&quot;}&#10;    domain: &quot;syntax&quot;&#10;    ignored: [&quot;$id&quot;,&quot;examples&quot;]&#10;warning: the following keywords are unknown and will be ignored: [$id]&#10;    level: &quot;warning&quot;&#10;    schema: {&quot;loadingURI&quot;:&quot;#&quot;,&quot;pointer&quot;:&quot;/items/properties/tags&quot;}&#10;    domain: &quot;syntax&quot;&#10;    ignored: [&quot;$id&quot;]&#10;warning: the following keywords are unknown and will be ignored: [$id]&#10;    level: &quot;warning&quot;&#10;    schema: {&quot;loadingURI&quot;:&quot;#&quot;,&quot;pointer&quot;:&quot;/items/properties/tags/items&quot;}&#10;    domain: &quot;syntax&quot;&#10;    ignored: [&quot;$id&quot;]&#10;warning: the following keywords are unknown and will be ignored: [$id, examples]&#10;    level: &quot;warning&quot;&#10;    schema: {&quot;loadingURI&quot;:&quot;#&quot;,&quot;pointer&quot;:&quot;/items/properties/tags/items/properties/id&quot;}&#10;    domain: &quot;syntax&quot;&#10;    ignored: [&quot;$id&quot;,&quot;examples&quot;]&#10;warning: the following keywords are unknown and will be ignored: [$id, examples]&#10;    level: &quot;warning&quot;&#10;    schema: {&quot;loadingURI&quot;:&quot;#&quot;,&quot;pointer&quot;:&quot;/items/properties/tags/items/properties/name&quot;}&#10;    domain: &quot;syntax&quot;&#10;    ignored: [&quot;$id&quot;,&quot;examples&quot;]&#10;warning: the following keywords are unknown and will be ignored: [$id]&#10;    level: &quot;warning&quot;&#10;    schema: {&quot;loadingURI&quot;:&quot;#&quot;,&quot;pointer&quot;:&quot;/items&quot;}&#10;    domain: &quot;syntax&quot;&#10;    ignored: [&quot;$id&quot;]&#10;warning: the following keywords are unknown and will be ignored: [$id]&#10;    level: &quot;warning&quot;&#10;    schema: {&quot;loadingURI&quot;:&quot;#&quot;,&quot;pointer&quot;:&quot;/items/properties/category&quot;}&#10;    domain: &quot;syntax&quot;&#10;    ignored: [&quot;$id&quot;]&#10;warning: the following keywords are unknown and will be ignored: [$id, examples]&#10;    level: &quot;warning&quot;&#10;    schema: {&quot;loadingURI&quot;:&quot;#&quot;,&quot;pointer&quot;:&quot;/items/properties/category/properties/id&quot;}&#10;    domain: &quot;syntax&quot;&#10;    ignored: [&quot;$id&quot;,&quot;examples&quot;]&#10;warning: the following keywords are unknown and will be ignored: [$id, examples]&#10;    level: &quot;warning&quot;&#10;    schema: {&quot;loadingURI&quot;:&quot;#&quot;,&quot;pointer&quot;:&quot;/items/properties/category/properties/name&quot;}&#10;    domain: &quot;syntax&quot;&#10;    ignored: [&quot;$id&quot;,&quot;examples&quot;]&#10;warning: the following keywords are unknown and will be ignored: [$id, examples]&#10;    level: &quot;warning&quot;&#10;    schema: {&quot;loadingURI&quot;:&quot;#&quot;,&quot;pointer&quot;:&quot;/items/properties/id&quot;}&#10;    domain: &quot;syntax&quot;&#10;    ignored: [&quot;$id&quot;,&quot;examples&quot;]&#10;warning: the following keywords are unknown and will be ignored: [$id, examples]&#10;    level: &quot;warning&quot;&#10;    schema: {&quot;loadingURI&quot;:&quot;#&quot;,&quot;pointer&quot;:&quot;/items/properties/name&quot;}&#10;    domain: &quot;syntax&quot;&#10;    ignored: [&quot;$id&quot;,&quot;examples&quot;]&#10;warning: the following keywords are unknown and will be ignored: [$id]&#10;    level: &quot;warning&quot;&#10;    schema: {&quot;loadingURI&quot;:&quot;#&quot;,&quot;pointer&quot;:&quot;/items/properties/photoUrls&quot;}&#10;    domain: &quot;syntax&quot;&#10;    ignored: [&quot;$id&quot;]&#10;warning: the following keywords are unknown and will be ignored: [$id, examples]&#10;    level: &quot;warning&quot;&#10;    schema: {&quot;loadingURI&quot;:&quot;#&quot;,&quot;pointer&quot;:&quot;/items/properties/photoUrls/items&quot;}&#10;    domain: &quot;syntax&quot;&#10;    ignored: [&quot;$id&quot;,&quot;examples&quot;]&#10;warning: the following keywords are unknown and will be ignored: [$id, examples]&#10;    level: &quot;warning&quot;&#10;    schema: {&quot;loadingURI&quot;:&quot;#&quot;,&quot;pointer&quot;:&quot;/items/properties/status&quot;}&#10;    domain: &quot;syntax&quot;&#10;    ignored: [&quot;$id&quot;,&quot;examples&quot;]&#10;warning: the following keywords are unknown and will be ignored: [$id]&#10;    level: &quot;warning&quot;&#10;    schema: {&quot;loadingURI&quot;:&quot;#&quot;,&quot;pointer&quot;:&quot;/items/properties/tags&quot;}&#10;    domain: &quot;syntax&quot;&#10;    ignored: [&quot;$id&quot;]&#10;warning: the following keywords are unknown and will be ignored: [$id]&#10;    level: &quot;warning&quot;&#10;    schema: {&quot;loadingURI&quot;:&quot;#&quot;,&quot;pointer&quot;:&quot;/items/properties/tags/items&quot;}&#10;    domain: &quot;syntax&quot;&#10;    ignored: [&quot;$id&quot;]&#10;warning: the following keywords are unknown and will be ignored: [$id, examples]&#10;    level: &quot;warning&quot;&#10;    schema: {&quot;loadingURI&quot;:&quot;#&quot;,&quot;pointer&quot;:&quot;/items/properties/tags/items/properties/id&quot;}&#10;    domain: &quot;syntax&quot;&#10;    ignored: [&quot;$id&quot;,&quot;examples&quot;]&#10;warning: the following keywords are unknown and will be ignored: [$id, examples]&#10;    level: &quot;warning&quot;&#10;    schema: {&quot;loadingURI&quot;:&quot;#&quot;,&quot;pointer&quot;:&quot;/items/properties/tags/items/properties/name&quot;}&#10;    domain: &quot;syntax&quot;&#10;    ignored: [&quot;$id&quot;,&quot;examples&quot;]&#10;warning: the following keywords are unknown and will be ignored: [$id]&#10;    level: &quot;warning&quot;&#10;    schema: {&quot;loadingURI&quot;:&quot;#&quot;,&quot;pointer&quot;:&quot;/items&quot;}&#10;    domain: &quot;syntax&quot;&#10;    ignored: [&quot;$id&quot;]&#10;warning: the following keywords are unknown and will be ignored: [$id]&#10;    level: &quot;warning&quot;&#10;    schema: {&quot;loadingURI&quot;:&quot;#&quot;,&quot;pointer&quot;:&quot;/items/properties/category&quot;}&#10;    domain: &quot;syntax&quot;&#10;    ignored: [&quot;$id&quot;]&#10;warning: the following keywords are unknown and will be ignored: [$id, examples]&#10;    level: &quot;warning&quot;&#10;    schema: {&quot;loadingURI&quot;:&quot;#&quot;,&quot;pointer&quot;:&quot;/items/properties/category/properties/id&quot;}&#10;    domain: &quot;syntax&quot;&#10;    ignored: [&quot;$id&quot;,&quot;examples&quot;]&#10;warning: the following keywords are unknown and will be ignored: [$id, examples]&#10;    level: &quot;warning&quot;&#10;    schema: {&quot;loadingURI&quot;:&quot;#&quot;,&quot;pointer&quot;:&quot;/items/properties/category/properties/name&quot;}&#10;    domain: &quot;syntax&quot;&#10;    ignored: [&quot;$id&quot;,&quot;examples&quot;]&#10;warning: the following keywords are unknown and will be ignored: [$id, examples]&#10;    level: &quot;warning&quot;&#10;    schema: {&quot;loadingURI&quot;:&quot;#&quot;,&quot;pointer&quot;:&quot;/items/properties/id&quot;}&#10;    domain: &quot;syntax&quot;&#10;    ignored: [&quot;$id&quot;,&quot;examples&quot;]&#10;warning: the following keywords are unknown and will be ignored: [$id, examples]&#10;    level: &quot;warning&quot;&#10;    schema: {&quot;loadingURI&quot;:&quot;#&quot;,&quot;pointer&quot;:&quot;/items/properties/name&quot;}&#10;    domain: &quot;syntax&quot;&#10;    ignored: [&quot;$id&quot;,&quot;examples&quot;]&#10;warning: the following keywords are unknown and will be ignored: [$id]&#10;    level: &quot;warning&quot;&#10;    schema: {&quot;loadingURI&quot;:&quot;#&quot;,&quot;pointer&quot;:&quot;/items/properties/photoUrls&quot;}&#10;    domain: &quot;syntax&quot;&#10;    ignored: [&quot;$id&quot;]&#10;warning: the following keywords are unknown and will be ignored: [$id, examples]&#10;    level: &quot;warning&quot;&#10;    schema: {&quot;loadingURI&quot;:&quot;#&quot;,&quot;pointer&quot;:&quot;/items/properties/photoUrls/items&quot;}&#10;    domain: &quot;syntax&quot;&#10;    ignored: [&quot;$id&quot;,&quot;examples&quot;]&#10;warning: the following keywords are unknown and will be ignored: [$id, examples]&#10;    level: &quot;warning&quot;&#10;    schema: {&quot;loadingURI&quot;:&quot;#&quot;,&quot;pointer&quot;:&quot;/items/properties/status&quot;}&#10;    domain: &quot;syntax&quot;&#10;    ignored: [&quot;$id&quot;,&quot;examples&quot;]&#10;warning: the following keywords are unknown and will be ignored: [$id]&#10;    level: &quot;warning&quot;&#10;    schema: {&quot;loadingURI&quot;:&quot;#&quot;,&quot;pointer&quot;:&quot;/items/properties/tags&quot;}&#10;    domain: &quot;syntax&quot;&#10;    ignored: [&quot;$id&quot;]&#10;warning: the following keywords are unknown and will be ignored: [$id]&#10;    level: &quot;warning&quot;&#10;    schema: {&quot;loadingURI&quot;:&quot;#&quot;,&quot;pointer&quot;:&quot;/items/properties/tags/items&quot;}&#10;    domain: &quot;syntax&quot;&#10;    ignored: [&quot;$id&quot;]&#10;warning: the following keywords are unknown and will be ignored: [$id, examples]&#10;    level: &quot;warning&quot;&#10;    schema: {&quot;loadingURI&quot;:&quot;#&quot;,&quot;pointer&quot;:&quot;/items/properties/tags/items/properties/id&quot;}&#10;    domain: &quot;syntax&quot;&#10;    ignored: [&quot;$id&quot;,&quot;examples&quot;]&#10;warning: the following keywords are unknown and will be ignored: [$id, examples]&#10;    level: &quot;warning&quot;&#10;    schema: {&quot;loadingURI&quot;:&quot;#&quot;,&quot;pointer&quot;:&quot;/items/properties/tags/items/properties/name&quot;}&#10;    domain: &quot;syntax&quot;&#10;    ignored: [&quot;$id&quot;,&quot;examples&quot;]&#10;warning: the following keywords are unknown and will be ignored: [$id]&#10;    level: &quot;warning&quot;&#10;    schema: {&quot;loadingURI&quot;:&quot;#&quot;,&quot;pointer&quot;:&quot;/items&quot;}&#10;    domain: &quot;syntax&quot;&#10;    ignored: [&quot;$id&quot;]&#10;warning: the following keywords are unknown and will be ignored: [$id]&#10;    level: &quot;warning&quot;&#10;    schema: {&quot;loadingURI&quot;:&quot;#&quot;,&quot;pointer&quot;:&quot;/items/properties/category&quot;}&#10;    domain: &quot;syntax&quot;&#10;    ignored: [&quot;$id&quot;]&#10;warning: the following keywords are unknown and will be ignored: [$id, examples]&#10;    level: &quot;warning&quot;&#10;    schema: {&quot;loadingURI&quot;:&quot;#&quot;,&quot;pointer&quot;:&quot;/items/properties/category/properties/id&quot;}&#10;    domain: &quot;syntax&quot;&#10;    ignored: [&quot;$id&quot;,&quot;examples&quot;]&#10;warning: the following keywords are unknown and will be ignored: [$id, examples]&#10;    level: &quot;warning&quot;&#10;    schema: {&quot;loadingURI&quot;:&quot;#&quot;,&quot;pointer&quot;:&quot;/items/properties/category/properties/name&quot;}&#10;    domain: &quot;syntax&quot;&#10;    ignored: [&quot;$id&quot;,&quot;examples&quot;]&#10;warning: the following keywords are unknown and will be ignored: [$id, examples]&#10;    level: &quot;warning&quot;&#10;    schema: {&quot;loadingURI&quot;:&quot;#&quot;,&quot;pointer&quot;:&quot;/items/properties/id&quot;}&#10;    domain: &quot;syntax&quot;&#10;    ignored: [&quot;$id&quot;,&quot;examples&quot;]&#10;warning: the following keywords are unknown and will be ignored: [$id, examples]&#10;    level: &quot;warning&quot;&#10;    schema: {&quot;loadingURI&quot;:&quot;#&quot;,&quot;pointer&quot;:&quot;/items/properties/name&quot;}&#10;    domain: &quot;syntax&quot;&#10;    ignored: [&quot;$id&quot;,&quot;examples&quot;]&#10;warning: the following keywords are unknown and will be ignored: [$id]&#10;    level: &quot;warning&quot;&#10;    schema: {&quot;loadingURI&quot;:&quot;#&quot;,&quot;pointer&quot;:&quot;/items/properties/photoUrls&quot;}&#10;    domain: &quot;syntax&quot;&#10;    ignored: [&quot;$id&quot;]&#10;warning: the following keywords are unknown and will be ignored: [$id, examples]&#10;    level: &quot;warning&quot;&#10;    schema: {&quot;loadingURI&quot;:&quot;#&quot;,&quot;pointer&quot;:&quot;/items/properties/photoUrls/items&quot;}&#10;    domain: &quot;syntax&quot;&#10;    ignored: [&quot;$id&quot;,&quot;examples&quot;]&#10;warning: the following keywords are unknown and will be ignored: [$id, examples]&#10;    level: &quot;warning&quot;&#10;    schema: {&quot;loadingURI&quot;:&quot;#&quot;,&quot;pointer&quot;:&quot;/items/properties/status&quot;}&#10;    domain: &quot;syntax&quot;&#10;    ignored: [&quot;$id&quot;,&quot;examples&quot;]&#10;warning: the following keywords are unknown and will be ignored: [$id]&#10;    level: &quot;warning&quot;&#10;    schema: {&quot;loadingURI&quot;:&quot;#&quot;,&quot;pointer&quot;:&quot;/items/properties/tags&quot;}&#10;    domain: &quot;syntax&quot;&#10;    ignored: [&quot;$id&quot;]&#10;warning: the following keywords are unknown and will be ignored: [$id]&#10;    level: &quot;warning&quot;&#10;    schema: {&quot;loadingURI&quot;:&quot;#&quot;,&quot;pointer&quot;:&quot;/items/properties/tags/items&quot;}&#10;    domain: &quot;syntax&quot;&#10;    ignored: [&quot;$id&quot;]&#10;warning: the following keywords are unknown and will be ignored: [$id, examples]&#10;    level: &quot;warning&quot;&#10;    schema: {&quot;loadingURI&quot;:&quot;#&quot;,&quot;pointer&quot;:&quot;/items/properties/tags/items/properties/id&quot;}&#10;    domain: &quot;syntax&quot;&#10;    ignored: [&quot;$id&quot;,&quot;examples&quot;]&#10;warning: the following keywords are unknown and will be ignored: [$id, examples]&#10;    level: &quot;warning&quot;&#10;    schema: {&quot;loadingURI&quot;:&quot;#&quot;,&quot;pointer&quot;:&quot;/items/properties/tags/items/properties/name&quot;}&#10;    domain: &quot;syntax&quot;&#10;    ignored: [&quot;$id&quot;,&quot;examples&quot;]&#10;warning: the following keywords are unknown and will be ignored: [$id]&#10;    level: &quot;warning&quot;&#10;    schema: {&quot;loadingURI&quot;:&quot;#&quot;,&quot;pointer&quot;:&quot;/items&quot;}&#10;    domain: &quot;syntax&quot;&#10;    ignored: [&quot;$id&quot;]&#10;warning: the following keywords are unknown and will be ignored: [$id]&#10;    level: &quot;warning&quot;&#10;    schema: {&quot;loadingURI&quot;:&quot;#&quot;,&quot;pointer&quot;:&quot;/items/properties/category&quot;}&#10;    domain: &quot;syntax&quot;&#10;    ignored: [&quot;$id&quot;]&#10;warning: the following keywords are unknown and will be ignored: [$id, examples]&#10;    level: &quot;warning&quot;&#10;    schema: {&quot;loadingURI&quot;:&quot;#&quot;,&quot;pointer&quot;:&quot;/items/properties/category/properties/id&quot;}&#10;    domain: &quot;syntax&quot;&#10;    ignored: [&quot;$id&quot;,&quot;examples&quot;]&#10;warning: the following keywords are unknown and will be ignored: [$id, examples]&#10;    level: &quot;warning&quot;&#10;    schema: {&quot;loadingURI&quot;:&quot;#&quot;,&quot;pointer&quot;:&quot;/items/properties/category/properties/name&quot;}&#10;    domain: &quot;syntax&quot;&#10;    ignored: [&quot;$id&quot;,&quot;examples&quot;]&#10;warning: the following keywords are unknown and will be ignored: [$id, examples]&#10;    level: &quot;warning&quot;&#10;    schema: {&quot;loadingURI&quot;:&quot;#&quot;,&quot;pointer&quot;:&quot;/items/properties/id&quot;}&#10;    domain: &quot;syntax&quot;&#10;    ignored: [&quot;$id&quot;,&quot;examples&quot;]&#10;warning: the following keywords are unknown and will be ignored: [$id, examples]&#10;    level: &quot;warning&quot;&#10;    schema: {&quot;loadingURI&quot;:&quot;#&quot;,&quot;pointer&quot;:&quot;/items/properties/name&quot;}&#10;    domain: &quot;syntax&quot;&#10;    ignored: [&quot;$id&quot;,&quot;examples&quot;]&#10;warning: the following keywords are unknown and will be ignored: [$id]&#10;    level: &quot;warning&quot;&#10;    schema: {&quot;loadingURI&quot;:&quot;#&quot;,&quot;pointer&quot;:&quot;/items/properties/photoUrls&quot;}&#10;    domain: &quot;syntax&quot;&#10;    ignored: [&quot;$id&quot;]&#10;warning: the following keywords are unknown and will be ignored: [$id, examples]&#10;    level: &quot;warning&quot;&#10;    schema: {&quot;loadingURI&quot;:&quot;#&quot;,&quot;pointer&quot;:&quot;/items/properties/photoUrls/items&quot;}&#10;    domain: &quot;syntax&quot;&#10;    ignored: [&quot;$id&quot;,&quot;examples&quot;]&#10;warning: the following keywords are unknown and will be ignored: [$id, examples]&#10;    level: &quot;warning&quot;&#10;    schema: {&quot;loadingURI&quot;:&quot;#&quot;,&quot;pointer&quot;:&quot;/items/properties/status&quot;}&#10;    domain: &quot;syntax&quot;&#10;    ignored: [&quot;$id&quot;,&quot;examples&quot;]&#10;warning: the following keywords are unknown and will be ignored: [$id]&#10;    level: &quot;warning&quot;&#10;    schema: {&quot;loadingURI&quot;:&quot;#&quot;,&quot;pointer&quot;:&quot;/items/properties/tags&quot;}&#10;    domain: &quot;syntax&quot;&#10;    ignored: [&quot;$id&quot;]&#10;warning: the following keywords are unknown and will be ignored: [$id]&#10;    level: &quot;warning&quot;&#10;    schema: {&quot;loadingURI&quot;:&quot;#&quot;,&quot;pointer&quot;:&quot;/items/properties/tags/items&quot;}&#10;    domain: &quot;syntax&quot;&#10;    ignored: [&quot;$id&quot;]&#10;warning: the following keywords are unknown and will be ignored: [$id, examples]&#10;    level: &quot;warning&quot;&#10;    schema: {&quot;loadingURI&quot;:&quot;#&quot;,&quot;pointer&quot;:&quot;/items/properties/tags/items/properties/id&quot;}&#10;    domain: &quot;syntax&quot;&#10;    ignored: [&quot;$id&quot;,&quot;examples&quot;]&#10;warning: the following keywords are unknown and will be ignored: [$id, examples]&#10;    level: &quot;warning&quot;&#10;    schema: {&quot;loadingURI&quot;:&quot;#&quot;,&quot;pointer&quot;:&quot;/items/properties/tags/items/properties/name&quot;}&#10;    domain: &quot;syntax&quot;&#10;    ignored: [&quot;$id&quot;,&quot;examples&quot;]&#10;warning: the following keywords are unknown and will be ignored: [$id]&#10;    level: &quot;warning&quot;&#10;    schema: {&quot;loadingURI&quot;:&quot;#&quot;,&quot;pointer&quot;:&quot;/items&quot;}&#10;    domain: &quot;syntax&quot;&#10;    ignored: [&quot;$id&quot;]&#10;warning: the following keywords are unknown and will be ignored: [$id]&#10;    level: &quot;warning&quot;&#10;    schema: {&quot;loadingURI&quot;:&quot;#&quot;,&quot;pointer&quot;:&quot;/items/properties/category&quot;}&#10;    domain: &quot;syntax&quot;&#10;    ignored: [&quot;$id&quot;]&#10;warning: the following keywords are unknown and will be ignored: [$id, examples]&#10;    level: &quot;warning&quot;&#10;    schema: {&quot;loadingURI&quot;:&quot;#&quot;,&quot;pointer&quot;:&quot;/items/properties/category/properties/id&quot;}&#10;    domain: &quot;syntax&quot;&#10;    ignored: [&quot;$id&quot;,&quot;examples&quot;]&#10;warning: the following keywords are unknown and will be ignored: [$id, examples]&#10;    level: &quot;warning&quot;&#10;    schema: {&quot;loadingURI&quot;:&quot;#&quot;,&quot;pointer&quot;:&quot;/items/properties/category/properties/name&quot;}&#10;    domain: &quot;syntax&quot;&#10;    ignored: [&quot;$id&quot;,&quot;examples&quot;]&#10;warning: the following keywords are unknown and will be ignored: [$id, examples]&#10;    level: &quot;warning&quot;&#10;    schema: {&quot;loadingURI&quot;:&quot;#&quot;,&quot;pointer&quot;:&quot;/items/properties/id&quot;}&#10;    domain: &quot;syntax&quot;&#10;    ignored: [&quot;$id&quot;,&quot;examples&quot;]&#10;warning: the following keywords are unknown and will be ignored: [$id, examples]&#10;    level: &quot;warning&quot;&#10;    schema: {&quot;loadingURI&quot;:&quot;#&quot;,&quot;pointer&quot;:&quot;/items/properties/name&quot;}&#10;    domain: &quot;syntax&quot;&#10;    ignored: [&quot;$id&quot;,&quot;examples&quot;]&#10;warning: the following keywords are unknown and will be ignored: [$id]&#10;    level: &quot;warning&quot;&#10;    schema: {&quot;loadingURI&quot;:&quot;#&quot;,&quot;pointer&quot;:&quot;/items/properties/photoUrls&quot;}&#10;    domain: &quot;syntax&quot;&#10;    ignored: [&quot;$id&quot;]&#10;warning: the following keywords are unknown and will be ignored: [$id, examples]&#10;    level: &quot;warning&quot;&#10;    schema: {&quot;loadingURI&quot;:&quot;#&quot;,&quot;pointer&quot;:&quot;/items/properties/photoUrls/items&quot;}&#10;    domain: &quot;syntax&quot;&#10;    ignored: [&quot;$id&quot;,&quot;examples&quot;]&#10;warning: the following keywords are unknown and will be ignored: [$id, examples]&#10;    level: &quot;warning&quot;&#10;    schema: {&quot;loadingURI&quot;:&quot;#&quot;,&quot;pointer&quot;:&quot;/items/properties/status&quot;}&#10;    domain: &quot;syntax&quot;&#10;    ignored: [&quot;$id&quot;,&quot;examples&quot;]&#10;warning: the following keywords are unknown and will be ignored: [$id]&#10;    level: &quot;warning&quot;&#10;    schema: {&quot;loadingURI&quot;:&quot;#&quot;,&quot;pointer&quot;:&quot;/items/properties/tags&quot;}&#10;    domain: &quot;syntax&quot;&#10;    ignored: [&quot;$id&quot;]&#10;warning: the following keywords are unknown and will be ignored: [$id]&#10;    level: &quot;warning&quot;&#10;    schema: {&quot;loadingURI&quot;:&quot;#&quot;,&quot;pointer&quot;:&quot;/items/properties/tags/items&quot;}&#10;    domain: &quot;syntax&quot;&#10;    ignored: [&quot;$id&quot;]&#10;warning: the following keywords are unknown and will be ignored: [$id, examples]&#10;    level: &quot;warning&quot;&#10;    schema: {&quot;loadingURI&quot;:&quot;#&quot;,&quot;pointer&quot;:&quot;/items/properties/tags/items/properties/id&quot;}&#10;    domain: &quot;syntax&quot;&#10;    ignored: [&quot;$id&quot;,&quot;examples&quot;]&#10;warning: the following keywords are unknown and will be ignored: [$id, examples]&#10;    level: &quot;warning&quot;&#10;    schema: {&quot;loadingURI&quot;:&quot;#&quot;,&quot;pointer&quot;:&quot;/items/properties/tags/items/properties/name&quot;}&#10;    domain: &quot;syntax&quot;&#10;    ignored: [&quot;$id&quot;,&quot;examples&quot;]&#10;warning: the following keywords are unknown and will be ignored: [$id]&#10;    level: &quot;warning&quot;&#10;    schema: {&quot;loadingURI&quot;:&quot;#&quot;,&quot;pointer&quot;:&quot;/items&quot;}&#10;    domain: &quot;syntax&quot;&#10;    ignored: [&quot;$id&quot;]&#10;warning: the following keywords are unknown and will be ignored: [$id]&#10;    level: &quot;warning&quot;&#10;    schema: {&quot;loadingURI&quot;:&quot;#&quot;,&quot;pointer&quot;:&quot;/items/properties/category&quot;}&#10;    domain: &quot;syntax&quot;&#10;    ignored: [&quot;$id&quot;]&#10;warning: the following keywords are unknown and will be ignored: [$id, examples]&#10;    level: &quot;warning&quot;&#10;    schema: {&quot;loadingURI&quot;:&quot;#&quot;,&quot;pointer&quot;:&quot;/items/properties/category/properties/id&quot;}&#10;    domain: &quot;syntax&quot;&#10;    ignored: [&quot;$id&quot;,&quot;examples&quot;]&#10;warning: the following keywords are unknown and will be ignored: [$id, examples]&#10;    level: &quot;warning&quot;&#10;    schema: {&quot;loadingURI&quot;:&quot;#&quot;,&quot;pointer&quot;:&quot;/items/properties/category/properties/name&quot;}&#10;    domain: &quot;syntax&quot;&#10;    ignored: [&quot;$id&quot;,&quot;examples&quot;]&#10;warning: the following keywords are unknown and will be ignored: [$id, examples]&#10;    level: &quot;warning&quot;&#10;    schema: {&quot;loadingURI&quot;:&quot;#&quot;,&quot;pointer&quot;:&quot;/items/properties/id&quot;}&#10;    domain: &quot;syntax&quot;&#10;    ignored: [&quot;$id&quot;,&quot;examples&quot;]&#10;warning: the following keywords are unknown and will be ignored: [$id, examples]&#10;    level: &quot;warning&quot;&#10;    schema: {&quot;loadingURI&quot;:&quot;#&quot;,&quot;pointer&quot;:&quot;/items/properties/name&quot;}&#10;    domain: &quot;syntax&quot;&#10;    ignored: [&quot;$id&quot;,&quot;examples&quot;]&#10;warning: the following keywords are unknown and will be ignored: [$id]&#10;    level: &quot;warning&quot;&#10;    schema: {&quot;loadingURI&quot;:&quot;#&quot;,&quot;pointer&quot;:&quot;/items/properties/photoUrls&quot;}&#10;    domain: &quot;syntax&quot;&#10;    ignored: [&quot;$id&quot;]&#10;warning: the following keywords are unknown and will be ignored: [$id, examples]&#10;    level: &quot;warning&quot;&#10;    schema: {&quot;loadingURI&quot;:&quot;#&quot;,&quot;pointer&quot;:&quot;/items/properties/photoUrls/items&quot;}&#10;    domain: &quot;syntax&quot;&#10;    ignored: [&quot;$id&quot;,&quot;examples&quot;]&#10;warning: the following keywords are unknown and will be ignored: [$id, examples]&#10;    level: &quot;warning&quot;&#10;    schema: {&quot;loadingURI&quot;:&quot;#&quot;,&quot;pointer&quot;:&quot;/items/properties/status&quot;}&#10;    domain: &quot;syntax&quot;&#10;    ignored: [&quot;$id&quot;,&quot;examples&quot;]&#10;warning: the following keywords are unknown and will be ignored: [$id]&#10;    level: &quot;warning&quot;&#10;    schema: {&quot;loadingURI&quot;:&quot;#&quot;,&quot;pointer&quot;:&quot;/items/properties/tags&quot;}&#10;    domain: &quot;syntax&quot;&#10;    ignored: [&quot;$id&quot;]&#10;warning: the following keywords are unknown and will be ignored: [$id]&#10;    level: &quot;warning&quot;&#10;    schema: {&quot;loadingURI&quot;:&quot;#&quot;,&quot;pointer&quot;:&quot;/items/properties/tags/items&quot;}&#10;    domain: &quot;syntax&quot;&#10;    ignored: [&quot;$id&quot;]&#10;warning: the following keywords are unknown and will be ignored: [$id, examples]&#10;    level: &quot;warning&quot;&#10;    schema: {&quot;loadingURI&quot;:&quot;#&quot;,&quot;pointer&quot;:&quot;/items/properties/tags/items/properties/id&quot;}&#10;    domain: &quot;syntax&quot;&#10;    ignored: [&quot;$id&quot;,&quot;examples&quot;]&#10;warning: the following keywords are unknown and will be ignored: [$id, examples]&#10;    level: &quot;warning&quot;&#10;    schema: {&quot;loadingURI&quot;:&quot;#&quot;,&quot;pointer&quot;:&quot;/items/properties/tags/items/properties/name&quot;}&#10;    domain: &quot;syntax&quot;&#10;    ignored: [&quot;$id&quot;,&quot;examples&quot;]&#10;warning: the following keywords are unknown and will be ignored: [$id]&#10;    level: &quot;warning&quot;&#10;    schema: {&quot;loadingURI&quot;:&quot;#&quot;,&quot;pointer&quot;:&quot;/items&quot;}&#10;    domain: &quot;syntax&quot;&#10;    ignored: [&quot;$id&quot;]&#10;warning: the following keywords are unknown and will be ignored: [$id]&#10;    level: &quot;warning&quot;&#10;    schema: {&quot;loadingURI&quot;:&quot;#&quot;,&quot;pointer&quot;:&quot;/items/properties/category&quot;}&#10;    domain: &quot;syntax&quot;&#10;    ignored: [&quot;$id&quot;]&#10;warning: the following keywords are unknown and will be ignored: [$id, examples]&#10;    level: &quot;warning&quot;&#10;    schema: {&quot;loadingURI&quot;:&quot;#&quot;,&quot;pointer&quot;:&quot;/items/properties/category/properties/id&quot;}&#10;    domain: &quot;syntax&quot;&#10;    ignored: [&quot;$id&quot;,&quot;examples&quot;]&#10;warning: the following keywords are unknown and will be ignored: [$id, examples]&#10;    level: &quot;warning&quot;&#10;    schema: {&quot;loadingURI&quot;:&quot;#&quot;,&quot;pointer&quot;:&quot;/items/properties/category/properties/name&quot;}&#10;    domain: &quot;syntax&quot;&#10;    ignored: [&quot;$id&quot;,&quot;examples&quot;]&#10;warning: the following keywords are unknown and will be ignored: [$id, examples]&#10;    level: &quot;warning&quot;&#10;    schema: {&quot;loadingURI&quot;:&quot;#&quot;,&quot;pointer&quot;:&quot;/items/properties/id&quot;}&#10;    domain: &quot;syntax&quot;&#10;    ignored: [&quot;$id&quot;,&quot;examples&quot;]&#10;warning: the following keywords are unknown and will be ignored: [$id, examples]&#10;    level: &quot;warning&quot;&#10;    schema: {&quot;loadingURI&quot;:&quot;#&quot;,&quot;pointer&quot;:&quot;/items/properties/name&quot;}&#10;    domain: &quot;syntax&quot;&#10;    ignored: [&quot;$id&quot;,&quot;examples&quot;]&#10;warning: the following keywords are unknown and will be ignored: [$id]&#10;    level: &quot;warning&quot;&#10;    schema: {&quot;loadingURI&quot;:&quot;#&quot;,&quot;pointer&quot;:&quot;/items/properties/photoUrls&quot;}&#10;    domain: &quot;syntax&quot;&#10;    ignored: [&quot;$id&quot;]&#10;warning: the following keywords are unknown and will be ignored: [$id, examples]&#10;    level: &quot;warning&quot;&#10;    schema: {&quot;loadingURI&quot;:&quot;#&quot;,&quot;pointer&quot;:&quot;/items/properties/photoUrls/items&quot;}&#10;    domain: &quot;syntax&quot;&#10;    ignored: [&quot;$id&quot;,&quot;examples&quot;]&#10;warning: the following keywords are unknown and will be ignored: [$id, examples]&#10;    level: &quot;warning&quot;&#10;    schema: {&quot;loadingURI&quot;:&quot;#&quot;,&quot;pointer&quot;:&quot;/items/properties/status&quot;}&#10;    domain: &quot;syntax&quot;&#10;    ignored: [&quot;$id&quot;,&quot;examples&quot;]&#10;warning: the following keywords are unknown and will be ignored: [$id]&#10;    level: &quot;warning&quot;&#10;    schema: {&quot;loadingURI&quot;:&quot;#&quot;,&quot;pointer&quot;:&quot;/items/properties/tags&quot;}&#10;    domain: &quot;syntax&quot;&#10;    ignored: [&quot;$id&quot;]&#10;warning: the following keywords are unknown and will be ignored: [$id]&#10;    level: &quot;warning&quot;&#10;    schema: {&quot;loadingURI&quot;:&quot;#&quot;,&quot;pointer&quot;:&quot;/items/properties/tags/items&quot;}&#10;    domain: &quot;syntax&quot;&#10;    ignored: [&quot;$id&quot;]&#10;warning: the following keywords are unknown and will be ignored: [$id, examples]&#10;    level: &quot;warning&quot;&#10;    schema: {&quot;loadingURI&quot;:&quot;#&quot;,&quot;pointer&quot;:&quot;/items/properties/tags/items/properties/id&quot;}&#10;    domain: &quot;syntax&quot;&#10;    ignored: [&quot;$id&quot;,&quot;examples&quot;]&#10;warning: the following keywords are unknown and will be ignored: [$id, examples]&#10;    level: &quot;warning&quot;&#10;    schema: {&quot;loadingURI&quot;:&quot;#&quot;,&quot;pointer&quot;:&quot;/items/properties/tags/items/properties/name&quot;}&#10;    domain: &quot;syntax&quot;&#10;    ignored: [&quot;$id&quot;,&quot;examples&quot;]&#10;warning: the following keywords are unknown and will be ignored: [$id]&#10;    level: &quot;warning&quot;&#10;    schema: {&quot;loadingURI&quot;:&quot;#&quot;,&quot;pointer&quot;:&quot;/items&quot;}&#10;    domain: &quot;syntax&quot;&#10;    ignored: [&quot;$id&quot;]&#10;warning: the following keywords are unknown and will be ignored: [$id]&#10;    level: &quot;warning&quot;&#10;    schema: {&quot;loadingURI&quot;:&quot;#&quot;,&quot;pointer&quot;:&quot;/items/properties/category&quot;}&#10;    domain: &quot;syntax&quot;&#10;    ignored: [&quot;$id&quot;]&#10;warning: the following keywords are unknown and will be ignored: [$id, examples]&#10;    level: &quot;warning&quot;&#10;    schema: {&quot;loadingURI&quot;:&quot;#&quot;,&quot;pointer&quot;:&quot;/items/properties/category/properties/id&quot;}&#10;    domain: &quot;syntax&quot;&#10;    ignored: [&quot;$id&quot;,&quot;examples&quot;]&#10;warning: the following keywords are unknown and will be ignored: [$id, examples]&#10;    level: &quot;warning&quot;&#10;    schema: {&quot;loadingURI&quot;:&quot;#&quot;,&quot;pointer&quot;:&quot;/items/properties/category/properties/name&quot;}&#10;    domain: &quot;syntax&quot;&#10;    ignored: [&quot;$id&quot;,&quot;examples&quot;]&#10;warning: the following keywords are unknown and will be ignored: [$id, examples]&#10;    level: &quot;warning&quot;&#10;    schema: {&quot;loadingURI&quot;:&quot;#&quot;,&quot;pointer&quot;:&quot;/items/properties/id&quot;}&#10;    domain: &quot;syntax&quot;&#10;    ignored: [&quot;$id&quot;,&quot;examples&quot;]&#10;warning: the following keywords are unknown and will be ignored: [$id, examples]&#10;    level: &quot;warning&quot;&#10;    schema: {&quot;loadingURI&quot;:&quot;#&quot;,&quot;pointer&quot;:&quot;/items/properties/name&quot;}&#10;    domain: &quot;syntax&quot;&#10;    ignored: [&quot;$id&quot;,&quot;examples&quot;]&#10;warning: the following keywords are unknown and will be ignored: [$id]&#10;    level: &quot;warning&quot;&#10;    schema: {&quot;loadingURI&quot;:&quot;#&quot;,&quot;pointer&quot;:&quot;/items/properties/photoUrls&quot;}&#10;    domain: &quot;syntax&quot;&#10;    ignored: [&quot;$id&quot;]&#10;warning: the following keywords are unknown and will be ignored: [$id, examples]&#10;    level: &quot;warning&quot;&#10;    schema: {&quot;loadingURI&quot;:&quot;#&quot;,&quot;pointer&quot;:&quot;/items/properties/photoUrls/items&quot;}&#10;    domain: &quot;syntax&quot;&#10;    ignored: [&quot;$id&quot;,&quot;examples&quot;]&#10;warning: the following keywords are unknown and will be ignored: [$id, examples]&#10;    level: &quot;warning&quot;&#10;    schema: {&quot;loadingURI&quot;:&quot;#&quot;,&quot;pointer&quot;:&quot;/items/properties/status&quot;}&#10;    domain: &quot;syntax&quot;&#10;    ignored: [&quot;$id&quot;,&quot;examples&quot;]&#10;warning: the following keywords are unknown and will be ignored: [$id]&#10;    level: &quot;warning&quot;&#10;    schema: {&quot;loadingURI&quot;:&quot;#&quot;,&quot;pointer&quot;:&quot;/items/properties/tags&quot;}&#10;    domain: &quot;syntax&quot;&#10;    ignored: [&quot;$id&quot;]&#10;warning: the following keywords are unknown and will be ignored: [$id]&#10;    level: &quot;warning&quot;&#10;    schema: {&quot;loadingURI&quot;:&quot;#&quot;,&quot;pointer&quot;:&quot;/items/properties/tags/items&quot;}&#10;    domain: &quot;syntax&quot;&#10;    ignored: [&quot;$id&quot;]&#10;warning: the following keywords are unknown and will be ignored: [$id, examples]&#10;    level: &quot;warning&quot;&#10;    schema: {&quot;loadingURI&quot;:&quot;#&quot;,&quot;pointer&quot;:&quot;/items/properties/tags/items/properties/id&quot;}&#10;    domain: &quot;syntax&quot;&#10;    ignored: [&quot;$id&quot;,&quot;examples&quot;]&#10;warning: the following keywords are unknown and will be ignored: [$id, examples]&#10;    level: &quot;warning&quot;&#10;    schema: {&quot;loadingURI&quot;:&quot;#&quot;,&quot;pointer&quot;:&quot;/items/properties/tags/items/properties/name&quot;}&#10;    domain: &quot;syntax&quot;&#10;    ignored: [&quot;$id&quot;,&quot;examples&quot;]&#10;warning: the following keywords are unknown and will be ignored: [$id]&#10;    level: &quot;warning&quot;&#10;    schema: {&quot;loadingURI&quot;:&quot;#&quot;,&quot;pointer&quot;:&quot;/items&quot;}&#10;    domain: &quot;syntax&quot;&#10;    ignored: [&quot;$id&quot;]&#10;warning: the following keywords are unknown and will be ignored: [$id]&#10;    level: &quot;warning&quot;&#10;    schema: {&quot;loadingURI&quot;:&quot;#&quot;,&quot;pointer&quot;:&quot;/items/properties/category&quot;}&#10;    domain: &quot;syntax&quot;&#10;    ignored: [&quot;$id&quot;]&#10;warning: the following keywords are unknown and will be ignored: [$id, examples]&#10;    level: &quot;warning&quot;&#10;    schema: {&quot;loadingURI&quot;:&quot;#&quot;,&quot;pointer&quot;:&quot;/items/properties/category/properties/id&quot;}&#10;    domain: &quot;syntax&quot;&#10;    ignored: [&quot;$id&quot;,&quot;examples&quot;]&#10;warning: the following keywords are unknown and will be ignored: [$id, examples]&#10;    level: &quot;warning&quot;&#10;    schema: {&quot;loadingURI&quot;:&quot;#&quot;,&quot;pointer&quot;:&quot;/items/properties/category/properties/name&quot;}&#10;    domain: &quot;syntax&quot;&#10;    ignored: [&quot;$id&quot;,&quot;examples&quot;]&#10;warning: the following keywords are unknown and will be ignored: [$id, examples]&#10;    level: &quot;warning&quot;&#10;    schema: {&quot;loadingURI&quot;:&quot;#&quot;,&quot;pointer&quot;:&quot;/items/properties/id&quot;}&#10;    domain: &quot;syntax&quot;&#10;    ignored: [&quot;$id&quot;,&quot;examples&quot;]&#10;warning: the following keywords are unknown and will be ignored: [$id, examples]&#10;    level: &quot;warning&quot;&#10;    schema: {&quot;loadingURI&quot;:&quot;#&quot;,&quot;pointer&quot;:&quot;/items/properties/name&quot;}&#10;    domain: &quot;syntax&quot;&#10;    ignored: [&quot;$id&quot;,&quot;examples&quot;]&#10;warning: the following keywords are unknown and will be ignored: [$id]&#10;    level: &quot;warning&quot;&#10;    schema: {&quot;loadingURI&quot;:&quot;#&quot;,&quot;pointer&quot;:&quot;/items/properties/photoUrls&quot;}&#10;    domain: &quot;syntax&quot;&#10;    ignored: [&quot;$id&quot;]&#10;warning: the following keywords are unknown and will be ignored: [$id, examples]&#10;    level: &quot;warning&quot;&#10;    schema: {&quot;loadingURI&quot;:&quot;#&quot;,&quot;pointer&quot;:&quot;/items/properties/photoUrls/items&quot;}&#10;    domain: &quot;syntax&quot;&#10;    ignored: [&quot;$id&quot;,&quot;examples&quot;]&#10;warning: the following keywords are unknown and will be ignored: [$id, examples]&#10;    level: &quot;warning&quot;&#10;    schema: {&quot;loadingURI&quot;:&quot;#&quot;,&quot;pointer&quot;:&quot;/items/properties/status&quot;}&#10;    domain: &quot;syntax&quot;&#10;    ignored: [&quot;$id&quot;,&quot;examples&quot;]&#10;warning: the following keywords are unknown and will be ignored: [$id]&#10;    level: &quot;warning&quot;&#10;    schema: {&quot;loadingURI&quot;:&quot;#&quot;,&quot;pointer&quot;:&quot;/items/properties/tags&quot;}&#10;    domain: &quot;syntax&quot;&#10;    ignored: [&quot;$id&quot;]&#10;warning: the following keywords are unknown and will be ignored: [$id]&#10;    level: &quot;warning&quot;&#10;    schema: {&quot;loadingURI&quot;:&quot;#&quot;,&quot;pointer&quot;:&quot;/items/properties/tags/items&quot;}&#10;    domain: &quot;syntax&quot;&#10;    ignored: [&quot;$id&quot;]&#10;warning: the following keywords are unknown and will be ignored: [$id, examples]&#10;    level: &quot;warning&quot;&#10;    schema: {&quot;loadingURI&quot;:&quot;#&quot;,&quot;pointer&quot;:&quot;/items/properties/tags/items/properties/id&quot;}&#10;    domain: &quot;syntax&quot;&#10;    ignored: [&quot;$id&quot;,&quot;examples&quot;]&#10;warning: the following keywords are unknown and will be ignored: [$id, examples]&#10;    level: &quot;warning&quot;&#10;    schema: {&quot;loadingURI&quot;:&quot;#&quot;,&quot;pointer&quot;:&quot;/items/properties/tags/items/properties/name&quot;}&#10;    domain: &quot;syntax&quot;&#10;    ignored: [&quot;$id&quot;,&quot;examples&quot;]&#10;warning: the following keywords are unknown and will be ignored: [$id]&#10;    level: &quot;warning&quot;&#10;    schema: {&quot;loadingURI&quot;:&quot;#&quot;,&quot;pointer&quot;:&quot;/items&quot;}&#10;    domain: &quot;syntax&quot;&#10;    ignored: [&quot;$id&quot;]&#10;warning: the following keywords are unknown and will be ignored: [$id]&#10;    level: &quot;warning&quot;&#10;    schema: {&quot;loadingURI&quot;:&quot;#&quot;,&quot;pointer&quot;:&quot;/items/properties/category&quot;}&#10;    domain: &quot;syntax&quot;&#10;    ignored: [&quot;$id&quot;]&#10;warning: the following keywords are unknown and will be ignored: [$id, examples]&#10;    level: &quot;warning&quot;&#10;    schema: {&quot;loadingURI&quot;:&quot;#&quot;,&quot;pointer&quot;:&quot;/items/properties/category/properties/id&quot;}&#10;    domain: &quot;syntax&quot;&#10;    ignored: [&quot;$id&quot;,&quot;examples&quot;]&#10;warning: the following keywords are unknown and will be ignored: [$id, examples]&#10;    level: &quot;warning&quot;&#10;    schema: {&quot;loadingURI&quot;:&quot;#&quot;,&quot;pointer&quot;:&quot;/items/properties/category/properties/name&quot;}&#10;    domain: &quot;syntax&quot;&#10;    ignored: [&quot;$id&quot;,&quot;examples&quot;]&#10;warning: the following keywords are unknown and will be ignored: [$id, examples]&#10;    level: &quot;warning&quot;&#10;    schema: {&quot;loadingURI&quot;:&quot;#&quot;,&quot;pointer&quot;:&quot;/items/properties/id&quot;}&#10;    domain: &quot;syntax&quot;&#10;    ignored: [&quot;$id&quot;,&quot;examples&quot;]&#10;warning: the following keywords are unknown and will be ignored: [$id, examples]&#10;    level: &quot;warning&quot;&#10;    schema: {&quot;loadingURI&quot;:&quot;#&quot;,&quot;pointer&quot;:&quot;/items/properties/name&quot;}&#10;    domain: &quot;syntax&quot;&#10;    ignored: [&quot;$id&quot;,&quot;examples&quot;]&#10;warning: the following keywords are unknown and will be ignored: [$id]&#10;    level: &quot;warning&quot;&#10;    schema: {&quot;loadingURI&quot;:&quot;#&quot;,&quot;pointer&quot;:&quot;/items/properties/photoUrls&quot;}&#10;    domain: &quot;syntax&quot;&#10;    ignored: [&quot;$id&quot;]&#10;warning: the following keywords are unknown and will be ignored: [$id, examples]&#10;    level: &quot;warning&quot;&#10;    schema: {&quot;loadingURI&quot;:&quot;#&quot;,&quot;pointer&quot;:&quot;/items/properties/photoUrls/items&quot;}&#10;    domain: &quot;syntax&quot;&#10;    ignored: [&quot;$id&quot;,&quot;examples&quot;]&#10;warning: the following keywords are unknown and will be ignored: [$id, examples]&#10;    level: &quot;warning&quot;&#10;    schema: {&quot;loadingURI&quot;:&quot;#&quot;,&quot;pointer&quot;:&quot;/items/properties/status&quot;}&#10;    domain: &quot;syntax&quot;&#10;    ignored: [&quot;$id&quot;,&quot;examples&quot;]&#10;warning: the following keywords are unknown and will be ignored: [$id]&#10;    level: &quot;warning&quot;&#10;    schema: {&quot;loadingURI&quot;:&quot;#&quot;,&quot;pointer&quot;:&quot;/items/properties/tags&quot;}&#10;    domain: &quot;syntax&quot;&#10;    ignored: [&quot;$id&quot;]&#10;warning: the following keywords are unknown and will be ignored: [$id]&#10;    level: &quot;warning&quot;&#10;    schema: {&quot;loadingURI&quot;:&quot;#&quot;,&quot;pointer&quot;:&quot;/items/properties/tags/items&quot;}&#10;    domain: &quot;syntax&quot;&#10;    ignored: [&quot;$id&quot;]&#10;warning: the following keywords are unknown and will be ignored: [$id, examples]&#10;    level: &quot;warning&quot;&#10;    schema: {&quot;loadingURI&quot;:&quot;#&quot;,&quot;pointer&quot;:&quot;/items/properties/tags/items/properties/id&quot;}&#10;    domain: &quot;syntax&quot;&#10;    ignored: [&quot;$id&quot;,&quot;examples&quot;]&#10;warning: the following keywords are unknown and will be ignored: [$id, examples]&#10;    level: &quot;warning&quot;&#10;    schema: {&quot;loadingURI&quot;:&quot;#&quot;,&quot;pointer&quot;:&quot;/items/properties/tags/items/properties/name&quot;}&#10;    domain: &quot;syntax&quot;&#10;    ignored: [&quot;$id&quot;,&quot;examples&quot;]&#10;warning: the following keywords are unknown and will be ignored: [$id]&#10;    level: &quot;warning&quot;&#10;    schema: {&quot;loadingURI&quot;:&quot;#&quot;,&quot;pointer&quot;:&quot;/items&quot;}&#10;    domain: &quot;syntax&quot;&#10;    ignored: [&quot;$id&quot;]&#10;warning: the following keywords are unknown and will be ignored: [$id]&#10;    level: &quot;warning&quot;&#10;    schema: {&quot;loadingURI&quot;:&quot;#&quot;,&quot;pointer&quot;:&quot;/items/properties/category&quot;}&#10;    domain: &quot;syntax&quot;&#10;    ignored: [&quot;$id&quot;]&#10;warning: the following keywords are unknown and will be ignored: [$id, examples]&#10;    level: &quot;warning&quot;&#10;    schema: {&quot;loadingURI&quot;:&quot;#&quot;,&quot;pointer&quot;:&quot;/items/properties/category/properties/id&quot;}&#10;    domain: &quot;syntax&quot;&#10;    ignored: [&quot;$id&quot;,&quot;examples&quot;]&#10;warning: the following keywords are unknown and will be ignored: [$id, examples]&#10;    level: &quot;warning&quot;&#10;    schema: {&quot;loadingURI&quot;:&quot;#&quot;,&quot;pointer&quot;:&quot;/items/properties/category/properties/name&quot;}&#10;    domain: &quot;syntax&quot;&#10;    ignored: [&quot;$id&quot;,&quot;examples&quot;]&#10;warning: the following keywords are unknown and will be ignored: [$id, examples]&#10;    level: &quot;warning&quot;&#10;    schema: {&quot;loadingURI&quot;:&quot;#&quot;,&quot;pointer&quot;:&quot;/items/properties/id&quot;}&#10;    domain: &quot;syntax&quot;&#10;    ignored: [&quot;$id&quot;,&quot;examples&quot;]&#10;warning: the following keywords are unknown and will be ignored: [$id, examples]&#10;    level: &quot;warning&quot;&#10;    schema: {&quot;loadingURI&quot;:&quot;#&quot;,&quot;pointer&quot;:&quot;/items/properties/name&quot;}&#10;    domain: &quot;syntax&quot;&#10;    ignored: [&quot;$id&quot;,&quot;examples&quot;]&#10;warning: the following keywords are unknown and will be ignored: [$id]&#10;    level: &quot;warning&quot;&#10;    schema: {&quot;loadingURI&quot;:&quot;#&quot;,&quot;pointer&quot;:&quot;/items/properties/photoUrls&quot;}&#10;    domain: &quot;syntax&quot;&#10;    ignored: [&quot;$id&quot;]&#10;warning: the following keywords are unknown and will be ignored: [$id, examples]&#10;    level: &quot;warning&quot;&#10;    schema: {&quot;loadingURI&quot;:&quot;#&quot;,&quot;pointer&quot;:&quot;/items/properties/photoUrls/items&quot;}&#10;    domain: &quot;syntax&quot;&#10;    ignored: [&quot;$id&quot;,&quot;examples&quot;]&#10;warning: the following keywords are unknown and will be ignored: [$id, examples]&#10;    level: &quot;warning&quot;&#10;    schema: {&quot;loadingURI&quot;:&quot;#&quot;,&quot;pointer&quot;:&quot;/items/properties/status&quot;}&#10;    domain: &quot;syntax&quot;&#10;    ignored: [&quot;$id&quot;,&quot;examples&quot;]&#10;warning: the following keywords are unknown and will be ignored: [$id]&#10;    level: &quot;warning&quot;&#10;    schema: {&quot;loadingURI&quot;:&quot;#&quot;,&quot;pointer&quot;:&quot;/items/properties/tags&quot;}&#10;    domain: &quot;syntax&quot;&#10;    ignored: [&quot;$id&quot;]&#10;warning: the following keywords are unknown and will be ignored: [$id]&#10;    level: &quot;warning&quot;&#10;    schema: {&quot;loadingURI&quot;:&quot;#&quot;,&quot;pointer&quot;:&quot;/items/properties/tags/items&quot;}&#10;    domain: &quot;syntax&quot;&#10;    ignored: [&quot;$id&quot;]&#10;warning: the following keywords are unknown and will be ignored: [$id, examples]&#10;    level: &quot;warning&quot;&#10;    schema: {&quot;loadingURI&quot;:&quot;#&quot;,&quot;pointer&quot;:&quot;/items/properties/tags/items/properties/id&quot;}&#10;    domain: &quot;syntax&quot;&#10;    ignored: [&quot;$id&quot;,&quot;examples&quot;]&#10;warning: the following keywords are unknown and will be ignored: [$id, examples]&#10;    level: &quot;warning&quot;&#10;    schema: {&quot;loadingURI&quot;:&quot;#&quot;,&quot;pointer&quot;:&quot;/items/properties/tags/items/properties/name&quot;}&#10;    domain: &quot;syntax&quot;&#10;    ignored: [&quot;$id&quot;,&quot;examples&quot;]&#10;warning: the following keywords are unknown and will be ignored: [$id]&#10;    level: &quot;warning&quot;&#10;    schema: {&quot;loadingURI&quot;:&quot;#&quot;,&quot;pointer&quot;:&quot;/items&quot;}&#10;    domain: &quot;syntax&quot;&#10;    ignored: [&quot;$id&quot;]&#10;warning: the following keywords are unknown and will be ignored: [$id]&#10;    level: &quot;warning&quot;&#10;    schema: {&quot;loadingURI&quot;:&quot;#&quot;,&quot;pointer&quot;:&quot;/items/properties/category&quot;}&#10;    domain: &quot;syntax&quot;&#10;    ignored: [&quot;$id&quot;]&#10;warning: the following keywords are unknown and will be ignored: [$id, examples]&#10;    level: &quot;warning&quot;&#10;    schema: {&quot;loadingURI&quot;:&quot;#&quot;,&quot;pointer&quot;:&quot;/items/properties/category/properties/id&quot;}&#10;    domain: &quot;syntax&quot;&#10;    ignored: [&quot;$id&quot;,&quot;examples&quot;]&#10;warning: the following keywords are unknown and will be ignored: [$id, examples]&#10;    level: &quot;warning&quot;&#10;    schema: {&quot;loadingURI&quot;:&quot;#&quot;,&quot;pointer&quot;:&quot;/items/properties/category/properties/name&quot;}&#10;    domain: &quot;syntax&quot;&#10;    ignored: [&quot;$id&quot;,&quot;examples&quot;]&#10;warning: the following keywords are unknown and will be ignored: [$id, examples]&#10;    level: &quot;warning&quot;&#10;    schema: {&quot;loadingURI&quot;:&quot;#&quot;,&quot;pointer&quot;:&quot;/items/properties/id&quot;}&#10;    domain: &quot;syntax&quot;&#10;    ignored: [&quot;$id&quot;,&quot;examples&quot;]&#10;warning: the following keywords are unknown and will be ignored: [$id, examples]&#10;    level: &quot;warning&quot;&#10;    schema: {&quot;loadingURI&quot;:&quot;#&quot;,&quot;pointer&quot;:&quot;/items/properties/name&quot;}&#10;    domain: &quot;syntax&quot;&#10;    ignored: [&quot;$id&quot;,&quot;examples&quot;]&#10;warning: the following keywords are unknown and will be ignored: [$id]&#10;    level: &quot;warning&quot;&#10;    schema: {&quot;loadingURI&quot;:&quot;#&quot;,&quot;pointer&quot;:&quot;/items/properties/photoUrls&quot;}&#10;    domain: &quot;syntax&quot;&#10;    ignored: [&quot;$id&quot;]&#10;warning: the following keywords are unknown and will be ignored: [$id, examples]&#10;    level: &quot;warning&quot;&#10;    schema: {&quot;loadingURI&quot;:&quot;#&quot;,&quot;pointer&quot;:&quot;/items/properties/photoUrls/items&quot;}&#10;    domain: &quot;syntax&quot;&#10;    ignored: [&quot;$id&quot;,&quot;examples&quot;]&#10;warning: the following keywords are unknown and will be ignored: [$id, examples]&#10;    level: &quot;warning&quot;&#10;    schema: {&quot;loadingURI&quot;:&quot;#&quot;,&quot;pointer&quot;:&quot;/items/properties/status&quot;}&#10;    domain: &quot;syntax&quot;&#10;    ignored: [&quot;$id&quot;,&quot;examples&quot;]&#10;warning: the following keywords are unknown and will be ignored: [$id]&#10;    level: &quot;warning&quot;&#10;    schema: {&quot;loadingURI&quot;:&quot;#&quot;,&quot;pointer&quot;:&quot;/items/properties/tags&quot;}&#10;    domain: &quot;syntax&quot;&#10;    ignored: [&quot;$id&quot;]&#10;warning: the following keywords are unknown and will be ignored: [$id]&#10;    level: &quot;warning&quot;&#10;    schema: {&quot;loadingURI&quot;:&quot;#&quot;,&quot;pointer&quot;:&quot;/items/properties/tags/items&quot;}&#10;    domain: &quot;syntax&quot;&#10;    ignored: [&quot;$id&quot;]&#10;warning: the following keywords are unknown and will be ignored: [$id, examples]&#10;    level: &quot;warning&quot;&#10;    schema: {&quot;loadingURI&quot;:&quot;#&quot;,&quot;pointer&quot;:&quot;/items/properties/tags/items/properties/id&quot;}&#10;    domain: &quot;syntax&quot;&#10;    ignored: [&quot;$id&quot;,&quot;examples&quot;]&#10;warning: the following keywords are unknown and will be ignored: [$id, examples]&#10;    level: &quot;warning&quot;&#10;    schema: {&quot;loadingURI&quot;:&quot;#&quot;,&quot;pointer&quot;:&quot;/items/properties/tags/items/properties/name&quot;}&#10;    domain: &quot;syntax&quot;&#10;    ignored: [&quot;$id&quot;,&quot;examples&quot;]&#10;warning: the following keywords are unknown and will be ignored: [$id]&#10;    level: &quot;warning&quot;&#10;    schema: {&quot;loadingURI&quot;:&quot;#&quot;,&quot;pointer&quot;:&quot;/items&quot;}&#10;    domain: &quot;syntax&quot;&#10;    ignored: [&quot;$id&quot;]&#10;warning: the following keywords are unknown and will be ignored: [$id]&#10;    level: &quot;warning&quot;&#10;    schema: {&quot;loadingURI&quot;:&quot;#&quot;,&quot;pointer&quot;:&quot;/items/properties/category&quot;}&#10;    domain: &quot;syntax&quot;&#10;    ignored: [&quot;$id&quot;]&#10;warning: the following keywords are unknown and will be ignored: [$id, examples]&#10;    level: &quot;warning&quot;&#10;    schema: {&quot;loadingURI&quot;:&quot;#&quot;,&quot;pointer&quot;:&quot;/items/properties/category/properties/id&quot;}&#10;    domain: &quot;syntax&quot;&#10;    ignored: [&quot;$id&quot;,&quot;examples&quot;]&#10;warning: the following keywords are unknown and will be ignored: [$id, examples]&#10;    level: &quot;warning&quot;&#10;    schema: {&quot;loadingURI&quot;:&quot;#&quot;,&quot;pointer&quot;:&quot;/items/properties/category/properties/name&quot;}&#10;    domain: &quot;syntax&quot;&#10;    ignored: [&quot;$id&quot;,&quot;examples&quot;]&#10;warning: the following keywords are unknown and will be ignored: [$id, examples]&#10;    level: &quot;warning&quot;&#10;    schema: {&quot;loadingURI&quot;:&quot;#&quot;,&quot;pointer&quot;:&quot;/items/properties/id&quot;}&#10;    domain: &quot;syntax&quot;&#10;    ignored: [&quot;$id&quot;,&quot;examples&quot;]&#10;warning: the following keywords are unknown and will be ignored: [$id, examples]&#10;    level: &quot;warning&quot;&#10;    schema: {&quot;loadingURI&quot;:&quot;#&quot;,&quot;pointer&quot;:&quot;/items/properties/name&quot;}&#10;    domain: &quot;syntax&quot;&#10;    ignored: [&quot;$id&quot;,&quot;examples&quot;]&#10;warning: the following keywords are unknown and will be ignored: [$id]&#10;    level: &quot;warning&quot;&#10;    schema: {&quot;loadingURI&quot;:&quot;#&quot;,&quot;pointer&quot;:&quot;/items/properties/photoUrls&quot;}&#10;    domain: &quot;syntax&quot;&#10;    ignored: [&quot;$id&quot;]&#10;warning: the following keywords are unknown and will be ignored: [$id, examples]&#10;    level: &quot;warning&quot;&#10;    schema: {&quot;loadingURI&quot;:&quot;#&quot;,&quot;pointer&quot;:&quot;/items/properties/photoUrls/items&quot;}&#10;    domain: &quot;syntax&quot;&#10;    ignored: [&quot;$id&quot;,&quot;examples&quot;]&#10;warning: the following keywords are unknown and will be ignored: [$id, examples]&#10;    level: &quot;warning&quot;&#10;    schema: {&quot;loadingURI&quot;:&quot;#&quot;,&quot;pointer&quot;:&quot;/items/properties/status&quot;}&#10;    domain: &quot;syntax&quot;&#10;    ignored: [&quot;$id&quot;,&quot;examples&quot;]&#10;warning: the following keywords are unknown and will be ignored: [$id]&#10;    level: &quot;warning&quot;&#10;    schema: {&quot;loadingURI&quot;:&quot;#&quot;,&quot;pointer&quot;:&quot;/items/properties/tags&quot;}&#10;    domain: &quot;syntax&quot;&#10;    ignored: [&quot;$id&quot;]&#10;warning: the following keywords are unknown and will be ignored: [$id]&#10;    level: &quot;warning&quot;&#10;    schema: {&quot;loadingURI&quot;:&quot;#&quot;,&quot;pointer&quot;:&quot;/items/properties/tags/items&quot;}&#10;    domain: &quot;syntax&quot;&#10;    ignored: [&quot;$id&quot;]&#10;warning: the following keywords are unknown and will be ignored: [$id, examples]&#10;    level: &quot;warning&quot;&#10;    schema: {&quot;loadingURI&quot;:&quot;#&quot;,&quot;pointer&quot;:&quot;/items/properties/tags/items/properties/id&quot;}&#10;    domain: &quot;syntax&quot;&#10;    ignored: [&quot;$id&quot;,&quot;examples&quot;]&#10;warning: the following keywords are unknown and will be ignored: [$id, examples]&#10;    level: &quot;warning&quot;&#10;    schema: {&quot;loadingURI&quot;:&quot;#&quot;,&quot;pointer&quot;:&quot;/items/properties/tags/items/properties/name&quot;}&#10;    domain: &quot;syntax&quot;&#10;    ignored: [&quot;$id&quot;,&quot;examples&quot;]&#10;warning: the following keywords are unknown and will be ignored: [$id]&#10;    level: &quot;warning&quot;&#10;    schema: {&quot;loadingURI&quot;:&quot;#&quot;,&quot;pointer&quot;:&quot;/items&quot;}&#10;    domain: &quot;syntax&quot;&#10;    ignored: [&quot;$id&quot;]&#10;warning: the following keywords are unknown and will be ignored: [$id]&#10;    level: &quot;warning&quot;&#10;    schema: {&quot;loadingURI&quot;:&quot;#&quot;,&quot;pointer&quot;:&quot;/items/properties/category&quot;}&#10;    domain: &quot;syntax&quot;&#10;    ignored: [&quot;$id&quot;]&#10;warning: the following keywords are unknown and will be ignored: [$id, examples]&#10;    level: &quot;warning&quot;&#10;    schema: {&quot;loadingURI&quot;:&quot;#&quot;,&quot;pointer&quot;:&quot;/items/properties/category/properties/id&quot;}&#10;    domain: &quot;syntax&quot;&#10;    ignored: [&quot;$id&quot;,&quot;examples&quot;]&#10;warning: the following keywords are unknown and will be ignored: [$id, examples]&#10;    level: &quot;warning&quot;&#10;    schema: {&quot;loadingURI&quot;:&quot;#&quot;,&quot;pointer&quot;:&quot;/items/properties/category/properties/name&quot;}&#10;    domain: &quot;syntax&quot;&#10;    ignored: [&quot;$id&quot;,&quot;examples&quot;]&#10;warning: the following keywords are unknown and will be ignored: [$id, examples]&#10;    level: &quot;warning&quot;&#10;    schema: {&quot;loadingURI&quot;:&quot;#&quot;,&quot;pointer&quot;:&quot;/items/properties/id&quot;}&#10;    domain: &quot;syntax&quot;&#10;    ignored: [&quot;$id&quot;,&quot;examples&quot;]&#10;warning: the following keywords are unknown and will be ignored: [$id, examples]&#10;    level: &quot;warning&quot;&#10;    schema: {&quot;loadingURI&quot;:&quot;#&quot;,&quot;pointer&quot;:&quot;/items/properties/name&quot;}&#10;    domain: &quot;syntax&quot;&#10;    ignored: [&quot;$id&quot;,&quot;examples&quot;]&#10;warning: the following keywords are unknown and will be ignored: [$id]&#10;    level: &quot;warning&quot;&#10;    schema: {&quot;loadingURI&quot;:&quot;#&quot;,&quot;pointer&quot;:&quot;/items/properties/photoUrls&quot;}&#10;    domain: &quot;syntax&quot;&#10;    ignored: [&quot;$id&quot;]&#10;warning: the following keywords are unknown and will be ignored: [$id, examples]&#10;    level: &quot;warning&quot;&#10;    schema: {&quot;loadingURI&quot;:&quot;#&quot;,&quot;pointer&quot;:&quot;/items/properties/photoUrls/items&quot;}&#10;    domain: &quot;syntax&quot;&#10;    ignored: [&quot;$id&quot;,&quot;examples&quot;]&#10;warning: the following keywords are unknown and will be ignored: [$id, examples]&#10;    level: &quot;warning&quot;&#10;    schema: {&quot;loadingURI&quot;:&quot;#&quot;,&quot;pointer&quot;:&quot;/items/properties/status&quot;}&#10;    domain: &quot;syntax&quot;&#10;    ignored: [&quot;$id&quot;,&quot;examples&quot;]&#10;warning: the following keywords are unknown and will be ignored: [$id]&#10;    level: &quot;warning&quot;&#10;    schema: {&quot;loadingURI&quot;:&quot;#&quot;,&quot;pointer&quot;:&quot;/items/properties/tags&quot;}&#10;    domain: &quot;syntax&quot;&#10;    ignored: [&quot;$id&quot;]&#10;warning: the following keywords are unknown and will be ignored: [$id]&#10;    level: &quot;warning&quot;&#10;    schema: {&quot;loadingURI&quot;:&quot;#&quot;,&quot;pointer&quot;:&quot;/items/properties/tags/items&quot;}&#10;    domain: &quot;syntax&quot;&#10;    ignored: [&quot;$id&quot;]&#10;warning: the following keywords are unknown and will be ignored: [$id, examples]&#10;    level: &quot;warning&quot;&#10;    schema: {&quot;loadingURI&quot;:&quot;#&quot;,&quot;pointer&quot;:&quot;/items/properties/tags/items/properties/id&quot;}&#10;    domain: &quot;syntax&quot;&#10;    ignored: [&quot;$id&quot;,&quot;examples&quot;]&#10;warning: the following keywords are unknown and will be ignored: [$id, examples]&#10;    level: &quot;warning&quot;&#10;    schema: {&quot;loadingURI&quot;:&quot;#&quot;,&quot;pointer&quot;:&quot;/items/properties/tags/items/properties/name&quot;}&#10;    domain: &quot;syntax&quot;&#10;    ignored: [&quot;$id&quot;,&quot;examples&quot;]&#10;warning: the following keywords are unknown and will be ignored: [$id]&#10;    level: &quot;warning&quot;&#10;    schema: {&quot;loadingURI&quot;:&quot;#&quot;,&quot;pointer&quot;:&quot;/items&quot;}&#10;    domain: &quot;syntax&quot;&#10;    ignored: [&quot;$id&quot;]&#10;warning: the following keywords are unknown and will be ignored: [$id]&#10;    level: &quot;warning&quot;&#10;    schema: {&quot;loadingURI&quot;:&quot;#&quot;,&quot;pointer&quot;:&quot;/items/properties/category&quot;}&#10;    domain: &quot;syntax&quot;&#10;    ignored: [&quot;$id&quot;]&#10;warning: the following keywords are unknown and will be ignored: [$id, examples]&#10;    level: &quot;warning&quot;&#10;    schema: {&quot;loadingURI&quot;:&quot;#&quot;,&quot;pointer&quot;:&quot;/items/properties/category/properties/id&quot;}&#10;    domain: &quot;syntax&quot;&#10;    ignored: [&quot;$id&quot;,&quot;examples&quot;]&#10;warning: the following keywords are unknown and will be ignored: [$id, examples]&#10;    level: &quot;warning&quot;&#10;    schema: {&quot;loadingURI&quot;:&quot;#&quot;,&quot;pointer&quot;:&quot;/items/properties/category/properties/name&quot;}&#10;    domain: &quot;syntax&quot;&#10;    ignored: [&quot;$id&quot;,&quot;examples&quot;]&#10;warning: the following keywords are unknown and will be ignored: [$id, examples]&#10;    level: &quot;warning&quot;&#10;    schema: {&quot;loadingURI&quot;:&quot;#&quot;,&quot;pointer&quot;:&quot;/items/properties/id&quot;}&#10;    domain: &quot;syntax&quot;&#10;    ignored: [&quot;$id&quot;,&quot;examples&quot;]&#10;warning: the following keywords are unknown and will be ignored: [$id, examples]&#10;    level: &quot;warning&quot;&#10;    schema: {&quot;loadingURI&quot;:&quot;#&quot;,&quot;pointer&quot;:&quot;/items/properties/name&quot;}&#10;    domain: &quot;syntax&quot;&#10;    ignored: [&quot;$id&quot;,&quot;examples&quot;]&#10;warning: the following keywords are unknown and will be ignored: [$id]&#10;    level: &quot;warning&quot;&#10;    schema: {&quot;loadingURI&quot;:&quot;#&quot;,&quot;pointer&quot;:&quot;/items/properties/photoUrls&quot;}&#10;    domain: &quot;syntax&quot;&#10;    ignored: [&quot;$id&quot;]&#10;warning: the following keywords are unknown and will be ignored: [$id, examples]&#10;    level: &quot;warning&quot;&#10;    schema: {&quot;loadingURI&quot;:&quot;#&quot;,&quot;pointer&quot;:&quot;/items/properties/photoUrls/items&quot;}&#10;    domain: &quot;syntax&quot;&#10;    ignored: [&quot;$id&quot;,&quot;examples&quot;]&#10;warning: the following keywords are unknown and will be ignored: [$id, examples]&#10;    level: &quot;warning&quot;&#10;    schema: {&quot;loadingURI&quot;:&quot;#&quot;,&quot;pointer&quot;:&quot;/items/properties/status&quot;}&#10;    domain: &quot;syntax&quot;&#10;    ignored: [&quot;$id&quot;,&quot;examples&quot;]&#10;warning: the following keywords are unknown and will be ignored: [$id]&#10;    level: &quot;warning&quot;&#10;    schema: {&quot;loadingURI&quot;:&quot;#&quot;,&quot;pointer&quot;:&quot;/items/properties/tags&quot;}&#10;    domain: &quot;syntax&quot;&#10;    ignored: [&quot;$id&quot;]&#10;warning: the following keywords are unknown and will be ignored: [$id]&#10;    level: &quot;warning&quot;&#10;    schema: {&quot;loadingURI&quot;:&quot;#&quot;,&quot;pointer&quot;:&quot;/items/properties/tags/items&quot;}&#10;    domain: &quot;syntax&quot;&#10;    ignored: [&quot;$id&quot;]&#10;warning: the following keywords are unknown and will be ignored: [$id, examples]&#10;    level: &quot;warning&quot;&#10;    schema: {&quot;loadingURI&quot;:&quot;#&quot;,&quot;pointer&quot;:&quot;/items/properties/tags/items/properties/id&quot;}&#10;    domain: &quot;syntax&quot;&#10;    ignored: [&quot;$id&quot;,&quot;examples&quot;]&#10;warning: the following keywords are unknown and will be ignored: [$id, examples]&#10;    level: &quot;warning&quot;&#10;    schema: {&quot;loadingURI&quot;:&quot;#&quot;,&quot;pointer&quot;:&quot;/items/properties/tags/items/properties/name&quot;}&#10;    domain: &quot;syntax&quot;&#10;    ignored: [&quot;$id&quot;,&quot;examples&quot;]&#10;warning: the following keywords are unknown and will be ignored: [$id]&#10;    level: &quot;warning&quot;&#10;    schema: {&quot;loadingURI&quot;:&quot;#&quot;,&quot;pointer&quot;:&quot;/items&quot;}&#10;    domain: &quot;syntax&quot;&#10;    ignored: [&quot;$id&quot;]&#10;warning: the following keywords are unknown and will be ignored: [$id]&#10;    level: &quot;warning&quot;&#10;    schema: {&quot;loadingURI&quot;:&quot;#&quot;,&quot;pointer&quot;:&quot;/items/properties/category&quot;}&#10;    domain: &quot;syntax&quot;&#10;    ignored: [&quot;$id&quot;]&#10;warning: the following keywords are unknown and will be ignored: [$id, examples]&#10;    level: &quot;warning&quot;&#10;    schema: {&quot;loadingURI&quot;:&quot;#&quot;,&quot;pointer&quot;:&quot;/items/properties/category/properties/id&quot;}&#10;    domain: &quot;syntax&quot;&#10;    ignored: [&quot;$id&quot;,&quot;examples&quot;]&#10;warning: the following keywords are unknown and will be ignored: [$id, examples]&#10;    level: &quot;warning&quot;&#10;    schema: {&quot;loadingURI&quot;:&quot;#&quot;,&quot;pointer&quot;:&quot;/items/properties/category/properties/name&quot;}&#10;    domain: &quot;syntax&quot;&#10;    ignored: [&quot;$id&quot;,&quot;examples&quot;]&#10;warning: the following keywords are unknown and will be ignored: [$id, examples]&#10;    level: &quot;warning&quot;&#10;    schema: {&quot;loadingURI&quot;:&quot;#&quot;,&quot;pointer&quot;:&quot;/items/properties/id&quot;}&#10;    domain: &quot;syntax&quot;&#10;    ignored: [&quot;$id&quot;,&quot;examples&quot;]&#10;warning: the following keywords are unknown and will be ignored: [$id, examples]&#10;    level: &quot;warning&quot;&#10;    schema: {&quot;loadingURI&quot;:&quot;#&quot;,&quot;pointer&quot;:&quot;/items/properties/name&quot;}&#10;    domain: &quot;syntax&quot;&#10;    ignored: [&quot;$id&quot;,&quot;examples&quot;]&#10;warning: the following keywords are unknown and will be ignored: [$id]&#10;    level: &quot;warning&quot;&#10;    schema: {&quot;loadingURI&quot;:&quot;#&quot;,&quot;pointer&quot;:&quot;/items/properties/photoUrls&quot;}&#10;    domain: &quot;syntax&quot;&#10;    ignored: [&quot;$id&quot;]&#10;warning: the following keywords are unknown and will be ignored: [$id, examples]&#10;    level: &quot;warning&quot;&#10;    schema: {&quot;loadingURI&quot;:&quot;#&quot;,&quot;pointer&quot;:&quot;/items/properties/photoUrls/items&quot;}&#10;    domain: &quot;syntax&quot;&#10;    ignored: [&quot;$id&quot;,&quot;examples&quot;]&#10;warning: the following keywords are unknown and will be ignored: [$id, examples]&#10;    level: &quot;warning&quot;&#10;    schema: {&quot;loadingURI&quot;:&quot;#&quot;,&quot;pointer&quot;:&quot;/items/properties/status&quot;}&#10;    domain: &quot;syntax&quot;&#10;    ignored: [&quot;$id&quot;,&quot;examples&quot;]&#10;warning: the following keywords are unknown and will be ignored: [$id]&#10;    level: &quot;warning&quot;&#10;    schema: {&quot;loadingURI&quot;:&quot;#&quot;,&quot;pointer&quot;:&quot;/items/properties/tags&quot;}&#10;    domain: &quot;syntax&quot;&#10;    ignored: [&quot;$id&quot;]&#10;warning: the following keywords are unknown and will be ignored: [$id]&#10;    level: &quot;warning&quot;&#10;    schema: {&quot;loadingURI&quot;:&quot;#&quot;,&quot;pointer&quot;:&quot;/items/properties/tags/items&quot;}&#10;    domain: &quot;syntax&quot;&#10;    ignored: [&quot;$id&quot;]&#10;warning: the following keywords are unknown and will be ignored: [$id, examples]&#10;    level: &quot;warning&quot;&#10;    schema: {&quot;loadingURI&quot;:&quot;#&quot;,&quot;pointer&quot;:&quot;/items/properties/tags/items/properties/id&quot;}&#10;    domain: &quot;syntax&quot;&#10;    ignored: [&quot;$id&quot;,&quot;examples&quot;]&#10;warning: the following keywords are unknown and will be ignored: [$id, examples]&#10;    level: &quot;warning&quot;&#10;    schema: {&quot;loadingURI&quot;:&quot;#&quot;,&quot;pointer&quot;:&quot;/items/properties/tags/items/properties/name&quot;}&#10;    domain: &quot;syntax&quot;&#10;    ignored: [&quot;$id&quot;,&quot;examples&quot;]&#10;warning: the following keywords are unknown and will be ignored: [$id]&#10;    level: &quot;warning&quot;&#10;    schema: {&quot;loadingURI&quot;:&quot;#&quot;,&quot;pointer&quot;:&quot;/items&quot;}&#10;    domain: &quot;syntax&quot;&#10;    ignored: [&quot;$id&quot;]&#10;warning: the following keywords are unknown and will be ignored: [$id]&#10;    level: &quot;warning&quot;&#10;    schema: {&quot;loadingURI&quot;:&quot;#&quot;,&quot;pointer&quot;:&quot;/items/properties/category&quot;}&#10;    domain: &quot;syntax&quot;&#10;    ignored: [&quot;$id&quot;]&#10;warning: the following keywords are unknown and will be ignored: [$id, examples]&#10;    level: &quot;warning&quot;&#10;    schema: {&quot;loadingURI&quot;:&quot;#&quot;,&quot;pointer&quot;:&quot;/items/properties/category/properties/id&quot;}&#10;    domain: &quot;syntax&quot;&#10;    ignored: [&quot;$id&quot;,&quot;examples&quot;]&#10;warning: the following keywords are unknown and will be ignored: [$id, examples]&#10;    level: &quot;warning&quot;&#10;    schema: {&quot;loadingURI&quot;:&quot;#&quot;,&quot;pointer&quot;:&quot;/items/properties/category/properties/name&quot;}&#10;    domain: &quot;syntax&quot;&#10;    ignored: [&quot;$id&quot;,&quot;examples&quot;]&#10;warning: the following keywords are unknown and will be ignored: [$id, examples]&#10;    level: &quot;warning&quot;&#10;    schema: {&quot;loadingURI&quot;:&quot;#&quot;,&quot;pointer&quot;:&quot;/items/properties/id&quot;}&#10;    domain: &quot;syntax&quot;&#10;    ignored: [&quot;$id&quot;,&quot;examples&quot;]&#10;warning: the following keywords are unknown and will be ignored: [$id, examples]&#10;    level: &quot;warning&quot;&#10;    schema: {&quot;loadingURI&quot;:&quot;#&quot;,&quot;pointer&quot;:&quot;/items/properties/name&quot;}&#10;    domain: &quot;syntax&quot;&#10;    ignored: [&quot;$id&quot;,&quot;examples&quot;]&#10;warning: the following keywords are unknown and will be ignored: [$id]&#10;    level: &quot;warning&quot;&#10;    schema: {&quot;loadingURI&quot;:&quot;#&quot;,&quot;pointer&quot;:&quot;/items/properties/photoUrls&quot;}&#10;    domain: &quot;syntax&quot;&#10;    ignored: [&quot;$id&quot;]&#10;warning: the following keywords are unknown and will be ignored: [$id, examples]&#10;    level: &quot;warning&quot;&#10;    schema: {&quot;loadingURI&quot;:&quot;#&quot;,&quot;pointer&quot;:&quot;/items/properties/photoUrls/items&quot;}&#10;    domain: &quot;syntax&quot;&#10;    ignored: [&quot;$id&quot;,&quot;examples&quot;]&#10;warning: the following keywords are unknown and will be ignored: [$id, examples]&#10;    level: &quot;warning&quot;&#10;    schema: {&quot;loadingURI&quot;:&quot;#&quot;,&quot;pointer&quot;:&quot;/items/properties/status&quot;}&#10;    domain: &quot;syntax&quot;&#10;    ignored: [&quot;$id&quot;,&quot;examples&quot;]&#10;warning: the following keywords are unknown and will be ignored: [$id]&#10;    level: &quot;warning&quot;&#10;    schema: {&quot;loadingURI&quot;:&quot;#&quot;,&quot;pointer&quot;:&quot;/items/properties/tags&quot;}&#10;    domain: &quot;syntax&quot;&#10;    ignored: [&quot;$id&quot;]&#10;warning: the following keywords are unknown and will be ignored: [$id]&#10;    level: &quot;warning&quot;&#10;    schema: {&quot;loadingURI&quot;:&quot;#&quot;,&quot;pointer&quot;:&quot;/items/properties/tags/items&quot;}&#10;    domain: &quot;syntax&quot;&#10;    ignored: [&quot;$id&quot;]&#10;warning: the following keywords are unknown and will be ignored: [$id, examples]&#10;    level: &quot;warning&quot;&#10;    schema: {&quot;loadingURI&quot;:&quot;#&quot;,&quot;pointer&quot;:&quot;/items/properties/tags/items/properties/id&quot;}&#10;    domain: &quot;syntax&quot;&#10;    ignored: [&quot;$id&quot;,&quot;examples&quot;]&#10;warning: the following keywords are unknown and will be ignored: [$id, examples]&#10;    level: &quot;warning&quot;&#10;    schema: {&quot;loadingURI&quot;:&quot;#&quot;,&quot;pointer&quot;:&quot;/items/properties/tags/items/properties/name&quot;}&#10;    domain: &quot;syntax&quot;&#10;    ignored: [&quot;$id&quot;,&quot;examples&quot;]&#10;warning: the following keywords are unknown and will be ignored: [$id]&#10;    level: &quot;warning&quot;&#10;    schema: {&quot;loadingURI&quot;:&quot;#&quot;,&quot;pointer&quot;:&quot;/items&quot;}&#10;    domain: &quot;syntax&quot;&#10;    ignored: [&quot;$id&quot;]&#10;warning: the following keywords are unknown and will be ignored: [$id]&#10;    level: &quot;warning&quot;&#10;    schema: {&quot;loadingURI&quot;:&quot;#&quot;,&quot;pointer&quot;:&quot;/items/properties/category&quot;}&#10;    domain: &quot;syntax&quot;&#10;    ignored: [&quot;$id&quot;]&#10;warning: the following keywords are unknown and will be ignored: [$id, examples]&#10;    level: &quot;warning&quot;&#10;    schema: {&quot;loadingURI&quot;:&quot;#&quot;,&quot;pointer&quot;:&quot;/items/properties/category/properties/id&quot;}&#10;    domain: &quot;syntax&quot;&#10;    ignored: [&quot;$id&quot;,&quot;examples&quot;]&#10;warning: the following keywords are unknown and will be ignored: [$id, examples]&#10;    level: &quot;warning&quot;&#10;    schema: {&quot;loadingURI&quot;:&quot;#&quot;,&quot;pointer&quot;:&quot;/items/properties/category/properties/name&quot;}&#10;    domain: &quot;syntax&quot;&#10;    ignored: [&quot;$id&quot;,&quot;examples&quot;]&#10;warning: the following keywords are unknown and will be ignored: [$id, examples]&#10;    level: &quot;warning&quot;&#10;    schema: {&quot;loadingURI&quot;:&quot;#&quot;,&quot;pointer&quot;:&quot;/items/properties/id&quot;}&#10;    domain: &quot;syntax&quot;&#10;    ignored: [&quot;$id&quot;,&quot;examples&quot;]&#10;warning: the following keywords are unknown and will be ignored: [$id, examples]&#10;    level: &quot;warning&quot;&#10;    schema: {&quot;loadingURI&quot;:&quot;#&quot;,&quot;pointer&quot;:&quot;/items/properties/name&quot;}&#10;    domain: &quot;syntax&quot;&#10;    ignored: [&quot;$id&quot;,&quot;examples&quot;]&#10;warning: the following keywords are unknown and will be ignored: [$id]&#10;    level: &quot;warning&quot;&#10;    schema: {&quot;loadingURI&quot;:&quot;#&quot;,&quot;pointer&quot;:&quot;/items/properties/photoUrls&quot;}&#10;    domain: &quot;syntax&quot;&#10;    ignored: [&quot;$id&quot;]&#10;warning: the following keywords are unknown and will be ignored: [$id, examples]&#10;    level: &quot;warning&quot;&#10;    schema: {&quot;loadingURI&quot;:&quot;#&quot;,&quot;pointer&quot;:&quot;/items/properties/photoUrls/items&quot;}&#10;    domain: &quot;syntax&quot;&#10;    ignored: [&quot;$id&quot;,&quot;examples&quot;]&#10;warning: the following keywords are unknown and will be ignored: [$id, examples]&#10;    level: &quot;warning&quot;&#10;    schema: {&quot;loadingURI&quot;:&quot;#&quot;,&quot;pointer&quot;:&quot;/items/properties/status&quot;}&#10;    domain: &quot;syntax&quot;&#10;    ignored: [&quot;$id&quot;,&quot;examples&quot;]&#10;warning: the following keywords are unknown and will be ignored: [$id]&#10;    level: &quot;warning&quot;&#10;    schema: {&quot;loadingURI&quot;:&quot;#&quot;,&quot;pointer&quot;:&quot;/items/properties/tags&quot;}&#10;    domain: &quot;syntax&quot;&#10;    ignored: [&quot;$id&quot;]&#10;warning: the following keywords are unknown and will be ignored: [$id]&#10;    level: &quot;warning&quot;&#10;    schema: {&quot;loadingURI&quot;:&quot;#&quot;,&quot;pointer&quot;:&quot;/items/properties/tags/items&quot;}&#10;    domain: &quot;syntax&quot;&#10;    ignored: [&quot;$id&quot;]&#10;warning: the following keywords are unknown and will be ignored: [$id, examples]&#10;    level: &quot;warning&quot;&#10;    schema: {&quot;loadingURI&quot;:&quot;#&quot;,&quot;pointer&quot;:&quot;/items/properties/tags/items/properties/id&quot;}&#10;    domain: &quot;syntax&quot;&#10;    ignored: [&quot;$id&quot;,&quot;examples&quot;]&#10;warning: the following keywords are unknown and will be ignored: [$id, examples]&#10;    level: &quot;warning&quot;&#10;    schema: {&quot;loadingURI&quot;:&quot;#&quot;,&quot;pointer&quot;:&quot;/items/properties/tags/items/properties/name&quot;}&#10;    domain: &quot;syntax&quot;&#10;    ignored: [&quot;$id&quot;,&quot;examples&quot;]&#10;warning: the following keywords are unknown and will be ignored: [$id]&#10;    level: &quot;warning&quot;&#10;    schema: {&quot;loadingURI&quot;:&quot;#&quot;,&quot;pointer&quot;:&quot;/items&quot;}&#10;    domain: &quot;syntax&quot;&#10;    ignored: [&quot;$id&quot;]&#10;warning: the following keywords are unknown and will be ignored: [$id]&#10;    level: &quot;warning&quot;&#10;    schema: {&quot;loadingURI&quot;:&quot;#&quot;,&quot;pointer&quot;:&quot;/items/properties/category&quot;}&#10;    domain: &quot;syntax&quot;&#10;    ignored: [&quot;$id&quot;]&#10;warning: the following keywords are unknown and will be ignored: [$id, examples]&#10;    level: &quot;warning&quot;&#10;    schema: {&quot;loadingURI&quot;:&quot;#&quot;,&quot;pointer&quot;:&quot;/items/properties/category/properties/id&quot;}&#10;    domain: &quot;syntax&quot;&#10;    ignored: [&quot;$id&quot;,&quot;examples&quot;]&#10;warning: the following keywords are unknown and will be ignored: [$id, examples]&#10;    level: &quot;warning&quot;&#10;    schema: {&quot;loadingURI&quot;:&quot;#&quot;,&quot;pointer&quot;:&quot;/items/properties/category/properties/name&quot;}&#10;    domain: &quot;syntax&quot;&#10;    ignored: [&quot;$id&quot;,&quot;examples&quot;]&#10;warning: the following keywords are unknown and will be ignored: [$id, examples]&#10;    level: &quot;warning&quot;&#10;    schema: {&quot;loadingURI&quot;:&quot;#&quot;,&quot;pointer&quot;:&quot;/items/properties/id&quot;}&#10;    domain: &quot;syntax&quot;&#10;    ignored: [&quot;$id&quot;,&quot;examples&quot;]&#10;warning: the following keywords are unknown and will be ignored: [$id, examples]&#10;    level: &quot;warning&quot;&#10;    schema: {&quot;loadingURI&quot;:&quot;#&quot;,&quot;pointer&quot;:&quot;/items/properties/name&quot;}&#10;    domain: &quot;syntax&quot;&#10;    ignored: [&quot;$id&quot;,&quot;examples&quot;]&#10;warning: the following keywords are unknown and will be ignored: [$id]&#10;    level: &quot;warning&quot;&#10;    schema: {&quot;loadingURI&quot;:&quot;#&quot;,&quot;pointer&quot;:&quot;/items/properties/photoUrls&quot;}&#10;    domain: &quot;syntax&quot;&#10;    ignored: [&quot;$id&quot;]&#10;warning: the following keywords are unknown and will be ignored: [$id, examples]&#10;    level: &quot;warning&quot;&#10;    schema: {&quot;loadingURI&quot;:&quot;#&quot;,&quot;pointer&quot;:&quot;/items/properties/photoUrls/items&quot;}&#10;    domain: &quot;syntax&quot;&#10;    ignored: [&quot;$id&quot;,&quot;examples&quot;]&#10;warning: the following keywords are unknown and will be ignored: [$id, examples]&#10;    level: &quot;warning&quot;&#10;    schema: {&quot;loadingURI&quot;:&quot;#&quot;,&quot;pointer&quot;:&quot;/items/properties/status&quot;}&#10;    domain: &quot;syntax&quot;&#10;    ignored: [&quot;$id&quot;,&quot;examples&quot;]&#10;warning: the following keywords are unknown and will be ignored: [$id]&#10;    level: &quot;warning&quot;&#10;    schema: {&quot;loadingURI&quot;:&quot;#&quot;,&quot;pointer&quot;:&quot;/items/properties/tags&quot;}&#10;    domain: &quot;syntax&quot;&#10;    ignored: [&quot;$id&quot;]&#10;warning: the following keywords are unknown and will be ignored: [$id]&#10;    level: &quot;warning&quot;&#10;    schema: {&quot;loadingURI&quot;:&quot;#&quot;,&quot;pointer&quot;:&quot;/items/properties/tags/items&quot;}&#10;    domain: &quot;syntax&quot;&#10;    ignored: [&quot;$id&quot;]&#10;warning: the following keywords are unknown and will be ignored: [$id, examples]&#10;    level: &quot;warning&quot;&#10;    schema: {&quot;loadingURI&quot;:&quot;#&quot;,&quot;pointer&quot;:&quot;/items/properties/tags/items/properties/id&quot;}&#10;    domain: &quot;syntax&quot;&#10;    ignored: [&quot;$id&quot;,&quot;examples&quot;]&#10;warning: the following keywords are unknown and will be ignored: [$id, examples]&#10;    level: &quot;warning&quot;&#10;    schema: {&quot;loadingURI&quot;:&quot;#&quot;,&quot;pointer&quot;:&quot;/items/properties/tags/items/properties/name&quot;}&#10;    domain: &quot;syntax&quot;&#10;    ignored: [&quot;$id&quot;,&quot;examples&quot;]&#10;warning: the following keywords are unknown and will be ignored: [$id]&#10;    level: &quot;warning&quot;&#10;    schema: {&quot;loadingURI&quot;:&quot;#&quot;,&quot;pointer&quot;:&quot;/items&quot;}&#10;    domain: &quot;syntax&quot;&#10;    ignored: [&quot;$id&quot;]&#10;warning: the following keywords are unknown and will be ignored: [$id]&#10;    level: &quot;warning&quot;&#10;    schema: {&quot;loadingURI&quot;:&quot;#&quot;,&quot;pointer&quot;:&quot;/items/properties/category&quot;}&#10;    domain: &quot;syntax&quot;&#10;    ignored: [&quot;$id&quot;]&#10;warning: the following keywords are unknown and will be ignored: [$id, examples]&#10;    level: &quot;warning&quot;&#10;    schema: {&quot;loadingURI&quot;:&quot;#&quot;,&quot;pointer&quot;:&quot;/items/properties/category/properties/id&quot;}&#10;    domain: &quot;syntax&quot;&#10;    ignored: [&quot;$id&quot;,&quot;examples&quot;]&#10;warning: the following keywords are unknown and will be ignored: [$id, examples]&#10;    level: &quot;warning&quot;&#10;    schema: {&quot;loadingURI&quot;:&quot;#&quot;,&quot;pointer&quot;:&quot;/items/properties/category/properties/name&quot;}&#10;    domain: &quot;syntax&quot;&#10;    ignored: [&quot;$id&quot;,&quot;examples&quot;]&#10;warning: the following keywords are unknown and will be ignored: [$id, examples]&#10;    level: &quot;warning&quot;&#10;    schema: {&quot;loadingURI&quot;:&quot;#&quot;,&quot;pointer&quot;:&quot;/items/properties/id&quot;}&#10;    domain: &quot;syntax&quot;&#10;    ignored: [&quot;$id&quot;,&quot;examples&quot;]&#10;warning: the following keywords are unknown and will be ignored: [$id, examples]&#10;    level: &quot;warning&quot;&#10;    schema: {&quot;loadingURI&quot;:&quot;#&quot;,&quot;pointer&quot;:&quot;/items/properties/name&quot;}&#10;    domain: &quot;syntax&quot;&#10;    ignored: [&quot;$id&quot;,&quot;examples&quot;]&#10;warning: the following keywords are unknown and will be ignored: [$id]&#10;    level: &quot;warning&quot;&#10;    schema: {&quot;loadingURI&quot;:&quot;#&quot;,&quot;pointer&quot;:&quot;/items/properties/photoUrls&quot;}&#10;    domain: &quot;syntax&quot;&#10;    ignored: [&quot;$id&quot;]&#10;warning: the following keywords are unknown and will be ignored: [$id, examples]&#10;    level: &quot;warning&quot;&#10;    schema: {&quot;loadingURI&quot;:&quot;#&quot;,&quot;pointer&quot;:&quot;/items/properties/photoUrls/items&quot;}&#10;    domain: &quot;syntax&quot;&#10;    ignored: [&quot;$id&quot;,&quot;examples&quot;]&#10;warning: the following keywords are unknown and will be ignored: [$id, examples]&#10;    level: &quot;warning&quot;&#10;    schema: {&quot;loadingURI&quot;:&quot;#&quot;,&quot;pointer&quot;:&quot;/items/properties/status&quot;}&#10;    domain: &quot;syntax&quot;&#10;    ignored: [&quot;$id&quot;,&quot;examples&quot;]&#10;warning: the following keywords are unknown and will be ignored: [$id]&#10;    level: &quot;warning&quot;&#10;    schema: {&quot;loadingURI&quot;:&quot;#&quot;,&quot;pointer&quot;:&quot;/items/properties/tags&quot;}&#10;    domain: &quot;syntax&quot;&#10;    ignored: [&quot;$id&quot;]&#10;warning: the following keywords are unknown and will be ignored: [$id]&#10;    level: &quot;warning&quot;&#10;    schema: {&quot;loadingURI&quot;:&quot;#&quot;,&quot;pointer&quot;:&quot;/items/properties/tags/items&quot;}&#10;    domain: &quot;syntax&quot;&#10;    ignored: [&quot;$id&quot;]&#10;warning: the following keywords are unknown and will be ignored: [$id, examples]&#10;    level: &quot;warning&quot;&#10;    schema: {&quot;loadingURI&quot;:&quot;#&quot;,&quot;pointer&quot;:&quot;/items/properties/tags/items/properties/id&quot;}&#10;    domain: &quot;syntax&quot;&#10;    ignored: [&quot;$id&quot;,&quot;examples&quot;]&#10;warning: the following keywords are unknown and will be ignored: [$id, examples]&#10;    level: &quot;warning&quot;&#10;    schema: {&quot;loadingURI&quot;:&quot;#&quot;,&quot;pointer&quot;:&quot;/items/properties/tags/items/properties/name&quot;}&#10;    domain: &quot;syntax&quot;&#10;    ignored: [&quot;$id&quot;,&quot;examples&quot;]&#10;warning: the following keywords are unknown and will be ignored: [$id]&#10;    level: &quot;warning&quot;&#10;    schema: {&quot;loadingURI&quot;:&quot;#&quot;,&quot;pointer&quot;:&quot;/items&quot;}&#10;    domain: &quot;syntax&quot;&#10;    ignored: [&quot;$id&quot;]&#10;warning: the following keywords are unknown and will be ignored: [$id]&#10;    level: &quot;warning&quot;&#10;    schema: {&quot;loadingURI&quot;:&quot;#&quot;,&quot;pointer&quot;:&quot;/items/properties/category&quot;}&#10;    domain: &quot;syntax&quot;&#10;    ignored: [&quot;$id&quot;]&#10;warning: the following keywords are unknown and will be ignored: [$id, examples]&#10;    level: &quot;warning&quot;&#10;    schema: {&quot;loadingURI&quot;:&quot;#&quot;,&quot;pointer&quot;:&quot;/items/properties/category/properties/id&quot;}&#10;    domain: &quot;syntax&quot;&#10;    ignored: [&quot;$id&quot;,&quot;examples&quot;]&#10;warning: the following keywords are unknown and will be ignored: [$id, examples]&#10;    level: &quot;warning&quot;&#10;    schema: {&quot;loadingURI&quot;:&quot;#&quot;,&quot;pointer&quot;:&quot;/items/properties/category/properties/name&quot;}&#10;    domain: &quot;syntax&quot;&#10;    ignored: [&quot;$id&quot;,&quot;examples&quot;]&#10;warning: the following keywords are unknown and will be ignored: [$id, examples]&#10;    level: &quot;warning&quot;&#10;    schema: {&quot;loadingURI&quot;:&quot;#&quot;,&quot;pointer&quot;:&quot;/items/properties/id&quot;}&#10;    domain: &quot;syntax&quot;&#10;    ignored: [&quot;$id&quot;,&quot;examples&quot;]&#10;warning: the following keywords are unknown and will be ignored: [$id, examples]&#10;    level: &quot;warning&quot;&#10;    schema: {&quot;loadingURI&quot;:&quot;#&quot;,&quot;pointer&quot;:&quot;/items/properties/name&quot;}&#10;    domain: &quot;syntax&quot;&#10;    ignored: [&quot;$id&quot;,&quot;examples&quot;]&#10;warning: the following keywords are unknown and will be ignored: [$id]&#10;    level: &quot;warning&quot;&#10;    schema: {&quot;loadingURI&quot;:&quot;#&quot;,&quot;pointer&quot;:&quot;/items/properties/photoUrls&quot;}&#10;    domain: &quot;syntax&quot;&#10;    ignored: [&quot;$id&quot;]&#10;warning: the following keywords are unknown and will be ignored: [$id, examples]&#10;    level: &quot;warning&quot;&#10;    schema: {&quot;loadingURI&quot;:&quot;#&quot;,&quot;pointer&quot;:&quot;/items/properties/photoUrls/items&quot;}&#10;    domain: &quot;syntax&quot;&#10;    ignored: [&quot;$id&quot;,&quot;examples&quot;]&#10;warning: the following keywords are unknown and will be ignored: [$id, examples]&#10;    level: &quot;warning&quot;&#10;    schema: {&quot;loadingURI&quot;:&quot;#&quot;,&quot;pointer&quot;:&quot;/items/properties/status&quot;}&#10;    domain: &quot;syntax&quot;&#10;    ignored: [&quot;$id&quot;,&quot;examples&quot;]&#10;warning: the following keywords are unknown and will be ignored: [$id]&#10;    level: &quot;warning&quot;&#10;    schema: {&quot;loadingURI&quot;:&quot;#&quot;,&quot;pointer&quot;:&quot;/items/properties/tags&quot;}&#10;    domain: &quot;syntax&quot;&#10;    ignored: [&quot;$id&quot;]&#10;warning: the following keywords are unknown and will be ignored: [$id]&#10;    level: &quot;warning&quot;&#10;    schema: {&quot;loadingURI&quot;:&quot;#&quot;,&quot;pointer&quot;:&quot;/items/properties/tags/items&quot;}&#10;    domain: &quot;syntax&quot;&#10;    ignored: [&quot;$id&quot;]&#10;warning: the following keywords are unknown and will be ignored: [$id, examples]&#10;    level: &quot;warning&quot;&#10;    schema: {&quot;loadingURI&quot;:&quot;#&quot;,&quot;pointer&quot;:&quot;/items/properties/tags/items/properties/id&quot;}&#10;    domain: &quot;syntax&quot;&#10;    ignored: [&quot;$id&quot;,&quot;examples&quot;]&#10;warning: the following keywords are unknown and will be ignored: [$id, examples]&#10;    level: &quot;warning&quot;&#10;    schema: {&quot;loadingURI&quot;:&quot;#&quot;,&quot;pointer&quot;:&quot;/items/properties/tags/items/properties/name&quot;}&#10;    domain: &quot;syntax&quot;&#10;    ignored: [&quot;$id&quot;,&quot;examples&quot;]&#10;warning: the following keywords are unknown and will be ignored: [$id]&#10;    level: &quot;warning&quot;&#10;    schema: {&quot;loadingURI&quot;:&quot;#&quot;,&quot;pointer&quot;:&quot;/items&quot;}&#10;    domain: &quot;syntax&quot;&#10;    ignored: [&quot;$id&quot;]&#10;warning: the following keywords are unknown and will be ignored: [$id]&#10;    level: &quot;warning&quot;&#10;    schema: {&quot;loadingURI&quot;:&quot;#&quot;,&quot;pointer&quot;:&quot;/items/properties/category&quot;}&#10;    domain: &quot;syntax&quot;&#10;    ignored: [&quot;$id&quot;]&#10;warning: the following keywords are unknown and will be ignored: [$id, examples]&#10;    level: &quot;warning&quot;&#10;    schema: {&quot;loadingURI&quot;:&quot;#&quot;,&quot;pointer&quot;:&quot;/items/properties/category/properties/id&quot;}&#10;    domain: &quot;syntax&quot;&#10;    ignored: [&quot;$id&quot;,&quot;examples&quot;]&#10;warning: the following keywords are unknown and will be ignored: [$id, examples]&#10;    level: &quot;warning&quot;&#10;    schema: {&quot;loadingURI&quot;:&quot;#&quot;,&quot;pointer&quot;:&quot;/items/properties/category/properties/name&quot;}&#10;    domain: &quot;syntax&quot;&#10;    ignored: [&quot;$id&quot;,&quot;examples&quot;]&#10;warning: the following keywords are unknown and will be ignored: [$id, examples]&#10;    level: &quot;warning&quot;&#10;    schema: {&quot;loadingURI&quot;:&quot;#&quot;,&quot;pointer&quot;:&quot;/items/properties/id&quot;}&#10;    domain: &quot;syntax&quot;&#10;    ignored: [&quot;$id&quot;,&quot;examples&quot;]&#10;warning: the following keywords are unknown and will be ignored: [$id, examples]&#10;    level: &quot;warning&quot;&#10;    schema: {&quot;loadingURI&quot;:&quot;#&quot;,&quot;pointer&quot;:&quot;/items/properties/name&quot;}&#10;    domain: &quot;syntax&quot;&#10;    ignored: [&quot;$id&quot;,&quot;examples&quot;]&#10;warning: the following keywords are unknown and will be ignored: [$id]&#10;    level: &quot;warning&quot;&#10;    schema: {&quot;loadingURI&quot;:&quot;#&quot;,&quot;pointer&quot;:&quot;/items/properties/photoUrls&quot;}&#10;    domain: &quot;syntax&quot;&#10;    ignored: [&quot;$id&quot;]&#10;warning: the following keywords are unknown and will be ignored: [$id, examples]&#10;    level: &quot;warning&quot;&#10;    schema: {&quot;loadingURI&quot;:&quot;#&quot;,&quot;pointer&quot;:&quot;/items/properties/photoUrls/items&quot;}&#10;    domain: &quot;syntax&quot;&#10;    ignored: [&quot;$id&quot;,&quot;examples&quot;]&#10;warning: the following keywords are unknown and will be ignored: [$id, examples]&#10;    level: &quot;warning&quot;&#10;    schema: {&quot;loadingURI&quot;:&quot;#&quot;,&quot;pointer&quot;:&quot;/items/properties/status&quot;}&#10;    domain: &quot;syntax&quot;&#10;    ignored: [&quot;$id&quot;,&quot;examples&quot;]&#10;warning: the following keywords are unknown and will be ignored: [$id]&#10;    level: &quot;warning&quot;&#10;    schema: {&quot;loadingURI&quot;:&quot;#&quot;,&quot;pointer&quot;:&quot;/items/properties/tags&quot;}&#10;    domain: &quot;syntax&quot;&#10;    ignored: [&quot;$id&quot;]&#10;warning: the following keywords are unknown and will be ignored: [$id]&#10;    level: &quot;warning&quot;&#10;    schema: {&quot;loadingURI&quot;:&quot;#&quot;,&quot;pointer&quot;:&quot;/items/properties/tags/items&quot;}&#10;    domain: &quot;syntax&quot;&#10;    ignored: [&quot;$id&quot;]&#10;warning: the following keywords are unknown and will be ignored: [$id, examples]&#10;    level: &quot;warning&quot;&#10;    schema: {&quot;loadingURI&quot;:&quot;#&quot;,&quot;pointer&quot;:&quot;/items/properties/tags/items/properties/id&quot;}&#10;    domain: &quot;syntax&quot;&#10;    ignored: [&quot;$id&quot;,&quot;examples&quot;]&#10;warning: the following keywords are unknown and will be ignored: [$id, examples]&#10;    level: &quot;warning&quot;&#10;    schema: {&quot;loadingURI&quot;:&quot;#&quot;,&quot;pointer&quot;:&quot;/items/properties/tags/items/properties/name&quot;}&#10;    domain: &quot;syntax&quot;&#10;    ignored: [&quot;$id&quot;,&quot;examples&quot;]&#10;warning: the following keywords are unknown and will be ignored: [$id]&#10;    level: &quot;warning&quot;&#10;    schema: {&quot;loadingURI&quot;:&quot;#&quot;,&quot;pointer&quot;:&quot;/items&quot;}&#10;    domain: &quot;syntax&quot;&#10;    ignored: [&quot;$id&quot;]&#10;warning: the following keywords are unknown and will be ignored: [$id]&#10;    level: &quot;warning&quot;&#10;    schema: {&quot;loadingURI&quot;:&quot;#&quot;,&quot;pointer&quot;:&quot;/items/properties/category&quot;}&#10;    domain: &quot;syntax&quot;&#10;    ignored: [&quot;$id&quot;]&#10;warning: the following keywords are unknown and will be ignored: [$id, examples]&#10;    level: &quot;warning&quot;&#10;    schema: {&quot;loadingURI&quot;:&quot;#&quot;,&quot;pointer&quot;:&quot;/items/properties/category/properties/id&quot;}&#10;    domain: &quot;syntax&quot;&#10;    ignored: [&quot;$id&quot;,&quot;examples&quot;]&#10;warning: the following keywords are unknown and will be ignored: [$id, examples]&#10;    level: &quot;warning&quot;&#10;    schema: {&quot;loadingURI&quot;:&quot;#&quot;,&quot;pointer&quot;:&quot;/items/properties/category/properties/name&quot;}&#10;    domain: &quot;syntax&quot;&#10;    ignored: [&quot;$id&quot;,&quot;examples&quot;]&#10;warning: the following keywords are unknown and will be ignored: [$id, examples]&#10;    level: &quot;warning&quot;&#10;    schema: {&quot;loadingURI&quot;:&quot;#&quot;,&quot;pointer&quot;:&quot;/items/properties/id&quot;}&#10;    domain: &quot;syntax&quot;&#10;    ignored: [&quot;$id&quot;,&quot;examples&quot;]&#10;warning: the following keywords are unknown and will be ignored: [$id, examples]&#10;    level: &quot;warning&quot;&#10;    schema: {&quot;loadingURI&quot;:&quot;#&quot;,&quot;pointer&quot;:&quot;/items/properties/name&quot;}&#10;    domain: &quot;syntax&quot;&#10;    ignored: [&quot;$id&quot;,&quot;examples&quot;]&#10;warning: the following keywords are unknown and will be ignored: [$id]&#10;    level: &quot;warning&quot;&#10;    schema: {&quot;loadingURI&quot;:&quot;#&quot;,&quot;pointer&quot;:&quot;/items/properties/photoUrls&quot;}&#10;    domain: &quot;syntax&quot;&#10;    ignored: [&quot;$id&quot;]&#10;warning: the following keywords are unknown and will be ignored: [$id, examples]&#10;    level: &quot;warning&quot;&#10;    schema: {&quot;loadingURI&quot;:&quot;#&quot;,&quot;pointer&quot;:&quot;/items/properties/photoUrls/items&quot;}&#10;    domain: &quot;syntax&quot;&#10;    ignored: [&quot;$id&quot;,&quot;examples&quot;]&#10;warning: the following keywords are unknown and will be ignored: [$id, examples]&#10;    level: &quot;warning&quot;&#10;    schema: {&quot;loadingURI&quot;:&quot;#&quot;,&quot;pointer&quot;:&quot;/items/properties/status&quot;}&#10;    domain: &quot;syntax&quot;&#10;    ignored: [&quot;$id&quot;,&quot;examples&quot;]&#10;warning: the following keywords are unknown and will be ignored: [$id]&#10;    level: &quot;warning&quot;&#10;    schema: {&quot;loadingURI&quot;:&quot;#&quot;,&quot;pointer&quot;:&quot;/items/properties/tags&quot;}&#10;    domain: &quot;syntax&quot;&#10;    ignored: [&quot;$id&quot;]&#10;warning: the following keywords are unknown and will be ignored: [$id]&#10;    level: &quot;warning&quot;&#10;    schema: {&quot;loadingURI&quot;:&quot;#&quot;,&quot;pointer&quot;:&quot;/items/properties/tags/items&quot;}&#10;    domain: &quot;syntax&quot;&#10;    ignored: [&quot;$id&quot;]&#10;warning: the following keywords are unknown and will be ignored: [$id, examples]&#10;    level: &quot;warning&quot;&#10;    schema: {&quot;loadingURI&quot;:&quot;#&quot;,&quot;pointer&quot;:&quot;/items/properties/tags/items/properties/id&quot;}&#10;    domain: &quot;syntax&quot;&#10;    ignored: [&quot;$id&quot;,&quot;examples&quot;]&#10;warning: the following keywords are unknown and will be ignored: [$id, examples]&#10;    level: &quot;warning&quot;&#10;    schema: {&quot;loadingURI&quot;:&quot;#&quot;,&quot;pointer&quot;:&quot;/items/properties/tags/items/properties/name&quot;}&#10;    domain: &quot;syntax&quot;&#10;    ignored: [&quot;$id&quot;,&quot;examples&quot;]&#10;warning: the following keywords are unknown and will be ignored: [$id]&#10;    level: &quot;warning&quot;&#10;    schema: {&quot;loadingURI&quot;:&quot;#&quot;,&quot;pointer&quot;:&quot;/items&quot;}&#10;    domain: &quot;syntax&quot;&#10;    ignored: [&quot;$id&quot;]&#10;warning: the following keywords are unknown and will be ignored: [$id]&#10;    level: &quot;warning&quot;&#10;    schema: {&quot;loadingURI&quot;:&quot;#&quot;,&quot;pointer&quot;:&quot;/items/properties/category&quot;}&#10;    domain: &quot;syntax&quot;&#10;    ignored: [&quot;$id&quot;]&#10;warning: the following keywords are unknown and will be ignored: [$id, examples]&#10;    level: &quot;warning&quot;&#10;    schema: {&quot;loadingURI&quot;:&quot;#&quot;,&quot;pointer&quot;:&quot;/items/properties/category/properties/id&quot;}&#10;    domain: &quot;syntax&quot;&#10;    ignored: [&quot;$id&quot;,&quot;examples&quot;]&#10;warning: the following keywords are unknown and will be ignored: [$id, examples]&#10;    level: &quot;warning&quot;&#10;    schema: {&quot;loadingURI&quot;:&quot;#&quot;,&quot;pointer&quot;:&quot;/items/properties/category/properties/name&quot;}&#10;    domain: &quot;syntax&quot;&#10;    ignored: [&quot;$id&quot;,&quot;examples&quot;]&#10;warning: the following keywords are unknown and will be ignored: [$id, examples]&#10;    level: &quot;warning&quot;&#10;    schema: {&quot;loadingURI&quot;:&quot;#&quot;,&quot;pointer&quot;:&quot;/items/properties/id&quot;}&#10;    domain: &quot;syntax&quot;&#10;    ignored: [&quot;$id&quot;,&quot;examples&quot;]&#10;warning: the following keywords are unknown and will be ignored: [$id, examples]&#10;    level: &quot;warning&quot;&#10;    schema: {&quot;loadingURI&quot;:&quot;#&quot;,&quot;pointer&quot;:&quot;/items/properties/name&quot;}&#10;    domain: &quot;syntax&quot;&#10;    ignored: [&quot;$id&quot;,&quot;examples&quot;]&#10;warning: the following keywords are unknown and will be ignored: [$id]&#10;    level: &quot;warning&quot;&#10;    schema: {&quot;loadingURI&quot;:&quot;#&quot;,&quot;pointer&quot;:&quot;/items/properties/photoUrls&quot;}&#10;    domain: &quot;syntax&quot;&#10;    ignored: [&quot;$id&quot;]&#10;warning: the following keywords are unknown and will be ignored: [$id, examples]&#10;    level: &quot;warning&quot;&#10;    schema: {&quot;loadingURI&quot;:&quot;#&quot;,&quot;pointer&quot;:&quot;/items/properties/photoUrls/items&quot;}&#10;    domain: &quot;syntax&quot;&#10;    ignored: [&quot;$id&quot;,&quot;examples&quot;]&#10;warning: the following keywords are unknown and will be ignored: [$id, examples]&#10;    level: &quot;warning&quot;&#10;    schema: {&quot;loadingURI&quot;:&quot;#&quot;,&quot;pointer&quot;:&quot;/items/properties/status&quot;}&#10;    domain: &quot;syntax&quot;&#10;    ignored: [&quot;$id&quot;,&quot;examples&quot;]&#10;warning: the following keywords are unknown and will be ignored: [$id]&#10;    level: &quot;warning&quot;&#10;    schema: {&quot;loadingURI&quot;:&quot;#&quot;,&quot;pointer&quot;:&quot;/items/properties/tags&quot;}&#10;    domain: &quot;syntax&quot;&#10;    ignored: [&quot;$id&quot;]&#10;warning: the following keywords are unknown and will be ignored: [$id]&#10;    level: &quot;warning&quot;&#10;    schema: {&quot;loadingURI&quot;:&quot;#&quot;,&quot;pointer&quot;:&quot;/items/properties/tags/items&quot;}&#10;    domain: &quot;syntax&quot;&#10;    ignored: [&quot;$id&quot;]&#10;warning: the following keywords are unknown and will be ignored: [$id, examples]&#10;    level: &quot;warning&quot;&#10;    schema: {&quot;loadingURI&quot;:&quot;#&quot;,&quot;pointer&quot;:&quot;/items/properties/tags/items/properties/id&quot;}&#10;    domain: &quot;syntax&quot;&#10;    ignored: [&quot;$id&quot;,&quot;examples&quot;]&#10;warning: the following keywords are unknown and will be ignored: [$id, examples]&#10;    level: &quot;warning&quot;&#10;    schema: {&quot;loadingURI&quot;:&quot;#&quot;,&quot;pointer&quot;:&quot;/items/properties/tags/items/properties/name&quot;}&#10;    domain: &quot;syntax&quot;&#10;    ignored: [&quot;$id&quot;,&quot;examples&quot;]&#10;warning: the following keywords are unknown and will be ignored: [$id]&#10;    level: &quot;warning&quot;&#10;    schema: {&quot;loadingURI&quot;:&quot;#&quot;,&quot;pointer&quot;:&quot;/items&quot;}&#10;    domain: &quot;syntax&quot;&#10;    ignored: [&quot;$id&quot;]&#10;warning: the following keywords are unknown and will be ignored: [$id]&#10;    level: &quot;warning&quot;&#10;    schema: {&quot;loadingURI&quot;:&quot;#&quot;,&quot;pointer&quot;:&quot;/items/properties/category&quot;}&#10;    domain: &quot;syntax&quot;&#10;    ignored: [&quot;$id&quot;]&#10;warning: the following keywords are unknown and will be ignored: [$id, examples]&#10;    level: &quot;warning&quot;&#10;    schema: {&quot;loadingURI&quot;:&quot;#&quot;,&quot;pointer&quot;:&quot;/items/properties/category/properties/id&quot;}&#10;    domain: &quot;syntax&quot;&#10;    ignored: [&quot;$id&quot;,&quot;examples&quot;]&#10;warning: the following keywords are unknown and will be ignored: [$id, examples]&#10;    level: &quot;warning&quot;&#10;    schema: {&quot;loadingURI&quot;:&quot;#&quot;,&quot;pointer&quot;:&quot;/items/properties/category/properties/name&quot;}&#10;    domain: &quot;syntax&quot;&#10;    ignored: [&quot;$id&quot;,&quot;examples&quot;]&#10;warning: the following keywords are unknown and will be ignored: [$id, examples]&#10;    level: &quot;warning&quot;&#10;    schema: {&quot;loadingURI&quot;:&quot;#&quot;,&quot;pointer&quot;:&quot;/items/properties/id&quot;}&#10;    domain: &quot;syntax&quot;&#10;    ignored: [&quot;$id&quot;,&quot;examples&quot;]&#10;warning: the following keywords are unknown and will be ignored: [$id, examples]&#10;    level: &quot;warning&quot;&#10;    schema: {&quot;loadingURI&quot;:&quot;#&quot;,&quot;pointer&quot;:&quot;/items/properties/name&quot;}&#10;    domain: &quot;syntax&quot;&#10;    ignored: [&quot;$id&quot;,&quot;examples&quot;]&#10;warning: the following keywords are unknown and will be ignored: [$id]&#10;    level: &quot;warning&quot;&#10;    schema: {&quot;loadingURI&quot;:&quot;#&quot;,&quot;pointer&quot;:&quot;/items/properties/photoUrls&quot;}&#10;    domain: &quot;syntax&quot;&#10;    ignored: [&quot;$id&quot;]&#10;warning: the following keywords are unknown and will be ignored: [$id, examples]&#10;    level: &quot;warning&quot;&#10;    schema: {&quot;loadingURI&quot;:&quot;#&quot;,&quot;pointer&quot;:&quot;/items/properties/photoUrls/items&quot;}&#10;    domain: &quot;syntax&quot;&#10;    ignored: [&quot;$id&quot;,&quot;examples&quot;]&#10;warning: the following keywords are unknown and will be ignored: [$id, examples]&#10;    level: &quot;warning&quot;&#10;    schema: {&quot;loadingURI&quot;:&quot;#&quot;,&quot;pointer&quot;:&quot;/items/properties/status&quot;}&#10;    domain: &quot;syntax&quot;&#10;    ignored: [&quot;$id&quot;,&quot;examples&quot;]&#10;warning: the following keywords are unknown and will be ignored: [$id]&#10;    level: &quot;warning&quot;&#10;    schema: {&quot;loadingURI&quot;:&quot;#&quot;,&quot;pointer&quot;:&quot;/items/properties/tags&quot;}&#10;    domain: &quot;syntax&quot;&#10;    ignored: [&quot;$id&quot;]&#10;warning: the following keywords are unknown and will be ignored: [$id]&#10;    level: &quot;warning&quot;&#10;    schema: {&quot;loadingURI&quot;:&quot;#&quot;,&quot;pointer&quot;:&quot;/items/properties/tags/items&quot;}&#10;    domain: &quot;syntax&quot;&#10;    ignored: [&quot;$id&quot;]&#10;warning: the following keywords are unknown and will be ignored: [$id, examples]&#10;    level: &quot;warning&quot;&#10;    schema: {&quot;loadingURI&quot;:&quot;#&quot;,&quot;pointer&quot;:&quot;/items/properties/tags/items/properties/id&quot;}&#10;    domain: &quot;syntax&quot;&#10;    ignored: [&quot;$id&quot;,&quot;examples&quot;]&#10;warning: the following keywords are unknown and will be ignored: [$id, examples]&#10;    level: &quot;warning&quot;&#10;    schema: {&quot;loadingURI&quot;:&quot;#&quot;,&quot;pointer&quot;:&quot;/items/properties/tags/items/properties/name&quot;}&#10;    domain: &quot;syntax&quot;&#10;    ignored: [&quot;$id&quot;,&quot;examples&quot;]&#10;warning: the following keywords are unknown and will be ignored: [$id]&#10;    level: &quot;warning&quot;&#10;    schema: {&quot;loadingURI&quot;:&quot;#&quot;,&quot;pointer&quot;:&quot;/items&quot;}&#10;    domain: &quot;syntax&quot;&#10;    ignored: [&quot;$id&quot;]&#10;warning: the following keywords are unknown and will be ignored: [$id]&#10;    level: &quot;warning&quot;&#10;    schema: {&quot;loadingURI&quot;:&quot;#&quot;,&quot;pointer&quot;:&quot;/items/properties/category&quot;}&#10;    domain: &quot;syntax&quot;&#10;    ignored: [&quot;$id&quot;]&#10;warning: the following keywords are unknown and will be ignored: [$id, examples]&#10;    level: &quot;warning&quot;&#10;    schema: {&quot;loadingURI&quot;:&quot;#&quot;,&quot;pointer&quot;:&quot;/items/properties/category/properties/id&quot;}&#10;    domain: &quot;syntax&quot;&#10;    ignored: [&quot;$id&quot;,&quot;examples&quot;]&#10;warning: the following keywords are unknown and will be ignored: [$id, examples]&#10;    level: &quot;warning&quot;&#10;    schema: {&quot;loadingURI&quot;:&quot;#&quot;,&quot;pointer&quot;:&quot;/items/properties/category/properties/name&quot;}&#10;    domain: &quot;syntax&quot;&#10;    ignored: [&quot;$id&quot;,&quot;examples&quot;]&#10;warning: the following keywords are unknown and will be ignored: [$id, examples]&#10;    level: &quot;warning&quot;&#10;    schema: {&quot;loadingURI&quot;:&quot;#&quot;,&quot;pointer&quot;:&quot;/items/properties/id&quot;}&#10;    domain: &quot;syntax&quot;&#10;    ignored: [&quot;$id&quot;,&quot;examples&quot;]&#10;warning: the following keywords are unknown and will be ignored: [$id, examples]&#10;    level: &quot;warning&quot;&#10;    schema: {&quot;loadingURI&quot;:&quot;#&quot;,&quot;pointer&quot;:&quot;/items/properties/name&quot;}&#10;    domain: &quot;syntax&quot;&#10;    ignored: [&quot;$id&quot;,&quot;examples&quot;]&#10;warning: the following keywords are unknown and will be ignored: [$id]&#10;    level: &quot;warning&quot;&#10;    schema: {&quot;loadingURI&quot;:&quot;#&quot;,&quot;pointer&quot;:&quot;/items/properties/photoUrls&quot;}&#10;    domain: &quot;syntax&quot;&#10;    ignored: [&quot;$id&quot;]&#10;warning: the following keywords are unknown and will be ignored: [$id, examples]&#10;    level: &quot;warning&quot;&#10;    schema: {&quot;loadingURI&quot;:&quot;#&quot;,&quot;pointer&quot;:&quot;/items/properties/photoUrls/items&quot;}&#10;    domain: &quot;syntax&quot;&#10;    ignored: [&quot;$id&quot;,&quot;examples&quot;]&#10;warning: the following keywords are unknown and will be ignored: [$id, examples]&#10;    level: &quot;warning&quot;&#10;    schema: {&quot;loadingURI&quot;:&quot;#&quot;,&quot;pointer&quot;:&quot;/items/properties/status&quot;}&#10;    domain: &quot;syntax&quot;&#10;    ignored: [&quot;$id&quot;,&quot;examples&quot;]&#10;warning: the following keywords are unknown and will be ignored: [$id]&#10;    level: &quot;warning&quot;&#10;    schema: {&quot;loadingURI&quot;:&quot;#&quot;,&quot;pointer&quot;:&quot;/items/properties/tags&quot;}&#10;    domain: &quot;syntax&quot;&#10;    ignored: [&quot;$id&quot;]&#10;warning: the following keywords are unknown and will be ignored: [$id]&#10;    level: &quot;warning&quot;&#10;    schema: {&quot;loadingURI&quot;:&quot;#&quot;,&quot;pointer&quot;:&quot;/items/properties/tags/items&quot;}&#10;    domain: &quot;syntax&quot;&#10;    ignored: [&quot;$id&quot;]&#10;warning: the following keywords are unknown and will be ignored: [$id, examples]&#10;    level: &quot;warning&quot;&#10;    schema: {&quot;loadingURI&quot;:&quot;#&quot;,&quot;pointer&quot;:&quot;/items/properties/tags/items/properties/id&quot;}&#10;    domain: &quot;syntax&quot;&#10;    ignored: [&quot;$id&quot;,&quot;examples&quot;]&#10;warning: the following keywords are unknown and will be ignored: [$id, examples]&#10;    level: &quot;warning&quot;&#10;    schema: {&quot;loadingURI&quot;:&quot;#&quot;,&quot;pointer&quot;:&quot;/items/properties/tags/items/properties/name&quot;}&#10;    domain: &quot;syntax&quot;&#10;    ignored: [&quot;$id&quot;,&quot;examples&quot;]&#10;warning: the following keywords are unknown and will be ignored: [$id]&#10;    level: &quot;warning&quot;&#10;    schema: {&quot;loadingURI&quot;:&quot;#&quot;,&quot;pointer&quot;:&quot;/items&quot;}&#10;    domain: &quot;syntax&quot;&#10;    ignored: [&quot;$id&quot;]&#10;warning: the following keywords are unknown and will be ignored: [$id]&#10;    level: &quot;warning&quot;&#10;    schema: {&quot;loadingURI&quot;:&quot;#&quot;,&quot;pointer&quot;:&quot;/items/properties/category&quot;}&#10;    domain: &quot;syntax&quot;&#10;    ignored: [&quot;$id&quot;]&#10;warning: the following keywords are unknown and will be ignored: [$id, examples]&#10;    level: &quot;warning&quot;&#10;    schema: {&quot;loadingURI&quot;:&quot;#&quot;,&quot;pointer&quot;:&quot;/items/properties/category/properties/id&quot;}&#10;    domain: &quot;syntax&quot;&#10;    ignored: [&quot;$id&quot;,&quot;examples&quot;]&#10;warning: the following keywords are unknown and will be ignored: [$id, examples]&#10;    level: &quot;warning&quot;&#10;    schema: {&quot;loadingURI&quot;:&quot;#&quot;,&quot;pointer&quot;:&quot;/items/properties/category/properties/name&quot;}&#10;    domain: &quot;syntax&quot;&#10;    ignored: [&quot;$id&quot;,&quot;examples&quot;]&#10;warning: the following keywords are unknown and will be ignored: [$id, examples]&#10;    level: &quot;warning&quot;&#10;    schema: {&quot;loadingURI&quot;:&quot;#&quot;,&quot;pointer&quot;:&quot;/items/properties/id&quot;}&#10;    domain: &quot;syntax&quot;&#10;    ignored: [&quot;$id&quot;,&quot;examples&quot;]&#10;warning: the following keywords are unknown and will be ignored: [$id, examples]&#10;    level: &quot;warning&quot;&#10;    schema: {&quot;loadingURI&quot;:&quot;#&quot;,&quot;pointer&quot;:&quot;/items/properties/name&quot;}&#10;    domain: &quot;syntax&quot;&#10;    ignored: [&quot;$id&quot;,&quot;examples&quot;]&#10;warning: the following keywords are unknown and will be ignored: [$id]&#10;    level: &quot;warning&quot;&#10;    schema: {&quot;loadingURI&quot;:&quot;#&quot;,&quot;pointer&quot;:&quot;/items/properties/photoUrls&quot;}&#10;    domain: &quot;syntax&quot;&#10;    ignored: [&quot;$id&quot;]&#10;warning: the following keywords are unknown and will be ignored: [$id, examples]&#10;    level: &quot;warning&quot;&#10;    schema: {&quot;loadingURI&quot;:&quot;#&quot;,&quot;pointer&quot;:&quot;/items/properties/photoUrls/items&quot;}&#10;    domain: &quot;syntax&quot;&#10;    ignored: [&quot;$id&quot;,&quot;examples&quot;]&#10;warning: the following keywords are unknown and will be ignored: [$id, examples]&#10;    level: &quot;warning&quot;&#10;    schema: {&quot;loadingURI&quot;:&quot;#&quot;,&quot;pointer&quot;:&quot;/items/properties/status&quot;}&#10;    domain: &quot;syntax&quot;&#10;    ignored: [&quot;$id&quot;,&quot;examples&quot;]&#10;warning: the following keywords are unknown and will be ignored: [$id]&#10;    level: &quot;warning&quot;&#10;    schema: {&quot;loadingURI&quot;:&quot;#&quot;,&quot;pointer&quot;:&quot;/items/properties/tags&quot;}&#10;    domain: &quot;syntax&quot;&#10;    ignored: [&quot;$id&quot;]&#10;warning: the following keywords are unknown and will be ignored: [$id]&#10;    level: &quot;warning&quot;&#10;    schema: {&quot;loadingURI&quot;:&quot;#&quot;,&quot;pointer&quot;:&quot;/items/properties/tags/items&quot;}&#10;    domain: &quot;syntax&quot;&#10;    ignored: [&quot;$id&quot;]&#10;warning: the following keywords are unknown and will be ignored: [$id, examples]&#10;    level: &quot;warning&quot;&#10;    schema: {&quot;loadingURI&quot;:&quot;#&quot;,&quot;pointer&quot;:&quot;/items/properties/tags/items/properties/id&quot;}&#10;    domain: &quot;syntax&quot;&#10;    ignored: [&quot;$id&quot;,&quot;examples&quot;]&#10;warning: the following keywords are unknown and will be ignored: [$id, examples]&#10;    level: &quot;warning&quot;&#10;    schema: {&quot;loadingURI&quot;:&quot;#&quot;,&quot;pointer&quot;:&quot;/items/properties/tags/items/properties/name&quot;}&#10;    domain: &quot;syntax&quot;&#10;    ignored: [&quot;$id&quot;,&quot;examples&quot;]&#10;warning: the following keywords are unknown and will be ignored: [$id]&#10;    level: &quot;warning&quot;&#10;    schema: {&quot;loadingURI&quot;:&quot;#&quot;,&quot;pointer&quot;:&quot;/items&quot;}&#10;    domain: &quot;syntax&quot;&#10;    ignored: [&quot;$id&quot;]&#10;warning: the following keywords are unknown and will be ignored: [$id]&#10;    level: &quot;warning&quot;&#10;    schema: {&quot;loadingURI&quot;:&quot;#&quot;,&quot;pointer&quot;:&quot;/items/properties/category&quot;}&#10;    domain: &quot;syntax&quot;&#10;    ignored: [&quot;$id&quot;]&#10;warning: the following keywords are unknown and will be ignored: [$id, examples]&#10;    level: &quot;warning&quot;&#10;    schema: {&quot;loadingURI&quot;:&quot;#&quot;,&quot;pointer&quot;:&quot;/items/properties/category/properties/id&quot;}&#10;    domain: &quot;syntax&quot;&#10;    ignored: [&quot;$id&quot;,&quot;examples&quot;]&#10;warning: the following keywords are unknown and will be ignored: [$id, examples]&#10;    level: &quot;warning&quot;&#10;    schema: {&quot;loadingURI&quot;:&quot;#&quot;,&quot;pointer&quot;:&quot;/items/properties/category/properties/name&quot;}&#10;    domain: &quot;syntax&quot;&#10;    ignored: [&quot;$id&quot;,&quot;examples&quot;]&#10;warning: the following keywords are unknown and will be ignored: [$id, examples]&#10;    level: &quot;warning&quot;&#10;    schema: {&quot;loadingURI&quot;:&quot;#&quot;,&quot;pointer&quot;:&quot;/items/properties/id&quot;}&#10;    domain: &quot;syntax&quot;&#10;    ignored: [&quot;$id&quot;,&quot;examples&quot;]&#10;warning: the following keywords are unknown and will be ignored: [$id, examples]&#10;    level: &quot;warning&quot;&#10;    schema: {&quot;loadingURI&quot;:&quot;#&quot;,&quot;pointer&quot;:&quot;/items/properties/name&quot;}&#10;    domain: &quot;syntax&quot;&#10;    ignored: [&quot;$id&quot;,&quot;examples&quot;]&#10;warning: the following keywords are unknown and will be ignored: [$id]&#10;    level: &quot;warning&quot;&#10;    schema: {&quot;loadingURI&quot;:&quot;#&quot;,&quot;pointer&quot;:&quot;/items/properties/photoUrls&quot;}&#10;    domain: &quot;syntax&quot;&#10;    ignored: [&quot;$id&quot;]&#10;warning: the following keywords are unknown and will be ignored: [$id, examples]&#10;    level: &quot;warning&quot;&#10;    schema: {&quot;loadingURI&quot;:&quot;#&quot;,&quot;pointer&quot;:&quot;/items/properties/photoUrls/items&quot;}&#10;    domain: &quot;syntax&quot;&#10;    ignored: [&quot;$id&quot;,&quot;examples&quot;]&#10;warning: the following keywords are unknown and will be ignored: [$id, examples]&#10;    level: &quot;warning&quot;&#10;    schema: {&quot;loadingURI&quot;:&quot;#&quot;,&quot;pointer&quot;:&quot;/items/properties/status&quot;}&#10;    domain: &quot;syntax&quot;&#10;    ignored: [&quot;$id&quot;,&quot;examples&quot;]&#10;warning: the following keywords are unknown and will be ignored: [$id]&#10;    level: &quot;warning&quot;&#10;    schema: {&quot;loadingURI&quot;:&quot;#&quot;,&quot;pointer&quot;:&quot;/items/properties/tags&quot;}&#10;    domain: &quot;syntax&quot;&#10;    ignored: [&quot;$id&quot;]&#10;warning: the following keywords are unknown and will be ignored: [$id]&#10;    level: &quot;warning&quot;&#10;    schema: {&quot;loadingURI&quot;:&quot;#&quot;,&quot;pointer&quot;:&quot;/items/properties/tags/items&quot;}&#10;    domain: &quot;syntax&quot;&#10;    ignored: [&quot;$id&quot;]&#10;warning: the following keywords are unknown and will be ignored: [$id, examples]&#10;    level: &quot;warning&quot;&#10;    schema: {&quot;loadingURI&quot;:&quot;#&quot;,&quot;pointer&quot;:&quot;/items/properties/tags/items/properties/id&quot;}&#10;    domain: &quot;syntax&quot;&#10;    ignored: [&quot;$id&quot;,&quot;examples&quot;]&#10;warning: the following keywords are unknown and will be ignored: [$id, examples]&#10;    level: &quot;warning&quot;&#10;    schema: {&quot;loadingURI&quot;:&quot;#&quot;,&quot;pointer&quot;:&quot;/items/properties/tags/items/properties/name&quot;}&#10;    domain: &quot;syntax&quot;&#10;    ignored: [&quot;$id&quot;,&quot;examples&quot;]&#10;warning: the following keywords are unknown and will be ignored: [$id]&#10;    level: &quot;warning&quot;&#10;    schema: {&quot;loadingURI&quot;:&quot;#&quot;,&quot;pointer&quot;:&quot;/items&quot;}&#10;    domain: &quot;syntax&quot;&#10;    ignored: [&quot;$id&quot;]&#10;warning: the following keywords are unknown and will be ignored: [$id]&#10;    level: &quot;warning&quot;&#10;    schema: {&quot;loadingURI&quot;:&quot;#&quot;,&quot;pointer&quot;:&quot;/items/properties/category&quot;}&#10;    domain: &quot;syntax&quot;&#10;    ignored: [&quot;$id&quot;]&#10;warning: the following keywords are unknown and will be ignored: [$id, examples]&#10;    level: &quot;warning&quot;&#10;    schema: {&quot;loadingURI&quot;:&quot;#&quot;,&quot;pointer&quot;:&quot;/items/properties/category/properties/id&quot;}&#10;    domain: &quot;syntax&quot;&#10;    ignored: [&quot;$id&quot;,&quot;examples&quot;]&#10;warning: the following keywords are unknown and will be ignored: [$id, examples]&#10;    level: &quot;warning&quot;&#10;    schema: {&quot;loadingURI&quot;:&quot;#&quot;,&quot;pointer&quot;:&quot;/items/properties/category/properties/name&quot;}&#10;    domain: &quot;syntax&quot;&#10;    ignored: [&quot;$id&quot;,&quot;examples&quot;]&#10;warning: the following keywords are unknown and will be ignored: [$id, examples]&#10;    level: &quot;warning&quot;&#10;    schema: {&quot;loadingURI&quot;:&quot;#&quot;,&quot;pointer&quot;:&quot;/items/properties/id&quot;}&#10;    domain: &quot;syntax&quot;&#10;    ignored: [&quot;$id&quot;,&quot;examples&quot;]&#10;warning: the following keywords are unknown and will be ignored: [$id, examples]&#10;    level: &quot;warning&quot;&#10;    schema: {&quot;loadingURI&quot;:&quot;#&quot;,&quot;pointer&quot;:&quot;/items/properties/name&quot;}&#10;    domain: &quot;syntax&quot;&#10;    ignored: [&quot;$id&quot;,&quot;examples&quot;]&#10;warning: the following keywords are unknown and will be ignored: [$id]&#10;    level: &quot;warning&quot;&#10;    schema: {&quot;loadingURI&quot;:&quot;#&quot;,&quot;pointer&quot;:&quot;/items/properties/photoUrls&quot;}&#10;    domain: &quot;syntax&quot;&#10;    ignored: [&quot;$id&quot;]&#10;warning: the following keywords are unknown and will be ignored: [$id, examples]&#10;    level: &quot;warning&quot;&#10;    schema: {&quot;loadingURI&quot;:&quot;#&quot;,&quot;pointer&quot;:&quot;/items/properties/photoUrls/items&quot;}&#10;    domain: &quot;syntax&quot;&#10;    ignored: [&quot;$id&quot;,&quot;examples&quot;]&#10;warning: the following keywords are unknown and will be ignored: [$id, examples]&#10;    level: &quot;warning&quot;&#10;    schema: {&quot;loadingURI&quot;:&quot;#&quot;,&quot;pointer&quot;:&quot;/items/properties/status&quot;}&#10;    domain: &quot;syntax&quot;&#10;    ignored: [&quot;$id&quot;,&quot;examples&quot;]&#10;warning: the following keywords are unknown and will be ignored: [$id]&#10;    level: &quot;warning&quot;&#10;    schema: {&quot;loadingURI&quot;:&quot;#&quot;,&quot;pointer&quot;:&quot;/items/properties/tags&quot;}&#10;    domain: &quot;syntax&quot;&#10;    ignored: [&quot;$id&quot;]&#10;warning: the following keywords are unknown and will be ignored: [$id]&#10;    level: &quot;warning&quot;&#10;    schema: {&quot;loadingURI&quot;:&quot;#&quot;,&quot;pointer&quot;:&quot;/items/properties/tags/items&quot;}&#10;    domain: &quot;syntax&quot;&#10;    ignored: [&quot;$id&quot;]&#10;warning: the following keywords are unknown and will be ignored: [$id, examples]&#10;    level: &quot;warning&quot;&#10;    schema: {&quot;loadingURI&quot;:&quot;#&quot;,&quot;pointer&quot;:&quot;/items/properties/tags/items/properties/id&quot;}&#10;    domain: &quot;syntax&quot;&#10;    ignored: [&quot;$id&quot;,&quot;examples&quot;]&#10;warning: the following keywords are unknown and will be ignored: [$id, examples]&#10;    level: &quot;warning&quot;&#10;    schema: {&quot;loadingURI&quot;:&quot;#&quot;,&quot;pointer&quot;:&quot;/items/properties/tags/items/properties/name&quot;}&#10;    domain: &quot;syntax&quot;&#10;    ignored: [&quot;$id&quot;,&quot;examples&quot;]&#10;warning: the following keywords are unknown and will be ignored: [$id]&#10;    level: &quot;warning&quot;&#10;    schema: {&quot;loadingURI&quot;:&quot;#&quot;,&quot;pointer&quot;:&quot;/items&quot;}&#10;    domain: &quot;syntax&quot;&#10;    ignored: [&quot;$id&quot;]&#10;warning: the following keywords are unknown and will be ignored: [$id]&#10;    level: &quot;warning&quot;&#10;    schema: {&quot;loadingURI&quot;:&quot;#&quot;,&quot;pointer&quot;:&quot;/items/properties/category&quot;}&#10;    domain: &quot;syntax&quot;&#10;    ignored: [&quot;$id&quot;]&#10;warning: the following keywords are unknown and will be ignored: [$id, examples]&#10;    level: &quot;warning&quot;&#10;    schema: {&quot;loadingURI&quot;:&quot;#&quot;,&quot;pointer&quot;:&quot;/items/properties/category/properties/id&quot;}&#10;    domain: &quot;syntax&quot;&#10;    ignored: [&quot;$id&quot;,&quot;examples&quot;]&#10;warning: the following keywords are unknown and will be ignored: [$id, examples]&#10;    level: &quot;warning&quot;&#10;    schema: {&quot;loadingURI&quot;:&quot;#&quot;,&quot;pointer&quot;:&quot;/items/properties/category/properties/name&quot;}&#10;    domain: &quot;syntax&quot;&#10;    ignored: [&quot;$id&quot;,&quot;examples&quot;]&#10;warning: the following keywords are unknown and will be ignored: [$id, examples]&#10;    level: &quot;warning&quot;&#10;    schema: {&quot;loadingURI&quot;:&quot;#&quot;,&quot;pointer&quot;:&quot;/items/properties/id&quot;}&#10;    domain: &quot;syntax&quot;&#10;    ignored: [&quot;$id&quot;,&quot;examples&quot;]&#10;warning: the following keywords are unknown and will be ignored: [$id, examples]&#10;    level: &quot;warning&quot;&#10;    schema: {&quot;loadingURI&quot;:&quot;#&quot;,&quot;pointer&quot;:&quot;/items/properties/name&quot;}&#10;    domain: &quot;syntax&quot;&#10;    ignored: [&quot;$id&quot;,&quot;examples&quot;]&#10;warning: the following keywords are unknown and will be ignored: [$id]&#10;    level: &quot;warning&quot;&#10;    schema: {&quot;loadingURI&quot;:&quot;#&quot;,&quot;pointer&quot;:&quot;/items/properties/photoUrls&quot;}&#10;    domain: &quot;syntax&quot;&#10;    ignored: [&quot;$id&quot;]&#10;warning: the following keywords are unknown and will be ignored: [$id, examples]&#10;    level: &quot;warning&quot;&#10;    schema: {&quot;loadingURI&quot;:&quot;#&quot;,&quot;pointer&quot;:&quot;/items/properties/photoUrls/items&quot;}&#10;    domain: &quot;syntax&quot;&#10;    ignored: [&quot;$id&quot;,&quot;examples&quot;]&#10;warning: the following keywords are unknown and will be ignored: [$id, examples]&#10;    level: &quot;warning&quot;&#10;    schema: {&quot;loadingURI&quot;:&quot;#&quot;,&quot;pointer&quot;:&quot;/items/properties/status&quot;}&#10;    domain: &quot;syntax&quot;&#10;    ignored: [&quot;$id&quot;,&quot;examples&quot;]&#10;warning: the following keywords are unknown and will be ignored: [$id]&#10;    level: &quot;warning&quot;&#10;    schema: {&quot;loadingURI&quot;:&quot;#&quot;,&quot;pointer&quot;:&quot;/items/properties/tags&quot;}&#10;    domain: &quot;syntax&quot;&#10;    ignored: [&quot;$id&quot;]&#10;warning: the following keywords are unknown and will be ignored: [$id]&#10;    level: &quot;warning&quot;&#10;    schema: {&quot;loadingURI&quot;:&quot;#&quot;,&quot;pointer&quot;:&quot;/items/properties/tags/items&quot;}&#10;    domain: &quot;syntax&quot;&#10;    ignored: [&quot;$id&quot;]&#10;warning: the following keywords are unknown and will be ignored: [$id, examples]&#10;    level: &quot;warning&quot;&#10;    schema: {&quot;loadingURI&quot;:&quot;#&quot;,&quot;pointer&quot;:&quot;/items/properties/tags/items/properties/id&quot;}&#10;    domain: &quot;syntax&quot;&#10;    ignored: [&quot;$id&quot;,&quot;examples&quot;]&#10;warning: the following keywords are unknown and will be ignored: [$id, examples]&#10;    level: &quot;warning&quot;&#10;    schema: {&quot;loadingURI&quot;:&quot;#&quot;,&quot;pointer&quot;:&quot;/items/properties/tags/items/properties/name&quot;}&#10;    domain: &quot;syntax&quot;&#10;    ignored: [&quot;$id&quot;,&quot;examples&quot;]&#10;error: object has missing required properties ([&quot;category&quot;])&#10;    level: &quot;error&quot;&#10;    schema: {&quot;loadingURI&quot;:&quot;#&quot;,&quot;pointer&quot;:&quot;/items&quot;}&#10;    instance: {&quot;pointer&quot;:&quot;/326&quot;}&#10;    domain: &quot;validation&quot;&#10;    keyword: &quot;required&quot;&#10;    required: [&quot;category&quot;,&quot;id&quot;,&quot;name&quot;,&quot;photoUrls&quot;,&quot;status&quot;,&quot;tags&quot;]&#10;    missing: [&quot;category&quot;]&#10;warning: the following keywords are unknown and will be ignored: [$id]&#10;    level: &quot;warning&quot;&#10;    schema: {&quot;loadingURI&quot;:&quot;#&quot;,&quot;pointer&quot;:&quot;/items&quot;}&#10;    domain: &quot;syntax&quot;&#10;    ignored: [&quot;$id&quot;]&#10;warning: the following keywords are unknown and will be ignored: [$id]&#10;    level: &quot;warning&quot;&#10;    schema: {&quot;loadingURI&quot;:&quot;#&quot;,&quot;pointer&quot;:&quot;/items/properties/category&quot;}&#10;    domain: &quot;syntax&quot;&#10;    ignored: [&quot;$id&quot;]&#10;warning: the following keywords are unknown and will be ignored: [$id, examples]&#10;    level: &quot;warning&quot;&#10;    schema: {&quot;loadingURI&quot;:&quot;#&quot;,&quot;pointer&quot;:&quot;/items/properties/category/properties/id&quot;}&#10;    domain: &quot;syntax&quot;&#10;    ignored: [&quot;$id&quot;,&quot;examples&quot;]&#10;warning: the following keywords are unknown and will be ignored: [$id, examples]&#10;    level: &quot;warning&quot;&#10;    schema: {&quot;loadingURI&quot;:&quot;#&quot;,&quot;pointer&quot;:&quot;/items/properties/category/properties/name&quot;}&#10;    domain: &quot;syntax&quot;&#10;    ignored: [&quot;$id&quot;,&quot;examples&quot;]&#10;warning: the following keywords are unknown and will be ignored: [$id, examples]&#10;    level: &quot;warning&quot;&#10;    schema: {&quot;loadingURI&quot;:&quot;#&quot;,&quot;pointer&quot;:&quot;/items/properties/id&quot;}&#10;    domain: &quot;syntax&quot;&#10;    ignored: [&quot;$id&quot;,&quot;examples&quot;]&#10;warning: the following keywords are unknown and will be ignored: [$id, examples]&#10;    level: &quot;warning&quot;&#10;    schema: {&quot;loadingURI&quot;:&quot;#&quot;,&quot;pointer&quot;:&quot;/items/properties/name&quot;}&#10;    domain: &quot;syntax&quot;&#10;    ignored: [&quot;$id&quot;,&quot;examples&quot;]&#10;warning: the following keywords are unknown and will be ignored: [$id]&#10;    level: &quot;warning&quot;&#10;    schema: {&quot;loadingURI&quot;:&quot;#&quot;,&quot;pointer&quot;:&quot;/items/properties/photoUrls&quot;}&#10;    domain: &quot;syntax&quot;&#10;    ignored: [&quot;$id&quot;]&#10;warning: the following keywords are unknown and will be ignored: [$id, examples]&#10;    level: &quot;warning&quot;&#10;    schema: {&quot;loadingURI&quot;:&quot;#&quot;,&quot;pointer&quot;:&quot;/items/properties/photoUrls/items&quot;}&#10;    domain: &quot;syntax&quot;&#10;    ignored: [&quot;$id&quot;,&quot;examples&quot;]&#10;warning: the following keywords are unknown and will be ignored: [$id, examples]&#10;    level: &quot;warning&quot;&#10;    schema: {&quot;loadingURI&quot;:&quot;#&quot;,&quot;pointer&quot;:&quot;/items/properties/status&quot;}&#10;    domain: &quot;syntax&quot;&#10;    ignored: [&quot;$id&quot;,&quot;examples&quot;]&#10;warning: the following keywords are unknown and will be ignored: [$id]&#10;    level: &quot;warning&quot;&#10;    schema: {&quot;loadingURI&quot;:&quot;#&quot;,&quot;pointer&quot;:&quot;/items/properties/tags&quot;}&#10;    domain: &quot;syntax&quot;&#10;    ignored: [&quot;$id&quot;]&#10;warning: the following keywords are unknown and will be ignored: [$id]&#10;    level: &quot;warning&quot;&#10;    schema: {&quot;loadingURI&quot;:&quot;#&quot;,&quot;pointer&quot;:&quot;/items/properties/tags/items&quot;}&#10;    domain: &quot;syntax&quot;&#10;    ignored: [&quot;$id&quot;]&#10;warning: the following keywords are unknown and will be ignored: [$id, examples]&#10;    level: &quot;warning&quot;&#10;    schema: {&quot;loadingURI&quot;:&quot;#&quot;,&quot;pointer&quot;:&quot;/items/properties/tags/items/properties/id&quot;}&#10;    domain: &quot;syntax&quot;&#10;    ignored: [&quot;$id&quot;,&quot;examples&quot;]&#10;warning: the following keywords are unknown and will be ignored: [$id, examples]&#10;    level: &quot;warning&quot;&#10;    schema: {&quot;loadingURI&quot;:&quot;#&quot;,&quot;pointer&quot;:&quot;/items/properties/tags/items/properties/name&quot;}&#10;    domain: &quot;syntax&quot;&#10;    ignored: [&quot;$id&quot;,&quot;examples&quot;]&#10;warning: the following keywords are unknown and will be ignored: [$id]&#10;    level: &quot;warning&quot;&#10;    schema: {&quot;loadingURI&quot;:&quot;#&quot;,&quot;pointer&quot;:&quot;/items&quot;}&#10;    domain: &quot;syntax&quot;&#10;    ignored: [&quot;$id&quot;]&#10;warning: the following keywords are unknown and will be ignored: [$id]&#10;    level: &quot;warning&quot;&#10;    schema: {&quot;loadingURI&quot;:&quot;#&quot;,&quot;pointer&quot;:&quot;/items/properties/category&quot;}&#10;    domain: &quot;syntax&quot;&#10;    ignored: [&quot;$id&quot;]&#10;warning: the following keywords are unknown and will be ignored: [$id, examples]&#10;    level: &quot;warning&quot;&#10;    schema: {&quot;loadingURI&quot;:&quot;#&quot;,&quot;pointer&quot;:&quot;/items/properties/category/properties/id&quot;}&#10;    domain: &quot;syntax&quot;&#10;    ignored: [&quot;$id&quot;,&quot;examples&quot;]&#10;warning: the following keywords are unknown and will be ignored: [$id, examples]&#10;    level: &quot;warning&quot;&#10;    schema: {&quot;loadingURI&quot;:&quot;#&quot;,&quot;pointer&quot;:&quot;/items/properties/category/properties/name&quot;}&#10;    domain: &quot;syntax&quot;&#10;    ignored: [&quot;$id&quot;,&quot;examples&quot;]&#10;warning: the following keywords are unknown and will be ignored: [$id, examples]&#10;    level: &quot;warning&quot;&#10;    schema: {&quot;loadingURI&quot;:&quot;#&quot;,&quot;pointer&quot;:&quot;/items/properties/id&quot;}&#10;    domain: &quot;syntax&quot;&#10;    ignored: [&quot;$id&quot;,&quot;examples&quot;]&#10;warning: the following keywords are unknown and will be ignored: [$id, examples]&#10;    level: &quot;warning&quot;&#10;    schema: {&quot;loadingURI&quot;:&quot;#&quot;,&quot;pointer&quot;:&quot;/items/properties/name&quot;}&#10;    domain: &quot;syntax&quot;&#10;    ignored: [&quot;$id&quot;,&quot;examples&quot;]&#10;warning: the following keywords are unknown and will be ignored: [$id]&#10;    level: &quot;warning&quot;&#10;    schema: {&quot;loadingURI&quot;:&quot;#&quot;,&quot;pointer&quot;:&quot;/items/properties/photoUrls&quot;}&#10;    domain: &quot;syntax&quot;&#10;    ignored: [&quot;$id&quot;]&#10;warning: the following keywords are unknown and will be ignored: [$id, examples]&#10;    level: &quot;warning&quot;&#10;    schema: {&quot;loadingURI&quot;:&quot;#&quot;,&quot;pointer&quot;:&quot;/items/properties/photoUrls/items&quot;}&#10;    domain: &quot;syntax&quot;&#10;    ignored: [&quot;$id&quot;,&quot;examples&quot;]&#10;warning: the following keywords are unknown and will be ignored: [$id, examples]&#10;    level: &quot;warning&quot;&#10;    schema: {&quot;loadingURI&quot;:&quot;#&quot;,&quot;pointer&quot;:&quot;/items/properties/status&quot;}&#10;    domain: &quot;syntax&quot;&#10;    ignored: [&quot;$id&quot;,&quot;examples&quot;]&#10;warning: the following keywords are unknown and will be ignored: [$id]&#10;    level: &quot;warning&quot;&#10;    schema: {&quot;loadingURI&quot;:&quot;#&quot;,&quot;pointer&quot;:&quot;/items/properties/tags&quot;}&#10;    domain: &quot;syntax&quot;&#10;    ignored: [&quot;$id&quot;]&#10;warning: the following keywords are unknown and will be ignored: [$id]&#10;    level: &quot;warning&quot;&#10;    schema: {&quot;loadingURI&quot;:&quot;#&quot;,&quot;pointer&quot;:&quot;/items/properties/tags/items&quot;}&#10;    domain: &quot;syntax&quot;&#10;    ignored: [&quot;$id&quot;]&#10;warning: the following keywords are unknown and will be ignored: [$id, examples]&#10;    level: &quot;warning&quot;&#10;    schema: {&quot;loadingURI&quot;:&quot;#&quot;,&quot;pointer&quot;:&quot;/items/properties/tags/items/properties/id&quot;}&#10;    domain: &quot;syntax&quot;&#10;    ignored: [&quot;$id&quot;,&quot;examples&quot;]&#10;warning: the following keywords are unknown and will be ignored: [$id, examples]&#10;    level: &quot;warning&quot;&#10;    schema: {&quot;loadingURI&quot;:&quot;#&quot;,&quot;pointer&quot;:&quot;/items/properties/tags/items/properties/name&quot;}&#10;    domain: &quot;syntax&quot;&#10;    ignored: [&quot;$id&quot;,&quot;examples&quot;]&#10;warning: the following keywords are unknown and will be ignored: [$id]&#10;    level: &quot;warning&quot;&#10;    schema: {&quot;loadingURI&quot;:&quot;#&quot;,&quot;pointer&quot;:&quot;/items&quot;}&#10;    domain: &quot;syntax&quot;&#10;    ignored: [&quot;$id&quot;]&#10;warning: the following keywords are unknown and will be ignored: [$id]&#10;    level: &quot;warning&quot;&#10;    schema: {&quot;loadingURI&quot;:&quot;#&quot;,&quot;pointer&quot;:&quot;/items/properties/category&quot;}&#10;    domain: &quot;syntax&quot;&#10;    ignored: [&quot;$id&quot;]&#10;warning: the following keywords are unknown and will be ignored: [$id, examples]&#10;    level: &quot;warning&quot;&#10;    schema: {&quot;loadingURI&quot;:&quot;#&quot;,&quot;pointer&quot;:&quot;/items/properties/category/properties/id&quot;}&#10;    domain: &quot;syntax&quot;&#10;    ignored: [&quot;$id&quot;,&quot;examples&quot;]&#10;warning: the following keywords are unknown and will be ignored: [$id, examples]&#10;    level: &quot;warning&quot;&#10;    schema: {&quot;loadingURI&quot;:&quot;#&quot;,&quot;pointer&quot;:&quot;/items/properties/category/properties/name&quot;}&#10;    domain: &quot;syntax&quot;&#10;    ignored: [&quot;$id&quot;,&quot;examples&quot;]&#10;warning: the following keywords are unknown and will be ignored: [$id, examples]&#10;    level: &quot;warning&quot;&#10;    schema: {&quot;loadingURI&quot;:&quot;#&quot;,&quot;pointer&quot;:&quot;/items/properties/id&quot;}&#10;    domain: &quot;syntax&quot;&#10;    ignored: [&quot;$id&quot;,&quot;examples&quot;]&#10;warning: the following keywords are unknown and will be ignored: [$id, examples]&#10;    level: &quot;warning&quot;&#10;    schema: {&quot;loadingURI&quot;:&quot;#&quot;,&quot;pointer&quot;:&quot;/items/properties/name&quot;}&#10;    domain: &quot;syntax&quot;&#10;    ignored: [&quot;$id&quot;,&quot;examples&quot;]&#10;warning: the following keywords are unknown and will be ignored: [$id]&#10;    level: &quot;warning&quot;&#10;    schema: {&quot;loadingURI&quot;:&quot;#&quot;,&quot;pointer&quot;:&quot;/items/properties/photoUrls&quot;}&#10;    domain: &quot;syntax&quot;&#10;    ignored: [&quot;$id&quot;]&#10;warning: the following keywords are unknown and will be ignored: [$id, examples]&#10;    level: &quot;warning&quot;&#10;    schema: {&quot;loadingURI&quot;:&quot;#&quot;,&quot;pointer&quot;:&quot;/items/properties/photoUrls/items&quot;}&#10;    domain: &quot;syntax&quot;&#10;    ignored: [&quot;$id&quot;,&quot;examples&quot;]&#10;warning: the following keywords are unknown and will be ignored: [$id, examples]&#10;    level: &quot;warning&quot;&#10;    schema: {&quot;loadingURI&quot;:&quot;#&quot;,&quot;pointer&quot;:&quot;/items/properties/status&quot;}&#10;    domain: &quot;syntax&quot;&#10;    ignored: [&quot;$id&quot;,&quot;examples&quot;]&#10;warning: the following keywords are unknown and will be ignored: [$id]&#10;    level: &quot;warning&quot;&#10;    schema: {&quot;loadingURI&quot;:&quot;#&quot;,&quot;pointer&quot;:&quot;/items/properties/tags&quot;}&#10;    domain: &quot;syntax&quot;&#10;    ignored: [&quot;$id&quot;]&#10;warning: the following keywords are unknown and will be ignored: [$id]&#10;    level: &quot;warning&quot;&#10;    schema: {&quot;loadingURI&quot;:&quot;#&quot;,&quot;pointer&quot;:&quot;/items/properties/tags/items&quot;}&#10;    domain: &quot;syntax&quot;&#10;    ignored: [&quot;$id&quot;]&#10;warning: the following keywords are unknown and will be ignored: [$id, examples]&#10;    level: &quot;warning&quot;&#10;    schema: {&quot;loadingURI&quot;:&quot;#&quot;,&quot;pointer&quot;:&quot;/items/properties/tags/items/properties/id&quot;}&#10;    domain: &quot;syntax&quot;&#10;    ignored: [&quot;$id&quot;,&quot;examples&quot;]&#10;warning: the following keywords are unknown and will be ignored: [$id, examples]&#10;    level: &quot;warning&quot;&#10;    schema: {&quot;loadingURI&quot;:&quot;#&quot;,&quot;pointer&quot;:&quot;/items/properties/tags/items/properties/name&quot;}&#10;    domain: &quot;syntax&quot;&#10;    ignored: [&quot;$id&quot;,&quot;examples&quot;]&#10;warning: the following keywords are unknown and will be ignored: [$id]&#10;    level: &quot;warning&quot;&#10;    schema: {&quot;loadingURI&quot;:&quot;#&quot;,&quot;pointer&quot;:&quot;/items&quot;}&#10;    domain: &quot;syntax&quot;&#10;    ignored: [&quot;$id&quot;]&#10;warning: the following keywords are unknown and will be ignored: [$id]&#10;    level: &quot;warning&quot;&#10;    schema: {&quot;loadingURI&quot;:&quot;#&quot;,&quot;pointer&quot;:&quot;/items/properties/category&quot;}&#10;    domain: &quot;syntax&quot;&#10;    ignored: [&quot;$id&quot;]&#10;warning: the following keywords are unknown and will be ignored: [$id, examples]&#10;    level: &quot;warning&quot;&#10;    schema: {&quot;loadingURI&quot;:&quot;#&quot;,&quot;pointer&quot;:&quot;/items/properties/category/properties/id&quot;}&#10;    domain: &quot;syntax&quot;&#10;    ignored: [&quot;$id&quot;,&quot;examples&quot;]&#10;warning: the following keywords are unknown and will be ignored: [$id, examples]&#10;    level: &quot;warning&quot;&#10;    schema: {&quot;loadingURI&quot;:&quot;#&quot;,&quot;pointer&quot;:&quot;/items/properties/category/properties/name&quot;}&#10;    domain: &quot;syntax&quot;&#10;    ignored: [&quot;$id&quot;,&quot;examples&quot;]&#10;warning: the following keywords are unknown and will be ignored: [$id, examples]&#10;    level: &quot;warning&quot;&#10;    schema: {&quot;loadingURI&quot;:&quot;#&quot;,&quot;pointer&quot;:&quot;/items/properties/id&quot;}&#10;    domain: &quot;syntax&quot;&#10;    ignored: [&quot;$id&quot;,&quot;examples&quot;]&#10;warning: the following keywords are unknown and will be ignored: [$id, examples]&#10;    level: &quot;warning&quot;&#10;    schema: {&quot;loadingURI&quot;:&quot;#&quot;,&quot;pointer&quot;:&quot;/items/properties/name&quot;}&#10;    domain: &quot;syntax&quot;&#10;    ignored: [&quot;$id&quot;,&quot;examples&quot;]&#10;warning: the following keywords are unknown and will be ignored: [$id]&#10;    level: &quot;warning&quot;&#10;    schema: {&quot;loadingURI&quot;:&quot;#&quot;,&quot;pointer&quot;:&quot;/items/properties/photoUrls&quot;}&#10;    domain: &quot;syntax&quot;&#10;    ignored: [&quot;$id&quot;]&#10;warning: the following keywords are unknown and will be ignored: [$id, examples]&#10;    level: &quot;warning&quot;&#10;    schema: {&quot;loadingURI&quot;:&quot;#&quot;,&quot;pointer&quot;:&quot;/items/properties/photoUrls/items&quot;}&#10;    domain: &quot;syntax&quot;&#10;    ignored: [&quot;$id&quot;,&quot;examples&quot;]&#10;warning: the following keywords are unknown and will be ignored: [$id, examples]&#10;    level: &quot;warning&quot;&#10;    schema: {&quot;loadingURI&quot;:&quot;#&quot;,&quot;pointer&quot;:&quot;/items/properties/status&quot;}&#10;    domain: &quot;syntax&quot;&#10;    ignored: [&quot;$id&quot;,&quot;examples&quot;]&#10;warning: the following keywords are unknown and will be ignored: [$id]&#10;    level: &quot;warning&quot;&#10;    schema: {&quot;loadingURI&quot;:&quot;#&quot;,&quot;pointer&quot;:&quot;/items/properties/tags&quot;}&#10;    domain: &quot;syntax&quot;&#10;    ignored: [&quot;$id&quot;]&#10;warning: the following keywords are unknown and will be ignored: [$id]&#10;    level: &quot;warning&quot;&#10;    schema: {&quot;loadingURI&quot;:&quot;#&quot;,&quot;pointer&quot;:&quot;/items/properties/tags/items&quot;}&#10;    domain: &quot;syntax&quot;&#10;    ignored: [&quot;$id&quot;]&#10;warning: the following keywords are unknown and will be ignored: [$id, examples]&#10;    level: &quot;warning&quot;&#10;    schema: {&quot;loadingURI&quot;:&quot;#&quot;,&quot;pointer&quot;:&quot;/items/properties/tags/items/properties/id&quot;}&#10;    domain: &quot;syntax&quot;&#10;    ignored: [&quot;$id&quot;,&quot;examples&quot;]&#10;warning: the following keywords are unknown and will be ignored: [$id, examples]&#10;    level: &quot;warning&quot;&#10;    schema: {&quot;loadingURI&quot;:&quot;#&quot;,&quot;pointer&quot;:&quot;/items/properties/tags/items/properties/name&quot;}&#10;    domain: &quot;syntax&quot;&#10;    ignored: [&quot;$id&quot;,&quot;examples&quot;]&#10;warning: the following keywords are unknown and will be ignored: [$id]&#10;    level: &quot;warning&quot;&#10;    schema: {&quot;loadingURI&quot;:&quot;#&quot;,&quot;pointer&quot;:&quot;/items&quot;}&#10;    domain: &quot;syntax&quot;&#10;    ignored: [&quot;$id&quot;]&#10;warning: the following keywords are unknown and will be ignored: [$id]&#10;    level: &quot;warning&quot;&#10;    schema: {&quot;loadingURI&quot;:&quot;#&quot;,&quot;pointer&quot;:&quot;/items/properties/category&quot;}&#10;    domain: &quot;syntax&quot;&#10;    ignored: [&quot;$id&quot;]&#10;warning: the following keywords are unknown and will be ignored: [$id, examples]&#10;    level: &quot;warning&quot;&#10;    schema: {&quot;loadingURI&quot;:&quot;#&quot;,&quot;pointer&quot;:&quot;/items/properties/category/properties/id&quot;}&#10;    domain: &quot;syntax&quot;&#10;    ignored: [&quot;$id&quot;,&quot;examples&quot;]&#10;warning: the following keywords are unknown and will be ignored: [$id, examples]&#10;    level: &quot;warning&quot;&#10;    schema: {&quot;loadingURI&quot;:&quot;#&quot;,&quot;pointer&quot;:&quot;/items/properties/category/properties/name&quot;}&#10;    domain: &quot;syntax&quot;&#10;    ignored: [&quot;$id&quot;,&quot;examples&quot;]&#10;warning: the following keywords are unknown and will be ignored: [$id, examples]&#10;    level: &quot;warning&quot;&#10;    schema: {&quot;loadingURI&quot;:&quot;#&quot;,&quot;pointer&quot;:&quot;/items/properties/id&quot;}&#10;    domain: &quot;syntax&quot;&#10;    ignored: [&quot;$id&quot;,&quot;examples&quot;]&#10;warning: the following keywords are unknown and will be ignored: [$id, examples]&#10;    level: &quot;warning&quot;&#10;    schema: {&quot;loadingURI&quot;:&quot;#&quot;,&quot;pointer&quot;:&quot;/items/properties/name&quot;}&#10;    domain: &quot;syntax&quot;&#10;    ignored: [&quot;$id&quot;,&quot;examples&quot;]&#10;warning: the following keywords are unknown and will be ignored: [$id]&#10;    level: &quot;warning&quot;&#10;    schema: {&quot;loadingURI&quot;:&quot;#&quot;,&quot;pointer&quot;:&quot;/items/properties/photoUrls&quot;}&#10;    domain: &quot;syntax&quot;&#10;    ignored: [&quot;$id&quot;]&#10;warning: the following keywords are unknown and will be ignored: [$id, examples]&#10;    level: &quot;warning&quot;&#10;    schema: {&quot;loadingURI&quot;:&quot;#&quot;,&quot;pointer&quot;:&quot;/items/properties/photoUrls/items&quot;}&#10;    domain: &quot;syntax&quot;&#10;    ignored: [&quot;$id&quot;,&quot;examples&quot;]&#10;warning: the following keywords are unknown and will be ignored: [$id, examples]&#10;    level: &quot;warning&quot;&#10;    schema: {&quot;loadingURI&quot;:&quot;#&quot;,&quot;pointer&quot;:&quot;/items/properties/status&quot;}&#10;    domain: &quot;syntax&quot;&#10;    ignored: [&quot;$id&quot;,&quot;examples&quot;]&#10;warning: the following keywords are unknown and will be ignored: [$id]&#10;    level: &quot;warning&quot;&#10;    schema: {&quot;loadingURI&quot;:&quot;#&quot;,&quot;pointer&quot;:&quot;/items/properties/tags&quot;}&#10;    domain: &quot;syntax&quot;&#10;    ignored: [&quot;$id&quot;]&#10;warning: the following keywords are unknown and will be ignored: [$id]&#10;    level: &quot;warning&quot;&#10;    schema: {&quot;loadingURI&quot;:&quot;#&quot;,&quot;pointer&quot;:&quot;/items/properties/tags/items&quot;}&#10;    domain: &quot;syntax&quot;&#10;    ignored: [&quot;$id&quot;]&#10;warning: the following keywords are unknown and will be ignored: [$id, examples]&#10;    level: &quot;warning&quot;&#10;    schema: {&quot;loadingURI&quot;:&quot;#&quot;,&quot;pointer&quot;:&quot;/items/properties/tags/items/properties/id&quot;}&#10;    domain: &quot;syntax&quot;&#10;    ignored: [&quot;$id&quot;,&quot;examples&quot;]&#10;warning: the following keywords are unknown and will be ignored: [$id, examples]&#10;    level: &quot;warning&quot;&#10;    schema: {&quot;loadingURI&quot;:&quot;#&quot;,&quot;pointer&quot;:&quot;/items/properties/tags/items/properties/name&quot;}&#10;    domain: &quot;syntax&quot;&#10;    ignored: [&quot;$id&quot;,&quot;examples&quot;]&#10;warning: the following keywords are unknown and will be ignored: [$id]&#10;    level: &quot;warning&quot;&#10;    schema: {&quot;loadingURI&quot;:&quot;#&quot;,&quot;pointer&quot;:&quot;/items&quot;}&#10;    domain: &quot;syntax&quot;&#10;    ignored: [&quot;$id&quot;]&#10;warning: the following keywords are unknown and will be ignored: [$id]&#10;    level: &quot;warning&quot;&#10;    schema: {&quot;loadingURI&quot;:&quot;#&quot;,&quot;pointer&quot;:&quot;/items/properties/category&quot;}&#10;    domain: &quot;syntax&quot;&#10;    ignored: [&quot;$id&quot;]&#10;warning: the following keywords are unknown and will be ignored: [$id, examples]&#10;    level: &quot;warning&quot;&#10;    schema: {&quot;loadingURI&quot;:&quot;#&quot;,&quot;pointer&quot;:&quot;/items/properties/category/properties/id&quot;}&#10;    domain: &quot;syntax&quot;&#10;    ignored: [&quot;$id&quot;,&quot;examples&quot;]&#10;warning: the following keywords are unknown and will be ignored: [$id, examples]&#10;    level: &quot;warning&quot;&#10;    schema: {&quot;loadingURI&quot;:&quot;#&quot;,&quot;pointer&quot;:&quot;/items/properties/category/properties/name&quot;}&#10;    domain: &quot;syntax&quot;&#10;    ignored: [&quot;$id&quot;,&quot;examples&quot;]&#10;warning: the following keywords are unknown and will be ignored: [$id, examples]&#10;    level: &quot;warning&quot;&#10;    schema: {&quot;loadingURI&quot;:&quot;#&quot;,&quot;pointer&quot;:&quot;/items/properties/id&quot;}&#10;    domain: &quot;syntax&quot;&#10;    ignored: [&quot;$id&quot;,&quot;examples&quot;]&#10;warning: the following keywords are unknown and will be ignored: [$id, examples]&#10;    level: &quot;warning&quot;&#10;    schema: {&quot;loadingURI&quot;:&quot;#&quot;,&quot;pointer&quot;:&quot;/items/properties/name&quot;}&#10;    domain: &quot;syntax&quot;&#10;    ignored: [&quot;$id&quot;,&quot;examples&quot;]&#10;warning: the following keywords are unknown and will be ignored: [$id]&#10;    level: &quot;warning&quot;&#10;    schema: {&quot;loadingURI&quot;:&quot;#&quot;,&quot;pointer&quot;:&quot;/items/properties/photoUrls&quot;}&#10;    domain: &quot;syntax&quot;&#10;    ignored: [&quot;$id&quot;]&#10;warning: the following keywords are unknown and will be ignored: [$id, examples]&#10;    level: &quot;warning&quot;&#10;    schema: {&quot;loadingURI&quot;:&quot;#&quot;,&quot;pointer&quot;:&quot;/items/properties/photoUrls/items&quot;}&#10;    domain: &quot;syntax&quot;&#10;    ignored: [&quot;$id&quot;,&quot;examples&quot;]&#10;warning: the following keywords are unknown and will be ignored: [$id, examples]&#10;    level: &quot;warning&quot;&#10;    schema: {&quot;loadingURI&quot;:&quot;#&quot;,&quot;pointer&quot;:&quot;/items/properties/status&quot;}&#10;    domain: &quot;syntax&quot;&#10;    ignored: [&quot;$id&quot;,&quot;examples&quot;]&#10;warning: the following keywords are unknown and will be ignored: [$id]&#10;    level: &quot;warning&quot;&#10;    schema: {&quot;loadingURI&quot;:&quot;#&quot;,&quot;pointer&quot;:&quot;/items/properties/tags&quot;}&#10;    domain: &quot;syntax&quot;&#10;    ignored: [&quot;$id&quot;]&#10;warning: the following keywords are unknown and will be ignored: [$id]&#10;    level: &quot;warning&quot;&#10;    schema: {&quot;loadingURI&quot;:&quot;#&quot;,&quot;pointer&quot;:&quot;/items/properties/tags/items&quot;}&#10;    domain: &quot;syntax&quot;&#10;    ignored: [&quot;$id&quot;]&#10;warning: the following keywords are unknown and will be ignored: [$id, examples]&#10;    level: &quot;warning&quot;&#10;    schema: {&quot;loadingURI&quot;:&quot;#&quot;,&quot;pointer&quot;:&quot;/items/properties/tags/items/properties/id&quot;}&#10;    domain: &quot;syntax&quot;&#10;    ignored: [&quot;$id&quot;,&quot;examples&quot;]&#10;warning: the following keywords are unknown and will be ignored: [$id, examples]&#10;    level: &quot;warning&quot;&#10;    schema: {&quot;loadingURI&quot;:&quot;#&quot;,&quot;pointer&quot;:&quot;/items/properties/tags/items/properties/name&quot;}&#10;    domain: &quot;syntax&quot;&#10;    ignored: [&quot;$id&quot;,&quot;examples&quot;]&#10;warning: the following keywords are unknown and will be ignored: [$id]&#10;    level: &quot;warning&quot;&#10;    schema: {&quot;loadingURI&quot;:&quot;#&quot;,&quot;pointer&quot;:&quot;/items&quot;}&#10;    domain: &quot;syntax&quot;&#10;    ignored: [&quot;$id&quot;]&#10;warning: the following keywords are unknown and will be ignored: [$id]&#10;    level: &quot;warning&quot;&#10;    schema: {&quot;loadingURI&quot;:&quot;#&quot;,&quot;pointer&quot;:&quot;/items/properties/category&quot;}&#10;    domain: &quot;syntax&quot;&#10;    ignored: [&quot;$id&quot;]&#10;warning: the following keywords are unknown and will be ignored: [$id, examples]&#10;    level: &quot;warning&quot;&#10;    schema: {&quot;loadingURI&quot;:&quot;#&quot;,&quot;pointer&quot;:&quot;/items/properties/category/properties/id&quot;}&#10;    domain: &quot;syntax&quot;&#10;    ignored: [&quot;$id&quot;,&quot;examples&quot;]&#10;warning: the following keywords are unknown and will be ignored: [$id, examples]&#10;    level: &quot;warning&quot;&#10;    schema: {&quot;loadingURI&quot;:&quot;#&quot;,&quot;pointer&quot;:&quot;/items/properties/category/properties/name&quot;}&#10;    domain: &quot;syntax&quot;&#10;    ignored: [&quot;$id&quot;,&quot;examples&quot;]&#10;warning: the following keywords are unknown and will be ignored: [$id, examples]&#10;    level: &quot;warning&quot;&#10;    schema: {&quot;loadingURI&quot;:&quot;#&quot;,&quot;pointer&quot;:&quot;/items/properties/id&quot;}&#10;    domain: &quot;syntax&quot;&#10;    ignored: [&quot;$id&quot;,&quot;examples&quot;]&#10;warning: the following keywords are unknown and will be ignored: [$id, examples]&#10;    level: &quot;warning&quot;&#10;    schema: {&quot;loadingURI&quot;:&quot;#&quot;,&quot;pointer&quot;:&quot;/items/properties/name&quot;}&#10;    domain: &quot;syntax&quot;&#10;    ignored: [&quot;$id&quot;,&quot;examples&quot;]&#10;warning: the following keywords are unknown and will be ignored: [$id]&#10;    level: &quot;warning&quot;&#10;    schema: {&quot;loadingURI&quot;:&quot;#&quot;,&quot;pointer&quot;:&quot;/items/properties/photoUrls&quot;}&#10;    domain: &quot;syntax&quot;&#10;    ignored: [&quot;$id&quot;]&#10;warning: the following keywords are unknown and will be ignored: [$id, examples]&#10;    level: &quot;warning&quot;&#10;    schema: {&quot;loadingURI&quot;:&quot;#&quot;,&quot;pointer&quot;:&quot;/items/properties/photoUrls/items&quot;}&#10;    domain: &quot;syntax&quot;&#10;    ignored: [&quot;$id&quot;,&quot;examples&quot;]&#10;warning: the following keywords are unknown and will be ignored: [$id, examples]&#10;    level: &quot;warning&quot;&#10;    schema: {&quot;loadingURI&quot;:&quot;#&quot;,&quot;pointer&quot;:&quot;/items/properties/status&quot;}&#10;    domain: &quot;syntax&quot;&#10;    ignored: [&quot;$id&quot;,&quot;examples&quot;]&#10;warning: the following keywords are unknown and will be ignored: [$id]&#10;    level: &quot;warning&quot;&#10;    schema: {&quot;loadingURI&quot;:&quot;#&quot;,&quot;pointer&quot;:&quot;/items/properties/tags&quot;}&#10;    domain: &quot;syntax&quot;&#10;    ignored: [&quot;$id&quot;]&#10;warning: the following keywords are unknown and will be ignored: [$id]&#10;    level: &quot;warning&quot;&#10;    schema: {&quot;loadingURI&quot;:&quot;#&quot;,&quot;pointer&quot;:&quot;/items/properties/tags/items&quot;}&#10;    domain: &quot;syntax&quot;&#10;    ignored: [&quot;$id&quot;]&#10;warning: the following keywords are unknown and will be ignored: [$id, examples]&#10;    level: &quot;warning&quot;&#10;    schema: {&quot;loadingURI&quot;:&quot;#&quot;,&quot;pointer&quot;:&quot;/items/properties/tags/items/properties/id&quot;}&#10;    domain: &quot;syntax&quot;&#10;    ignored: [&quot;$id&quot;,&quot;examples&quot;]&#10;warning: the following keywords are unknown and will be ignored: [$id, examples]&#10;    level: &quot;warning&quot;&#10;    schema: {&quot;loadingURI&quot;:&quot;#&quot;,&quot;pointer&quot;:&quot;/items/properties/tags/items/properties/name&quot;}&#10;    domain: &quot;syntax&quot;&#10;    ignored: [&quot;$id&quot;,&quot;examples&quot;]&#10;warning: the following keywords are unknown and will be ignored: [$id]&#10;    level: &quot;warning&quot;&#10;    schema: {&quot;loadingURI&quot;:&quot;#&quot;,&quot;pointer&quot;:&quot;/items&quot;}&#10;    domain: &quot;syntax&quot;&#10;    ignored: [&quot;$id&quot;]&#10;warning: the following keywords are unknown and will be ignored: [$id]&#10;    level: &quot;warning&quot;&#10;    schema: {&quot;loadingURI&quot;:&quot;#&quot;,&quot;pointer&quot;:&quot;/items/properties/category&quot;}&#10;    domain: &quot;syntax&quot;&#10;    ignored: [&quot;$id&quot;]&#10;warning: the following keywords are unknown and will be ignored: [$id, examples]&#10;    level: &quot;warning&quot;&#10;    schema: {&quot;loadingURI&quot;:&quot;#&quot;,&quot;pointer&quot;:&quot;/items/properties/category/properties/id&quot;}&#10;    domain: &quot;syntax&quot;&#10;    ignored: [&quot;$id&quot;,&quot;examples&quot;]&#10;warning: the following keywords are unknown and will be ignored: [$id, examples]&#10;    level: &quot;warning&quot;&#10;    schema: {&quot;loadingURI&quot;:&quot;#&quot;,&quot;pointer&quot;:&quot;/items/properties/category/properties/name&quot;}&#10;    domain: &quot;syntax&quot;&#10;    ignored: [&quot;$id&quot;,&quot;examples&quot;]&#10;warning: the following keywords are unknown and will be ignored: [$id, examples]&#10;    level: &quot;warning&quot;&#10;    schema: {&quot;loadingURI&quot;:&quot;#&quot;,&quot;pointer&quot;:&quot;/items/properties/id&quot;}&#10;    domain: &quot;syntax&quot;&#10;    ignored: [&quot;$id&quot;,&quot;examples&quot;]&#10;warning: the following keywords are unknown and will be ignored: [$id, examples]&#10;    level: &quot;warning&quot;&#10;    schema: {&quot;loadingURI&quot;:&quot;#&quot;,&quot;pointer&quot;:&quot;/items/properties/name&quot;}&#10;    domain: &quot;syntax&quot;&#10;    ignored: [&quot;$id&quot;,&quot;examples&quot;]&#10;warning: the following keywords are unknown and will be ignored: [$id]&#10;    level: &quot;warning&quot;&#10;    schema: {&quot;loadingURI&quot;:&quot;#&quot;,&quot;pointer&quot;:&quot;/items/properties/photoUrls&quot;}&#10;    domain: &quot;syntax&quot;&#10;    ignored: [&quot;$id&quot;]&#10;warning: the following keywords are unknown and will be ignored: [$id, examples]&#10;    level: &quot;warning&quot;&#10;    schema: {&quot;loadingURI&quot;:&quot;#&quot;,&quot;pointer&quot;:&quot;/items/properties/photoUrls/items&quot;}&#10;    domain: &quot;syntax&quot;&#10;    ignored: [&quot;$id&quot;,&quot;examples&quot;]&#10;warning: the following keywords are unknown and will be ignored: [$id, examples]&#10;    level: &quot;warning&quot;&#10;    schema: {&quot;loadingURI&quot;:&quot;#&quot;,&quot;pointer&quot;:&quot;/items/properties/status&quot;}&#10;    domain: &quot;syntax&quot;&#10;    ignored: [&quot;$id&quot;,&quot;examples&quot;]&#10;warning: the following keywords are unknown and will be ignored: [$id]&#10;    level: &quot;warning&quot;&#10;    schema: {&quot;loadingURI&quot;:&quot;#&quot;,&quot;pointer&quot;:&quot;/items/properties/tags&quot;}&#10;    domain: &quot;syntax&quot;&#10;    ignored: [&quot;$id&quot;]&#10;warning: the following keywords are unknown and will be ignored: [$id]&#10;    level: &quot;warning&quot;&#10;    schema: {&quot;loadingURI&quot;:&quot;#&quot;,&quot;pointer&quot;:&quot;/items/properties/tags/items&quot;}&#10;    domain: &quot;syntax&quot;&#10;    ignored: [&quot;$id&quot;]&#10;warning: the following keywords are unknown and will be ignored: [$id, examples]&#10;    level: &quot;warning&quot;&#10;    schema: {&quot;loadingURI&quot;:&quot;#&quot;,&quot;pointer&quot;:&quot;/items/properties/tags/items/properties/id&quot;}&#10;    domain: &quot;syntax&quot;&#10;    ignored: [&quot;$id&quot;,&quot;examples&quot;]&#10;warning: the following keywords are unknown and will be ignored: [$id, examples]&#10;    level: &quot;warning&quot;&#10;    schema: {&quot;loadingURI&quot;:&quot;#&quot;,&quot;pointer&quot;:&quot;/items/properties/tags/items/properties/name&quot;}&#10;    domain: &quot;syntax&quot;&#10;    ignored: [&quot;$id&quot;,&quot;examples&quot;]&#10;warning: the following keywords are unknown and will be ignored: [$id]&#10;    level: &quot;warning&quot;&#10;    schema: {&quot;loadingURI&quot;:&quot;#&quot;,&quot;pointer&quot;:&quot;/items&quot;}&#10;    domain: &quot;syntax&quot;&#10;    ignored: [&quot;$id&quot;]&#10;warning: the following keywords are unknown and will be ignored: [$id]&#10;    level: &quot;warning&quot;&#10;    schema: {&quot;loadingURI&quot;:&quot;#&quot;,&quot;pointer&quot;:&quot;/items/properties/category&quot;}&#10;    domain: &quot;syntax&quot;&#10;    ignored: [&quot;$id&quot;]&#10;warning: the following keywords are unknown and will be ignored: [$id, examples]&#10;    level: &quot;warning&quot;&#10;    schema: {&quot;loadingURI&quot;:&quot;#&quot;,&quot;pointer&quot;:&quot;/items/properties/category/properties/id&quot;}&#10;    domain: &quot;syntax&quot;&#10;    ignored: [&quot;$id&quot;,&quot;examples&quot;]&#10;warning: the following keywords are unknown and will be ignored: [$id, examples]&#10;    level: &quot;warning&quot;&#10;    schema: {&quot;loadingURI&quot;:&quot;#&quot;,&quot;pointer&quot;:&quot;/items/properties/category/properties/name&quot;}&#10;    domain: &quot;syntax&quot;&#10;    ignored: [&quot;$id&quot;,&quot;examples&quot;]&#10;warning: the following keywords are unknown and will be ignored: [$id, examples]&#10;    level: &quot;warning&quot;&#10;    schema: {&quot;loadingURI&quot;:&quot;#&quot;,&quot;pointer&quot;:&quot;/items/properties/id&quot;}&#10;    domain: &quot;syntax&quot;&#10;    ignored: [&quot;$id&quot;,&quot;examples&quot;]&#10;warning: the following keywords are unknown and will be ignored: [$id, examples]&#10;    level: &quot;warning&quot;&#10;    schema: {&quot;loadingURI&quot;:&quot;#&quot;,&quot;pointer&quot;:&quot;/items/properties/name&quot;}&#10;    domain: &quot;syntax&quot;&#10;    ignored: [&quot;$id&quot;,&quot;examples&quot;]&#10;warning: the following keywords are unknown and will be ignored: [$id]&#10;    level: &quot;warning&quot;&#10;    schema: {&quot;loadingURI&quot;:&quot;#&quot;,&quot;pointer&quot;:&quot;/items/properties/photoUrls&quot;}&#10;    domain: &quot;syntax&quot;&#10;    ignored: [&quot;$id&quot;]&#10;warning: the following keywords are unknown and will be ignored: [$id, examples]&#10;    level: &quot;warning&quot;&#10;    schema: {&quot;loadingURI&quot;:&quot;#&quot;,&quot;pointer&quot;:&quot;/items/properties/photoUrls/items&quot;}&#10;    domain: &quot;syntax&quot;&#10;    ignored: [&quot;$id&quot;,&quot;examples&quot;]&#10;warning: the following keywords are unknown and will be ignored: [$id, examples]&#10;    level: &quot;warning&quot;&#10;    schema: {&quot;loadingURI&quot;:&quot;#&quot;,&quot;pointer&quot;:&quot;/items/properties/status&quot;}&#10;    domain: &quot;syntax&quot;&#10;    ignored: [&quot;$id&quot;,&quot;examples&quot;]&#10;warning: the following keywords are unknown and will be ignored: [$id]&#10;    level: &quot;warning&quot;&#10;    schema: {&quot;loadingURI&quot;:&quot;#&quot;,&quot;pointer&quot;:&quot;/items/properties/tags&quot;}&#10;    domain: &quot;syntax&quot;&#10;    ignored: [&quot;$id&quot;]&#10;warning: the following keywords are unknown and will be ignored: [$id]&#10;    level: &quot;warning&quot;&#10;    schema: {&quot;loadingURI&quot;:&quot;#&quot;,&quot;pointer&quot;:&quot;/items/properties/tags/items&quot;}&#10;    domain: &quot;syntax&quot;&#10;    ignored: [&quot;$id&quot;]&#10;warning: the following keywords are unknown and will be ignored: [$id, examples]&#10;    level: &quot;warning&quot;&#10;    schema: {&quot;loadingURI&quot;:&quot;#&quot;,&quot;pointer&quot;:&quot;/items/properties/tags/items/properties/id&quot;}&#10;    domain: &quot;syntax&quot;&#10;    ignored: [&quot;$id&quot;,&quot;examples&quot;]&#10;warning: the following keywords are unknown and will be ignored: [$id, examples]&#10;    level: &quot;warning&quot;&#10;    schema: {&quot;loadingURI&quot;:&quot;#&quot;,&quot;pointer&quot;:&quot;/items/properties/tags/items/properties/name&quot;}&#10;    domain: &quot;syntax&quot;&#10;    ignored: [&quot;$id&quot;,&quot;examples&quot;]&#10;warning: the following keywords are unknown and will be ignored: [$id]&#10;    level: &quot;warning&quot;&#10;    schema: {&quot;loadingURI&quot;:&quot;#&quot;,&quot;pointer&quot;:&quot;/items&quot;}&#10;    domain: &quot;syntax&quot;&#10;    ignored: [&quot;$id&quot;]&#10;warning: the following keywords are unknown and will be ignored: [$id]&#10;    level: &quot;warning&quot;&#10;    schema: {&quot;loadingURI&quot;:&quot;#&quot;,&quot;pointer&quot;:&quot;/items/properties/category&quot;}&#10;    domain: &quot;syntax&quot;&#10;    ignored: [&quot;$id&quot;]&#10;warning: the following keywords are unknown and will be ignored: [$id, examples]&#10;    level: &quot;warning&quot;&#10;    schema: {&quot;loadingURI&quot;:&quot;#&quot;,&quot;pointer&quot;:&quot;/items/properties/category/properties/id&quot;}&#10;    domain: &quot;syntax&quot;&#10;    ignored: [&quot;$id&quot;,&quot;examples&quot;]&#10;warning: the following keywords are unknown and will be ignored: [$id, examples]&#10;    level: &quot;warning&quot;&#10;    schema: {&quot;loadingURI&quot;:&quot;#&quot;,&quot;pointer&quot;:&quot;/items/properties/category/properties/name&quot;}&#10;    domain: &quot;syntax&quot;&#10;    ignored: [&quot;$id&quot;,&quot;examples&quot;]&#10;warning: the following keywords are unknown and will be ignored: [$id, examples]&#10;    level: &quot;warning&quot;&#10;    schema: {&quot;loadingURI&quot;:&quot;#&quot;,&quot;pointer&quot;:&quot;/items/properties/id&quot;}&#10;    domain: &quot;syntax&quot;&#10;    ignored: [&quot;$id&quot;,&quot;examples&quot;]&#10;warning: the following keywords are unknown and will be ignored: [$id, examples]&#10;    level: &quot;warning&quot;&#10;    schema: {&quot;loadingURI&quot;:&quot;#&quot;,&quot;pointer&quot;:&quot;/items/properties/name&quot;}&#10;    domain: &quot;syntax&quot;&#10;    ignored: [&quot;$id&quot;,&quot;examples&quot;]&#10;warning: the following keywords are unknown and will be ignored: [$id]&#10;    level: &quot;warning&quot;&#10;    schema: {&quot;loadingURI&quot;:&quot;#&quot;,&quot;pointer&quot;:&quot;/items/properties/photoUrls&quot;}&#10;    domain: &quot;syntax&quot;&#10;    ignored: [&quot;$id&quot;]&#10;warning: the following keywords are unknown and will be ignored: [$id, examples]&#10;    level: &quot;warning&quot;&#10;    schema: {&quot;loadingURI&quot;:&quot;#&quot;,&quot;pointer&quot;:&quot;/items/properties/photoUrls/items&quot;}&#10;    domain: &quot;syntax&quot;&#10;    ignored: [&quot;$id&quot;,&quot;examples&quot;]&#10;warning: the following keywords are unknown and will be ignored: [$id, examples]&#10;    level: &quot;warning&quot;&#10;    schema: {&quot;loadingURI&quot;:&quot;#&quot;,&quot;pointer&quot;:&quot;/items/properties/status&quot;}&#10;    domain: &quot;syntax&quot;&#10;    ignored: [&quot;$id&quot;,&quot;examples&quot;]&#10;warning: the following keywords are unknown and will be ignored: [$id]&#10;    level: &quot;warning&quot;&#10;    schema: {&quot;loadingURI&quot;:&quot;#&quot;,&quot;pointer&quot;:&quot;/items/properties/tags&quot;}&#10;    domain: &quot;syntax&quot;&#10;    ignored: [&quot;$id&quot;]&#10;warning: the following keywords are unknown and will be ignored: [$id]&#10;    level: &quot;warning&quot;&#10;    schema: {&quot;loadingURI&quot;:&quot;#&quot;,&quot;pointer&quot;:&quot;/items/properties/tags/items&quot;}&#10;    domain: &quot;syntax&quot;&#10;    ignored: [&quot;$id&quot;]&#10;warning: the following keywords are unknown and will be ignored: [$id, examples]&#10;    level: &quot;warning&quot;&#10;    schema: {&quot;loadingURI&quot;:&quot;#&quot;,&quot;pointer&quot;:&quot;/items/properties/tags/items/properties/id&quot;}&#10;    domain: &quot;syntax&quot;&#10;    ignored: [&quot;$id&quot;,&quot;examples&quot;]&#10;warning: the following keywords are unknown and will be ignored: [$id, examples]&#10;    level: &quot;warning&quot;&#10;    schema: {&quot;loadingURI&quot;:&quot;#&quot;,&quot;pointer&quot;:&quot;/items/properties/tags/items/properties/name&quot;}&#10;    domain: &quot;syntax&quot;&#10;    ignored: [&quot;$id&quot;,&quot;examples&quot;]&#10;&#10;  Actual: [{&quot;id&quot;:23244,&quot;category&quot;:{&quot;id&quot;:3,&quot;name&quot;:&quot;BIRD&quot;},&quot;name&quot;:&quot;Carson&quot;,&quot;photoUrls&quot;:[&quot;string&quot;],&quot;tags&quot;:[{&quot;id&quot;:3,&quot;name&quot;:&quot;tiny&quot;}],&quot;status&quot;:&quot;available&quot;},{&quot;id&quot;:9223372036854031791,&quot;category&quot;:{&quot;id&quot;:0,&quot;name&quot;:&quot;string&quot;},&quot;name&quot;:&quot;Tiger8887277&quot;,&quot;photoUrls&quot;:[&quot;string&quot;],&quot;tags&quot;:[{&quot;id&quot;:0,&quot;name&quot;:&quot;string&quot;}],&quot;status&quot;:&quot;available&quot;},{&quot;id&quot;:9223372036854031792,&quot;category&quot;:{&quot;id&quot;:0,&quot;name&quot;:&quot;string&quot;},&quot;name&quot;:&quot;Tiger1403218&quot;,&quot;photoUrls&quot;:[&quot;string&quot;],&quot;tags&quot;:[{&quot;id&quot;:0,&quot;name&quot;:&quot;string&quot;}],&quot;status&quot;:&quot;available&quot;},{&quot;id&quot;:9223372036854031793,&quot;category&quot;:{&quot;id&quot;:0,&quot;name&quot;:&quot;string&quot;},&quot;name&quot;:&quot;Tiger3643737&quot;,&quot;photoUrls&quot;:[&quot;string&quot;],&quot;tags&quot;:[{&quot;id&quot;:0,&quot;name&quot;:&quot;string&quot;}],&quot;status&quot;:&quot;available&quot;},{&quot;id&quot;:9223372036854031794,&quot;category&quot;:{&quot;id&quot;:0,&quot;name&quot;:&quot;string&quot;},&quot;name&quot;:&quot;Tiger5754486&quot;,&quot;photoUrls&quot;:[&quot;string&quot;],&quot;tags&quot;:[{&quot;id&quot;:0,&quot;name&quot;:&quot;string&quot;}],&quot;status&quot;:&quot;available&quot;},{&quot;id&quot;:9223372036854031795,&quot;category&quot;:{&quot;id&quot;:0,&quot;name&quot;:&quot;string&quot;},&quot;name&quot;:&quot;Tiger8205769&quot;,&quot;photoUrls&quot;:[&quot;string&quot;],&quot;tags&quot;:[{&quot;id&quot;:0,&quot;name&quot;:&quot;string&quot;}],&quot;status&quot;:&quot;available&quot;},{&quot;id&quot;:9223372036854031796,&quot;category&quot;:{&quot;id&quot;:0,&quot;name&quot;:&quot;string&quot;},&quot;name&quot;:&quot;Tiger7012112&quot;,&quot;photoUrls&quot;:[&quot;string&quot;],&quot;tags&quot;:[{&quot;id&quot;:0,&quot;name&quot;:&quot;string&quot;}],&quot;status&quot;:&quot;available&quot;},{&quot;id&quot;:9223372036854031797,&quot;category&quot;:{&quot;id&quot;:0,&quot;name&quot;:&quot;string&quot;},&quot;name&quot;:&quot;Tiger3495019&quot;,&quot;photoUrls&quot;:[&quot;string&quot;],&quot;tags&quot;:[{&quot;id&quot;:0,&quot;name&quot;:&quot;string&quot;}],&quot;status&quot;:&quot;available&quot;},{&quot;id&quot;:9223372036854031798,&quot;category&quot;:{&quot;id&quot;:0,&quot;name&quot;:&quot;string&quot;},&quot;name&quot;:&quot;Tiger4880782&quot;,&quot;photoUrls&quot;:[&quot;string&quot;],&quot;tags&quot;:[{&quot;id&quot;:0,&quot;name&quot;:&quot;string&quot;}],&quot;status&quot;:&quot;available&quot;},{&quot;id&quot;:9223372036854031799,&quot;category&quot;:{&quot;id&quot;:0,&quot;name&quot;:&quot;string&quot;},&quot;name&quot;:&quot;Tiger6857599&quot;,&quot;photoUrls&quot;:[&quot;string&quot;],&quot;tags&quot;:[{&quot;id&quot;:0,&quot;name&quot;:&quot;string&quot;}],&quot;status&quot;:&quot;available&quot;},{&quot;id&quot;:9223372036854031800,&quot;category&quot;:{&quot;id&quot;:0,&quot;name&quot;:&quot;string&quot;},&quot;name&quot;:&quot;Tiger6405654&quot;,&quot;photoUrls&quot;:[&quot;string&quot;],&quot;tags&quot;:[{&quot;id&quot;:0,&quot;name&quot;:&quot;string&quot;}],&quot;status&quot;:&quot;available&quot;},{&quot;id&quot;:9223372036854031801,&quot;category&quot;:{&quot;id&quot;:0,&quot;name&quot;:&quot;string&quot;},&quot;name&quot;:&quot;Tiger3411847&quot;,&quot;photoUrls&quot;:[&quot;string&quot;],&quot;tags&quot;:[{&quot;id&quot;:0,&quot;name&quot;:&quot;string&quot;}],&quot;status&quot;:&quot;available&quot;},{&quot;id&quot;:9223372036854031802,&quot;category&quot;:{&quot;id&quot;:0,&quot;name&quot;:&quot;string&quot;},&quot;name&quot;:&quot;Tiger9361605&quot;,&quot;photoUrls&quot;:[&quot;string&quot;],&quot;tags&quot;:[{&quot;id&quot;:0,&quot;name&quot;:&quot;string&quot;}],&quot;status&quot;:&quot;available&quot;},{&quot;id&quot;:9223372036854031803,&quot;category&quot;:{&quot;id&quot;:0,&quot;name&quot;:&quot;string&quot;},&quot;name&quot;:&quot;Tiger1456953&quot;,&quot;photoUrls&quot;:[&quot;string&quot;],&quot;tags&quot;:[{&quot;id&quot;:0,&quot;name&quot;:&quot;string&quot;}],&quot;status&quot;:&quot;available&quot;},{&quot;id&quot;:9223372036854031804,&quot;category&quot;:{&quot;id&quot;:0,&quot;name&quot;:&quot;string&quot;},&quot;name&quot;:&quot;Tiger3129199&quot;,&quot;photoUrls&quot;:[&quot;string&quot;],&quot;tags&quot;:[{&quot;id&quot;:0,&quot;name&quot;:&quot;string&quot;}],&quot;status&quot;:&quot;available&quot;},{&quot;id&quot;:9223372036854031805,&quot;category&quot;:{&quot;id&quot;:0,&quot;name&quot;:&quot;string&quot;},&quot;name&quot;:&quot;Tiger3269327&quot;,&quot;photoUrls&quot;:[&quot;string&quot;],&quot;tags&quot;:[{&quot;id&quot;:0,&quot;name&quot;:&quot;string&quot;}],&quot;status&quot;:&quot;available&quot;},{&quot;id&quot;:9223372036854031806,&quot;category&quot;:{&quot;id&quot;:0,&quot;name&quot;:&quot;string&quot;},&quot;name&quot;:&quot;Tiger7162123&quot;,&quot;photoUrls&quot;:[&quot;string&quot;],&quot;tags&quot;:[{&quot;id&quot;:0,&quot;name&quot;:&quot;string&quot;}],&quot;status&quot;:&quot;available&quot;},{&quot;id&quot;:9223372036854031807,&quot;category&quot;:{&quot;id&quot;:0,&quot;name&quot;:&quot;string&quot;},&quot;name&quot;:&quot;Tiger2728311&quot;,&quot;photoUrls&quot;:[&quot;string&quot;],&quot;tags&quot;:[{&quot;id&quot;:0,&quot;name&quot;:&quot;string&quot;}],&quot;status&quot;:&quot;available&quot;},{&quot;id&quot;:9223372036854031808,&quot;category&quot;:{&quot;id&quot;:0,&quot;name&quot;:&quot;string&quot;},&quot;name&quot;:&quot;Tiger4636976&quot;,&quot;photoUrls&quot;:[&quot;string&quot;],&quot;tags&quot;:[{&quot;id&quot;:0,&quot;name&quot;:&quot;string&quot;}],&quot;status&quot;:&quot;available&quot;},{&quot;id&quot;:9223372036854031809,&quot;category&quot;:{&quot;id&quot;:0,&quot;name&quot;:&quot;string&quot;},&quot;name&quot;:&quot;Tiger9972524&quot;,&quot;photoUrls&quot;:[&quot;string&quot;],&quot;tags&quot;:[{&quot;id&quot;:0,&quot;name&quot;:&quot;string&quot;}],&quot;status&quot;:&quot;available&quot;},{&quot;id&quot;:9223372036854031810,&quot;category&quot;:{&quot;id&quot;:0,&quot;name&quot;:&quot;string&quot;},&quot;name&quot;:&quot;Tiger7970862&quot;,&quot;photoUrls&quot;:[&quot;string&quot;],&quot;tags&quot;:[{&quot;id&quot;:0,&quot;name&quot;:&quot;string&quot;}],&quot;status&quot;:&quot;available&quot;},{&quot;id&quot;:638,&quot;category&quot;:{&quot;id&quot;:6004,&quot;name&quot;:&quot;asperiores&quot;},&quot;name&quot;:&quot;herring&quot;,&quot;photoUrls&quot;:[&quot;www.raphael-schroeder.info&quot;],&quot;tags&quot;:[{&quot;id&quot;:1,&quot;name&quot;:&quot;et&quot;}],&quot;status&quot;:&quot;available&quot;},{&quot;id&quot;:9222968140497180179,&quot;category&quot;:{&quot;id&quot;:0,&quot;name&quot;:&quot;string&quot;},&quot;name&quot;:&quot;test&quot;,&quot;photoUrls&quot;:[&quot;string&quot;],&quot;tags&quot;:[{&quot;id&quot;:0,&quot;name&quot;:&quot;string&quot;}],&quot;status&quot;:&quot;available&quot;},{&quot;id&quot;:9223372036854031833,&quot;category&quot;:{&quot;id&quot;:0,&quot;name&quot;:&quot;string&quot;},&quot;name&quot;:&quot;pies&quot;,&quot;photoUrls&quot;:[&quot;string&quot;],&quot;tags&quot;:[{&quot;id&quot;:0,&quot;name&quot;:&quot;junior&quot;}],&quot;status&quot;:&quot;available&quot;},{&quot;id&quot;:9223372036854031837,&quot;category&quot;:{&quot;id&quot;:0,&quot;name&quot;:&quot;string&quot;},&quot;name&quot;:&quot;Tiger3918945&quot;,&quot;photoUrls&quot;:[&quot;string&quot;],&quot;tags&quot;:[{&quot;id&quot;:0,&quot;name&quot;:&quot;string&quot;}],&quot;status&quot;:&quot;available&quot;},{&quot;id&quot;:9223372036854031838,&quot;category&quot;:{&quot;id&quot;:0,&quot;name&quot;:&quot;string&quot;},&quot;name&quot;:&quot;Tiger6424458&quot;,&quot;photoUrls&quot;:[&quot;string&quot;],&quot;tags&quot;:[{&quot;id&quot;:0,&quot;name&quot;:&quot;string&quot;}],&quot;status&quot;:&quot;available&quot;},{&quot;id&quot;:9223372036854031839,&quot;category&quot;:{&quot;id&quot;:0,&quot;name&quot;:&quot;string&quot;},&quot;name&quot;:&quot;Tiger4591264&quot;,&quot;photoUrls&quot;:[&quot;string&quot;],&quot;tags&quot;:[{&quot;id&quot;:0,&quot;name&quot;:&quot;string&quot;}],&quot;status&quot;:&quot;available&quot;},{&quot;id&quot;:9223372036854031840,&quot;category&quot;:{&quot;id&quot;:0,&quot;name&quot;:&quot;string&quot;},&quot;name&quot;:&quot;Tiger1722013&quot;,&quot;photoUrls&quot;:[&quot;string&quot;],&quot;tags&quot;:[{&quot;id&quot;:0,&quot;name&quot;:&quot;string&quot;}],&quot;status&quot;:&quot;available&quot;},{&quot;id&quot;:9223372036854031841,&quot;category&quot;:{&quot;id&quot;:0,&quot;name&quot;:&quot;string&quot;},&quot;name&quot;:&quot;Tiger2879118&quot;,&quot;photoUrls&quot;:[&quot;string&quot;],&quot;tags&quot;:[{&quot;id&quot;:0,&quot;name&quot;:&quot;string&quot;}],&quot;status&quot;:&quot;available&quot;},{&quot;id&quot;:9223372036854031842,&quot;category&quot;:{&quot;id&quot;:0,&quot;name&quot;:&quot;string&quot;},&quot;name&quot;:&quot;Tiger6194078&quot;,&quot;photoUrls&quot;:[&quot;string&quot;],&quot;tags&quot;:[{&quot;id&quot;:0,&quot;name&quot;:&quot;string&quot;}],&quot;status&quot;:&quot;available&quot;},{&quot;id&quot;:9223372036854031843,&quot;category&quot;:{&quot;id&quot;:0,&quot;name&quot;:&quot;string&quot;},&quot;name&quot;:&quot;Tiger6217358&quot;,&quot;photoUrls&quot;:[&quot;string&quot;],&quot;tags&quot;:[{&quot;id&quot;:0,&quot;name&quot;:&quot;string&quot;}],&quot;status&quot;:&quot;available&quot;},{&quot;id&quot;:9223372036854031844,&quot;category&quot;:{&quot;id&quot;:0,&quot;name&quot;:&quot;string&quot;},&quot;name&quot;:&quot;Tiger9665706&quot;,&quot;photoUrls&quot;:[&quot;string&quot;],&quot;tags&quot;:[{&quot;id&quot;:0,&quot;name&quot;:&quot;string&quot;}],&quot;status&quot;:&quot;available&quot;},{&quot;id&quot;:9223372036854031845,&quot;category&quot;:{&quot;id&quot;:0,&quot;name&quot;:&quot;string&quot;},&quot;name&quot;:&quot;Tiger973239&quot;,&quot;photoUrls&quot;:[&quot;string&quot;],&quot;tags&quot;:[{&quot;id&quot;:0,&quot;name&quot;:&quot;string&quot;}],&quot;status&quot;:&quot;available&quot;},{&quot;id&quot;:9223372036854031846,&quot;category&quot;:{&quot;id&quot;:0,&quot;name&quot;:&quot;string&quot;},&quot;name&quot;:&quot;Tiger8122747&quot;,&quot;photoUrls&quot;:[&quot;string&quot;],&quot;tags&quot;:[{&quot;id&quot;:0,&quot;name&quot;:&quot;string&quot;}],&quot;status&quot;:&quot;available&quot;},{&quot;id&quot;:9223372036854031848,&quot;category&quot;:{&quot;id&quot;:0,&quot;name&quot;:&quot;string&quot;},&quot;name&quot;:&quot;Tiger6176635&quot;,&quot;photoUrls&quot;:[&quot;string&quot;],&quot;tags&quot;:[{&quot;id&quot;:0,&quot;name&quot;:&quot;string&quot;}],&quot;status&quot;:&quot;available&quot;},{&quot;id&quot;:9223372036854031849,&quot;category&quot;:{&quot;id&quot;:0,&quot;name&quot;:&quot;string&quot;},&quot;name&quot;:&quot;Tiger1965020&quot;,&quot;photoUrls&quot;:[&quot;string&quot;],&quot;tags&quot;:[{&quot;id&quot;:0,&quot;name&quot;:&quot;string&quot;}],&quot;status&quot;:&quot;available&quot;},{&quot;id&quot;:9223372036854031850,&quot;category&quot;:{&quot;id&quot;:0,&quot;name&quot;:&quot;string&quot;},&quot;name&quot;:&quot;Tiger4840604&quot;,&quot;photoUrls&quot;:[&quot;string&quot;],&quot;tags&quot;:[{&quot;id&quot;:0,&quot;name&quot;:&quot;string&quot;}],&quot;status&quot;:&quot;available&quot;},{&quot;id&quot;:9223372036854031851,&quot;category&quot;:{&quot;id&quot;:0,&quot;name&quot;:&quot;string&quot;},&quot;name&quot;:&quot;Tiger5463536&quot;,&quot;photoUrls&quot;:[&quot;string&quot;],&quot;tags&quot;:[{&quot;id&quot;:0,&quot;name&quot;:&quot;string&quot;}],&quot;status&quot;:&quot;available&quot;},{&quot;id&quot;:9223372036854031852,&quot;category&quot;:{&quot;id&quot;:0,&quot;name&quot;:&quot;string&quot;},&quot;name&quot;:&quot;Tiger3643780&quot;,&quot;photoUrls&quot;:[&quot;string&quot;],&quot;tags&quot;:[{&quot;id&quot;:0,&quot;name&quot;:&quot;string&quot;}],&quot;status&quot;:&quot;available&quot;},{&quot;id&quot;:9223372036854031853,&quot;category&quot;:{&quot;id&quot;:0,&quot;name&quot;:&quot;string&quot;},&quot;name&quot;:&quot;Tiger3451777&quot;,&quot;photoUrls&quot;:[&quot;string&quot;],&quot;tags&quot;:[{&quot;id&quot;:0,&quot;name&quot;:&quot;string&quot;}],&quot;status&quot;:&quot;available&quot;},{&quot;id&quot;:9223372036854031854,&quot;category&quot;:{&quot;id&quot;:0,&quot;name&quot;:&quot;string&quot;},&quot;name&quot;:&quot;Tiger3287864&quot;,&quot;photoUrls&quot;:[&quot;string&quot;],&quot;tags&quot;:[{&quot;id&quot;:0,&quot;name&quot;:&quot;string&quot;}],&quot;status&quot;:&quot;available&quot;},{&quot;id&quot;:9223372036854031855,&quot;category&quot;:{&quot;id&quot;:0,&quot;name&quot;:&quot;string&quot;},&quot;name&quot;:&quot;Tiger9770695&quot;,&quot;photoUrls&quot;:[&quot;string&quot;],&quot;tags&quot;:[{&quot;id&quot;:0,&quot;name&quot;:&quot;string&quot;}],&quot;status&quot;:&quot;available&quot;},{&quot;id&quot;:9223372036854031856,&quot;category&quot;:{&quot;id&quot;:0,&quot;name&quot;:&quot;string&quot;},&quot;name&quot;:&quot;Tiger6977555&quot;,&quot;photoUrls&quot;:[&quot;string&quot;],&quot;tags&quot;:[{&quot;id&quot;:0,&quot;name&quot;:&quot;string&quot;}],&quot;status&quot;:&quot;available&quot;},{&quot;id&quot;:9223372036854031857,&quot;category&quot;:{&quot;id&quot;:0,&quot;name&quot;:&quot;string&quot;},&quot;name&quot;:&quot;Tiger9528993&quot;,&quot;photoUrls&quot;:[&quot;string&quot;],&quot;tags&quot;:[{&quot;id&quot;:0,&quot;name&quot;:&quot;string&quot;}],&quot;status&quot;:&quot;available&quot;},{&quot;id&quot;:9223372036854031858,&quot;category&quot;:{&quot;id&quot;:0,&quot;name&quot;:&quot;string&quot;},&quot;name&quot;:&quot;doggie&quot;,&quot;photoUrls&quot;:[&quot;string&quot;],&quot;tags&quot;:[{&quot;id&quot;:0,&quot;name&quot;:&quot;string&quot;}],&quot;status&quot;:&quot;available&quot;},{&quot;id&quot;:583,&quot;category&quot;:{&quot;id&quot;:82,&quot;name&quot;:&quot;dog&quot;},&quot;name&quot;:&quot;Tania&quot;,&quot;photoUrls&quot;:[],&quot;tags&quot;:[],&quot;status&quot;:&quot;available&quot;},{&quot;id&quot;:720,&quot;category&quot;:{&quot;id&quot;:142,&quot;name&quot;:&quot;dog&quot;},&quot;name&quot;:&quot;Angelina&quot;,&quot;photoUrls&quot;:[],&quot;tags&quot;:[],&quot;status&quot;:&quot;available&quot;},{&quot;id&quot;:9223372036854031868,&quot;category&quot;:{&quot;id&quot;:0,&quot;name&quot;:&quot;string&quot;},&quot;name&quot;:&quot;morce&quot;,&quot;photoUrls&quot;:[&quot;string&quot;],&quot;tags&quot;:[{&quot;id&quot;:0,&quot;name&quot;:&quot;string&quot;}],&quot;status&quot;:&quot;available&quot;},{&quot;id&quot;:9223372036854031871,&quot;category&quot;:{&quot;id&quot;:0,&quot;name&quot;:&quot;string&quot;},&quot;name&quot;:&quot;fish&quot;,&quot;photoUrls&quot;:[&quot;string&quot;],&quot;tags&quot;:[{&quot;id&quot;:0,&quot;name&quot;:&quot;string&quot;}],&quot;status&quot;:&quot;available&quot;},{&quot;id&quot;:9223372036854031872,&quot;category&quot;:{&quot;id&quot;:0,&quot;name&quot;:&quot;string&quot;},&quot;name&quot;:&quot;fish&quot;,&quot;photoUrls&quot;:[&quot;string&quot;],&quot;tags&quot;:[{&quot;id&quot;:0,&quot;name&quot;:&quot;string&quot;}],&quot;status&quot;:&quot;available&quot;},{&quot;id&quot;:234567,&quot;category&quot;:{&quot;id&quot;:0,&quot;name&quot;:&quot;string&quot;},&quot;name&quot;:&quot;Puňťa&quot;,&quot;photoUrls&quot;:[&quot;string&quot;],&quot;tags&quot;:[{&quot;id&quot;:0,&quot;name&quot;:&quot;string&quot;}],&quot;status&quot;:&quot;available&quot;},{&quot;id&quot;:9223372036854031873,&quot;category&quot;:{&quot;id&quot;:0,&quot;name&quot;:&quot;string&quot;},&quot;name&quot;:&quot;Puff&quot;,&quot;photoUrls&quot;:[&quot;string&quot;],&quot;tags&quot;:[{&quot;id&quot;:0,&quot;name&quot;:&quot;string&quot;}],&quot;status&quot;:&quot;available&quot;},{&quot;id&quot;:9223372036854031874,&quot;category&quot;:{&quot;id&quot;:0,&quot;name&quot;:&quot;string&quot;},&quot;name&quot;:&quot;Tiger565968&quot;,&quot;photoUrls&quot;:[&quot;string&quot;],&quot;tags&quot;:[{&quot;id&quot;:0,&quot;name&quot;:&quot;string&quot;}],&quot;status&quot;:&quot;available&quot;},{&quot;id&quot;:9223372036854031875,&quot;category&quot;:{&quot;id&quot;:0,&quot;name&quot;:&quot;string&quot;},&quot;name&quot;:&quot;Tiger4506656&quot;,&quot;photoUrls&quot;:[&quot;string&quot;],&quot;tags&quot;:[{&quot;id&quot;:0,&quot;name&quot;:&quot;string&quot;}],&quot;status&quot;:&quot;available&quot;},{&quot;id&quot;:9223372036854031876,&quot;category&quot;:{&quot;id&quot;:0,&quot;name&quot;:&quot;string&quot;},&quot;name&quot;:&quot;Tiger5504183&quot;,&quot;photoUrls&quot;:[&quot;string&quot;],&quot;tags&quot;:[{&quot;id&quot;:0,&quot;name&quot;:&quot;string&quot;}],&quot;status&quot;:&quot;available&quot;},{&quot;id&quot;:9223372036854031879,&quot;category&quot;:{&quot;id&quot;:0,&quot;name&quot;:&quot;string&quot;},&quot;name&quot;:&quot;doggie&quot;,&quot;photoUrls&quot;:[&quot;string&quot;],&quot;tags&quot;:[{&quot;id&quot;:0,&quot;name&quot;:&quot;string&quot;}],&quot;status&quot;:&quot;available&quot;},{&quot;id&quot;:9223372036854031880,&quot;category&quot;:{&quot;id&quot;:0,&quot;name&quot;:&quot;string&quot;},&quot;name&quot;:&quot;doggie&quot;,&quot;photoUrls&quot;:[&quot;string&quot;],&quot;tags&quot;:[{&quot;id&quot;:0,&quot;name&quot;:&quot;string&quot;}],&quot;status&quot;:&quot;available&quot;},{&quot;id&quot;:9223372036854031881,&quot;category&quot;:{&quot;id&quot;:0,&quot;name&quot;:&quot;string&quot;},&quot;name&quot;:&quot;Tiger1760402&quot;,&quot;photoUrls&quot;:[&quot;string&quot;],&quot;tags&quot;:[{&quot;id&quot;:0,&quot;name&quot;:&quot;string&quot;}],&quot;status&quot;:&quot;available&quot;},{&quot;id&quot;:9223372036854031882,&quot;category&quot;:{&quot;id&quot;:0,&quot;name&quot;:&quot;string&quot;},&quot;name&quot;:&quot;doggie&quot;,&quot;photoUrls&quot;:[&quot;string&quot;],&quot;tags&quot;:[{&quot;id&quot;:0,&quot;name&quot;:&quot;string&quot;}],&quot;status&quot;:&quot;available&quot;},{&quot;id&quot;:9223372036854031883,&quot;category&quot;:{&quot;id&quot;:0,&quot;name&quot;:&quot;string&quot;},&quot;name&quot;:&quot;doggie&quot;,&quot;photoUrls&quot;:[&quot;string&quot;],&quot;tags&quot;:[{&quot;id&quot;:0,&quot;name&quot;:&quot;string&quot;}],&quot;status&quot;:&quot;available&quot;},{&quot;id&quot;:9223372036854031884,&quot;category&quot;:{&quot;id&quot;:0,&quot;name&quot;:&quot;string&quot;},&quot;name&quot;:&quot;Вася_меняем&quot;,&quot;photoUrls&quot;:[&quot;https://images.app.goo.gl/iYNub8fsUdJ4xVwo6&quot;],&quot;tags&quot;:[{&quot;id&quot;:0,&quot;name&quot;:&quot;string&quot;}],&quot;status&quot;:&quot;available&quot;},{&quot;id&quot;:9223372036854031885,&quot;category&quot;:{&quot;id&quot;:0,&quot;name&quot;:&quot;string&quot;},&quot;name&quot;:&quot;fish&quot;,&quot;photoUrls&quot;:[&quot;string&quot;],&quot;tags&quot;:[{&quot;id&quot;:0,&quot;name&quot;:&quot;string&quot;}],&quot;status&quot;:&quot;available&quot;},{&quot;id&quot;:42,&quot;category&quot;:{&quot;id&quot;:1,&quot;name&quot;:&quot;Dogs&quot;},&quot;name&quot;:&quot;Buddysik&quot;,&quot;photoUrls&quot;:[&quot;https://example.com/photos/buddy.jpg&quot;],&quot;tags&quot;:[{&quot;id&quot;:7,&quot;name&quot;:&quot;Cute&quot;}],&quot;status&quot;:&quot;available&quot;},{&quot;id&quot;:9223372036854031886,&quot;category&quot;:{&quot;id&quot;:0,&quot;name&quot;:&quot;string&quot;},&quot;name&quot;:&quot;Tiger5016317&quot;,&quot;photoUrls&quot;:[&quot;string&quot;],&quot;tags&quot;:[{&quot;id&quot;:0,&quot;name&quot;:&quot;string&quot;}],&quot;status&quot;:&quot;available&quot;},{&quot;id&quot;:9223372036854031887,&quot;category&quot;:{&quot;id&quot;:0,&quot;name&quot;:&quot;string&quot;},&quot;name&quot;:&quot;Tiger5227595&quot;,&quot;photoUrls&quot;:[&quot;string&quot;],&quot;tags&quot;:[{&quot;id&quot;:0,&quot;name&quot;:&quot;string&quot;}],&quot;status&quot;:&quot;available&quot;},{&quot;id&quot;:2323,&quot;category&quot;:{&quot;id&quot;:0,&quot;name&quot;:&quot;string&quot;},&quot;name&quot;:&quot;dog&quot;,&quot;photoUrls&quot;:[&quot;string&quot;],&quot;tags&quot;:[{&quot;id&quot;:0,&quot;name&quot;:&quot;tomy&quot;}],&quot;status&quot;:&quot;available&quot;},{&quot;id&quot;:9223372036854031890,&quot;category&quot;:{&quot;id&quot;:0,&quot;name&quot;:&quot;string&quot;},&quot;name&quot;:&quot;Tiger8486296&quot;,&quot;photoUrls&quot;:[&quot;string&quot;],&quot;tags&quot;:[{&quot;id&quot;:0,&quot;name&quot;:&quot;string&quot;}],&quot;status&quot;:&quot;available&quot;},{&quot;id&quot;:9223372036854031891,&quot;category&quot;:{&quot;id&quot;:0,&quot;name&quot;:&quot;string&quot;},&quot;name&quot;:&quot;Tiger1378620&quot;,&quot;photoUrls&quot;:[&quot;string&quot;],&quot;tags&quot;:[{&quot;id&quot;:0,&quot;name&quot;:&quot;string&quot;}],&quot;status&quot;:&quot;available&quot;},{&quot;id&quot;:9223372036854031892,&quot;category&quot;:{&quot;id&quot;:0,&quot;name&quot;:&quot;string&quot;},&quot;name&quot;:&quot;Tiger4531197&quot;,&quot;photoUrls&quot;:[&quot;string&quot;],&quot;tags&quot;:[{&quot;id&quot;:0,&quot;name&quot;:&quot;string&quot;}],&quot;status&quot;:&quot;available&quot;},{&quot;id&quot;:420,&quot;category&quot;:{&quot;id&quot;:42,&quot;name&quot;:&quot;Chihuahua&quot;},&quot;name&quot;:&quot;PasBre&quot;,&quot;photoUrls&quot;:[&quot;string&quot;],&quot;tags&quot;:[{&quot;id&quot;:0,&quot;name&quot;:&quot;string&quot;}],&quot;status&quot;:&quot;available&quot;},{&quot;id&quot;:9223372036854031893,&quot;category&quot;:{&quot;id&quot;:0,&quot;name&quot;:&quot;string&quot;},&quot;name&quot;:&quot;Tiger6034489&quot;,&quot;photoUrls&quot;:[&quot;string&quot;],&quot;tags&quot;:[{&quot;id&quot;:0,&quot;name&quot;:&quot;string&quot;}],&quot;status&quot;:&quot;available&quot;},{&quot;id&quot;:9223372036854031894,&quot;category&quot;:{&quot;id&quot;:0,&quot;name&quot;:&quot;string&quot;},&quot;name&quot;:&quot;Tiger6455156&quot;,&quot;photoUrls&quot;:[&quot;string&quot;],&quot;tags&quot;:[{&quot;id&quot;:0,&quot;name&quot;:&quot;string&quot;}],&quot;status&quot;:&quot;available&quot;},{&quot;id&quot;:9223372036854031895,&quot;category&quot;:{&quot;id&quot;:0,&quot;name&quot;:&quot;string&quot;},&quot;name&quot;:&quot;Tiger7585277&quot;,&quot;photoUrls&quot;:[&quot;string&quot;],&quot;tags&quot;:[{&quot;id&quot;:0,&quot;name&quot;:&quot;string&quot;}],&quot;status&quot;:&quot;available&quot;},{&quot;id&quot;:9223372036854031896,&quot;name&quot;:&quot;doggie&quot;,&quot;photoUrls&quot;:[&quot;string&quot;],&quot;tags&quot;:[],&quot;status&quot;:&quot;available&quot;},{&quot;id&quot;:9223372036854031897,&quot;category&quot;:{&quot;id&quot;:8212614,&quot;name&quot;:&quot;voluptate ea qui sint&quot;},&quot;name&quot;:&quot;doggie&quot;,&quot;photoUrls&quot;:[&quot;quis Lorem Duis aute&quot;,&quot;veniam nulla culpa&quot;],&quot;tags&quot;:[{&quot;id&quot;:-42092226,&quot;name&quot;:&quot;labore&quot;},{&quot;id&quot;:-72688380,&quot;name&quot;:&quot;consectetur sint qui&quot;}],&quot;status&quot;:&quot;available&quot;},{&quot;id&quot;:9223372036854031898,&quot;category&quot;:{&quot;id&quot;:0,&quot;name&quot;:&quot;string&quot;},&quot;name&quot;:&quot;Tiger5497091&quot;,&quot;photoUrls&quot;:[&quot;string&quot;],&quot;tags&quot;:[{&quot;id&quot;:0,&quot;name&quot;:&quot;string&quot;}],&quot;status&quot;:&quot;available&quot;},{&quot;id&quot;:9223372036854031899,&quot;category&quot;:{&quot;id&quot;:0,&quot;name&quot;:&quot;string&quot;},&quot;name&quot;:&quot;Tiger9650593&quot;,&quot;photoUrls&quot;:[&quot;string&quot;],&quot;tags&quot;:[{&quot;id&quot;:0,&quot;name&quot;:&quot;string&quot;}],&quot;status&quot;:&quot;available&quot;},{&quot;id&quot;:9223372036854031900,&quot;category&quot;:{&quot;id&quot;:0,&quot;name&quot;:&quot;string&quot;},&quot;name&quot;:&quot;doggie&quot;,&quot;photoUrls&quot;:[&quot;string&quot;],&quot;tags&quot;:[{&quot;id&quot;:0,&quot;name&quot;:&quot;string&quot;}],&quot;status&quot;:&quot;available&quot;},{&quot;id&quot;:9223372036854031901,&quot;category&quot;:{&quot;id&quot;:0,&quot;name&quot;:&quot;string&quot;},&quot;name&quot;:&quot;doggie&quot;,&quot;photoUrls&quot;:[&quot;string&quot;],&quot;tags&quot;:[{&quot;id&quot;:0,&quot;name&quot;:&quot;string&quot;}],&quot;status&quot;:&quot;available&quot;},{&quot;id&quot;:9223372036854031902,&quot;category&quot;:{&quot;id&quot;:0,&quot;name&quot;:&quot;string&quot;},&quot;name&quot;:&quot;Tiger6894590&quot;,&quot;photoUrls&quot;:[&quot;string&quot;],&quot;tags&quot;:[{&quot;id&quot;:0,&quot;name&quot;:&quot;string&quot;}],&quot;status&quot;:&quot;available&quot;},{&quot;id&quot;:9223372036854031903,&quot;category&quot;:{&quot;id&quot;:0,&quot;name&quot;:&quot;string&quot;},&quot;name&quot;:&quot;Tiger7586740&quot;,&quot;photoUrls&quot;:[&quot;string&quot;],&quot;tags&quot;:[{&quot;id&quot;:0,&quot;name&quot;:&quot;string&quot;}],&quot;status&quot;:&quot;available&quot;},{&quot;id&quot;:9223372036854031904,&quot;category&quot;:{&quot;id&quot;:0,&quot;name&quot;:&quot;string&quot;},&quot;name&quot;:&quot;Tiger7641151&quot;,&quot;photoUrls&quot;:[&quot;string&quot;],&quot;tags&quot;:[{&quot;id&quot;:0,&quot;name&quot;:&quot;string&quot;}],&quot;status&quot;:&quot;available&quot;},{&quot;id&quot;:9223372036854031905,&quot;category&quot;:{&quot;id&quot;:0,&quot;name&quot;:&quot;string&quot;},&quot;name&quot;:&quot;Tiger7532226&quot;,&quot;photoUrls&quot;:[&quot;string&quot;],&quot;tags&quot;:[{&quot;id&quot;:0,&quot;name&quot;:&quot;string&quot;}],&quot;status&quot;:&quot;available&quot;},{&quot;id&quot;:9223372036854031906,&quot;category&quot;:{&quot;id&quot;:0,&quot;name&quot;:&quot;string&quot;},&quot;name&quot;:&quot;Tiger6061640&quot;,&quot;photoUrls&quot;:[&quot;string&quot;],&quot;tags&quot;:[{&quot;id&quot;:0,&quot;name&quot;:&quot;string&quot;}],&quot;status&quot;:&quot;available&quot;},{&quot;id&quot;:9223372036854031907,&quot;category&quot;:{&quot;id&quot;:0,&quot;name&quot;:&quot;string&quot;},&quot;name&quot;:&quot;Tiger8385691&quot;,&quot;photoUrls&quot;:[&quot;string&quot;],&quot;tags&quot;:[{&quot;id&quot;:0,&quot;name&quot;:&quot;string&quot;}],&quot;status&quot;:&quot;available&quot;},{&quot;id&quot;:9223372036854031908,&quot;category&quot;:{&quot;id&quot;:0,&quot;name&quot;:&quot;string&quot;},&quot;name&quot;:&quot;Tiger3060941&quot;,&quot;photoUrls&quot;:[&quot;string&quot;],&quot;tags&quot;:[{&quot;id&quot;:0,&quot;name&quot;:&quot;string&quot;}],&quot;status&quot;:&quot;available&quot;},{&quot;id&quot;:9223372036854031909,&quot;category&quot;:{&quot;id&quot;:0,&quot;name&quot;:&quot;string&quot;},&quot;name&quot;:&quot;Tiger4595092&quot;,&quot;photoUrls&quot;:[&quot;string&quot;],&quot;tags&quot;:[{&quot;id&quot;:0,&quot;name&quot;:&quot;string&quot;}],&quot;status&quot;:&quot;available&quot;},{&quot;id&quot;:9223372036854031910,&quot;category&quot;:{&quot;id&quot;:0,&quot;name&quot;:&quot;string&quot;},&quot;name&quot;:&quot;Tiger1657647&quot;,&quot;photoUrls&quot;:[&quot;string&quot;],&quot;tags&quot;:[{&quot;id&quot;:0,&quot;name&quot;:&quot;string&quot;}],&quot;status&quot;:&quot;available&quot;},{&quot;id&quot;:9223372036854031911,&quot;category&quot;:{&quot;id&quot;:0,&quot;name&quot;:&quot;string&quot;},&quot;name&quot;:&quot;Tiger2039321&quot;,&quot;photoUrls&quot;:[&quot;string&quot;],&quot;tags&quot;:[{&quot;id&quot;:0,&quot;name&quot;:&quot;string&quot;}],&quot;status&quot;:&quot;available&quot;},{&quot;id&quot;:9223372036854031912,&quot;category&quot;:{&quot;id&quot;:0,&quot;name&quot;:&quot;string&quot;},&quot;name&quot;:&quot;fish&quot;,&quot;photoUrls&quot;:[&quot;string&quot;],&quot;tags&quot;:[{&quot;id&quot;:0,&quot;name&quot;:&quot;string&quot;}],&quot;status&quot;:&quot;available&quot;},{&quot;id&quot;:201425,&quot;category&quot;:{&quot;id&quot;:54,&quot;name&quot;:&quot;sint&quot;},&quot;name&quot;:&quot;ox&quot;,&quot;photoUrls&quot;:[&quot;www.adolfo-gerlach.com&quot;],&quot;tags&quot;:[{&quot;id&quot;:70,&quot;name&quot;:&quot;magni&quot;}],&quot;status&quot;:&quot;available&quot;},{&quot;id&quot;:121173,&quot;category&quot;:{&quot;id&quot;:0,&quot;name&quot;:&quot;string&quot;},&quot;name&quot;:&quot;doggie&quot;,&quot;photoUrls&quot;:[&quot;string&quot;],&quot;tags&quot;:[{&quot;id&quot;:0,&quot;name&quot;:&quot;string&quot;}],&quot;status&quot;:&quot;available&quot;},{&quot;id&quot;:9223372036854031921,&quot;category&quot;:{&quot;id&quot;:0,&quot;name&quot;:&quot;string&quot;},&quot;name&quot;:&quot;kangaroo&quot;,&quot;photoUrls&quot;:[&quot;string&quot;],&quot;tags&quot;:[{&quot;id&quot;:0,&quot;name&quot;:&quot;small&quot;}],&quot;status&quot;:&quot;available&quot;},{&quot;id&quot;:9223372036854031922,&quot;category&quot;:{&quot;id&quot;:0,&quot;name&quot;:&quot;string&quot;},&quot;name&quot;:&quot;doggie&quot;,&quot;photoUrls&quot;:[&quot;string&quot;],&quot;tags&quot;:[{&quot;id&quot;:0,&quot;name&quot;:&quot;string&quot;}],&quot;status&quot;:&quot;available&quot;},{&quot;id&quot;:9223372036854031925,&quot;category&quot;:{&quot;id&quot;:0,&quot;name&quot;:&quot;string&quot;},&quot;name&quot;:&quot;doggie&quot;,&quot;photoUrls&quot;:[&quot;string&quot;],&quot;tags&quot;:[{&quot;id&quot;:0,&quot;name&quot;:&quot;string&quot;}],&quot;status&quot;:&quot;available&quot;},{&quot;id&quot;:9223372036854031932,&quot;category&quot;:{&quot;id&quot;:0,&quot;name&quot;:&quot;string&quot;},&quot;name&quot;:&quot;doggie&quot;,&quot;photoUrls&quot;:[&quot;string&quot;],&quot;tags&quot;:[{&quot;id&quot;:0,&quot;name&quot;:&quot;string&quot;}],&quot;status&quot;:&quot;available&quot;},{&quot;id&quot;:941,&quot;category&quot;:{&quot;id&quot;:367,&quot;name&quot;:&quot;dog&quot;},&quot;name&quot;:&quot;Lamar&quot;,&quot;photoUrls&quot;:[],&quot;tags&quot;:[],&quot;status&quot;:&quot;available&quot;},{&quot;id&quot;:9223372036854031933,&quot;category&quot;:{&quot;id&quot;:0,&quot;name&quot;:&quot;string&quot;},&quot;name&quot;:&quot;doggie&quot;,&quot;photoUrls&quot;:[&quot;string&quot;],&quot;tags&quot;:[{&quot;id&quot;:0,&quot;name&quot;:&quot;string&quot;}],&quot;status&quot;:&quot;available&quot;},{&quot;id&quot;:9223372036854031934,&quot;category&quot;:{&quot;id&quot;:0,&quot;name&quot;:&quot;string&quot;},&quot;name&quot;:&quot;kangaroo&quot;,&quot;photoUrls&quot;:[&quot;string&quot;],&quot;tags&quot;:[{&quot;id&quot;:0,&quot;name&quot;:&quot;small&quot;}],&quot;status&quot;:&quot;available&quot;},{&quot;id&quot;:9223372036854031937,&quot;category&quot;:{&quot;id&quot;:0,&quot;name&quot;:&quot;string&quot;},&quot;name&quot;:&quot;doggie&quot;,&quot;photoUrls&quot;:[&quot;string&quot;],&quot;tags&quot;:[{&quot;id&quot;:0,&quot;name&quot;:&quot;string&quot;}],&quot;status&quot;:&quot;available&quot;},{&quot;id&quot;:398,&quot;category&quot;:{&quot;id&quot;:959,&quot;name&quot;:&quot;dog&quot;},&quot;name&quot;:&quot;Thea&quot;,&quot;photoUrls&quot;:[],&quot;tags&quot;:[],&quot;status&quot;:&quot;available&quot;},{&quot;id&quot;:9223372036854031940,&quot;category&quot;:{&quot;id&quot;:0,&quot;name&quot;:&quot;string&quot;},&quot;name&quot;:&quot;fish&quot;,&quot;photoUrls&quot;:[&quot;string&quot;],&quot;tags&quot;:[{&quot;id&quot;:0,&quot;name&quot;:&quot;string&quot;}],&quot;status&quot;:&quot;available&quot;},{&quot;id&quot;:9223372036854031941,&quot;category&quot;:{&quot;id&quot;:0,&quot;name&quot;:&quot;string&quot;},&quot;name&quot;:&quot;kangaroo&quot;,&quot;photoUrls&quot;:[&quot;string&quot;],&quot;tags&quot;:[{&quot;id&quot;:0,&quot;name&quot;:&quot;small&quot;}],&quot;status&quot;:&quot;available&quot;},{&quot;id&quot;:9223372036854031943,&quot;category&quot;:{&quot;id&quot;:0,&quot;name&quot;:&quot;string&quot;},&quot;name&quot;:&quot;doggie&quot;,&quot;photoUrls&quot;:[&quot;string&quot;],&quot;tags&quot;:[{&quot;id&quot;:0,&quot;name&quot;:&quot;string&quot;}],&quot;status&quot;:&quot;available&quot;},{&quot;id&quot;:921,&quot;category&quot;:{&quot;id&quot;:321,&quot;name&quot;:&quot;dog&quot;},&quot;name&quot;:&quot;Sarah&quot;,&quot;photoUrls&quot;:[],&quot;tags&quot;:[],&quot;status&quot;:&quot;available&quot;},{&quot;id&quot;:9223372036854031949,&quot;category&quot;:{&quot;id&quot;:0,&quot;name&quot;:&quot;string&quot;},&quot;name&quot;:&quot;doggie&quot;,&quot;photoUrls&quot;:[&quot;string&quot;],&quot;tags&quot;:[{&quot;id&quot;:0,&quot;name&quot;:&quot;string&quot;}],&quot;status&quot;:&quot;available&quot;},{&quot;id&quot;:9223372036854031950,&quot;category&quot;:{&quot;id&quot;:0,&quot;name&quot;:&quot;string&quot;},&quot;name&quot;:&quot;fish&quot;,&quot;photoUrls&quot;:[&quot;string&quot;],&quot;tags&quot;:[{&quot;id&quot;:0,&quot;name&quot;:&quot;string&quot;}],&quot;status&quot;:&quot;available&quot;},{&quot;id&quot;:9223372036854031953,&quot;category&quot;:{&quot;id&quot;:0,&quot;name&quot;:&quot;string&quot;},&quot;name&quot;:&quot;fish&quot;,&quot;photoUrls&quot;:[&quot;string&quot;],&quot;tags&quot;:[{&quot;id&quot;:0,&quot;name&quot;:&quot;string&quot;}],&quot;status&quot;:&quot;available&quot;},{&quot;id&quot;:9223372036854031954,&quot;category&quot;:{&quot;id&quot;:0,&quot;name&quot;:&quot;string&quot;},&quot;name&quot;:&quot;Puff&quot;,&quot;photoUrls&quot;:[&quot;string&quot;],&quot;tags&quot;:[{&quot;id&quot;:0,&quot;name&quot;:&quot;string&quot;}],&quot;status&quot;:&quot;available&quot;},{&quot;id&quot;:9223372036854031955,&quot;category&quot;:{&quot;id&quot;:0,&quot;name&quot;:&quot;string&quot;},&quot;name&quot;:&quot;doggie&quot;,&quot;photoUrls&quot;:[&quot;string&quot;],&quot;tags&quot;:[{&quot;id&quot;:0,&quot;name&quot;:&quot;string&quot;}],&quot;status&quot;:&quot;available&quot;},{&quot;id&quot;:9223372036854031956,&quot;category&quot;:{&quot;id&quot;:0,&quot;name&quot;:&quot;string&quot;},&quot;name&quot;:&quot;doggie&quot;,&quot;photoUrls&quot;:[&quot;string&quot;],&quot;tags&quot;:[{&quot;id&quot;:0,&quot;name&quot;:&quot;string&quot;}],&quot;status&quot;:&quot;available&quot;},{&quot;id&quot;:1245,&quot;category&quot;:{&quot;id&quot;:1245,&quot;name&quot;:&quot;xyz&quot;},&quot;name&quot;:&quot;xyz&quot;,&quot;photoUrls&quot;:[&quot;test&quot;],&quot;tags&quot;:[],&quot;status&quot;:&quot;available&quot;},{&quot;id&quot;:9223372036854031963,&quot;category&quot;:{&quot;id&quot;:0,&quot;name&quot;:&quot;string&quot;},&quot;name&quot;:&quot;kangaroo&quot;,&quot;photoUrls&quot;:[&quot;string&quot;],&quot;tags&quot;:[{&quot;id&quot;:0,&quot;name&quot;:&quot;small&quot;}],&quot;status&quot;:&quot;available&quot;},{&quot;id&quot;:9223372036854031964,&quot;category&quot;:{&quot;id&quot;:0,&quot;name&quot;:&quot;string&quot;},&quot;name&quot;:&quot;doggie&quot;,&quot;photoUrls&quot;:[&quot;string&quot;],&quot;tags&quot;:[{&quot;id&quot;:0,&quot;name&quot;:&quot;string&quot;}],&quot;status&quot;:&quot;available&quot;},{&quot;id&quot;:9223372036854031965,&quot;category&quot;:{&quot;id&quot;:0,&quot;name&quot;:&quot;string&quot;},&quot;name&quot;:&quot;doggie&quot;,&quot;photoUrls&quot;:[&quot;string&quot;],&quot;tags&quot;:[{&quot;id&quot;:0,&quot;name&quot;:&quot;string&quot;}],&quot;status&quot;:&quot;available&quot;},{&quot;id&quot;:9223372036854031966,&quot;category&quot;:{&quot;id&quot;:0,&quot;name&quot;:&quot;string&quot;},&quot;name&quot;:&quot;doggie&quot;,&quot;photoUrls&quot;:[&quot;string&quot;],&quot;tags&quot;:[{&quot;id&quot;:0,&quot;name&quot;:&quot;string&quot;}],&quot;status&quot;:&quot;available&quot;},{&quot;id&quot;:9223372036854031967,&quot;category&quot;:{&quot;id&quot;:0,&quot;name&quot;:&quot;string&quot;},&quot;name&quot;:&quot;doggie&quot;,&quot;photoUrls&quot;:[&quot;string&quot;],&quot;tags&quot;:[{&quot;id&quot;:0,&quot;name&quot;:&quot;string&quot;}],&quot;status&quot;:&quot;available&quot;},{&quot;id&quot;:9223372036854031970,&quot;category&quot;:{&quot;id&quot;:0,&quot;name&quot;:&quot;string&quot;},&quot;name&quot;:&quot;doggie&quot;,&quot;photoUrls&quot;:[&quot;string&quot;],&quot;tags&quot;:[{&quot;id&quot;:0,&quot;name&quot;:&quot;string&quot;}],&quot;status&quot;:&quot;available&quot;},{&quot;id&quot;:9223372036854031971,&quot;category&quot;:{&quot;id&quot;:0,&quot;name&quot;:&quot;string&quot;},&quot;name&quot;:&quot;doggie&quot;,&quot;photoUrls&quot;:[&quot;string&quot;],&quot;tags&quot;:[{&quot;id&quot;:0,&quot;name&quot;:&quot;string&quot;}],&quot;status&quot;:&quot;available&quot;},{&quot;id&quot;:223,&quot;category&quot;:{&quot;id&quot;:109,&quot;name&quot;:&quot;puppy&quot;},&quot;name&quot;:&quot;Jordanian Dinar&quot;,&quot;photoUrls&quot;:[&quot;string&quot;],&quot;tags&quot;:[{&quot;id&quot;:112,&quot;name&quot;:&quot;dogs&quot;}],&quot;status&quot;:&quot;available&quot;},{&quot;id&quot;:9223372036854031972,&quot;category&quot;:{&quot;id&quot;:0,&quot;name&quot;:&quot;string&quot;},&quot;name&quot;:&quot;doggie&quot;,&quot;photoUrls&quot;:[&quot;string&quot;],&quot;tags&quot;:[{&quot;id&quot;:0,&quot;name&quot;:&quot;string&quot;}],&quot;status&quot;:&quot;available&quot;},{&quot;id&quot;:9223372036854031973,&quot;category&quot;:{&quot;id&quot;:0,&quot;name&quot;:&quot;string&quot;},&quot;name&quot;:&quot;fish&quot;,&quot;photoUrls&quot;:[&quot;string&quot;],&quot;tags&quot;:[{&quot;id&quot;:0,&quot;name&quot;:&quot;string&quot;}],&quot;status&quot;:&quot;available&quot;},{&quot;id&quot;:9223372036854031974,&quot;category&quot;:{&quot;id&quot;:0,&quot;name&quot;:&quot;string&quot;},&quot;name&quot;:&quot;fish&quot;,&quot;photoUrls&quot;:[&quot;string&quot;],&quot;tags&quot;:[{&quot;id&quot;:0,&quot;name&quot;:&quot;string&quot;}],&quot;status&quot;:&quot;available&quot;},{&quot;id&quot;:9223372036854031975,&quot;category&quot;:{&quot;id&quot;:0,&quot;name&quot;:&quot;string&quot;},&quot;name&quot;:&quot;doggie&quot;,&quot;photoUrls&quot;:[&quot;string&quot;],&quot;tags&quot;:[{&quot;id&quot;:0,&quot;name&quot;:&quot;string&quot;}],&quot;status&quot;:&quot;available&quot;},{&quot;id&quot;:9223372036854031976,&quot;category&quot;:{&quot;id&quot;:0,&quot;name&quot;:&quot;string&quot;},&quot;name&quot;:&quot;doggie&quot;,&quot;photoUrls&quot;:[&quot;string&quot;],&quot;tags&quot;:[{&quot;id&quot;:0,&quot;name&quot;:&quot;string&quot;}],&quot;status&quot;:&quot;available&quot;},{&quot;id&quot;:9223372036854031977,&quot;category&quot;:{&quot;id&quot;:0,&quot;name&quot;:&quot;string&quot;},&quot;name&quot;:&quot;fish&quot;,&quot;photoUrls&quot;:[&quot;string&quot;],&quot;tags&quot;:[{&quot;id&quot;:0,&quot;name&quot;:&quot;string&quot;}],&quot;status&quot;:&quot;available&quot;},{&quot;id&quot;:9223372036854031978,&quot;category&quot;:{&quot;id&quot;:0,&quot;name&quot;:&quot;string&quot;},&quot;name&quot;:&quot;doggie&quot;,&quot;photoUrls&quot;:[&quot;string&quot;],&quot;tags&quot;:[{&quot;id&quot;:0,&quot;name&quot;:&quot;string&quot;}],&quot;status&quot;:&quot;available&quot;},{&quot;id&quot;:9223372036854031983,&quot;category&quot;:{&quot;id&quot;:0,&quot;name&quot;:&quot;string&quot;},&quot;name&quot;:&quot;kangaroo&quot;,&quot;photoUrls&quot;:[&quot;string&quot;],&quot;tags&quot;:[{&quot;id&quot;:0,&quot;name&quot;:&quot;small&quot;}],&quot;status&quot;:&quot;available&quot;},{&quot;id&quot;:9223372036854031987,&quot;category&quot;:{&quot;id&quot;:0,&quot;name&quot;:&quot;string&quot;},&quot;name&quot;:&quot;kangaroo&quot;,&quot;photoUrls&quot;:[&quot;string&quot;],&quot;tags&quot;:[{&quot;id&quot;:0,&quot;name&quot;:&quot;small&quot;}],&quot;status&quot;:&quot;available&quot;},{&quot;id&quot;:9223372036854031988,&quot;category&quot;:{&quot;id&quot;:0,&quot;name&quot;:&quot;string&quot;},&quot;name&quot;:&quot;doggie&quot;,&quot;photoUrls&quot;:[&quot;string&quot;],&quot;tags&quot;:[{&quot;id&quot;:0,&quot;name&quot;:&quot;string&quot;}],&quot;status&quot;:&quot;available&quot;},{&quot;id&quot;:9223372036854031992,&quot;category&quot;:{&quot;id&quot;:0,&quot;name&quot;:&quot;string&quot;},&quot;name&quot;:&quot;doggie&quot;,&quot;photoUrls&quot;:[&quot;string&quot;],&quot;tags&quot;:[{&quot;id&quot;:0,&quot;name&quot;:&quot;string&quot;}],&quot;status&quot;:&quot;available&quot;},{&quot;id&quot;:9223372036854031993,&quot;category&quot;:{&quot;id&quot;:0,&quot;name&quot;:&quot;string&quot;},&quot;name&quot;:&quot;kangaroo&quot;,&quot;photoUrls&quot;:[&quot;string&quot;],&quot;tags&quot;:[{&quot;id&quot;:0,&quot;name&quot;:&quot;small&quot;}],&quot;status&quot;:&quot;available&quot;},{&quot;id&quot;:9223372036854031998,&quot;category&quot;:{&quot;id&quot;:0,&quot;name&quot;:&quot;string&quot;},&quot;name&quot;:&quot;kangaroo&quot;,&quot;photoUrls&quot;:[&quot;string&quot;],&quot;tags&quot;:[{&quot;id&quot;:0,&quot;name&quot;:&quot;small&quot;}],&quot;status&quot;:&quot;available&quot;},{&quot;id&quot;:9223372036854031999,&quot;category&quot;:{&quot;id&quot;:0,&quot;name&quot;:&quot;string&quot;},&quot;name&quot;:&quot;doggie&quot;,&quot;photoUrls&quot;:[&quot;string&quot;],&quot;tags&quot;:[{&quot;id&quot;:0,&quot;name&quot;:&quot;string&quot;}],&quot;status&quot;:&quot;available&quot;},{&quot;id&quot;:9223372036854032000,&quot;category&quot;:{&quot;id&quot;:0,&quot;name&quot;:&quot;string&quot;},&quot;name&quot;:&quot;catdog&quot;,&quot;photoUrls&quot;:[&quot;string&quot;],&quot;tags&quot;:[{&quot;id&quot;:0,&quot;name&quot;:&quot;string&quot;}],&quot;status&quot;:&quot;available&quot;},{&quot;id&quot;:9223372036854032005,&quot;category&quot;:{&quot;id&quot;:0,&quot;name&quot;:&quot;string&quot;},&quot;name&quot;:&quot;catdog&quot;,&quot;photoUrls&quot;:[&quot;string&quot;],&quot;tags&quot;:[{&quot;id&quot;:0,&quot;name&quot;:&quot;string&quot;}],&quot;status&quot;:&quot;available&quot;},{&quot;id&quot;:36071088,&quot;category&quot;:{&quot;id&quot;:36135777,&quot;name&quot;:&quot;laborum elit&quot;},&quot;name&quot;:&quot;doggie&quot;,&quot;photoUrls&quot;:[&quot;elit cillum exercitation&quot;,&quot;tempor cupidatat sint aliqua&quot;],&quot;tags&quot;:[{&quot;id&quot;:58986065,&quot;name&quot;:&quot;id ut dolore ipsum dol&quot;},{&quot;id&quot;:20316514,&quot;name&quot;:&quot;adipisicing nostrud&quot;}],&quot;status&quot;:&quot;available&quot;},{&quot;id&quot;:9223372036854032010,&quot;category&quot;:{&quot;id&quot;:0,&quot;name&quot;:&quot;string&quot;},&quot;name&quot;:&quot;catdog&quot;,&quot;photoUrls&quot;:[&quot;string&quot;],&quot;tags&quot;:[{&quot;id&quot;:0,&quot;name&quot;:&quot;string&quot;}],&quot;status&quot;:&quot;available&quot;},{&quot;id&quot;:9223372036854032013,&quot;category&quot;:{&quot;id&quot;:0,&quot;name&quot;:&quot;string&quot;},&quot;name&quot;:&quot;fish&quot;,&quot;photoUrls&quot;:[&quot;string&quot;],&quot;tags&quot;:[{&quot;id&quot;:0,&quot;name&quot;:&quot;string&quot;}],&quot;status&quot;:&quot;available&quot;},{&quot;id&quot;:9223372036854032015,&quot;category&quot;:{&quot;id&quot;:0,&quot;name&quot;:&quot;string&quot;},&quot;name&quot;:&quot;fish&quot;,&quot;photoUrls&quot;:[&quot;string&quot;],&quot;tags&quot;:[{&quot;id&quot;:0,&quot;name&quot;:&quot;string&quot;}],&quot;status&quot;:&quot;available&quot;},{&quot;id&quot;:9223372036854032016,&quot;category&quot;:{&quot;id&quot;:0,&quot;name&quot;:&quot;string&quot;},&quot;name&quot;:&quot;catdog&quot;,&quot;photoUrls&quot;:[&quot;string&quot;],&quot;tags&quot;:[{&quot;id&quot;:0,&quot;name&quot;:&quot;string&quot;}],&quot;status&quot;:&quot;available&quot;},{&quot;id&quot;:9223372036854032020,&quot;category&quot;:{&quot;id&quot;:0,&quot;name&quot;:&quot;string&quot;},&quot;name&quot;:&quot;catdog&quot;,&quot;photoUrls&quot;:[&quot;string&quot;],&quot;tags&quot;:[{&quot;id&quot;:0,&quot;name&quot;:&quot;string&quot;}],&quot;status&quot;:&quot;available&quot;},{&quot;id&quot;:9223372036854032021,&quot;category&quot;:{&quot;id&quot;:0,&quot;name&quot;:&quot;string&quot;},&quot;name&quot;:&quot;Puff&quot;,&quot;photoUrls&quot;:[&quot;string&quot;],&quot;tags&quot;:[{&quot;id&quot;:0,&quot;name&quot;:&quot;string&quot;}],&quot;status&quot;:&quot;available&quot;},{&quot;id&quot;:9223372036854032022,&quot;category&quot;:{&quot;id&quot;:0,&quot;name&quot;:&quot;string&quot;},&quot;name&quot;:&quot;doggie&quot;,&quot;photoUrls&quot;:[&quot;string&quot;],&quot;tags&quot;:[{&quot;id&quot;:0,&quot;name&quot;:&quot;string&quot;}],&quot;status&quot;:&quot;available&quot;},{&quot;id&quot;:9223372036854032023,&quot;category&quot;:{&quot;id&quot;:0,&quot;name&quot;:&quot;string&quot;},&quot;name&quot;:&quot;doggie&quot;,&quot;photoUrls&quot;:[&quot;string&quot;],&quot;tags&quot;:[{&quot;id&quot;:0,&quot;name&quot;:&quot;string&quot;}],&quot;status&quot;:&quot;available&quot;},{&quot;id&quot;:16377,&quot;category&quot;:{&quot;id&quot;:16377,&quot;name&quot;:&quot;Category Test Name 16377&quot;},&quot;name&quot;:&quot;Test Name 16377&quot;,&quot;photoUrls&quot;:[&quot;Deneme Photo Url&quot;],&quot;tags&quot;:[{&quot;id&quot;:16377,&quot;name&quot;:&quot;Tags Test Name 16377&quot;}],&quot;status&quot;:&quot;available&quot;},{&quot;id&quot;:9223372036854032024,&quot;category&quot;:{&quot;id&quot;:0,&quot;name&quot;:&quot;string&quot;},&quot;name&quot;:&quot;catdog&quot;,&quot;photoUrls&quot;:[&quot;string&quot;],&quot;tags&quot;:[{&quot;id&quot;:0,&quot;name&quot;:&quot;string&quot;}],&quot;status&quot;:&quot;available&quot;},{&quot;id&quot;:9223372036854032025,&quot;category&quot;:{&quot;id&quot;:0,&quot;name&quot;:&quot;string&quot;},&quot;name&quot;:&quot;doggie&quot;,&quot;photoUrls&quot;:[&quot;string&quot;],&quot;tags&quot;:[{&quot;id&quot;:0,&quot;name&quot;:&quot;string&quot;}],&quot;status&quot;:&quot;available&quot;},{&quot;id&quot;:9223372036854032026,&quot;category&quot;:{&quot;id&quot;:0,&quot;name&quot;:&quot;string&quot;},&quot;name&quot;:&quot;doggie&quot;,&quot;photoUrls&quot;:[&quot;string&quot;],&quot;tags&quot;:[{&quot;id&quot;:0,&quot;name&quot;:&quot;string&quot;}],&quot;status&quot;:&quot;available&quot;},{&quot;id&quot;:9223372036854032027,&quot;category&quot;:{&quot;id&quot;:0,&quot;name&quot;:&quot;string&quot;},&quot;name&quot;:&quot;fish&quot;,&quot;photoUrls&quot;:[&quot;string&quot;],&quot;tags&quot;:[{&quot;id&quot;:0,&quot;name&quot;:&quot;string&quot;}],&quot;status&quot;:&quot;available&quot;},{&quot;id&quot;:9223372036854032031,&quot;category&quot;:{&quot;id&quot;:0,&quot;name&quot;:&quot;string&quot;},&quot;name&quot;:&quot;fish&quot;,&quot;photoUrls&quot;:[&quot;string&quot;],&quot;tags&quot;:[{&quot;id&quot;:0,&quot;name&quot;:&quot;string&quot;}],&quot;status&quot;:&quot;available&quot;},{&quot;id&quot;:9223372036854032033,&quot;category&quot;:{&quot;id&quot;:0,&quot;name&quot;:&quot;string&quot;},&quot;name&quot;:&quot;11111&quot;,&quot;photoUrls&quot;:[&quot;string&quot;],&quot;tags&quot;:[{&quot;id&quot;:0,&quot;name&quot;:&quot;beautiful&quot;}],&quot;status&quot;:&quot;available&quot;},{&quot;id&quot;:9223372036854032039,&quot;category&quot;:{&quot;id&quot;:0,&quot;name&quot;:&quot;string&quot;},&quot;name&quot;:&quot;doggie&quot;,&quot;photoUrls&quot;:[&quot;string&quot;],&quot;tags&quot;:[{&quot;id&quot;:0,&quot;name&quot;:&quot;string&quot;}],&quot;status&quot;:&quot;available&quot;},{&quot;id&quot;:39861,&quot;category&quot;:{&quot;id&quot;:39861,&quot;name&quot;:&quot;Category Test Name 39861&quot;},&quot;name&quot;:&quot;Test Name 39861&quot;,&quot;photoUrls&quot;:[&quot;Deneme Photo Url&quot;],&quot;tags&quot;:[{&quot;id&quot;:39861,&quot;name&quot;:&quot;Tags Test Name 39861&quot;}],&quot;status&quot;:&quot;available&quot;},{&quot;id&quot;:9223372036854032059,&quot;category&quot;:{&quot;id&quot;:0,&quot;name&quot;:&quot;string&quot;},&quot;name&quot;:&quot;fish&quot;,&quot;photoUrls&quot;:[&quot;string&quot;],&quot;tags&quot;:[{&quot;id&quot;:0,&quot;name&quot;:&quot;string&quot;}],&quot;status&quot;:&quot;available&quot;},{&quot;id&quot;:9223372036854032062,&quot;category&quot;:{&quot;id&quot;:0,&quot;name&quot;:&quot;string&quot;},&quot;name&quot;:&quot;fish&quot;,&quot;photoUrls&quot;:[&quot;string&quot;],&quot;tags&quot;:[{&quot;id&quot;:0,&quot;name&quot;:&quot;string&quot;}],&quot;status&quot;:&quot;available&quot;},{&quot;id&quot;:9223372036854032063,&quot;category&quot;:{&quot;id&quot;:0,&quot;name&quot;:&quot;string&quot;},&quot;name&quot;:&quot;fish&quot;,&quot;photoUrls&quot;:[&quot;string&quot;],&quot;tags&quot;:[{&quot;id&quot;:0,&quot;name&quot;:&quot;string&quot;}],&quot;status&quot;:&quot;available&quot;},{&quot;id&quot;:9223372036854032067,&quot;category&quot;:{&quot;id&quot;:0,&quot;name&quot;:&quot;string&quot;},&quot;name&quot;:&quot;Puff&quot;,&quot;photoUrls&quot;:[&quot;string&quot;],&quot;tags&quot;:[{&quot;id&quot;:0,&quot;name&quot;:&quot;string&quot;}],&quot;status&quot;:&quot;available&quot;},{&quot;id&quot;:9223372036854032069,&quot;category&quot;:{&quot;id&quot;:0,&quot;name&quot;:&quot;string&quot;},&quot;name&quot;:&quot;doggie&quot;,&quot;photoUrls&quot;:[&quot;string&quot;],&quot;tags&quot;:[{&quot;id&quot;:0,&quot;name&quot;:&quot;string&quot;}],&quot;status&quot;:&quot;available&quot;},{&quot;id&quot;:9223372036854032070,&quot;category&quot;:{&quot;id&quot;:0,&quot;name&quot;:&quot;string&quot;},&quot;name&quot;:&quot;doggie&quot;,&quot;photoUrls&quot;:[&quot;string&quot;],&quot;tags&quot;:[{&quot;id&quot;:0,&quot;name&quot;:&quot;string&quot;}],&quot;status&quot;:&quot;available&quot;},{&quot;id&quot;:9223372036854032071,&quot;category&quot;:{&quot;id&quot;:0,&quot;name&quot;:&quot;string&quot;},&quot;name&quot;:&quot;doggie&quot;,&quot;photoUrls&quot;:[&quot;string&quot;],&quot;tags&quot;:[{&quot;id&quot;:0,&quot;name&quot;:&quot;string&quot;}],&quot;status&quot;:&quot;available&quot;},{&quot;id&quot;:9223372036854032072,&quot;category&quot;:{&quot;id&quot;:0,&quot;name&quot;:&quot;string&quot;},&quot;name&quot;:&quot;doggie&quot;,&quot;photoUrls&quot;:[&quot;string&quot;],&quot;tags&quot;:[{&quot;id&quot;:0,&quot;name&quot;:&quot;string&quot;}],&quot;status&quot;:&quot;available&quot;},{&quot;id&quot;:9223372036854032081,&quot;category&quot;:{&quot;id&quot;:0,&quot;name&quot;:&quot;string&quot;},&quot;name&quot;:&quot;fish&quot;,&quot;photoUrls&quot;:[&quot;string&quot;],&quot;tags&quot;:[{&quot;id&quot;:0,&quot;name&quot;:&quot;string&quot;}],&quot;status&quot;:&quot;available&quot;},{&quot;id&quot;:9223372036854032082,&quot;category&quot;:{&quot;id&quot;:0,&quot;name&quot;:&quot;string&quot;},&quot;name&quot;:&quot;fish&quot;,&quot;photoUrls&quot;:[&quot;string&quot;],&quot;tags&quot;:[{&quot;id&quot;:0,&quot;name&quot;:&quot;string&quot;}],&quot;status&quot;:&quot;available&quot;},{&quot;id&quot;:9223372036854032083,&quot;category&quot;:{&quot;id&quot;:0,&quot;name&quot;:&quot;string&quot;},&quot;name&quot;:&quot;fish&quot;,&quot;photoUrls&quot;:[&quot;string&quot;],&quot;tags&quot;:[{&quot;id&quot;:0,&quot;name&quot;:&quot;string&quot;}],&quot;status&quot;:&quot;available&quot;},{&quot;id&quot;:9223372036854032115,&quot;category&quot;:{&quot;id&quot;:0,&quot;name&quot;:&quot;string&quot;},&quot;name&quot;:&quot;fish&quot;,&quot;photoUrls&quot;:[&quot;string&quot;],&quot;tags&quot;:[{&quot;id&quot;:0,&quot;name&quot;:&quot;string&quot;}],&quot;status&quot;:&quot;available&quot;},{&quot;id&quot;:9223372036854032118,&quot;category&quot;:{&quot;id&quot;:0,&quot;name&quot;:&quot;string&quot;},&quot;name&quot;:&quot;fish&quot;,&quot;photoUrls&quot;:[&quot;string&quot;],&quot;tags&quot;:[{&quot;id&quot;:0,&quot;name&quot;:&quot;string&quot;}],&quot;status&quot;:&quot;available&quot;},{&quot;id&quot;:9223372036854032119,&quot;category&quot;:{&quot;id&quot;:0,&quot;name&quot;:&quot;string&quot;},&quot;name&quot;:&quot;doggie&quot;,&quot;photoUrls&quot;:[&quot;string&quot;],&quot;tags&quot;:[{&quot;id&quot;:0,&quot;name&quot;:&quot;string&quot;}],&quot;status&quot;:&quot;available&quot;},{&quot;id&quot;:9223372036854032125,&quot;category&quot;:{&quot;id&quot;:0,&quot;name&quot;:&quot;string&quot;},&quot;name&quot;:&quot;Puff&quot;,&quot;photoUrls&quot;:[&quot;string&quot;],&quot;tags&quot;:[{&quot;id&quot;:0,&quot;name&quot;:&quot;string&quot;}],&quot;status&quot;:&quot;available&quot;},{&quot;id&quot;:9223372036854032135,&quot;category&quot;:{&quot;id&quot;:0,&quot;name&quot;:&quot;string&quot;},&quot;name&quot;:&quot;doggie&quot;,&quot;photoUrls&quot;:[&quot;string&quot;],&quot;tags&quot;:[{&quot;id&quot;:0,&quot;name&quot;:&quot;string&quot;}],&quot;status&quot;:&quot;available&quot;},{&quot;id&quot;:9223372036854032136,&quot;category&quot;:{&quot;id&quot;:0,&quot;name&quot;:&quot;string&quot;},&quot;name&quot;:&quot;doggie&quot;,&quot;photoUrls&quot;:[&quot;string&quot;],&quot;tags&quot;:[{&quot;id&quot;:0,&quot;name&quot;:&quot;string&quot;}],&quot;status&quot;:&quot;available&quot;},{&quot;id&quot;:9223372036854032137,&quot;category&quot;:{&quot;id&quot;:0,&quot;name&quot;:&quot;string&quot;},&quot;name&quot;:&quot;fish&quot;,&quot;photoUrls&quot;:[&quot;string&quot;],&quot;tags&quot;:[{&quot;id&quot;:0,&quot;name&quot;:&quot;string&quot;}],&quot;status&quot;:&quot;available&quot;},{&quot;id&quot;:9223372036854032147,&quot;category&quot;:{&quot;id&quot;:0,&quot;name&quot;:&quot;string&quot;},&quot;name&quot;:&quot;fish&quot;,&quot;photoUrls&quot;:[&quot;string&quot;],&quot;tags&quot;:[{&quot;id&quot;:0,&quot;name&quot;:&quot;string&quot;}],&quot;status&quot;:&quot;available&quot;},{&quot;id&quot;:9223372036854032148,&quot;category&quot;:{&quot;id&quot;:0,&quot;name&quot;:&quot;string&quot;},&quot;name&quot;:&quot;doggie&quot;,&quot;photoUrls&quot;:[&quot;string&quot;],&quot;tags&quot;:[{&quot;id&quot;:0,&quot;name&quot;:&quot;string&quot;}],&quot;status&quot;:&quot;available&quot;},{&quot;id&quot;:9223372036854032149,&quot;category&quot;:{&quot;id&quot;:0,&quot;name&quot;:&quot;string&quot;},&quot;name&quot;:&quot;doggie&quot;,&quot;photoUrls&quot;:[&quot;string&quot;],&quot;tags&quot;:[{&quot;id&quot;:0,&quot;name&quot;:&quot;string&quot;}],&quot;status&quot;:&quot;available&quot;},{&quot;id&quot;:7653,&quot;category&quot;:{&quot;id&quot;:1,&quot;name&quot;:&quot;crazycats&quot;},&quot;name&quot;:&quot;buka&quot;,&quot;photoUrls&quot;:[&quot;string&quot;],&quot;tags&quot;:[{&quot;id&quot;:0,&quot;name&quot;:&quot;string&quot;}],&quot;status&quot;:&quot;available&quot;},{&quot;id&quot;:26039,&quot;category&quot;:{&quot;id&quot;:3,&quot;name&quot;:&quot;BIRD&quot;},&quot;name&quot;:&quot;Shayna&quot;,&quot;photoUrls&quot;:[&quot;string&quot;],&quot;tags&quot;:[{&quot;id&quot;:12,&quot;name&quot;:&quot;obedient&quot;},{&quot;id&quot;:5,&quot;name&quot;:&quot;loyal&quot;},{&quot;id&quot;:5,&quot;name&quot;:&quot;loyal&quot;}],&quot;status&quot;:&quot;available&quot;},{&quot;id&quot;:9223372036854032153,&quot;category&quot;:{&quot;id&quot;:0,&quot;name&quot;:&quot;string&quot;},&quot;name&quot;:&quot;doggie&quot;,&quot;photoUrls&quot;:[&quot;string&quot;],&quot;tags&quot;:[{&quot;id&quot;:0,&quot;name&quot;:&quot;string&quot;}],&quot;status&quot;:&quot;available&quot;},{&quot;id&quot;:9223372036854032166,&quot;category&quot;:{&quot;id&quot;:0,&quot;name&quot;:&quot;string&quot;},&quot;name&quot;:&quot;fish&quot;,&quot;photoUrls&quot;:[&quot;string&quot;],&quot;tags&quot;:[{&quot;id&quot;:0,&quot;name&quot;:&quot;string&quot;}],&quot;status&quot;:&quot;available&quot;},{&quot;id&quot;:9223372036854032169,&quot;category&quot;:{&quot;id&quot;:0,&quot;name&quot;:&quot;string&quot;},&quot;name&quot;:&quot;fish&quot;,&quot;photoUrls&quot;:[&quot;string&quot;],&quot;tags&quot;:[{&quot;id&quot;:0,&quot;name&quot;:&quot;string&quot;}],&quot;status&quot;:&quot;available&quot;},{&quot;id&quot;:9223372036854032170,&quot;category&quot;:{&quot;id&quot;:0,&quot;name&quot;:&quot;string&quot;},&quot;name&quot;:&quot;fish&quot;,&quot;photoUrls&quot;:[&quot;string&quot;],&quot;tags&quot;:[{&quot;id&quot;:0,&quot;name&quot;:&quot;string&quot;}],&quot;status&quot;:&quot;available&quot;},{&quot;id&quot;:9223372036854032171,&quot;category&quot;:{&quot;id&quot;:0,&quot;name&quot;:&quot;string&quot;},&quot;name&quot;:&quot;doggie&quot;,&quot;photoUrls&quot;:[&quot;string&quot;],&quot;tags&quot;:[{&quot;id&quot;:0,&quot;name&quot;:&quot;string&quot;}],&quot;status&quot;:&quot;available&quot;},{&quot;id&quot;:9223372036854032174,&quot;category&quot;:{&quot;id&quot;:0,&quot;name&quot;:&quot;string&quot;},&quot;name&quot;:&quot;Puff&quot;,&quot;photoUrls&quot;:[&quot;string&quot;],&quot;tags&quot;:[{&quot;id&quot;:0,&quot;name&quot;:&quot;string&quot;}],&quot;status&quot;:&quot;available&quot;},{&quot;id&quot;:9223372036854032179,&quot;category&quot;:{&quot;id&quot;:0,&quot;name&quot;:&quot;string&quot;},&quot;name&quot;:&quot;doggie&quot;,&quot;photoUrls&quot;:[&quot;string&quot;],&quot;tags&quot;:[{&quot;id&quot;:0,&quot;name&quot;:&quot;string&quot;}],&quot;status&quot;:&quot;available&quot;},{&quot;id&quot;:9223372036854032180,&quot;category&quot;:{&quot;id&quot;:0,&quot;name&quot;:&quot;string&quot;},&quot;name&quot;:&quot;doggie&quot;,&quot;photoUrls&quot;:[&quot;string&quot;],&quot;tags&quot;:[{&quot;id&quot;:0,&quot;name&quot;:&quot;string&quot;}],&quot;status&quot;:&quot;available&quot;},{&quot;id&quot;:9223372036854032181,&quot;category&quot;:{&quot;id&quot;:0,&quot;name&quot;:&quot;string&quot;},&quot;name&quot;:&quot;doggie&quot;,&quot;photoUrls&quot;:[&quot;string&quot;],&quot;tags&quot;:[{&quot;id&quot;:0,&quot;name&quot;:&quot;string&quot;}],&quot;status&quot;:&quot;available&quot;},{&quot;id&quot;:9223372036854032182,&quot;category&quot;:{&quot;id&quot;:0,&quot;name&quot;:&quot;string&quot;},&quot;name&quot;:&quot;doggie&quot;,&quot;photoUrls&quot;:[&quot;string&quot;],&quot;tags&quot;:[{&quot;id&quot;:0,&quot;name&quot;:&quot;string&quot;}],&quot;status&quot;:&quot;available&quot;},{&quot;id&quot;:9223372036854032185,&quot;category&quot;:{&quot;id&quot;:0,&quot;name&quot;:&quot;string&quot;},&quot;name&quot;:&quot;fish&quot;,&quot;photoUrls&quot;:[&quot;string&quot;],&quot;tags&quot;:[{&quot;id&quot;:0,&quot;name&quot;:&quot;string&quot;}],&quot;status&quot;:&quot;available&quot;},{&quot;id&quot;:9223372036854032186,&quot;category&quot;:{&quot;id&quot;:0,&quot;name&quot;:&quot;string&quot;},&quot;name&quot;:&quot;fish&quot;,&quot;photoUrls&quot;:[&quot;string&quot;],&quot;tags&quot;:[{&quot;id&quot;:0,&quot;name&quot;:&quot;string&quot;}],&quot;status&quot;:&quot;available&quot;},{&quot;id&quot;:9223372036854032187,&quot;category&quot;:{&quot;id&quot;:0,&quot;name&quot;:&quot;string&quot;},&quot;name&quot;:&quot;fish&quot;,&quot;photoUrls&quot;:[&quot;string&quot;],&quot;tags&quot;:[{&quot;id&quot;:0,&quot;name&quot;:&quot;string&quot;}],&quot;status&quot;:&quot;available&quot;},{&quot;id&quot;:9223372036854032188,&quot;category&quot;:{&quot;id&quot;:0,&quot;name&quot;:&quot;string&quot;},&quot;name&quot;:&quot;fish&quot;,&quot;photoUrls&quot;:[&quot;string&quot;],&quot;tags&quot;:[{&quot;id&quot;:0,&quot;name&quot;:&quot;string&quot;}],&quot;status&quot;:&quot;available&quot;},{&quot;id&quot;:688,&quot;category&quot;:{&quot;id&quot;:497,&quot;name&quot;:&quot;Senger&quot;},&quot;name&quot;:&quot;Sean&quot;,&quot;photoUrls&quot;:[&quot;http://marcia.info&quot;,&quot;http://eliseo.name&quot;],&quot;tags&quot;:[{&quot;id&quot;:291,&quot;name&quot;:&quot;cross-platform&quot;}],&quot;status&quot;:&quot;available&quot;},{&quot;id&quot;:55,&quot;category&quot;:{&quot;id&quot;:109,&quot;name&quot;:&quot;puppy&quot;},&quot;name&quot;:&quot;Bella&quot;,&quot;photoUrls&quot;:[&quot;string&quot;],&quot;tags&quot;:[{&quot;id&quot;:112,&quot;name&quot;:&quot;dogs&quot;},{&quot;id&quot;:113,&quot;name&quot;:&quot;middle breed&quot;}],&quot;status&quot;:&quot;available&quot;},{&quot;id&quot;:9223372036854032235,&quot;category&quot;:{&quot;id&quot;:0,&quot;name&quot;:&quot;string&quot;},&quot;name&quot;:&quot;fish&quot;,&quot;photoUrls&quot;:[&quot;string&quot;],&quot;tags&quot;:[{&quot;id&quot;:0,&quot;name&quot;:&quot;string&quot;}],&quot;status&quot;:&quot;available&quot;},{&quot;id&quot;:9223372036854032236,&quot;category&quot;:{&quot;id&quot;:0,&quot;name&quot;:&quot;string&quot;},&quot;name&quot;:&quot;fish&quot;,&quot;photoUrls&quot;:[&quot;string&quot;],&quot;tags&quot;:[{&quot;id&quot;:0,&quot;name&quot;:&quot;string&quot;}],&quot;status&quot;:&quot;available&quot;},{&quot;id&quot;:9223372036854032237,&quot;category&quot;:{&quot;id&quot;:0,&quot;name&quot;:&quot;string&quot;},&quot;name&quot;:&quot;doggie&quot;,&quot;photoUrls&quot;:[&quot;string&quot;],&quot;tags&quot;:[{&quot;id&quot;:0,&quot;name&quot;:&quot;string&quot;}],&quot;status&quot;:&quot;available&quot;},{&quot;id&quot;:9223372036854032238,&quot;category&quot;:{&quot;id&quot;:0,&quot;name&quot;:&quot;string&quot;},&quot;name&quot;:&quot;Puff&quot;,&quot;photoUrls&quot;:[&quot;string&quot;],&quot;tags&quot;:[{&quot;id&quot;:0,&quot;name&quot;:&quot;string&quot;}],&quot;status&quot;:&quot;available&quot;},{&quot;id&quot;:9223372036854032246,&quot;category&quot;:{&quot;id&quot;:0,&quot;name&quot;:&quot;string&quot;},&quot;name&quot;:&quot;doggie&quot;,&quot;photoUrls&quot;:[&quot;string&quot;],&quot;tags&quot;:[{&quot;id&quot;:0,&quot;name&quot;:&quot;string&quot;}],&quot;status&quot;:&quot;available&quot;},{&quot;id&quot;:9223372036854032247,&quot;category&quot;:{&quot;id&quot;:0,&quot;name&quot;:&quot;string&quot;},&quot;name&quot;:&quot;doggie&quot;,&quot;photoUrls&quot;:[&quot;string&quot;],&quot;tags&quot;:[{&quot;id&quot;:0,&quot;name&quot;:&quot;string&quot;}],&quot;status&quot;:&quot;available&quot;},{&quot;id&quot;:9223372036854032248,&quot;category&quot;:{&quot;id&quot;:0,&quot;name&quot;:&quot;string&quot;},&quot;name&quot;:&quot;doggie&quot;,&quot;photoUrls&quot;:[&quot;string&quot;],&quot;tags&quot;:[{&quot;id&quot;:0,&quot;name&quot;:&quot;string&quot;}],&quot;status&quot;:&quot;available&quot;},{&quot;id&quot;:9223372036854032249,&quot;category&quot;:{&quot;id&quot;:0,&quot;name&quot;:&quot;string&quot;},&quot;name&quot;:&quot;doggie&quot;,&quot;photoUrls&quot;:[&quot;string&quot;],&quot;tags&quot;:[{&quot;id&quot;:0,&quot;name&quot;:&quot;string&quot;}],&quot;status&quot;:&quot;available&quot;},{&quot;id&quot;:9223372036854032250,&quot;category&quot;:{&quot;id&quot;:0,&quot;name&quot;:&quot;string&quot;},&quot;name&quot;:&quot;fish&quot;,&quot;photoUrls&quot;:[&quot;string&quot;],&quot;tags&quot;:[{&quot;id&quot;:0,&quot;name&quot;:&quot;string&quot;}],&quot;status&quot;:&quot;available&quot;},{&quot;id&quot;:9223372036854032270,&quot;category&quot;:{&quot;id&quot;:0,&quot;name&quot;:&quot;string&quot;},&quot;name&quot;:&quot;fish&quot;,&quot;photoUrls&quot;:[&quot;string&quot;],&quot;tags&quot;:[{&quot;id&quot;:0,&quot;name&quot;:&quot;string&quot;}],&quot;status&quot;:&quot;available&quot;},{&quot;id&quot;:9223372036854032274,&quot;category&quot;:{&quot;id&quot;:0,&quot;name&quot;:&quot;string&quot;},&quot;name&quot;:&quot;doggie&quot;,&quot;photoUrls&quot;:[&quot;string&quot;],&quot;tags&quot;:[{&quot;id&quot;:0,&quot;name&quot;:&quot;string&quot;}],&quot;status&quot;:&quot;available&quot;},{&quot;id&quot;:9223372036854032278,&quot;category&quot;:{&quot;id&quot;:0,&quot;name&quot;:&quot;string&quot;},&quot;name&quot;:&quot;doggie&quot;,&quot;photoUrls&quot;:[&quot;string&quot;],&quot;tags&quot;:[{&quot;id&quot;:0,&quot;name&quot;:&quot;string&quot;}],&quot;status&quot;:&quot;available&quot;},{&quot;id&quot;:9223372036854032288,&quot;category&quot;:{&quot;id&quot;:0,&quot;name&quot;:&quot;string&quot;},&quot;name&quot;:&quot;fish&quot;,&quot;photoUrls&quot;:[&quot;string&quot;],&quot;tags&quot;:[{&quot;id&quot;:0,&quot;name&quot;:&quot;string&quot;}],&quot;status&quot;:&quot;available&quot;},{&quot;id&quot;:9223372036854032290,&quot;category&quot;:{&quot;id&quot;:0,&quot;name&quot;:&quot;string&quot;},&quot;name&quot;:&quot;fish&quot;,&quot;photoUrls&quot;:[&quot;string&quot;],&quot;tags&quot;:[{&quot;id&quot;:0,&quot;name&quot;:&quot;string&quot;}],&quot;status&quot;:&quot;available&quot;},{&quot;id&quot;:9223372036854032291,&quot;category&quot;:{&quot;id&quot;:0,&quot;name&quot;:&quot;string&quot;},&quot;name&quot;:&quot;fish&quot;,&quot;photoUrls&quot;:[&quot;string&quot;],&quot;tags&quot;:[{&quot;id&quot;:0,&quot;name&quot;:&quot;string&quot;}],&quot;status&quot;:&quot;available&quot;},{&quot;id&quot;:9223372036854032292,&quot;category&quot;:{&quot;id&quot;:0,&quot;name&quot;:&quot;string&quot;},&quot;name&quot;:&quot;Puff&quot;,&quot;photoUrls&quot;:[&quot;string&quot;],&quot;tags&quot;:[{&quot;id&quot;:0,&quot;name&quot;:&quot;string&quot;}],&quot;status&quot;:&quot;available&quot;},{&quot;id&quot;:9223372036854032299,&quot;category&quot;:{&quot;id&quot;:0,&quot;name&quot;:&quot;string&quot;},&quot;name&quot;:&quot;doggie&quot;,&quot;photoUrls&quot;:[&quot;string&quot;],&quot;tags&quot;:[{&quot;id&quot;:0,&quot;name&quot;:&quot;string&quot;}],&quot;status&quot;:&quot;available&quot;},{&quot;id&quot;:9223372036854032300,&quot;category&quot;:{&quot;id&quot;:0,&quot;name&quot;:&quot;string&quot;},&quot;name&quot;:&quot;doggie&quot;,&quot;photoUrls&quot;:[&quot;string&quot;],&quot;tags&quot;:[{&quot;id&quot;:0,&quot;name&quot;:&quot;string&quot;}],&quot;status&quot;:&quot;available&quot;},{&quot;id&quot;:9223372036854032303,&quot;category&quot;:{&quot;id&quot;:0,&quot;name&quot;:&quot;string&quot;},&quot;name&quot;:&quot;doggie&quot;,&quot;photoUrls&quot;:[&quot;string&quot;],&quot;tags&quot;:[{&quot;id&quot;:0,&quot;name&quot;:&quot;string&quot;}],&quot;status&quot;:&quot;available&quot;},{&quot;id&quot;:9223372036854032304,&quot;category&quot;:{&quot;id&quot;:0,&quot;name&quot;:&quot;string&quot;},&quot;name&quot;:&quot;doggie&quot;,&quot;photoUrls&quot;:[&quot;string&quot;],&quot;tags&quot;:[{&quot;id&quot;:0,&quot;name&quot;:&quot;string&quot;}],&quot;status&quot;:&quot;available&quot;},{&quot;id&quot;:9223372036854032306,&quot;category&quot;:{&quot;id&quot;:0,&quot;name&quot;:&quot;string&quot;},&quot;name&quot;:&quot;11111&quot;,&quot;photoUrls&quot;:[&quot;string&quot;],&quot;tags&quot;:[{&quot;id&quot;:0,&quot;name&quot;:&quot;beautiful&quot;}],&quot;status&quot;:&quot;available&quot;},{&quot;id&quot;:9223372036854032309,&quot;category&quot;:{&quot;id&quot;:0,&quot;name&quot;:&quot;string&quot;},&quot;name&quot;:&quot;fish&quot;,&quot;photoUrls&quot;:[&quot;string&quot;],&quot;tags&quot;:[{&quot;id&quot;:0,&quot;name&quot;:&quot;string&quot;}],&quot;status&quot;:&quot;available&quot;},{&quot;id&quot;:9223372036854032310,&quot;category&quot;:{&quot;id&quot;:0,&quot;name&quot;:&quot;string&quot;},&quot;name&quot;:&quot;fish&quot;,&quot;photoUrls&quot;:[&quot;string&quot;],&quot;tags&quot;:[{&quot;id&quot;:0,&quot;name&quot;:&quot;string&quot;}],&quot;status&quot;:&quot;available&quot;},{&quot;id&quot;:9223372036854032311,&quot;category&quot;:{&quot;id&quot;:0,&quot;name&quot;:&quot;string&quot;},&quot;name&quot;:&quot;fish&quot;,&quot;photoUrls&quot;:[&quot;string&quot;],&quot;tags&quot;:[{&quot;id&quot;:0,&quot;name&quot;:&quot;string&quot;}],&quot;status&quot;:&quot;available&quot;},{&quot;id&quot;:9223372036854032312,&quot;category&quot;:{&quot;id&quot;:0,&quot;name&quot;:&quot;string&quot;},&quot;name&quot;:&quot;11111&quot;,&quot;photoUrls&quot;:[&quot;string&quot;],&quot;tags&quot;:[{&quot;id&quot;:0,&quot;name&quot;:&quot;beautiful&quot;}],&quot;status&quot;:&quot;available&quot;},{&quot;id&quot;:136,&quot;category&quot;:{&quot;id&quot;:136,&quot;name&quot;:&quot;8rncp&quot;},&quot;photoUrls&quot;:[],&quot;tags&quot;:[],&quot;status&quot;:&quot;available&quot;},{&quot;id&quot;:9223372036854032342,&quot;category&quot;:{&quot;id&quot;:0,&quot;name&quot;:&quot;string&quot;},&quot;name&quot;:&quot;11111&quot;,&quot;photoUrls&quot;:[&quot;string&quot;],&quot;tags&quot;:[{&quot;id&quot;:0,&quot;name&quot;:&quot;beautiful&quot;}],&quot;status&quot;:&quot;available&quot;},{&quot;id&quot;:9223372036854032343,&quot;category&quot;:{&quot;id&quot;:0,&quot;name&quot;:&quot;string&quot;},&quot;name&quot;:&quot;fish&quot;,&quot;photoUrls&quot;:[&quot;string&quot;],&quot;tags&quot;:[{&quot;id&quot;:0,&quot;name&quot;:&quot;string&quot;}],&quot;status&quot;:&quot;available&quot;},{&quot;id&quot;:9223372036854032344,&quot;category&quot;:{&quot;id&quot;:0,&quot;name&quot;:&quot;string&quot;},&quot;name&quot;:&quot;fish&quot;,&quot;photoUrls&quot;:[&quot;string&quot;],&quot;tags&quot;:[{&quot;id&quot;:0,&quot;name&quot;:&quot;string&quot;}],&quot;status&quot;:&quot;available&quot;},{&quot;id&quot;:9223372036854032345,&quot;category&quot;:{&quot;id&quot;:0,&quot;name&quot;:&quot;string&quot;},&quot;name&quot;:&quot;Puff&quot;,&quot;photoUrls&quot;:[&quot;string&quot;],&quot;tags&quot;:[{&quot;id&quot;:0,&quot;name&quot;:&quot;string&quot;}],&quot;status&quot;:&quot;available&quot;},{&quot;id&quot;:9223372036854032350,&quot;category&quot;:{&quot;id&quot;:0,&quot;name&quot;:&quot;string&quot;},&quot;name&quot;:&quot;doggie&quot;,&quot;photoUrls&quot;:[&quot;string&quot;],&quot;tags&quot;:[{&quot;id&quot;:0,&quot;name&quot;:&quot;string&quot;}],&quot;status&quot;:&quot;available&quot;},{&quot;id&quot;:9223372036854032351,&quot;category&quot;:{&quot;id&quot;:0,&quot;name&quot;:&quot;string&quot;},&quot;name&quot;:&quot;doggie&quot;,&quot;photoUrls&quot;:[&quot;string&quot;],&quot;tags&quot;:[{&quot;id&quot;:0,&quot;name&quot;:&quot;string&quot;}],&quot;status&quot;:&quot;available&quot;},{&quot;id&quot;:9223372036854032352,&quot;category&quot;:{&quot;id&quot;:0,&quot;name&quot;:&quot;string&quot;},&quot;name&quot;:&quot;doggie&quot;,&quot;photoUrls&quot;:[&quot;string&quot;],&quot;tags&quot;:[{&quot;id&quot;:0,&quot;name&quot;:&quot;string&quot;}],&quot;status&quot;:&quot;available&quot;},{&quot;id&quot;:9223372036854032353,&quot;category&quot;:{&quot;id&quot;:0,&quot;name&quot;:&quot;string&quot;},&quot;name&quot;:&quot;doggie&quot;,&quot;photoUrls&quot;:[&quot;string&quot;],&quot;tags&quot;:[{&quot;id&quot;:0,&quot;name&quot;:&quot;string&quot;}],&quot;status&quot;:&quot;available&quot;},{&quot;id&quot;:9223372036854032357,&quot;category&quot;:{&quot;id&quot;:0,&quot;name&quot;:&quot;string&quot;},&quot;name&quot;:&quot;fish&quot;,&quot;photoUrls&quot;:[&quot;string&quot;],&quot;tags&quot;:[{&quot;id&quot;:0,&quot;name&quot;:&quot;string&quot;}],&quot;status&quot;:&quot;available&quot;},{&quot;id&quot;:9223372036854032360,&quot;category&quot;:{&quot;id&quot;:0,&quot;name&quot;:&quot;string&quot;},&quot;name&quot;:&quot;fish&quot;,&quot;photoUrls&quot;:[&quot;string&quot;],&quot;tags&quot;:[{&quot;id&quot;:0,&quot;name&quot;:&quot;string&quot;}],&quot;status&quot;:&quot;available&quot;},{&quot;id&quot;:9223372036854032365,&quot;category&quot;:{&quot;id&quot;:0,&quot;name&quot;:&quot;string&quot;},&quot;name&quot;:&quot;doggie&quot;,&quot;photoUrls&quot;:[&quot;string&quot;],&quot;tags&quot;:[{&quot;id&quot;:0,&quot;name&quot;:&quot;string&quot;}],&quot;status&quot;:&quot;available&quot;},{&quot;id&quot;:9223372036854032387,&quot;category&quot;:{&quot;id&quot;:0,&quot;name&quot;:&quot;string&quot;},&quot;name&quot;:&quot;fish&quot;,&quot;photoUrls&quot;:[&quot;string&quot;],&quot;tags&quot;:[{&quot;id&quot;:0,&quot;name&quot;:&quot;string&quot;}],&quot;status&quot;:&quot;available&quot;},{&quot;id&quot;:45,&quot;category&quot;:{&quot;id&quot;:0,&quot;name&quot;:&quot;cat&quot;},&quot;name&quot;:&quot;camell&quot;,&quot;photoUrls&quot;:[&quot;string&quot;],&quot;tags&quot;:[{&quot;id&quot;:45,&quot;name&quot;:&quot;greate&quot;},{&quot;id&quot;:45100,&quot;name&quot;:&quot;pig&quot;}],&quot;status&quot;:&quot;available&quot;},{&quot;id&quot;:9223372036854032391,&quot;category&quot;:{&quot;id&quot;:0,&quot;name&quot;:&quot;string&quot;},&quot;name&quot;:&quot;fish&quot;,&quot;photoUrls&quot;:[&quot;string&quot;],&quot;tags&quot;:[{&quot;id&quot;:0,&quot;name&quot;:&quot;string&quot;}],&quot;status&quot;:&quot;available&quot;},{&quot;id&quot;:9223372036854032392,&quot;category&quot;:{&quot;id&quot;:0,&quot;name&quot;:&quot;string&quot;},&quot;name&quot;:&quot;fish&quot;,&quot;photoUrls&quot;:[&quot;string&quot;],&quot;tags&quot;:[{&quot;id&quot;:0,&quot;name&quot;:&quot;string&quot;}],&quot;status&quot;:&quot;available&quot;},{&quot;id&quot;:9223372036854032394,&quot;category&quot;:{&quot;id&quot;:0,&quot;name&quot;:&quot;string&quot;},&quot;name&quot;:&quot;Puff&quot;,&quot;photoUrls&quot;:[&quot;string&quot;],&quot;tags&quot;:[{&quot;id&quot;:0,&quot;name&quot;:&quot;string&quot;}],&quot;status&quot;:&quot;available&quot;},{&quot;id&quot;:9223372036854032397,&quot;category&quot;:{&quot;id&quot;:0,&quot;name&quot;:&quot;string&quot;},&quot;name&quot;:&quot;doggie&quot;,&quot;photoUrls&quot;:[&quot;string&quot;],&quot;tags&quot;:[{&quot;id&quot;:0,&quot;name&quot;:&quot;string&quot;}],&quot;status&quot;:&quot;available&quot;},{&quot;id&quot;:9223372036854032399,&quot;category&quot;:{&quot;id&quot;:0,&quot;name&quot;:&quot;string&quot;},&quot;name&quot;:&quot;doggie&quot;,&quot;photoUrls&quot;:[&quot;string&quot;],&quot;tags&quot;:[{&quot;id&quot;:0,&quot;name&quot;:&quot;string&quot;}],&quot;status&quot;:&quot;available&quot;},{&quot;id&quot;:9223372036854032402,&quot;category&quot;:{&quot;id&quot;:0,&quot;name&quot;:&quot;string&quot;},&quot;name&quot;:&quot;doggie&quot;,&quot;photoUrls&quot;:[&quot;string&quot;],&quot;tags&quot;:[{&quot;id&quot;:0,&quot;name&quot;:&quot;string&quot;}],&quot;status&quot;:&quot;available&quot;},{&quot;id&quot;:9223372036854032403,&quot;category&quot;:{&quot;id&quot;:0,&quot;name&quot;:&quot;string&quot;},&quot;name&quot;:&quot;doggie&quot;,&quot;photoUrls&quot;:[&quot;string&quot;],&quot;tags&quot;:[{&quot;id&quot;:0,&quot;name&quot;:&quot;string&quot;}],&quot;status&quot;:&quot;available&quot;},{&quot;id&quot;:9223372036854032413,&quot;category&quot;:{&quot;id&quot;:0,&quot;name&quot;:&quot;string&quot;},&quot;name&quot;:&quot;fish&quot;,&quot;photoUrls&quot;:[&quot;string&quot;],&quot;tags&quot;:[{&quot;id&quot;:0,&quot;name&quot;:&quot;string&quot;}],&quot;status&quot;:&quot;available&quot;},{&quot;id&quot;:9223372036854032414,&quot;category&quot;:{&quot;id&quot;:0,&quot;name&quot;:&quot;string&quot;},&quot;name&quot;:&quot;fish&quot;,&quot;photoUrls&quot;:[&quot;string&quot;],&quot;tags&quot;:[{&quot;id&quot;:0,&quot;name&quot;:&quot;string&quot;}],&quot;status&quot;:&quot;available&quot;},{&quot;id&quot;:9223372036854032415,&quot;category&quot;:{&quot;id&quot;:0,&quot;name&quot;:&quot;string&quot;},&quot;name&quot;:&quot;fish&quot;,&quot;photoUrls&quot;:[&quot;string&quot;],&quot;tags&quot;:[{&quot;id&quot;:0,&quot;name&quot;:&quot;string&quot;}],&quot;status&quot;:&quot;available&quot;},{&quot;id&quot;:9223372036854032416,&quot;category&quot;:{&quot;id&quot;:0,&quot;name&quot;:&quot;string&quot;},&quot;name&quot;:&quot;11111&quot;,&quot;photoUrls&quot;:[&quot;string&quot;],&quot;tags&quot;:[{&quot;id&quot;:0,&quot;name&quot;:&quot;beautiful&quot;}],&quot;status&quot;:&quot;available&quot;},{&quot;id&quot;:9223372036854032441,&quot;category&quot;:{&quot;id&quot;:0,&quot;name&quot;:&quot;string&quot;},&quot;name&quot;:&quot;fish&quot;,&quot;photoUrls&quot;:[&quot;string&quot;],&quot;tags&quot;:[{&quot;id&quot;:0,&quot;name&quot;:&quot;string&quot;}],&quot;status&quot;:&quot;available&quot;},{&quot;id&quot;:9223372036854032442,&quot;category&quot;:{&quot;id&quot;:0,&quot;name&quot;:&quot;string&quot;},&quot;name&quot;:&quot;fish&quot;,&quot;photoUrls&quot;:[&quot;string&quot;],&quot;tags&quot;:[{&quot;id&quot;:0,&quot;name&quot;:&quot;string&quot;}],&quot;status&quot;:&quot;available&quot;},{&quot;id&quot;:9223372036854032443,&quot;category&quot;:{&quot;id&quot;:0,&quot;name&quot;:&quot;string&quot;},&quot;name&quot;:&quot;doggie&quot;,&quot;photoUrls&quot;:[&quot;string&quot;],&quot;tags&quot;:[{&quot;id&quot;:0,&quot;name&quot;:&quot;string&quot;}],&quot;status&quot;:&quot;available&quot;},{&quot;id&quot;:9223372036854032444,&quot;category&quot;:{&quot;id&quot;:0,&quot;name&quot;:&quot;string&quot;},&quot;name&quot;:&quot;Puff&quot;,&quot;photoUrls&quot;:[&quot;string&quot;],&quot;tags&quot;:[{&quot;id&quot;:0,&quot;name&quot;:&quot;string&quot;}],&quot;status&quot;:&quot;available&quot;},{&quot;id&quot;:9223372036854032445,&quot;category&quot;:{&quot;id&quot;:0,&quot;name&quot;:&quot;string&quot;},&quot;name&quot;:&quot;doggie&quot;,&quot;photoUrls&quot;:[&quot;string&quot;],&quot;tags&quot;:[{&quot;id&quot;:0,&quot;name&quot;:&quot;string&quot;}],&quot;status&quot;:&quot;available&quot;},{&quot;id&quot;:9223372036854032446,&quot;category&quot;:{&quot;id&quot;:0,&quot;name&quot;:&quot;string&quot;},&quot;name&quot;:&quot;doggie&quot;,&quot;photoUrls&quot;:[&quot;string&quot;],&quot;tags&quot;:[{&quot;id&quot;:0,&quot;name&quot;:&quot;string&quot;}],&quot;status&quot;:&quot;available&quot;},{&quot;id&quot;:9223372036854032449,&quot;category&quot;:{&quot;id&quot;:0,&quot;name&quot;:&quot;string&quot;},&quot;name&quot;:&quot;doggie&quot;,&quot;photoUrls&quot;:[&quot;string&quot;],&quot;tags&quot;:[{&quot;id&quot;:0,&quot;name&quot;:&quot;string&quot;}],&quot;status&quot;:&quot;available&quot;},{&quot;id&quot;:9223372036854032450,&quot;category&quot;:{&quot;id&quot;:0,&quot;name&quot;:&quot;string&quot;},&quot;name&quot;:&quot;doggie&quot;,&quot;photoUrls&quot;:[&quot;string&quot;],&quot;tags&quot;:[{&quot;id&quot;:0,&quot;name&quot;:&quot;string&quot;}],&quot;status&quot;:&quot;available&quot;},{&quot;id&quot;:9223372036854032453,&quot;category&quot;:{&quot;id&quot;:0,&quot;name&quot;:&quot;string&quot;},&quot;name&quot;:&quot;fish&quot;,&quot;photoUrls&quot;:[&quot;string&quot;],&quot;tags&quot;:[{&quot;id&quot;:0,&quot;name&quot;:&quot;string&quot;}],&quot;status&quot;:&quot;available&quot;},{&quot;id&quot;:9223372036854032468,&quot;category&quot;:{&quot;id&quot;:0,&quot;name&quot;:&quot;string&quot;},&quot;name&quot;:&quot;test&quot;,&quot;photoUrls&quot;:[&quot;string&quot;],&quot;tags&quot;:[{&quot;id&quot;:0,&quot;name&quot;:&quot;string&quot;}],&quot;status&quot;:&quot;available&quot;},{&quot;id&quot;:9223372036854032469,&quot;category&quot;:{&quot;id&quot;:0,&quot;name&quot;:&quot;string&quot;},&quot;name&quot;:&quot;test&quot;,&quot;photoUrls&quot;:[&quot;string&quot;],&quot;tags&quot;:[{&quot;id&quot;:0,&quot;name&quot;:&quot;string&quot;}],&quot;status&quot;:&quot;available&quot;},{&quot;id&quot;:9223372036854032470,&quot;category&quot;:{&quot;id&quot;:0,&quot;name&quot;:&quot;string&quot;},&quot;name&quot;:&quot;test&quot;,&quot;photoUrls&quot;:[&quot;string&quot;],&quot;tags&quot;:[{&quot;id&quot;:0,&quot;name&quot;:&quot;string&quot;}],&quot;status&quot;:&quot;available&quot;},{&quot;id&quot;:9223372036854032471,&quot;category&quot;:{&quot;id&quot;:0,&quot;name&quot;:&quot;string&quot;},&quot;name&quot;:&quot;test&quot;,&quot;photoUrls&quot;:[&quot;string&quot;],&quot;tags&quot;:[{&quot;id&quot;:0,&quot;name&quot;:&quot;string&quot;}],&quot;status&quot;:&quot;available&quot;},{&quot;id&quot;:9223372036854032472,&quot;category&quot;:{&quot;id&quot;:0,&quot;name&quot;:&quot;string&quot;},&quot;name&quot;:&quot;fish&quot;,&quot;photoUrls&quot;:[&quot;string&quot;],&quot;tags&quot;:[{&quot;id&quot;:0,&quot;name&quot;:&quot;string&quot;}],&quot;status&quot;:&quot;available&quot;},{&quot;id&quot;:9223372036854032478,&quot;category&quot;:{&quot;id&quot;:0,&quot;name&quot;:&quot;string&quot;},&quot;name&quot;:&quot;doggie&quot;,&quot;photoUrls&quot;:[&quot;string&quot;],&quot;tags&quot;:[{&quot;id&quot;:0,&quot;name&quot;:&quot;string&quot;}],&quot;status&quot;:&quot;available&quot;},{&quot;id&quot;:9223372036854032479,&quot;category&quot;:{&quot;id&quot;:0,&quot;name&quot;:&quot;Cat&quot;},&quot;name&quot;:&quot;Bonaparte&quot;,&quot;photoUrls&quot;:[&quot;string&quot;],&quot;tags&quot;:[{&quot;id&quot;:0,&quot;name&quot;:&quot;Cat&quot;}],&quot;status&quot;:&quot;available&quot;},{&quot;id&quot;:9223372036854032496,&quot;category&quot;:{&quot;id&quot;:0,&quot;name&quot;:&quot;string&quot;},&quot;name&quot;:&quot;fish&quot;,&quot;photoUrls&quot;:[&quot;string&quot;],&quot;tags&quot;:[{&quot;id&quot;:0,&quot;name&quot;:&quot;string&quot;}],&quot;status&quot;:&quot;available&quot;},{&quot;id&quot;:9223372036854032501,&quot;category&quot;:{&quot;id&quot;:0,&quot;name&quot;:&quot;string&quot;},&quot;name&quot;:&quot;doggie&quot;,&quot;photoUrls&quot;:[&quot;string&quot;],&quot;tags&quot;:[{&quot;id&quot;:0,&quot;name&quot;:&quot;string&quot;}],&quot;status&quot;:&quot;available&quot;},{&quot;id&quot;:112233,&quot;category&quot;:{&quot;id&quot;:30,&quot;name&quot;:&quot;Eq-dog&quot;},&quot;name&quot;:&quot;Postman&quot;,&quot;photoUrls&quot;:[&quot;URLLink&quot;],&quot;tags&quot;:[{&quot;id&quot;:10,&quot;name&quot;:&quot;Doberman&quot;}],&quot;status&quot;:&quot;available&quot;},{&quot;id&quot;:9223372036854032505,&quot;category&quot;:{&quot;id&quot;:0,&quot;name&quot;:&quot;string&quot;},&quot;name&quot;:&quot;fish&quot;,&quot;photoUrls&quot;:[&quot;string&quot;],&quot;tags&quot;:[{&quot;id&quot;:0,&quot;name&quot;:&quot;string&quot;}],&quot;status&quot;:&quot;available&quot;},{&quot;id&quot;:9223372036854032506,&quot;category&quot;:{&quot;id&quot;:0,&quot;name&quot;:&quot;string&quot;},&quot;name&quot;:&quot;fish&quot;,&quot;photoUrls&quot;:[&quot;string&quot;],&quot;tags&quot;:[{&quot;id&quot;:0,&quot;name&quot;:&quot;string&quot;}],&quot;status&quot;:&quot;available&quot;},{&quot;id&quot;:9223372036854032509,&quot;category&quot;:{&quot;id&quot;:0,&quot;name&quot;:&quot;string&quot;},&quot;name&quot;:&quot;Puff&quot;,&quot;photoUrls&quot;:[&quot;string&quot;],&quot;tags&quot;:[{&quot;id&quot;:0,&quot;name&quot;:&quot;string&quot;}],&quot;status&quot;:&quot;available&quot;},{&quot;id&quot;:9223372036854032510,&quot;category&quot;:{&quot;id&quot;:0,&quot;name&quot;:&quot;string&quot;},&quot;name&quot;:&quot;11111&quot;,&quot;photoUrls&quot;:[&quot;string&quot;],&quot;tags&quot;:[{&quot;id&quot;:0,&quot;name&quot;:&quot;beautiful&quot;}],&quot;status&quot;:&quot;available&quot;},{&quot;id&quot;:9223372036854032511,&quot;category&quot;:{&quot;id&quot;:0,&quot;name&quot;:&quot;string&quot;},&quot;name&quot;:&quot;doggie&quot;,&quot;photoUrls&quot;:[&quot;string&quot;],&quot;tags&quot;:[{&quot;id&quot;:0,&quot;name&quot;:&quot;string&quot;}],&quot;status&quot;:&quot;available&quot;},{&quot;id&quot;:9223372036854032512,&quot;category&quot;:{&quot;id&quot;:0,&quot;name&quot;:&quot;string&quot;},&quot;name&quot;:&quot;doggie&quot;,&quot;photoUrls&quot;:[&quot;string&quot;],&quot;tags&quot;:[{&quot;id&quot;:0,&quot;name&quot;:&quot;string&quot;}],&quot;status&quot;:&quot;available&quot;},{&quot;id&quot;:9223372036854032515,&quot;category&quot;:{&quot;id&quot;:0,&quot;name&quot;:&quot;string&quot;},&quot;name&quot;:&quot;doggie&quot;,&quot;photoUrls&quot;:[&quot;string&quot;],&quot;tags&quot;:[{&quot;id&quot;:0,&quot;name&quot;:&quot;string&quot;}],&quot;status&quot;:&quot;available&quot;},{&quot;id&quot;:9223372036854032516,&quot;category&quot;:{&quot;id&quot;:0,&quot;name&quot;:&quot;string&quot;},&quot;name&quot;:&quot;doggie&quot;,&quot;photoUrls&quot;:[&quot;string&quot;],&quot;tags&quot;:[{&quot;id&quot;:0,&quot;name&quot;:&quot;string&quot;}],&quot;status&quot;:&quot;available&quot;},{&quot;id&quot;:9223372036854032523,&quot;category&quot;:{&quot;id&quot;:0,&quot;name&quot;:&quot;string&quot;},&quot;name&quot;:&quot;fish&quot;,&quot;photoUrls&quot;:[&quot;string&quot;],&quot;tags&quot;:[{&quot;id&quot;:0,&quot;name&quot;:&quot;string&quot;}],&quot;status&quot;:&quot;available&quot;},{&quot;id&quot;:12,&quot;category&quot;:{&quot;id&quot;:1,&quot;name&quot;:&quot;string&quot;},&quot;name&quot;:&quot;doggie&quot;,&quot;photoUrls&quot;:[&quot;string&quot;],&quot;tags&quot;:[{&quot;id&quot;:1,&quot;name&quot;:&quot;string&quot;}],&quot;status&quot;:&quot;available&quot;},{&quot;id&quot;:9223372036854032524,&quot;category&quot;:{&quot;id&quot;:0,&quot;name&quot;:&quot;string&quot;},&quot;name&quot;:&quot;11111&quot;,&quot;photoUrls&quot;:[&quot;string&quot;],&quot;tags&quot;:[{&quot;id&quot;:0,&quot;name&quot;:&quot;beautiful&quot;}],&quot;status&quot;:&quot;available&quot;},{&quot;id&quot;:9223372036854032525,&quot;category&quot;:{&quot;id&quot;:0,&quot;name&quot;:&quot;string&quot;},&quot;name&quot;:&quot;fish&quot;,&quot;photoUrls&quot;:[&quot;string&quot;],&quot;tags&quot;:[{&quot;id&quot;:0,&quot;name&quot;:&quot;string&quot;}],&quot;status&quot;:&quot;available&quot;},{&quot;id&quot;:9223372036854032526,&quot;category&quot;:{&quot;id&quot;:0,&quot;name&quot;:&quot;string&quot;},&quot;name&quot;:&quot;fish&quot;,&quot;photoUrls&quot;:[&quot;string&quot;],&quot;tags&quot;:[{&quot;id&quot;:0,&quot;name&quot;:&quot;string&quot;}],&quot;status&quot;:&quot;available&quot;},{&quot;id&quot;:9223372036854032527,&quot;category&quot;:{&quot;id&quot;:0,&quot;name&quot;:&quot;string&quot;},&quot;name&quot;:&quot;fish&quot;,&quot;photoUrls&quot;:[&quot;string&quot;],&quot;tags&quot;:[{&quot;id&quot;:0,&quot;name&quot;:&quot;string&quot;}],&quot;status&quot;:&quot;available&quot;},{&quot;id&quot;:9223372036854032536,&quot;category&quot;:{&quot;id&quot;:0,&quot;name&quot;:&quot;string&quot;},&quot;name&quot;:&quot;pies&quot;,&quot;photoUrls&quot;:[&quot;string&quot;],&quot;tags&quot;:[{&quot;id&quot;:0,&quot;name&quot;:&quot;junior&quot;}],&quot;status&quot;:&quot;available&quot;},{&quot;id&quot;:9223372036854032537,&quot;category&quot;:{&quot;id&quot;:0,&quot;name&quot;:&quot;string&quot;},&quot;name&quot;:&quot;kot&quot;,&quot;photoUrls&quot;:[&quot;string&quot;],&quot;tags&quot;:[{&quot;id&quot;:0,&quot;name&quot;:&quot;little&quot;}],&quot;status&quot;:&quot;available&quot;},{&quot;id&quot;:9223372036854032540,&quot;category&quot;:{&quot;id&quot;:2,&quot;name&quot;:&quot;Cats&quot;},&quot;name&quot;:&quot;Tom&quot;,&quot;photoUrls&quot;:[],&quot;tags&quot;:[],&quot;status&quot;:&quot;available&quot;},{&quot;id&quot;:9223372036854032572,&quot;category&quot;:{&quot;id&quot;:0,&quot;name&quot;:&quot;string&quot;},&quot;name&quot;:&quot;doggie&quot;,&quot;photoUrls&quot;:[&quot;string&quot;],&quot;tags&quot;:[{&quot;id&quot;:0,&quot;name&quot;:&quot;string&quot;}],&quot;status&quot;:&quot;available&quot;},{&quot;id&quot;:9223372036854032574,&quot;category&quot;:{&quot;id&quot;:0,&quot;name&quot;:&quot;string&quot;},&quot;name&quot;:&quot;fish&quot;,&quot;photoUrls&quot;:[&quot;string&quot;],&quot;tags&quot;:[{&quot;id&quot;:0,&quot;name&quot;:&quot;string&quot;}],&quot;status&quot;:&quot;available&quot;},{&quot;id&quot;:9222968140491042131,&quot;category&quot;:{&quot;id&quot;:0,&quot;name&quot;:&quot;string&quot;},&quot;name&quot;:&quot;doggie&quot;,&quot;photoUrls&quot;:[&quot;string&quot;],&quot;tags&quot;:[{&quot;id&quot;:0,&quot;name&quot;:&quot;string&quot;}],&quot;status&quot;:&quot;available&quot;},{&quot;id&quot;:9223372036854032575,&quot;category&quot;:{&quot;id&quot;:0,&quot;name&quot;:&quot;string&quot;},&quot;name&quot;:&quot;fish&quot;,&quot;photoUrls&quot;:[&quot;string&quot;],&quot;tags&quot;:[{&quot;id&quot;:0,&quot;name&quot;:&quot;string&quot;}],&quot;status&quot;:&quot;available&quot;},{&quot;id&quot;:9223372036854032576,&quot;category&quot;:{&quot;id&quot;:0,&quot;name&quot;:&quot;Pomeranian&quot;},&quot;name&quot;:&quot;Yeontn&quot;,&quot;photoUrls&quot;:[&quot;https://www.google.com/url?sa=i&amp;url=https%3A%2F%2Fwikibio.in%2Fyeontan%2F&amp;psig=AOvVaw0UdJeOGlk-jKSOtT-nplW1&amp;ust=1682581409377000&amp;source=images&amp;cd=vfe&amp;ved=0CA4QjRxqFwoTCMCQvJiuyP4CFQAAAAAdAAAAABAI&quot;],&quot;tags&quot;:[{&quot;id&quot;:0,&quot;name&quot;:&quot;Dog&quot;}],&quot;status&quot;:&quot;available&quot;},{&quot;id&quot;:9223372036854032577,&quot;category&quot;:{&quot;id&quot;:0,&quot;name&quot;:&quot;string&quot;},&quot;name&quot;:&quot;Wanda Howell&quot;,&quot;photoUrls&quot;:[&quot;string&quot;],&quot;tags&quot;:[{&quot;id&quot;:0,&quot;name&quot;:&quot;string&quot;}],&quot;status&quot;:&quot;available&quot;},{&quot;id&quot;:9223372036854032578,&quot;name&quot;:&quot;Azorell without category&quot;,&quot;photoUrls&quot;:[&quot;https://i.insider.com/5489a390eab8ea6938b17e33?width=300&amp;format=jpeg&amp;auto=webp&quot;],&quot;tags&quot;:[{&quot;id&quot;:0,&quot;name&quot;:&quot;castrat&quot;}],&quot;status&quot;:&quot;available&quot;},{&quot;id&quot;:9223372036854032579,&quot;category&quot;:{&quot;id&quot;:0,&quot;name&quot;:&quot;dalmatian&quot;},&quot;photoUrls&quot;:[&quot;https://i.insider.com/5484a322eab8ea6938b17e33?width=300&amp;format=jpeg&amp;auto=webp&quot;],&quot;tags&quot;:[{&quot;id&quot;:0,&quot;name&quot;:&quot;castrat&quot;}],&quot;status&quot;:&quot;available&quot;},{&quot;id&quot;:9223372036854032584,&quot;name&quot;:&quot;Grivei update&quot;,&quot;photoUrls&quot;:[],&quot;tags&quot;:[{&quot;id&quot;:1,&quot;name&quot;:&quot;dalmatian&quot;}],&quot;status&quot;:&quot;available&quot;},{&quot;id&quot;:1234321,&quot;category&quot;:{&quot;id&quot;:0,&quot;name&quot;:&quot;Cat&quot;},&quot;name&quot;:&quot;Pamuk&quot;,&quot;photoUrls&quot;:[&quot;string&quot;],&quot;tags&quot;:[{&quot;id&quot;:0,&quot;name&quot;:&quot;My cute cat&quot;}],&quot;status&quot;:&quot;available&quot;},{&quot;id&quot;:9223372036854032585,&quot;category&quot;:{&quot;id&quot;:0,&quot;name&quot;:&quot;Cat&quot;},&quot;name&quot;:&quot;cotton&quot;,&quot;photoUrls&quot;:[&quot;string&quot;],&quot;tags&quot;:[{&quot;id&quot;:0,&quot;name&quot;:&quot;my lovely cat&quot;}],&quot;status&quot;:&quot;available&quot;},{&quot;id&quot;:9223372036854032586,&quot;category&quot;:{&quot;id&quot;:0,&quot;name&quot;:&quot;string&quot;},&quot;name&quot;:&quot;Puff&quot;,&quot;photoUrls&quot;:[&quot;string&quot;],&quot;tags&quot;:[{&quot;id&quot;:0,&quot;name&quot;:&quot;string&quot;}],&quot;status&quot;:&quot;available&quot;},{&quot;id&quot;:9223372036854032590,&quot;category&quot;:{&quot;id&quot;:0,&quot;name&quot;:&quot;Nemo&quot;},&quot;name&quot;:&quot;Fish&quot;,&quot;photoUrls&quot;:[&quot;https://avatars.mds.yandex.net/i?id=1987d977026b87b0889f11fa19ed76ffd75699d0-10876270-images-thumbs&amp;n=13&quot;],&quot;tags&quot;:[{&quot;id&quot;:0,&quot;name&quot;:&quot;string&quot;}],&quot;status&quot;:&quot;available&quot;},{&quot;id&quot;:9223372016900017280,&quot;category&quot;:{&quot;id&quot;:0,&quot;name&quot;:&quot;FISH NEMO&quot;},&quot;name&quot;:&quot;NEMO FISH&quot;,&quot;photoUrls&quot;:[&quot;string&quot;],&quot;tags&quot;:[{&quot;id&quot;:0,&quot;name&quot;:&quot;string&quot;}],&quot;status&quot;:&quot;available&quot;},{&quot;id&quot;:9223372036854032593,&quot;category&quot;:{&quot;id&quot;:0,&quot;name&quot;:&quot;string&quot;},&quot;name&quot;:&quot;doggie&quot;,&quot;photoUrls&quot;:[&quot;string&quot;],&quot;tags&quot;:[{&quot;id&quot;:0,&quot;name&quot;:&quot;string&quot;}],&quot;status&quot;:&quot;available&quot;},{&quot;id&quot;:9223372036854032594,&quot;category&quot;:{&quot;id&quot;:0,&quot;name&quot;:&quot;string&quot;},&quot;name&quot;:&quot;doggie&quot;,&quot;photoUrls&quot;:[&quot;string&quot;],&quot;tags&quot;:[{&quot;id&quot;:0,&quot;name&quot;:&quot;string&quot;}],&quot;status&quot;:&quot;available&quot;},{&quot;id&quot;:9223372036854032595,&quot;category&quot;:{&quot;id&quot;:0,&quot;name&quot;:&quot;string&quot;},&quot;name&quot;:&quot;doggie&quot;,&quot;photoUrls&quot;:[&quot;string&quot;],&quot;tags&quot;:[{&quot;id&quot;:0,&quot;name&quot;:&quot;string&quot;}],&quot;status&quot;:&quot;available&quot;},{&quot;id&quot;:42181115,&quot;category&quot;:{&quot;id&quot;:8557341,&quot;name&quot;:&quot;ut nisi&quot;},&quot;name&quot;:&quot;doggie&quot;,&quot;photoUrls&quot;:[&quot;fugiat cillum&quot;,&quot;cillum&quot;],&quot;tags&quot;:[{&quot;id&quot;:67927893,&quot;name&quot;:&quot;et Excepteur ad&quot;},{&quot;id&quot;:-13431872,&quot;name&quot;:&quot;sint ut&quot;}],&quot;status&quot;:&quot;available&quot;},{&quot;id&quot;:20083319,&quot;category&quot;:{&quot;id&quot;:62517053,&quot;name&quot;:&quot;non anim quis&quot;},&quot;name&quot;:&quot;doggie&quot;,&quot;photoUrls&quot;:[&quot;enim Ut&quot;,&quot;ad &quot;],&quot;tags&quot;:[{&quot;id&quot;:-59403361,&quot;name&quot;:&quot;nulla ad&quot;},{&quot;id&quot;:-56161569,&quot;name&quot;:&quot;ullamco ex&quot;}],&quot;status&quot;:&quot;available&quot;},{&quot;id&quot;:9223372036854032596,&quot;category&quot;:{&quot;id&quot;:0,&quot;name&quot;:&quot;string&quot;},&quot;name&quot;:&quot;doggie&quot;,&quot;photoUrls&quot;:[&quot;string&quot;],&quot;tags&quot;:[{&quot;id&quot;:0,&quot;name&quot;:&quot;string&quot;}],&quot;status&quot;:&quot;available&quot;},{&quot;id&quot;:121212,&quot;category&quot;:{&quot;id&quot;:0,&quot;name&quot;:&quot;birdie&quot;},&quot;name&quot;:&quot;cikcik&quot;,&quot;photoUrls&quot;:[&quot;string&quot;],&quot;tags&quot;:[{&quot;id&quot;:0,&quot;name&quot;:&quot;cute&quot;}],&quot;status&quot;:&quot;available&quot;},{&quot;id&quot;:9223372036854032599,&quot;category&quot;:{&quot;id&quot;:0,&quot;name&quot;:&quot;string&quot;},&quot;name&quot;:&quot;fish&quot;,&quot;photoUrls&quot;:[&quot;string&quot;],&quot;tags&quot;:[{&quot;id&quot;:0,&quot;name&quot;:&quot;string&quot;}],&quot;status&quot;:&quot;available&quot;},{&quot;id&quot;:9223372036854032611,&quot;category&quot;:{&quot;id&quot;:0,&quot;name&quot;:&quot;string&quot;},&quot;name&quot;:&quot;fish&quot;,&quot;photoUrls&quot;:[&quot;string&quot;],&quot;tags&quot;:[{&quot;id&quot;:0,&quot;name&quot;:&quot;string&quot;}],&quot;status&quot;:&quot;available&quot;},{&quot;id&quot;:9223372036854032612,&quot;category&quot;:{&quot;id&quot;:0,&quot;name&quot;:&quot;string&quot;},&quot;name&quot;:&quot;Вася_меняем&quot;,&quot;photoUrls&quot;:[&quot;https://images.app.goo.gl/iYNub8fsUdJ4xVwo6&quot;],&quot;tags&quot;:[{&quot;id&quot;:0,&quot;name&quot;:&quot;string&quot;}],&quot;status&quot;:&quot;available&quot;},{&quot;id&quot;:9223372036854032616,&quot;category&quot;:{&quot;id&quot;:0,&quot;name&quot;:&quot;string&quot;},&quot;name&quot;:&quot;doggie&quot;,&quot;photoUrls&quot;:[&quot;string&quot;],&quot;tags&quot;:[{&quot;id&quot;:0,&quot;name&quot;:&quot;string&quot;}],&quot;status&quot;:&quot;available&quot;},{&quot;id&quot;:9223372036854032621,&quot;category&quot;:{&quot;id&quot;:0,&quot;name&quot;:&quot;string&quot;},&quot;name&quot;:&quot;doggie&quot;,&quot;photoUrls&quot;:[&quot;string&quot;],&quot;tags&quot;:[{&quot;id&quot;:0,&quot;name&quot;:&quot;string&quot;}],&quot;status&quot;:&quot;available&quot;},{&quot;id&quot;:9223372036854032622,&quot;category&quot;:{&quot;id&quot;:0,&quot;name&quot;:&quot;string&quot;},&quot;name&quot;:&quot;pies&quot;,&quot;photoUrls&quot;:[&quot;string&quot;],&quot;tags&quot;:[{&quot;id&quot;:0,&quot;name&quot;:&quot;junior&quot;}],&quot;status&quot;:&quot;available&quot;},{&quot;id&quot;:9223372036854032623,&quot;category&quot;:{&quot;id&quot;:0,&quot;name&quot;:&quot;string&quot;},&quot;name&quot;:&quot;kot&quot;,&quot;photoUrls&quot;:[&quot;string&quot;],&quot;tags&quot;:[{&quot;id&quot;:0,&quot;name&quot;:&quot;little&quot;}],&quot;status&quot;:&quot;available&quot;},{&quot;id&quot;:9223372036854032630,&quot;category&quot;:{&quot;id&quot;:0,&quot;name&quot;:&quot;string&quot;},&quot;name&quot;:&quot;Moti&quot;,&quot;photoUrls&quot;:[&quot;string&quot;],&quot;tags&quot;:[{&quot;id&quot;:0,&quot;name&quot;:&quot;string&quot;}],&quot;status&quot;:&quot;available&quot;},{&quot;id&quot;:9223372036854032634,&quot;category&quot;:{&quot;id&quot;:0,&quot;name&quot;:&quot;string&quot;},&quot;name&quot;:&quot;fish&quot;,&quot;photoUrls&quot;:[&quot;string&quot;],&quot;tags&quot;:[{&quot;id&quot;:0,&quot;name&quot;:&quot;string&quot;}],&quot;status&quot;:&quot;available&quot;},{&quot;id&quot;:99,&quot;category&quot;:{&quot;id&quot;:1,&quot;name&quot;:&quot;name&quot;},&quot;name&quot;:&quot;FullName&quot;,&quot;photoUrls&quot;:[&quot;testUrl&quot;],&quot;tags&quot;:[{&quot;id&quot;:1,&quot;name&quot;:&quot;tagName&quot;},{&quot;id&quot;:2,&quot;name&quot;:&quot;tagName2&quot;}],&quot;status&quot;:&quot;available&quot;},{&quot;id&quot;:9223372036854032648,&quot;category&quot;:{&quot;id&quot;:0,&quot;name&quot;:&quot;string&quot;},&quot;name&quot;:&quot;fish&quot;,&quot;photoUrls&quot;:[&quot;string&quot;],&quot;tags&quot;:[{&quot;id&quot;:0,&quot;name&quot;:&quot;string&quot;}],&quot;status&quot;:&quot;available&quot;},{&quot;id&quot;:9223372036854032649,&quot;category&quot;:{&quot;id&quot;:0,&quot;name&quot;:&quot;string&quot;},&quot;name&quot;:&quot;fish&quot;,&quot;photoUrls&quot;:[&quot;string&quot;],&quot;tags&quot;:[{&quot;id&quot;:0,&quot;name&quot;:&quot;string&quot;}],&quot;status&quot;:&quot;available&quot;},{&quot;id&quot;:9223372036854032650,&quot;category&quot;:{&quot;id&quot;:0,&quot;name&quot;:&quot;string&quot;},&quot;name&quot;:&quot;11111&quot;,&quot;photoUrls&quot;:[&quot;string&quot;],&quot;tags&quot;:[{&quot;id&quot;:0,&quot;name&quot;:&quot;beautiful&quot;}],&quot;status&quot;:&quot;available&quot;},{&quot;id&quot;:9223372036854032651,&quot;category&quot;:{&quot;id&quot;:0,&quot;name&quot;:&quot;string&quot;},&quot;name&quot;:&quot;Puff&quot;,&quot;photoUrls&quot;:[&quot;string&quot;],&quot;tags&quot;:[{&quot;id&quot;:0,&quot;name&quot;:&quot;string&quot;}],&quot;status&quot;:&quot;available&quot;},{&quot;id&quot;:9223372036854032652,&quot;category&quot;:{&quot;id&quot;:0,&quot;name&quot;:&quot;string&quot;},&quot;name&quot;:&quot;doggie&quot;,&quot;photoUrls&quot;:[&quot;string&quot;],&quot;tags&quot;:[{&quot;id&quot;:0,&quot;name&quot;:&quot;string&quot;}],&quot;status&quot;:&quot;available&quot;},{&quot;id&quot;:9223372036854032653,&quot;category&quot;:{&quot;id&quot;:0,&quot;name&quot;:&quot;string&quot;},&quot;name&quot;:&quot;doggie&quot;,&quot;photoUrls&quot;:[&quot;string&quot;],&quot;tags&quot;:[{&quot;id&quot;:0,&quot;name&quot;:&quot;string&quot;}],&quot;status&quot;:&quot;available&quot;},{&quot;id&quot;:1324,&quot;category&quot;:{&quot;id&quot;:2,&quot;name&quot;:&quot;rabbit&quot;},&quot;name&quot;:&quot;fox&quot;,&quot;photoUrls&quot;:[&quot;string&quot;],&quot;tags&quot;:[{&quot;id&quot;:3,&quot;name&quot;:&quot;beautiful&quot;},{&quot;id&quot;:4,&quot;name&quot;:&quot;small&quot;}],&quot;status&quot;:&quot;available&quot;},{&quot;id&quot;:9223372036854032655,&quot;category&quot;:{&quot;id&quot;:0,&quot;name&quot;:&quot;string&quot;},&quot;name&quot;:&quot;doggie&quot;,&quot;photoUrls&quot;:[&quot;string&quot;],&quot;tags&quot;:[{&quot;id&quot;:0,&quot;name&quot;:&quot;string&quot;}],&quot;status&quot;:&quot;available&quot;},{&quot;id&quot;:9223372036854032656,&quot;category&quot;:{&quot;id&quot;:0,&quot;name&quot;:&quot;string&quot;},&quot;name&quot;:&quot;doggie&quot;,&quot;photoUrls&quot;:[&quot;string&quot;],&quot;tags&quot;:[{&quot;id&quot;:0,&quot;name&quot;:&quot;string&quot;}],&quot;status&quot;:&quot;available&quot;},{&quot;id&quot;:9223372036854032665,&quot;category&quot;:{&quot;id&quot;:0,&quot;name&quot;:&quot;string&quot;},&quot;name&quot;:&quot;doggie&quot;,&quot;photoUrls&quot;:[&quot;string&quot;],&quot;tags&quot;:[{&quot;id&quot;:0,&quot;name&quot;:&quot;string&quot;}],&quot;status&quot;:&quot;available&quot;},{&quot;id&quot;:9223372036854032666,&quot;category&quot;:{&quot;id&quot;:0,&quot;name&quot;:&quot;string&quot;},&quot;name&quot;:&quot;fish&quot;,&quot;photoUrls&quot;:[&quot;string&quot;],&quot;tags&quot;:[{&quot;id&quot;:0,&quot;name&quot;:&quot;string&quot;}],&quot;status&quot;:&quot;available&quot;},{&quot;id&quot;:9223372036854032667,&quot;category&quot;:{&quot;id&quot;:0,&quot;name&quot;:&quot;string&quot;},&quot;name&quot;:&quot;fish&quot;,&quot;photoUrls&quot;:[&quot;string&quot;],&quot;tags&quot;:[{&quot;id&quot;:0,&quot;name&quot;:&quot;string&quot;}],&quot;status&quot;:&quot;available&quot;},{&quot;id&quot;:9223372036854032668,&quot;category&quot;:{&quot;id&quot;:0,&quot;name&quot;:&quot;string&quot;},&quot;name&quot;:&quot;fish&quot;,&quot;photoUrls&quot;:[&quot;string&quot;],&quot;tags&quot;:[{&quot;id&quot;:0,&quot;name&quot;:&quot;string&quot;}],&quot;status&quot;:&quot;available&quot;},{&quot;id&quot;:9223372036854032675,&quot;category&quot;:{&quot;id&quot;:0,&quot;name&quot;:&quot;string&quot;},&quot;name&quot;:&quot;doggie&quot;,&quot;photoUrls&quot;:[&quot;string&quot;],&quot;tags&quot;:[{&quot;id&quot;:0,&quot;name&quot;:&quot;string&quot;}],&quot;status&quot;:&quot;available&quot;},{&quot;id&quot;:222,&quot;category&quot;:{&quot;id&quot;:0,&quot;name&quot;:&quot;string&quot;},&quot;name&quot;:&quot;roberto&quot;,&quot;photoUrls&quot;:[&quot;string&quot;],&quot;tags&quot;:[{&quot;id&quot;:0,&quot;name&quot;:&quot;string&quot;}],&quot;status&quot;:&quot;available&quot;},{&quot;id&quot;:9223372036854032678,&quot;category&quot;:{&quot;id&quot;:0,&quot;name&quot;:&quot;string&quot;},&quot;name&quot;:&quot;doggie&quot;,&quot;photoUrls&quot;:[&quot;string&quot;],&quot;tags&quot;:[{&quot;id&quot;:0,&quot;name&quot;:&quot;string&quot;}],&quot;status&quot;:&quot;available&quot;},{&quot;id&quot;:9223372036854032679,&quot;name&quot;:&quot;doggie&quot;,&quot;photoUrls&quot;:[&quot;string&quot;],&quot;tags&quot;:[{&quot;id&quot;:0,&quot;name&quot;:&quot;string&quot;}],&quot;status&quot;:&quot;available&quot;},{&quot;id&quot;:9223372036854032702,&quot;category&quot;:{&quot;id&quot;:0,&quot;name&quot;:&quot;string&quot;},&quot;name&quot;:&quot;fish&quot;,&quot;photoUrls&quot;:[&quot;string&quot;],&quot;tags&quot;:[{&quot;id&quot;:0,&quot;name&quot;:&quot;string&quot;}],&quot;status&quot;:&quot;available&quot;},{&quot;id&quot;:9223372036854032703,&quot;category&quot;:{&quot;id&quot;:0,&quot;name&quot;:&quot;string&quot;},&quot;name&quot;:&quot;fish&quot;,&quot;photoUrls&quot;:[&quot;string&quot;],&quot;tags&quot;:[{&quot;id&quot;:0,&quot;name&quot;:&quot;string&quot;}],&quot;status&quot;:&quot;available&quot;},{&quot;id&quot;:9223372036854032715,&quot;category&quot;:{&quot;id&quot;:0,&quot;name&quot;:&quot;string&quot;},&quot;name&quot;:&quot;Puff&quot;,&quot;photoUrls&quot;:[&quot;string&quot;],&quot;tags&quot;:[{&quot;id&quot;:0,&quot;name&quot;:&quot;string&quot;}],&quot;status&quot;:&quot;available&quot;},{&quot;id&quot;:9223372036854032716,&quot;category&quot;:{&quot;id&quot;:0,&quot;name&quot;:&quot;string&quot;},&quot;name&quot;:&quot;doggie&quot;,&quot;photoUrls&quot;:[&quot;string&quot;],&quot;tags&quot;:[{&quot;id&quot;:0,&quot;name&quot;:&quot;string&quot;}],&quot;status&quot;:&quot;available&quot;},{&quot;id&quot;:9223372036854032717,&quot;category&quot;:{&quot;id&quot;:0,&quot;name&quot;:&quot;string&quot;},&quot;name&quot;:&quot;doggie&quot;,&quot;photoUrls&quot;:[&quot;string&quot;],&quot;tags&quot;:[{&quot;id&quot;:0,&quot;name&quot;:&quot;string&quot;}],&quot;status&quot;:&quot;available&quot;},{&quot;id&quot;:9223372036854032718,&quot;category&quot;:{&quot;id&quot;:0,&quot;name&quot;:&quot;string&quot;},&quot;name&quot;:&quot;doggie&quot;,&quot;photoUrls&quot;:[&quot;string&quot;],&quot;tags&quot;:[{&quot;id&quot;:0,&quot;name&quot;:&quot;string&quot;}],&quot;status&quot;:&quot;available&quot;},{&quot;id&quot;:9223372036854032720,&quot;category&quot;:{&quot;id&quot;:0,&quot;name&quot;:&quot;string&quot;},&quot;name&quot;:&quot;doggie&quot;,&quot;photoUrls&quot;:[&quot;string&quot;],&quot;tags&quot;:[{&quot;id&quot;:0,&quot;name&quot;:&quot;string&quot;}],&quot;status&quot;:&quot;available&quot;},{&quot;id&quot;:9223372036854032721,&quot;category&quot;:{&quot;id&quot;:0,&quot;name&quot;:&quot;string&quot;},&quot;name&quot;:&quot;doggie&quot;,&quot;photoUrls&quot;:[&quot;string&quot;],&quot;tags&quot;:[{&quot;id&quot;:0,&quot;name&quot;:&quot;string&quot;}],&quot;status&quot;:&quot;available&quot;},{&quot;id&quot;:9223372036854032722,&quot;category&quot;:{&quot;id&quot;:0,&quot;name&quot;:&quot;string&quot;},&quot;name&quot;:&quot;fish&quot;,&quot;photoUrls&quot;:[&quot;string&quot;],&quot;tags&quot;:[{&quot;id&quot;:0,&quot;name&quot;:&quot;string&quot;}],&quot;status&quot;:&quot;available&quot;},{&quot;id&quot;:1,&quot;category&quot;:{&quot;id&quot;:1,&quot;name&quot;:&quot;string&quot;},&quot;name&quot;:&quot;doggie&quot;,&quot;photoUrls&quot;:[&quot;string&quot;],&quot;tags&quot;:[{&quot;id&quot;:1,&quot;name&quot;:&quot;string&quot;}],&quot;status&quot;:&quot;available&quot;}]&#10;" type="java.lang.AssertionError"><![CDATA[java.lang.AssertionError: 
1 expectation failed.
Response body doesn't match expectation.
Expected: The content to match the given JSON schema.
warning: the following keywords are unknown and will be ignored: [$id]
    level: "warning"
    schema: {"loadingURI":"#","pointer":""}
    domain: "syntax"
    ignored: ["$id"]
warning: the following keywords are unknown and will be ignored: [$id]
    level: "warning"
    schema: {"loadingURI":"#","pointer":"/items"}
    domain: "syntax"
    ignored: ["$id"]
warning: the following keywords are unknown and will be ignored: [$id]
    level: "warning"
    schema: {"loadingURI":"#","pointer":"/items/properties/category"}
    domain: "syntax"
    ignored: ["$id"]
warning: the following keywords are unknown and will be ignored: [$id, examples]
    level: "warning"
    schema: {"loadingURI":"#","pointer":"/items/properties/category/properties/id"}
    domain: "syntax"
    ignored: ["$id","examples"]
warning: the following keywords are unknown and will be ignored: [$id, examples]
    level: "warning"
    schema: {"loadingURI":"#","pointer":"/items/properties/category/properties/name"}
    domain: "syntax"
    ignored: ["$id","examples"]
warning: the following keywords are unknown and will be ignored: [$id, examples]
    level: "warning"
    schema: {"loadingURI":"#","pointer":"/items/properties/id"}
    domain: "syntax"
    ignored: ["$id","examples"]
warning: the following keywords are unknown and will be ignored: [$id, examples]
    level: "warning"
    schema: {"loadingURI":"#","pointer":"/items/properties/name"}
    domain: "syntax"
    ignored: ["$id","examples"]
warning: the following keywords are unknown and will be ignored: [$id]
    level: "warning"
    schema: {"loadingURI":"#","pointer":"/items/properties/photoUrls"}
    domain: "syntax"
    ignored: ["$id"]
warning: the following keywords are unknown and will be ignored: [$id, examples]
    level: "warning"
    schema: {"loadingURI":"#","pointer":"/items/properties/photoUrls/items"}
    domain: "syntax"
    ignored: ["$id","examples"]
warning: the following keywords are unknown and will be ignored: [$id, examples]
    level: "warning"
    schema: {"loadingURI":"#","pointer":"/items/properties/status"}
    domain: "syntax"
    ignored: ["$id","examples"]
warning: the following keywords are unknown and will be ignored: [$id]
    level: "warning"
    schema: {"loadingURI":"#","pointer":"/items/properties/tags"}
    domain: "syntax"
    ignored: ["$id"]
warning: the following keywords are unknown and will be ignored: [$id]
    level: "warning"
    schema: {"loadingURI":"#","pointer":"/items/properties/tags/items"}
    domain: "syntax"
    ignored: ["$id"]
warning: the following keywords are unknown and will be ignored: [$id, examples]
    level: "warning"
    schema: {"loadingURI":"#","pointer":"/items/properties/tags/items/properties/id"}
    domain: "syntax"
    ignored: ["$id","examples"]
warning: the following keywords are unknown and will be ignored: [$id, examples]
    level: "warning"
    schema: {"loadingURI":"#","pointer":"/items/properties/tags/items/properties/name"}
    domain: "syntax"
    ignored: ["$id","examples"]
warning: the following keywords are unknown and will be ignored: [$id]
    level: "warning"
    schema: {"loadingURI":"#","pointer":"/items"}
    domain: "syntax"
    ignored: ["$id"]
warning: the following keywords are unknown and will be ignored: [$id]
    level: "warning"
    schema: {"loadingURI":"#","pointer":"/items/properties/category"}
    domain: "syntax"
    ignored: ["$id"]
warning: the following keywords are unknown and will be ignored: [$id, examples]
    level: "warning"
    schema: {"loadingURI":"#","pointer":"/items/properties/category/properties/id"}
    domain: "syntax"
    ignored: ["$id","examples"]
warning: the following keywords are unknown and will be ignored: [$id, examples]
    level: "warning"
    schema: {"loadingURI":"#","pointer":"/items/properties/category/properties/name"}
    domain: "syntax"
    ignored: ["$id","examples"]
warning: the following keywords are unknown and will be ignored: [$id, examples]
    level: "warning"
    schema: {"loadingURI":"#","pointer":"/items/properties/id"}
    domain: "syntax"
    ignored: ["$id","examples"]
warning: the following keywords are unknown and will be ignored: [$id, examples]
    level: "warning"
    schema: {"loadingURI":"#","pointer":"/items/properties/name"}
    domain: "syntax"
    ignored: ["$id","examples"]
warning: the following keywords are unknown and will be ignored: [$id]
    level: "warning"
    schema: {"loadingURI":"#","pointer":"/items/properties/photoUrls"}
    domain: "syntax"
    ignored: ["$id"]
warning: the following keywords are unknown and will be ignored: [$id, examples]
    level: "warning"
    schema: {"loadingURI":"#","pointer":"/items/properties/photoUrls/items"}
    domain: "syntax"
    ignored: ["$id","examples"]
warning: the following keywords are unknown and will be ignored: [$id, examples]
    level: "warning"
    schema: {"loadingURI":"#","pointer":"/items/properties/status"}
    domain: "syntax"
    ignored: ["$id","examples"]
warning: the following keywords are unknown and will be ignored: [$id]
    level: "warning"
    schema: {"loadingURI":"#","pointer":"/items/properties/tags"}
    domain: "syntax"
    ignored: ["$id"]
warning: the following keywords are unknown and will be ignored: [$id]
    level: "warning"
    schema: {"loadingURI":"#","pointer":"/items/properties/tags/items"}
    domain: "syntax"
    ignored: ["$id"]
warning: the following keywords are unknown and will be ignored: [$id, examples]
    level: "warning"
    schema: {"loadingURI":"#","pointer":"/items/properties/tags/items/properties/id"}
    domain: "syntax"
    ignored: ["$id","examples"]
warning: the following keywords are unknown and will be ignored: [$id, examples]
    level: "warning"
    schema: {"loadingURI":"#","pointer":"/items/properties/tags/items/properties/name"}
    domain: "syntax"
    ignored: ["$id","examples"]
warning: the following keywords are unknown and will be ignored: [$id]
    level: "warning"
    schema: {"loadingURI":"#","pointer":"/items/properties/category"}
    domain: "syntax"
    ignored: ["$id"]
warning: the following keywords are unknown and will be ignored: [$id, examples]
    level: "warning"
    schema: {"loadingURI":"#","pointer":"/items/properties/category/properties/id"}
    domain: "syntax"
    ignored: ["$id","examples"]
warning: the following keywords are unknown and will be ignored: [$id, examples]
    level: "warning"
    schema: {"loadingURI":"#","pointer":"/items/properties/category/properties/name"}
    domain: "syntax"
    ignored: ["$id","examples"]
warning: the following keywords are unknown and will be ignored: [$id, examples]
    level: "warning"
    schema: {"loadingURI":"#","pointer":"/items/properties/category/properties/id"}
    domain: "syntax"
    ignored: ["$id","examples"]
warning: the following keywords are unknown and will be ignored: [$id, examples]
    level: "warning"
    schema: {"loadingURI":"#","pointer":"/items/properties/category/properties/name"}
    domain: "syntax"
    ignored: ["$id","examples"]
warning: the following keywords are unknown and will be ignored: [$id, examples]
    level: "warning"
    schema: {"loadingURI":"#","pointer":"/items/properties/id"}
    domain: "syntax"
    ignored: ["$id","examples"]
warning: the following keywords are unknown and will be ignored: [$id, examples]
    level: "warning"
    schema: {"loadingURI":"#","pointer":"/items/properties/name"}
    domain: "syntax"
    ignored: ["$id","examples"]
warning: the following keywords are unknown and will be ignored: [$id]
    level: "warning"
    schema: {"loadingURI":"#","pointer":"/items/properties/photoUrls"}
    domain: "syntax"
    ignored: ["$id"]
warning: the following keywords are unknown and will be ignored: [$id, examples]
    level: "warning"
    schema: {"loadingURI":"#","pointer":"/items/properties/photoUrls/items"}
    domain: "syntax"
    ignored: ["$id","examples"]
warning: the following keywords are unknown and will be ignored: [$id, examples]
    level: "warning"
    schema: {"loadingURI":"#","pointer":"/items/properties/photoUrls/items"}
    domain: "syntax"
    ignored: ["$id","examples"]
warning: the following keywords are unknown and will be ignored: [$id, examples]
    level: "warning"
    schema: {"loadingURI":"#","pointer":"/items/properties/status"}
    domain: "syntax"
    ignored: ["$id","examples"]
warning: the following keywords are unknown and will be ignored: [$id]
    level: "warning"
    schema: {"loadingURI":"#","pointer":"/items/properties/tags"}
    domain: "syntax"
    ignored: ["$id"]
warning: the following keywords are unknown and will be ignored: [$id]
    level: "warning"
    schema: {"loadingURI":"#","pointer":"/items/properties/tags/items"}
    domain: "syntax"
    ignored: ["$id"]
warning: the following keywords are unknown and will be ignored: [$id, examples]
    level: "warning"
    schema: {"loadingURI":"#","pointer":"/items/properties/tags/items/properties/id"}
    domain: "syntax"
    ignored: ["$id","examples"]
warning: the following keywords are unknown and will be ignored: [$id, examples]
    level: "warning"
    schema: {"loadingURI":"#","pointer":"/items/properties/tags/items/properties/name"}
    domain: "syntax"
    ignored: ["$id","examples"]
warning: the following keywords are unknown and will be ignored: [$id]
    level: "warning"
    schema: {"loadingURI":"#","pointer":"/items/properties/tags/items"}
    domain: "syntax"
    ignored: ["$id"]
warning: the following keywords are unknown and will be ignored: [$id, examples]
    level: "warning"
    schema: {"loadingURI":"#","pointer":"/items/properties/tags/items/properties/id"}
    domain: "syntax"
    ignored: ["$id","examples"]
warning: the following keywords are unknown and will be ignored: [$id, examples]
    level: "warning"
    schema: {"loadingURI":"#","pointer":"/items/properties/tags/items/properties/name"}
    domain: "syntax"
    ignored: ["$id","examples"]
warning: the following keywords are unknown and will be ignored: [$id, examples]
    level: "warning"
    schema: {"loadingURI":"#","pointer":"/items/properties/tags/items/properties/id"}
    domain: "syntax"
    ignored: ["$id","examples"]
warning: the following keywords are unknown and will be ignored: [$id, examples]
    level: "warning"
    schema: {"loadingURI":"#","pointer":"/items/properties/tags/items/properties/name"}
    domain: "syntax"
    ignored: ["$id","examples"]
warning: the following keywords are unknown and will be ignored: [$id]
    level: "warning"
    schema: {"loadingURI":"#","pointer":"/items"}
    domain: "syntax"
    ignored: ["$id"]
warning: the following keywords are unknown and will be ignored: [$id]
    level: "warning"
    schema: {"loadingURI":"#","pointer":"/items/properties/category"}
    domain: "syntax"
    ignored: ["$id"]
warning: the following keywords are unknown and will be ignored: [$id, examples]
    level: "warning"
    schema: {"loadingURI":"#","pointer":"/items/properties/category/properties/id"}
    domain: "syntax"
    ignored: ["$id","examples"]
warning: the following keywords are unknown and will be ignored: [$id, examples]
    level: "warning"
    schema: {"loadingURI":"#","pointer":"/items/properties/category/properties/name"}
    domain: "syntax"
    ignored: ["$id","examples"]
warning: the following keywords are unknown and will be ignored: [$id, examples]
    level: "warning"
    schema: {"loadingURI":"#","pointer":"/items/properties/id"}
    domain: "syntax"
    ignored: ["$id","examples"]
warning: the following keywords are unknown and will be ignored: [$id, examples]
    level: "warning"
    schema: {"loadingURI":"#","pointer":"/items/properties/name"}
    domain: "syntax"
    ignored: ["$id","examples"]
warning: the following keywords are unknown and will be ignored: [$id]
    level: "warning"
    schema: {"loadingURI":"#","pointer":"/items/properties/photoUrls"}
    domain: "syntax"
    ignored: ["$id"]
warning: the following keywords are unknown and will be ignored: [$id, examples]
    level: "warning"
    schema: {"loadingURI":"#","pointer":"/items/properties/photoUrls/items"}
    domain: "syntax"
    ignored: ["$id","examples"]
warning: the following keywords are unknown and will be ignored: [$id, examples]
    level: "warning"
    schema: {"loadingURI":"#","pointer":"/items/properties/status"}
    domain: "syntax"
    ignored: ["$id","examples"]
warning: the following keywords are unknown and will be ignored: [$id]
    level: "warning"
    schema: {"loadingURI":"#","pointer":"/items/properties/tags"}
    domain: "syntax"
    ignored: ["$id"]
warning: the following keywords are unknown and will be ignored: [$id]
    level: "warning"
    schema: {"loadingURI":"#","pointer":"/items/properties/tags/items"}
    domain: "syntax"
    ignored: ["$id"]
warning: the following keywords are unknown and will be ignored: [$id, examples]
    level: "warning"
    schema: {"loadingURI":"#","pointer":"/items/properties/tags/items/properties/id"}
    domain: "syntax"
    ignored: ["$id","examples"]
warning: the following keywords are unknown and will be ignored: [$id, examples]
    level: "warning"
    schema: {"loadingURI":"#","pointer":"/items/properties/tags/items/properties/name"}
    domain: "syntax"
    ignored: ["$id","examples"]
warning: the following keywords are unknown and will be ignored: [$id]
    level: "warning"
    schema: {"loadingURI":"#","pointer":"/items/properties/category"}
    domain: "syntax"
    ignored: ["$id"]
warning: the following keywords are unknown and will be ignored: [$id, examples]
    level: "warning"
    schema: {"loadingURI":"#","pointer":"/items/properties/category/properties/id"}
    domain: "syntax"
    ignored: ["$id","examples"]
warning: the following keywords are unknown and will be ignored: [$id, examples]
    level: "warning"
    schema: {"loadingURI":"#","pointer":"/items/properties/category/properties/name"}
    domain: "syntax"
    ignored: ["$id","examples"]
warning: the following keywords are unknown and will be ignored: [$id, examples]
    level: "warning"
    schema: {"loadingURI":"#","pointer":"/items/properties/category/properties/id"}
    domain: "syntax"
    ignored: ["$id","examples"]
warning: the following keywords are unknown and will be ignored: [$id, examples]
    level: "warning"
    schema: {"loadingURI":"#","pointer":"/items/properties/category/properties/name"}
    domain: "syntax"
    ignored: ["$id","examples"]
warning: the following keywords are unknown and will be ignored: [$id, examples]
    level: "warning"
    schema: {"loadingURI":"#","pointer":"/items/properties/id"}
    domain: "syntax"
    ignored: ["$id","examples"]
warning: the following keywords are unknown and will be ignored: [$id, examples]
    level: "warning"
    schema: {"loadingURI":"#","pointer":"/items/properties/name"}
    domain: "syntax"
    ignored: ["$id","examples"]
warning: the following keywords are unknown and will be ignored: [$id]
    level: "warning"
    schema: {"loadingURI":"#","pointer":"/items/properties/photoUrls"}
    domain: "syntax"
    ignored: ["$id"]
warning: the following keywords are unknown and will be ignored: [$id, examples]
    level: "warning"
    schema: {"loadingURI":"#","pointer":"/items/properties/photoUrls/items"}
    domain: "syntax"
    ignored: ["$id","examples"]
warning: the following keywords are unknown and will be ignored: [$id, examples]
    level: "warning"
    schema: {"loadingURI":"#","pointer":"/items/properties/photoUrls/items"}
    domain: "syntax"
    ignored: ["$id","examples"]
warning: the following keywords are unknown and will be ignored: [$id, examples]
    level: "warning"
    schema: {"loadingURI":"#","pointer":"/items/properties/status"}
    domain: "syntax"
    ignored: ["$id","examples"]
warning: the following keywords are unknown and will be ignored: [$id]
    level: "warning"
    schema: {"loadingURI":"#","pointer":"/items/properties/tags"}
    domain: "syntax"
    ignored: ["$id"]
warning: the following keywords are unknown and will be ignored: [$id]
    level: "warning"
    schema: {"loadingURI":"#","pointer":"/items/properties/tags/items"}
    domain: "syntax"
    ignored: ["$id"]
warning: the following keywords are unknown and will be ignored: [$id, examples]
    level: "warning"
    schema: {"loadingURI":"#","pointer":"/items/properties/tags/items/properties/id"}
    domain: "syntax"
    ignored: ["$id","examples"]
warning: the following keywords are unknown and will be ignored: [$id, examples]
    level: "warning"
    schema: {"loadingURI":"#","pointer":"/items/properties/tags/items/properties/name"}
    domain: "syntax"
    ignored: ["$id","examples"]
warning: the following keywords are unknown and will be ignored: [$id]
    level: "warning"
    schema: {"loadingURI":"#","pointer":"/items/properties/tags/items"}
    domain: "syntax"
    ignored: ["$id"]
warning: the following keywords are unknown and will be ignored: [$id, examples]
    level: "warning"
    schema: {"loadingURI":"#","pointer":"/items/properties/tags/items/properties/id"}
    domain: "syntax"
    ignored: ["$id","examples"]
warning: the following keywords are unknown and will be ignored: [$id, examples]
    level: "warning"
    schema: {"loadingURI":"#","pointer":"/items/properties/tags/items/properties/name"}
    domain: "syntax"
    ignored: ["$id","examples"]
warning: the following keywords are unknown and will be ignored: [$id, examples]
    level: "warning"
    schema: {"loadingURI":"#","pointer":"/items/properties/tags/items/properties/id"}
    domain: "syntax"
    ignored: ["$id","examples"]
warning: the following keywords are unknown and will be ignored: [$id, examples]
    level: "warning"
    schema: {"loadingURI":"#","pointer":"/items/properties/tags/items/properties/name"}
    domain: "syntax"
    ignored: ["$id","examples"]
warning: the following keywords are unknown and will be ignored: [$id]
    level: "warning"
    schema: {"loadingURI":"#","pointer":"/items"}
    domain: "syntax"
    ignored: ["$id"]
warning: the following keywords are unknown and will be ignored: [$id]
    level: "warning"
    schema: {"loadingURI":"#","pointer":"/items/properties/category"}
    domain: "syntax"
    ignored: ["$id"]
warning: the following keywords are unknown and will be ignored: [$id, examples]
    level: "warning"
    schema: {"loadingURI":"#","pointer":"/items/properties/category/properties/id"}
    domain: "syntax"
    ignored: ["$id","examples"]
warning: the following keywords are unknown and will be ignored: [$id, examples]
    level: "warning"
    schema: {"loadingURI":"#","pointer":"/items/properties/category/properties/name"}
    domain: "syntax"
    ignored: ["$id","examples"]
warning: the following keywords are unknown and will be ignored: [$id, examples]
    level: "warning"
    schema: {"loadingURI":"#","pointer":"/items/properties/id"}
    domain: "syntax"
    ignored: ["$id","examples"]
warning: the following keywords are unknown and will be ignored: [$id, examples]
    level: "warning"
    schema: {"loadingURI":"#","pointer":"/items/properties/name"}
    domain: "syntax"
    ignored: ["$id","examples"]
warning: the following keywords are unknown and will be ignored: [$id]
    level: "warning"
    schema: {"loadingURI":"#","pointer":"/items/properties/photoUrls"}
    domain: "syntax"
    ignored: ["$id"]
warning: the following keywords are unknown and will be ignored: [$id, examples]
    level: "warning"
    schema: {"loadingURI":"#","pointer":"/items/properties/photoUrls/items"}
    domain: "syntax"
    ignored: ["$id","examples"]
warning: the following keywords are unknown and will be ignored: [$id, examples]
    level: "warning"
    schema: {"loadingURI":"#","pointer":"/items/properties/status"}
    domain: "syntax"
    ignored: ["$id","examples"]
warning: the following keywords are unknown and will be ignored: [$id]
    level: "warning"
    schema: {"loadingURI":"#","pointer":"/items/properties/tags"}
    domain: "syntax"
    ignored: ["$id"]
warning: the following keywords are unknown and will be ignored: [$id]
    level: "warning"
    schema: {"loadingURI":"#","pointer":"/items/properties/tags/items"}
    domain: "syntax"
    ignored: ["$id"]
warning: the following keywords are unknown and will be ignored: [$id, examples]
    level: "warning"
    schema: {"loadingURI":"#","pointer":"/items/properties/tags/items/properties/id"}
    domain: "syntax"
    ignored: ["$id","examples"]
warning: the following keywords are unknown and will be ignored: [$id, examples]
    level: "warning"
    schema: {"loadingURI":"#","pointer":"/items/properties/tags/items/properties/name"}
    domain: "syntax"
    ignored: ["$id","examples"]
warning: the following keywords are unknown and will be ignored: [$id]
    level: "warning"
    schema: {"loadingURI":"#","pointer":"/items/properties/category"}
    domain: "syntax"
    ignored: ["$id"]
warning: the following keywords are unknown and will be ignored: [$id, examples]
    level: "warning"
    schema: {"loadingURI":"#","pointer":"/items/properties/category/properties/id"}
    domain: "syntax"
    ignored: ["$id","examples"]
warning: the following keywords are unknown and will be ignored: [$id, examples]
    level: "warning"
    schema: {"loadingURI":"#","pointer":"/items/properties/category/properties/name"}
    domain: "syntax"
    ignored: ["$id","examples"]
warning: the following keywords are unknown and will be ignored: [$id, examples]
    level: "warning"
    schema: {"loadingURI":"#","pointer":"/items/properties/category/properties/id"}
    domain: "syntax"
    ignored: ["$id","examples"]
warning: the following keywords are unknown and will be ignored: [$id, examples]
    level: "warning"
    schema: {"loadingURI":"#","pointer":"/items/properties/category/properties/name"}
    domain: "syntax"
    ignored: ["$id","examples"]
warning: the following keywords are unknown and will be ignored: [$id, examples]
    level: "warning"
    schema: {"loadingURI":"#","pointer":"/items/properties/id"}
    domain: "syntax"
    ignored: ["$id","examples"]
warning: the following keywords are unknown and will be ignored: [$id, examples]
    level: "warning"
    schema: {"loadingURI":"#","pointer":"/items/properties/name"}
    domain: "syntax"
    ignored: ["$id","examples"]
warning: the following keywords are unknown and will be ignored: [$id]
    level: "warning"
    schema: {"loadingURI":"#","pointer":"/items/properties/photoUrls"}
    domain: "syntax"
    ignored: ["$id"]
warning: the following keywords are unknown and will be ignored: [$id, examples]
    level: "warning"
    schema: {"loadingURI":"#","pointer":"/items/properties/photoUrls/items"}
    domain: "syntax"
    ignored: ["$id","examples"]
warning: the following keywords are unknown and will be ignored: [$id, examples]
    level: "warning"
    schema: {"loadingURI":"#","pointer":"/items/properties/photoUrls/items"}
    domain: "syntax"
    ignored: ["$id","examples"]
warning: the following keywords are unknown and will be ignored: [$id, examples]
    level: "warning"
    schema: {"loadingURI":"#","pointer":"/items/properties/status"}
    domain: "syntax"
    ignored: ["$id","examples"]
warning: the following keywords are unknown and will be ignored: [$id]
    level: "warning"
    schema: {"loadingURI":"#","pointer":"/items/properties/tags"}
    domain: "syntax"
    ignored: ["$id"]
warning: the following keywords are unknown and will be ignored: [$id]
    level: "warning"
    schema: {"loadingURI":"#","pointer":"/items/properties/tags/items"}
    domain: "syntax"
    ignored: ["$id"]
warning: the following keywords are unknown and will be ignored: [$id, examples]
    level: "warning"
    schema: {"loadingURI":"#","pointer":"/items/properties/tags/items/properties/id"}
    domain: "syntax"
    ignored: ["$id","examples"]
warning: the following keywords are unknown and will be ignored: [$id, examples]
    level: "warning"
    schema: {"loadingURI":"#","pointer":"/items/properties/tags/items/properties/name"}
    domain: "syntax"
    ignored: ["$id","examples"]
warning: the following keywords are unknown and will be ignored: [$id]
    level: "warning"
    schema: {"loadingURI":"#","pointer":"/items/properties/tags/items"}
    domain: "syntax"
    ignored: ["$id"]
warning: the following keywords are unknown and will be ignored: [$id, examples]
    level: "warning"
    schema: {"loadingURI":"#","pointer":"/items/properties/tags/items/properties/id"}
    domain: "syntax"
    ignored: ["$id","examples"]
warning: the following keywords are unknown and will be ignored: [$id, examples]
    level: "warning"
    schema: {"loadingURI":"#","pointer":"/items/properties/tags/items/properties/name"}
    domain: "syntax"
    ignored: ["$id","examples"]
warning: the following keywords are unknown and will be ignored: [$id, examples]
    level: "warning"
    schema: {"loadingURI":"#","pointer":"/items/properties/tags/items/properties/id"}
    domain: "syntax"
    ignored: ["$id","examples"]
warning: the following keywords are unknown and will be ignored: [$id, examples]
    level: "warning"
    schema: {"loadingURI":"#","pointer":"/items/properties/tags/items/properties/name"}
    domain: "syntax"
    ignored: ["$id","examples"]
warning: the following keywords are unknown and will be ignored: [$id]
    level: "warning"
    schema: {"loadingURI":"#","pointer":"/items"}
    domain: "syntax"
    ignored: ["$id"]
warning: the following keywords are unknown and will be ignored: [$id]
    level: "warning"
    schema: {"loadingURI":"#","pointer":"/items/properties/category"}
    domain: "syntax"
    ignored: ["$id"]
warning: the following keywords are unknown and will be ignored: [$id, examples]
    level: "warning"
    schema: {"loadingURI":"#","pointer":"/items/properties/category/properties/id"}
    domain: "syntax"
    ignored: ["$id","examples"]
warning: the following keywords are unknown and will be ignored: [$id, examples]
    level: "warning"
    schema: {"loadingURI":"#","pointer":"/items/properties/category/properties/name"}
    domain: "syntax"
    ignored: ["$id","examples"]
warning: the following keywords are unknown and will be ignored: [$id, examples]
    level: "warning"
    schema: {"loadingURI":"#","pointer":"/items/properties/id"}
    domain: "syntax"
    ignored: ["$id","examples"]
warning: the following keywords are unknown and will be ignored: [$id, examples]
    level: "warning"
    schema: {"loadingURI":"#","pointer":"/items/properties/name"}
    domain: "syntax"
    ignored: ["$id","examples"]
warning: the following keywords are unknown and will be ignored: [$id]
    level: "warning"
    schema: {"loadingURI":"#","pointer":"/items/properties/photoUrls"}
    domain: "syntax"
    ignored: ["$id"]
warning: the following keywords are unknown and will be ignored: [$id, examples]
    level: "warning"
    schema: {"loadingURI":"#","pointer":"/items/properties/photoUrls/items"}
    domain: "syntax"
    ignored: ["$id","examples"]
warning: the following keywords are unknown and will be ignored: [$id, examples]
    level: "warning"
    schema: {"loadingURI":"#","pointer":"/items/properties/status"}
    domain: "syntax"
    ignored: ["$id","examples"]
warning: the following keywords are unknown and will be ignored: [$id]
    level: "warning"
    schema: {"loadingURI":"#","pointer":"/items/properties/tags"}
    domain: "syntax"
    ignored: ["$id"]
warning: the following keywords are unknown and will be ignored: [$id]
    level: "warning"
    schema: {"loadingURI":"#","pointer":"/items/properties/tags/items"}
    domain: "syntax"
    ignored: ["$id"]
warning: the following keywords are unknown and will be ignored: [$id, examples]
    level: "warning"
    schema: {"loadingURI":"#","pointer":"/items/properties/tags/items/properties/id"}
    domain: "syntax"
    ignored: ["$id","examples"]
warning: the following keywords are unknown and will be ignored: [$id, examples]
    level: "warning"
    schema: {"loadingURI":"#","pointer":"/items/properties/tags/items/properties/name"}
    domain: "syntax"
    ignored: ["$id","examples"]
warning: the following keywords are unknown and will be ignored: [$id]
    level: "warning"
    schema: {"loadingURI":"#","pointer":"/items/properties/category"}
    domain: "syntax"
    ignored: ["$id"]
warning: the following keywords are unknown and will be ignored: [$id, examples]
    level: "warning"
    schema: {"loadingURI":"#","pointer":"/items/properties/category/properties/id"}
    domain: "syntax"
    ignored: ["$id","examples"]
warning: the following keywords are unknown and will be ignored: [$id, examples]
    level: "warning"
    schema: {"loadingURI":"#","pointer":"/items/properties/category/properties/name"}
    domain: "syntax"
    ignored: ["$id","examples"]
warning: the following keywords are unknown and will be ignored: [$id, examples]
    level: "warning"
    schema: {"loadingURI":"#","pointer":"/items/properties/category/properties/id"}
    domain: "syntax"
    ignored: ["$id","examples"]
warning: the following keywords are unknown and will be ignored: [$id, examples]
    level: "warning"
    schema: {"loadingURI":"#","pointer":"/items/properties/category/properties/name"}
    domain: "syntax"
    ignored: ["$id","examples"]
warning: the following keywords are unknown and will be ignored: [$id, examples]
    level: "warning"
    schema: {"loadingURI":"#","pointer":"/items/properties/id"}
    domain: "syntax"
    ignored: ["$id","examples"]
warning: the following keywords are unknown and will be ignored: [$id, examples]
    level: "warning"
    schema: {"loadingURI":"#","pointer":"/items/properties/name"}
    domain: "syntax"
    ignored: ["$id","examples"]
warning: the following keywords are unknown and will be ignored: [$id]
    level: "warning"
    schema: {"loadingURI":"#","pointer":"/items/properties/photoUrls"}
    domain: "syntax"
    ignored: ["$id"]
warning: the following keywords are unknown and will be ignored: [$id, examples]
    level: "warning"
    schema: {"loadingURI":"#","pointer":"/items/properties/photoUrls/items"}
    domain: "syntax"
    ignored: ["$id","examples"]
warning: the following keywords are unknown and will be ignored: [$id, examples]
    level: "warning"
    schema: {"loadingURI":"#","pointer":"/items/properties/photoUrls/items"}
    domain: "syntax"
    ignored: ["$id","examples"]
warning: the following keywords are unknown and will be ignored: [$id, examples]
    level: "warning"
    schema: {"loadingURI":"#","pointer":"/items/properties/status"}
    domain: "syntax"
    ignored: ["$id","examples"]
warning: the following keywords are unknown and will be ignored: [$id]
    level: "warning"
    schema: {"loadingURI":"#","pointer":"/items/properties/tags"}
    domain: "syntax"
    ignored: ["$id"]
warning: the following keywords are unknown and will be ignored: [$id]
    level: "warning"
    schema: {"loadingURI":"#","pointer":"/items/properties/tags/items"}
    domain: "syntax"
    ignored: ["$id"]
warning: the following keywords are unknown and will be ignored: [$id, examples]
    level: "warning"
    schema: {"loadingURI":"#","pointer":"/items/properties/tags/items/properties/id"}
    domain: "syntax"
    ignored: ["$id","examples"]
warning: the following keywords are unknown and will be ignored: [$id, examples]
    level: "warning"
    schema: {"loadingURI":"#","pointer":"/items/properties/tags/items/properties/name"}
    domain: "syntax"
    ignored: ["$id","examples"]
warning: the following keywords are unknown and will be ignored: [$id]
    level: "warning"
    schema: {"loadingURI":"#","pointer":"/items/properties/tags/items"}
    domain: "syntax"
    ignored: ["$id"]
warning: the following keywords are unknown and will be ignored: [$id, examples]
    level: "warning"
    schema: {"loadingURI":"#","pointer":"/items/properties/tags/items/properties/id"}
    domain: "syntax"
    ignored: ["$id","examples"]
warning: the following keywords are unknown and will be ignored: [$id, examples]
    level: "warning"
    schema: {"loadingURI":"#","pointer":"/items/properties/tags/items/properties/name"}
    domain: "syntax"
    ignored: ["$id","examples"]
warning: the following keywords are unknown and will be ignored: [$id, examples]
    level: "warning"
    schema: {"loadingURI":"#","pointer":"/items/properties/tags/items/properties/id"}
    domain: "syntax"
    ignored: ["$id","examples"]
warning: the following keywords are unknown and will be ignored: [$id, examples]
    level: "warning"
    schema: {"loadingURI":"#","pointer":"/items/properties/tags/items/properties/name"}
    domain: "syntax"
    ignored: ["$id","examples"]
warning: the following keywords are unknown and will be ignored: [$id]
    level: "warning"
    schema: {"loadingURI":"#","pointer":"/items"}
    domain: "syntax"
    ignored: ["$id"]
warning: the following keywords are unknown and will be ignored: [$id]
    level: "warning"
    schema: {"loadingURI":"#","pointer":"/items/properties/category"}
    domain: "syntax"
    ignored: ["$id"]
warning: the following keywords are unknown and will be ignored: [$id, examples]
    level: "warning"
    schema: {"loadingURI":"#","pointer":"/items/properties/category/properties/id"}
    domain: "syntax"
    ignored: ["$id","examples"]
warning: the following keywords are unknown and will be ignored: [$id, examples]
    level: "warning"
    schema: {"loadingURI":"#","pointer":"/items/properties/category/properties/name"}
    domain: "syntax"
    ignored: ["$id","examples"]
warning: the following keywords are unknown and will be ignored: [$id, examples]
    level: "warning"
    schema: {"loadingURI":"#","pointer":"/items/properties/id"}
    domain: "syntax"
    ignored: ["$id","examples"]
warning: the following keywords are unknown and will be ignored: [$id, examples]
    level: "warning"
    schema: {"loadingURI":"#","pointer":"/items/properties/name"}
    domain: "syntax"
    ignored: ["$id","examples"]
warning: the following keywords are unknown and will be ignored: [$id]
    level: "warning"
    schema: {"loadingURI":"#","pointer":"/items/properties/photoUrls"}
    domain: "syntax"
    ignored: ["$id"]
warning: the following keywords are unknown and will be ignored: [$id, examples]
    level: "warning"
    schema: {"loadingURI":"#","pointer":"/items/properties/photoUrls/items"}
    domain: "syntax"
    ignored: ["$id","examples"]
warning: the following keywords are unknown and will be ignored: [$id, examples]
    level: "warning"
    schema: {"loadingURI":"#","pointer":"/items/properties/status"}
    domain: "syntax"
    ignored: ["$id","examples"]
warning: the following keywords are unknown and will be ignored: [$id]
    level: "warning"
    schema: {"loadingURI":"#","pointer":"/items/properties/tags"}
    domain: "syntax"
    ignored: ["$id"]
warning: the following keywords are unknown and will be ignored: [$id]
    level: "warning"
    schema: {"loadingURI":"#","pointer":"/items/properties/tags/items"}
    domain: "syntax"
    ignored: ["$id"]
warning: the following keywords are unknown and will be ignored: [$id, examples]
    level: "warning"
    schema: {"loadingURI":"#","pointer":"/items/properties/tags/items/properties/id"}
    domain: "syntax"
    ignored: ["$id","examples"]
warning: the following keywords are unknown and will be ignored: [$id, examples]
    level: "warning"
    schema: {"loadingURI":"#","pointer":"/items/properties/tags/items/properties/name"}
    domain: "syntax"
    ignored: ["$id","examples"]
warning: the following keywords are unknown and will be ignored: [$id]
    level: "warning"
    schema: {"loadingURI":"#","pointer":"/items/properties/category"}
    domain: "syntax"
    ignored: ["$id"]
warning: the following keywords are unknown and will be ignored: [$id, examples]
    level: "warning"
    schema: {"loadingURI":"#","pointer":"/items/properties/category/properties/id"}
    domain: "syntax"
    ignored: ["$id","examples"]
warning: the following keywords are unknown and will be ignored: [$id, examples]
    level: "warning"
    schema: {"loadingURI":"#","pointer":"/items/properties/category/properties/name"}
    domain: "syntax"
    ignored: ["$id","examples"]
warning: the following keywords are unknown and will be ignored: [$id, examples]
    level: "warning"
    schema: {"loadingURI":"#","pointer":"/items/properties/category/properties/id"}
    domain: "syntax"
    ignored: ["$id","examples"]
warning: the following keywords are unknown and will be ignored: [$id, examples]
    level: "warning"
    schema: {"loadingURI":"#","pointer":"/items/properties/category/properties/name"}
    domain: "syntax"
    ignored: ["$id","examples"]
warning: the following keywords are unknown and will be ignored: [$id, examples]
    level: "warning"
    schema: {"loadingURI":"#","pointer":"/items/properties/id"}
    domain: "syntax"
    ignored: ["$id","examples"]
warning: the following keywords are unknown and will be ignored: [$id, examples]
    level: "warning"
    schema: {"loadingURI":"#","pointer":"/items/properties/name"}
    domain: "syntax"
    ignored: ["$id","examples"]
warning: the following keywords are unknown and will be ignored: [$id]
    level: "warning"
    schema: {"loadingURI":"#","pointer":"/items/properties/photoUrls"}
    domain: "syntax"
    ignored: ["$id"]
warning: the following keywords are unknown and will be ignored: [$id, examples]
    level: "warning"
    schema: {"loadingURI":"#","pointer":"/items/properties/photoUrls/items"}
    domain: "syntax"
    ignored: ["$id","examples"]
warning: the following keywords are unknown and will be ignored: [$id, examples]
    level: "warning"
    schema: {"loadingURI":"#","pointer":"/items/properties/photoUrls/items"}
    domain: "syntax"
    ignored: ["$id","examples"]
warning: the following keywords are unknown and will be ignored: [$id, examples]
    level: "warning"
    schema: {"loadingURI":"#","pointer":"/items/properties/status"}
    domain: "syntax"
    ignored: ["$id","examples"]
warning: the following keywords are unknown and will be ignored: [$id]
    level: "warning"
    schema: {"loadingURI":"#","pointer":"/items/properties/tags"}
    domain: "syntax"
    ignored: ["$id"]
warning: the following keywords are unknown and will be ignored: [$id]
    level: "warning"
    schema: {"loadingURI":"#","pointer":"/items/properties/tags/items"}
    domain: "syntax"
    ignored: ["$id"]
warning: the following keywords are unknown and will be ignored: [$id, examples]
    level: "warning"
    schema: {"loadingURI":"#","pointer":"/items/properties/tags/items/properties/id"}
    domain: "syntax"
    ignored: ["$id","examples"]
warning: the following keywords are unknown and will be ignored: [$id, examples]
    level: "warning"
    schema: {"loadingURI":"#","pointer":"/items/properties/tags/items/properties/name"}
    domain: "syntax"
    ignored: ["$id","examples"]
warning: the following keywords are unknown and will be ignored: [$id]
    level: "warning"
    schema: {"loadingURI":"#","pointer":"/items/properties/tags/items"}
    domain: "syntax"
    ignored: ["$id"]
warning: the following keywords are unknown and will be ignored: [$id, examples]
    level: "warning"
    schema: {"loadingURI":"#","pointer":"/items/properties/tags/items/properties/id"}
    domain: "syntax"
    ignored: ["$id","examples"]
warning: the following keywords are unknown and will be ignored: [$id, examples]
    level: "warning"
    schema: {"loadingURI":"#","pointer":"/items/properties/tags/items/properties/name"}
    domain: "syntax"
    ignored: ["$id","examples"]
warning: the following keywords are unknown and will be ignored: [$id, examples]
    level: "warning"
    schema: {"loadingURI":"#","pointer":"/items/properties/tags/items/properties/id"}
    domain: "syntax"
    ignored: ["$id","examples"]
warning: the following keywords are unknown and will be ignored: [$id, examples]
    level: "warning"
    schema: {"loadingURI":"#","pointer":"/items/properties/tags/items/properties/name"}
    domain: "syntax"
    ignored: ["$id","examples"]
warning: the following keywords are unknown and will be ignored: [$id]
    level: "warning"
    schema: {"loadingURI":"#","pointer":"/items"}
    domain: "syntax"
    ignored: ["$id"]
warning: the following keywords are unknown and will be ignored: [$id]
    level: "warning"
    schema: {"loadingURI":"#","pointer":"/items/properties/category"}
    domain: "syntax"
    ignored: ["$id"]
warning: the following keywords are unknown and will be ignored: [$id, examples]
    level: "warning"
    schema: {"loadingURI":"#","pointer":"/items/properties/category/properties/id"}
    domain: "syntax"
    ignored: ["$id","examples"]
warning: the following keywords are unknown and will be ignored: [$id, examples]
    level: "warning"
    schema: {"loadingURI":"#","pointer":"/items/properties/category/properties/name"}
    domain: "syntax"
    ignored: ["$id","examples"]
warning: the following keywords are unknown and will be ignored: [$id, examples]
    level: "warning"
    schema: {"loadingURI":"#","pointer":"/items/properties/id"}
    domain: "syntax"
    ignored: ["$id","examples"]
warning: the following keywords are unknown and will be ignored: [$id, examples]
    level: "warning"
    schema: {"loadingURI":"#","pointer":"/items/properties/name"}
    domain: "syntax"
    ignored: ["$id","examples"]
warning: the following keywords are unknown and will be ignored: [$id]
    level: "warning"
    schema: {"loadingURI":"#","pointer":"/items/properties/photoUrls"}
    domain: "syntax"
    ignored: ["$id"]
warning: the following keywords are unknown and will be ignored: [$id, examples]
    level: "warning"
    schema: {"loadingURI":"#","pointer":"/items/properties/photoUrls/items"}
    domain: "syntax"
    ignored: ["$id","examples"]
warning: the following keywords are unknown and will be ignored: [$id, examples]
    level: "warning"
    schema: {"loadingURI":"#","pointer":"/items/properties/status"}
    domain: "syntax"
    ignored: ["$id","examples"]
warning: the following keywords are unknown and will be ignored: [$id]
    level: "warning"
    schema: {"loadingURI":"#","pointer":"/items/properties/tags"}
    domain: "syntax"
    ignored: ["$id"]
warning: the following keywords are unknown and will be ignored: [$id]
    level: "warning"
    schema: {"loadingURI":"#","pointer":"/items/properties/tags/items"}
    domain: "syntax"
    ignored: ["$id"]
warning: the following keywords are unknown and will be ignored: [$id, examples]
    level: "warning"
    schema: {"loadingURI":"#","pointer":"/items/properties/tags/items/properties/id"}
    domain: "syntax"
    ignored: ["$id","examples"]
warning: the following keywords are unknown and will be ignored: [$id, examples]
    level: "warning"
    schema: {"loadingURI":"#","pointer":"/items/properties/tags/items/properties/name"}
    domain: "syntax"
    ignored: ["$id","examples"]
warning: the following keywords are unknown and will be ignored: [$id]
    level: "warning"
    schema: {"loadingURI":"#","pointer":"/items/properties/category"}
    domain: "syntax"
    ignored: ["$id"]
warning: the following keywords are unknown and will be ignored: [$id, examples]
    level: "warning"
    schema: {"loadingURI":"#","pointer":"/items/properties/category/properties/id"}
    domain: "syntax"
    ignored: ["$id","examples"]
warning: the following keywords are unknown and will be ignored: [$id, examples]
    level: "warning"
    schema: {"loadingURI":"#","pointer":"/items/properties/category/properties/name"}
    domain: "syntax"
    ignored: ["$id","examples"]
warning: the following keywords are unknown and will be ignored: [$id, examples]
    level: "warning"
    schema: {"loadingURI":"#","pointer":"/items/properties/category/properties/id"}
    domain: "syntax"
    ignored: ["$id","examples"]
warning: the following keywords are unknown and will be ignored: [$id, examples]
    level: "warning"
    schema: {"loadingURI":"#","pointer":"/items/properties/category/properties/name"}
    domain: "syntax"
    ignored: ["$id","examples"]
warning: the following keywords are unknown and will be ignored: [$id, examples]
    level: "warning"
    schema: {"loadingURI":"#","pointer":"/items/properties/id"}
    domain: "syntax"
    ignored: ["$id","examples"]
warning: the following keywords are unknown and will be ignored: [$id, examples]
    level: "warning"
    schema: {"loadingURI":"#","pointer":"/items/properties/name"}
    domain: "syntax"
    ignored: ["$id","examples"]
warning: the following keywords are unknown and will be ignored: [$id]
    level: "warning"
    schema: {"loadingURI":"#","pointer":"/items/properties/photoUrls"}
    domain: "syntax"
    ignored: ["$id"]
warning: the following keywords are unknown and will be ignored: [$id, examples]
    level: "warning"
    schema: {"loadingURI":"#","pointer":"/items/properties/photoUrls/items"}
    domain: "syntax"
    ignored: ["$id","examples"]
warning: the following keywords are unknown and will be ignored: [$id, examples]
    level: "warning"
    schema: {"loadingURI":"#","pointer":"/items/properties/photoUrls/items"}
    domain: "syntax"
    ignored: ["$id","examples"]
warning: the following keywords are unknown and will be ignored: [$id, examples]
    level: "warning"
    schema: {"loadingURI":"#","pointer":"/items/properties/status"}
    domain: "syntax"
    ignored: ["$id","examples"]
warning: the following keywords are unknown and will be ignored: [$id]
    level: "warning"
    schema: {"loadingURI":"#","pointer":"/items/properties/tags"}
    domain: "syntax"
    ignored: ["$id"]
warning: the following keywords are unknown and will be ignored: [$id]
    level: "warning"
    schema: {"loadingURI":"#","pointer":"/items/properties/tags/items"}
    domain: "syntax"
    ignored: ["$id"]
warning: the following keywords are unknown and will be ignored: [$id, examples]
    level: "warning"
    schema: {"loadingURI":"#","pointer":"/items/properties/tags/items/properties/id"}
    domain: "syntax"
    ignored: ["$id","examples"]
warning: the following keywords are unknown and will be ignored: [$id, examples]
    level: "warning"
    schema: {"loadingURI":"#","pointer":"/items/properties/tags/items/properties/name"}
    domain: "syntax"
    ignored: ["$id","examples"]
warning: the following keywords are unknown and will be ignored: [$id]
    level: "warning"
    schema: {"loadingURI":"#","pointer":"/items/properties/tags/items"}
    domain: "syntax"
    ignored: ["$id"]
warning: the following keywords are unknown and will be ignored: [$id, examples]
    level: "warning"
    schema: {"loadingURI":"#","pointer":"/items/properties/tags/items/properties/id"}
    domain: "syntax"
    ignored: ["$id","examples"]
warning: the following keywords are unknown and will be ignored: [$id, examples]
    level: "warning"
    schema: {"loadingURI":"#","pointer":"/items/properties/tags/items/properties/name"}
    domain: "syntax"
    ignored: ["$id","examples"]
warning: the following keywords are unknown and will be ignored: [$id, examples]
    level: "warning"
    schema: {"loadingURI":"#","pointer":"/items/properties/tags/items/properties/id"}
    domain: "syntax"
    ignored: ["$id","examples"]
warning: the following keywords are unknown and will be ignored: [$id, examples]
    level: "warning"
    schema: {"loadingURI":"#","pointer":"/items/properties/tags/items/properties/name"}
    domain: "syntax"
    ignored: ["$id","examples"]
warning: the following keywords are unknown and will be ignored: [$id]
    level: "warning"
    schema: {"loadingURI":"#","pointer":"/items"}
    domain: "syntax"
    ignored: ["$id"]
warning: the following keywords are unknown and will be ignored: [$id]
    level: "warning"
    schema: {"loadingURI":"#","pointer":"/items/properties/category"}
    domain: "syntax"
    ignored: ["$id"]
warning: the following keywords are unknown and will be ignored: [$id, examples]
    level: "warning"
    schema: {"loadingURI":"#","pointer":"/items/properties/category/properties/id"}
    domain: "syntax"
    ignored: ["$id","examples"]
warning: the following keywords are unknown and will be ignored: [$id, examples]
    level: "warning"
    schema: {"loadingURI":"#","pointer":"/items/properties/category/properties/name"}
    domain: "syntax"
    ignored: ["$id","examples"]
warning: the following keywords are unknown and will be ignored: [$id, examples]
    level: "warning"
    schema: {"loadingURI":"#","pointer":"/items/properties/id"}
    domain: "syntax"
    ignored: ["$id","examples"]
warning: the following keywords are unknown and will be ignored: [$id, examples]
    level: "warning"
    schema: {"loadingURI":"#","pointer":"/items/properties/name"}
    domain: "syntax"
    ignored: ["$id","examples"]
warning: the following keywords are unknown and will be ignored: [$id]
    level: "warning"
    schema: {"loadingURI":"#","pointer":"/items/properties/photoUrls"}
    domain: "syntax"
    ignored: ["$id"]
warning: the following keywords are unknown and will be ignored: [$id, examples]
    level: "warning"
    schema: {"loadingURI":"#","pointer":"/items/properties/photoUrls/items"}
    domain: "syntax"
    ignored: ["$id","examples"]
warning: the following keywords are unknown and will be ignored: [$id, examples]
    level: "warning"
    schema: {"loadingURI":"#","pointer":"/items/properties/status"}
    domain: "syntax"
    ignored: ["$id","examples"]
warning: the following keywords are unknown and will be ignored: [$id]
    level: "warning"
    schema: {"loadingURI":"#","pointer":"/items/properties/tags"}
    domain: "syntax"
    ignored: ["$id"]
warning: the following keywords are unknown and will be ignored: [$id]
    level: "warning"
    schema: {"loadingURI":"#","pointer":"/items/properties/tags/items"}
    domain: "syntax"
    ignored: ["$id"]
warning: the following keywords are unknown and will be ignored: [$id, examples]
    level: "warning"
    schema: {"loadingURI":"#","pointer":"/items/properties/tags/items/properties/id"}
    domain: "syntax"
    ignored: ["$id","examples"]
warning: the following keywords are unknown and will be ignored: [$id, examples]
    level: "warning"
    schema: {"loadingURI":"#","pointer":"/items/properties/tags/items/properties/name"}
    domain: "syntax"
    ignored: ["$id","examples"]
warning: the following keywords are unknown and will be ignored: [$id]
    level: "warning"
    schema: {"loadingURI":"#","pointer":"/items/properties/category"}
    domain: "syntax"
    ignored: ["$id"]
warning: the following keywords are unknown and will be ignored: [$id, examples]
    level: "warning"
    schema: {"loadingURI":"#","pointer":"/items/properties/category/properties/id"}
    domain: "syntax"
    ignored: ["$id","examples"]
warning: the following keywords are unknown and will be ignored: [$id, examples]
    level: "warning"
    schema: {"loadingURI":"#","pointer":"/items/properties/category/properties/name"}
    domain: "syntax"
    ignored: ["$id","examples"]
warning: the following keywords are unknown and will be ignored: [$id, examples]
    level: "warning"
    schema: {"loadingURI":"#","pointer":"/items/properties/category/properties/id"}
    domain: "syntax"
    ignored: ["$id","examples"]
warning: the following keywords are unknown and will be ignored: [$id, examples]
    level: "warning"
    schema: {"loadingURI":"#","pointer":"/items/properties/category/properties/name"}
    domain: "syntax"
    ignored: ["$id","examples"]
warning: the following keywords are unknown and will be ignored: [$id, examples]
    level: "warning"
    schema: {"loadingURI":"#","pointer":"/items/properties/id"}
    domain: "syntax"
    ignored: ["$id","examples"]
warning: the following keywords are unknown and will be ignored: [$id, examples]
    level: "warning"
    schema: {"loadingURI":"#","pointer":"/items/properties/name"}
    domain: "syntax"
    ignored: ["$id","examples"]
warning: the following keywords are unknown and will be ignored: [$id]
    level: "warning"
    schema: {"loadingURI":"#","pointer":"/items/properties/photoUrls"}
    domain: "syntax"
    ignored: ["$id"]
warning: the following keywords are unknown and will be ignored: [$id, examples]
    level: "warning"
    schema: {"loadingURI":"#","pointer":"/items/properties/photoUrls/items"}
    domain: "syntax"
    ignored: ["$id","examples"]
warning: the following keywords are unknown and will be ignored: [$id, examples]
    level: "warning"
    schema: {"loadingURI":"#","pointer":"/items/properties/photoUrls/items"}
    domain: "syntax"
    ignored: ["$id","examples"]
warning: the following keywords are unknown and will be ignored: [$id, examples]
    level: "warning"
    schema: {"loadingURI":"#","pointer":"/items/properties/status"}
    domain: "syntax"
    ignored: ["$id","examples"]
warning: the following keywords are unknown and will be ignored: [$id]
    level: "warning"
    schema: {"loadingURI":"#","pointer":"/items/properties/tags"}
    domain: "syntax"
    ignored: ["$id"]
warning: the following keywords are unknown and will be ignored: [$id]
    level: "warning"
    schema: {"loadingURI":"#","pointer":"/items/properties/tags/items"}
    domain: "syntax"
    ignored: ["$id"]
warning: the following keywords are unknown and will be ignored: [$id, examples]
    level: "warning"
    schema: {"loadingURI":"#","pointer":"/items/properties/tags/items/properties/id"}
    domain: "syntax"
    ignored: ["$id","examples"]
warning: the following keywords are unknown and will be ignored: [$id, examples]
    level: "warning"
    schema: {"loadingURI":"#","pointer":"/items/properties/tags/items/properties/name"}
    domain: "syntax"
    ignored: ["$id","examples"]
warning: the following keywords are unknown and will be ignored: [$id]
    level: "warning"
    schema: {"loadingURI":"#","pointer":"/items/properties/tags/items"}
    domain: "syntax"
    ignored: ["$id"]
warning: the following keywords are unknown and will be ignored: [$id, examples]
    level: "warning"
    schema: {"loadingURI":"#","pointer":"/items/properties/tags/items/properties/id"}
    domain: "syntax"
    ignored: ["$id","examples"]
warning: the following keywords are unknown and will be ignored: [$id, examples]
    level: "warning"
    schema: {"loadingURI":"#","pointer":"/items/properties/tags/items/properties/name"}
    domain: "syntax"
    ignored: ["$id","examples"]
warning: the following keywords are unknown and will be ignored: [$id, examples]
    level: "warning"
    schema: {"loadingURI":"#","pointer":"/items/properties/tags/items/properties/id"}
    domain: "syntax"
    ignored: ["$id","examples"]
warning: the following keywords are unknown and will be ignored: [$id, examples]
    level: "warning"
    schema: {"loadingURI":"#","pointer":"/items/properties/tags/items/properties/name"}
    domain: "syntax"
    ignored: ["$id","examples"]
warning: the following keywords are unknown and will be ignored: [$id]
    level: "warning"
    schema: {"loadingURI":"#","pointer":"/items"}
    domain: "syntax"
    ignored: ["$id"]
warning: the following keywords are unknown and will be ignored: [$id]
    level: "warning"
    schema: {"loadingURI":"#","pointer":"/items/properties/category"}
    domain: "syntax"
    ignored: ["$id"]
warning: the following keywords are unknown and will be ignored: [$id, examples]
    level: "warning"
    schema: {"loadingURI":"#","pointer":"/items/properties/category/properties/id"}
    domain: "syntax"
    ignored: ["$id","examples"]
warning: the following keywords are unknown and will be ignored: [$id, examples]
    level: "warning"
    schema: {"loadingURI":"#","pointer":"/items/properties/category/properties/name"}
    domain: "syntax"
    ignored: ["$id","examples"]
warning: the following keywords are unknown and will be ignored: [$id, examples]
    level: "warning"
    schema: {"loadingURI":"#","pointer":"/items/properties/id"}
    domain: "syntax"
    ignored: ["$id","examples"]
warning: the following keywords are unknown and will be ignored: [$id, examples]
    level: "warning"
    schema: {"loadingURI":"#","pointer":"/items/properties/name"}
    domain: "syntax"
    ignored: ["$id","examples"]
warning: the following keywords are unknown and will be ignored: [$id]
    level: "warning"
    schema: {"loadingURI":"#","pointer":"/items/properties/photoUrls"}
    domain: "syntax"
    ignored: ["$id"]
warning: the following keywords are unknown and will be ignored: [$id, examples]
    level: "warning"
    schema: {"loadingURI":"#","pointer":"/items/properties/photoUrls/items"}
    domain: "syntax"
    ignored: ["$id","examples"]
warning: the following keywords are unknown and will be ignored: [$id, examples]
    level: "warning"
    schema: {"loadingURI":"#","pointer":"/items/properties/status"}
    domain: "syntax"
    ignored: ["$id","examples"]
warning: the following keywords are unknown and will be ignored: [$id]
    level: "warning"
    schema: {"loadingURI":"#","pointer":"/items/properties/tags"}
    domain: "syntax"
    ignored: ["$id"]
warning: the following keywords are unknown and will be ignored: [$id]
    level: "warning"
    schema: {"loadingURI":"#","pointer":"/items/properties/tags/items"}
    domain: "syntax"
    ignored: ["$id"]
warning: the following keywords are unknown and will be ignored: [$id, examples]
    level: "warning"
    schema: {"loadingURI":"#","pointer":"/items/properties/tags/items/properties/id"}
    domain: "syntax"
    ignored: ["$id","examples"]
warning: the following keywords are unknown and will be ignored: [$id, examples]
    level: "warning"
    schema: {"loadingURI":"#","pointer":"/items/properties/tags/items/properties/name"}
    domain: "syntax"
    ignored: ["$id","examples"]
warning: the following keywords are unknown and will be ignored: [$id]
    level: "warning"
    schema: {"loadingURI":"#","pointer":"/items/properties/category"}
    domain: "syntax"
    ignored: ["$id"]
warning: the following keywords are unknown and will be ignored: [$id, examples]
    level: "warning"
    schema: {"loadingURI":"#","pointer":"/items/properties/category/properties/id"}
    domain: "syntax"
    ignored: ["$id","examples"]
warning: the following keywords are unknown and will be ignored: [$id, examples]
    level: "warning"
    schema: {"loadingURI":"#","pointer":"/items/properties/category/properties/name"}
    domain: "syntax"
    ignored: ["$id","examples"]
warning: the following keywords are unknown and will be ignored: [$id, examples]
    level: "warning"
    schema: {"loadingURI":"#","pointer":"/items/properties/category/properties/id"}
    domain: "syntax"
    ignored: ["$id","examples"]
warning: the following keywords are unknown and will be ignored: [$id, examples]
    level: "warning"
    schema: {"loadingURI":"#","pointer":"/items/properties/category/properties/name"}
    domain: "syntax"
    ignored: ["$id","examples"]
warning: the following keywords are unknown and will be ignored: [$id, examples]
    level: "warning"
    schema: {"loadingURI":"#","pointer":"/items/properties/id"}
    domain: "syntax"
    ignored: ["$id","examples"]
warning: the following keywords are unknown and will be ignored: [$id, examples]
    level: "warning"
    schema: {"loadingURI":"#","pointer":"/items/properties/name"}
    domain: "syntax"
    ignored: ["$id","examples"]
warning: the following keywords are unknown and will be ignored: [$id]
    level: "warning"
    schema: {"loadingURI":"#","pointer":"/items/properties/photoUrls"}
    domain: "syntax"
    ignored: ["$id"]
warning: the following keywords are unknown and will be ignored: [$id, examples]
    level: "warning"
    schema: {"loadingURI":"#","pointer":"/items/properties/photoUrls/items"}
    domain: "syntax"
    ignored: ["$id","examples"]
warning: the following keywords are unknown and will be ignored: [$id, examples]
    level: "warning"
    schema: {"loadingURI":"#","pointer":"/items/properties/photoUrls/items"}
    domain: "syntax"
    ignored: ["$id","examples"]
warning: the following keywords are unknown and will be ignored: [$id, examples]
    level: "warning"
    schema: {"loadingURI":"#","pointer":"/items/properties/status"}
    domain: "syntax"
    ignored: ["$id","examples"]
warning: the following keywords are unknown and will be ignored: [$id]
    level: "warning"
    schema: {"loadingURI":"#","pointer":"/items/properties/tags"}
    domain: "syntax"
    ignored: ["$id"]
warning: the following keywords are unknown and will be ignored: [$id]
    level: "warning"
    schema: {"loadingURI":"#","pointer":"/items/properties/tags/items"}
    domain: "syntax"
    ignored: ["$id"]
warning: the following keywords are unknown and will be ignored: [$id, examples]
    level: "warning"
    schema: {"loadingURI":"#","pointer":"/items/properties/tags/items/properties/id"}
    domain: "syntax"
    ignored: ["$id","examples"]
warning: the following keywords are unknown and will be ignored: [$id, examples]
    level: "warning"
    schema: {"loadingURI":"#","pointer":"/items/properties/tags/items/properties/name"}
    domain: "syntax"
    ignored: ["$id","examples"]
warning: the following keywords are unknown and will be ignored: [$id]
    level: "warning"
    schema: {"loadingURI":"#","pointer":"/items/properties/tags/items"}
    domain: "syntax"
    ignored: ["$id"]
warning: the following keywords are unknown and will be ignored: [$id, examples]
    level: "warning"
    schema: {"loadingURI":"#","pointer":"/items/properties/tags/items/properties/id"}
    domain: "syntax"
    ignored: ["$id","examples"]
warning: the following keywords are unknown and will be ignored: [$id, examples]
    level: "warning"
    schema: {"loadingURI":"#","pointer":"/items/properties/tags/items/properties/name"}
    domain: "syntax"
    ignored: ["$id","examples"]
warning: the following keywords are unknown and will be ignored: [$id, examples]
    level: "warning"
    schema: {"loadingURI":"#","pointer":"/items/properties/tags/items/properties/id"}
    domain: "syntax"
    ignored: ["$id","examples"]
warning: the following keywords are unknown and will be ignored: [$id, examples]
    level: "warning"
    schema: {"loadingURI":"#","pointer":"/items/properties/tags/items/properties/name"}
    domain: "syntax"
    ignored: ["$id","examples"]
warning: the following keywords are unknown and will be ignored: [$id]
    level: "warning"
    schema: {"loadingURI":"#","pointer":"/items"}
    domain: "syntax"
    ignored: ["$id"]
warning: the following keywords are unknown and will be ignored: [$id]
    level: "warning"
    schema: {"loadingURI":"#","pointer":"/items/properties/category"}
    domain: "syntax"
    ignored: ["$id"]
warning: the following keywords are unknown and will be ignored: [$id, examples]
    level: "warning"
    schema: {"loadingURI":"#","pointer":"/items/properties/category/properties/id"}
    domain: "syntax"
    ignored: ["$id","examples"]
warning: the following keywords are unknown and will be ignored: [$id, examples]
    level: "warning"
    schema: {"loadingURI":"#","pointer":"/items/properties/category/properties/name"}
    domain: "syntax"
    ignored: ["$id","examples"]
warning: the following keywords are unknown and will be ignored: [$id, examples]
    level: "warning"
    schema: {"loadingURI":"#","pointer":"/items/properties/id"}
    domain: "syntax"
    ignored: ["$id","examples"]
warning: the following keywords are unknown and will be ignored: [$id, examples]
    level: "warning"
    schema: {"loadingURI":"#","pointer":"/items/properties/name"}
    domain: "syntax"
    ignored: ["$id","examples"]
warning: the following keywords are unknown and will be ignored: [$id]
    level: "warning"
    schema: {"loadingURI":"#","pointer":"/items/properties/photoUrls"}
    domain: "syntax"
    ignored: ["$id"]
warning: the following keywords are unknown and will be ignored: [$id, examples]
    level: "warning"
    schema: {"loadingURI":"#","pointer":"/items/properties/photoUrls/items"}
    domain: "syntax"
    ignored: ["$id","examples"]
warning: the following keywords are unknown and will be ignored: [$id, examples]
    level: "warning"
    schema: {"loadingURI":"#","pointer":"/items/properties/status"}
    domain: "syntax"
    ignored: ["$id","examples"]
warning: the following keywords are unknown and will be ignored: [$id]
    level: "warning"
    schema: {"loadingURI":"#","pointer":"/items/properties/tags"}
    domain: "syntax"
    ignored: ["$id"]
warning: the following keywords are unknown and will be ignored: [$id]
    level: "warning"
    schema: {"loadingURI":"#","pointer":"/items/properties/tags/items"}
    domain: "syntax"
    ignored: ["$id"]
warning: the following keywords are unknown and will be ignored: [$id, examples]
    level: "warning"
    schema: {"loadingURI":"#","pointer":"/items/properties/tags/items/properties/id"}
    domain: "syntax"
    ignored: ["$id","examples"]
warning: the following keywords are unknown and will be ignored: [$id, examples]
    level: "warning"
    schema: {"loadingURI":"#","pointer":"/items/properties/tags/items/properties/name"}
    domain: "syntax"
    ignored: ["$id","examples"]
warning: the following keywords are unknown and will be ignored: [$id]
    level: "warning"
    schema: {"loadingURI":"#","pointer":"/items/properties/category"}
    domain: "syntax"
    ignored: ["$id"]
warning: the following keywords are unknown and will be ignored: [$id, examples]
    level: "warning"
    schema: {"loadingURI":"#","pointer":"/items/properties/category/properties/id"}
    domain: "syntax"
    ignored: ["$id","examples"]
warning: the following keywords are unknown and will be ignored: [$id, examples]
    level: "warning"
    schema: {"loadingURI":"#","pointer":"/items/properties/category/properties/name"}
    domain: "syntax"
    ignored: ["$id","examples"]
warning: the following keywords are unknown and will be ignored: [$id, examples]
    level: "warning"
    schema: {"loadingURI":"#","pointer":"/items/properties/category/properties/id"}
    domain: "syntax"
    ignored: ["$id","examples"]
warning: the following keywords are unknown and will be ignored: [$id, examples]
    level: "warning"
    schema: {"loadingURI":"#","pointer":"/items/properties/category/properties/name"}
    domain: "syntax"
    ignored: ["$id","examples"]
warning: the following keywords are unknown and will be ignored: [$id, examples]
    level: "warning"
    schema: {"loadingURI":"#","pointer":"/items/properties/id"}
    domain: "syntax"
    ignored: ["$id","examples"]
warning: the following keywords are unknown and will be ignored: [$id, examples]
    level: "warning"
    schema: {"loadingURI":"#","pointer":"/items/properties/name"}
    domain: "syntax"
    ignored: ["$id","examples"]
warning: the following keywords are unknown and will be ignored: [$id]
    level: "warning"
    schema: {"loadingURI":"#","pointer":"/items/properties/photoUrls"}
    domain: "syntax"
    ignored: ["$id"]
warning: the following keywords are unknown and will be ignored: [$id, examples]
    level: "warning"
    schema: {"loadingURI":"#","pointer":"/items/properties/photoUrls/items"}
    domain: "syntax"
    ignored: ["$id","examples"]
warning: the following keywords are unknown and will be ignored: [$id, examples]
    level: "warning"
    schema: {"loadingURI":"#","pointer":"/items/properties/photoUrls/items"}
    domain: "syntax"
    ignored: ["$id","examples"]
warning: the following keywords are unknown and will be ignored: [$id, examples]
    level: "warning"
    schema: {"loadingURI":"#","pointer":"/items/properties/status"}
    domain: "syntax"
    ignored: ["$id","examples"]
warning: the following keywords are unknown and will be ignored: [$id]
    level: "warning"
    schema: {"loadingURI":"#","pointer":"/items/properties/tags"}
    domain: "syntax"
    ignored: ["$id"]
warning: the following keywords are unknown and will be ignored: [$id]
    level: "warning"
    schema: {"loadingURI":"#","pointer":"/items/properties/tags/items"}
    domain: "syntax"
    ignored: ["$id"]
warning: the following keywords are unknown and will be ignored: [$id, examples]
    level: "warning"
    schema: {"loadingURI":"#","pointer":"/items/properties/tags/items/properties/id"}
    domain: "syntax"
    ignored: ["$id","examples"]
warning: the following keywords are unknown and will be ignored: [$id, examples]
    level: "warning"
    schema: {"loadingURI":"#","pointer":"/items/properties/tags/items/properties/name"}
    domain: "syntax"
    ignored: ["$id","examples"]
warning: the following keywords are unknown and will be ignored: [$id]
    level: "warning"
    schema: {"loadingURI":"#","pointer":"/items/properties/tags/items"}
    domain: "syntax"
    ignored: ["$id"]
warning: the following keywords are unknown and will be ignored: [$id, examples]
    level: "warning"
    schema: {"loadingURI":"#","pointer":"/items/properties/tags/items/properties/id"}
    domain: "syntax"
    ignored: ["$id","examples"]
warning: the following keywords are unknown and will be ignored: [$id, examples]
    level: "warning"
    schema: {"loadingURI":"#","pointer":"/items/properties/tags/items/properties/name"}
    domain: "syntax"
    ignored: ["$id","examples"]
warning: the following keywords are unknown and will be ignored: [$id, examples]
    level: "warning"
    schema: {"loadingURI":"#","pointer":"/items/properties/tags/items/properties/id"}
    domain: "syntax"
    ignored: ["$id","examples"]
warning: the following keywords are unknown and will be ignored: [$id, examples]
    level: "warning"
    schema: {"loadingURI":"#","pointer":"/items/properties/tags/items/properties/name"}
    domain: "syntax"
    ignored: ["$id","examples"]
warning: the following keywords are unknown and will be ignored: [$id]
    level: "warning"
    schema: {"loadingURI":"#","pointer":"/items"}
    domain: "syntax"
    ignored: ["$id"]
warning: the following keywords are unknown and will be ignored: [$id]
    level: "warning"
    schema: {"loadingURI":"#","pointer":"/items/properties/category"}
    domain: "syntax"
    ignored: ["$id"]
warning: the following keywords are unknown and will be ignored: [$id, examples]
    level: "warning"
    schema: {"loadingURI":"#","pointer":"/items/properties/category/properties/id"}
    domain: "syntax"
    ignored: ["$id","examples"]
warning: the following keywords are unknown and will be ignored: [$id, examples]
    level: "warning"
    schema: {"loadingURI":"#","pointer":"/items/properties/category/properties/name"}
    domain: "syntax"
    ignored: ["$id","examples"]
warning: the following keywords are unknown and will be ignored: [$id, examples]
    level: "warning"
    schema: {"loadingURI":"#","pointer":"/items/properties/id"}
    domain: "syntax"
    ignored: ["$id","examples"]
warning: the following keywords are unknown and will be ignored: [$id, examples]
    level: "warning"
    schema: {"loadingURI":"#","pointer":"/items/properties/name"}
    domain: "syntax"
    ignored: ["$id","examples"]
warning: the following keywords are unknown and will be ignored: [$id]
    level: "warning"
    schema: {"loadingURI":"#","pointer":"/items/properties/photoUrls"}
    domain: "syntax"
    ignored: ["$id"]
warning: the following keywords are unknown and will be ignored: [$id, examples]
    level: "warning"
    schema: {"loadingURI":"#","pointer":"/items/properties/photoUrls/items"}
    domain: "syntax"
    ignored: ["$id","examples"]
warning: the following keywords are unknown and will be ignored: [$id, examples]
    level: "warning"
    schema: {"loadingURI":"#","pointer":"/items/properties/status"}
    domain: "syntax"
    ignored: ["$id","examples"]
warning: the following keywords are unknown and will be ignored: [$id]
    level: "warning"
    schema: {"loadingURI":"#","pointer":"/items/properties/tags"}
    domain: "syntax"
    ignored: ["$id"]
warning: the following keywords are unknown and will be ignored: [$id]
    level: "warning"
    schema: {"loadingURI":"#","pointer":"/items/properties/tags/items"}
    domain: "syntax"
    ignored: ["$id"]
warning: the following keywords are unknown and will be ignored: [$id, examples]
    level: "warning"
    schema: {"loadingURI":"#","pointer":"/items/properties/tags/items/properties/id"}
    domain: "syntax"
    ignored: ["$id","examples"]
warning: the following keywords are unknown and will be ignored: [$id, examples]
    level: "warning"
    schema: {"loadingURI":"#","pointer":"/items/properties/tags/items/properties/name"}
    domain: "syntax"
    ignored: ["$id","examples"]
warning: the following keywords are unknown and will be ignored: [$id]
    level: "warning"
    schema: {"loadingURI":"#","pointer":"/items/properties/category"}
    domain: "syntax"
    ignored: ["$id"]
warning: the following keywords are unknown and will be ignored: [$id, examples]
    level: "warning"
    schema: {"loadingURI":"#","pointer":"/items/properties/category/properties/id"}
    domain: "syntax"
    ignored: ["$id","examples"]
warning: the following keywords are unknown and will be ignored: [$id, examples]
    level: "warning"
    schema: {"loadingURI":"#","pointer":"/items/properties/category/properties/name"}
    domain: "syntax"
    ignored: ["$id","examples"]
warning: the following keywords are unknown and will be ignored: [$id, examples]
    level: "warning"
    schema: {"loadingURI":"#","pointer":"/items/properties/category/properties/id"}
    domain: "syntax"
    ignored: ["$id","examples"]
warning: the following keywords are unknown and will be ignored: [$id, examples]
    level: "warning"
    schema: {"loadingURI":"#","pointer":"/items/properties/category/properties/name"}
    domain: "syntax"
    ignored: ["$id","examples"]
warning: the following keywords are unknown and will be ignored: [$id, examples]
    level: "warning"
    schema: {"loadingURI":"#","pointer":"/items/properties/id"}
    domain: "syntax"
    ignored: ["$id","examples"]
warning: the following keywords are unknown and will be ignored: [$id, examples]
    level: "warning"
    schema: {"loadingURI":"#","pointer":"/items/properties/name"}
    domain: "syntax"
    ignored: ["$id","examples"]
warning: the following keywords are unknown and will be ignored: [$id]
    level: "warning"
    schema: {"loadingURI":"#","pointer":"/items/properties/photoUrls"}
    domain: "syntax"
    ignored: ["$id"]
warning: the following keywords are unknown and will be ignored: [$id, examples]
    level: "warning"
    schema: {"loadingURI":"#","pointer":"/items/properties/photoUrls/items"}
    domain: "syntax"
    ignored: ["$id","examples"]
warning: the following keywords are unknown and will be ignored: [$id, examples]
    level: "warning"
    schema: {"loadingURI":"#","pointer":"/items/properties/photoUrls/items"}
    domain: "syntax"
    ignored: ["$id","examples"]
warning: the following keywords are unknown and will be ignored: [$id, examples]
    level: "warning"
    schema: {"loadingURI":"#","pointer":"/items/properties/status"}
    domain: "syntax"
    ignored: ["$id","examples"]
warning: the following keywords are unknown and will be ignored: [$id]
    level: "warning"
    schema: {"loadingURI":"#","pointer":"/items/properties/tags"}
    domain: "syntax"
    ignored: ["$id"]
warning: the following keywords are unknown and will be ignored: [$id]
    level: "warning"
    schema: {"loadingURI":"#","pointer":"/items/properties/tags/items"}
    domain: "syntax"
    ignored: ["$id"]
warning: the following keywords are unknown and will be ignored: [$id, examples]
    level: "warning"
    schema: {"loadingURI":"#","pointer":"/items/properties/tags/items/properties/id"}
    domain: "syntax"
    ignored: ["$id","examples"]
warning: the following keywords are unknown and will be ignored: [$id, examples]
    level: "warning"
    schema: {"loadingURI":"#","pointer":"/items/properties/tags/items/properties/name"}
    domain: "syntax"
    ignored: ["$id","examples"]
warning: the following keywords are unknown and will be ignored: [$id]
    level: "warning"
    schema: {"loadingURI":"#","pointer":"/items/properties/tags/items"}
    domain: "syntax"
    ignored: ["$id"]
warning: the following keywords are unknown and will be ignored: [$id, examples]
    level: "warning"
    schema: {"loadingURI":"#","pointer":"/items/properties/tags/items/properties/id"}
    domain: "syntax"
    ignored: ["$id","examples"]
warning: the following keywords are unknown and will be ignored: [$id, examples]
    level: "warning"
    schema: {"loadingURI":"#","pointer":"/items/properties/tags/items/properties/name"}
    domain: "syntax"
    ignored: ["$id","examples"]
warning: the following keywords are unknown and will be ignored: [$id, examples]
    level: "warning"
    schema: {"loadingURI":"#","pointer":"/items/properties/tags/items/properties/id"}
    domain: "syntax"
    ignored: ["$id","examples"]
warning: the following keywords are unknown and will be ignored: [$id, examples]
    level: "warning"
    schema: {"loadingURI":"#","pointer":"/items/properties/tags/items/properties/name"}
    domain: "syntax"
    ignored: ["$id","examples"]
warning: the following keywords are unknown and will be ignored: [$id]
    level: "warning"
    schema: {"loadingURI":"#","pointer":"/items"}
    domain: "syntax"
    ignored: ["$id"]
warning: the following keywords are unknown and will be ignored: [$id]
    level: "warning"
    schema: {"loadingURI":"#","pointer":"/items/properties/category"}
    domain: "syntax"
    ignored: ["$id"]
warning: the following keywords are unknown and will be ignored: [$id, examples]
    level: "warning"
    schema: {"loadingURI":"#","pointer":"/items/properties/category/properties/id"}
    domain: "syntax"
    ignored: ["$id","examples"]
warning: the following keywords are unknown and will be ignored: [$id, examples]
    level: "warning"
    schema: {"loadingURI":"#","pointer":"/items/properties/category/properties/name"}
    domain: "syntax"
    ignored: ["$id","examples"]
warning: the following keywords are unknown and will be ignored: [$id, examples]
    level: "warning"
    schema: {"loadingURI":"#","pointer":"/items/properties/id"}
    domain: "syntax"
    ignored: ["$id","examples"]
warning: the following keywords are unknown and will be ignored: [$id, examples]
    level: "warning"
    schema: {"loadingURI":"#","pointer":"/items/properties/name"}
    domain: "syntax"
    ignored: ["$id","examples"]
warning: the following keywords are unknown and will be ignored: [$id]
    level: "warning"
    schema: {"loadingURI":"#","pointer":"/items/properties/photoUrls"}
    domain: "syntax"
    ignored: ["$id"]
warning: the following keywords are unknown and will be ignored: [$id, examples]
    level: "warning"
    schema: {"loadingURI":"#","pointer":"/items/properties/photoUrls/items"}
    domain: "syntax"
    ignored: ["$id","examples"]
warning: the following keywords are unknown and will be ignored: [$id, examples]
    level: "warning"
    schema: {"loadingURI":"#","pointer":"/items/properties/status"}
    domain: "syntax"
    ignored: ["$id","examples"]
warning: the following keywords are unknown and will be ignored: [$id]
    level: "warning"
    schema: {"loadingURI":"#","pointer":"/items/properties/tags"}
    domain: "syntax"
    ignored: ["$id"]
warning: the following keywords are unknown and will be ignored: [$id]
    level: "warning"
    schema: {"loadingURI":"#","pointer":"/items/properties/tags/items"}
    domain: "syntax"
    ignored: ["$id"]
warning: the following keywords are unknown and will be ignored: [$id, examples]
    level: "warning"
    schema: {"loadingURI":"#","pointer":"/items/properties/tags/items/properties/id"}
    domain: "syntax"
    ignored: ["$id","examples"]
warning: the following keywords are unknown and will be ignored: [$id, examples]
    level: "warning"
    schema: {"loadingURI":"#","pointer":"/items/properties/tags/items/properties/name"}
    domain: "syntax"
    ignored: ["$id","examples"]
warning: the following keywords are unknown and will be ignored: [$id]
    level: "warning"
    schema: {"loadingURI":"#","pointer":"/items/properties/category"}
    domain: "syntax"
    ignored: ["$id"]
warning: the following keywords are unknown and will be ignored: [$id, examples]
    level: "warning"
    schema: {"loadingURI":"#","pointer":"/items/properties/category/properties/id"}
    domain: "syntax"
    ignored: ["$id","examples"]
warning: the following keywords are unknown and will be ignored: [$id, examples]
    level: "warning"
    schema: {"loadingURI":"#","pointer":"/items/properties/category/properties/name"}
    domain: "syntax"
    ignored: ["$id","examples"]
warning: the following keywords are unknown and will be ignored: [$id, examples]
    level: "warning"
    schema: {"loadingURI":"#","pointer":"/items/properties/category/properties/id"}
    domain: "syntax"
    ignored: ["$id","examples"]
warning: the following keywords are unknown and will be ignored: [$id, examples]
    level: "warning"
    schema: {"loadingURI":"#","pointer":"/items/properties/category/properties/name"}
    domain: "syntax"
    ignored: ["$id","examples"]
warning: the following keywords are unknown and will be ignored: [$id, examples]
    level: "warning"
    schema: {"loadingURI":"#","pointer":"/items/properties/id"}
    domain: "syntax"
    ignored: ["$id","examples"]
warning: the following keywords are unknown and will be ignored: [$id, examples]
    level: "warning"
    schema: {"loadingURI":"#","pointer":"/items/properties/name"}
    domain: "syntax"
    ignored: ["$id","examples"]
warning: the following keywords are unknown and will be ignored: [$id]
    level: "warning"
    schema: {"loadingURI":"#","pointer":"/items/properties/photoUrls"}
    domain: "syntax"
    ignored: ["$id"]
warning: the following keywords are unknown and will be ignored: [$id, examples]
    level: "warning"
    schema: {"loadingURI":"#","pointer":"/items/properties/photoUrls/items"}
    domain: "syntax"
    ignored: ["$id","examples"]
warning: the following keywords are unknown and will be ignored: [$id, examples]
    level: "warning"
    schema: {"loadingURI":"#","pointer":"/items/properties/photoUrls/items"}
    domain: "syntax"
    ignored: ["$id","examples"]
warning: the following keywords are unknown and will be ignored: [$id, examples]
    level: "warning"
    schema: {"loadingURI":"#","pointer":"/items/properties/status"}
    domain: "syntax"
    ignored: ["$id","examples"]
warning: the following keywords are unknown and will be ignored: [$id]
    level: "warning"
    schema: {"loadingURI":"#","pointer":"/items/properties/tags"}
    domain: "syntax"
    ignored: ["$id"]
warning: the following keywords are unknown and will be ignored: [$id]
    level: "warning"
    schema: {"loadingURI":"#","pointer":"/items/properties/tags/items"}
    domain: "syntax"
    ignored: ["$id"]
warning: the following keywords are unknown and will be ignored: [$id, examples]
    level: "warning"
    schema: {"loadingURI":"#","pointer":"/items/properties/tags/items/properties/id"}
    domain: "syntax"
    ignored: ["$id","examples"]
warning: the following keywords are unknown and will be ignored: [$id, examples]
    level: "warning"
    schema: {"loadingURI":"#","pointer":"/items/properties/tags/items/properties/name"}
    domain: "syntax"
    ignored: ["$id","examples"]
warning: the following keywords are unknown and will be ignored: [$id]
    level: "warning"
    schema: {"loadingURI":"#","pointer":"/items/properties/tags/items"}
    domain: "syntax"
    ignored: ["$id"]
warning: the following keywords are unknown and will be ignored: [$id, examples]
    level: "warning"
    schema: {"loadingURI":"#","pointer":"/items/properties/tags/items/properties/id"}
    domain: "syntax"
    ignored: ["$id","examples"]
warning: the following keywords are unknown and will be ignored: [$id, examples]
    level: "warning"
    schema: {"loadingURI":"#","pointer":"/items/properties/tags/items/properties/name"}
    domain: "syntax"
    ignored: ["$id","examples"]
warning: the following keywords are unknown and will be ignored: [$id, examples]
    level: "warning"
    schema: {"loadingURI":"#","pointer":"/items/properties/tags/items/properties/id"}
    domain: "syntax"
    ignored: ["$id","examples"]
warning: the following keywords are unknown and will be ignored: [$id, examples]
    level: "warning"
    schema: {"loadingURI":"#","pointer":"/items/properties/tags/items/properties/name"}
    domain: "syntax"
    ignored: ["$id","examples"]
warning: the following keywords are unknown and will be ignored: [$id]
    level: "warning"
    schema: {"loadingURI":"#","pointer":"/items"}
    domain: "syntax"
    ignored: ["$id"]
warning: the following keywords are unknown and will be ignored: [$id]
    level: "warning"
    schema: {"loadingURI":"#","pointer":"/items/properties/category"}
    domain: "syntax"
    ignored: ["$id"]
warning: the following keywords are unknown and will be ignored: [$id, examples]
    level: "warning"
    schema: {"loadingURI":"#","pointer":"/items/properties/category/properties/id"}
    domain: "syntax"
    ignored: ["$id","examples"]
warning: the following keywords are unknown and will be ignored: [$id, examples]
    level: "warning"
    schema: {"loadingURI":"#","pointer":"/items/properties/category/properties/name"}
    domain: "syntax"
    ignored: ["$id","examples"]
warning: the following keywords are unknown and will be ignored: [$id, examples]
    level: "warning"
    schema: {"loadingURI":"#","pointer":"/items/properties/id"}
    domain: "syntax"
    ignored: ["$id","examples"]
warning: the following keywords are unknown and will be ignored: [$id, examples]
    level: "warning"
    schema: {"loadingURI":"#","pointer":"/items/properties/name"}
    domain: "syntax"
    ignored: ["$id","examples"]
warning: the following keywords are unknown and will be ignored: [$id]
    level: "warning"
    schema: {"loadingURI":"#","pointer":"/items/properties/photoUrls"}
    domain: "syntax"
    ignored: ["$id"]
warning: the following keywords are unknown and will be ignored: [$id, examples]
    level: "warning"
    schema: {"loadingURI":"#","pointer":"/items/properties/photoUrls/items"}
    domain: "syntax"
    ignored: ["$id","examples"]
warning: the following keywords are unknown and will be ignored: [$id, examples]
    level: "warning"
    schema: {"loadingURI":"#","pointer":"/items/properties/status"}
    domain: "syntax"
    ignored: ["$id","examples"]
warning: the following keywords are unknown and will be ignored: [$id]
    level: "warning"
    schema: {"loadingURI":"#","pointer":"/items/properties/tags"}
    domain: "syntax"
    ignored: ["$id"]
warning: the following keywords are unknown and will be ignored: [$id]
    level: "warning"
    schema: {"loadingURI":"#","pointer":"/items/properties/tags/items"}
    domain: "syntax"
    ignored: ["$id"]
warning: the following keywords are unknown and will be ignored: [$id, examples]
    level: "warning"
    schema: {"loadingURI":"#","pointer":"/items/properties/tags/items/properties/id"}
    domain: "syntax"
    ignored: ["$id","examples"]
warning: the following keywords are unknown and will be ignored: [$id, examples]
    level: "warning"
    schema: {"loadingURI":"#","pointer":"/items/properties/tags/items/properties/name"}
    domain: "syntax"
    ignored: ["$id","examples"]
warning: the following keywords are unknown and will be ignored: [$id]
    level: "warning"
    schema: {"loadingURI":"#","pointer":"/items/properties/category"}
    domain: "syntax"
    ignored: ["$id"]
warning: the following keywords are unknown and will be ignored: [$id, examples]
    level: "warning"
    schema: {"loadingURI":"#","pointer":"/items/properties/category/properties/id"}
    domain: "syntax"
    ignored: ["$id","examples"]
warning: the following keywords are unknown and will be ignored: [$id, examples]
    level: "warning"
    schema: {"loadingURI":"#","pointer":"/items/properties/category/properties/name"}
    domain: "syntax"
    ignored: ["$id","examples"]
warning: the following keywords are unknown and will be ignored: [$id, examples]
    level: "warning"
    schema: {"loadingURI":"#","pointer":"/items/properties/category/properties/id"}
    domain: "syntax"
    ignored: ["$id","examples"]
warning: the following keywords are unknown and will be ignored: [$id, examples]
    level: "warning"
    schema: {"loadingURI":"#","pointer":"/items/properties/category/properties/name"}
    domain: "syntax"
    ignored: ["$id","examples"]
warning: the following keywords are unknown and will be ignored: [$id, examples]
    level: "warning"
    schema: {"loadingURI":"#","pointer":"/items/properties/id"}
    domain: "syntax"
    ignored: ["$id","examples"]
warning: the following keywords are unknown and will be ignored: [$id, examples]
    level: "warning"
    schema: {"loadingURI":"#","pointer":"/items/properties/name"}
    domain: "syntax"
    ignored: ["$id","examples"]
warning: the following keywords are unknown and will be ignored: [$id]
    level: "warning"
    schema: {"loadingURI":"#","pointer":"/items/properties/photoUrls"}
    domain: "syntax"
    ignored: ["$id"]
warning: the following keywords are unknown and will be ignored: [$id, examples]
    level: "warning"
    schema: {"loadingURI":"#","pointer":"/items/properties/photoUrls/items"}
    domain: "syntax"
    ignored: ["$id","examples"]
warning: the following keywords are unknown and will be ignored: [$id, examples]
    level: "warning"
    schema: {"loadingURI":"#","pointer":"/items/properties/photoUrls/items"}
    domain: "syntax"
    ignored: ["$id","examples"]
warning: the following keywords are unknown and will be ignored: [$id, examples]
    level: "warning"
    schema: {"loadingURI":"#","pointer":"/items/properties/status"}
    domain: "syntax"
    ignored: ["$id","examples"]
warning: the following keywords are unknown and will be ignored: [$id]
    level: "warning"
    schema: {"loadingURI":"#","pointer":"/items/properties/tags"}
    domain: "syntax"
    ignored: ["$id"]
warning: the following keywords are unknown and will be ignored: [$id]
    level: "warning"
    schema: {"loadingURI":"#","pointer":"/items/properties/tags/items"}
    domain: "syntax"
    ignored: ["$id"]
warning: the following keywords are unknown and will be ignored: [$id, examples]
    level: "warning"
    schema: {"loadingURI":"#","pointer":"/items/properties/tags/items/properties/id"}
    domain: "syntax"
    ignored: ["$id","examples"]
warning: the following keywords are unknown and will be ignored: [$id, examples]
    level: "warning"
    schema: {"loadingURI":"#","pointer":"/items/properties/tags/items/properties/name"}
    domain: "syntax"
    ignored: ["$id","examples"]
warning: the following keywords are unknown and will be ignored: [$id]
    level: "warning"
    schema: {"loadingURI":"#","pointer":"/items/properties/tags/items"}
    domain: "syntax"
    ignored: ["$id"]
warning: the following keywords are unknown and will be ignored: [$id, examples]
    level: "warning"
    schema: {"loadingURI":"#","pointer":"/items/properties/tags/items/properties/id"}
    domain: "syntax"
    ignored: ["$id","examples"]
warning: the following keywords are unknown and will be ignored: [$id, examples]
    level: "warning"
    schema: {"loadingURI":"#","pointer":"/items/properties/tags/items/properties/name"}
    domain: "syntax"
    ignored: ["$id","examples"]
warning: the following keywords are unknown and will be ignored: [$id, examples]
    level: "warning"
    schema: {"loadingURI":"#","pointer":"/items/properties/tags/items/properties/id"}
    domain: "syntax"
    ignored: ["$id","examples"]
warning: the following keywords are unknown and will be ignored: [$id, examples]
    level: "warning"
    schema: {"loadingURI":"#","pointer":"/items/properties/tags/items/properties/name"}
    domain: "syntax"
    ignored: ["$id","examples"]
warning: the following keywords are unknown and will be ignored: [$id]
    level: "warning"
    schema: {"loadingURI":"#","pointer":"/items"}
    domain: "syntax"
    ignored: ["$id"]
warning: the following keywords are unknown and will be ignored: [$id]
    level: "warning"
    schema: {"loadingURI":"#","pointer":"/items/properties/category"}
    domain: "syntax"
    ignored: ["$id"]
warning: the following keywords are unknown and will be ignored: [$id, examples]
    level: "warning"
    schema: {"loadingURI":"#","pointer":"/items/properties/category/properties/id"}
    domain: "syntax"
    ignored: ["$id","examples"]
warning: the following keywords are unknown and will be ignored: [$id, examples]
    level: "warning"
    schema: {"loadingURI":"#","pointer":"/items/properties/category/properties/name"}
    domain: "syntax"
    ignored: ["$id","examples"]
warning: the following keywords are unknown and will be ignored: [$id, examples]
    level: "warning"
    schema: {"loadingURI":"#","pointer":"/items/properties/id"}
    domain: "syntax"
    ignored: ["$id","examples"]
warning: the following keywords are unknown and will be ignored: [$id, examples]
    level: "warning"
    schema: {"loadingURI":"#","pointer":"/items/properties/name"}
    domain: "syntax"
    ignored: ["$id","examples"]
warning: the following keywords are unknown and will be ignored: [$id]
    level: "warning"
    schema: {"loadingURI":"#","pointer":"/items/properties/photoUrls"}
    domain: "syntax"
    ignored: ["$id"]
warning: the following keywords are unknown and will be ignored: [$id, examples]
    level: "warning"
    schema: {"loadingURI":"#","pointer":"/items/properties/photoUrls/items"}
    domain: "syntax"
    ignored: ["$id","examples"]
warning: the following keywords are unknown and will be ignored: [$id, examples]
    level: "warning"
    schema: {"loadingURI":"#","pointer":"/items/properties/status"}
    domain: "syntax"
    ignored: ["$id","examples"]
warning: the following keywords are unknown and will be ignored: [$id]
    level: "warning"
    schema: {"loadingURI":"#","pointer":"/items/properties/tags"}
    domain: "syntax"
    ignored: ["$id"]
warning: the following keywords are unknown and will be ignored: [$id]
    level: "warning"
    schema: {"loadingURI":"#","pointer":"/items/properties/tags/items"}
    domain: "syntax"
    ignored: ["$id"]
warning: the following keywords are unknown and will be ignored: [$id, examples]
    level: "warning"
    schema: {"loadingURI":"#","pointer":"/items/properties/tags/items/properties/id"}
    domain: "syntax"
    ignored: ["$id","examples"]
warning: the following keywords are unknown and will be ignored: [$id, examples]
    level: "warning"
    schema: {"loadingURI":"#","pointer":"/items/properties/tags/items/properties/name"}
    domain: "syntax"
    ignored: ["$id","examples"]
warning: the following keywords are unknown and will be ignored: [$id]
    level: "warning"
    schema: {"loadingURI":"#","pointer":"/items/properties/category"}
    domain: "syntax"
    ignored: ["$id"]
warning: the following keywords are unknown and will be ignored: [$id, examples]
    level: "warning"
    schema: {"loadingURI":"#","pointer":"/items/properties/category/properties/id"}
    domain: "syntax"
    ignored: ["$id","examples"]
warning: the following keywords are unknown and will be ignored: [$id, examples]
    level: "warning"
    schema: {"loadingURI":"#","pointer":"/items/properties/category/properties/name"}
    domain: "syntax"
    ignored: ["$id","examples"]
warning: the following keywords are unknown and will be ignored: [$id, examples]
    level: "warning"
    schema: {"loadingURI":"#","pointer":"/items/properties/category/properties/id"}
    domain: "syntax"
    ignored: ["$id","examples"]
warning: the following keywords are unknown and will be ignored: [$id, examples]
    level: "warning"
    schema: {"loadingURI":"#","pointer":"/items/properties/category/properties/name"}
    domain: "syntax"
    ignored: ["$id","examples"]
warning: the following keywords are unknown and will be ignored: [$id, examples]
    level: "warning"
    schema: {"loadingURI":"#","pointer":"/items/properties/id"}
    domain: "syntax"
    ignored: ["$id","examples"]
warning: the following keywords are unknown and will be ignored: [$id, examples]
    level: "warning"
    schema: {"loadingURI":"#","pointer":"/items/properties/name"}
    domain: "syntax"
    ignored: ["$id","examples"]
warning: the following keywords are unknown and will be ignored: [$id]
    level: "warning"
    schema: {"loadingURI":"#","pointer":"/items/properties/photoUrls"}
    domain: "syntax"
    ignored: ["$id"]
warning: the following keywords are unknown and will be ignored: [$id, examples]
    level: "warning"
    schema: {"loadingURI":"#","pointer":"/items/properties/photoUrls/items"}
    domain: "syntax"
    ignored: ["$id","examples"]
warning: the following keywords are unknown and will be ignored: [$id, examples]
    level: "warning"
    schema: {"loadingURI":"#","pointer":"/items/properties/photoUrls/items"}
    domain: "syntax"
    ignored: ["$id","examples"]
warning: the following keywords are unknown and will be ignored: [$id, examples]
    level: "warning"
    schema: {"loadingURI":"#","pointer":"/items/properties/status"}
    domain: "syntax"
    ignored: ["$id","examples"]
warning: the following keywords are unknown and will be ignored: [$id]
    level: "warning"
    schema: {"loadingURI":"#","pointer":"/items/properties/tags"}
    domain: "syntax"
    ignored: ["$id"]
warning: the following keywords are unknown and will be ignored: [$id]
    level: "warning"
    schema: {"loadingURI":"#","pointer":"/items/properties/tags/items"}
    domain: "syntax"
    ignored: ["$id"]
warning: the following keywords are unknown and will be ignored: [$id, examples]
    level: "warning"
    schema: {"loadingURI":"#","pointer":"/items/properties/tags/items/properties/id"}
    domain: "syntax"
    ignored: ["$id","examples"]
warning: the following keywords are unknown and will be ignored: [$id, examples]
    level: "warning"
    schema: {"loadingURI":"#","pointer":"/items/properties/tags/items/properties/name"}
    domain: "syntax"
    ignored: ["$id","examples"]
warning: the following keywords are unknown and will be ignored: [$id]
    level: "warning"
    schema: {"loadingURI":"#","pointer":"/items/properties/tags/items"}
    domain: "syntax"
    ignored: ["$id"]
warning: the following keywords are unknown and will be ignored: [$id, examples]
    level: "warning"
    schema: {"loadingURI":"#","pointer":"/items/properties/tags/items/properties/id"}
    domain: "syntax"
    ignored: ["$id","examples"]
warning: the following keywords are unknown and will be ignored: [$id, examples]
    level: "warning"
    schema: {"loadingURI":"#","pointer":"/items/properties/tags/items/properties/name"}
    domain: "syntax"
    ignored: ["$id","examples"]
warning: the following keywords are unknown and will be ignored: [$id, examples]
    level: "warning"
    schema: {"loadingURI":"#","pointer":"/items/properties/tags/items/properties/id"}
    domain: "syntax"
    ignored: ["$id","examples"]
warning: the following keywords are unknown and will be ignored: [$id, examples]
    level: "warning"
    schema: {"loadingURI":"#","pointer":"/items/properties/tags/items/properties/name"}
    domain: "syntax"
    ignored: ["$id","examples"]
warning: the following keywords are unknown and will be ignored: [$id]
    level: "warning"
    schema: {"loadingURI":"#","pointer":"/items"}
    domain: "syntax"
    ignored: ["$id"]
warning: the following keywords are unknown and will be ignored: [$id]
    level: "warning"
    schema: {"loadingURI":"#","pointer":"/items/properties/category"}
    domain: "syntax"
    ignored: ["$id"]
warning: the following keywords are unknown and will be ignored: [$id, examples]
    level: "warning"
    schema: {"loadingURI":"#","pointer":"/items/properties/category/properties/id"}
    domain: "syntax"
    ignored: ["$id","examples"]
warning: the following keywords are unknown and will be ignored: [$id, examples]
    level: "warning"
    schema: {"loadingURI":"#","pointer":"/items/properties/category/properties/name"}
    domain: "syntax"
    ignored: ["$id","examples"]
warning: the following keywords are unknown and will be ignored: [$id, examples]
    level: "warning"
    schema: {"loadingURI":"#","pointer":"/items/properties/id"}
    domain: "syntax"
    ignored: ["$id","examples"]
warning: the following keywords are unknown and will be ignored: [$id, examples]
    level: "warning"
    schema: {"loadingURI":"#","pointer":"/items/properties/name"}
    domain: "syntax"
    ignored: ["$id","examples"]
warning: the following keywords are unknown and will be ignored: [$id]
    level: "warning"
    schema: {"loadingURI":"#","pointer":"/items/properties/photoUrls"}
    domain: "syntax"
    ignored: ["$id"]
warning: the following keywords are unknown and will be ignored: [$id, examples]
    level: "warning"
    schema: {"loadingURI":"#","pointer":"/items/properties/photoUrls/items"}
    domain: "syntax"
    ignored: ["$id","examples"]
warning: the following keywords are unknown and will be ignored: [$id, examples]
    level: "warning"
    schema: {"loadingURI":"#","pointer":"/items/properties/status"}
    domain: "syntax"
    ignored: ["$id","examples"]
warning: the following keywords are unknown and will be ignored: [$id]
    level: "warning"
    schema: {"loadingURI":"#","pointer":"/items/properties/tags"}
    domain: "syntax"
    ignored: ["$id"]
warning: the following keywords are unknown and will be ignored: [$id]
    level: "warning"
    schema: {"loadingURI":"#","pointer":"/items/properties/tags/items"}
    domain: "syntax"
    ignored: ["$id"]
warning: the following keywords are unknown and will be ignored: [$id, examples]
    level: "warning"
    schema: {"loadingURI":"#","pointer":"/items/properties/tags/items/properties/id"}
    domain: "syntax"
    ignored: ["$id","examples"]
warning: the following keywords are unknown and will be ignored: [$id, examples]
    level: "warning"
    schema: {"loadingURI":"#","pointer":"/items/properties/tags/items/properties/name"}
    domain: "syntax"
    ignored: ["$id","examples"]
warning: the following keywords are unknown and will be ignored: [$id]
    level: "warning"
    schema: {"loadingURI":"#","pointer":"/items/properties/category"}
    domain: "syntax"
    ignored: ["$id"]
warning: the following keywords are unknown and will be ignored: [$id, examples]
    level: "warning"
    schema: {"loadingURI":"#","pointer":"/items/properties/category/properties/id"}
    domain: "syntax"
    ignored: ["$id","examples"]
warning: the following keywords are unknown and will be ignored: [$id, examples]
    level: "warning"
    schema: {"loadingURI":"#","pointer":"/items/properties/category/properties/name"}
    domain: "syntax"
    ignored: ["$id","examples"]
warning: the following keywords are unknown and will be ignored: [$id, examples]
    level: "warning"
    schema: {"loadingURI":"#","pointer":"/items/properties/category/properties/id"}
    domain: "syntax"
    ignored: ["$id","examples"]
warning: the following keywords are unknown and will be ignored: [$id, examples]
    level: "warning"
    schema: {"loadingURI":"#","pointer":"/items/properties/category/properties/name"}
    domain: "syntax"
    ignored: ["$id","examples"]
warning: the following keywords are unknown and will be ignored: [$id, examples]
    level: "warning"
    schema: {"loadingURI":"#","pointer":"/items/properties/id"}
    domain: "syntax"
    ignored: ["$id","examples"]
warning: the following keywords are unknown and will be ignored: [$id, examples]
    level: "warning"
    schema: {"loadingURI":"#","pointer":"/items/properties/name"}
    domain: "syntax"
    ignored: ["$id","examples"]
warning: the following keywords are unknown and will be ignored: [$id]
    level: "warning"
    schema: {"loadingURI":"#","pointer":"/items/properties/photoUrls"}
    domain: "syntax"
    ignored: ["$id"]
warning: the following keywords are unknown and will be ignored: [$id, examples]
    level: "warning"
    schema: {"loadingURI":"#","pointer":"/items/properties/photoUrls/items"}
    domain: "syntax"
    ignored: ["$id","examples"]
warning: the following keywords are unknown and will be ignored: [$id, examples]
    level: "warning"
    schema: {"loadingURI":"#","pointer":"/items/properties/photoUrls/items"}
    domain: "syntax"
    ignored: ["$id","examples"]
warning: the following keywords are unknown and will be ignored: [$id, examples]
    level: "warning"
    schema: {"loadingURI":"#","pointer":"/items/properties/status"}
    domain: "syntax"
    ignored: ["$id","examples"]
warning: the following keywords are unknown and will be ignored: [$id]
    level: "warning"
    schema: {"loadingURI":"#","pointer":"/items/properties/tags"}
    domain: "syntax"
    ignored: ["$id"]
warning: the following keywords are unknown and will be ignored: [$id]
    level: "warning"
    schema: {"loadingURI":"#","pointer":"/items/properties/tags/items"}
    domain: "syntax"
    ignored: ["$id"]
warning: the following keywords are unknown and will be ignored: [$id, examples]
    level: "warning"
    schema: {"loadingURI":"#","pointer":"/items/properties/tags/items/properties/id"}
    domain: "syntax"
    ignored: ["$id","examples"]
warning: the following keywords are unknown and will be ignored: [$id, examples]
    level: "warning"
    schema: {"loadingURI":"#","pointer":"/items/properties/tags/items/properties/name"}
    domain: "syntax"
    ignored: ["$id","examples"]
warning: the following keywords are unknown and will be ignored: [$id]
    level: "warning"
    schema: {"loadingURI":"#","pointer":"/items/properties/tags/items"}
    domain: "syntax"
    ignored: ["$id"]
warning: the following keywords are unknown and will be ignored: [$id, examples]
    level: "warning"
    schema: {"loadingURI":"#","pointer":"/items/properties/tags/items/properties/id"}
    domain: "syntax"
    ignored: ["$id","examples"]
warning: the following keywords are unknown and will be ignored: [$id, examples]
    level: "warning"
    schema: {"loadingURI":"#","pointer":"/items/properties/tags/items/properties/name"}
    domain: "syntax"
    ignored: ["$id","examples"]
warning: the following keywords are unknown and will be ignored: [$id, examples]
    level: "warning"
    schema: {"loadingURI":"#","pointer":"/items/properties/tags/items/properties/id"}
    domain: "syntax"
    ignored: ["$id","examples"]
warning: the following keywords are unknown and will be ignored: [$id, examples]
    level: "warning"
    schema: {"loadingURI":"#","pointer":"/items/properties/tags/items/properties/name"}
    domain: "syntax"
    ignored: ["$id","examples"]
warning: the following keywords are unknown and will be ignored: [$id]
    level: "warning"
    schema: {"loadingURI":"#","pointer":"/items"}
    domain: "syntax"
    ignored: ["$id"]
warning: the following keywords are unknown and will be ignored: [$id]
    level: "warning"
    schema: {"loadingURI":"#","pointer":"/items/properties/category"}
    domain: "syntax"
    ignored: ["$id"]
warning: the following keywords are unknown and will be ignored: [$id, examples]
    level: "warning"
    schema: {"loadingURI":"#","pointer":"/items/properties/category/properties/id"}
    domain: "syntax"
    ignored: ["$id","examples"]
warning: the following keywords are unknown and will be ignored: [$id, examples]
    level: "warning"
    schema: {"loadingURI":"#","pointer":"/items/properties/category/properties/name"}
    domain: "syntax"
    ignored: ["$id","examples"]
warning: the following keywords are unknown and will be ignored: [$id, examples]
    level: "warning"
    schema: {"loadingURI":"#","pointer":"/items/properties/id"}
    domain: "syntax"
    ignored: ["$id","examples"]
warning: the following keywords are unknown and will be ignored: [$id, examples]
    level: "warning"
    schema: {"loadingURI":"#","pointer":"/items/properties/name"}
    domain: "syntax"
    ignored: ["$id","examples"]
warning: the following keywords are unknown and will be ignored: [$id]
    level: "warning"
    schema: {"loadingURI":"#","pointer":"/items/properties/photoUrls"}
    domain: "syntax"
    ignored: ["$id"]
warning: the following keywords are unknown and will be ignored: [$id, examples]
    level: "warning"
    schema: {"loadingURI":"#","pointer":"/items/properties/photoUrls/items"}
    domain: "syntax"
    ignored: ["$id","examples"]
warning: the following keywords are unknown and will be ignored: [$id, examples]
    level: "warning"
    schema: {"loadingURI":"#","pointer":"/items/properties/status"}
    domain: "syntax"
    ignored: ["$id","examples"]
warning: the following keywords are unknown and will be ignored: [$id]
    level: "warning"
    schema: {"loadingURI":"#","pointer":"/items/properties/tags"}
    domain: "syntax"
    ignored: ["$id"]
warning: the following keywords are unknown and will be ignored: [$id]
    level: "warning"
    schema: {"loadingURI":"#","pointer":"/items/properties/tags/items"}
    domain: "syntax"
    ignored: ["$id"]
warning: the following keywords are unknown and will be ignored: [$id, examples]
    level: "warning"
    schema: {"loadingURI":"#","pointer":"/items/properties/tags/items/properties/id"}
    domain: "syntax"
    ignored: ["$id","examples"]
warning: the following keywords are unknown and will be ignored: [$id, examples]
    level: "warning"
    schema: {"loadingURI":"#","pointer":"/items/properties/tags/items/properties/name"}
    domain: "syntax"
    ignored: ["$id","examples"]
warning: the following keywords are unknown and will be ignored: [$id]
    level: "warning"
    schema: {"loadingURI":"#","pointer":"/items/properties/category"}
    domain: "syntax"
    ignored: ["$id"]
warning: the following keywords are unknown and will be ignored: [$id, examples]
    level: "warning"
    schema: {"loadingURI":"#","pointer":"/items/properties/category/properties/id"}
    domain: "syntax"
    ignored: ["$id","examples"]
warning: the following keywords are unknown and will be ignored: [$id, examples]
    level: "warning"
    schema: {"loadingURI":"#","pointer":"/items/properties/category/properties/name"}
    domain: "syntax"
    ignored: ["$id","examples"]
warning: the following keywords are unknown and will be ignored: [$id, examples]
    level: "warning"
    schema: {"loadingURI":"#","pointer":"/items/properties/category/properties/id"}
    domain: "syntax"
    ignored: ["$id","examples"]
warning: the following keywords are unknown and will be ignored: [$id, examples]
    level: "warning"
    schema: {"loadingURI":"#","pointer":"/items/properties/category/properties/name"}
    domain: "syntax"
    ignored: ["$id","examples"]
warning: the following keywords are unknown and will be ignored: [$id, examples]
    level: "warning"
    schema: {"loadingURI":"#","pointer":"/items/properties/id"}
    domain: "syntax"
    ignored: ["$id","examples"]
warning: the following keywords are unknown and will be ignored: [$id, examples]
    level: "warning"
    schema: {"loadingURI":"#","pointer":"/items/properties/name"}
    domain: "syntax"
    ignored: ["$id","examples"]
warning: the following keywords are unknown and will be ignored: [$id]
    level: "warning"
    schema: {"loadingURI":"#","pointer":"/items/properties/photoUrls"}
    domain: "syntax"
    ignored: ["$id"]
warning: the following keywords are unknown and will be ignored: [$id, examples]
    level: "warning"
    schema: {"loadingURI":"#","pointer":"/items/properties/photoUrls/items"}
    domain: "syntax"
    ignored: ["$id","examples"]
warning: the following keywords are unknown and will be ignored: [$id, examples]
    level: "warning"
    schema: {"loadingURI":"#","pointer":"/items/properties/photoUrls/items"}
    domain: "syntax"
    ignored: ["$id","examples"]
warning: the following keywords are unknown and will be ignored: [$id, examples]
    level: "warning"
    schema: {"loadingURI":"#","pointer":"/items/properties/status"}
    domain: "syntax"
    ignored: ["$id","examples"]
warning: the following keywords are unknown and will be ignored: [$id]
    level: "warning"
    schema: {"loadingURI":"#","pointer":"/items/properties/tags"}
    domain: "syntax"
    ignored: ["$id"]
warning: the following keywords are unknown and will be ignored: [$id]
    level: "warning"
    schema: {"loadingURI":"#","pointer":"/items/properties/tags/items"}
    domain: "syntax"
    ignored: ["$id"]
warning: the following keywords are unknown and will be ignored: [$id, examples]
    level: "warning"
    schema: {"loadingURI":"#","pointer":"/items/properties/tags/items/properties/id"}
    domain: "syntax"
    ignored: ["$id","examples"]
warning: the following keywords are unknown and will be ignored: [$id, examples]
    level: "warning"
    schema: {"loadingURI":"#","pointer":"/items/properties/tags/items/properties/name"}
    domain: "syntax"
    ignored: ["$id","examples"]
warning: the following keywords are unknown and will be ignored: [$id]
    level: "warning"
    schema: {"loadingURI":"#","pointer":"/items/properties/tags/items"}
    domain: "syntax"
    ignored: ["$id"]
warning: the following keywords are unknown and will be ignored: [$id, examples]
    level: "warning"
    schema: {"loadingURI":"#","pointer":"/items/properties/tags/items/properties/id"}
    domain: "syntax"
    ignored: ["$id","examples"]
warning: the following keywords are unknown and will be ignored: [$id, examples]
    level: "warning"
    schema: {"loadingURI":"#","pointer":"/items/properties/tags/items/properties/name"}
    domain: "syntax"
    ignored: ["$id","examples"]
warning: the following keywords are unknown and will be ignored: [$id, examples]
    level: "warning"
    schema: {"loadingURI":"#","pointer":"/items/properties/tags/items/properties/id"}
    domain: "syntax"
    ignored: ["$id","examples"]
warning: the following keywords are unknown and will be ignored: [$id, examples]
    level: "warning"
    schema: {"loadingURI":"#","pointer":"/items/properties/tags/items/properties/name"}
    domain: "syntax"
    ignored: ["$id","examples"]
warning: the following keywords are unknown and will be ignored: [$id]
    level: "warning"
    schema: {"loadingURI":"#","pointer":"/items"}
    domain: "syntax"
    ignored: ["$id"]
warning: the following keywords are unknown and will be ignored: [$id]
    level: "warning"
    schema: {"loadingURI":"#","pointer":"/items/properties/category"}
    domain: "syntax"
    ignored: ["$id"]
warning: the following keywords are unknown and will be ignored: [$id, examples]
    level: "warning"
    schema: {"loadingURI":"#","pointer":"/items/properties/category/properties/id"}
    domain: "syntax"
    ignored: ["$id","examples"]
warning: the following keywords are unknown and will be ignored: [$id, examples]
    level: "warning"
    schema: {"loadingURI":"#","pointer":"/items/properties/category/properties/name"}
    domain: "syntax"
    ignored: ["$id","examples"]
warning: the following keywords are unknown and will be ignored: [$id, examples]
    level: "warning"
    schema: {"loadingURI":"#","pointer":"/items/properties/id"}
    domain: "syntax"
    ignored: ["$id","examples"]
warning: the following keywords are unknown and will be ignored: [$id, examples]
    level: "warning"
    schema: {"loadingURI":"#","pointer":"/items/properties/name"}
    domain: "syntax"
    ignored: ["$id","examples"]
warning: the following keywords are unknown and will be ignored: [$id]
    level: "warning"
    schema: {"loadingURI":"#","pointer":"/items/properties/photoUrls"}
    domain: "syntax"
    ignored: ["$id"]
warning: the following keywords are unknown and will be ignored: [$id, examples]
    level: "warning"
    schema: {"loadingURI":"#","pointer":"/items/properties/photoUrls/items"}
    domain: "syntax"
    ignored: ["$id","examples"]
warning: the following keywords are unknown and will be ignored: [$id, examples]
    level: "warning"
    schema: {"loadingURI":"#","pointer":"/items/properties/status"}
    domain: "syntax"
    ignored: ["$id","examples"]
warning: the following keywords are unknown and will be ignored: [$id]
    level: "warning"
    schema: {"loadingURI":"#","pointer":"/items/properties/tags"}
    domain: "syntax"
    ignored: ["$id"]
warning: the following keywords are unknown and will be ignored: [$id]
    level: "warning"
    schema: {"loadingURI":"#","pointer":"/items/properties/tags/items"}
    domain: "syntax"
    ignored: ["$id"]
warning: the following keywords are unknown and will be ignored: [$id, examples]
    level: "warning"
    schema: {"loadingURI":"#","pointer":"/items/properties/tags/items/properties/id"}
    domain: "syntax"
    ignored: ["$id","examples"]
warning: the following keywords are unknown and will be ignored: [$id, examples]
    level: "warning"
    schema: {"loadingURI":"#","pointer":"/items/properties/tags/items/properties/name"}
    domain: "syntax"
    ignored: ["$id","examples"]
warning: the following keywords are unknown and will be ignored: [$id]
    level: "warning"
    schema: {"loadingURI":"#","pointer":"/items/properties/category"}
    domain: "syntax"
    ignored: ["$id"]
warning: the following keywords are unknown and will be ignored: [$id, examples]
    level: "warning"
    schema: {"loadingURI":"#","pointer":"/items/properties/category/properties/id"}
    domain: "syntax"
    ignored: ["$id","examples"]
warning: the following keywords are unknown and will be ignored: [$id, examples]
    level: "warning"
    schema: {"loadingURI":"#","pointer":"/items/properties/category/properties/name"}
    domain: "syntax"
    ignored: ["$id","examples"]
warning: the following keywords are unknown and will be ignored: [$id, examples]
    level: "warning"
    schema: {"loadingURI":"#","pointer":"/items/properties/category/properties/id"}
    domain: "syntax"
    ignored: ["$id","examples"]
warning: the following keywords are unknown and will be ignored: [$id, examples]
    level: "warning"
    schema: {"loadingURI":"#","pointer":"/items/properties/category/properties/name"}
    domain: "syntax"
    ignored: ["$id","examples"]
warning: the following keywords are unknown and will be ignored: [$id, examples]
    level: "warning"
    schema: {"loadingURI":"#","pointer":"/items/properties/id"}
    domain: "syntax"
    ignored: ["$id","examples"]
warning: the following keywords are unknown and will be ignored: [$id, examples]
    level: "warning"
    schema: {"loadingURI":"#","pointer":"/items/properties/name"}
    domain: "syntax"
    ignored: ["$id","examples"]
warning: the following keywords are unknown and will be ignored: [$id]
    level: "warning"
    schema: {"loadingURI":"#","pointer":"/items/properties/photoUrls"}
    domain: "syntax"
    ignored: ["$id"]
warning: the following keywords are unknown and will be ignored: [$id, examples]
    level: "warning"
    schema: {"loadingURI":"#","pointer":"/items/properties/photoUrls/items"}
    domain: "syntax"
    ignored: ["$id","examples"]
warning: the following keywords are unknown and will be ignored: [$id, examples]
    level: "warning"
    schema: {"loadingURI":"#","pointer":"/items/properties/photoUrls/items"}
    domain: "syntax"
    ignored: ["$id","examples"]
warning: the following keywords are unknown and will be ignored: [$id, examples]
    level: "warning"
    schema: {"loadingURI":"#","pointer":"/items/properties/status"}
    domain: "syntax"
    ignored: ["$id","examples"]
warning: the following keywords are unknown and will be ignored: [$id]
    level: "warning"
    schema: {"loadingURI":"#","pointer":"/items/properties/tags"}
    domain: "syntax"
    ignored: ["$id"]
warning: the following keywords are unknown and will be ignored: [$id]
    level: "warning"
    schema: {"loadingURI":"#","pointer":"/items/properties/tags/items"}
    domain: "syntax"
    ignored: ["$id"]
warning: the following keywords are unknown and will be ignored: [$id, examples]
    level: "warning"
    schema: {"loadingURI":"#","pointer":"/items/properties/tags/items/properties/id"}
    domain: "syntax"
    ignored: ["$id","examples"]
warning: the following keywords are unknown and will be ignored: [$id, examples]
    level: "warning"
    schema: {"loadingURI":"#","pointer":"/items/properties/tags/items/properties/name"}
    domain: "syntax"
    ignored: ["$id","examples"]
warning: the following keywords are unknown and will be ignored: [$id]
    level: "warning"
    schema: {"loadingURI":"#","pointer":"/items/properties/tags/items"}
    domain: "syntax"
    ignored: ["$id"]
warning: the following keywords are unknown and will be ignored: [$id, examples]
    level: "warning"
    schema: {"loadingURI":"#","pointer":"/items/properties/tags/items/properties/id"}
    domain: "syntax"
    ignored: ["$id","examples"]
warning: the following keywords are unknown and will be ignored: [$id, examples]
    level: "warning"
    schema: {"loadingURI":"#","pointer":"/items/properties/tags/items/properties/name"}
    domain: "syntax"
    ignored: ["$id","examples"]
warning: the following keywords are unknown and will be ignored: [$id, examples]
    level: "warning"
    schema: {"loadingURI":"#","pointer":"/items/properties/tags/items/properties/id"}
    domain: "syntax"
    ignored: ["$id","examples"]
warning: the following keywords are unknown and will be ignored: [$id, examples]
    level: "warning"
    schema: {"loadingURI":"#","pointer":"/items/properties/tags/items/properties/name"}
    domain: "syntax"
    ignored: ["$id","examples"]
warning: the following keywords are unknown and will be ignored: [$id]
    level: "warning"
    schema: {"loadingURI":"#","pointer":"/items"}
    domain: "syntax"
    ignored: ["$id"]
warning: the following keywords are unknown and will be ignored: [$id]
    level: "warning"
    schema: {"loadingURI":"#","pointer":"/items/properties/category"}
    domain: "syntax"
    ignored: ["$id"]
warning: the following keywords are unknown and will be ignored: [$id, examples]
    level: "warning"
    schema: {"loadingURI":"#","pointer":"/items/properties/category/properties/id"}
    domain: "syntax"
    ignored: ["$id","examples"]
warning: the following keywords are unknown and will be ignored: [$id, examples]
    level: "warning"
    schema: {"loadingURI":"#","pointer":"/items/properties/category/properties/name"}
    domain: "syntax"
    ignored: ["$id","examples"]
warning: the following keywords are unknown and will be ignored: [$id, examples]
    level: "warning"
    schema: {"loadingURI":"#","pointer":"/items/properties/id"}
    domain: "syntax"
    ignored: ["$id","examples"]
warning: the following keywords are unknown and will be ignored: [$id, examples]
    level: "warning"
    schema: {"loadingURI":"#","pointer":"/items/properties/name"}
    domain: "syntax"
    ignored: ["$id","examples"]
warning: the following keywords are unknown and will be ignored: [$id]
    level: "warning"
    schema: {"loadingURI":"#","pointer":"/items/properties/photoUrls"}
    domain: "syntax"
    ignored: ["$id"]
warning: the following keywords are unknown and will be ignored: [$id, examples]
    level: "warning"
    schema: {"loadingURI":"#","pointer":"/items/properties/photoUrls/items"}
    domain: "syntax"
    ignored: ["$id","examples"]
warning: the following keywords are unknown and will be ignored: [$id, examples]
    level: "warning"
    schema: {"loadingURI":"#","pointer":"/items/properties/status"}
    domain: "syntax"
    ignored: ["$id","examples"]
warning: the following keywords are unknown and will be ignored: [$id]
    level: "warning"
    schema: {"loadingURI":"#","pointer":"/items/properties/tags"}
    domain: "syntax"
    ignored: ["$id"]
warning: the following keywords are unknown and will be ignored: [$id]
    level: "warning"
    schema: {"loadingURI":"#","pointer":"/items/properties/tags/items"}
    domain: "syntax"
    ignored: ["$id"]
warning: the following keywords are unknown and will be ignored: [$id, examples]
    level: "warning"
    schema: {"loadingURI":"#","pointer":"/items/properties/tags/items/properties/id"}
    domain: "syntax"
    ignored: ["$id","examples"]
warning: the following keywords are unknown and will be ignored: [$id, examples]
    level: "warning"
    schema: {"loadingURI":"#","pointer":"/items/properties/tags/items/properties/name"}
    domain: "syntax"
    ignored: ["$id","examples"]
warning: the following keywords are unknown and will be ignored: [$id]
    level: "warning"
    schema: {"loadingURI":"#","pointer":"/items/properties/category"}
    domain: "syntax"
    ignored: ["$id"]
warning: the following keywords are unknown and will be ignored: [$id, examples]
    level: "warning"
    schema: {"loadingURI":"#","pointer":"/items/properties/category/properties/id"}
    domain: "syntax"
    ignored: ["$id","examples"]
warning: the following keywords are unknown and will be ignored: [$id, examples]
    level: "warning"
    schema: {"loadingURI":"#","pointer":"/items/properties/category/properties/name"}
    domain: "syntax"
    ignored: ["$id","examples"]
warning: the following keywords are unknown and will be ignored: [$id, examples]
    level: "warning"
    schema: {"loadingURI":"#","pointer":"/items/properties/category/properties/id"}
    domain: "syntax"
    ignored: ["$id","examples"]
warning: the following keywords are unknown and will be ignored: [$id, examples]
    level: "warning"
    schema: {"loadingURI":"#","pointer":"/items/properties/category/properties/name"}
    domain: "syntax"
    ignored: ["$id","examples"]
warning: the following keywords are unknown and will be ignored: [$id, examples]
    level: "warning"
    schema: {"loadingURI":"#","pointer":"/items/properties/id"}
    domain: "syntax"
    ignored: ["$id","examples"]
warning: the following keywords are unknown and will be ignored: [$id, examples]
    level: "warning"
    schema: {"loadingURI":"#","pointer":"/items/properties/name"}
    domain: "syntax"
    ignored: ["$id","examples"]
warning: the following keywords are unknown and will be ignored: [$id]
    level: "warning"
    schema: {"loadingURI":"#","pointer":"/items/properties/photoUrls"}
    domain: "syntax"
    ignored: ["$id"]
warning: the following keywords are unknown and will be ignored: [$id, examples]
    level: "warning"
    schema: {"loadingURI":"#","pointer":"/items/properties/photoUrls/items"}
    domain: "syntax"
    ignored: ["$id","examples"]
warning: the following keywords are unknown and will be ignored: [$id, examples]
    level: "warning"
    schema: {"loadingURI":"#","pointer":"/items/properties/photoUrls/items"}
    domain: "syntax"
    ignored: ["$id","examples"]
warning: the following keywords are unknown and will be ignored: [$id, examples]
    level: "warning"
    schema: {"loadingURI":"#","pointer":"/items/properties/status"}
    domain: "syntax"
    ignored: ["$id","examples"]
warning: the following keywords are unknown and will be ignored: [$id]
    level: "warning"
    schema: {"loadingURI":"#","pointer":"/items/properties/tags"}
    domain: "syntax"
    ignored: ["$id"]
warning: the following keywords are unknown and will be ignored: [$id]
    level: "warning"
    schema: {"loadingURI":"#","pointer":"/items/properties/tags/items"}
    domain: "syntax"
    ignored: ["$id"]
warning: the following keywords are unknown and will be ignored: [$id, examples]
    level: "warning"
    schema: {"loadingURI":"#","pointer":"/items/properties/tags/items/properties/id"}
    domain: "syntax"
    ignored: ["$id","examples"]
warning: the following keywords are unknown and will be ignored: [$id, examples]
    level: "warning"
    schema: {"loadingURI":"#","pointer":"/items/properties/tags/items/properties/name"}
    domain: "syntax"
    ignored: ["$id","examples"]
warning: the following keywords are unknown and will be ignored: [$id]
    level: "warning"
    schema: {"loadingURI":"#","pointer":"/items/properties/tags/items"}
    domain: "syntax"
    ignored: ["$id"]
warning: the following keywords are unknown and will be ignored: [$id, examples]
    level: "warning"
    schema: {"loadingURI":"#","pointer":"/items/properties/tags/items/properties/id"}
    domain: "syntax"
    ignored: ["$id","examples"]
warning: the following keywords are unknown and will be ignored: [$id, examples]
    level: "warning"
    schema: {"loadingURI":"#","pointer":"/items/properties/tags/items/properties/name"}
    domain: "syntax"
    ignored: ["$id","examples"]
warning: the following keywords are unknown and will be ignored: [$id, examples]
    level: "warning"
    schema: {"loadingURI":"#","pointer":"/items/properties/tags/items/properties/id"}
    domain: "syntax"
    ignored: ["$id","examples"]
warning: the following keywords are unknown and will be ignored: [$id, examples]
    level: "warning"
    schema: {"loadingURI":"#","pointer":"/items/properties/tags/items/properties/name"}
    domain: "syntax"
    ignored: ["$id","examples"]
warning: the following keywords are unknown and will be ignored: [$id]
    level: "warning"
    schema: {"loadingURI":"#","pointer":"/items"}
    domain: "syntax"
    ignored: ["$id"]
warning: the following keywords are unknown and will be ignored: [$id]
    level: "warning"
    schema: {"loadingURI":"#","pointer":"/items/properties/category"}
    domain: "syntax"
    ignored: ["$id"]
warning: the following keywords are unknown and will be ignored: [$id, examples]
    level: "warning"
    schema: {"loadingURI":"#","pointer":"/items/properties/category/properties/id"}
    domain: "syntax"
    ignored: ["$id","examples"]
warning: the following keywords are unknown and will be ignored: [$id, examples]
    level: "warning"
    schema: {"loadingURI":"#","pointer":"/items/properties/category/properties/name"}
    domain: "syntax"
    ignored: ["$id","examples"]
warning: the following keywords are unknown and will be ignored: [$id, examples]
    level: "warning"
    schema: {"loadingURI":"#","pointer":"/items/properties/id"}
    domain: "syntax"
    ignored: ["$id","examples"]
warning: the following keywords are unknown and will be ignored: [$id, examples]
    level: "warning"
    schema: {"loadingURI":"#","pointer":"/items/properties/name"}
    domain: "syntax"
    ignored: ["$id","examples"]
warning: the following keywords are unknown and will be ignored: [$id]
    level: "warning"
    schema: {"loadingURI":"#","pointer":"/items/properties/photoUrls"}
    domain: "syntax"
    ignored: ["$id"]
warning: the following keywords are unknown and will be ignored: [$id, examples]
    level: "warning"
    schema: {"loadingURI":"#","pointer":"/items/properties/photoUrls/items"}
    domain: "syntax"
    ignored: ["$id","examples"]
warning: the following keywords are unknown and will be ignored: [$id, examples]
    level: "warning"
    schema: {"loadingURI":"#","pointer":"/items/properties/status"}
    domain: "syntax"
    ignored: ["$id","examples"]
warning: the following keywords are unknown and will be ignored: [$id]
    level: "warning"
    schema: {"loadingURI":"#","pointer":"/items/properties/tags"}
    domain: "syntax"
    ignored: ["$id"]
warning: the following keywords are unknown and will be ignored: [$id]
    level: "warning"
    schema: {"loadingURI":"#","pointer":"/items/properties/tags/items"}
    domain: "syntax"
    ignored: ["$id"]
warning: the following keywords are unknown and will be ignored: [$id, examples]
    level: "warning"
    schema: {"loadingURI":"#","pointer":"/items/properties/tags/items/properties/id"}
    domain: "syntax"
    ignored: ["$id","examples"]
warning: the following keywords are unknown and will be ignored: [$id, examples]
    level: "warning"
    schema: {"loadingURI":"#","pointer":"/items/properties/tags/items/properties/name"}
    domain: "syntax"
    ignored: ["$id","examples"]
warning: the following keywords are unknown and will be ignored: [$id]
    level: "warning"
    schema: {"loadingURI":"#","pointer":"/items/properties/category"}
    domain: "syntax"
    ignored: ["$id"]
warning: the following keywords are unknown and will be ignored: [$id, examples]
    level: "warning"
    schema: {"loadingURI":"#","pointer":"/items/properties/category/properties/id"}
    domain: "syntax"
    ignored: ["$id","examples"]
warning: the following keywords are unknown and will be ignored: [$id, examples]
    level: "warning"
    schema: {"loadingURI":"#","pointer":"/items/properties/category/properties/name"}
    domain: "syntax"
    ignored: ["$id","examples"]
warning: the following keywords are unknown and will be ignored: [$id, examples]
    level: "warning"
    schema: {"loadingURI":"#","pointer":"/items/properties/category/properties/id"}
    domain: "syntax"
    ignored: ["$id","examples"]
warning: the following keywords are unknown and will be ignored: [$id, examples]
    level: "warning"
    schema: {"loadingURI":"#","pointer":"/items/properties/category/properties/name"}
    domain: "syntax"
    ignored: ["$id","examples"]
warning: the following keywords are unknown and will be ignored: [$id, examples]
    level: "warning"
    schema: {"loadingURI":"#","pointer":"/items/properties/id"}
    domain: "syntax"
    ignored: ["$id","examples"]
warning: the following keywords are unknown and will be ignored: [$id, examples]
    level: "warning"
    schema: {"loadingURI":"#","pointer":"/items/properties/name"}
    domain: "syntax"
    ignored: ["$id","examples"]
warning: the following keywords are unknown and will be ignored: [$id]
    level: "warning"
    schema: {"loadingURI":"#","pointer":"/items/properties/photoUrls"}
    domain: "syntax"
    ignored: ["$id"]
warning: the following keywords are unknown and will be ignored: [$id, examples]
    level: "warning"
    schema: {"loadingURI":"#","pointer":"/items/properties/photoUrls/items"}
    domain: "syntax"
    ignored: ["$id","examples"]
warning: the following keywords are unknown and will be ignored: [$id, examples]
    level: "warning"
    schema: {"loadingURI":"#","pointer":"/items/properties/photoUrls/items"}
    domain: "syntax"
    ignored: ["$id","examples"]
warning: the following keywords are unknown and will be ignored: [$id, examples]
    level: "warning"
    schema: {"loadingURI":"#","pointer":"/items/properties/status"}
    domain: "syntax"
    ignored: ["$id","examples"]
warning: the following keywords are unknown and will be ignored: [$id]
    level: "warning"
    schema: {"loadingURI":"#","pointer":"/items/properties/tags"}
    domain: "syntax"
    ignored: ["$id"]
warning: the following keywords are unknown and will be ignored: [$id]
    level: "warning"
    schema: {"loadingURI":"#","pointer":"/items/properties/tags/items"}
    domain: "syntax"
    ignored: ["$id"]
warning: the following keywords are unknown and will be ignored: [$id, examples]
    level: "warning"
    schema: {"loadingURI":"#","pointer":"/items/properties/tags/items/properties/id"}
    domain: "syntax"
    ignored: ["$id","examples"]
warning: the following keywords are unknown and will be ignored: [$id, examples]
    level: "warning"
    schema: {"loadingURI":"#","pointer":"/items/properties/tags/items/properties/name"}
    domain: "syntax"
    ignored: ["$id","examples"]
warning: the following keywords are unknown and will be ignored: [$id]
    level: "warning"
    schema: {"loadingURI":"#","pointer":"/items/properties/tags/items"}
    domain: "syntax"
    ignored: ["$id"]
warning: the following keywords are unknown and will be ignored: [$id, examples]
    level: "warning"
    schema: {"loadingURI":"#","pointer":"/items/properties/tags/items/properties/id"}
    domain: "syntax"
    ignored: ["$id","examples"]
warning: the following keywords are unknown and will be ignored: [$id, examples]
    level: "warning"
    schema: {"loadingURI":"#","pointer":"/items/properties/tags/items/properties/name"}
    domain: "syntax"
    ignored: ["$id","examples"]
warning: the following keywords are unknown and will be ignored: [$id, examples]
    level: "warning"
    schema: {"loadingURI":"#","pointer":"/items/properties/tags/items/properties/id"}
    domain: "syntax"
    ignored: ["$id","examples"]
warning: the following keywords are unknown and will be ignored: [$id, examples]
    level: "warning"
    schema: {"loadingURI":"#","pointer":"/items/properties/tags/items/properties/name"}
    domain: "syntax"
    ignored: ["$id","examples"]
warning: the following keywords are unknown and will be ignored: [$id]
    level: "warning"
    schema: {"loadingURI":"#","pointer":"/items"}
    domain: "syntax"
    ignored: ["$id"]
warning: the following keywords are unknown and will be ignored: [$id]
    level: "warning"
    schema: {"loadingURI":"#","pointer":"/items/properties/category"}
    domain: "syntax"
    ignored: ["$id"]
warning: the following keywords are unknown and will be ignored: [$id, examples]
    level: "warning"
    schema: {"loadingURI":"#","pointer":"/items/properties/category/properties/id"}
    domain: "syntax"
    ignored: ["$id","examples"]
warning: the following keywords are unknown and will be ignored: [$id, examples]
    level: "warning"
    schema: {"loadingURI":"#","pointer":"/items/properties/category/properties/name"}
    domain: "syntax"
    ignored: ["$id","examples"]
warning: the following keywords are unknown and will be ignored: [$id, examples]
    level: "warning"
    schema: {"loadingURI":"#","pointer":"/items/properties/id"}
    domain: "syntax"
    ignored: ["$id","examples"]
warning: the following keywords are unknown and will be ignored: [$id, examples]
    level: "warning"
    schema: {"loadingURI":"#","pointer":"/items/properties/name"}
    domain: "syntax"
    ignored: ["$id","examples"]
warning: the following keywords are unknown and will be ignored: [$id]
    level: "warning"
    schema: {"loadingURI":"#","pointer":"/items/properties/photoUrls"}
    domain: "syntax"
    ignored: ["$id"]
warning: the following keywords are unknown and will be ignored: [$id, examples]
    level: "warning"
    schema: {"loadingURI":"#","pointer":"/items/properties/photoUrls/items"}
    domain: "syntax"
    ignored: ["$id","examples"]
warning: the following keywords are unknown and will be ignored: [$id, examples]
    level: "warning"
    schema: {"loadingURI":"#","pointer":"/items/properties/status"}
    domain: "syntax"
    ignored: ["$id","examples"]
warning: the following keywords are unknown and will be ignored: [$id]
    level: "warning"
    schema: {"loadingURI":"#","pointer":"/items/properties/tags"}
    domain: "syntax"
    ignored: ["$id"]
warning: the following keywords are unknown and will be ignored: [$id]
    level: "warning"
    schema: {"loadingURI":"#","pointer":"/items/properties/tags/items"}
    domain: "syntax"
    ignored: ["$id"]
warning: the following keywords are unknown and will be ignored: [$id, examples]
    level: "warning"
    schema: {"loadingURI":"#","pointer":"/items/properties/tags/items/properties/id"}
    domain: "syntax"
    ignored: ["$id","examples"]
warning: the following keywords are unknown and will be ignored: [$id, examples]
    level: "warning"
    schema: {"loadingURI":"#","pointer":"/items/properties/tags/items/properties/name"}
    domain: "syntax"
    ignored: ["$id","examples"]
warning: the following keywords are unknown and will be ignored: [$id]
    level: "warning"
    schema: {"loadingURI":"#","pointer":"/items/properties/category"}
    domain: "syntax"
    ignored: ["$id"]
warning: the following keywords are unknown and will be ignored: [$id, examples]
    level: "warning"
    schema: {"loadingURI":"#","pointer":"/items/properties/category/properties/id"}
    domain: "syntax"
    ignored: ["$id","examples"]
warning: the following keywords are unknown and will be ignored: [$id, examples]
    level: "warning"
    schema: {"loadingURI":"#","pointer":"/items/properties/category/properties/name"}
    domain: "syntax"
    ignored: ["$id","examples"]
warning: the following keywords are unknown and will be ignored: [$id, examples]
    level: "warning"
    schema: {"loadingURI":"#","pointer":"/items/properties/category/properties/id"}
    domain: "syntax"
    ignored: ["$id","examples"]
warning: the following keywords are unknown and will be ignored: [$id, examples]
    level: "warning"
    schema: {"loadingURI":"#","pointer":"/items/properties/category/properties/name"}
    domain: "syntax"
    ignored: ["$id","examples"]
warning: the following keywords are unknown and will be ignored: [$id, examples]
    level: "warning"
    schema: {"loadingURI":"#","pointer":"/items/properties/id"}
    domain: "syntax"
    ignored: ["$id","examples"]
warning: the following keywords are unknown and will be ignored: [$id, examples]
    level: "warning"
    schema: {"loadingURI":"#","pointer":"/items/properties/name"}
    domain: "syntax"
    ignored: ["$id","examples"]
warning: the following keywords are unknown and will be ignored: [$id]
    level: "warning"
    schema: {"loadingURI":"#","pointer":"/items/properties/photoUrls"}
    domain: "syntax"
    ignored: ["$id"]
warning: the following keywords are unknown and will be ignored: [$id, examples]
    level: "warning"
    schema: {"loadingURI":"#","pointer":"/items/properties/photoUrls/items"}
    domain: "syntax"
    ignored: ["$id","examples"]
warning: the following keywords are unknown and will be ignored: [$id, examples]
    level: "warning"
    schema: {"loadingURI":"#","pointer":"/items/properties/photoUrls/items"}
    domain: "syntax"
    ignored: ["$id","examples"]
warning: the following keywords are unknown and will be ignored: [$id, examples]
    level: "warning"
    schema: {"loadingURI":"#","pointer":"/items/properties/status"}
    domain: "syntax"
    ignored: ["$id","examples"]
warning: the following keywords are unknown and will be ignored: [$id]
    level: "warning"
    schema: {"loadingURI":"#","pointer":"/items/properties/tags"}
    domain: "syntax"
    ignored: ["$id"]
warning: the following keywords are unknown and will be ignored: [$id]
    level: "warning"
    schema: {"loadingURI":"#","pointer":"/items/properties/tags/items"}
    domain: "syntax"
    ignored: ["$id"]
warning: the following keywords are unknown and will be ignored: [$id, examples]
    level: "warning"
    schema: {"loadingURI":"#","pointer":"/items/properties/tags/items/properties/id"}
    domain: "syntax"
    ignored: ["$id","examples"]
warning: the following keywords are unknown and will be ignored: [$id, examples]
    level: "warning"
    schema: {"loadingURI":"#","pointer":"/items/properties/tags/items/properties/name"}
    domain: "syntax"
    ignored: ["$id","examples"]
warning: the following keywords are unknown and will be ignored: [$id]
    level: "warning"
    schema: {"loadingURI":"#","pointer":"/items/properties/tags/items"}
    domain: "syntax"
    ignored: ["$id"]
warning: the following keywords are unknown and will be ignored: [$id, examples]
    level: "warning"
    schema: {"loadingURI":"#","pointer":"/items/properties/tags/items/properties/id"}
    domain: "syntax"
    ignored: ["$id","examples"]
warning: the following keywords are unknown and will be ignored: [$id, examples]
    level: "warning"
    schema: {"loadingURI":"#","pointer":"/items/properties/tags/items/properties/name"}
    domain: "syntax"
    ignored: ["$id","examples"]
warning: the following keywords are unknown and will be ignored: [$id, examples]
    level: "warning"
    schema: {"loadingURI":"#","pointer":"/items/properties/tags/items/properties/id"}
    domain: "syntax"
    ignored: ["$id","examples"]
warning: the following keywords are unknown and will be ignored: [$id, examples]
    level: "warning"
    schema: {"loadingURI":"#","pointer":"/items/properties/tags/items/properties/name"}
    domain: "syntax"
    ignored: ["$id","examples"]
warning: the following keywords are unknown and will be ignored: [$id]
    level: "warning"
    schema: {"loadingURI":"#","pointer":"/items"}
    domain: "syntax"
    ignored: ["$id"]
warning: the following keywords are unknown and will be ignored: [$id]
    level: "warning"
    schema: {"loadingURI":"#","pointer":"/items/properties/category"}
    domain: "syntax"
    ignored: ["$id"]
warning: the following keywords are unknown and will be ignored: [$id, examples]
    level: "warning"
    schema: {"loadingURI":"#","pointer":"/items/properties/category/properties/id"}
    domain: "syntax"
    ignored: ["$id","examples"]
warning: the following keywords are unknown and will be ignored: [$id, examples]
    level: "warning"
    schema: {"loadingURI":"#","pointer":"/items/properties/category/properties/name"}
    domain: "syntax"
    ignored: ["$id","examples"]
warning: the following keywords are unknown and will be ignored: [$id, examples]
    level: "warning"
    schema: {"loadingURI":"#","pointer":"/items/properties/id"}
    domain: "syntax"
    ignored: ["$id","examples"]
warning: the following keywords are unknown and will be ignored: [$id, examples]
    level: "warning"
    schema: {"loadingURI":"#","pointer":"/items/properties/name"}
    domain: "syntax"
    ignored: ["$id","examples"]
warning: the following keywords are unknown and will be ignored: [$id]
    level: "warning"
    schema: {"loadingURI":"#","pointer":"/items/properties/photoUrls"}
    domain: "syntax"
    ignored: ["$id"]
warning: the following keywords are unknown and will be ignored: [$id, examples]
    level: "warning"
    schema: {"loadingURI":"#","pointer":"/items/properties/photoUrls/items"}
    domain: "syntax"
    ignored: ["$id","examples"]
warning: the following keywords are unknown and will be ignored: [$id, examples]
    level: "warning"
    schema: {"loadingURI":"#","pointer":"/items/properties/status"}
    domain: "syntax"
    ignored: ["$id","examples"]
warning: the following keywords are unknown and will be ignored: [$id]
    level: "warning"
    schema: {"loadingURI":"#","pointer":"/items/properties/tags"}
    domain: "syntax"
    ignored: ["$id"]
warning: the following keywords are unknown and will be ignored: [$id]
    level: "warning"
    schema: {"loadingURI":"#","pointer":"/items/properties/tags/items"}
    domain: "syntax"
    ignored: ["$id"]
warning: the following keywords are unknown and will be ignored: [$id, examples]
    level: "warning"
    schema: {"loadingURI":"#","pointer":"/items/properties/tags/items/properties/id"}
    domain: "syntax"
    ignored: ["$id","examples"]
warning: the following keywords are unknown and will be ignored: [$id, examples]
    level: "warning"
    schema: {"loadingURI":"#","pointer":"/items/properties/tags/items/properties/name"}
    domain: "syntax"
    ignored: ["$id","examples"]
warning: the following keywords are unknown and will be ignored: [$id]
    level: "warning"
    schema: {"loadingURI":"#","pointer":"/items/properties/category"}
    domain: "syntax"
    ignored: ["$id"]
warning: the following keywords are unknown and will be ignored: [$id, examples]
    level: "warning"
    schema: {"loadingURI":"#","pointer":"/items/properties/category/properties/id"}
    domain: "syntax"
    ignored: ["$id","examples"]
warning: the following keywords are unknown and will be ignored: [$id, examples]
    level: "warning"
    schema: {"loadingURI":"#","pointer":"/items/properties/category/properties/name"}
    domain: "syntax"
    ignored: ["$id","examples"]
warning: the following keywords are unknown and will be ignored: [$id, examples]
    level: "warning"
    schema: {"loadingURI":"#","pointer":"/items/properties/category/properties/id"}
    domain: "syntax"
    ignored: ["$id","examples"]
warning: the following keywords are unknown and will be ignored: [$id, examples]
    level: "warning"
    schema: {"loadingURI":"#","pointer":"/items/properties/category/properties/name"}
    domain: "syntax"
    ignored: ["$id","examples"]
warning: the following keywords are unknown and will be ignored: [$id, examples]
    level: "warning"
    schema: {"loadingURI":"#","pointer":"/items/properties/id"}
    domain: "syntax"
    ignored: ["$id","examples"]
warning: the following keywords are unknown and will be ignored: [$id, examples]
    level: "warning"
    schema: {"loadingURI":"#","pointer":"/items/properties/name"}
    domain: "syntax"
    ignored: ["$id","examples"]
warning: the following keywords are unknown and will be ignored: [$id]
    level: "warning"
    schema: {"loadingURI":"#","pointer":"/items/properties/photoUrls"}
    domain: "syntax"
    ignored: ["$id"]
warning: the following keywords are unknown and will be ignored: [$id, examples]
    level: "warning"
    schema: {"loadingURI":"#","pointer":"/items/properties/photoUrls/items"}
    domain: "syntax"
    ignored: ["$id","examples"]
warning: the following keywords are unknown and will be ignored: [$id, examples]
    level: "warning"
    schema: {"loadingURI":"#","pointer":"/items/properties/photoUrls/items"}
    domain: "syntax"
    ignored: ["$id","examples"]
warning: the following keywords are unknown and will be ignored: [$id, examples]
    level: "warning"
    schema: {"loadingURI":"#","pointer":"/items/properties/status"}
    domain: "syntax"
    ignored: ["$id","examples"]
warning: the following keywords are unknown and will be ignored: [$id]
    level: "warning"
    schema: {"loadingURI":"#","pointer":"/items/properties/tags"}
    domain: "syntax"
    ignored: ["$id"]
warning: the following keywords are unknown and will be ignored: [$id]
    level: "warning"
    schema: {"loadingURI":"#","pointer":"/items/properties/tags/items"}
    domain: "syntax"
    ignored: ["$id"]
warning: the following keywords are unknown and will be ignored: [$id, examples]
    level: "warning"
    schema: {"loadingURI":"#","pointer":"/items/properties/tags/items/properties/id"}
    domain: "syntax"
    ignored: ["$id","examples"]
warning: the following keywords are unknown and will be ignored: [$id, examples]
    level: "warning"
    schema: {"loadingURI":"#","pointer":"/items/properties/tags/items/properties/name"}
    domain: "syntax"
    ignored: ["$id","examples"]
warning: the following keywords are unknown and will be ignored: [$id]
    level: "warning"
    schema: {"loadingURI":"#","pointer":"/items/properties/tags/items"}
    domain: "syntax"
    ignored: ["$id"]
warning: the following keywords are unknown and will be ignored: [$id, examples]
    level: "warning"
    schema: {"loadingURI":"#","pointer":"/items/properties/tags/items/properties/id"}
    domain: "syntax"
    ignored: ["$id","examples"]
warning: the following keywords are unknown and will be ignored: [$id, examples]
    level: "warning"
    schema: {"loadingURI":"#","pointer":"/items/properties/tags/items/properties/name"}
    domain: "syntax"
    ignored: ["$id","examples"]
warning: the following keywords are unknown and will be ignored: [$id, examples]
    level: "warning"
    schema: {"loadingURI":"#","pointer":"/items/properties/tags/items/properties/id"}
    domain: "syntax"
    ignored: ["$id","examples"]
warning: the following keywords are unknown and will be ignored: [$id, examples]
    level: "warning"
    schema: {"loadingURI":"#","pointer":"/items/properties/tags/items/properties/name"}
    domain: "syntax"
    ignored: ["$id","examples"]
warning: the following keywords are unknown and will be ignored: [$id]
    level: "warning"
    schema: {"loadingURI":"#","pointer":"/items"}
    domain: "syntax"
    ignored: ["$id"]
warning: the following keywords are unknown and will be ignored: [$id]
    level: "warning"
    schema: {"loadingURI":"#","pointer":"/items/properties/category"}
    domain: "syntax"
    ignored: ["$id"]
warning: the following keywords are unknown and will be ignored: [$id, examples]
    level: "warning"
    schema: {"loadingURI":"#","pointer":"/items/properties/category/properties/id"}
    domain: "syntax"
    ignored: ["$id","examples"]
warning: the following keywords are unknown and will be ignored: [$id, examples]
    level: "warning"
    schema: {"loadingURI":"#","pointer":"/items/properties/category/properties/name"}
    domain: "syntax"
    ignored: ["$id","examples"]
warning: the following keywords are unknown and will be ignored: [$id, examples]
    level: "warning"
    schema: {"loadingURI":"#","pointer":"/items/properties/id"}
    domain: "syntax"
    ignored: ["$id","examples"]
warning: the following keywords are unknown and will be ignored: [$id, examples]
    level: "warning"
    schema: {"loadingURI":"#","pointer":"/items/properties/name"}
    domain: "syntax"
    ignored: ["$id","examples"]
warning: the following keywords are unknown and will be ignored: [$id]
    level: "warning"
    schema: {"loadingURI":"#","pointer":"/items/properties/photoUrls"}
    domain: "syntax"
    ignored: ["$id"]
warning: the following keywords are unknown and will be ignored: [$id, examples]
    level: "warning"
    schema: {"loadingURI":"#","pointer":"/items/properties/photoUrls/items"}
    domain: "syntax"
    ignored: ["$id","examples"]
warning: the following keywords are unknown and will be ignored: [$id, examples]
    level: "warning"
    schema: {"loadingURI":"#","pointer":"/items/properties/status"}
    domain: "syntax"
    ignored: ["$id","examples"]
warning: the following keywords are unknown and will be ignored: [$id]
    level: "warning"
    schema: {"loadingURI":"#","pointer":"/items/properties/tags"}
    domain: "syntax"
    ignored: ["$id"]
warning: the following keywords are unknown and will be ignored: [$id]
    level: "warning"
    schema: {"loadingURI":"#","pointer":"/items/properties/tags/items"}
    domain: "syntax"
    ignored: ["$id"]
warning: the following keywords are unknown and will be ignored: [$id, examples]
    level: "warning"
    schema: {"loadingURI":"#","pointer":"/items/properties/tags/items/properties/id"}
    domain: "syntax"
    ignored: ["$id","examples"]
warning: the following keywords are unknown and will be ignored: [$id, examples]
    level: "warning"
    schema: {"loadingURI":"#","pointer":"/items/properties/tags/items/properties/name"}
    domain: "syntax"
    ignored: ["$id","examples"]
warning: the following keywords are unknown and will be ignored: [$id]
    level: "warning"
    schema: {"loadingURI":"#","pointer":"/items/properties/category"}
    domain: "syntax"
    ignored: ["$id"]
warning: the following keywords are unknown and will be ignored: [$id, examples]
    level: "warning"
    schema: {"loadingURI":"#","pointer":"/items/properties/category/properties/id"}
    domain: "syntax"
    ignored: ["$id","examples"]
warning: the following keywords are unknown and will be ignored: [$id, examples]
    level: "warning"
    schema: {"loadingURI":"#","pointer":"/items/properties/category/properties/name"}
    domain: "syntax"
    ignored: ["$id","examples"]
warning: the following keywords are unknown and will be ignored: [$id, examples]
    level: "warning"
    schema: {"loadingURI":"#","pointer":"/items/properties/category/properties/id"}
    domain: "syntax"
    ignored: ["$id","examples"]
warning: the following keywords are unknown and will be ignored: [$id, examples]
    level: "warning"
    schema: {"loadingURI":"#","pointer":"/items/properties/category/properties/name"}
    domain: "syntax"
    ignored: ["$id","examples"]
warning: the following keywords are unknown and will be ignored: [$id, examples]
    level: "warning"
    schema: {"loadingURI":"#","pointer":"/items/properties/id"}
    domain: "syntax"
    ignored: ["$id","examples"]
warning: the following keywords are unknown and will be ignored: [$id, examples]
    level: "warning"
    schema: {"loadingURI":"#","pointer":"/items/properties/name"}
    domain: "syntax"
    ignored: ["$id","examples"]
warning: the following keywords are unknown and will be ignored: [$id]
    level: "warning"
    schema: {"loadingURI":"#","pointer":"/items/properties/photoUrls"}
    domain: "syntax"
    ignored: ["$id"]
warning: the following keywords are unknown and will be ignored: [$id, examples]
    level: "warning"
    schema: {"loadingURI":"#","pointer":"/items/properties/photoUrls/items"}
    domain: "syntax"
    ignored: ["$id","examples"]
warning: the following keywords are unknown and will be ignored: [$id, examples]
    level: "warning"
    schema: {"loadingURI":"#","pointer":"/items/properties/photoUrls/items"}
    domain: "syntax"
    ignored: ["$id","examples"]
warning: the following keywords are unknown and will be ignored: [$id, examples]
    level: "warning"
    schema: {"loadingURI":"#","pointer":"/items/properties/status"}
    domain: "syntax"
    ignored: ["$id","examples"]
warning: the following keywords are unknown and will be ignored: [$id]
    level: "warning"
    schema: {"loadingURI":"#","pointer":"/items/properties/tags"}
    domain: "syntax"
    ignored: ["$id"]
warning: the following keywords are unknown and will be ignored: [$id]
    level: "warning"
    schema: {"loadingURI":"#","pointer":"/items/properties/tags/items"}
    domain: "syntax"
    ignored: ["$id"]
warning: the following keywords are unknown and will be ignored: [$id, examples]
    level: "warning"
    schema: {"loadingURI":"#","pointer":"/items/properties/tags/items/properties/id"}
    domain: "syntax"
    ignored: ["$id","examples"]
warning: the following keywords are unknown and will be ignored: [$id, examples]
    level: "warning"
    schema: {"loadingURI":"#","pointer":"/items/properties/tags/items/properties/name"}
    domain: "syntax"
    ignored: ["$id","examples"]
warning: the following keywords are unknown and will be ignored: [$id]
    level: "warning"
    schema: {"loadingURI":"#","pointer":"/items/properties/tags/items"}
    domain: "syntax"
    ignored: ["$id"]
warning: the following keywords are unknown and will be ignored: [$id, examples]
    level: "warning"
    schema: {"loadingURI":"#","pointer":"/items/properties/tags/items/properties/id"}
    domain: "syntax"
    ignored: ["$id","examples"]
warning: the following keywords are unknown and will be ignored: [$id, examples]
    level: "warning"
    schema: {"loadingURI":"#","pointer":"/items/properties/tags/items/properties/name"}
    domain: "syntax"
    ignored: ["$id","examples"]
warning: the following keywords are unknown and will be ignored: [$id, examples]
    level: "warning"
    schema: {"loadingURI":"#","pointer":"/items/properties/tags/items/properties/id"}
    domain: "syntax"
    ignored: ["$id","examples"]
warning: the following keywords are unknown and will be ignored: [$id, examples]
    level: "warning"
    schema: {"loadingURI":"#","pointer":"/items/properties/tags/items/properties/name"}
    domain: "syntax"
    ignored: ["$id","examples"]
warning: the following keywords are unknown and will be ignored: [$id]
    level: "warning"
    schema: {"loadingURI":"#","pointer":"/items"}
    domain: "syntax"
    ignored: ["$id"]
warning: the following keywords are unknown and will be ignored: [$id]
    level: "warning"
    schema: {"loadingURI":"#","pointer":"/items/properties/category"}
    domain: "syntax"
    ignored: ["$id"]
warning: the following keywords are unknown and will be ignored: [$id, examples]
    level: "warning"
    schema: {"loadingURI":"#","pointer":"/items/properties/category/properties/id"}
    domain: "syntax"
    ignored: ["$id","examples"]
warning: the following keywords are unknown and will be ignored: [$id, examples]
    level: "warning"
    schema: {"loadingURI":"#","pointer":"/items/properties/category/properties/name"}
    domain: "syntax"
    ignored: ["$id","examples"]
warning: the following keywords are unknown and will be ignored: [$id, examples]
    level: "warning"
    schema: {"loadingURI":"#","pointer":"/items/properties/id"}
    domain: "syntax"
    ignored: ["$id","examples"]
warning: the following keywords are unknown and will be ignored: [$id, examples]
    level: "warning"
    schema: {"loadingURI":"#","pointer":"/items/properties/name"}
    domain: "syntax"
    ignored: ["$id","examples"]
warning: the following keywords are unknown and will be ignored: [$id]
    level: "warning"
    schema: {"loadingURI":"#","pointer":"/items/properties/photoUrls"}
    domain: "syntax"
    ignored: ["$id"]
warning: the following keywords are unknown and will be ignored: [$id, examples]
    level: "warning"
    schema: {"loadingURI":"#","pointer":"/items/properties/photoUrls/items"}
    domain: "syntax"
    ignored: ["$id","examples"]
warning: the following keywords are unknown and will be ignored: [$id, examples]
    level: "warning"
    schema: {"loadingURI":"#","pointer":"/items/properties/status"}
    domain: "syntax"
    ignored: ["$id","examples"]
warning: the following keywords are unknown and will be ignored: [$id]
    level: "warning"
    schema: {"loadingURI":"#","pointer":"/items/properties/tags"}
    domain: "syntax"
    ignored: ["$id"]
warning: the following keywords are unknown and will be ignored: [$id]
    level: "warning"
    schema: {"loadingURI":"#","pointer":"/items/properties/tags/items"}
    domain: "syntax"
    ignored: ["$id"]
warning: the following keywords are unknown and will be ignored: [$id, examples]
    level: "warning"
    schema: {"loadingURI":"#","pointer":"/items/properties/tags/items/properties/id"}
    domain: "syntax"
    ignored: ["$id","examples"]
warning: the following keywords are unknown and will be ignored: [$id, examples]
    level: "warning"
    schema: {"loadingURI":"#","pointer":"/items/properties/tags/items/properties/name"}
    domain: "syntax"
    ignored: ["$id","examples"]
warning: the following keywords are unknown and will be ignored: [$id]
    level: "warning"
    schema: {"loadingURI":"#","pointer":"/items/properties/category"}
    domain: "syntax"
    ignored: ["$id"]
warning: the following keywords are unknown and will be ignored: [$id, examples]
    level: "warning"
    schema: {"loadingURI":"#","pointer":"/items/properties/category/properties/id"}
    domain: "syntax"
    ignored: ["$id","examples"]
warning: the following keywords are unknown and will be ignored: [$id, examples]
    level: "warning"
    schema: {"loadingURI":"#","pointer":"/items/properties/category/properties/name"}
    domain: "syntax"
    ignored: ["$id","examples"]
warning: the following keywords are unknown and will be ignored: [$id, examples]
    level: "warning"
    schema: {"loadingURI":"#","pointer":"/items/properties/category/properties/id"}
    domain: "syntax"
    ignored: ["$id","examples"]
warning: the following keywords are unknown and will be ignored: [$id, examples]
    level: "warning"
    schema: {"loadingURI":"#","pointer":"/items/properties/category/properties/name"}
    domain: "syntax"
    ignored: ["$id","examples"]
warning: the following keywords are unknown and will be ignored: [$id, examples]
    level: "warning"
    schema: {"loadingURI":"#","pointer":"/items/properties/id"}
    domain: "syntax"
    ignored: ["$id","examples"]
warning: the following keywords are unknown and will be ignored: [$id, examples]
    level: "warning"
    schema: {"loadingURI":"#","pointer":"/items/properties/name"}
    domain: "syntax"
    ignored: ["$id","examples"]
warning: the following keywords are unknown and will be ignored: [$id]
    level: "warning"
    schema: {"loadingURI":"#","pointer":"/items/properties/photoUrls"}
    domain: "syntax"
    ignored: ["$id"]
warning: the following keywords are unknown and will be ignored: [$id, examples]
    level: "warning"
    schema: {"loadingURI":"#","pointer":"/items/properties/photoUrls/items"}
    domain: "syntax"
    ignored: ["$id","examples"]
warning: the following keywords are unknown and will be ignored: [$id, examples]
    level: "warning"
    schema: {"loadingURI":"#","pointer":"/items/properties/photoUrls/items"}
    domain: "syntax"
    ignored: ["$id","examples"]
warning: the following keywords are unknown and will be ignored: [$id, examples]
    level: "warning"
    schema: {"loadingURI":"#","pointer":"/items/properties/status"}
    domain: "syntax"
    ignored: ["$id","examples"]
warning: the following keywords are unknown and will be ignored: [$id]
    level: "warning"
    schema: {"loadingURI":"#","pointer":"/items/properties/tags"}
    domain: "syntax"
    ignored: ["$id"]
warning: the following keywords are unknown and will be ignored: [$id]
    level: "warning"
    schema: {"loadingURI":"#","pointer":"/items/properties/tags/items"}
    domain: "syntax"
    ignored: ["$id"]
warning: the following keywords are unknown and will be ignored: [$id, examples]
    level: "warning"
    schema: {"loadingURI":"#","pointer":"/items/properties/tags/items/properties/id"}
    domain: "syntax"
    ignored: ["$id","examples"]
warning: the following keywords are unknown and will be ignored: [$id, examples]
    level: "warning"
    schema: {"loadingURI":"#","pointer":"/items/properties/tags/items/properties/name"}
    domain: "syntax"
    ignored: ["$id","examples"]
warning: the following keywords are unknown and will be ignored: [$id]
    level: "warning"
    schema: {"loadingURI":"#","pointer":"/items/properties/tags/items"}
    domain: "syntax"
    ignored: ["$id"]
warning: the following keywords are unknown and will be ignored: [$id, examples]
    level: "warning"
    schema: {"loadingURI":"#","pointer":"/items/properties/tags/items/properties/id"}
    domain: "syntax"
    ignored: ["$id","examples"]
warning: the following keywords are unknown and will be ignored: [$id, examples]
    level: "warning"
    schema: {"loadingURI":"#","pointer":"/items/properties/tags/items/properties/name"}
    domain: "syntax"
    ignored: ["$id","examples"]
warning: the following keywords are unknown and will be ignored: [$id, examples]
    level: "warning"
    schema: {"loadingURI":"#","pointer":"/items/properties/tags/items/properties/id"}
    domain: "syntax"
    ignored: ["$id","examples"]
warning: the following keywords are unknown and will be ignored: [$id, examples]
    level: "warning"
    schema: {"loadingURI":"#","pointer":"/items/properties/tags/items/properties/name"}
    domain: "syntax"
    ignored: ["$id","examples"]
warning: the following keywords are unknown and will be ignored: [$id]
    level: "warning"
    schema: {"loadingURI":"#","pointer":"/items"}
    domain: "syntax"
    ignored: ["$id"]
warning: the following keywords are unknown and will be ignored: [$id]
    level: "warning"
    schema: {"loadingURI":"#","pointer":"/items/properties/category"}
    domain: "syntax"
    ignored: ["$id"]
warning: the following keywords are unknown and will be ignored: [$id, examples]
    level: "warning"
    schema: {"loadingURI":"#","pointer":"/items/properties/category/properties/id"}
    domain: "syntax"
    ignored: ["$id","examples"]
warning: the following keywords are unknown and will be ignored: [$id, examples]
    level: "warning"
    schema: {"loadingURI":"#","pointer":"/items/properties/category/properties/name"}
    domain: "syntax"
    ignored: ["$id","examples"]
warning: the following keywords are unknown and will be ignored: [$id, examples]
    level: "warning"
    schema: {"loadingURI":"#","pointer":"/items/properties/id"}
    domain: "syntax"
    ignored: ["$id","examples"]
warning: the following keywords are unknown and will be ignored: [$id, examples]
    level: "warning"
    schema: {"loadingURI":"#","pointer":"/items/properties/name"}
    domain: "syntax"
    ignored: ["$id","examples"]
warning: the following keywords are unknown and will be ignored: [$id]
    level: "warning"
    schema: {"loadingURI":"#","pointer":"/items/properties/photoUrls"}
    domain: "syntax"
    ignored: ["$id"]
warning: the following keywords are unknown and will be ignored: [$id, examples]
    level: "warning"
    schema: {"loadingURI":"#","pointer":"/items/properties/photoUrls/items"}
    domain: "syntax"
    ignored: ["$id","examples"]
warning: the following keywords are unknown and will be ignored: [$id, examples]
    level: "warning"
    schema: {"loadingURI":"#","pointer":"/items/properties/status"}
    domain: "syntax"
    ignored: ["$id","examples"]
warning: the following keywords are unknown and will be ignored: [$id]
    level: "warning"
    schema: {"loadingURI":"#","pointer":"/items/properties/tags"}
    domain: "syntax"
    ignored: ["$id"]
warning: the following keywords are unknown and will be ignored: [$id]
    level: "warning"
    schema: {"loadingURI":"#","pointer":"/items/properties/tags/items"}
    domain: "syntax"
    ignored: ["$id"]
warning: the following keywords are unknown and will be ignored: [$id, examples]
    level: "warning"
    schema: {"loadingURI":"#","pointer":"/items/properties/tags/items/properties/id"}
    domain: "syntax"
    ignored: ["$id","examples"]
warning: the following keywords are unknown and will be ignored: [$id, examples]
    level: "warning"
    schema: {"loadingURI":"#","pointer":"/items/properties/tags/items/properties/name"}
    domain: "syntax"
    ignored: ["$id","examples"]
warning: the following keywords are unknown and will be ignored: [$id]
    level: "warning"
    schema: {"loadingURI":"#","pointer":"/items/properties/category"}
    domain: "syntax"
    ignored: ["$id"]
warning: the following keywords are unknown and will be ignored: [$id, examples]
    level: "warning"
    schema: {"loadingURI":"#","pointer":"/items/properties/category/properties/id"}
    domain: "syntax"
    ignored: ["$id","examples"]
warning: the following keywords are unknown and will be ignored: [$id, examples]
    level: "warning"
    schema: {"loadingURI":"#","pointer":"/items/properties/category/properties/name"}
    domain: "syntax"
    ignored: ["$id","examples"]
warning: the following keywords are unknown and will be ignored: [$id, examples]
    level: "warning"
    schema: {"loadingURI":"#","pointer":"/items/properties/category/properties/id"}
    domain: "syntax"
    ignored: ["$id","examples"]
warning: the following keywords are unknown and will be ignored: [$id, examples]
    level: "warning"
    schema: {"loadingURI":"#","pointer":"/items/properties/category/properties/name"}
    domain: "syntax"
    ignored: ["$id","examples"]
warning: the following keywords are unknown and will be ignored: [$id, examples]
    level: "warning"
    schema: {"loadingURI":"#","pointer":"/items/properties/id"}
    domain: "syntax"
    ignored: ["$id","examples"]
warning: the following keywords are unknown and will be ignored: [$id, examples]
    level: "warning"
    schema: {"loadingURI":"#","pointer":"/items/properties/name"}
    domain: "syntax"
    ignored: ["$id","examples"]
warning: the following keywords are unknown and will be ignored: [$id]
    level: "warning"
    schema: {"loadingURI":"#","pointer":"/items/properties/photoUrls"}
    domain: "syntax"
    ignored: ["$id"]
warning: the following keywords are unknown and will be ignored: [$id, examples]
    level: "warning"
    schema: {"loadingURI":"#","pointer":"/items/properties/photoUrls/items"}
    domain: "syntax"
    ignored: ["$id","examples"]
warning: the following keywords are unknown and will be ignored: [$id, examples]
    level: "warning"
    schema: {"loadingURI":"#","pointer":"/items/properties/photoUrls/items"}
    domain: "syntax"
    ignored: ["$id","examples"]
warning: the following keywords are unknown and will be ignored: [$id, examples]
    level: "warning"
    schema: {"loadingURI":"#","pointer":"/items/properties/status"}
    domain: "syntax"
    ignored: ["$id","examples"]
warning: the following keywords are unknown and will be ignored: [$id]
    level: "warning"
    schema: {"loadingURI":"#","pointer":"/items/properties/tags"}
    domain: "syntax"
    ignored: ["$id"]
warning: the following keywords are unknown and will be ignored: [$id]
    level: "warning"
    schema: {"loadingURI":"#","pointer":"/items/properties/tags/items"}
    domain: "syntax"
    ignored: ["$id"]
warning: the following keywords are unknown and will be ignored: [$id, examples]
    level: "warning"
    schema: {"loadingURI":"#","pointer":"/items/properties/tags/items/properties/id"}
    domain: "syntax"
    ignored: ["$id","examples"]
warning: the following keywords are unknown and will be ignored: [$id, examples]
    level: "warning"
    schema: {"loadingURI":"#","pointer":"/items/properties/tags/items/properties/name"}
    domain: "syntax"
    ignored: ["$id","examples"]
warning: the following keywords are unknown and will be ignored: [$id]
    level: "warning"
    schema: {"loadingURI":"#","pointer":"/items/properties/tags/items"}
    domain: "syntax"
    ignored: ["$id"]
warning: the following keywords are unknown and will be ignored: [$id, examples]
    level: "warning"
    schema: {"loadingURI":"#","pointer":"/items/properties/tags/items/properties/id"}
    domain: "syntax"
    ignored: ["$id","examples"]
warning: the following keywords are unknown and will be ignored: [$id, examples]
    level: "warning"
    schema: {"loadingURI":"#","pointer":"/items/properties/tags/items/properties/name"}
    domain: "syntax"
    ignored: ["$id","examples"]
warning: the following keywords are unknown and will be ignored: [$id, examples]
    level: "warning"
    schema: {"loadingURI":"#","pointer":"/items/properties/tags/items/properties/id"}
    domain: "syntax"
    ignored: ["$id","examples"]
warning: the following keywords are unknown and will be ignored: [$id, examples]
    level: "warning"
    schema: {"loadingURI":"#","pointer":"/items/properties/tags/items/properties/name"}
    domain: "syntax"
    ignored: ["$id","examples"]
warning: the following keywords are unknown and will be ignored: [$id]
    level: "warning"
    schema: {"loadingURI":"#","pointer":"/items"}
    domain: "syntax"
    ignored: ["$id"]
warning: the following keywords are unknown and will be ignored: [$id]
    level: "warning"
    schema: {"loadingURI":"#","pointer":"/items/properties/category"}
    domain: "syntax"
    ignored: ["$id"]
warning: the following keywords are unknown and will be ignored: [$id, examples]
    level: "warning"
    schema: {"loadingURI":"#","pointer":"/items/properties/category/properties/id"}
    domain: "syntax"
    ignored: ["$id","examples"]
warning: the following keywords are unknown and will be ignored: [$id, examples]
    level: "warning"
    schema: {"loadingURI":"#","pointer":"/items/properties/category/properties/name"}
    domain: "syntax"
    ignored: ["$id","examples"]
warning: the following keywords are unknown and will be ignored: [$id, examples]
    level: "warning"
    schema: {"loadingURI":"#","pointer":"/items/properties/id"}
    domain: "syntax"
    ignored: ["$id","examples"]
warning: the following keywords are unknown and will be ignored: [$id, examples]
    level: "warning"
    schema: {"loadingURI":"#","pointer":"/items/properties/name"}
    domain: "syntax"
    ignored: ["$id","examples"]
warning: the following keywords are unknown and will be ignored: [$id]
    level: "warning"
    schema: {"loadingURI":"#","pointer":"/items/properties/photoUrls"}
    domain: "syntax"
    ignored: ["$id"]
warning: the following keywords are unknown and will be ignored: [$id, examples]
    level: "warning"
    schema: {"loadingURI":"#","pointer":"/items/properties/photoUrls/items"}
    domain: "syntax"
    ignored: ["$id","examples"]
warning: the following keywords are unknown and will be ignored: [$id, examples]
    level: "warning"
    schema: {"loadingURI":"#","pointer":"/items/properties/status"}
    domain: "syntax"
    ignored: ["$id","examples"]
warning: the following keywords are unknown and will be ignored: [$id]
    level: "warning"
    schema: {"loadingURI":"#","pointer":"/items/properties/tags"}
    domain: "syntax"
    ignored: ["$id"]
warning: the following keywords are unknown and will be ignored: [$id]
    level: "warning"
    schema: {"loadingURI":"#","pointer":"/items/properties/tags/items"}
    domain: "syntax"
    ignored: ["$id"]
warning: the following keywords are unknown and will be ignored: [$id, examples]
    level: "warning"
    schema: {"loadingURI":"#","pointer":"/items/properties/tags/items/properties/id"}
    domain: "syntax"
    ignored: ["$id","examples"]
warning: the following keywords are unknown and will be ignored: [$id, examples]
    level: "warning"
    schema: {"loadingURI":"#","pointer":"/items/properties/tags/items/properties/name"}
    domain: "syntax"
    ignored: ["$id","examples"]
warning: the following keywords are unknown and will be ignored: [$id]
    level: "warning"
    schema: {"loadingURI":"#","pointer":"/items/properties/category"}
    domain: "syntax"
    ignored: ["$id"]
warning: the following keywords are unknown and will be ignored: [$id, examples]
    level: "warning"
    schema: {"loadingURI":"#","pointer":"/items/properties/category/properties/id"}
    domain: "syntax"
    ignored: ["$id","examples"]
warning: the following keywords are unknown and will be ignored: [$id, examples]
    level: "warning"
    schema: {"loadingURI":"#","pointer":"/items/properties/category/properties/name"}
    domain: "syntax"
    ignored: ["$id","examples"]
warning: the following keywords are unknown and will be ignored: [$id, examples]
    level: "warning"
    schema: {"loadingURI":"#","pointer":"/items/properties/category/properties/id"}
    domain: "syntax"
    ignored: ["$id","examples"]
warning: the following keywords are unknown and will be ignored: [$id, examples]
    level: "warning"
    schema: {"loadingURI":"#","pointer":"/items/properties/category/properties/name"}
    domain: "syntax"
    ignored: ["$id","examples"]
warning: the following keywords are unknown and will be ignored: [$id, examples]
    level: "warning"
    schema: {"loadingURI":"#","pointer":"/items/properties/id"}
    domain: "syntax"
    ignored: ["$id","examples"]
warning: the following keywords are unknown and will be ignored: [$id, examples]
    level: "warning"
    schema: {"loadingURI":"#","pointer":"/items/properties/name"}
    domain: "syntax"
    ignored: ["$id","examples"]
warning: the following keywords are unknown and will be ignored: [$id]
    level: "warning"
    schema: {"loadingURI":"#","pointer":"/items/properties/photoUrls"}
    domain: "syntax"
    ignored: ["$id"]
warning: the following keywords are unknown and will be ignored: [$id, examples]
    level: "warning"
    schema: {"loadingURI":"#","pointer":"/items/properties/photoUrls/items"}
    domain: "syntax"
    ignored: ["$id","examples"]
warning: the following keywords are unknown and will be ignored: [$id, examples]
    level: "warning"
    schema: {"loadingURI":"#","pointer":"/items/properties/photoUrls/items"}
    domain: "syntax"
    ignored: ["$id","examples"]
warning: the following keywords are unknown and will be ignored: [$id, examples]
    level: "warning"
    schema: {"loadingURI":"#","pointer":"/items/properties/status"}
    domain: "syntax"
    ignored: ["$id","examples"]
warning: the following keywords are unknown and will be ignored: [$id]
    level: "warning"
    schema: {"loadingURI":"#","pointer":"/items/properties/tags"}
    domain: "syntax"
    ignored: ["$id"]
warning: the following keywords are unknown and will be ignored: [$id]
    level: "warning"
    schema: {"loadingURI":"#","pointer":"/items/properties/tags/items"}
    domain: "syntax"
    ignored: ["$id"]
warning: the following keywords are unknown and will be ignored: [$id, examples]
    level: "warning"
    schema: {"loadingURI":"#","pointer":"/items/properties/tags/items/properties/id"}
    domain: "syntax"
    ignored: ["$id","examples"]
warning: the following keywords are unknown and will be ignored: [$id, examples]
    level: "warning"
    schema: {"loadingURI":"#","pointer":"/items/properties/tags/items/properties/name"}
    domain: "syntax"
    ignored: ["$id","examples"]
warning: the following keywords are unknown and will be ignored: [$id]
    level: "warning"
    schema: {"loadingURI":"#","pointer":"/items/properties/tags/items"}
    domain: "syntax"
    ignored: ["$id"]
warning: the following keywords are unknown and will be ignored: [$id, examples]
    level: "warning"
    schema: {"loadingURI":"#","pointer":"/items/properties/tags/items/properties/id"}
    domain: "syntax"
    ignored: ["$id","examples"]
warning: the following keywords are unknown and will be ignored: [$id, examples]
    level: "warning"
    schema: {"loadingURI":"#","pointer":"/items/properties/tags/items/properties/name"}
    domain: "syntax"
    ignored: ["$id","examples"]
warning: the following keywords are unknown and will be ignored: [$id, examples]
    level: "warning"
    schema: {"loadingURI":"#","pointer":"/items/properties/tags/items/properties/id"}
    domain: "syntax"
    ignored: ["$id","examples"]
warning: the following keywords are unknown and will be ignored: [$id, examples]
    level: "warning"
    schema: {"loadingURI":"#","pointer":"/items/properties/tags/items/properties/name"}
    domain: "syntax"
    ignored: ["$id","examples"]
warning: the following keywords are unknown and will be ignored: [$id]
    level: "warning"
    schema: {"loadingURI":"#","pointer":"/items"}
    domain: "syntax"
    ignored: ["$id"]
warning: the following keywords are unknown and will be ignored: [$id]
    level: "warning"
    schema: {"loadingURI":"#","pointer":"/items/properties/category"}
    domain: "syntax"
    ignored: ["$id"]
warning: the following keywords are unknown and will be ignored: [$id, examples]
    level: "warning"
    schema: {"loadingURI":"#","pointer":"/items/properties/category/properties/id"}
    domain: "syntax"
    ignored: ["$id","examples"]
warning: the following keywords are unknown and will be ignored: [$id, examples]
    level: "warning"
    schema: {"loadingURI":"#","pointer":"/items/properties/category/properties/name"}
    domain: "syntax"
    ignored: ["$id","examples"]
warning: the following keywords are unknown and will be ignored: [$id, examples]
    level: "warning"
    schema: {"loadingURI":"#","pointer":"/items/properties/id"}
    domain: "syntax"
    ignored: ["$id","examples"]
warning: the following keywords are unknown and will be ignored: [$id, examples]
    level: "warning"
    schema: {"loadingURI":"#","pointer":"/items/properties/name"}
    domain: "syntax"
    ignored: ["$id","examples"]
warning: the following keywords are unknown and will be ignored: [$id]
    level: "warning"
    schema: {"loadingURI":"#","pointer":"/items/properties/photoUrls"}
    domain: "syntax"
    ignored: ["$id"]
warning: the following keywords are unknown and will be ignored: [$id, examples]
    level: "warning"
    schema: {"loadingURI":"#","pointer":"/items/properties/photoUrls/items"}
    domain: "syntax"
    ignored: ["$id","examples"]
warning: the following keywords are unknown and will be ignored: [$id, examples]
    level: "warning"
    schema: {"loadingURI":"#","pointer":"/items/properties/status"}
    domain: "syntax"
    ignored: ["$id","examples"]
warning: the following keywords are unknown and will be ignored: [$id]
    level: "warning"
    schema: {"loadingURI":"#","pointer":"/items/properties/tags"}
    domain: "syntax"
    ignored: ["$id"]
warning: the following keywords are unknown and will be ignored: [$id]
    level: "warning"
    schema: {"loadingURI":"#","pointer":"/items/properties/tags/items"}
    domain: "syntax"
    ignored: ["$id"]
warning: the following keywords are unknown and will be ignored: [$id, examples]
    level: "warning"
    schema: {"loadingURI":"#","pointer":"/items/properties/tags/items/properties/id"}
    domain: "syntax"
    ignored: ["$id","examples"]
warning: the following keywords are unknown and will be ignored: [$id, examples]
    level: "warning"
    schema: {"loadingURI":"#","pointer":"/items/properties/tags/items/properties/name"}
    domain: "syntax"
    ignored: ["$id","examples"]
warning: the following keywords are unknown and will be ignored: [$id]
    level: "warning"
    schema: {"loadingURI":"#","pointer":"/items/properties/category"}
    domain: "syntax"
    ignored: ["$id"]
warning: the following keywords are unknown and will be ignored: [$id, examples]
    level: "warning"
    schema: {"loadingURI":"#","pointer":"/items/properties/category/properties/id"}
    domain: "syntax"
    ignored: ["$id","examples"]
warning: the following keywords are unknown and will be ignored: [$id, examples]
    level: "warning"
    schema: {"loadingURI":"#","pointer":"/items/properties/category/properties/name"}
    domain: "syntax"
    ignored: ["$id","examples"]
warning: the following keywords are unknown and will be ignored: [$id, examples]
    level: "warning"
    schema: {"loadingURI":"#","pointer":"/items/properties/category/properties/id"}
    domain: "syntax"
    ignored: ["$id","examples"]
warning: the following keywords are unknown and will be ignored: [$id, examples]
    level: "warning"
    schema: {"loadingURI":"#","pointer":"/items/properties/category/properties/name"}
    domain: "syntax"
    ignored: ["$id","examples"]
warning: the following keywords are unknown and will be ignored: [$id, examples]
    level: "warning"
    schema: {"loadingURI":"#","pointer":"/items/properties/id"}
    domain: "syntax"
    ignored: ["$id","examples"]
warning: the following keywords are unknown and will be ignored: [$id, examples]
    level: "warning"
    schema: {"loadingURI":"#","pointer":"/items/properties/name"}
    domain: "syntax"
    ignored: ["$id","examples"]
warning: the following keywords are unknown and will be ignored: [$id]
    level: "warning"
    schema: {"loadingURI":"#","pointer":"/items/properties/photoUrls"}
    domain: "syntax"
    ignored: ["$id"]
warning: the following keywords are unknown and will be ignored: [$id, examples]
    level: "warning"
    schema: {"loadingURI":"#","pointer":"/items/properties/photoUrls/items"}
    domain: "syntax"
    ignored: ["$id","examples"]
warning: the following keywords are unknown and will be ignored: [$id, examples]
    level: "warning"
    schema: {"loadingURI":"#","pointer":"/items/properties/photoUrls/items"}
    domain: "syntax"
    ignored: ["$id","examples"]
warning: the following keywords are unknown and will be ignored: [$id, examples]
    level: "warning"
    schema: {"loadingURI":"#","pointer":"/items/properties/status"}
    domain: "syntax"
    ignored: ["$id","examples"]
warning: the following keywords are unknown and will be ignored: [$id]
    level: "warning"
    schema: {"loadingURI":"#","pointer":"/items/properties/tags"}
    domain: "syntax"
    ignored: ["$id"]
warning: the following keywords are unknown and will be ignored: [$id]
    level: "warning"
    schema: {"loadingURI":"#","pointer":"/items/properties/tags/items"}
    domain: "syntax"
    ignored: ["$id"]
warning: the following keywords are unknown and will be ignored: [$id, examples]
    level: "warning"
    schema: {"loadingURI":"#","pointer":"/items/properties/tags/items/properties/id"}
    domain: "syntax"
    ignored: ["$id","examples"]
warning: the following keywords are unknown and will be ignored: [$id, examples]
    level: "warning"
    schema: {"loadingURI":"#","pointer":"/items/properties/tags/items/properties/name"}
    domain: "syntax"
    ignored: ["$id","examples"]
warning: the following keywords are unknown and will be ignored: [$id]
    level: "warning"
    schema: {"loadingURI":"#","pointer":"/items/properties/tags/items"}
    domain: "syntax"
    ignored: ["$id"]
warning: the following keywords are unknown and will be ignored: [$id, examples]
    level: "warning"
    schema: {"loadingURI":"#","pointer":"/items/properties/tags/items/properties/id"}
    domain: "syntax"
    ignored: ["$id","examples"]
warning: the following keywords are unknown and will be ignored: [$id, examples]
    level: "warning"
    schema: {"loadingURI":"#","pointer":"/items/properties/tags/items/properties/name"}
    domain: "syntax"
    ignored: ["$id","examples"]
warning: the following keywords are unknown and will be ignored: [$id, examples]
    level: "warning"
    schema: {"loadingURI":"#","pointer":"/items/properties/tags/items/properties/id"}
    domain: "syntax"
    ignored: ["$id","examples"]
warning: the following keywords are unknown and will be ignored: [$id, examples]
    level: "warning"
    schema: {"loadingURI":"#","pointer":"/items/properties/tags/items/properties/name"}
    domain: "syntax"
    ignored: ["$id","examples"]
warning: the following keywords are unknown and will be ignored: [$id]
    level: "warning"
    schema: {"loadingURI":"#","pointer":"/items"}
    domain: "syntax"
    ignored: ["$id"]
warning: the following keywords are unknown and will be ignored: [$id]
    level: "warning"
    schema: {"loadingURI":"#","pointer":"/items/properties/category"}
    domain: "syntax"
    ignored: ["$id"]
warning: the following keywords are unknown and will be ignored: [$id, examples]
    level: "warning"
    schema: {"loadingURI":"#","pointer":"/items/properties/category/properties/id"}
    domain: "syntax"
    ignored: ["$id","examples"]
warning: the following keywords are unknown and will be ignored: [$id, examples]
    level: "warning"
    schema: {"loadingURI":"#","pointer":"/items/properties/category/properties/name"}
    domain: "syntax"
    ignored: ["$id","examples"]
warning: the following keywords are unknown and will be ignored: [$id, examples]
    level: "warning"
    schema: {"loadingURI":"#","pointer":"/items/properties/id"}
    domain: "syntax"
    ignored: ["$id","examples"]
warning: the following keywords are unknown and will be ignored: [$id, examples]
    level: "warning"
    schema: {"loadingURI":"#","pointer":"/items/properties/name"}
    domain: "syntax"
    ignored: ["$id","examples"]
warning: the following keywords are unknown and will be ignored: [$id]
    level: "warning"
    schema: {"loadingURI":"#","pointer":"/items/properties/photoUrls"}
    domain: "syntax"
    ignored: ["$id"]
warning: the following keywords are unknown and will be ignored: [$id, examples]
    level: "warning"
    schema: {"loadingURI":"#","pointer":"/items/properties/photoUrls/items"}
    domain: "syntax"
    ignored: ["$id","examples"]
warning: the following keywords are unknown and will be ignored: [$id, examples]
    level: "warning"
    schema: {"loadingURI":"#","pointer":"/items/properties/status"}
    domain: "syntax"
    ignored: ["$id","examples"]
warning: the following keywords are unknown and will be ignored: [$id]
    level: "warning"
    schema: {"loadingURI":"#","pointer":"/items/properties/tags"}
    domain: "syntax"
    ignored: ["$id"]
warning: the following keywords are unknown and will be ignored: [$id]
    level: "warning"
    schema: {"loadingURI":"#","pointer":"/items/properties/tags/items"}
    domain: "syntax"
    ignored: ["$id"]
warning: the following keywords are unknown and will be ignored: [$id, examples]
    level: "warning"
    schema: {"loadingURI":"#","pointer":"/items/properties/tags/items/properties/id"}
    domain: "syntax"
    ignored: ["$id","examples"]
warning: the following keywords are unknown and will be ignored: [$id, examples]
    level: "warning"
    schema: {"loadingURI":"#","pointer":"/items/properties/tags/items/properties/name"}
    domain: "syntax"
    ignored: ["$id","examples"]
warning: the following keywords are unknown and will be ignored: [$id]
    level: "warning"
    schema: {"loadingURI":"#","pointer":"/items/properties/category"}
    domain: "syntax"
    ignored: ["$id"]
warning: the following keywords are unknown and will be ignored: [$id, examples]
    level: "warning"
    schema: {"loadingURI":"#","pointer":"/items/properties/category/properties/id"}
    domain: "syntax"
    ignored: ["$id","examples"]
warning: the following keywords are unknown and will be ignored: [$id, examples]
    level: "warning"
    schema: {"loadingURI":"#","pointer":"/items/properties/category/properties/name"}
    domain: "syntax"
    ignored: ["$id","examples"]
warning: the following keywords are unknown and will be ignored: [$id, examples]
    level: "warning"
    schema: {"loadingURI":"#","pointer":"/items/properties/category/properties/id"}
    domain: "syntax"
    ignored: ["$id","examples"]
warning: the following keywords are unknown and will be ignored: [$id, examples]
    level: "warning"
    schema: {"loadingURI":"#","pointer":"/items/properties/category/properties/name"}
    domain: "syntax"
    ignored: ["$id","examples"]
warning: the following keywords are unknown and will be ignored: [$id, examples]
    level: "warning"
    schema: {"loadingURI":"#","pointer":"/items/properties/id"}
    domain: "syntax"
    ignored: ["$id","examples"]
warning: the following keywords are unknown and will be ignored: [$id, examples]
    level: "warning"
    schema: {"loadingURI":"#","pointer":"/items/properties/name"}
    domain: "syntax"
    ignored: ["$id","examples"]
warning: the following keywords are unknown and will be ignored: [$id]
    level: "warning"
    schema: {"loadingURI":"#","pointer":"/items/properties/photoUrls"}
    domain: "syntax"
    ignored: ["$id"]
warning: the following keywords are unknown and will be ignored: [$id, examples]
    level: "warning"
    schema: {"loadingURI":"#","pointer":"/items/properties/photoUrls/items"}
    domain: "syntax"
    ignored: ["$id","examples"]
warning: the following keywords are unknown and will be ignored: [$id, examples]
    level: "warning"
    schema: {"loadingURI":"#","pointer":"/items/properties/photoUrls/items"}
    domain: "syntax"
    ignored: ["$id","examples"]
warning: the following keywords are unknown and will be ignored: [$id, examples]
    level: "warning"
    schema: {"loadingURI":"#","pointer":"/items/properties/status"}
    domain: "syntax"
    ignored: ["$id","examples"]
warning: the following keywords are unknown and will be ignored: [$id]
    level: "warning"
    schema: {"loadingURI":"#","pointer":"/items/properties/tags"}
    domain: "syntax"
    ignored: ["$id"]
warning: the following keywords are unknown and will be ignored: [$id]
    level: "warning"
    schema: {"loadingURI":"#","pointer":"/items/properties/tags/items"}
    domain: "syntax"
    ignored: ["$id"]
warning: the following keywords are unknown and will be ignored: [$id, examples]
    level: "warning"
    schema: {"loadingURI":"#","pointer":"/items/properties/tags/items/properties/id"}
    domain: "syntax"
    ignored: ["$id","examples"]
warning: the following keywords are unknown and will be ignored: [$id, examples]
    level: "warning"
    schema: {"loadingURI":"#","pointer":"/items/properties/tags/items/properties/name"}
    domain: "syntax"
    ignored: ["$id","examples"]
warning: the following keywords are unknown and will be ignored: [$id]
    level: "warning"
    schema: {"loadingURI":"#","pointer":"/items/properties/tags/items"}
    domain: "syntax"
    ignored: ["$id"]
warning: the following keywords are unknown and will be ignored: [$id, examples]
    level: "warning"
    schema: {"loadingURI":"#","pointer":"/items/properties/tags/items/properties/id"}
    domain: "syntax"
    ignored: ["$id","examples"]
warning: the following keywords are unknown and will be ignored: [$id, examples]
    level: "warning"
    schema: {"loadingURI":"#","pointer":"/items/properties/tags/items/properties/name"}
    domain: "syntax"
    ignored: ["$id","examples"]
warning: the following keywords are unknown and will be ignored: [$id, examples]
    level: "warning"
    schema: {"loadingURI":"#","pointer":"/items/properties/tags/items/properties/id"}
    domain: "syntax"
    ignored: ["$id","examples"]
warning: the following keywords are unknown and will be ignored: [$id, examples]
    level: "warning"
    schema: {"loadingURI":"#","pointer":"/items/properties/tags/items/properties/name"}
    domain: "syntax"
    ignored: ["$id","examples"]
warning: the following keywords are unknown and will be ignored: [$id]
    level: "warning"
    schema: {"loadingURI":"#","pointer":"/items"}
    domain: "syntax"
    ignored: ["$id"]
warning: the following keywords are unknown and will be ignored: [$id]
    level: "warning"
    schema: {"loadingURI":"#","pointer":"/items/properties/category"}
    domain: "syntax"
    ignored: ["$id"]
warning: the following keywords are unknown and will be ignored: [$id, examples]
    level: "warning"
    schema: {"loadingURI":"#","pointer":"/items/properties/category/properties/id"}
    domain: "syntax"
    ignored: ["$id","examples"]
warning: the following keywords are unknown and will be ignored: [$id, examples]
    level: "warning"
    schema: {"loadingURI":"#","pointer":"/items/properties/category/properties/name"}
    domain: "syntax"
    ignored: ["$id","examples"]
warning: the following keywords are unknown and will be ignored: [$id, examples]
    level: "warning"
    schema: {"loadingURI":"#","pointer":"/items/properties/id"}
    domain: "syntax"
    ignored: ["$id","examples"]
warning: the following keywords are unknown and will be ignored: [$id, examples]
    level: "warning"
    schema: {"loadingURI":"#","pointer":"/items/properties/name"}
    domain: "syntax"
    ignored: ["$id","examples"]
warning: the following keywords are unknown and will be ignored: [$id]
    level: "warning"
    schema: {"loadingURI":"#","pointer":"/items/properties/photoUrls"}
    domain: "syntax"
    ignored: ["$id"]
warning: the following keywords are unknown and will be ignored: [$id, examples]
    level: "warning"
    schema: {"loadingURI":"#","pointer":"/items/properties/photoUrls/items"}
    domain: "syntax"
    ignored: ["$id","examples"]
warning: the following keywords are unknown and will be ignored: [$id, examples]
    level: "warning"
    schema: {"loadingURI":"#","pointer":"/items/properties/status"}
    domain: "syntax"
    ignored: ["$id","examples"]
warning: the following keywords are unknown and will be ignored: [$id]
    level: "warning"
    schema: {"loadingURI":"#","pointer":"/items/properties/tags"}
    domain: "syntax"
    ignored: ["$id"]
warning: the following keywords are unknown and will be ignored: [$id]
    level: "warning"
    schema: {"loadingURI":"#","pointer":"/items/properties/tags/items"}
    domain: "syntax"
    ignored: ["$id"]
warning: the following keywords are unknown and will be ignored: [$id, examples]
    level: "warning"
    schema: {"loadingURI":"#","pointer":"/items/properties/tags/items/properties/id"}
    domain: "syntax"
    ignored: ["$id","examples"]
warning: the following keywords are unknown and will be ignored: [$id, examples]
    level: "warning"
    schema: {"loadingURI":"#","pointer":"/items/properties/tags/items/properties/name"}
    domain: "syntax"
    ignored: ["$id","examples"]
warning: the following keywords are unknown and will be ignored: [$id]
    level: "warning"
    schema: {"loadingURI":"#","pointer":"/items/properties/category"}
    domain: "syntax"
    ignored: ["$id"]
warning: the following keywords are unknown and will be ignored: [$id, examples]
    level: "warning"
    schema: {"loadingURI":"#","pointer":"/items/properties/category/properties/id"}
    domain: "syntax"
    ignored: ["$id","examples"]
warning: the following keywords are unknown and will be ignored: [$id, examples]
    level: "warning"
    schema: {"loadingURI":"#","pointer":"/items/properties/category/properties/name"}
    domain: "syntax"
    ignored: ["$id","examples"]
warning: the following keywords are unknown and will be ignored: [$id, examples]
    level: "warning"
    schema: {"loadingURI":"#","pointer":"/items/properties/category/properties/id"}
    domain: "syntax"
    ignored: ["$id","examples"]
warning: the following keywords are unknown and will be ignored: [$id, examples]
    level: "warning"
    schema: {"loadingURI":"#","pointer":"/items/properties/category/properties/name"}
    domain: "syntax"
    ignored: ["$id","examples"]
warning: the following keywords are unknown and will be ignored: [$id, examples]
    level: "warning"
    schema: {"loadingURI":"#","pointer":"/items/properties/id"}
    domain: "syntax"
    ignored: ["$id","examples"]
warning: the following keywords are unknown and will be ignored: [$id, examples]
    level: "warning"
    schema: {"loadingURI":"#","pointer":"/items/properties/name"}
    domain: "syntax"
    ignored: ["$id","examples"]
warning: the following keywords are unknown and will be ignored: [$id]
    level: "warning"
    schema: {"loadingURI":"#","pointer":"/items/properties/photoUrls"}
    domain: "syntax"
    ignored: ["$id"]
warning: the following keywords are unknown and will be ignored: [$id, examples]
    level: "warning"
    schema: {"loadingURI":"#","pointer":"/items/properties/photoUrls/items"}
    domain: "syntax"
    ignored: ["$id","examples"]
warning: the following keywords are unknown and will be ignored: [$id, examples]
    level: "warning"
    schema: {"loadingURI":"#","pointer":"/items/properties/photoUrls/items"}
    domain: "syntax"
    ignored: ["$id","examples"]
warning: the following keywords are unknown and will be ignored: [$id, examples]
    level: "warning"
    schema: {"loadingURI":"#","pointer":"/items/properties/status"}
    domain: "syntax"
    ignored: ["$id","examples"]
warning: the following keywords are unknown and will be ignored: [$id]
    level: "warning"
    schema: {"loadingURI":"#","pointer":"/items/properties/tags"}
    domain: "syntax"
    ignored: ["$id"]
warning: the following keywords are unknown and will be ignored: [$id]
    level: "warning"
    schema: {"loadingURI":"#","pointer":"/items/properties/tags/items"}
    domain: "syntax"
    ignored: ["$id"]
warning: the following keywords are unknown and will be ignored: [$id, examples]
    level: "warning"
    schema: {"loadingURI":"#","pointer":"/items/properties/tags/items/properties/id"}
    domain: "syntax"
    ignored: ["$id","examples"]
warning: the following keywords are unknown and will be ignored: [$id, examples]
    level: "warning"
    schema: {"loadingURI":"#","pointer":"/items/properties/tags/items/properties/name"}
    domain: "syntax"
    ignored: ["$id","examples"]
warning: the following keywords are unknown and will be ignored: [$id]
    level: "warning"
    schema: {"loadingURI":"#","pointer":"/items/properties/tags/items"}
    domain: "syntax"
    ignored: ["$id"]
warning: the following keywords are unknown and will be ignored: [$id, examples]
    level: "warning"
    schema: {"loadingURI":"#","pointer":"/items/properties/tags/items/properties/id"}
    domain: "syntax"
    ignored: ["$id","examples"]
warning: the following keywords are unknown and will be ignored: [$id, examples]
    level: "warning"
    schema: {"loadingURI":"#","pointer":"/items/properties/tags/items/properties/name"}
    domain: "syntax"
    ignored: ["$id","examples"]
warning: the following keywords are unknown and will be ignored: [$id, examples]
    level: "warning"
    schema: {"loadingURI":"#","pointer":"/items/properties/tags/items/properties/id"}
    domain: "syntax"
    ignored: ["$id","examples"]
warning: the following keywords are unknown and will be ignored: [$id, examples]
    level: "warning"
    schema: {"loadingURI":"#","pointer":"/items/properties/tags/items/properties/name"}
    domain: "syntax"
    ignored: ["$id","examples"]
warning: the following keywords are unknown and will be ignored: [$id]
    level: "warning"
    schema: {"loadingURI":"#","pointer":"/items"}
    domain: "syntax"
    ignored: ["$id"]
warning: the following keywords are unknown and will be ignored: [$id]
    level: "warning"
    schema: {"loadingURI":"#","pointer":"/items/properties/category"}
    domain: "syntax"
    ignored: ["$id"]
warning: the following keywords are unknown and will be ignored: [$id, examples]
    level: "warning"
    schema: {"loadingURI":"#","pointer":"/items/properties/category/properties/id"}
    domain: "syntax"
    ignored: ["$id","examples"]
warning: the following keywords are unknown and will be ignored: [$id, examples]
    level: "warning"
    schema: {"loadingURI":"#","pointer":"/items/properties/category/properties/name"}
    domain: "syntax"
    ignored: ["$id","examples"]
warning: the following keywords are unknown and will be ignored: [$id, examples]
    level: "warning"
    schema: {"loadingURI":"#","pointer":"/items/properties/id"}
    domain: "syntax"
    ignored: ["$id","examples"]
warning: the following keywords are unknown and will be ignored: [$id, examples]
    level: "warning"
    schema: {"loadingURI":"#","pointer":"/items/properties/name"}
    domain: "syntax"
    ignored: ["$id","examples"]
warning: the following keywords are unknown and will be ignored: [$id]
    level: "warning"
    schema: {"loadingURI":"#","pointer":"/items/properties/photoUrls"}
    domain: "syntax"
    ignored: ["$id"]
warning: the following keywords are unknown and will be ignored: [$id, examples]
    level: "warning"
    schema: {"loadingURI":"#","pointer":"/items/properties/photoUrls/items"}
    domain: "syntax"
    ignored: ["$id","examples"]
warning: the following keywords are unknown and will be ignored: [$id, examples]
    level: "warning"
    schema: {"loadingURI":"#","pointer":"/items/properties/status"}
    domain: "syntax"
    ignored: ["$id","examples"]
warning: the following keywords are unknown and will be ignored: [$id]
    level: "warning"
    schema: {"loadingURI":"#","pointer":"/items/properties/tags"}
    domain: "syntax"
    ignored: ["$id"]
warning: the following keywords are unknown and will be ignored: [$id]
    level: "warning"
    schema: {"loadingURI":"#","pointer":"/items/properties/tags/items"}
    domain: "syntax"
    ignored: ["$id"]
warning: the following keywords are unknown and will be ignored: [$id, examples]
    level: "warning"
    schema: {"loadingURI":"#","pointer":"/items/properties/tags/items/properties/id"}
    domain: "syntax"
    ignored: ["$id","examples"]
warning: the following keywords are unknown and will be ignored: [$id, examples]
    level: "warning"
    schema: {"loadingURI":"#","pointer":"/items/properties/tags/items/properties/name"}
    domain: "syntax"
    ignored: ["$id","examples"]
warning: the following keywords are unknown and will be ignored: [$id]
    level: "warning"
    schema: {"loadingURI":"#","pointer":"/items/properties/category"}
    domain: "syntax"
    ignored: ["$id"]
warning: the following keywords are unknown and will be ignored: [$id, examples]
    level: "warning"
    schema: {"loadingURI":"#","pointer":"/items/properties/category/properties/id"}
    domain: "syntax"
    ignored: ["$id","examples"]
warning: the following keywords are unknown and will be ignored: [$id, examples]
    level: "warning"
    schema: {"loadingURI":"#","pointer":"/items/properties/category/properties/name"}
    domain: "syntax"
    ignored: ["$id","examples"]
warning: the following keywords are unknown and will be ignored: [$id, examples]
    level: "warning"
    schema: {"loadingURI":"#","pointer":"/items/properties/category/properties/id"}
    domain: "syntax"
    ignored: ["$id","examples"]
warning: the following keywords are unknown and will be ignored: [$id, examples]
    level: "warning"
    schema: {"loadingURI":"#","pointer":"/items/properties/category/properties/name"}
    domain: "syntax"
    ignored: ["$id","examples"]
warning: the following keywords are unknown and will be ignored: [$id, examples]
    level: "warning"
    schema: {"loadingURI":"#","pointer":"/items/properties/id"}
    domain: "syntax"
    ignored: ["$id","examples"]
warning: the following keywords are unknown and will be ignored: [$id, examples]
    level: "warning"
    schema: {"loadingURI":"#","pointer":"/items/properties/name"}
    domain: "syntax"
    ignored: ["$id","examples"]
warning: the following keywords are unknown and will be ignored: [$id]
    level: "warning"
    schema: {"loadingURI":"#","pointer":"/items/properties/photoUrls"}
    domain: "syntax"
    ignored: ["$id"]
warning: the following keywords are unknown and will be ignored: [$id, examples]
    level: "warning"
    schema: {"loadingURI":"#","pointer":"/items/properties/photoUrls/items"}
    domain: "syntax"
    ignored: ["$id","examples"]
warning: the following keywords are unknown and will be ignored: [$id, examples]
    level: "warning"
    schema: {"loadingURI":"#","pointer":"/items/properties/photoUrls/items"}
    domain: "syntax"
    ignored: ["$id","examples"]
warning: the following keywords are unknown and will be ignored: [$id, examples]
    level: "warning"
    schema: {"loadingURI":"#","pointer":"/items/properties/status"}
    domain: "syntax"
    ignored: ["$id","examples"]
warning: the following keywords are unknown and will be ignored: [$id]
    level: "warning"
    schema: {"loadingURI":"#","pointer":"/items/properties/tags"}
    domain: "syntax"
    ignored: ["$id"]
warning: the following keywords are unknown and will be ignored: [$id]
    level: "warning"
    schema: {"loadingURI":"#","pointer":"/items/properties/tags/items"}
    domain: "syntax"
    ignored: ["$id"]
warning: the following keywords are unknown and will be ignored: [$id, examples]
    level: "warning"
    schema: {"loadingURI":"#","pointer":"/items/properties/tags/items/properties/id"}
    domain: "syntax"
    ignored: ["$id","examples"]
warning: the following keywords are unknown and will be ignored: [$id, examples]
    level: "warning"
    schema: {"loadingURI":"#","pointer":"/items/properties/tags/items/properties/name"}
    domain: "syntax"
    ignored: ["$id","examples"]
warning: the following keywords are unknown and will be ignored: [$id]
    level: "warning"
    schema: {"loadingURI":"#","pointer":"/items/properties/tags/items"}
    domain: "syntax"
    ignored: ["$id"]
warning: the following keywords are unknown and will be ignored: [$id, examples]
    level: "warning"
    schema: {"loadingURI":"#","pointer":"/items/properties/tags/items/properties/id"}
    domain: "syntax"
    ignored: ["$id","examples"]
warning: the following keywords are unknown and will be ignored: [$id, examples]
    level: "warning"
    schema: {"loadingURI":"#","pointer":"/items/properties/tags/items/properties/name"}
    domain: "syntax"
    ignored: ["$id","examples"]
warning: the following keywords are unknown and will be ignored: [$id, examples]
    level: "warning"
    schema: {"loadingURI":"#","pointer":"/items/properties/tags/items/properties/id"}
    domain: "syntax"
    ignored: ["$id","examples"]
warning: the following keywords are unknown and will be ignored: [$id, examples]
    level: "warning"
    schema: {"loadingURI":"#","pointer":"/items/properties/tags/items/properties/name"}
    domain: "syntax"
    ignored: ["$id","examples"]
warning: the following keywords are unknown and will be ignored: [$id]
    level: "warning"
    schema: {"loadingURI":"#","pointer":"/items"}
    domain: "syntax"
    ignored: ["$id"]
warning: the following keywords are unknown and will be ignored: [$id]
    level: "warning"
    schema: {"loadingURI":"#","pointer":"/items/properties/category"}
    domain: "syntax"
    ignored: ["$id"]
warning: the following keywords are unknown and will be ignored: [$id, examples]
    level: "warning"
    schema: {"loadingURI":"#","pointer":"/items/properties/category/properties/id"}
    domain: "syntax"
    ignored: ["$id","examples"]
warning: the following keywords are unknown and will be ignored: [$id, examples]
    level: "warning"
    schema: {"loadingURI":"#","pointer":"/items/properties/category/properties/name"}
    domain: "syntax"
    ignored: ["$id","examples"]
warning: the following keywords are unknown and will be ignored: [$id, examples]
    level: "warning"
    schema: {"loadingURI":"#","pointer":"/items/properties/id"}
    domain: "syntax"
    ignored: ["$id","examples"]
warning: the following keywords are unknown and will be ignored: [$id, examples]
    level: "warning"
    schema: {"loadingURI":"#","pointer":"/items/properties/name"}
    domain: "syntax"
    ignored: ["$id","examples"]
warning: the following keywords are unknown and will be ignored: [$id]
    level: "warning"
    schema: {"loadingURI":"#","pointer":"/items/properties/photoUrls"}
    domain: "syntax"
    ignored: ["$id"]
warning: the following keywords are unknown and will be ignored: [$id, examples]
    level: "warning"
    schema: {"loadingURI":"#","pointer":"/items/properties/photoUrls/items"}
    domain: "syntax"
    ignored: ["$id","examples"]
warning: the following keywords are unknown and will be ignored: [$id, examples]
    level: "warning"
    schema: {"loadingURI":"#","pointer":"/items/properties/status"}
    domain: "syntax"
    ignored: ["$id","examples"]
warning: the following keywords are unknown and will be ignored: [$id]
    level: "warning"
    schema: {"loadingURI":"#","pointer":"/items/properties/tags"}
    domain: "syntax"
    ignored: ["$id"]
warning: the following keywords are unknown and will be ignored: [$id]
    level: "warning"
    schema: {"loadingURI":"#","pointer":"/items/properties/tags/items"}
    domain: "syntax"
    ignored: ["$id"]
warning: the following keywords are unknown and will be ignored: [$id, examples]
    level: "warning"
    schema: {"loadingURI":"#","pointer":"/items/properties/tags/items/properties/id"}
    domain: "syntax"
    ignored: ["$id","examples"]
warning: the following keywords are unknown and will be ignored: [$id, examples]
    level: "warning"
    schema: {"loadingURI":"#","pointer":"/items/properties/tags/items/properties/name"}
    domain: "syntax"
    ignored: ["$id","examples"]
warning: the following keywords are unknown and will be ignored: [$id]
    level: "warning"
    schema: {"loadingURI":"#","pointer":"/items/properties/category"}
    domain: "syntax"
    ignored: ["$id"]
warning: the following keywords are unknown and will be ignored: [$id, examples]
    level: "warning"
    schema: {"loadingURI":"#","pointer":"/items/properties/category/properties/id"}
    domain: "syntax"
    ignored: ["$id","examples"]
warning: the following keywords are unknown and will be ignored: [$id, examples]
    level: "warning"
    schema: {"loadingURI":"#","pointer":"/items/properties/category/properties/name"}
    domain: "syntax"
    ignored: ["$id","examples"]
warning: the following keywords are unknown and will be ignored: [$id, examples]
    level: "warning"
    schema: {"loadingURI":"#","pointer":"/items/properties/category/properties/id"}
    domain: "syntax"
    ignored: ["$id","examples"]
warning: the following keywords are unknown and will be ignored: [$id, examples]
    level: "warning"
    schema: {"loadingURI":"#","pointer":"/items/properties/category/properties/name"}
    domain: "syntax"
    ignored: ["$id","examples"]
warning: the following keywords are unknown and will be ignored: [$id, examples]
    level: "warning"
    schema: {"loadingURI":"#","pointer":"/items/properties/id"}
    domain: "syntax"
    ignored: ["$id","examples"]
warning: the following keywords are unknown and will be ignored: [$id, examples]
    level: "warning"
    schema: {"loadingURI":"#","pointer":"/items/properties/name"}
    domain: "syntax"
    ignored: ["$id","examples"]
warning: the following keywords are unknown and will be ignored: [$id]
    level: "warning"
    schema: {"loadingURI":"#","pointer":"/items/properties/photoUrls"}
    domain: "syntax"
    ignored: ["$id"]
warning: the following keywords are unknown and will be ignored: [$id, examples]
    level: "warning"
    schema: {"loadingURI":"#","pointer":"/items/properties/photoUrls/items"}
    domain: "syntax"
    ignored: ["$id","examples"]
warning: the following keywords are unknown and will be ignored: [$id, examples]
    level: "warning"
    schema: {"loadingURI":"#","pointer":"/items/properties/photoUrls/items"}
    domain: "syntax"
    ignored: ["$id","examples"]
warning: the following keywords are unknown and will be ignored: [$id, examples]
    level: "warning"
    schema: {"loadingURI":"#","pointer":"/items/properties/status"}
    domain: "syntax"
    ignored: ["$id","examples"]
warning: the following keywords are unknown and will be ignored: [$id]
    level: "warning"
    schema: {"loadingURI":"#","pointer":"/items/properties/tags"}
    domain: "syntax"
    ignored: ["$id"]
warning: the following keywords are unknown and will be ignored: [$id]
    level: "warning"
    schema: {"loadingURI":"#","pointer":"/items/properties/tags/items"}
    domain: "syntax"
    ignored: ["$id"]
warning: the following keywords are unknown and will be ignored: [$id, examples]
    level: "warning"
    schema: {"loadingURI":"#","pointer":"/items/properties/tags/items/properties/id"}
    domain: "syntax"
    ignored: ["$id","examples"]
warning: the following keywords are unknown and will be ignored: [$id, examples]
    level: "warning"
    schema: {"loadingURI":"#","pointer":"/items/properties/tags/items/properties/name"}
    domain: "syntax"
    ignored: ["$id","examples"]
warning: the following keywords are unknown and will be ignored: [$id]
    level: "warning"
    schema: {"loadingURI":"#","pointer":"/items/properties/tags/items"}
    domain: "syntax"
    ignored: ["$id"]
warning: the following keywords are unknown and will be ignored: [$id, examples]
    level: "warning"
    schema: {"loadingURI":"#","pointer":"/items/properties/tags/items/properties/id"}
    domain: "syntax"
    ignored: ["$id","examples"]
warning: the following keywords are unknown and will be ignored: [$id, examples]
    level: "warning"
    schema: {"loadingURI":"#","pointer":"/items/properties/tags/items/properties/name"}
    domain: "syntax"
    ignored: ["$id","examples"]
warning: the following keywords are unknown and will be ignored: [$id, examples]
    level: "warning"
    schema: {"loadingURI":"#","pointer":"/items/properties/tags/items/properties/id"}
    domain: "syntax"
    ignored: ["$id","examples"]
warning: the following keywords are unknown and will be ignored: [$id, examples]
    level: "warning"
    schema: {"loadingURI":"#","pointer":"/items/properties/tags/items/properties/name"}
    domain: "syntax"
    ignored: ["$id","examples"]
warning: the following keywords are unknown and will be ignored: [$id]
    level: "warning"
    schema: {"loadingURI":"#","pointer":"/items"}
    domain: "syntax"
    ignored: ["$id"]
warning: the following keywords are unknown and will be ignored: [$id]
    level: "warning"
    schema: {"loadingURI":"#","pointer":"/items/properties/category"}
    domain: "syntax"
    ignored: ["$id"]
warning: the following keywords are unknown and will be ignored: [$id, examples]
    level: "warning"
    schema: {"loadingURI":"#","pointer":"/items/properties/category/properties/id"}
    domain: "syntax"
    ignored: ["$id","examples"]
warning: the following keywords are unknown and will be ignored: [$id, examples]
    level: "warning"
    schema: {"loadingURI":"#","pointer":"/items/properties/category/properties/name"}
    domain: "syntax"
    ignored: ["$id","examples"]
warning: the following keywords are unknown and will be ignored: [$id, examples]
    level: "warning"
    schema: {"loadingURI":"#","pointer":"/items/properties/id"}
    domain: "syntax"
    ignored: ["$id","examples"]
warning: the following keywords are unknown and will be ignored: [$id, examples]
    level: "warning"
    schema: {"loadingURI":"#","pointer":"/items/properties/name"}
    domain: "syntax"
    ignored: ["$id","examples"]
warning: the following keywords are unknown and will be ignored: [$id]
    level: "warning"
    schema: {"loadingURI":"#","pointer":"/items/properties/photoUrls"}
    domain: "syntax"
    ignored: ["$id"]
warning: the following keywords are unknown and will be ignored: [$id, examples]
    level: "warning"
    schema: {"loadingURI":"#","pointer":"/items/properties/photoUrls/items"}
    domain: "syntax"
    ignored: ["$id","examples"]
warning: the following keywords are unknown and will be ignored: [$id, examples]
    level: "warning"
    schema: {"loadingURI":"#","pointer":"/items/properties/status"}
    domain: "syntax"
    ignored: ["$id","examples"]
warning: the following keywords are unknown and will be ignored: [$id]
    level: "warning"
    schema: {"loadingURI":"#","pointer":"/items/properties/tags"}
    domain: "syntax"
    ignored: ["$id"]
warning: the following keywords are unknown and will be ignored: [$id]
    level: "warning"
    schema: {"loadingURI":"#","pointer":"/items/properties/tags/items"}
    domain: "syntax"
    ignored: ["$id"]
warning: the following keywords are unknown and will be ignored: [$id, examples]
    level: "warning"
    schema: {"loadingURI":"#","pointer":"/items/properties/tags/items/properties/id"}
    domain: "syntax"
    ignored: ["$id","examples"]
warning: the following keywords are unknown and will be ignored: [$id, examples]
    level: "warning"
    schema: {"loadingURI":"#","pointer":"/items/properties/tags/items/properties/name"}
    domain: "syntax"
    ignored: ["$id","examples"]
warning: the following keywords are unknown and will be ignored: [$id]
    level: "warning"
    schema: {"loadingURI":"#","pointer":"/items/properties/category"}
    domain: "syntax"
    ignored: ["$id"]
warning: the following keywords are unknown and will be ignored: [$id, examples]
    level: "warning"
    schema: {"loadingURI":"#","pointer":"/items/properties/category/properties/id"}
    domain: "syntax"
    ignored: ["$id","examples"]
warning: the following keywords are unknown and will be ignored: [$id, examples]
    level: "warning"
    schema: {"loadingURI":"#","pointer":"/items/properties/category/properties/name"}
    domain: "syntax"
    ignored: ["$id","examples"]
warning: the following keywords are unknown and will be ignored: [$id, examples]
    level: "warning"
    schema: {"loadingURI":"#","pointer":"/items/properties/category/properties/id"}
    domain: "syntax"
    ignored: ["$id","examples"]
warning: the following keywords are unknown and will be ignored: [$id, examples]
    level: "warning"
    schema: {"loadingURI":"#","pointer":"/items/properties/category/properties/name"}
    domain: "syntax"
    ignored: ["$id","examples"]
warning: the following keywords are unknown and will be ignored: [$id, examples]
    level: "warning"
    schema: {"loadingURI":"#","pointer":"/items/properties/id"}
    domain: "syntax"
    ignored: ["$id","examples"]
warning: the following keywords are unknown and will be ignored: [$id, examples]
    level: "warning"
    schema: {"loadingURI":"#","pointer":"/items/properties/name"}
    domain: "syntax"
    ignored: ["$id","examples"]
warning: the following keywords are unknown and will be ignored: [$id]
    level: "warning"
    schema: {"loadingURI":"#","pointer":"/items/properties/photoUrls"}
    domain: "syntax"
    ignored: ["$id"]
warning: the following keywords are unknown and will be ignored: [$id, examples]
    level: "warning"
    schema: {"loadingURI":"#","pointer":"/items/properties/photoUrls/items"}
    domain: "syntax"
    ignored: ["$id","examples"]
warning: the following keywords are unknown and will be ignored: [$id, examples]
    level: "warning"
    schema: {"loadingURI":"#","pointer":"/items/properties/photoUrls/items"}
    domain: "syntax"
    ignored: ["$id","examples"]
warning: the following keywords are unknown and will be ignored: [$id, examples]
    level: "warning"
    schema: {"loadingURI":"#","pointer":"/items/properties/status"}
    domain: "syntax"
    ignored: ["$id","examples"]
warning: the following keywords are unknown and will be ignored: [$id]
    level: "warning"
    schema: {"loadingURI":"#","pointer":"/items/properties/tags"}
    domain: "syntax"
    ignored: ["$id"]
warning: the following keywords are unknown and will be ignored: [$id]
    level: "warning"
    schema: {"loadingURI":"#","pointer":"/items/properties/tags/items"}
    domain: "syntax"
    ignored: ["$id"]
warning: the following keywords are unknown and will be ignored: [$id, examples]
    level: "warning"
    schema: {"loadingURI":"#","pointer":"/items/properties/tags/items/properties/id"}
    domain: "syntax"
    ignored: ["$id","examples"]
warning: the following keywords are unknown and will be ignored: [$id, examples]
    level: "warning"
    schema: {"loadingURI":"#","pointer":"/items/properties/tags/items/properties/name"}
    domain: "syntax"
    ignored: ["$id","examples"]
warning: the following keywords are unknown and will be ignored: [$id]
    level: "warning"
    schema: {"loadingURI":"#","pointer":"/items/properties/tags/items"}
    domain: "syntax"
    ignored: ["$id"]
warning: the following keywords are unknown and will be ignored: [$id, examples]
    level: "warning"
    schema: {"loadingURI":"#","pointer":"/items/properties/tags/items/properties/id"}
    domain: "syntax"
    ignored: ["$id","examples"]
warning: the following keywords are unknown and will be ignored: [$id, examples]
    level: "warning"
    schema: {"loadingURI":"#","pointer":"/items/properties/tags/items/properties/name"}
    domain: "syntax"
    ignored: ["$id","examples"]
warning: the following keywords are unknown and will be ignored: [$id, examples]
    level: "warning"
    schema: {"loadingURI":"#","pointer":"/items/properties/tags/items/properties/id"}
    domain: "syntax"
    ignored: ["$id","examples"]
warning: the following keywords are unknown and will be ignored: [$id, examples]
    level: "warning"
    schema: {"loadingURI":"#","pointer":"/items/properties/tags/items/properties/name"}
    domain: "syntax"
    ignored: ["$id","examples"]
warning: the following keywords are unknown and will be ignored: [$id]
    level: "warning"
    schema: {"loadingURI":"#","pointer":"/items"}
    domain: "syntax"
    ignored: ["$id"]
warning: the following keywords are unknown and will be ignored: [$id]
    level: "warning"
    schema: {"loadingURI":"#","pointer":"/items/properties/category"}
    domain: "syntax"
    ignored: ["$id"]
warning: the following keywords are unknown and will be ignored: [$id, examples]
    level: "warning"
    schema: {"loadingURI":"#","pointer":"/items/properties/category/properties/id"}
    domain: "syntax"
    ignored: ["$id","examples"]
warning: the following keywords are unknown and will be ignored: [$id, examples]
    level: "warning"
    schema: {"loadingURI":"#","pointer":"/items/properties/category/properties/name"}
    domain: "syntax"
    ignored: ["$id","examples"]
warning: the following keywords are unknown and will be ignored: [$id, examples]
    level: "warning"
    schema: {"loadingURI":"#","pointer":"/items/properties/id"}
    domain: "syntax"
    ignored: ["$id","examples"]
warning: the following keywords are unknown and will be ignored: [$id, examples]
    level: "warning"
    schema: {"loadingURI":"#","pointer":"/items/properties/name"}
    domain: "syntax"
    ignored: ["$id","examples"]
warning: the following keywords are unknown and will be ignored: [$id]
    level: "warning"
    schema: {"loadingURI":"#","pointer":"/items/properties/photoUrls"}
    domain: "syntax"
    ignored: ["$id"]
warning: the following keywords are unknown and will be ignored: [$id, examples]
    level: "warning"
    schema: {"loadingURI":"#","pointer":"/items/properties/photoUrls/items"}
    domain: "syntax"
    ignored: ["$id","examples"]
warning: the following keywords are unknown and will be ignored: [$id, examples]
    level: "warning"
    schema: {"loadingURI":"#","pointer":"/items/properties/status"}
    domain: "syntax"
    ignored: ["$id","examples"]
warning: the following keywords are unknown and will be ignored: [$id]
    level: "warning"
    schema: {"loadingURI":"#","pointer":"/items/properties/tags"}
    domain: "syntax"
    ignored: ["$id"]
warning: the following keywords are unknown and will be ignored: [$id]
    level: "warning"
    schema: {"loadingURI":"#","pointer":"/items/properties/tags/items"}
    domain: "syntax"
    ignored: ["$id"]
warning: the following keywords are unknown and will be ignored: [$id, examples]
    level: "warning"
    schema: {"loadingURI":"#","pointer":"/items/properties/tags/items/properties/id"}
    domain: "syntax"
    ignored: ["$id","examples"]
warning: the following keywords are unknown and will be ignored: [$id, examples]
    level: "warning"
    schema: {"loadingURI":"#","pointer":"/items/properties/tags/items/properties/name"}
    domain: "syntax"
    ignored: ["$id","examples"]
warning: the following keywords are unknown and will be ignored: [$id]
    level: "warning"
    schema: {"loadingURI":"#","pointer":"/items/properties/category"}
    domain: "syntax"
    ignored: ["$id"]
warning: the following keywords are unknown and will be ignored: [$id, examples]
    level: "warning"
    schema: {"loadingURI":"#","pointer":"/items/properties/category/properties/id"}
    domain: "syntax"
    ignored: ["$id","examples"]
warning: the following keywords are unknown and will be ignored: [$id, examples]
    level: "warning"
    schema: {"loadingURI":"#","pointer":"/items/properties/category/properties/name"}
    domain: "syntax"
    ignored: ["$id","examples"]
warning: the following keywords are unknown and will be ignored: [$id, examples]
    level: "warning"
    schema: {"loadingURI":"#","pointer":"/items/properties/category/properties/id"}
    domain: "syntax"
    ignored: ["$id","examples"]
warning: the following keywords are unknown and will be ignored: [$id, examples]
    level: "warning"
    schema: {"loadingURI":"#","pointer":"/items/properties/category/properties/name"}
    domain: "syntax"
    ignored: ["$id","examples"]
warning: the following keywords are unknown and will be ignored: [$id, examples]
    level: "warning"
    schema: {"loadingURI":"#","pointer":"/items/properties/id"}
    domain: "syntax"
    ignored: ["$id","examples"]
warning: the following keywords are unknown and will be ignored: [$id, examples]
    level: "warning"
    schema: {"loadingURI":"#","pointer":"/items/properties/name"}
    domain: "syntax"
    ignored: ["$id","examples"]
warning: the following keywords are unknown and will be ignored: [$id]
    level: "warning"
    schema: {"loadingURI":"#","pointer":"/items/properties/photoUrls"}
    domain: "syntax"
    ignored: ["$id"]
warning: the following keywords are unknown and will be ignored: [$id, examples]
    level: "warning"
    schema: {"loadingURI":"#","pointer":"/items/properties/photoUrls/items"}
    domain: "syntax"
    ignored: ["$id","examples"]
warning: the following keywords are unknown and will be ignored: [$id, examples]
    level: "warning"
    schema: {"loadingURI":"#","pointer":"/items/properties/photoUrls/items"}
    domain: "syntax"
    ignored: ["$id","examples"]
warning: the following keywords are unknown and will be ignored: [$id, examples]
    level: "warning"
    schema: {"loadingURI":"#","pointer":"/items/properties/status"}
    domain: "syntax"
    ignored: ["$id","examples"]
warning: the following keywords are unknown and will be ignored: [$id]
    level: "warning"
    schema: {"loadingURI":"#","pointer":"/items/properties/tags"}
    domain: "syntax"
    ignored: ["$id"]
warning: the following keywords are unknown and will be ignored: [$id]
    level: "warning"
    schema: {"loadingURI":"#","pointer":"/items/properties/tags/items"}
    domain: "syntax"
    ignored: ["$id"]
warning: the following keywords are unknown and will be ignored: [$id, examples]
    level: "warning"
    schema: {"loadingURI":"#","pointer":"/items/properties/tags/items/properties/id"}
    domain: "syntax"
    ignored: ["$id","examples"]
warning: the following keywords are unknown and will be ignored: [$id, examples]
    level: "warning"
    schema: {"loadingURI":"#","pointer":"/items/properties/tags/items/properties/name"}
    domain: "syntax"
    ignored: ["$id","examples"]
warning: the following keywords are unknown and will be ignored: [$id]
    level: "warning"
    schema: {"loadingURI":"#","pointer":"/items/properties/tags/items"}
    domain: "syntax"
    ignored: ["$id"]
warning: the following keywords are unknown and will be ignored: [$id, examples]
    level: "warning"
    schema: {"loadingURI":"#","pointer":"/items/properties/tags/items/properties/id"}
    domain: "syntax"
    ignored: ["$id","examples"]
warning: the following keywords are unknown and will be ignored: [$id, examples]
    level: "warning"
    schema: {"loadingURI":"#","pointer":"/items/properties/tags/items/properties/name"}
    domain: "syntax"
    ignored: ["$id","examples"]
warning: the following keywords are unknown and will be ignored: [$id, examples]
    level: "warning"
    schema: {"loadingURI":"#","pointer":"/items/properties/tags/items/properties/id"}
    domain: "syntax"
    ignored: ["$id","examples"]
warning: the following keywords are unknown and will be ignored: [$id, examples]
    level: "warning"
    schema: {"loadingURI":"#","pointer":"/items/properties/tags/items/properties/name"}
    domain: "syntax"
    ignored: ["$id","examples"]
warning: the following keywords are unknown and will be ignored: [$id]
    level: "warning"
    schema: {"loadingURI":"#","pointer":"/items"}
    domain: "syntax"
    ignored: ["$id"]
warning: the following keywords are unknown and will be ignored: [$id]
    level: "warning"
    schema: {"loadingURI":"#","pointer":"/items/properties/category"}
    domain: "syntax"
    ignored: ["$id"]
warning: the following keywords are unknown and will be ignored: [$id, examples]
    level: "warning"
    schema: {"loadingURI":"#","pointer":"/items/properties/category/properties/id"}
    domain: "syntax"
    ignored: ["$id","examples"]
warning: the following keywords are unknown and will be ignored: [$id, examples]
    level: "warning"
    schema: {"loadingURI":"#","pointer":"/items/properties/category/properties/name"}
    domain: "syntax"
    ignored: ["$id","examples"]
warning: the following keywords are unknown and will be ignored: [$id, examples]
    level: "warning"
    schema: {"loadingURI":"#","pointer":"/items/properties/id"}
    domain: "syntax"
    ignored: ["$id","examples"]
warning: the following keywords are unknown and will be ignored: [$id, examples]
    level: "warning"
    schema: {"loadingURI":"#","pointer":"/items/properties/name"}
    domain: "syntax"
    ignored: ["$id","examples"]
warning: the following keywords are unknown and will be ignored: [$id]
    level: "warning"
    schema: {"loadingURI":"#","pointer":"/items/properties/photoUrls"}
    domain: "syntax"
    ignored: ["$id"]
warning: the following keywords are unknown and will be ignored: [$id, examples]
    level: "warning"
    schema: {"loadingURI":"#","pointer":"/items/properties/photoUrls/items"}
    domain: "syntax"
    ignored: ["$id","examples"]
warning: the following keywords are unknown and will be ignored: [$id, examples]
    level: "warning"
    schema: {"loadingURI":"#","pointer":"/items/properties/status"}
    domain: "syntax"
    ignored: ["$id","examples"]
warning: the following keywords are unknown and will be ignored: [$id]
    level: "warning"
    schema: {"loadingURI":"#","pointer":"/items/properties/tags"}
    domain: "syntax"
    ignored: ["$id"]
warning: the following keywords are unknown and will be ignored: [$id]
    level: "warning"
    schema: {"loadingURI":"#","pointer":"/items/properties/tags/items"}
    domain: "syntax"
    ignored: ["$id"]
warning: the following keywords are unknown and will be ignored: [$id, examples]
    level: "warning"
    schema: {"loadingURI":"#","pointer":"/items/properties/tags/items/properties/id"}
    domain: "syntax"
    ignored: ["$id","examples"]
warning: the following keywords are unknown and will be ignored: [$id, examples]
    level: "warning"
    schema: {"loadingURI":"#","pointer":"/items/properties/tags/items/properties/name"}
    domain: "syntax"
    ignored: ["$id","examples"]
warning: the following keywords are unknown and will be ignored: [$id]
    level: "warning"
    schema: {"loadingURI":"#","pointer":"/items/properties/category"}
    domain: "syntax"
    ignored: ["$id"]
warning: the following keywords are unknown and will be ignored: [$id, examples]
    level: "warning"
    schema: {"loadingURI":"#","pointer":"/items/properties/category/properties/id"}
    domain: "syntax"
    ignored: ["$id","examples"]
warning: the following keywords are unknown and will be ignored: [$id, examples]
    level: "warning"
    schema: {"loadingURI":"#","pointer":"/items/properties/category/properties/name"}
    domain: "syntax"
    ignored: ["$id","examples"]
warning: the following keywords are unknown and will be ignored: [$id, examples]
    level: "warning"
    schema: {"loadingURI":"#","pointer":"/items/properties/category/properties/id"}
    domain: "syntax"
    ignored: ["$id","examples"]
warning: the following keywords are unknown and will be ignored: [$id, examples]
    level: "warning"
    schema: {"loadingURI":"#","pointer":"/items/properties/category/properties/name"}
    domain: "syntax"
    ignored: ["$id","examples"]
warning: the following keywords are unknown and will be ignored: [$id, examples]
    level: "warning"
    schema: {"loadingURI":"#","pointer":"/items/properties/id"}
    domain: "syntax"
    ignored: ["$id","examples"]
warning: the following keywords are unknown and will be ignored: [$id, examples]
    level: "warning"
    schema: {"loadingURI":"#","pointer":"/items/properties/name"}
    domain: "syntax"
    ignored: ["$id","examples"]
warning: the following keywords are unknown and will be ignored: [$id]
    level: "warning"
    schema: {"loadingURI":"#","pointer":"/items/properties/photoUrls"}
    domain: "syntax"
    ignored: ["$id"]
warning: the following keywords are unknown and will be ignored: [$id, examples]
    level: "warning"
    schema: {"loadingURI":"#","pointer":"/items/properties/photoUrls/items"}
    domain: "syntax"
    ignored: ["$id","examples"]
warning: the following keywords are unknown and will be ignored: [$id, examples]
    level: "warning"
    schema: {"loadingURI":"#","pointer":"/items/properties/photoUrls/items"}
    domain: "syntax"
    ignored: ["$id","examples"]
warning: the following keywords are unknown and will be ignored: [$id, examples]
    level: "warning"
    schema: {"loadingURI":"#","pointer":"/items/properties/status"}
    domain: "syntax"
    ignored: ["$id","examples"]
warning: the following keywords are unknown and will be ignored: [$id]
    level: "warning"
    schema: {"loadingURI":"#","pointer":"/items/properties/tags"}
    domain: "syntax"
    ignored: ["$id"]
warning: the following keywords are unknown and will be ignored: [$id]
    level: "warning"
    schema: {"loadingURI":"#","pointer":"/items/properties/tags/items"}
    domain: "syntax"
    ignored: ["$id"]
warning: the following keywords are unknown and will be ignored: [$id, examples]
    level: "warning"
    schema: {"loadingURI":"#","pointer":"/items/properties/tags/items/properties/id"}
    domain: "syntax"
    ignored: ["$id","examples"]
warning: the following keywords are unknown and will be ignored: [$id, examples]
    level: "warning"
    schema: {"loadingURI":"#","pointer":"/items/properties/tags/items/properties/name"}
    domain: "syntax"
    ignored: ["$id","examples"]
warning: the following keywords are unknown and will be ignored: [$id]
    level: "warning"
    schema: {"loadingURI":"#","pointer":"/items/properties/tags/items"}
    domain: "syntax"
    ignored: ["$id"]
warning: the following keywords are unknown and will be ignored: [$id, examples]
    level: "warning"
    schema: {"loadingURI":"#","pointer":"/items/properties/tags/items/properties/id"}
    domain: "syntax"
    ignored: ["$id","examples"]
warning: the following keywords are unknown and will be ignored: [$id, examples]
    level: "warning"
    schema: {"loadingURI":"#","pointer":"/items/properties/tags/items/properties/name"}
    domain: "syntax"
    ignored: ["$id","examples"]
warning: the following keywords are unknown and will be ignored: [$id, examples]
    level: "warning"
    schema: {"loadingURI":"#","pointer":"/items/properties/tags/items/properties/id"}
    domain: "syntax"
    ignored: ["$id","examples"]
warning: the following keywords are unknown and will be ignored: [$id, examples]
    level: "warning"
    schema: {"loadingURI":"#","pointer":"/items/properties/tags/items/properties/name"}
    domain: "syntax"
    ignored: ["$id","examples"]
warning: the following keywords are unknown and will be ignored: [$id]
    level: "warning"
    schema: {"loadingURI":"#","pointer":"/items"}
    domain: "syntax"
    ignored: ["$id"]
warning: the following keywords are unknown and will be ignored: [$id]
    level: "warning"
    schema: {"loadingURI":"#","pointer":"/items/properties/category"}
    domain: "syntax"
    ignored: ["$id"]
warning: the following keywords are unknown and will be ignored: [$id, examples]
    level: "warning"
    schema: {"loadingURI":"#","pointer":"/items/properties/category/properties/id"}
    domain: "syntax"
    ignored: ["$id","examples"]
warning: the following keywords are unknown and will be ignored: [$id, examples]
    level: "warning"
    schema: {"loadingURI":"#","pointer":"/items/properties/category/properties/name"}
    domain: "syntax"
    ignored: ["$id","examples"]
warning: the following keywords are unknown and will be ignored: [$id, examples]
    level: "warning"
    schema: {"loadingURI":"#","pointer":"/items/properties/id"}
    domain: "syntax"
    ignored: ["$id","examples"]
warning: the following keywords are unknown and will be ignored: [$id, examples]
    level: "warning"
    schema: {"loadingURI":"#","pointer":"/items/properties/name"}
    domain: "syntax"
    ignored: ["$id","examples"]
warning: the following keywords are unknown and will be ignored: [$id]
    level: "warning"
    schema: {"loadingURI":"#","pointer":"/items/properties/photoUrls"}
    domain: "syntax"
    ignored: ["$id"]
warning: the following keywords are unknown and will be ignored: [$id, examples]
    level: "warning"
    schema: {"loadingURI":"#","pointer":"/items/properties/photoUrls/items"}
    domain: "syntax"
    ignored: ["$id","examples"]
warning: the following keywords are unknown and will be ignored: [$id, examples]
    level: "warning"
    schema: {"loadingURI":"#","pointer":"/items/properties/status"}
    domain: "syntax"
    ignored: ["$id","examples"]
warning: the following keywords are unknown and will be ignored: [$id]
    level: "warning"
    schema: {"loadingURI":"#","pointer":"/items/properties/tags"}
    domain: "syntax"
    ignored: ["$id"]
warning: the following keywords are unknown and will be ignored: [$id]
    level: "warning"
    schema: {"loadingURI":"#","pointer":"/items/properties/tags/items"}
    domain: "syntax"
    ignored: ["$id"]
warning: the following keywords are unknown and will be ignored: [$id, examples]
    level: "warning"
    schema: {"loadingURI":"#","pointer":"/items/properties/tags/items/properties/id"}
    domain: "syntax"
    ignored: ["$id","examples"]
warning: the following keywords are unknown and will be ignored: [$id, examples]
    level: "warning"
    schema: {"loadingURI":"#","pointer":"/items/properties/tags/items/properties/name"}
    domain: "syntax"
    ignored: ["$id","examples"]
warning: the following keywords are unknown and will be ignored: [$id]
    level: "warning"
    schema: {"loadingURI":"#","pointer":"/items/properties/category"}
    domain: "syntax"
    ignored: ["$id"]
warning: the following keywords are unknown and will be ignored: [$id, examples]
    level: "warning"
    schema: {"loadingURI":"#","pointer":"/items/properties/category/properties/id"}
    domain: "syntax"
    ignored: ["$id","examples"]
warning: the following keywords are unknown and will be ignored: [$id, examples]
    level: "warning"
    schema: {"loadingURI":"#","pointer":"/items/properties/category/properties/name"}
    domain: "syntax"
    ignored: ["$id","examples"]
warning: the following keywords are unknown and will be ignored: [$id, examples]
    level: "warning"
    schema: {"loadingURI":"#","pointer":"/items/properties/category/properties/id"}
    domain: "syntax"
    ignored: ["$id","examples"]
warning: the following keywords are unknown and will be ignored: [$id, examples]
    level: "warning"
    schema: {"loadingURI":"#","pointer":"/items/properties/category/properties/name"}
    domain: "syntax"
    ignored: ["$id","examples"]
warning: the following keywords are unknown and will be ignored: [$id, examples]
    level: "warning"
    schema: {"loadingURI":"#","pointer":"/items/properties/id"}
    domain: "syntax"
    ignored: ["$id","examples"]
warning: the following keywords are unknown and will be ignored: [$id, examples]
    level: "warning"
    schema: {"loadingURI":"#","pointer":"/items/properties/name"}
    domain: "syntax"
    ignored: ["$id","examples"]
warning: the following keywords are unknown and will be ignored: [$id]
    level: "warning"
    schema: {"loadingURI":"#","pointer":"/items/properties/photoUrls"}
    domain: "syntax"
    ignored: ["$id"]
warning: the following keywords are unknown and will be ignored: [$id, examples]
    level: "warning"
    schema: {"loadingURI":"#","pointer":"/items/properties/photoUrls/items"}
    domain: "syntax"
    ignored: ["$id","examples"]
warning: the following keywords are unknown and will be ignored: [$id, examples]
    level: "warning"
    schema: {"loadingURI":"#","pointer":"/items/properties/photoUrls/items"}
    domain: "syntax"
    ignored: ["$id","examples"]
warning: the following keywords are unknown and will be ignored: [$id, examples]
    level: "warning"
    schema: {"loadingURI":"#","pointer":"/items/properties/status"}
    domain: "syntax"
    ignored: ["$id","examples"]
warning: the following keywords are unknown and will be ignored: [$id]
    level: "warning"
    schema: {"loadingURI":"#","pointer":"/items/properties/tags"}
    domain: "syntax"
    ignored: ["$id"]
warning: the following keywords are unknown and will be ignored: [$id]
    level: "warning"
    schema: {"loadingURI":"#","pointer":"/items/properties/tags/items"}
    domain: "syntax"
    ignored: ["$id"]
warning: the following keywords are unknown and will be ignored: [$id, examples]
    level: "warning"
    schema: {"loadingURI":"#","pointer":"/items/properties/tags/items/properties/id"}
    domain: "syntax"
    ignored: ["$id","examples"]
warning: the following keywords are unknown and will be ignored: [$id, examples]
    level: "warning"
    schema: {"loadingURI":"#","pointer":"/items/properties/tags/items/properties/name"}
    domain: "syntax"
    ignored: ["$id","examples"]
warning: the following keywords are unknown and will be ignored: [$id]
    level: "warning"
    schema: {"loadingURI":"#","pointer":"/items/properties/tags/items"}
    domain: "syntax"
    ignored: ["$id"]
warning: the following keywords are unknown and will be ignored: [$id, examples]
    level: "warning"
    schema: {"loadingURI":"#","pointer":"/items/properties/tags/items/properties/id"}
    domain: "syntax"
    ignored: ["$id","examples"]
warning: the following keywords are unknown and will be ignored: [$id, examples]
    level: "warning"
    schema: {"loadingURI":"#","pointer":"/items/properties/tags/items/properties/name"}
    domain: "syntax"
    ignored: ["$id","examples"]
warning: the following keywords are unknown and will be ignored: [$id, examples]
    level: "warning"
    schema: {"loadingURI":"#","pointer":"/items/properties/tags/items/properties/id"}
    domain: "syntax"
    ignored: ["$id","examples"]
warning: the following keywords are unknown and will be ignored: [$id, examples]
    level: "warning"
    schema: {"loadingURI":"#","pointer":"/items/properties/tags/items/properties/name"}
    domain: "syntax"
    ignored: ["$id","examples"]
warning: the following keywords are unknown and will be ignored: [$id]
    level: "warning"
    schema: {"loadingURI":"#","pointer":"/items"}
    domain: "syntax"
    ignored: ["$id"]
warning: the following keywords are unknown and will be ignored: [$id]
    level: "warning"
    schema: {"loadingURI":"#","pointer":"/items/properties/category"}
    domain: "syntax"
    ignored: ["$id"]
warning: the following keywords are unknown and will be ignored: [$id, examples]
    level: "warning"
    schema: {"loadingURI":"#","pointer":"/items/properties/category/properties/id"}
    domain: "syntax"
    ignored: ["$id","examples"]
warning: the following keywords are unknown and will be ignored: [$id, examples]
    level: "warning"
    schema: {"loadingURI":"#","pointer":"/items/properties/category/properties/name"}
    domain: "syntax"
    ignored: ["$id","examples"]
warning: the following keywords are unknown and will be ignored: [$id, examples]
    level: "warning"
    schema: {"loadingURI":"#","pointer":"/items/properties/id"}
    domain: "syntax"
    ignored: ["$id","examples"]
warning: the following keywords are unknown and will be ignored: [$id, examples]
    level: "warning"
    schema: {"loadingURI":"#","pointer":"/items/properties/name"}
    domain: "syntax"
    ignored: ["$id","examples"]
warning: the following keywords are unknown and will be ignored: [$id]
    level: "warning"
    schema: {"loadingURI":"#","pointer":"/items/properties/photoUrls"}
    domain: "syntax"
    ignored: ["$id"]
warning: the following keywords are unknown and will be ignored: [$id, examples]
    level: "warning"
    schema: {"loadingURI":"#","pointer":"/items/properties/photoUrls/items"}
    domain: "syntax"
    ignored: ["$id","examples"]
warning: the following keywords are unknown and will be ignored: [$id, examples]
    level: "warning"
    schema: {"loadingURI":"#","pointer":"/items/properties/status"}
    domain: "syntax"
    ignored: ["$id","examples"]
warning: the following keywords are unknown and will be ignored: [$id]
    level: "warning"
    schema: {"loadingURI":"#","pointer":"/items/properties/tags"}
    domain: "syntax"
    ignored: ["$id"]
warning: the following keywords are unknown and will be ignored: [$id]
    level: "warning"
    schema: {"loadingURI":"#","pointer":"/items/properties/tags/items"}
    domain: "syntax"
    ignored: ["$id"]
warning: the following keywords are unknown and will be ignored: [$id, examples]
    level: "warning"
    schema: {"loadingURI":"#","pointer":"/items/properties/tags/items/properties/id"}
    domain: "syntax"
    ignored: ["$id","examples"]
warning: the following keywords are unknown and will be ignored: [$id, examples]
    level: "warning"
    schema: {"loadingURI":"#","pointer":"/items/properties/tags/items/properties/name"}
    domain: "syntax"
    ignored: ["$id","examples"]
warning: the following keywords are unknown and will be ignored: [$id]
    level: "warning"
    schema: {"loadingURI":"#","pointer":"/items/properties/category"}
    domain: "syntax"
    ignored: ["$id"]
warning: the following keywords are unknown and will be ignored: [$id, examples]
    level: "warning"
    schema: {"loadingURI":"#","pointer":"/items/properties/category/properties/id"}
    domain: "syntax"
    ignored: ["$id","examples"]
warning: the following keywords are unknown and will be ignored: [$id, examples]
    level: "warning"
    schema: {"loadingURI":"#","pointer":"/items/properties/category/properties/name"}
    domain: "syntax"
    ignored: ["$id","examples"]
warning: the following keywords are unknown and will be ignored: [$id, examples]
    level: "warning"
    schema: {"loadingURI":"#","pointer":"/items/properties/category/properties/id"}
    domain: "syntax"
    ignored: ["$id","examples"]
warning: the following keywords are unknown and will be ignored: [$id, examples]
    level: "warning"
    schema: {"loadingURI":"#","pointer":"/items/properties/category/properties/name"}
    domain: "syntax"
    ignored: ["$id","examples"]
warning: the following keywords are unknown and will be ignored: [$id, examples]
    level: "warning"
    schema: {"loadingURI":"#","pointer":"/items/properties/id"}
    domain: "syntax"
    ignored: ["$id","examples"]
warning: the following keywords are unknown and will be ignored: [$id, examples]
    level: "warning"
    schema: {"loadingURI":"#","pointer":"/items/properties/name"}
    domain: "syntax"
    ignored: ["$id","examples"]
warning: the following keywords are unknown and will be ignored: [$id]
    level: "warning"
    schema: {"loadingURI":"#","pointer":"/items/properties/photoUrls"}
    domain: "syntax"
    ignored: ["$id"]
warning: the following keywords are unknown and will be ignored: [$id, examples]
    level: "warning"
    schema: {"loadingURI":"#","pointer":"/items/properties/photoUrls/items"}
    domain: "syntax"
    ignored: ["$id","examples"]
warning: the following keywords are unknown and will be ignored: [$id, examples]
    level: "warning"
    schema: {"loadingURI":"#","pointer":"/items/properties/photoUrls/items"}
    domain: "syntax"
    ignored: ["$id","examples"]
warning: the following keywords are unknown and will be ignored: [$id, examples]
    level: "warning"
    schema: {"loadingURI":"#","pointer":"/items/properties/status"}
    domain: "syntax"
    ignored: ["$id","examples"]
warning: the following keywords are unknown and will be ignored: [$id]
    level: "warning"
    schema: {"loadingURI":"#","pointer":"/items/properties/tags"}
    domain: "syntax"
    ignored: ["$id"]
warning: the following keywords are unknown and will be ignored: [$id]
    level: "warning"
    schema: {"loadingURI":"#","pointer":"/items/properties/tags/items"}
    domain: "syntax"
    ignored: ["$id"]
warning: the following keywords are unknown and will be ignored: [$id, examples]
    level: "warning"
    schema: {"loadingURI":"#","pointer":"/items/properties/tags/items/properties/id"}
    domain: "syntax"
    ignored: ["$id","examples"]
warning: the following keywords are unknown and will be ignored: [$id, examples]
    level: "warning"
    schema: {"loadingURI":"#","pointer":"/items/properties/tags/items/properties/name"}
    domain: "syntax"
    ignored: ["$id","examples"]
warning: the following keywords are unknown and will be ignored: [$id]
    level: "warning"
    schema: {"loadingURI":"#","pointer":"/items/properties/tags/items"}
    domain: "syntax"
    ignored: ["$id"]
warning: the following keywords are unknown and will be ignored: [$id, examples]
    level: "warning"
    schema: {"loadingURI":"#","pointer":"/items/properties/tags/items/properties/id"}
    domain: "syntax"
    ignored: ["$id","examples"]
warning: the following keywords are unknown and will be ignored: [$id, examples]
    level: "warning"
    schema: {"loadingURI":"#","pointer":"/items/properties/tags/items/properties/name"}
    domain: "syntax"
    ignored: ["$id","examples"]
warning: the following keywords are unknown and will be ignored: [$id, examples]
    level: "warning"
    schema: {"loadingURI":"#","pointer":"/items/properties/tags/items/properties/id"}
    domain: "syntax"
    ignored: ["$id","examples"]
warning: the following keywords are unknown and will be ignored: [$id, examples]
    level: "warning"
    schema: {"loadingURI":"#","pointer":"/items/properties/tags/items/properties/name"}
    domain: "syntax"
    ignored: ["$id","examples"]
warning: the following keywords are unknown and will be ignored: [$id]
    level: "warning"
    schema: {"loadingURI":"#","pointer":"/items"}
    domain: "syntax"
    ignored: ["$id"]
warning: the following keywords are unknown and will be ignored: [$id]
    level: "warning"
    schema: {"loadingURI":"#","pointer":"/items/properties/category"}
    domain: "syntax"
    ignored: ["$id"]
warning: the following keywords are unknown and will be ignored: [$id, examples]
    level: "warning"
    schema: {"loadingURI":"#","pointer":"/items/properties/category/properties/id"}
    domain: "syntax"
    ignored: ["$id","examples"]
warning: the following keywords are unknown and will be ignored: [$id, examples]
    level: "warning"
    schema: {"loadingURI":"#","pointer":"/items/properties/category/properties/name"}
    domain: "syntax"
    ignored: ["$id","examples"]
warning: the following keywords are unknown and will be ignored: [$id, examples]
    level: "warning"
    schema: {"loadingURI":"#","pointer":"/items/properties/id"}
    domain: "syntax"
    ignored: ["$id","examples"]
warning: the following keywords are unknown and will be ignored: [$id, examples]
    level: "warning"
    schema: {"loadingURI":"#","pointer":"/items/properties/name"}
    domain: "syntax"
    ignored: ["$id","examples"]
warning: the following keywords are unknown and will be ignored: [$id]
    level: "warning"
    schema: {"loadingURI":"#","pointer":"/items/properties/photoUrls"}
    domain: "syntax"
    ignored: ["$id"]
warning: the following keywords are unknown and will be ignored: [$id, examples]
    level: "warning"
    schema: {"loadingURI":"#","pointer":"/items/properties/photoUrls/items"}
    domain: "syntax"
    ignored: ["$id","examples"]
warning: the following keywords are unknown and will be ignored: [$id, examples]
    level: "warning"
    schema: {"loadingURI":"#","pointer":"/items/properties/status"}
    domain: "syntax"
    ignored: ["$id","examples"]
warning: the following keywords are unknown and will be ignored: [$id]
    level: "warning"
    schema: {"loadingURI":"#","pointer":"/items/properties/tags"}
    domain: "syntax"
    ignored: ["$id"]
warning: the following keywords are unknown and will be ignored: [$id]
    level: "warning"
    schema: {"loadingURI":"#","pointer":"/items/properties/tags/items"}
    domain: "syntax"
    ignored: ["$id"]
warning: the following keywords are unknown and will be ignored: [$id, examples]
    level: "warning"
    schema: {"loadingURI":"#","pointer":"/items/properties/tags/items/properties/id"}
    domain: "syntax"
    ignored: ["$id","examples"]
warning: the following keywords are unknown and will be ignored: [$id, examples]
    level: "warning"
    schema: {"loadingURI":"#","pointer":"/items/properties/tags/items/properties/name"}
    domain: "syntax"
    ignored: ["$id","examples"]
warning: the following keywords are unknown and will be ignored: [$id]
    level: "warning"
    schema: {"loadingURI":"#","pointer":"/items/properties/category"}
    domain: "syntax"
    ignored: ["$id"]
warning: the following keywords are unknown and will be ignored: [$id, examples]
    level: "warning"
    schema: {"loadingURI":"#","pointer":"/items/properties/category/properties/id"}
    domain: "syntax"
    ignored: ["$id","examples"]
warning: the following keywords are unknown and will be ignored: [$id, examples]
    level: "warning"
    schema: {"loadingURI":"#","pointer":"/items/properties/category/properties/name"}
    domain: "syntax"
    ignored: ["$id","examples"]
warning: the following keywords are unknown and will be ignored: [$id, examples]
    level: "warning"
    schema: {"loadingURI":"#","pointer":"/items/properties/category/properties/id"}
    domain: "syntax"
    ignored: ["$id","examples"]
warning: the following keywords are unknown and will be ignored: [$id, examples]
    level: "warning"
    schema: {"loadingURI":"#","pointer":"/items/properties/category/properties/name"}
    domain: "syntax"
    ignored: ["$id","examples"]
warning: the following keywords are unknown and will be ignored: [$id, examples]
    level: "warning"
    schema: {"loadingURI":"#","pointer":"/items/properties/id"}
    domain: "syntax"
    ignored: ["$id","examples"]
warning: the following keywords are unknown and will be ignored: [$id, examples]
    level: "warning"
    schema: {"loadingURI":"#","pointer":"/items/properties/name"}
    domain: "syntax"
    ignored: ["$id","examples"]
warning: the following keywords are unknown and will be ignored: [$id]
    level: "warning"
    schema: {"loadingURI":"#","pointer":"/items/properties/photoUrls"}
    domain: "syntax"
    ignored: ["$id"]
warning: the following keywords are unknown and will be ignored: [$id, examples]
    level: "warning"
    schema: {"loadingURI":"#","pointer":"/items/properties/photoUrls/items"}
    domain: "syntax"
    ignored: ["$id","examples"]
warning: the following keywords are unknown and will be ignored: [$id, examples]
    level: "warning"
    schema: {"loadingURI":"#","pointer":"/items/properties/photoUrls/items"}
    domain: "syntax"
    ignored: ["$id","examples"]
warning: the following keywords are unknown and will be ignored: [$id, examples]
    level: "warning"
    schema: {"loadingURI":"#","pointer":"/items/properties/status"}
    domain: "syntax"
    ignored: ["$id","examples"]
warning: the following keywords are unknown and will be ignored: [$id]
    level: "warning"
    schema: {"loadingURI":"#","pointer":"/items/properties/tags"}
    domain: "syntax"
    ignored: ["$id"]
warning: the following keywords are unknown and will be ignored: [$id]
    level: "warning"
    schema: {"loadingURI":"#","pointer":"/items/properties/tags/items"}
    domain: "syntax"
    ignored: ["$id"]
warning: the following keywords are unknown and will be ignored: [$id, examples]
    level: "warning"
    schema: {"loadingURI":"#","pointer":"/items/properties/tags/items/properties/id"}
    domain: "syntax"
    ignored: ["$id","examples"]
warning: the following keywords are unknown and will be ignored: [$id, examples]
    level: "warning"
    schema: {"loadingURI":"#","pointer":"/items/properties/tags/items/properties/name"}
    domain: "syntax"
    ignored: ["$id","examples"]
warning: the following keywords are unknown and will be ignored: [$id]
    level: "warning"
    schema: {"loadingURI":"#","pointer":"/items/properties/tags/items"}
    domain: "syntax"
    ignored: ["$id"]
warning: the following keywords are unknown and will be ignored: [$id, examples]
    level: "warning"
    schema: {"loadingURI":"#","pointer":"/items/properties/tags/items/properties/id"}
    domain: "syntax"
    ignored: ["$id","examples"]
warning: the following keywords are unknown and will be ignored: [$id, examples]
    level: "warning"
    schema: {"loadingURI":"#","pointer":"/items/properties/tags/items/properties/name"}
    domain: "syntax"
    ignored: ["$id","examples"]
warning: the following keywords are unknown and will be ignored: [$id, examples]
    level: "warning"
    schema: {"loadingURI":"#","pointer":"/items/properties/tags/items/properties/id"}
    domain: "syntax"
    ignored: ["$id","examples"]
warning: the following keywords are unknown and will be ignored: [$id, examples]
    level: "warning"
    schema: {"loadingURI":"#","pointer":"/items/properties/tags/items/properties/name"}
    domain: "syntax"
    ignored: ["$id","examples"]
warning: the following keywords are unknown and will be ignored: [$id]
    level: "warning"
    schema: {"loadingURI":"#","pointer":"/items"}
    domain: "syntax"
    ignored: ["$id"]
warning: the following keywords are unknown and will be ignored: [$id]
    level: "warning"
    schema: {"loadingURI":"#","pointer":"/items/properties/category"}
    domain: "syntax"
    ignored: ["$id"]
warning: the following keywords are unknown and will be ignored: [$id, examples]
    level: "warning"
    schema: {"loadingURI":"#","pointer":"/items/properties/category/properties/id"}
    domain: "syntax"
    ignored: ["$id","examples"]
warning: the following keywords are unknown and will be ignored: [$id, examples]
    level: "warning"
    schema: {"loadingURI":"#","pointer":"/items/properties/category/properties/name"}
    domain: "syntax"
    ignored: ["$id","examples"]
warning: the following keywords are unknown and will be ignored: [$id, examples]
    level: "warning"
    schema: {"loadingURI":"#","pointer":"/items/properties/id"}
    domain: "syntax"
    ignored: ["$id","examples"]
warning: the following keywords are unknown and will be ignored: [$id, examples]
    level: "warning"
    schema: {"loadingURI":"#","pointer":"/items/properties/name"}
    domain: "syntax"
    ignored: ["$id","examples"]
warning: the following keywords are unknown and will be ignored: [$id]
    level: "warning"
    schema: {"loadingURI":"#","pointer":"/items/properties/photoUrls"}
    domain: "syntax"
    ignored: ["$id"]
warning: the following keywords are unknown and will be ignored: [$id, examples]
    level: "warning"
    schema: {"loadingURI":"#","pointer":"/items/properties/photoUrls/items"}
    domain: "syntax"
    ignored: ["$id","examples"]
warning: the following keywords are unknown and will be ignored: [$id, examples]
    level: "warning"
    schema: {"loadingURI":"#","pointer":"/items/properties/status"}
    domain: "syntax"
    ignored: ["$id","examples"]
warning: the following keywords are unknown and will be ignored: [$id]
    level: "warning"
    schema: {"loadingURI":"#","pointer":"/items/properties/tags"}
    domain: "syntax"
    ignored: ["$id"]
warning: the following keywords are unknown and will be ignored: [$id]
    level: "warning"
    schema: {"loadingURI":"#","pointer":"/items/properties/tags/items"}
    domain: "syntax"
    ignored: ["$id"]
warning: the following keywords are unknown and will be ignored: [$id, examples]
    level: "warning"
    schema: {"loadingURI":"#","pointer":"/items/properties/tags/items/properties/id"}
    domain: "syntax"
    ignored: ["$id","examples"]
warning: the following keywords are unknown and will be ignored: [$id, examples]
    level: "warning"
    schema: {"loadingURI":"#","pointer":"/items/properties/tags/items/properties/name"}
    domain: "syntax"
    ignored: ["$id","examples"]
warning: the following keywords are unknown and will be ignored: [$id]
    level: "warning"
    schema: {"loadingURI":"#","pointer":"/items/properties/category"}
    domain: "syntax"
    ignored: ["$id"]
warning: the following keywords are unknown and will be ignored: [$id, examples]
    level: "warning"
    schema: {"loadingURI":"#","pointer":"/items/properties/category/properties/id"}
    domain: "syntax"
    ignored: ["$id","examples"]
warning: the following keywords are unknown and will be ignored: [$id, examples]
    level: "warning"
    schema: {"loadingURI":"#","pointer":"/items/properties/category/properties/name"}
    domain: "syntax"
    ignored: ["$id","examples"]
warning: the following keywords are unknown and will be ignored: [$id, examples]
    level: "warning"
    schema: {"loadingURI":"#","pointer":"/items/properties/category/properties/id"}
    domain: "syntax"
    ignored: ["$id","examples"]
warning: the following keywords are unknown and will be ignored: [$id, examples]
    level: "warning"
    schema: {"loadingURI":"#","pointer":"/items/properties/category/properties/name"}
    domain: "syntax"
    ignored: ["$id","examples"]
warning: the following keywords are unknown and will be ignored: [$id, examples]
    level: "warning"
    schema: {"loadingURI":"#","pointer":"/items/properties/id"}
    domain: "syntax"
    ignored: ["$id","examples"]
warning: the following keywords are unknown and will be ignored: [$id, examples]
    level: "warning"
    schema: {"loadingURI":"#","pointer":"/items/properties/name"}
    domain: "syntax"
    ignored: ["$id","examples"]
warning: the following keywords are unknown and will be ignored: [$id]
    level: "warning"
    schema: {"loadingURI":"#","pointer":"/items/properties/photoUrls"}
    domain: "syntax"
    ignored: ["$id"]
warning: the following keywords are unknown and will be ignored: [$id, examples]
    level: "warning"
    schema: {"loadingURI":"#","pointer":"/items/properties/photoUrls/items"}
    domain: "syntax"
    ignored: ["$id","examples"]
warning: the following keywords are unknown and will be ignored: [$id, examples]
    level: "warning"
    schema: {"loadingURI":"#","pointer":"/items/properties/photoUrls/items"}
    domain: "syntax"
    ignored: ["$id","examples"]
warning: the following keywords are unknown and will be ignored: [$id, examples]
    level: "warning"
    schema: {"loadingURI":"#","pointer":"/items/properties/status"}
    domain: "syntax"
    ignored: ["$id","examples"]
warning: the following keywords are unknown and will be ignored: [$id]
    level: "warning"
    schema: {"loadingURI":"#","pointer":"/items/properties/tags"}
    domain: "syntax"
    ignored: ["$id"]
warning: the following keywords are unknown and will be ignored: [$id]
    level: "warning"
    schema: {"loadingURI":"#","pointer":"/items/properties/tags/items"}
    domain: "syntax"
    ignored: ["$id"]
warning: the following keywords are unknown and will be ignored: [$id, examples]
    level: "warning"
    schema: {"loadingURI":"#","pointer":"/items/properties/tags/items/properties/id"}
    domain: "syntax"
    ignored: ["$id","examples"]
warning: the following keywords are unknown and will be ignored: [$id, examples]
    level: "warning"
    schema: {"loadingURI":"#","pointer":"/items/properties/tags/items/properties/name"}
    domain: "syntax"
    ignored: ["$id","examples"]
warning: the following keywords are unknown and will be ignored: [$id]
    level: "warning"
    schema: {"loadingURI":"#","pointer":"/items/properties/tags/items"}
    domain: "syntax"
    ignored: ["$id"]
warning: the following keywords are unknown and will be ignored: [$id, examples]
    level: "warning"
    schema: {"loadingURI":"#","pointer":"/items/properties/tags/items/properties/id"}
    domain: "syntax"
    ignored: ["$id","examples"]
warning: the following keywords are unknown and will be ignored: [$id, examples]
    level: "warning"
    schema: {"loadingURI":"#","pointer":"/items/properties/tags/items/properties/name"}
    domain: "syntax"
    ignored: ["$id","examples"]
warning: the following keywords are unknown and will be ignored: [$id, examples]
    level: "warning"
    schema: {"loadingURI":"#","pointer":"/items/properties/tags/items/properties/id"}
    domain: "syntax"
    ignored: ["$id","examples"]
warning: the following keywords are unknown and will be ignored: [$id, examples]
    level: "warning"
    schema: {"loadingURI":"#","pointer":"/items/properties/tags/items/properties/name"}
    domain: "syntax"
    ignored: ["$id","examples"]
warning: the following keywords are unknown and will be ignored: [$id]
    level: "warning"
    schema: {"loadingURI":"#","pointer":"/items"}
    domain: "syntax"
    ignored: ["$id"]
warning: the following keywords are unknown and will be ignored: [$id]
    level: "warning"
    schema: {"loadingURI":"#","pointer":"/items/properties/category"}
    domain: "syntax"
    ignored: ["$id"]
warning: the following keywords are unknown and will be ignored: [$id, examples]
    level: "warning"
    schema: {"loadingURI":"#","pointer":"/items/properties/category/properties/id"}
    domain: "syntax"
    ignored: ["$id","examples"]
warning: the following keywords are unknown and will be ignored: [$id, examples]
    level: "warning"
    schema: {"loadingURI":"#","pointer":"/items/properties/category/properties/name"}
    domain: "syntax"
    ignored: ["$id","examples"]
warning: the following keywords are unknown and will be ignored: [$id, examples]
    level: "warning"
    schema: {"loadingURI":"#","pointer":"/items/properties/id"}
    domain: "syntax"
    ignored: ["$id","examples"]
warning: the following keywords are unknown and will be ignored: [$id, examples]
    level: "warning"
    schema: {"loadingURI":"#","pointer":"/items/properties/name"}
    domain: "syntax"
    ignored: ["$id","examples"]
warning: the following keywords are unknown and will be ignored: [$id]
    level: "warning"
    schema: {"loadingURI":"#","pointer":"/items/properties/photoUrls"}
    domain: "syntax"
    ignored: ["$id"]
warning: the following keywords are unknown and will be ignored: [$id, examples]
    level: "warning"
    schema: {"loadingURI":"#","pointer":"/items/properties/photoUrls/items"}
    domain: "syntax"
    ignored: ["$id","examples"]
warning: the following keywords are unknown and will be ignored: [$id, examples]
    level: "warning"
    schema: {"loadingURI":"#","pointer":"/items/properties/status"}
    domain: "syntax"
    ignored: ["$id","examples"]
warning: the following keywords are unknown and will be ignored: [$id]
    level: "warning"
    schema: {"loadingURI":"#","pointer":"/items/properties/tags"}
    domain: "syntax"
    ignored: ["$id"]
warning: the following keywords are unknown and will be ignored: [$id]
    level: "warning"
    schema: {"loadingURI":"#","pointer":"/items/properties/tags/items"}
    domain: "syntax"
    ignored: ["$id"]
warning: the following keywords are unknown and will be ignored: [$id, examples]
    level: "warning"
    schema: {"loadingURI":"#","pointer":"/items/properties/tags/items/properties/id"}
    domain: "syntax"
    ignored: ["$id","examples"]
warning: the following keywords are unknown and will be ignored: [$id, examples]
    level: "warning"
    schema: {"loadingURI":"#","pointer":"/items/properties/tags/items/properties/name"}
    domain: "syntax"
    ignored: ["$id","examples"]
warning: the following keywords are unknown and will be ignored: [$id]
    level: "warning"
    schema: {"loadingURI":"#","pointer":"/items/properties/category"}
    domain: "syntax"
    ignored: ["$id"]
warning: the following keywords are unknown and will be ignored: [$id, examples]
    level: "warning"
    schema: {"loadingURI":"#","pointer":"/items/properties/category/properties/id"}
    domain: "syntax"
    ignored: ["$id","examples"]
warning: the following keywords are unknown and will be ignored: [$id, examples]
    level: "warning"
    schema: {"loadingURI":"#","pointer":"/items/properties/category/properties/name"}
    domain: "syntax"
    ignored: ["$id","examples"]
warning: the following keywords are unknown and will be ignored: [$id, examples]
    level: "warning"
    schema: {"loadingURI":"#","pointer":"/items/properties/category/properties/id"}
    domain: "syntax"
    ignored: ["$id","examples"]
warning: the following keywords are unknown and will be ignored: [$id, examples]
    level: "warning"
    schema: {"loadingURI":"#","pointer":"/items/properties/category/properties/name"}
    domain: "syntax"
    ignored: ["$id","examples"]
warning: the following keywords are unknown and will be ignored: [$id, examples]
    level: "warning"
    schema: {"loadingURI":"#","pointer":"/items/properties/id"}
    domain: "syntax"
    ignored: ["$id","examples"]
warning: the following keywords are unknown and will be ignored: [$id, examples]
    level: "warning"
    schema: {"loadingURI":"#","pointer":"/items/properties/name"}
    domain: "syntax"
    ignored: ["$id","examples"]
warning: the following keywords are unknown and will be ignored: [$id]
    level: "warning"
    schema: {"loadingURI":"#","pointer":"/items/properties/photoUrls"}
    domain: "syntax"
    ignored: ["$id"]
warning: the following keywords are unknown and will be ignored: [$id, examples]
    level: "warning"
    schema: {"loadingURI":"#","pointer":"/items/properties/photoUrls/items"}
    domain: "syntax"
    ignored: ["$id","examples"]
warning: the following keywords are unknown and will be ignored: [$id, examples]
    level: "warning"
    schema: {"loadingURI":"#","pointer":"/items/properties/photoUrls/items"}
    domain: "syntax"
    ignored: ["$id","examples"]
warning: the following keywords are unknown and will be ignored: [$id, examples]
    level: "warning"
    schema: {"loadingURI":"#","pointer":"/items/properties/status"}
    domain: "syntax"
    ignored: ["$id","examples"]
warning: the following keywords are unknown and will be ignored: [$id]
    level: "warning"
    schema: {"loadingURI":"#","pointer":"/items/properties/tags"}
    domain: "syntax"
    ignored: ["$id"]
warning: the following keywords are unknown and will be ignored: [$id]
    level: "warning"
    schema: {"loadingURI":"#","pointer":"/items/properties/tags/items"}
    domain: "syntax"
    ignored: ["$id"]
warning: the following keywords are unknown and will be ignored: [$id, examples]
    level: "warning"
    schema: {"loadingURI":"#","pointer":"/items/properties/tags/items/properties/id"}
    domain: "syntax"
    ignored: ["$id","examples"]
warning: the following keywords are unknown and will be ignored: [$id, examples]
    level: "warning"
    schema: {"loadingURI":"#","pointer":"/items/properties/tags/items/properties/name"}
    domain: "syntax"
    ignored: ["$id","examples"]
warning: the following keywords are unknown and will be ignored: [$id]
    level: "warning"
    schema: {"loadingURI":"#","pointer":"/items/properties/tags/items"}
    domain: "syntax"
    ignored: ["$id"]
warning: the following keywords are unknown and will be ignored: [$id, examples]
    level: "warning"
    schema: {"loadingURI":"#","pointer":"/items/properties/tags/items/properties/id"}
    domain: "syntax"
    ignored: ["$id","examples"]
warning: the following keywords are unknown and will be ignored: [$id, examples]
    level: "warning"
    schema: {"loadingURI":"#","pointer":"/items/properties/tags/items/properties/name"}
    domain: "syntax"
    ignored: ["$id","examples"]
warning: the following keywords are unknown and will be ignored: [$id, examples]
    level: "warning"
    schema: {"loadingURI":"#","pointer":"/items/properties/tags/items/properties/id"}
    domain: "syntax"
    ignored: ["$id","examples"]
warning: the following keywords are unknown and will be ignored: [$id, examples]
    level: "warning"
    schema: {"loadingURI":"#","pointer":"/items/properties/tags/items/properties/name"}
    domain: "syntax"
    ignored: ["$id","examples"]
warning: the following keywords are unknown and will be ignored: [$id]
    level: "warning"
    schema: {"loadingURI":"#","pointer":"/items"}
    domain: "syntax"
    ignored: ["$id"]
warning: the following keywords are unknown and will be ignored: [$id]
    level: "warning"
    schema: {"loadingURI":"#","pointer":"/items/properties/category"}
    domain: "syntax"
    ignored: ["$id"]
warning: the following keywords are unknown and will be ignored: [$id, examples]
    level: "warning"
    schema: {"loadingURI":"#","pointer":"/items/properties/category/properties/id"}
    domain: "syntax"
    ignored: ["$id","examples"]
warning: the following keywords are unknown and will be ignored: [$id, examples]
    level: "warning"
    schema: {"loadingURI":"#","pointer":"/items/properties/category/properties/name"}
    domain: "syntax"
    ignored: ["$id","examples"]
warning: the following keywords are unknown and will be ignored: [$id, examples]
    level: "warning"
    schema: {"loadingURI":"#","pointer":"/items/properties/id"}
    domain: "syntax"
    ignored: ["$id","examples"]
warning: the following keywords are unknown and will be ignored: [$id, examples]
    level: "warning"
    schema: {"loadingURI":"#","pointer":"/items/properties/name"}
    domain: "syntax"
    ignored: ["$id","examples"]
warning: the following keywords are unknown and will be ignored: [$id]
    level: "warning"
    schema: {"loadingURI":"#","pointer":"/items/properties/photoUrls"}
    domain: "syntax"
    ignored: ["$id"]
warning: the following keywords are unknown and will be ignored: [$id, examples]
    level: "warning"
    schema: {"loadingURI":"#","pointer":"/items/properties/photoUrls/items"}
    domain: "syntax"
    ignored: ["$id","examples"]
warning: the following keywords are unknown and will be ignored: [$id, examples]
    level: "warning"
    schema: {"loadingURI":"#","pointer":"/items/properties/status"}
    domain: "syntax"
    ignored: ["$id","examples"]
warning: the following keywords are unknown and will be ignored: [$id]
    level: "warning"
    schema: {"loadingURI":"#","pointer":"/items/properties/tags"}
    domain: "syntax"
    ignored: ["$id"]
warning: the following keywords are unknown and will be ignored: [$id]
    level: "warning"
    schema: {"loadingURI":"#","pointer":"/items/properties/tags/items"}
    domain: "syntax"
    ignored: ["$id"]
warning: the following keywords are unknown and will be ignored: [$id, examples]
    level: "warning"
    schema: {"loadingURI":"#","pointer":"/items/properties/tags/items/properties/id"}
    domain: "syntax"
    ignored: ["$id","examples"]
warning: the following keywords are unknown and will be ignored: [$id, examples]
    level: "warning"
    schema: {"loadingURI":"#","pointer":"/items/properties/tags/items/properties/name"}
    domain: "syntax"
    ignored: ["$id","examples"]
warning: the following keywords are unknown and will be ignored: [$id]
    level: "warning"
    schema: {"loadingURI":"#","pointer":"/items/properties/category"}
    domain: "syntax"
    ignored: ["$id"]
warning: the following keywords are unknown and will be ignored: [$id, examples]
    level: "warning"
    schema: {"loadingURI":"#","pointer":"/items/properties/category/properties/id"}
    domain: "syntax"
    ignored: ["$id","examples"]
warning: the following keywords are unknown and will be ignored: [$id, examples]
    level: "warning"
    schema: {"loadingURI":"#","pointer":"/items/properties/category/properties/name"}
    domain: "syntax"
    ignored: ["$id","examples"]
warning: the following keywords are unknown and will be ignored: [$id, examples]
    level: "warning"
    schema: {"loadingURI":"#","pointer":"/items/properties/category/properties/id"}
    domain: "syntax"
    ignored: ["$id","examples"]
warning: the following keywords are unknown and will be ignored: [$id, examples]
    level: "warning"
    schema: {"loadingURI":"#","pointer":"/items/properties/category/properties/name"}
    domain: "syntax"
    ignored: ["$id","examples"]
warning: the following keywords are unknown and will be ignored: [$id, examples]
    level: "warning"
    schema: {"loadingURI":"#","pointer":"/items/properties/id"}
    domain: "syntax"
    ignored: ["$id","examples"]
warning: the following keywords are unknown and will be ignored: [$id, examples]
    level: "warning"
    schema: {"loadingURI":"#","pointer":"/items/properties/name"}
    domain: "syntax"
    ignored: ["$id","examples"]
warning: the following keywords are unknown and will be ignored: [$id]
    level: "warning"
    schema: {"loadingURI":"#","pointer":"/items/properties/photoUrls"}
    domain: "syntax"
    ignored: ["$id"]
warning: the following keywords are unknown and will be ignored: [$id, examples]
    level: "warning"
    schema: {"loadingURI":"#","pointer":"/items/properties/photoUrls/items"}
    domain: "syntax"
    ignored: ["$id","examples"]
warning: the following keywords are unknown and will be ignored: [$id, examples]
    level: "warning"
    schema: {"loadingURI":"#","pointer":"/items/properties/photoUrls/items"}
    domain: "syntax"
    ignored: ["$id","examples"]
warning: the following keywords are unknown and will be ignored: [$id, examples]
    level: "warning"
    schema: {"loadingURI":"#","pointer":"/items/properties/status"}
    domain: "syntax"
    ignored: ["$id","examples"]
warning: the following keywords are unknown and will be ignored: [$id]
    level: "warning"
    schema: {"loadingURI":"#","pointer":"/items/properties/tags"}
    domain: "syntax"
    ignored: ["$id"]
warning: the following keywords are unknown and will be ignored: [$id]
    level: "warning"
    schema: {"loadingURI":"#","pointer":"/items/properties/tags/items"}
    domain: "syntax"
    ignored: ["$id"]
warning: the following keywords are unknown and will be ignored: [$id, examples]
    level: "warning"
    schema: {"loadingURI":"#","pointer":"/items/properties/tags/items/properties/id"}
    domain: "syntax"
    ignored: ["$id","examples"]
warning: the following keywords are unknown and will be ignored: [$id, examples]
    level: "warning"
    schema: {"loadingURI":"#","pointer":"/items/properties/tags/items/properties/name"}
    domain: "syntax"
    ignored: ["$id","examples"]
warning: the following keywords are unknown and will be ignored: [$id]
    level: "warning"
    schema: {"loadingURI":"#","pointer":"/items/properties/tags/items"}
    domain: "syntax"
    ignored: ["$id"]
warning: the following keywords are unknown and will be ignored: [$id, examples]
    level: "warning"
    schema: {"loadingURI":"#","pointer":"/items/properties/tags/items/properties/id"}
    domain: "syntax"
    ignored: ["$id","examples"]
warning: the following keywords are unknown and will be ignored: [$id, examples]
    level: "warning"
    schema: {"loadingURI":"#","pointer":"/items/properties/tags/items/properties/name"}
    domain: "syntax"
    ignored: ["$id","examples"]
warning: the following keywords are unknown and will be ignored: [$id, examples]
    level: "warning"
    schema: {"loadingURI":"#","pointer":"/items/properties/tags/items/properties/id"}
    domain: "syntax"
    ignored: ["$id","examples"]
warning: the following keywords are unknown and will be ignored: [$id, examples]
    level: "warning"
    schema: {"loadingURI":"#","pointer":"/items/properties/tags/items/properties/name"}
    domain: "syntax"
    ignored: ["$id","examples"]
warning: the following keywords are unknown and will be ignored: [$id]
    level: "warning"
    schema: {"loadingURI":"#","pointer":"/items"}
    domain: "syntax"
    ignored: ["$id"]
warning: the following keywords are unknown and will be ignored: [$id]
    level: "warning"
    schema: {"loadingURI":"#","pointer":"/items/properties/category"}
    domain: "syntax"
    ignored: ["$id"]
warning: the following keywords are unknown and will be ignored: [$id, examples]
    level: "warning"
    schema: {"loadingURI":"#","pointer":"/items/properties/category/properties/id"}
    domain: "syntax"
    ignored: ["$id","examples"]
warning: the following keywords are unknown and will be ignored: [$id, examples]
    level: "warning"
    schema: {"loadingURI":"#","pointer":"/items/properties/category/properties/name"}
    domain: "syntax"
    ignored: ["$id","examples"]
warning: the following keywords are unknown and will be ignored: [$id, examples]
    level: "warning"
    schema: {"loadingURI":"#","pointer":"/items/properties/id"}
    domain: "syntax"
    ignored: ["$id","examples"]
warning: the following keywords are unknown and will be ignored: [$id, examples]
    level: "warning"
    schema: {"loadingURI":"#","pointer":"/items/properties/name"}
    domain: "syntax"
    ignored: ["$id","examples"]
warning: the following keywords are unknown and will be ignored: [$id]
    level: "warning"
    schema: {"loadingURI":"#","pointer":"/items/properties/photoUrls"}
    domain: "syntax"
    ignored: ["$id"]
warning: the following keywords are unknown and will be ignored: [$id, examples]
    level: "warning"
    schema: {"loadingURI":"#","pointer":"/items/properties/photoUrls/items"}
    domain: "syntax"
    ignored: ["$id","examples"]
warning: the following keywords are unknown and will be ignored: [$id, examples]
    level: "warning"
    schema: {"loadingURI":"#","pointer":"/items/properties/status"}
    domain: "syntax"
    ignored: ["$id","examples"]
warning: the following keywords are unknown and will be ignored: [$id]
    level: "warning"
    schema: {"loadingURI":"#","pointer":"/items/properties/tags"}
    domain: "syntax"
    ignored: ["$id"]
warning: the following keywords are unknown and will be ignored: [$id]
    level: "warning"
    schema: {"loadingURI":"#","pointer":"/items/properties/tags/items"}
    domain: "syntax"
    ignored: ["$id"]
warning: the following keywords are unknown and will be ignored: [$id, examples]
    level: "warning"
    schema: {"loadingURI":"#","pointer":"/items/properties/tags/items/properties/id"}
    domain: "syntax"
    ignored: ["$id","examples"]
warning: the following keywords are unknown and will be ignored: [$id, examples]
    level: "warning"
    schema: {"loadingURI":"#","pointer":"/items/properties/tags/items/properties/name"}
    domain: "syntax"
    ignored: ["$id","examples"]
warning: the following keywords are unknown and will be ignored: [$id]
    level: "warning"
    schema: {"loadingURI":"#","pointer":"/items/properties/category"}
    domain: "syntax"
    ignored: ["$id"]
warning: the following keywords are unknown and will be ignored: [$id, examples]
    level: "warning"
    schema: {"loadingURI":"#","pointer":"/items/properties/category/properties/id"}
    domain: "syntax"
    ignored: ["$id","examples"]
warning: the following keywords are unknown and will be ignored: [$id, examples]
    level: "warning"
    schema: {"loadingURI":"#","pointer":"/items/properties/category/properties/name"}
    domain: "syntax"
    ignored: ["$id","examples"]
warning: the following keywords are unknown and will be ignored: [$id, examples]
    level: "warning"
    schema: {"loadingURI":"#","pointer":"/items/properties/category/properties/id"}
    domain: "syntax"
    ignored: ["$id","examples"]
warning: the following keywords are unknown and will be ignored: [$id, examples]
    level: "warning"
    schema: {"loadingURI":"#","pointer":"/items/properties/category/properties/name"}
    domain: "syntax"
    ignored: ["$id","examples"]
warning: the following keywords are unknown and will be ignored: [$id, examples]
    level: "warning"
    schema: {"loadingURI":"#","pointer":"/items/properties/id"}
    domain: "syntax"
    ignored: ["$id","examples"]
warning: the following keywords are unknown and will be ignored: [$id, examples]
    level: "warning"
    schema: {"loadingURI":"#","pointer":"/items/properties/name"}
    domain: "syntax"
    ignored: ["$id","examples"]
warning: the following keywords are unknown and will be ignored: [$id]
    level: "warning"
    schema: {"loadingURI":"#","pointer":"/items/properties/photoUrls"}
    domain: "syntax"
    ignored: ["$id"]
warning: the following keywords are unknown and will be ignored: [$id, examples]
    level: "warning"
    schema: {"loadingURI":"#","pointer":"/items/properties/photoUrls/items"}
    domain: "syntax"
    ignored: ["$id","examples"]
warning: the following keywords are unknown and will be ignored: [$id, examples]
    level: "warning"
    schema: {"loadingURI":"#","pointer":"/items/properties/photoUrls/items"}
    domain: "syntax"
    ignored: ["$id","examples"]
warning: the following keywords are unknown and will be ignored: [$id, examples]
    level: "warning"
    schema: {"loadingURI":"#","pointer":"/items/properties/status"}
    domain: "syntax"
    ignored: ["$id","examples"]
warning: the following keywords are unknown and will be ignored: [$id]
    level: "warning"
    schema: {"loadingURI":"#","pointer":"/items/properties/tags"}
    domain: "syntax"
    ignored: ["$id"]
warning: the following keywords are unknown and will be ignored: [$id]
    level: "warning"
    schema: {"loadingURI":"#","pointer":"/items/properties/tags/items"}
    domain: "syntax"
    ignored: ["$id"]
warning: the following keywords are unknown and will be ignored: [$id, examples]
    level: "warning"
    schema: {"loadingURI":"#","pointer":"/items/properties/tags/items/properties/id"}
    domain: "syntax"
    ignored: ["$id","examples"]
warning: the following keywords are unknown and will be ignored: [$id, examples]
    level: "warning"
    schema: {"loadingURI":"#","pointer":"/items/properties/tags/items/properties/name"}
    domain: "syntax"
    ignored: ["$id","examples"]
warning: the following keywords are unknown and will be ignored: [$id]
    level: "warning"
    schema: {"loadingURI":"#","pointer":"/items/properties/tags/items"}
    domain: "syntax"
    ignored: ["$id"]
warning: the following keywords are unknown and will be ignored: [$id, examples]
    level: "warning"
    schema: {"loadingURI":"#","pointer":"/items/properties/tags/items/properties/id"}
    domain: "syntax"
    ignored: ["$id","examples"]
warning: the following keywords are unknown and will be ignored: [$id, examples]
    level: "warning"
    schema: {"loadingURI":"#","pointer":"/items/properties/tags/items/properties/name"}
    domain: "syntax"
    ignored: ["$id","examples"]
warning: the following keywords are unknown and will be ignored: [$id, examples]
    level: "warning"
    schema: {"loadingURI":"#","pointer":"/items/properties/tags/items/properties/id"}
    domain: "syntax"
    ignored: ["$id","examples"]
warning: the following keywords are unknown and will be ignored: [$id, examples]
    level: "warning"
    schema: {"loadingURI":"#","pointer":"/items/properties/tags/items/properties/name"}
    domain: "syntax"
    ignored: ["$id","examples"]
warning: the following keywords are unknown and will be ignored: [$id]
    level: "warning"
    schema: {"loadingURI":"#","pointer":"/items"}
    domain: "syntax"
    ignored: ["$id"]
warning: the following keywords are unknown and will be ignored: [$id]
    level: "warning"
    schema: {"loadingURI":"#","pointer":"/items/properties/category"}
    domain: "syntax"
    ignored: ["$id"]
warning: the following keywords are unknown and will be ignored: [$id, examples]
    level: "warning"
    schema: {"loadingURI":"#","pointer":"/items/properties/category/properties/id"}
    domain: "syntax"
    ignored: ["$id","examples"]
warning: the following keywords are unknown and will be ignored: [$id, examples]
    level: "warning"
    schema: {"loadingURI":"#","pointer":"/items/properties/category/properties/name"}
    domain: "syntax"
    ignored: ["$id","examples"]
warning: the following keywords are unknown and will be ignored: [$id, examples]
    level: "warning"
    schema: {"loadingURI":"#","pointer":"/items/properties/id"}
    domain: "syntax"
    ignored: ["$id","examples"]
warning: the following keywords are unknown and will be ignored: [$id, examples]
    level: "warning"
    schema: {"loadingURI":"#","pointer":"/items/properties/name"}
    domain: "syntax"
    ignored: ["$id","examples"]
warning: the following keywords are unknown and will be ignored: [$id]
    level: "warning"
    schema: {"loadingURI":"#","pointer":"/items/properties/photoUrls"}
    domain: "syntax"
    ignored: ["$id"]
warning: the following keywords are unknown and will be ignored: [$id, examples]
    level: "warning"
    schema: {"loadingURI":"#","pointer":"/items/properties/photoUrls/items"}
    domain: "syntax"
    ignored: ["$id","examples"]
warning: the following keywords are unknown and will be ignored: [$id, examples]
    level: "warning"
    schema: {"loadingURI":"#","pointer":"/items/properties/status"}
    domain: "syntax"
    ignored: ["$id","examples"]
warning: the following keywords are unknown and will be ignored: [$id]
    level: "warning"
    schema: {"loadingURI":"#","pointer":"/items/properties/tags"}
    domain: "syntax"
    ignored: ["$id"]
warning: the following keywords are unknown and will be ignored: [$id]
    level: "warning"
    schema: {"loadingURI":"#","pointer":"/items/properties/tags/items"}
    domain: "syntax"
    ignored: ["$id"]
warning: the following keywords are unknown and will be ignored: [$id, examples]
    level: "warning"
    schema: {"loadingURI":"#","pointer":"/items/properties/tags/items/properties/id"}
    domain: "syntax"
    ignored: ["$id","examples"]
warning: the following keywords are unknown and will be ignored: [$id, examples]
    level: "warning"
    schema: {"loadingURI":"#","pointer":"/items/properties/tags/items/properties/name"}
    domain: "syntax"
    ignored: ["$id","examples"]
warning: the following keywords are unknown and will be ignored: [$id]
    level: "warning"
    schema: {"loadingURI":"#","pointer":"/items/properties/category"}
    domain: "syntax"
    ignored: ["$id"]
warning: the following keywords are unknown and will be ignored: [$id, examples]
    level: "warning"
    schema: {"loadingURI":"#","pointer":"/items/properties/category/properties/id"}
    domain: "syntax"
    ignored: ["$id","examples"]
warning: the following keywords are unknown and will be ignored: [$id, examples]
    level: "warning"
    schema: {"loadingURI":"#","pointer":"/items/properties/category/properties/name"}
    domain: "syntax"
    ignored: ["$id","examples"]
warning: the following keywords are unknown and will be ignored: [$id, examples]
    level: "warning"
    schema: {"loadingURI":"#","pointer":"/items/properties/category/properties/id"}
    domain: "syntax"
    ignored: ["$id","examples"]
warning: the following keywords are unknown and will be ignored: [$id, examples]
    level: "warning"
    schema: {"loadingURI":"#","pointer":"/items/properties/category/properties/name"}
    domain: "syntax"
    ignored: ["$id","examples"]
warning: the following keywords are unknown and will be ignored: [$id, examples]
    level: "warning"
    schema: {"loadingURI":"#","pointer":"/items/properties/id"}
    domain: "syntax"
    ignored: ["$id","examples"]
warning: the following keywords are unknown and will be ignored: [$id, examples]
    level: "warning"
    schema: {"loadingURI":"#","pointer":"/items/properties/name"}
    domain: "syntax"
    ignored: ["$id","examples"]
warning: the following keywords are unknown and will be ignored: [$id]
    level: "warning"
    schema: {"loadingURI":"#","pointer":"/items/properties/photoUrls"}
    domain: "syntax"
    ignored: ["$id"]
warning: the following keywords are unknown and will be ignored: [$id, examples]
    level: "warning"
    schema: {"loadingURI":"#","pointer":"/items/properties/photoUrls/items"}
    domain: "syntax"
    ignored: ["$id","examples"]
warning: the following keywords are unknown and will be ignored: [$id, examples]
    level: "warning"
    schema: {"loadingURI":"#","pointer":"/items/properties/photoUrls/items"}
    domain: "syntax"
    ignored: ["$id","examples"]
warning: the following keywords are unknown and will be ignored: [$id, examples]
    level: "warning"
    schema: {"loadingURI":"#","pointer":"/items/properties/status"}
    domain: "syntax"
    ignored: ["$id","examples"]
warning: the following keywords are unknown and will be ignored: [$id]
    level: "warning"
    schema: {"loadingURI":"#","pointer":"/items/properties/tags"}
    domain: "syntax"
    ignored: ["$id"]
warning: the following keywords are unknown and will be ignored: [$id]
    level: "warning"
    schema: {"loadingURI":"#","pointer":"/items/properties/tags/items"}
    domain: "syntax"
    ignored: ["$id"]
warning: the following keywords are unknown and will be ignored: [$id, examples]
    level: "warning"
    schema: {"loadingURI":"#","pointer":"/items/properties/tags/items/properties/id"}
    domain: "syntax"
    ignored: ["$id","examples"]
warning: the following keywords are unknown and will be ignored: [$id, examples]
    level: "warning"
    schema: {"loadingURI":"#","pointer":"/items/properties/tags/items/properties/name"}
    domain: "syntax"
    ignored: ["$id","examples"]
warning: the following keywords are unknown and will be ignored: [$id]
    level: "warning"
    schema: {"loadingURI":"#","pointer":"/items/properties/tags/items"}
    domain: "syntax"
    ignored: ["$id"]
warning: the following keywords are unknown and will be ignored: [$id, examples]
    level: "warning"
    schema: {"loadingURI":"#","pointer":"/items/properties/tags/items/properties/id"}
    domain: "syntax"
    ignored: ["$id","examples"]
warning: the following keywords are unknown and will be ignored: [$id, examples]
    level: "warning"
    schema: {"loadingURI":"#","pointer":"/items/properties/tags/items/properties/name"}
    domain: "syntax"
    ignored: ["$id","examples"]
warning: the following keywords are unknown and will be ignored: [$id, examples]
    level: "warning"
    schema: {"loadingURI":"#","pointer":"/items/properties/tags/items/properties/id"}
    domain: "syntax"
    ignored: ["$id","examples"]
warning: the following keywords are unknown and will be ignored: [$id, examples]
    level: "warning"
    schema: {"loadingURI":"#","pointer":"/items/properties/tags/items/properties/name"}
    domain: "syntax"
    ignored: ["$id","examples"]
warning: the following keywords are unknown and will be ignored: [$id]
    level: "warning"
    schema: {"loadingURI":"#","pointer":"/items"}
    domain: "syntax"
    ignored: ["$id"]
warning: the following keywords are unknown and will be ignored: [$id]
    level: "warning"
    schema: {"loadingURI":"#","pointer":"/items/properties/category"}
    domain: "syntax"
    ignored: ["$id"]
warning: the following keywords are unknown and will be ignored: [$id, examples]
    level: "warning"
    schema: {"loadingURI":"#","pointer":"/items/properties/category/properties/id"}
    domain: "syntax"
    ignored: ["$id","examples"]
warning: the following keywords are unknown and will be ignored: [$id, examples]
    level: "warning"
    schema: {"loadingURI":"#","pointer":"/items/properties/category/properties/name"}
    domain: "syntax"
    ignored: ["$id","examples"]
warning: the following keywords are unknown and will be ignored: [$id, examples]
    level: "warning"
    schema: {"loadingURI":"#","pointer":"/items/properties/id"}
    domain: "syntax"
    ignored: ["$id","examples"]
warning: the following keywords are unknown and will be ignored: [$id, examples]
    level: "warning"
    schema: {"loadingURI":"#","pointer":"/items/properties/name"}
    domain: "syntax"
    ignored: ["$id","examples"]
warning: the following keywords are unknown and will be ignored: [$id]
    level: "warning"
    schema: {"loadingURI":"#","pointer":"/items/properties/photoUrls"}
    domain: "syntax"
    ignored: ["$id"]
warning: the following keywords are unknown and will be ignored: [$id, examples]
    level: "warning"
    schema: {"loadingURI":"#","pointer":"/items/properties/photoUrls/items"}
    domain: "syntax"
    ignored: ["$id","examples"]
warning: the following keywords are unknown and will be ignored: [$id, examples]
    level: "warning"
    schema: {"loadingURI":"#","pointer":"/items/properties/status"}
    domain: "syntax"
    ignored: ["$id","examples"]
warning: the following keywords are unknown and will be ignored: [$id]
    level: "warning"
    schema: {"loadingURI":"#","pointer":"/items/properties/tags"}
    domain: "syntax"
    ignored: ["$id"]
warning: the following keywords are unknown and will be ignored: [$id]
    level: "warning"
    schema: {"loadingURI":"#","pointer":"/items/properties/tags/items"}
    domain: "syntax"
    ignored: ["$id"]
warning: the following keywords are unknown and will be ignored: [$id, examples]
    level: "warning"
    schema: {"loadingURI":"#","pointer":"/items/properties/tags/items/properties/id"}
    domain: "syntax"
    ignored: ["$id","examples"]
warning: the following keywords are unknown and will be ignored: [$id, examples]
    level: "warning"
    schema: {"loadingURI":"#","pointer":"/items/properties/tags/items/properties/name"}
    domain: "syntax"
    ignored: ["$id","examples"]
warning: the following keywords are unknown and will be ignored: [$id]
    level: "warning"
    schema: {"loadingURI":"#","pointer":"/items/properties/category"}
    domain: "syntax"
    ignored: ["$id"]
warning: the following keywords are unknown and will be ignored: [$id, examples]
    level: "warning"
    schema: {"loadingURI":"#","pointer":"/items/properties/category/properties/id"}
    domain: "syntax"
    ignored: ["$id","examples"]
warning: the following keywords are unknown and will be ignored: [$id, examples]
    level: "warning"
    schema: {"loadingURI":"#","pointer":"/items/properties/category/properties/name"}
    domain: "syntax"
    ignored: ["$id","examples"]
warning: the following keywords are unknown and will be ignored: [$id, examples]
    level: "warning"
    schema: {"loadingURI":"#","pointer":"/items/properties/category/properties/id"}
    domain: "syntax"
    ignored: ["$id","examples"]
warning: the following keywords are unknown and will be ignored: [$id, examples]
    level: "warning"
    schema: {"loadingURI":"#","pointer":"/items/properties/category/properties/name"}
    domain: "syntax"
    ignored: ["$id","examples"]
warning: the following keywords are unknown and will be ignored: [$id, examples]
    level: "warning"
    schema: {"loadingURI":"#","pointer":"/items/properties/id"}
    domain: "syntax"
    ignored: ["$id","examples"]
warning: the following keywords are unknown and will be ignored: [$id, examples]
    level: "warning"
    schema: {"loadingURI":"#","pointer":"/items/properties/name"}
    domain: "syntax"
    ignored: ["$id","examples"]
warning: the following keywords are unknown and will be ignored: [$id]
    level: "warning"
    schema: {"loadingURI":"#","pointer":"/items/properties/photoUrls"}
    domain: "syntax"
    ignored: ["$id"]
warning: the following keywords are unknown and will be ignored: [$id, examples]
    level: "warning"
    schema: {"loadingURI":"#","pointer":"/items/properties/photoUrls/items"}
    domain: "syntax"
    ignored: ["$id","examples"]
warning: the following keywords are unknown and will be ignored: [$id, examples]
    level: "warning"
    schema: {"loadingURI":"#","pointer":"/items/properties/photoUrls/items"}
    domain: "syntax"
    ignored: ["$id","examples"]
warning: the following keywords are unknown and will be ignored: [$id, examples]
    level: "warning"
    schema: {"loadingURI":"#","pointer":"/items/properties/status"}
    domain: "syntax"
    ignored: ["$id","examples"]
warning: the following keywords are unknown and will be ignored: [$id]
    level: "warning"
    schema: {"loadingURI":"#","pointer":"/items/properties/tags"}
    domain: "syntax"
    ignored: ["$id"]
warning: the following keywords are unknown and will be ignored: [$id]
    level: "warning"
    schema: {"loadingURI":"#","pointer":"/items/properties/tags/items"}
    domain: "syntax"
    ignored: ["$id"]
warning: the following keywords are unknown and will be ignored: [$id, examples]
    level: "warning"
    schema: {"loadingURI":"#","pointer":"/items/properties/tags/items/properties/id"}
    domain: "syntax"
    ignored: ["$id","examples"]
warning: the following keywords are unknown and will be ignored: [$id, examples]
    level: "warning"
    schema: {"loadingURI":"#","pointer":"/items/properties/tags/items/properties/name"}
    domain: "syntax"
    ignored: ["$id","examples"]
warning: the following keywords are unknown and will be ignored: [$id]
    level: "warning"
    schema: {"loadingURI":"#","pointer":"/items/properties/tags/items"}
    domain: "syntax"
    ignored: ["$id"]
warning: the following keywords are unknown and will be ignored: [$id, examples]
    level: "warning"
    schema: {"loadingURI":"#","pointer":"/items/properties/tags/items/properties/id"}
    domain: "syntax"
    ignored: ["$id","examples"]
warning: the following keywords are unknown and will be ignored: [$id, examples]
    level: "warning"
    schema: {"loadingURI":"#","pointer":"/items/properties/tags/items/properties/name"}
    domain: "syntax"
    ignored: ["$id","examples"]
warning: the following keywords are unknown and will be ignored: [$id, examples]
    level: "warning"
    schema: {"loadingURI":"#","pointer":"/items/properties/tags/items/properties/id"}
    domain: "syntax"
    ignored: ["$id","examples"]
warning: the following keywords are unknown and will be ignored: [$id, examples]
    level: "warning"
    schema: {"loadingURI":"#","pointer":"/items/properties/tags/items/properties/name"}
    domain: "syntax"
    ignored: ["$id","examples"]
warning: the following keywords are unknown and will be ignored: [$id]
    level: "warning"
    schema: {"loadingURI":"#","pointer":"/items"}
    domain: "syntax"
    ignored: ["$id"]
warning: the following keywords are unknown and will be ignored: [$id]
    level: "warning"
    schema: {"loadingURI":"#","pointer":"/items/properties/category"}
    domain: "syntax"
    ignored: ["$id"]
warning: the following keywords are unknown and will be ignored: [$id, examples]
    level: "warning"
    schema: {"loadingURI":"#","pointer":"/items/properties/category/properties/id"}
    domain: "syntax"
    ignored: ["$id","examples"]
warning: the following keywords are unknown and will be ignored: [$id, examples]
    level: "warning"
    schema: {"loadingURI":"#","pointer":"/items/properties/category/properties/name"}
    domain: "syntax"
    ignored: ["$id","examples"]
warning: the following keywords are unknown and will be ignored: [$id, examples]
    level: "warning"
    schema: {"loadingURI":"#","pointer":"/items/properties/id"}
    domain: "syntax"
    ignored: ["$id","examples"]
warning: the following keywords are unknown and will be ignored: [$id, examples]
    level: "warning"
    schema: {"loadingURI":"#","pointer":"/items/properties/name"}
    domain: "syntax"
    ignored: ["$id","examples"]
warning: the following keywords are unknown and will be ignored: [$id]
    level: "warning"
    schema: {"loadingURI":"#","pointer":"/items/properties/photoUrls"}
    domain: "syntax"
    ignored: ["$id"]
warning: the following keywords are unknown and will be ignored: [$id, examples]
    level: "warning"
    schema: {"loadingURI":"#","pointer":"/items/properties/photoUrls/items"}
    domain: "syntax"
    ignored: ["$id","examples"]
warning: the following keywords are unknown and will be ignored: [$id, examples]
    level: "warning"
    schema: {"loadingURI":"#","pointer":"/items/properties/status"}
    domain: "syntax"
    ignored: ["$id","examples"]
warning: the following keywords are unknown and will be ignored: [$id]
    level: "warning"
    schema: {"loadingURI":"#","pointer":"/items/properties/tags"}
    domain: "syntax"
    ignored: ["$id"]
warning: the following keywords are unknown and will be ignored: [$id]
    level: "warning"
    schema: {"loadingURI":"#","pointer":"/items/properties/tags/items"}
    domain: "syntax"
    ignored: ["$id"]
warning: the following keywords are unknown and will be ignored: [$id, examples]
    level: "warning"
    schema: {"loadingURI":"#","pointer":"/items/properties/tags/items/properties/id"}
    domain: "syntax"
    ignored: ["$id","examples"]
warning: the following keywords are unknown and will be ignored: [$id, examples]
    level: "warning"
    schema: {"loadingURI":"#","pointer":"/items/properties/tags/items/properties/name"}
    domain: "syntax"
    ignored: ["$id","examples"]
warning: the following keywords are unknown and will be ignored: [$id]
    level: "warning"
    schema: {"loadingURI":"#","pointer":"/items/properties/category"}
    domain: "syntax"
    ignored: ["$id"]
warning: the following keywords are unknown and will be ignored: [$id, examples]
    level: "warning"
    schema: {"loadingURI":"#","pointer":"/items/properties/category/properties/id"}
    domain: "syntax"
    ignored: ["$id","examples"]
warning: the following keywords are unknown and will be ignored: [$id, examples]
    level: "warning"
    schema: {"loadingURI":"#","pointer":"/items/properties/category/properties/name"}
    domain: "syntax"
    ignored: ["$id","examples"]
warning: the following keywords are unknown and will be ignored: [$id, examples]
    level: "warning"
    schema: {"loadingURI":"#","pointer":"/items/properties/category/properties/id"}
    domain: "syntax"
    ignored: ["$id","examples"]
warning: the following keywords are unknown and will be ignored: [$id, examples]
    level: "warning"
    schema: {"loadingURI":"#","pointer":"/items/properties/category/properties/name"}
    domain: "syntax"
    ignored: ["$id","examples"]
warning: the following keywords are unknown and will be ignored: [$id, examples]
    level: "warning"
    schema: {"loadingURI":"#","pointer":"/items/properties/id"}
    domain: "syntax"
    ignored: ["$id","examples"]
warning: the following keywords are unknown and will be ignored: [$id, examples]
    level: "warning"
    schema: {"loadingURI":"#","pointer":"/items/properties/name"}
    domain: "syntax"
    ignored: ["$id","examples"]
warning: the following keywords are unknown and will be ignored: [$id]
    level: "warning"
    schema: {"loadingURI":"#","pointer":"/items/properties/photoUrls"}
    domain: "syntax"
    ignored: ["$id"]
warning: the following keywords are unknown and will be ignored: [$id, examples]
    level: "warning"
    schema: {"loadingURI":"#","pointer":"/items/properties/photoUrls/items"}
    domain: "syntax"
    ignored: ["$id","examples"]
warning: the following keywords are unknown and will be ignored: [$id, examples]
    level: "warning"
    schema: {"loadingURI":"#","pointer":"/items/properties/photoUrls/items"}
    domain: "syntax"
    ignored: ["$id","examples"]
warning: the following keywords are unknown and will be ignored: [$id, examples]
    level: "warning"
    schema: {"loadingURI":"#","pointer":"/items/properties/status"}
    domain: "syntax"
    ignored: ["$id","examples"]
warning: the following keywords are unknown and will be ignored: [$id]
    level: "warning"
    schema: {"loadingURI":"#","pointer":"/items/properties/tags"}
    domain: "syntax"
    ignored: ["$id"]
warning: the following keywords are unknown and will be ignored: [$id]
    level: "warning"
    schema: {"loadingURI":"#","pointer":"/items/properties/tags/items"}
    domain: "syntax"
    ignored: ["$id"]
warning: the following keywords are unknown and will be ignored: [$id, examples]
    level: "warning"
    schema: {"loadingURI":"#","pointer":"/items/properties/tags/items/properties/id"}
    domain: "syntax"
    ignored: ["$id","examples"]
warning: the following keywords are unknown and will be ignored: [$id, examples]
    level: "warning"
    schema: {"loadingURI":"#","pointer":"/items/properties/tags/items/properties/name"}
    domain: "syntax"
    ignored: ["$id","examples"]
warning: the following keywords are unknown and will be ignored: [$id]
    level: "warning"
    schema: {"loadingURI":"#","pointer":"/items/properties/tags/items"}
    domain: "syntax"
    ignored: ["$id"]
warning: the following keywords are unknown and will be ignored: [$id, examples]
    level: "warning"
    schema: {"loadingURI":"#","pointer":"/items/properties/tags/items/properties/id"}
    domain: "syntax"
    ignored: ["$id","examples"]
warning: the following keywords are unknown and will be ignored: [$id, examples]
    level: "warning"
    schema: {"loadingURI":"#","pointer":"/items/properties/tags/items/properties/name"}
    domain: "syntax"
    ignored: ["$id","examples"]
warning: the following keywords are unknown and will be ignored: [$id, examples]
    level: "warning"
    schema: {"loadingURI":"#","pointer":"/items/properties/tags/items/properties/id"}
    domain: "syntax"
    ignored: ["$id","examples"]
warning: the following keywords are unknown and will be ignored: [$id, examples]
    level: "warning"
    schema: {"loadingURI":"#","pointer":"/items/properties/tags/items/properties/name"}
    domain: "syntax"
    ignored: ["$id","examples"]
warning: the following keywords are unknown and will be ignored: [$id]
    level: "warning"
    schema: {"loadingURI":"#","pointer":"/items"}
    domain: "syntax"
    ignored: ["$id"]
warning: the following keywords are unknown and will be ignored: [$id]
    level: "warning"
    schema: {"loadingURI":"#","pointer":"/items/properties/category"}
    domain: "syntax"
    ignored: ["$id"]
warning: the following keywords are unknown and will be ignored: [$id, examples]
    level: "warning"
    schema: {"loadingURI":"#","pointer":"/items/properties/category/properties/id"}
    domain: "syntax"
    ignored: ["$id","examples"]
warning: the following keywords are unknown and will be ignored: [$id, examples]
    level: "warning"
    schema: {"loadingURI":"#","pointer":"/items/properties/category/properties/name"}
    domain: "syntax"
    ignored: ["$id","examples"]
warning: the following keywords are unknown and will be ignored: [$id, examples]
    level: "warning"
    schema: {"loadingURI":"#","pointer":"/items/properties/id"}
    domain: "syntax"
    ignored: ["$id","examples"]
warning: the following keywords are unknown and will be ignored: [$id, examples]
    level: "warning"
    schema: {"loadingURI":"#","pointer":"/items/properties/name"}
    domain: "syntax"
    ignored: ["$id","examples"]
warning: the following keywords are unknown and will be ignored: [$id]
    level: "warning"
    schema: {"loadingURI":"#","pointer":"/items/properties/photoUrls"}
    domain: "syntax"
    ignored: ["$id"]
warning: the following keywords are unknown and will be ignored: [$id, examples]
    level: "warning"
    schema: {"loadingURI":"#","pointer":"/items/properties/photoUrls/items"}
    domain: "syntax"
    ignored: ["$id","examples"]
warning: the following keywords are unknown and will be ignored: [$id, examples]
    level: "warning"
    schema: {"loadingURI":"#","pointer":"/items/properties/status"}
    domain: "syntax"
    ignored: ["$id","examples"]
warning: the following keywords are unknown and will be ignored: [$id]
    level: "warning"
    schema: {"loadingURI":"#","pointer":"/items/properties/tags"}
    domain: "syntax"
    ignored: ["$id"]
warning: the following keywords are unknown and will be ignored: [$id]
    level: "warning"
    schema: {"loadingURI":"#","pointer":"/items/properties/tags/items"}
    domain: "syntax"
    ignored: ["$id"]
warning: the following keywords are unknown and will be ignored: [$id, examples]
    level: "warning"
    schema: {"loadingURI":"#","pointer":"/items/properties/tags/items/properties/id"}
    domain: "syntax"
    ignored: ["$id","examples"]
warning: the following keywords are unknown and will be ignored: [$id, examples]
    level: "warning"
    schema: {"loadingURI":"#","pointer":"/items/properties/tags/items/properties/name"}
    domain: "syntax"
    ignored: ["$id","examples"]
warning: the following keywords are unknown and will be ignored: [$id]
    level: "warning"
    schema: {"loadingURI":"#","pointer":"/items/properties/category"}
    domain: "syntax"
    ignored: ["$id"]
warning: the following keywords are unknown and will be ignored: [$id, examples]
    level: "warning"
    schema: {"loadingURI":"#","pointer":"/items/properties/category/properties/id"}
    domain: "syntax"
    ignored: ["$id","examples"]
warning: the following keywords are unknown and will be ignored: [$id, examples]
    level: "warning"
    schema: {"loadingURI":"#","pointer":"/items/properties/category/properties/name"}
    domain: "syntax"
    ignored: ["$id","examples"]
warning: the following keywords are unknown and will be ignored: [$id, examples]
    level: "warning"
    schema: {"loadingURI":"#","pointer":"/items/properties/category/properties/id"}
    domain: "syntax"
    ignored: ["$id","examples"]
warning: the following keywords are unknown and will be ignored: [$id, examples]
    level: "warning"
    schema: {"loadingURI":"#","pointer":"/items/properties/category/properties/name"}
    domain: "syntax"
    ignored: ["$id","examples"]
warning: the following keywords are unknown and will be ignored: [$id, examples]
    level: "warning"
    schema: {"loadingURI":"#","pointer":"/items/properties/id"}
    domain: "syntax"
    ignored: ["$id","examples"]
warning: the following keywords are unknown and will be ignored: [$id, examples]
    level: "warning"
    schema: {"loadingURI":"#","pointer":"/items/properties/name"}
    domain: "syntax"
    ignored: ["$id","examples"]
warning: the following keywords are unknown and will be ignored: [$id]
    level: "warning"
    schema: {"loadingURI":"#","pointer":"/items/properties/photoUrls"}
    domain: "syntax"
    ignored: ["$id"]
warning: the following keywords are unknown and will be ignored: [$id, examples]
    level: "warning"
    schema: {"loadingURI":"#","pointer":"/items/properties/photoUrls/items"}
    domain: "syntax"
    ignored: ["$id","examples"]
warning: the following keywords are unknown and will be ignored: [$id, examples]
    level: "warning"
    schema: {"loadingURI":"#","pointer":"/items/properties/photoUrls/items"}
    domain: "syntax"
    ignored: ["$id","examples"]
warning: the following keywords are unknown and will be ignored: [$id, examples]
    level: "warning"
    schema: {"loadingURI":"#","pointer":"/items/properties/status"}
    domain: "syntax"
    ignored: ["$id","examples"]
warning: the following keywords are unknown and will be ignored: [$id]
    level: "warning"
    schema: {"loadingURI":"#","pointer":"/items/properties/tags"}
    domain: "syntax"
    ignored: ["$id"]
warning: the following keywords are unknown and will be ignored: [$id]
    level: "warning"
    schema: {"loadingURI":"#","pointer":"/items/properties/tags/items"}
    domain: "syntax"
    ignored: ["$id"]
warning: the following keywords are unknown and will be ignored: [$id, examples]
    level: "warning"
    schema: {"loadingURI":"#","pointer":"/items/properties/tags/items/properties/id"}
    domain: "syntax"
    ignored: ["$id","examples"]
warning: the following keywords are unknown and will be ignored: [$id, examples]
    level: "warning"
    schema: {"loadingURI":"#","pointer":"/items/properties/tags/items/properties/name"}
    domain: "syntax"
    ignored: ["$id","examples"]
warning: the following keywords are unknown and will be ignored: [$id]
    level: "warning"
    schema: {"loadingURI":"#","pointer":"/items/properties/tags/items"}
    domain: "syntax"
    ignored: ["$id"]
warning: the following keywords are unknown and will be ignored: [$id, examples]
    level: "warning"
    schema: {"loadingURI":"#","pointer":"/items/properties/tags/items/properties/id"}
    domain: "syntax"
    ignored: ["$id","examples"]
warning: the following keywords are unknown and will be ignored: [$id, examples]
    level: "warning"
    schema: {"loadingURI":"#","pointer":"/items/properties/tags/items/properties/name"}
    domain: "syntax"
    ignored: ["$id","examples"]
warning: the following keywords are unknown and will be ignored: [$id, examples]
    level: "warning"
    schema: {"loadingURI":"#","pointer":"/items/properties/tags/items/properties/id"}
    domain: "syntax"
    ignored: ["$id","examples"]
warning: the following keywords are unknown and will be ignored: [$id, examples]
    level: "warning"
    schema: {"loadingURI":"#","pointer":"/items/properties/tags/items/properties/name"}
    domain: "syntax"
    ignored: ["$id","examples"]
warning: the following keywords are unknown and will be ignored: [$id]
    level: "warning"
    schema: {"loadingURI":"#","pointer":"/items"}
    domain: "syntax"
    ignored: ["$id"]
warning: the following keywords are unknown and will be ignored: [$id]
    level: "warning"
    schema: {"loadingURI":"#","pointer":"/items/properties/category"}
    domain: "syntax"
    ignored: ["$id"]
warning: the following keywords are unknown and will be ignored: [$id, examples]
    level: "warning"
    schema: {"loadingURI":"#","pointer":"/items/properties/category/properties/id"}
    domain: "syntax"
    ignored: ["$id","examples"]
warning: the following keywords are unknown and will be ignored: [$id, examples]
    level: "warning"
    schema: {"loadingURI":"#","pointer":"/items/properties/category/properties/name"}
    domain: "syntax"
    ignored: ["$id","examples"]
warning: the following keywords are unknown and will be ignored: [$id, examples]
    level: "warning"
    schema: {"loadingURI":"#","pointer":"/items/properties/id"}
    domain: "syntax"
    ignored: ["$id","examples"]
warning: the following keywords are unknown and will be ignored: [$id, examples]
    level: "warning"
    schema: {"loadingURI":"#","pointer":"/items/properties/name"}
    domain: "syntax"
    ignored: ["$id","examples"]
warning: the following keywords are unknown and will be ignored: [$id]
    level: "warning"
    schema: {"loadingURI":"#","pointer":"/items/properties/photoUrls"}
    domain: "syntax"
    ignored: ["$id"]
warning: the following keywords are unknown and will be ignored: [$id, examples]
    level: "warning"
    schema: {"loadingURI":"#","pointer":"/items/properties/photoUrls/items"}
    domain: "syntax"
    ignored: ["$id","examples"]
warning: the following keywords are unknown and will be ignored: [$id, examples]
    level: "warning"
    schema: {"loadingURI":"#","pointer":"/items/properties/status"}
    domain: "syntax"
    ignored: ["$id","examples"]
warning: the following keywords are unknown and will be ignored: [$id]
    level: "warning"
    schema: {"loadingURI":"#","pointer":"/items/properties/tags"}
    domain: "syntax"
    ignored: ["$id"]
warning: the following keywords are unknown and will be ignored: [$id]
    level: "warning"
    schema: {"loadingURI":"#","pointer":"/items/properties/tags/items"}
    domain: "syntax"
    ignored: ["$id"]
warning: the following keywords are unknown and will be ignored: [$id, examples]
    level: "warning"
    schema: {"loadingURI":"#","pointer":"/items/properties/tags/items/properties/id"}
    domain: "syntax"
    ignored: ["$id","examples"]
warning: the following keywords are unknown and will be ignored: [$id, examples]
    level: "warning"
    schema: {"loadingURI":"#","pointer":"/items/properties/tags/items/properties/name"}
    domain: "syntax"
    ignored: ["$id","examples"]
warning: the following keywords are unknown and will be ignored: [$id]
    level: "warning"
    schema: {"loadingURI":"#","pointer":"/items/properties/category"}
    domain: "syntax"
    ignored: ["$id"]
warning: the following keywords are unknown and will be ignored: [$id, examples]
    level: "warning"
    schema: {"loadingURI":"#","pointer":"/items/properties/category/properties/id"}
    domain: "syntax"
    ignored: ["$id","examples"]
warning: the following keywords are unknown and will be ignored: [$id, examples]
    level: "warning"
    schema: {"loadingURI":"#","pointer":"/items/properties/category/properties/name"}
    domain: "syntax"
    ignored: ["$id","examples"]
warning: the following keywords are unknown and will be ignored: [$id, examples]
    level: "warning"
    schema: {"loadingURI":"#","pointer":"/items/properties/category/properties/id"}
    domain: "syntax"
    ignored: ["$id","examples"]
warning: the following keywords are unknown and will be ignored: [$id, examples]
    level: "warning"
    schema: {"loadingURI":"#","pointer":"/items/properties/category/properties/name"}
    domain: "syntax"
    ignored: ["$id","examples"]
warning: the following keywords are unknown and will be ignored: [$id, examples]
    level: "warning"
    schema: {"loadingURI":"#","pointer":"/items/properties/id"}
    domain: "syntax"
    ignored: ["$id","examples"]
warning: the following keywords are unknown and will be ignored: [$id, examples]
    level: "warning"
    schema: {"loadingURI":"#","pointer":"/items/properties/name"}
    domain: "syntax"
    ignored: ["$id","examples"]
warning: the following keywords are unknown and will be ignored: [$id]
    level: "warning"
    schema: {"loadingURI":"#","pointer":"/items/properties/photoUrls"}
    domain: "syntax"
    ignored: ["$id"]
warning: the following keywords are unknown and will be ignored: [$id, examples]
    level: "warning"
    schema: {"loadingURI":"#","pointer":"/items/properties/photoUrls/items"}
    domain: "syntax"
    ignored: ["$id","examples"]
warning: the following keywords are unknown and will be ignored: [$id, examples]
    level: "warning"
    schema: {"loadingURI":"#","pointer":"/items/properties/photoUrls/items"}
    domain: "syntax"
    ignored: ["$id","examples"]
warning: the following keywords are unknown and will be ignored: [$id, examples]
    level: "warning"
    schema: {"loadingURI":"#","pointer":"/items/properties/status"}
    domain: "syntax"
    ignored: ["$id","examples"]
warning: the following keywords are unknown and will be ignored: [$id]
    level: "warning"
    schema: {"loadingURI":"#","pointer":"/items/properties/tags"}
    domain: "syntax"
    ignored: ["$id"]
warning: the following keywords are unknown and will be ignored: [$id]
    level: "warning"
    schema: {"loadingURI":"#","pointer":"/items/properties/tags/items"}
    domain: "syntax"
    ignored: ["$id"]
warning: the following keywords are unknown and will be ignored: [$id, examples]
    level: "warning"
    schema: {"loadingURI":"#","pointer":"/items/properties/tags/items/properties/id"}
    domain: "syntax"
    ignored: ["$id","examples"]
warning: the following keywords are unknown and will be ignored: [$id, examples]
    level: "warning"
    schema: {"loadingURI":"#","pointer":"/items/properties/tags/items/properties/name"}
    domain: "syntax"
    ignored: ["$id","examples"]
warning: the following keywords are unknown and will be ignored: [$id]
    level: "warning"
    schema: {"loadingURI":"#","pointer":"/items/properties/tags/items"}
    domain: "syntax"
    ignored: ["$id"]
warning: the following keywords are unknown and will be ignored: [$id, examples]
    level: "warning"
    schema: {"loadingURI":"#","pointer":"/items/properties/tags/items/properties/id"}
    domain: "syntax"
    ignored: ["$id","examples"]
warning: the following keywords are unknown and will be ignored: [$id, examples]
    level: "warning"
    schema: {"loadingURI":"#","pointer":"/items/properties/tags/items/properties/name"}
    domain: "syntax"
    ignored: ["$id","examples"]
warning: the following keywords are unknown and will be ignored: [$id, examples]
    level: "warning"
    schema: {"loadingURI":"#","pointer":"/items/properties/tags/items/properties/id"}
    domain: "syntax"
    ignored: ["$id","examples"]
warning: the following keywords are unknown and will be ignored: [$id, examples]
    level: "warning"
    schema: {"loadingURI":"#","pointer":"/items/properties/tags/items/properties/name"}
    domain: "syntax"
    ignored: ["$id","examples"]
warning: the following keywords are unknown and will be ignored: [$id]
    level: "warning"
    schema: {"loadingURI":"#","pointer":"/items"}
    domain: "syntax"
    ignored: ["$id"]
warning: the following keywords are unknown and will be ignored: [$id]
    level: "warning"
    schema: {"loadingURI":"#","pointer":"/items/properties/category"}
    domain: "syntax"
    ignored: ["$id"]
warning: the following keywords are unknown and will be ignored: [$id, examples]
    level: "warning"
    schema: {"loadingURI":"#","pointer":"/items/properties/category/properties/id"}
    domain: "syntax"
    ignored: ["$id","examples"]
warning: the following keywords are unknown and will be ignored: [$id, examples]
    level: "warning"
    schema: {"loadingURI":"#","pointer":"/items/properties/category/properties/name"}
    domain: "syntax"
    ignored: ["$id","examples"]
warning: the following keywords are unknown and will be ignored: [$id, examples]
    level: "warning"
    schema: {"loadingURI":"#","pointer":"/items/properties/id"}
    domain: "syntax"
    ignored: ["$id","examples"]
warning: the following keywords are unknown and will be ignored: [$id, examples]
    level: "warning"
    schema: {"loadingURI":"#","pointer":"/items/properties/name"}
    domain: "syntax"
    ignored: ["$id","examples"]
warning: the following keywords are unknown and will be ignored: [$id]
    level: "warning"
    schema: {"loadingURI":"#","pointer":"/items/properties/photoUrls"}
    domain: "syntax"
    ignored: ["$id"]
warning: the following keywords are unknown and will be ignored: [$id, examples]
    level: "warning"
    schema: {"loadingURI":"#","pointer":"/items/properties/photoUrls/items"}
    domain: "syntax"
    ignored: ["$id","examples"]
warning: the following keywords are unknown and will be ignored: [$id, examples]
    level: "warning"
    schema: {"loadingURI":"#","pointer":"/items/properties/status"}
    domain: "syntax"
    ignored: ["$id","examples"]
warning: the following keywords are unknown and will be ignored: [$id]
    level: "warning"
    schema: {"loadingURI":"#","pointer":"/items/properties/tags"}
    domain: "syntax"
    ignored: ["$id"]
warning: the following keywords are unknown and will be ignored: [$id]
    level: "warning"
    schema: {"loadingURI":"#","pointer":"/items/properties/tags/items"}
    domain: "syntax"
    ignored: ["$id"]
warning: the following keywords are unknown and will be ignored: [$id, examples]
    level: "warning"
    schema: {"loadingURI":"#","pointer":"/items/properties/tags/items/properties/id"}
    domain: "syntax"
    ignored: ["$id","examples"]
warning: the following keywords are unknown and will be ignored: [$id, examples]
    level: "warning"
    schema: {"loadingURI":"#","pointer":"/items/properties/tags/items/properties/name"}
    domain: "syntax"
    ignored: ["$id","examples"]
warning: the following keywords are unknown and will be ignored: [$id]
    level: "warning"
    schema: {"loadingURI":"#","pointer":"/items/properties/category"}
    domain: "syntax"
    ignored: ["$id"]
warning: the following keywords are unknown and will be ignored: [$id, examples]
    level: "warning"
    schema: {"loadingURI":"#","pointer":"/items/properties/category/properties/id"}
    domain: "syntax"
    ignored: ["$id","examples"]
warning: the following keywords are unknown and will be ignored: [$id, examples]
    level: "warning"
    schema: {"loadingURI":"#","pointer":"/items/properties/category/properties/name"}
    domain: "syntax"
    ignored: ["$id","examples"]
warning: the following keywords are unknown and will be ignored: [$id, examples]
    level: "warning"
    schema: {"loadingURI":"#","pointer":"/items/properties/category/properties/id"}
    domain: "syntax"
    ignored: ["$id","examples"]
warning: the following keywords are unknown and will be ignored: [$id, examples]
    level: "warning"
    schema: {"loadingURI":"#","pointer":"/items/properties/category/properties/name"}
    domain: "syntax"
    ignored: ["$id","examples"]
warning: the following keywords are unknown and will be ignored: [$id, examples]
    level: "warning"
    schema: {"loadingURI":"#","pointer":"/items/properties/id"}
    domain: "syntax"
    ignored: ["$id","examples"]
warning: the following keywords are unknown and will be ignored: [$id, examples]
    level: "warning"
    schema: {"loadingURI":"#","pointer":"/items/properties/name"}
    domain: "syntax"
    ignored: ["$id","examples"]
warning: the following keywords are unknown and will be ignored: [$id]
    level: "warning"
    schema: {"loadingURI":"#","pointer":"/items/properties/photoUrls"}
    domain: "syntax"
    ignored: ["$id"]
warning: the following keywords are unknown and will be ignored: [$id, examples]
    level: "warning"
    schema: {"loadingURI":"#","pointer":"/items/properties/photoUrls/items"}
    domain: "syntax"
    ignored: ["$id","examples"]
warning: the following keywords are unknown and will be ignored: [$id, examples]
    level: "warning"
    schema: {"loadingURI":"#","pointer":"/items/properties/photoUrls/items"}
    domain: "syntax"
    ignored: ["$id","examples"]
warning: the following keywords are unknown and will be ignored: [$id, examples]
    level: "warning"
    schema: {"loadingURI":"#","pointer":"/items/properties/status"}
    domain: "syntax"
    ignored: ["$id","examples"]
warning: the following keywords are unknown and will be ignored: [$id]
    level: "warning"
    schema: {"loadingURI":"#","pointer":"/items/properties/tags"}
    domain: "syntax"
    ignored: ["$id"]
warning: the following keywords are unknown and will be ignored: [$id]
    level: "warning"
    schema: {"loadingURI":"#","pointer":"/items/properties/tags/items"}
    domain: "syntax"
    ignored: ["$id"]
warning: the following keywords are unknown and will be ignored: [$id, examples]
    level: "warning"
    schema: {"loadingURI":"#","pointer":"/items/properties/tags/items/properties/id"}
    domain: "syntax"
    ignored: ["$id","examples"]
warning: the following keywords are unknown and will be ignored: [$id, examples]
    level: "warning"
    schema: {"loadingURI":"#","pointer":"/items/properties/tags/items/properties/name"}
    domain: "syntax"
    ignored: ["$id","examples"]
warning: the following keywords are unknown and will be ignored: [$id]
    level: "warning"
    schema: {"loadingURI":"#","pointer":"/items/properties/tags/items"}
    domain: "syntax"
    ignored: ["$id"]
warning: the following keywords are unknown and will be ignored: [$id, examples]
    level: "warning"
    schema: {"loadingURI":"#","pointer":"/items/properties/tags/items/properties/id"}
    domain: "syntax"
    ignored: ["$id","examples"]
warning: the following keywords are unknown and will be ignored: [$id, examples]
    level: "warning"
    schema: {"loadingURI":"#","pointer":"/items/properties/tags/items/properties/name"}
    domain: "syntax"
    ignored: ["$id","examples"]
warning: the following keywords are unknown and will be ignored: [$id, examples]
    level: "warning"
    schema: {"loadingURI":"#","pointer":"/items/properties/tags/items/properties/id"}
    domain: "syntax"
    ignored: ["$id","examples"]
warning: the following keywords are unknown and will be ignored: [$id, examples]
    level: "warning"
    schema: {"loadingURI":"#","pointer":"/items/properties/tags/items/properties/name"}
    domain: "syntax"
    ignored: ["$id","examples"]
warning: the following keywords are unknown and will be ignored: [$id]
    level: "warning"
    schema: {"loadingURI":"#","pointer":"/items"}
    domain: "syntax"
    ignored: ["$id"]
warning: the following keywords are unknown and will be ignored: [$id]
    level: "warning"
    schema: {"loadingURI":"#","pointer":"/items/properties/category"}
    domain: "syntax"
    ignored: ["$id"]
warning: the following keywords are unknown and will be ignored: [$id, examples]
    level: "warning"
    schema: {"loadingURI":"#","pointer":"/items/properties/category/properties/id"}
    domain: "syntax"
    ignored: ["$id","examples"]
warning: the following keywords are unknown and will be ignored: [$id, examples]
    level: "warning"
    schema: {"loadingURI":"#","pointer":"/items/properties/category/properties/name"}
    domain: "syntax"
    ignored: ["$id","examples"]
warning: the following keywords are unknown and will be ignored: [$id, examples]
    level: "warning"
    schema: {"loadingURI":"#","pointer":"/items/properties/id"}
    domain: "syntax"
    ignored: ["$id","examples"]
warning: the following keywords are unknown and will be ignored: [$id, examples]
    level: "warning"
    schema: {"loadingURI":"#","pointer":"/items/properties/name"}
    domain: "syntax"
    ignored: ["$id","examples"]
warning: the following keywords are unknown and will be ignored: [$id]
    level: "warning"
    schema: {"loadingURI":"#","pointer":"/items/properties/photoUrls"}
    domain: "syntax"
    ignored: ["$id"]
warning: the following keywords are unknown and will be ignored: [$id, examples]
    level: "warning"
    schema: {"loadingURI":"#","pointer":"/items/properties/photoUrls/items"}
    domain: "syntax"
    ignored: ["$id","examples"]
warning: the following keywords are unknown and will be ignored: [$id, examples]
    level: "warning"
    schema: {"loadingURI":"#","pointer":"/items/properties/status"}
    domain: "syntax"
    ignored: ["$id","examples"]
warning: the following keywords are unknown and will be ignored: [$id]
    level: "warning"
    schema: {"loadingURI":"#","pointer":"/items/properties/tags"}
    domain: "syntax"
    ignored: ["$id"]
warning: the following keywords are unknown and will be ignored: [$id]
    level: "warning"
    schema: {"loadingURI":"#","pointer":"/items/properties/tags/items"}
    domain: "syntax"
    ignored: ["$id"]
warning: the following keywords are unknown and will be ignored: [$id, examples]
    level: "warning"
    schema: {"loadingURI":"#","pointer":"/items/properties/tags/items/properties/id"}
    domain: "syntax"
    ignored: ["$id","examples"]
warning: the following keywords are unknown and will be ignored: [$id, examples]
    level: "warning"
    schema: {"loadingURI":"#","pointer":"/items/properties/tags/items/properties/name"}
    domain: "syntax"
    ignored: ["$id","examples"]
warning: the following keywords are unknown and will be ignored: [$id]
    level: "warning"
    schema: {"loadingURI":"#","pointer":"/items/properties/category"}
    domain: "syntax"
    ignored: ["$id"]
warning: the following keywords are unknown and will be ignored: [$id, examples]
    level: "warning"
    schema: {"loadingURI":"#","pointer":"/items/properties/category/properties/id"}
    domain: "syntax"
    ignored: ["$id","examples"]
warning: the following keywords are unknown and will be ignored: [$id, examples]
    level: "warning"
    schema: {"loadingURI":"#","pointer":"/items/properties/category/properties/name"}
    domain: "syntax"
    ignored: ["$id","examples"]
warning: the following keywords are unknown and will be ignored: [$id, examples]
    level: "warning"
    schema: {"loadingURI":"#","pointer":"/items/properties/category/properties/id"}
    domain: "syntax"
    ignored: ["$id","examples"]
warning: the following keywords are unknown and will be ignored: [$id, examples]
    level: "warning"
    schema: {"loadingURI":"#","pointer":"/items/properties/category/properties/name"}
    domain: "syntax"
    ignored: ["$id","examples"]
warning: the following keywords are unknown and will be ignored: [$id, examples]
    level: "warning"
    schema: {"loadingURI":"#","pointer":"/items/properties/id"}
    domain: "syntax"
    ignored: ["$id","examples"]
warning: the following keywords are unknown and will be ignored: [$id, examples]
    level: "warning"
    schema: {"loadingURI":"#","pointer":"/items/properties/name"}
    domain: "syntax"
    ignored: ["$id","examples"]
warning: the following keywords are unknown and will be ignored: [$id]
    level: "warning"
    schema: {"loadingURI":"#","pointer":"/items/properties/photoUrls"}
    domain: "syntax"
    ignored: ["$id"]
warning: the following keywords are unknown and will be ignored: [$id, examples]
    level: "warning"
    schema: {"loadingURI":"#","pointer":"/items/properties/photoUrls/items"}
    domain: "syntax"
    ignored: ["$id","examples"]
warning: the following keywords are unknown and will be ignored: [$id, examples]
    level: "warning"
    schema: {"loadingURI":"#","pointer":"/items/properties/status"}
    domain: "syntax"
    ignored: ["$id","examples"]
warning: the following keywords are unknown and will be ignored: [$id]
    level: "warning"
    schema: {"loadingURI":"#","pointer":"/items/properties/tags"}
    domain: "syntax"
    ignored: ["$id"]
warning: the following keywords are unknown and will be ignored: [$id]
    level: "warning"
    schema: {"loadingURI":"#","pointer":"/items/properties/tags/items"}
    domain: "syntax"
    ignored: ["$id"]
warning: the following keywords are unknown and will be ignored: [$id, examples]
    level: "warning"
    schema: {"loadingURI":"#","pointer":"/items/properties/tags/items/properties/id"}
    domain: "syntax"
    ignored: ["$id","examples"]
warning: the following keywords are unknown and will be ignored: [$id, examples]
    level: "warning"
    schema: {"loadingURI":"#","pointer":"/items/properties/tags/items/properties/name"}
    domain: "syntax"
    ignored: ["$id","examples"]
warning: the following keywords are unknown and will be ignored: [$id]
    level: "warning"
    schema: {"loadingURI":"#","pointer":"/items"}
    domain: "syntax"
    ignored: ["$id"]
warning: the following keywords are unknown and will be ignored: [$id]
    level: "warning"
    schema: {"loadingURI":"#","pointer":"/items/properties/category"}
    domain: "syntax"
    ignored: ["$id"]
warning: the following keywords are unknown and will be ignored: [$id, examples]
    level: "warning"
    schema: {"loadingURI":"#","pointer":"/items/properties/category/properties/id"}
    domain: "syntax"
    ignored: ["$id","examples"]
warning: the following keywords are unknown and will be ignored: [$id, examples]
    level: "warning"
    schema: {"loadingURI":"#","pointer":"/items/properties/category/properties/name"}
    domain: "syntax"
    ignored: ["$id","examples"]
warning: the following keywords are unknown and will be ignored: [$id, examples]
    level: "warning"
    schema: {"loadingURI":"#","pointer":"/items/properties/id"}
    domain: "syntax"
    ignored: ["$id","examples"]
warning: the following keywords are unknown and will be ignored: [$id, examples]
    level: "warning"
    schema: {"loadingURI":"#","pointer":"/items/properties/name"}
    domain: "syntax"
    ignored: ["$id","examples"]
warning: the following keywords are unknown and will be ignored: [$id]
    level: "warning"
    schema: {"loadingURI":"#","pointer":"/items/properties/photoUrls"}
    domain: "syntax"
    ignored: ["$id"]
warning: the following keywords are unknown and will be ignored: [$id, examples]
    level: "warning"
    schema: {"loadingURI":"#","pointer":"/items/properties/photoUrls/items"}
    domain: "syntax"
    ignored: ["$id","examples"]
warning: the following keywords are unknown and will be ignored: [$id, examples]
    level: "warning"
    schema: {"loadingURI":"#","pointer":"/items/properties/status"}
    domain: "syntax"
    ignored: ["$id","examples"]
warning: the following keywords are unknown and will be ignored: [$id]
    level: "warning"
    schema: {"loadingURI":"#","pointer":"/items/properties/tags"}
    domain: "syntax"
    ignored: ["$id"]
warning: the following keywords are unknown and will be ignored: [$id]
    level: "warning"
    schema: {"loadingURI":"#","pointer":"/items/properties/tags/items"}
    domain: "syntax"
    ignored: ["$id"]
warning: the following keywords are unknown and will be ignored: [$id, examples]
    level: "warning"
    schema: {"loadingURI":"#","pointer":"/items/properties/tags/items/properties/id"}
    domain: "syntax"
    ignored: ["$id","examples"]
warning: the following keywords are unknown and will be ignored: [$id, examples]
    level: "warning"
    schema: {"loadingURI":"#","pointer":"/items/properties/tags/items/properties/name"}
    domain: "syntax"
    ignored: ["$id","examples"]
warning: the following keywords are unknown and will be ignored: [$id]
    level: "warning"
    schema: {"loadingURI":"#","pointer":"/items/properties/category"}
    domain: "syntax"
    ignored: ["$id"]
warning: the following keywords are unknown and will be ignored: [$id, examples]
    level: "warning"
    schema: {"loadingURI":"#","pointer":"/items/properties/category/properties/id"}
    domain: "syntax"
    ignored: ["$id","examples"]
warning: the following keywords are unknown and will be ignored: [$id, examples]
    level: "warning"
    schema: {"loadingURI":"#","pointer":"/items/properties/category/properties/name"}
    domain: "syntax"
    ignored: ["$id","examples"]
warning: the following keywords are unknown and will be ignored: [$id, examples]
    level: "warning"
    schema: {"loadingURI":"#","pointer":"/items/properties/category/properties/id"}
    domain: "syntax"
    ignored: ["$id","examples"]
warning: the following keywords are unknown and will be ignored: [$id, examples]
    level: "warning"
    schema: {"loadingURI":"#","pointer":"/items/properties/category/properties/name"}
    domain: "syntax"
    ignored: ["$id","examples"]
warning: the following keywords are unknown and will be ignored: [$id, examples]
    level: "warning"
    schema: {"loadingURI":"#","pointer":"/items/properties/id"}
    domain: "syntax"
    ignored: ["$id","examples"]
warning: the following keywords are unknown and will be ignored: [$id, examples]
    level: "warning"
    schema: {"loadingURI":"#","pointer":"/items/properties/name"}
    domain: "syntax"
    ignored: ["$id","examples"]
warning: the following keywords are unknown and will be ignored: [$id]
    level: "warning"
    schema: {"loadingURI":"#","pointer":"/items/properties/photoUrls"}
    domain: "syntax"
    ignored: ["$id"]
warning: the following keywords are unknown and will be ignored: [$id, examples]
    level: "warning"
    schema: {"loadingURI":"#","pointer":"/items/properties/photoUrls/items"}
    domain: "syntax"
    ignored: ["$id","examples"]
warning: the following keywords are unknown and will be ignored: [$id, examples]
    level: "warning"
    schema: {"loadingURI":"#","pointer":"/items/properties/status"}
    domain: "syntax"
    ignored: ["$id","examples"]
warning: the following keywords are unknown and will be ignored: [$id]
    level: "warning"
    schema: {"loadingURI":"#","pointer":"/items/properties/tags"}
    domain: "syntax"
    ignored: ["$id"]
warning: the following keywords are unknown and will be ignored: [$id]
    level: "warning"
    schema: {"loadingURI":"#","pointer":"/items/properties/tags/items"}
    domain: "syntax"
    ignored: ["$id"]
warning: the following keywords are unknown and will be ignored: [$id, examples]
    level: "warning"
    schema: {"loadingURI":"#","pointer":"/items/properties/tags/items/properties/id"}
    domain: "syntax"
    ignored: ["$id","examples"]
warning: the following keywords are unknown and will be ignored: [$id, examples]
    level: "warning"
    schema: {"loadingURI":"#","pointer":"/items/properties/tags/items/properties/name"}
    domain: "syntax"
    ignored: ["$id","examples"]
warning: the following keywords are unknown and will be ignored: [$id]
    level: "warning"
    schema: {"loadingURI":"#","pointer":"/items"}
    domain: "syntax"
    ignored: ["$id"]
warning: the following keywords are unknown and will be ignored: [$id]
    level: "warning"
    schema: {"loadingURI":"#","pointer":"/items/properties/category"}
    domain: "syntax"
    ignored: ["$id"]
warning: the following keywords are unknown and will be ignored: [$id, examples]
    level: "warning"
    schema: {"loadingURI":"#","pointer":"/items/properties/category/properties/id"}
    domain: "syntax"
    ignored: ["$id","examples"]
warning: the following keywords are unknown and will be ignored: [$id, examples]
    level: "warning"
    schema: {"loadingURI":"#","pointer":"/items/properties/category/properties/name"}
    domain: "syntax"
    ignored: ["$id","examples"]
warning: the following keywords are unknown and will be ignored: [$id, examples]
    level: "warning"
    schema: {"loadingURI":"#","pointer":"/items/properties/id"}
    domain: "syntax"
    ignored: ["$id","examples"]
warning: the following keywords are unknown and will be ignored: [$id, examples]
    level: "warning"
    schema: {"loadingURI":"#","pointer":"/items/properties/name"}
    domain: "syntax"
    ignored: ["$id","examples"]
warning: the following keywords are unknown and will be ignored: [$id]
    level: "warning"
    schema: {"loadingURI":"#","pointer":"/items/properties/photoUrls"}
    domain: "syntax"
    ignored: ["$id"]
warning: the following keywords are unknown and will be ignored: [$id, examples]
    level: "warning"
    schema: {"loadingURI":"#","pointer":"/items/properties/photoUrls/items"}
    domain: "syntax"
    ignored: ["$id","examples"]
warning: the following keywords are unknown and will be ignored: [$id, examples]
    level: "warning"
    schema: {"loadingURI":"#","pointer":"/items/properties/status"}
    domain: "syntax"
    ignored: ["$id","examples"]
warning: the following keywords are unknown and will be ignored: [$id]
    level: "warning"
    schema: {"loadingURI":"#","pointer":"/items/properties/tags"}
    domain: "syntax"
    ignored: ["$id"]
warning: the following keywords are unknown and will be ignored: [$id]
    level: "warning"
    schema: {"loadingURI":"#","pointer":"/items/properties/tags/items"}
    domain: "syntax"
    ignored: ["$id"]
warning: the following keywords are unknown and will be ignored: [$id, examples]
    level: "warning"
    schema: {"loadingURI":"#","pointer":"/items/properties/tags/items/properties/id"}
    domain: "syntax"
    ignored: ["$id","examples"]
warning: the following keywords are unknown and will be ignored: [$id, examples]
    level: "warning"
    schema: {"loadingURI":"#","pointer":"/items/properties/tags/items/properties/name"}
    domain: "syntax"
    ignored: ["$id","examples"]
warning: the following keywords are unknown and will be ignored: [$id]
    level: "warning"
    schema: {"loadingURI":"#","pointer":"/items/properties/category"}
    domain: "syntax"
    ignored: ["$id"]
warning: the following keywords are unknown and will be ignored: [$id, examples]
    level: "warning"
    schema: {"loadingURI":"#","pointer":"/items/properties/category/properties/id"}
    domain: "syntax"
    ignored: ["$id","examples"]
warning: the following keywords are unknown and will be ignored: [$id, examples]
    level: "warning"
    schema: {"loadingURI":"#","pointer":"/items/properties/category/properties/name"}
    domain: "syntax"
    ignored: ["$id","examples"]
warning: the following keywords are unknown and will be ignored: [$id, examples]
    level: "warning"
    schema: {"loadingURI":"#","pointer":"/items/properties/category/properties/id"}
    domain: "syntax"
    ignored: ["$id","examples"]
warning: the following keywords are unknown and will be ignored: [$id, examples]
    level: "warning"
    schema: {"loadingURI":"#","pointer":"/items/properties/category/properties/name"}
    domain: "syntax"
    ignored: ["$id","examples"]
warning: the following keywords are unknown and will be ignored: [$id, examples]
    level: "warning"
    schema: {"loadingURI":"#","pointer":"/items/properties/id"}
    domain: "syntax"
    ignored: ["$id","examples"]
warning: the following keywords are unknown and will be ignored: [$id, examples]
    level: "warning"
    schema: {"loadingURI":"#","pointer":"/items/properties/name"}
    domain: "syntax"
    ignored: ["$id","examples"]
warning: the following keywords are unknown and will be ignored: [$id]
    level: "warning"
    schema: {"loadingURI":"#","pointer":"/items/properties/photoUrls"}
    domain: "syntax"
    ignored: ["$id"]
warning: the following keywords are unknown and will be ignored: [$id, examples]
    level: "warning"
    schema: {"loadingURI":"#","pointer":"/items/properties/photoUrls/items"}
    domain: "syntax"
    ignored: ["$id","examples"]
warning: the following keywords are unknown and will be ignored: [$id, examples]
    level: "warning"
    schema: {"loadingURI":"#","pointer":"/items/properties/photoUrls/items"}
    domain: "syntax"
    ignored: ["$id","examples"]
warning: the following keywords are unknown and will be ignored: [$id, examples]
    level: "warning"
    schema: {"loadingURI":"#","pointer":"/items/properties/status"}
    domain: "syntax"
    ignored: ["$id","examples"]
warning: the following keywords are unknown and will be ignored: [$id]
    level: "warning"
    schema: {"loadingURI":"#","pointer":"/items/properties/tags"}
    domain: "syntax"
    ignored: ["$id"]
warning: the following keywords are unknown and will be ignored: [$id]
    level: "warning"
    schema: {"loadingURI":"#","pointer":"/items/properties/tags/items"}
    domain: "syntax"
    ignored: ["$id"]
warning: the following keywords are unknown and will be ignored: [$id, examples]
    level: "warning"
    schema: {"loadingURI":"#","pointer":"/items/properties/tags/items/properties/id"}
    domain: "syntax"
    ignored: ["$id","examples"]
warning: the following keywords are unknown and will be ignored: [$id, examples]
    level: "warning"
    schema: {"loadingURI":"#","pointer":"/items/properties/tags/items/properties/name"}
    domain: "syntax"
    ignored: ["$id","examples"]
warning: the following keywords are unknown and will be ignored: [$id]
    level: "warning"
    schema: {"loadingURI":"#","pointer":"/items/properties/tags/items"}
    domain: "syntax"
    ignored: ["$id"]
warning: the following keywords are unknown and will be ignored: [$id, examples]
    level: "warning"
    schema: {"loadingURI":"#","pointer":"/items/properties/tags/items/properties/id"}
    domain: "syntax"
    ignored: ["$id","examples"]
warning: the following keywords are unknown and will be ignored: [$id, examples]
    level: "warning"
    schema: {"loadingURI":"#","pointer":"/items/properties/tags/items/properties/name"}
    domain: "syntax"
    ignored: ["$id","examples"]
warning: the following keywords are unknown and will be ignored: [$id, examples]
    level: "warning"
    schema: {"loadingURI":"#","pointer":"/items/properties/tags/items/properties/id"}
    domain: "syntax"
    ignored: ["$id","examples"]
warning: the following keywords are unknown and will be ignored: [$id, examples]
    level: "warning"
    schema: {"loadingURI":"#","pointer":"/items/properties/tags/items/properties/name"}
    domain: "syntax"
    ignored: ["$id","examples"]
warning: the following keywords are unknown and will be ignored: [$id]
    level: "warning"
    schema: {"loadingURI":"#","pointer":"/items"}
    domain: "syntax"
    ignored: ["$id"]
warning: the following keywords are unknown and will be ignored: [$id]
    level: "warning"
    schema: {"loadingURI":"#","pointer":"/items/properties/category"}
    domain: "syntax"
    ignored: ["$id"]
warning: the following keywords are unknown and will be ignored: [$id, examples]
    level: "warning"
    schema: {"loadingURI":"#","pointer":"/items/properties/category/properties/id"}
    domain: "syntax"
    ignored: ["$id","examples"]
warning: the following keywords are unknown and will be ignored: [$id, examples]
    level: "warning"
    schema: {"loadingURI":"#","pointer":"/items/properties/category/properties/name"}
    domain: "syntax"
    ignored: ["$id","examples"]
warning: the following keywords are unknown and will be ignored: [$id, examples]
    level: "warning"
    schema: {"loadingURI":"#","pointer":"/items/properties/id"}
    domain: "syntax"
    ignored: ["$id","examples"]
warning: the following keywords are unknown and will be ignored: [$id, examples]
    level: "warning"
    schema: {"loadingURI":"#","pointer":"/items/properties/name"}
    domain: "syntax"
    ignored: ["$id","examples"]
warning: the following keywords are unknown and will be ignored: [$id]
    level: "warning"
    schema: {"loadingURI":"#","pointer":"/items/properties/photoUrls"}
    domain: "syntax"
    ignored: ["$id"]
warning: the following keywords are unknown and will be ignored: [$id, examples]
    level: "warning"
    schema: {"loadingURI":"#","pointer":"/items/properties/photoUrls/items"}
    domain: "syntax"
    ignored: ["$id","examples"]
warning: the following keywords are unknown and will be ignored: [$id, examples]
    level: "warning"
    schema: {"loadingURI":"#","pointer":"/items/properties/status"}
    domain: "syntax"
    ignored: ["$id","examples"]
warning: the following keywords are unknown and will be ignored: [$id]
    level: "warning"
    schema: {"loadingURI":"#","pointer":"/items/properties/tags"}
    domain: "syntax"
    ignored: ["$id"]
warning: the following keywords are unknown and will be ignored: [$id]
    level: "warning"
    schema: {"loadingURI":"#","pointer":"/items/properties/tags/items"}
    domain: "syntax"
    ignored: ["$id"]
warning: the following keywords are unknown and will be ignored: [$id, examples]
    level: "warning"
    schema: {"loadingURI":"#","pointer":"/items/properties/tags/items/properties/id"}
    domain: "syntax"
    ignored: ["$id","examples"]
warning: the following keywords are unknown and will be ignored: [$id, examples]
    level: "warning"
    schema: {"loadingURI":"#","pointer":"/items/properties/tags/items/properties/name"}
    domain: "syntax"
    ignored: ["$id","examples"]
warning: the following keywords are unknown and will be ignored: [$id]
    level: "warning"
    schema: {"loadingURI":"#","pointer":"/items/properties/category"}
    domain: "syntax"
    ignored: ["$id"]
warning: the following keywords are unknown and will be ignored: [$id, examples]
    level: "warning"
    schema: {"loadingURI":"#","pointer":"/items/properties/category/properties/id"}
    domain: "syntax"
    ignored: ["$id","examples"]
warning: the following keywords are unknown and will be ignored: [$id, examples]
    level: "warning"
    schema: {"loadingURI":"#","pointer":"/items/properties/category/properties/name"}
    domain: "syntax"
    ignored: ["$id","examples"]
warning: the following keywords are unknown and will be ignored: [$id, examples]
    level: "warning"
    schema: {"loadingURI":"#","pointer":"/items/properties/category/properties/id"}
    domain: "syntax"
    ignored: ["$id","examples"]
warning: the following keywords are unknown and will be ignored: [$id, examples]
    level: "warning"
    schema: {"loadingURI":"#","pointer":"/items/properties/category/properties/name"}
    domain: "syntax"
    ignored: ["$id","examples"]
warning: the following keywords are unknown and will be ignored: [$id, examples]
    level: "warning"
    schema: {"loadingURI":"#","pointer":"/items/properties/id"}
    domain: "syntax"
    ignored: ["$id","examples"]
warning: the following keywords are unknown and will be ignored: [$id, examples]
    level: "warning"
    schema: {"loadingURI":"#","pointer":"/items/properties/name"}
    domain: "syntax"
    ignored: ["$id","examples"]
warning: the following keywords are unknown and will be ignored: [$id]
    level: "warning"
    schema: {"loadingURI":"#","pointer":"/items/properties/photoUrls"}
    domain: "syntax"
    ignored: ["$id"]
warning: the following keywords are unknown and will be ignored: [$id, examples]
    level: "warning"
    schema: {"loadingURI":"#","pointer":"/items/properties/photoUrls/items"}
    domain: "syntax"
    ignored: ["$id","examples"]
warning: the following keywords are unknown and will be ignored: [$id, examples]
    level: "warning"
    schema: {"loadingURI":"#","pointer":"/items/properties/photoUrls/items"}
    domain: "syntax"
    ignored: ["$id","examples"]
warning: the following keywords are unknown and will be ignored: [$id, examples]
    level: "warning"
    schema: {"loadingURI":"#","pointer":"/items/properties/status"}
    domain: "syntax"
    ignored: ["$id","examples"]
warning: the following keywords are unknown and will be ignored: [$id]
    level: "warning"
    schema: {"loadingURI":"#","pointer":"/items/properties/tags"}
    domain: "syntax"
    ignored: ["$id"]
warning: the following keywords are unknown and will be ignored: [$id]
    level: "warning"
    schema: {"loadingURI":"#","pointer":"/items/properties/tags/items"}
    domain: "syntax"
    ignored: ["$id"]
warning: the following keywords are unknown and will be ignored: [$id, examples]
    level: "warning"
    schema: {"loadingURI":"#","pointer":"/items/properties/tags/items/properties/id"}
    domain: "syntax"
    ignored: ["$id","examples"]
warning: the following keywords are unknown and will be ignored: [$id, examples]
    level: "warning"
    schema: {"loadingURI":"#","pointer":"/items/properties/tags/items/properties/name"}
    domain: "syntax"
    ignored: ["$id","examples"]
warning: the following keywords are unknown and will be ignored: [$id]
    level: "warning"
    schema: {"loadingURI":"#","pointer":"/items/properties/tags/items"}
    domain: "syntax"
    ignored: ["$id"]
warning: the following keywords are unknown and will be ignored: [$id, examples]
    level: "warning"
    schema: {"loadingURI":"#","pointer":"/items/properties/tags/items/properties/id"}
    domain: "syntax"
    ignored: ["$id","examples"]
warning: the following keywords are unknown and will be ignored: [$id, examples]
    level: "warning"
    schema: {"loadingURI":"#","pointer":"/items/properties/tags/items/properties/name"}
    domain: "syntax"
    ignored: ["$id","examples"]
warning: the following keywords are unknown and will be ignored: [$id, examples]
    level: "warning"
    schema: {"loadingURI":"#","pointer":"/items/properties/tags/items/properties/id"}
    domain: "syntax"
    ignored: ["$id","examples"]
warning: the following keywords are unknown and will be ignored: [$id, examples]
    level: "warning"
    schema: {"loadingURI":"#","pointer":"/items/properties/tags/items/properties/name"}
    domain: "syntax"
    ignored: ["$id","examples"]
warning: the following keywords are unknown and will be ignored: [$id]
    level: "warning"
    schema: {"loadingURI":"#","pointer":"/items"}
    domain: "syntax"
    ignored: ["$id"]
warning: the following keywords are unknown and will be ignored: [$id]
    level: "warning"
    schema: {"loadingURI":"#","pointer":"/items/properties/category"}
    domain: "syntax"
    ignored: ["$id"]
warning: the following keywords are unknown and will be ignored: [$id, examples]
    level: "warning"
    schema: {"loadingURI":"#","pointer":"/items/properties/category/properties/id"}
    domain: "syntax"
    ignored: ["$id","examples"]
warning: the following keywords are unknown and will be ignored: [$id, examples]
    level: "warning"
    schema: {"loadingURI":"#","pointer":"/items/properties/category/properties/name"}
    domain: "syntax"
    ignored: ["$id","examples"]
warning: the following keywords are unknown and will be ignored: [$id, examples]
    level: "warning"
    schema: {"loadingURI":"#","pointer":"/items/properties/id"}
    domain: "syntax"
    ignored: ["$id","examples"]
warning: the following keywords are unknown and will be ignored: [$id, examples]
    level: "warning"
    schema: {"loadingURI":"#","pointer":"/items/properties/name"}
    domain: "syntax"
    ignored: ["$id","examples"]
warning: the following keywords are unknown and will be ignored: [$id]
    level: "warning"
    schema: {"loadingURI":"#","pointer":"/items/properties/photoUrls"}
    domain: "syntax"
    ignored: ["$id"]
warning: the following keywords are unknown and will be ignored: [$id, examples]
    level: "warning"
    schema: {"loadingURI":"#","pointer":"/items/properties/photoUrls/items"}
    domain: "syntax"
    ignored: ["$id","examples"]
warning: the following keywords are unknown and will be ignored: [$id, examples]
    level: "warning"
    schema: {"loadingURI":"#","pointer":"/items/properties/status"}
    domain: "syntax"
    ignored: ["$id","examples"]
warning: the following keywords are unknown and will be ignored: [$id]
    level: "warning"
    schema: {"loadingURI":"#","pointer":"/items/properties/tags"}
    domain: "syntax"
    ignored: ["$id"]
warning: the following keywords are unknown and will be ignored: [$id]
    level: "warning"
    schema: {"loadingURI":"#","pointer":"/items/properties/tags/items"}
    domain: "syntax"
    ignored: ["$id"]
warning: the following keywords are unknown and will be ignored: [$id, examples]
    level: "warning"
    schema: {"loadingURI":"#","pointer":"/items/properties/tags/items/properties/id"}
    domain: "syntax"
    ignored: ["$id","examples"]
warning: the following keywords are unknown and will be ignored: [$id, examples]
    level: "warning"
    schema: {"loadingURI":"#","pointer":"/items/properties/tags/items/properties/name"}
    domain: "syntax"
    ignored: ["$id","examples"]
warning: the following keywords are unknown and will be ignored: [$id]
    level: "warning"
    schema: {"loadingURI":"#","pointer":"/items/properties/category"}
    domain: "syntax"
    ignored: ["$id"]
warning: the following keywords are unknown and will be ignored: [$id, examples]
    level: "warning"
    schema: {"loadingURI":"#","pointer":"/items/properties/category/properties/id"}
    domain: "syntax"
    ignored: ["$id","examples"]
warning: the following keywords are unknown and will be ignored: [$id, examples]
    level: "warning"
    schema: {"loadingURI":"#","pointer":"/items/properties/category/properties/name"}
    domain: "syntax"
    ignored: ["$id","examples"]
warning: the following keywords are unknown and will be ignored: [$id, examples]
    level: "warning"
    schema: {"loadingURI":"#","pointer":"/items/properties/category/properties/id"}
    domain: "syntax"
    ignored: ["$id","examples"]
warning: the following keywords are unknown and will be ignored: [$id, examples]
    level: "warning"
    schema: {"loadingURI":"#","pointer":"/items/properties/category/properties/name"}
    domain: "syntax"
    ignored: ["$id","examples"]
warning: the following keywords are unknown and will be ignored: [$id, examples]
    level: "warning"
    schema: {"loadingURI":"#","pointer":"/items/properties/id"}
    domain: "syntax"
    ignored: ["$id","examples"]
warning: the following keywords are unknown and will be ignored: [$id, examples]
    level: "warning"
    schema: {"loadingURI":"#","pointer":"/items/properties/name"}
    domain: "syntax"
    ignored: ["$id","examples"]
warning: the following keywords are unknown and will be ignored: [$id]
    level: "warning"
    schema: {"loadingURI":"#","pointer":"/items/properties/photoUrls"}
    domain: "syntax"
    ignored: ["$id"]
warning: the following keywords are unknown and will be ignored: [$id, examples]
    level: "warning"
    schema: {"loadingURI":"#","pointer":"/items/properties/photoUrls/items"}
    domain: "syntax"
    ignored: ["$id","examples"]
warning: the following keywords are unknown and will be ignored: [$id, examples]
    level: "warning"
    schema: {"loadingURI":"#","pointer":"/items/properties/photoUrls/items"}
    domain: "syntax"
    ignored: ["$id","examples"]
warning: the following keywords are unknown and will be ignored: [$id, examples]
    level: "warning"
    schema: {"loadingURI":"#","pointer":"/items/properties/status"}
    domain: "syntax"
    ignored: ["$id","examples"]
warning: the following keywords are unknown and will be ignored: [$id]
    level: "warning"
    schema: {"loadingURI":"#","pointer":"/items/properties/tags"}
    domain: "syntax"
    ignored: ["$id"]
warning: the following keywords are unknown and will be ignored: [$id]
    level: "warning"
    schema: {"loadingURI":"#","pointer":"/items/properties/tags/items"}
    domain: "syntax"
    ignored: ["$id"]
warning: the following keywords are unknown and will be ignored: [$id, examples]
    level: "warning"
    schema: {"loadingURI":"#","pointer":"/items/properties/tags/items/properties/id"}
    domain: "syntax"
    ignored: ["$id","examples"]
warning: the following keywords are unknown and will be ignored: [$id, examples]
    level: "warning"
    schema: {"loadingURI":"#","pointer":"/items/properties/tags/items/properties/name"}
    domain: "syntax"
    ignored: ["$id","examples"]
warning: the following keywords are unknown and will be ignored: [$id]
    level: "warning"
    schema: {"loadingURI":"#","pointer":"/items/properties/tags/items"}
    domain: "syntax"
    ignored: ["$id"]
warning: the following keywords are unknown and will be ignored: [$id, examples]
    level: "warning"
    schema: {"loadingURI":"#","pointer":"/items/properties/tags/items/properties/id"}
    domain: "syntax"
    ignored: ["$id","examples"]
warning: the following keywords are unknown and will be ignored: [$id, examples]
    level: "warning"
    schema: {"loadingURI":"#","pointer":"/items/properties/tags/items/properties/name"}
    domain: "syntax"
    ignored: ["$id","examples"]
warning: the following keywords are unknown and will be ignored: [$id, examples]
    level: "warning"
    schema: {"loadingURI":"#","pointer":"/items/properties/tags/items/properties/id"}
    domain: "syntax"
    ignored: ["$id","examples"]
warning: the following keywords are unknown and will be ignored: [$id, examples]
    level: "warning"
    schema: {"loadingURI":"#","pointer":"/items/properties/tags/items/properties/name"}
    domain: "syntax"
    ignored: ["$id","examples"]
warning: the following keywords are unknown and will be ignored: [$id]
    level: "warning"
    schema: {"loadingURI":"#","pointer":"/items"}
    domain: "syntax"
    ignored: ["$id"]
warning: the following keywords are unknown and will be ignored: [$id]
    level: "warning"
    schema: {"loadingURI":"#","pointer":"/items/properties/category"}
    domain: "syntax"
    ignored: ["$id"]
warning: the following keywords are unknown and will be ignored: [$id, examples]
    level: "warning"
    schema: {"loadingURI":"#","pointer":"/items/properties/category/properties/id"}
    domain: "syntax"
    ignored: ["$id","examples"]
warning: the following keywords are unknown and will be ignored: [$id, examples]
    level: "warning"
    schema: {"loadingURI":"#","pointer":"/items/properties/category/properties/name"}
    domain: "syntax"
    ignored: ["$id","examples"]
warning: the following keywords are unknown and will be ignored: [$id, examples]
    level: "warning"
    schema: {"loadingURI":"#","pointer":"/items/properties/id"}
    domain: "syntax"
    ignored: ["$id","examples"]
warning: the following keywords are unknown and will be ignored: [$id, examples]
    level: "warning"
    schema: {"loadingURI":"#","pointer":"/items/properties/name"}
    domain: "syntax"
    ignored: ["$id","examples"]
warning: the following keywords are unknown and will be ignored: [$id]
    level: "warning"
    schema: {"loadingURI":"#","pointer":"/items/properties/photoUrls"}
    domain: "syntax"
    ignored: ["$id"]
warning: the following keywords are unknown and will be ignored: [$id, examples]
    level: "warning"
    schema: {"loadingURI":"#","pointer":"/items/properties/photoUrls/items"}
    domain: "syntax"
    ignored: ["$id","examples"]
warning: the following keywords are unknown and will be ignored: [$id, examples]
    level: "warning"
    schema: {"loadingURI":"#","pointer":"/items/properties/status"}
    domain: "syntax"
    ignored: ["$id","examples"]
warning: the following keywords are unknown and will be ignored: [$id]
    level: "warning"
    schema: {"loadingURI":"#","pointer":"/items/properties/tags"}
    domain: "syntax"
    ignored: ["$id"]
warning: the following keywords are unknown and will be ignored: [$id]
    level: "warning"
    schema: {"loadingURI":"#","pointer":"/items/properties/tags/items"}
    domain: "syntax"
    ignored: ["$id"]
warning: the following keywords are unknown and will be ignored: [$id, examples]
    level: "warning"
    schema: {"loadingURI":"#","pointer":"/items/properties/tags/items/properties/id"}
    domain: "syntax"
    ignored: ["$id","examples"]
warning: the following keywords are unknown and will be ignored: [$id, examples]
    level: "warning"
    schema: {"loadingURI":"#","pointer":"/items/properties/tags/items/properties/name"}
    domain: "syntax"
    ignored: ["$id","examples"]
warning: the following keywords are unknown and will be ignored: [$id]
    level: "warning"
    schema: {"loadingURI":"#","pointer":"/items/properties/category"}
    domain: "syntax"
    ignored: ["$id"]
warning: the following keywords are unknown and will be ignored: [$id, examples]
    level: "warning"
    schema: {"loadingURI":"#","pointer":"/items/properties/category/properties/id"}
    domain: "syntax"
    ignored: ["$id","examples"]
warning: the following keywords are unknown and will be ignored: [$id, examples]
    level: "warning"
    schema: {"loadingURI":"#","pointer":"/items/properties/category/properties/name"}
    domain: "syntax"
    ignored: ["$id","examples"]
warning: the following keywords are unknown and will be ignored: [$id, examples]
    level: "warning"
    schema: {"loadingURI":"#","pointer":"/items/properties/category/properties/id"}
    domain: "syntax"
    ignored: ["$id","examples"]
warning: the following keywords are unknown and will be ignored: [$id, examples]
    level: "warning"
    schema: {"loadingURI":"#","pointer":"/items/properties/category/properties/name"}
    domain: "syntax"
    ignored: ["$id","examples"]
warning: the following keywords are unknown and will be ignored: [$id, examples]
    level: "warning"
    schema: {"loadingURI":"#","pointer":"/items/properties/id"}
    domain: "syntax"
    ignored: ["$id","examples"]
warning: the following keywords are unknown and will be ignored: [$id, examples]
    level: "warning"
    schema: {"loadingURI":"#","pointer":"/items/properties/name"}
    domain: "syntax"
    ignored: ["$id","examples"]
warning: the following keywords are unknown and will be ignored: [$id]
    level: "warning"
    schema: {"loadingURI":"#","pointer":"/items/properties/photoUrls"}
    domain: "syntax"
    ignored: ["$id"]
warning: the following keywords are unknown and will be ignored: [$id, examples]
    level: "warning"
    schema: {"loadingURI":"#","pointer":"/items/properties/photoUrls/items"}
    domain: "syntax"
    ignored: ["$id","examples"]
warning: the following keywords are unknown and will be ignored: [$id, examples]
    level: "warning"
    schema: {"loadingURI":"#","pointer":"/items/properties/photoUrls/items"}
    domain: "syntax"
    ignored: ["$id","examples"]
warning: the following keywords are unknown and will be ignored: [$id, examples]
    level: "warning"
    schema: {"loadingURI":"#","pointer":"/items/properties/status"}
    domain: "syntax"
    ignored: ["$id","examples"]
warning: the following keywords are unknown and will be ignored: [$id]
    level: "warning"
    schema: {"loadingURI":"#","pointer":"/items/properties/tags"}
    domain: "syntax"
    ignored: ["$id"]
warning: the following keywords are unknown and will be ignored: [$id]
    level: "warning"
    schema: {"loadingURI":"#","pointer":"/items/properties/tags/items"}
    domain: "syntax"
    ignored: ["$id"]
warning: the following keywords are unknown and will be ignored: [$id, examples]
    level: "warning"
    schema: {"loadingURI":"#","pointer":"/items/properties/tags/items/properties/id"}
    domain: "syntax"
    ignored: ["$id","examples"]
warning: the following keywords are unknown and will be ignored: [$id, examples]
    level: "warning"
    schema: {"loadingURI":"#","pointer":"/items/properties/tags/items/properties/name"}
    domain: "syntax"
    ignored: ["$id","examples"]
warning: the following keywords are unknown and will be ignored: [$id]
    level: "warning"
    schema: {"loadingURI":"#","pointer":"/items/properties/tags/items"}
    domain: "syntax"
    ignored: ["$id"]
warning: the following keywords are unknown and will be ignored: [$id, examples]
    level: "warning"
    schema: {"loadingURI":"#","pointer":"/items/properties/tags/items/properties/id"}
    domain: "syntax"
    ignored: ["$id","examples"]
warning: the following keywords are unknown and will be ignored: [$id, examples]
    level: "warning"
    schema: {"loadingURI":"#","pointer":"/items/properties/tags/items/properties/name"}
    domain: "syntax"
    ignored: ["$id","examples"]
warning: the following keywords are unknown and will be ignored: [$id, examples]
    level: "warning"
    schema: {"loadingURI":"#","pointer":"/items/properties/tags/items/properties/id"}
    domain: "syntax"
    ignored: ["$id","examples"]
warning: the following keywords are unknown and will be ignored: [$id, examples]
    level: "warning"
    schema: {"loadingURI":"#","pointer":"/items/properties/tags/items/properties/name"}
    domain: "syntax"
    ignored: ["$id","examples"]
warning: the following keywords are unknown and will be ignored: [$id]
    level: "warning"
    schema: {"loadingURI":"#","pointer":"/items"}
    domain: "syntax"
    ignored: ["$id"]
warning: the following keywords are unknown and will be ignored: [$id]
    level: "warning"
    schema: {"loadingURI":"#","pointer":"/items/properties/category"}
    domain: "syntax"
    ignored: ["$id"]
warning: the following keywords are unknown and will be ignored: [$id, examples]
    level: "warning"
    schema: {"loadingURI":"#","pointer":"/items/properties/category/properties/id"}
    domain: "syntax"
    ignored: ["$id","examples"]
warning: the following keywords are unknown and will be ignored: [$id, examples]
    level: "warning"
    schema: {"loadingURI":"#","pointer":"/items/properties/category/properties/name"}
    domain: "syntax"
    ignored: ["$id","examples"]
warning: the following keywords are unknown and will be ignored: [$id, examples]
    level: "warning"
    schema: {"loadingURI":"#","pointer":"/items/properties/id"}
    domain: "syntax"
    ignored: ["$id","examples"]
warning: the following keywords are unknown and will be ignored: [$id, examples]
    level: "warning"
    schema: {"loadingURI":"#","pointer":"/items/properties/name"}
    domain: "syntax"
    ignored: ["$id","examples"]
warning: the following keywords are unknown and will be ignored: [$id]
    level: "warning"
    schema: {"loadingURI":"#","pointer":"/items/properties/photoUrls"}
    domain: "syntax"
    ignored: ["$id"]
warning: the following keywords are unknown and will be ignored: [$id, examples]
    level: "warning"
    schema: {"loadingURI":"#","pointer":"/items/properties/photoUrls/items"}
    domain: "syntax"
    ignored: ["$id","examples"]
warning: the following keywords are unknown and will be ignored: [$id, examples]
    level: "warning"
    schema: {"loadingURI":"#","pointer":"/items/properties/status"}
    domain: "syntax"
    ignored: ["$id","examples"]
warning: the following keywords are unknown and will be ignored: [$id]
    level: "warning"
    schema: {"loadingURI":"#","pointer":"/items/properties/tags"}
    domain: "syntax"
    ignored: ["$id"]
warning: the following keywords are unknown and will be ignored: [$id]
    level: "warning"
    schema: {"loadingURI":"#","pointer":"/items/properties/tags/items"}
    domain: "syntax"
    ignored: ["$id"]
warning: the following keywords are unknown and will be ignored: [$id, examples]
    level: "warning"
    schema: {"loadingURI":"#","pointer":"/items/properties/tags/items/properties/id"}
    domain: "syntax"
    ignored: ["$id","examples"]
warning: the following keywords are unknown and will be ignored: [$id, examples]
    level: "warning"
    schema: {"loadingURI":"#","pointer":"/items/properties/tags/items/properties/name"}
    domain: "syntax"
    ignored: ["$id","examples"]
warning: the following keywords are unknown and will be ignored: [$id]
    level: "warning"
    schema: {"loadingURI":"#","pointer":"/items/properties/category"}
    domain: "syntax"
    ignored: ["$id"]
warning: the following keywords are unknown and will be ignored: [$id, examples]
    level: "warning"
    schema: {"loadingURI":"#","pointer":"/items/properties/category/properties/id"}
    domain: "syntax"
    ignored: ["$id","examples"]
warning: the following keywords are unknown and will be ignored: [$id, examples]
    level: "warning"
    schema: {"loadingURI":"#","pointer":"/items/properties/category/properties/name"}
    domain: "syntax"
    ignored: ["$id","examples"]
warning: the following keywords are unknown and will be ignored: [$id, examples]
    level: "warning"
    schema: {"loadingURI":"#","pointer":"/items/properties/category/properties/id"}
    domain: "syntax"
    ignored: ["$id","examples"]
warning: the following keywords are unknown and will be ignored: [$id, examples]
    level: "warning"
    schema: {"loadingURI":"#","pointer":"/items/properties/category/properties/name"}
    domain: "syntax"
    ignored: ["$id","examples"]
warning: the following keywords are unknown and will be ignored: [$id, examples]
    level: "warning"
    schema: {"loadingURI":"#","pointer":"/items/properties/id"}
    domain: "syntax"
    ignored: ["$id","examples"]
warning: the following keywords are unknown and will be ignored: [$id, examples]
    level: "warning"
    schema: {"loadingURI":"#","pointer":"/items/properties/name"}
    domain: "syntax"
    ignored: ["$id","examples"]
warning: the following keywords are unknown and will be ignored: [$id]
    level: "warning"
    schema: {"loadingURI":"#","pointer":"/items/properties/photoUrls"}
    domain: "syntax"
    ignored: ["$id"]
warning: the following keywords are unknown and will be ignored: [$id, examples]
    level: "warning"
    schema: {"loadingURI":"#","pointer":"/items/properties/photoUrls/items"}
    domain: "syntax"
    ignored: ["$id","examples"]
warning: the following keywords are unknown and will be ignored: [$id, examples]
    level: "warning"
    schema: {"loadingURI":"#","pointer":"/items/properties/photoUrls/items"}
    domain: "syntax"
    ignored: ["$id","examples"]
warning: the following keywords are unknown and will be ignored: [$id, examples]
    level: "warning"
    schema: {"loadingURI":"#","pointer":"/items/properties/status"}
    domain: "syntax"
    ignored: ["$id","examples"]
warning: the following keywords are unknown and will be ignored: [$id]
    level: "warning"
    schema: {"loadingURI":"#","pointer":"/items/properties/tags"}
    domain: "syntax"
    ignored: ["$id"]
warning: the following keywords are unknown and will be ignored: [$id]
    level: "warning"
    schema: {"loadingURI":"#","pointer":"/items/properties/tags/items"}
    domain: "syntax"
    ignored: ["$id"]
warning: the following keywords are unknown and will be ignored: [$id, examples]
    level: "warning"
    schema: {"loadingURI":"#","pointer":"/items/properties/tags/items/properties/id"}
    domain: "syntax"
    ignored: ["$id","examples"]
warning: the following keywords are unknown and will be ignored: [$id, examples]
    level: "warning"
    schema: {"loadingURI":"#","pointer":"/items/properties/tags/items/properties/name"}
    domain: "syntax"
    ignored: ["$id","examples"]
warning: the following keywords are unknown and will be ignored: [$id]
    level: "warning"
    schema: {"loadingURI":"#","pointer":"/items/properties/tags/items"}
    domain: "syntax"
    ignored: ["$id"]
warning: the following keywords are unknown and will be ignored: [$id, examples]
    level: "warning"
    schema: {"loadingURI":"#","pointer":"/items/properties/tags/items/properties/id"}
    domain: "syntax"
    ignored: ["$id","examples"]
warning: the following keywords are unknown and will be ignored: [$id, examples]
    level: "warning"
    schema: {"loadingURI":"#","pointer":"/items/properties/tags/items/properties/name"}
    domain: "syntax"
    ignored: ["$id","examples"]
warning: the following keywords are unknown and will be ignored: [$id, examples]
    level: "warning"
    schema: {"loadingURI":"#","pointer":"/items/properties/tags/items/properties/id"}
    domain: "syntax"
    ignored: ["$id","examples"]
warning: the following keywords are unknown and will be ignored: [$id, examples]
    level: "warning"
    schema: {"loadingURI":"#","pointer":"/items/properties/tags/items/properties/name"}
    domain: "syntax"
    ignored: ["$id","examples"]
warning: the following keywords are unknown and will be ignored: [$id]
    level: "warning"
    schema: {"loadingURI":"#","pointer":"/items"}
    domain: "syntax"
    ignored: ["$id"]
warning: the following keywords are unknown and will be ignored: [$id]
    level: "warning"
    schema: {"loadingURI":"#","pointer":"/items/properties/category"}
    domain: "syntax"
    ignored: ["$id"]
warning: the following keywords are unknown and will be ignored: [$id, examples]
    level: "warning"
    schema: {"loadingURI":"#","pointer":"/items/properties/category/properties/id"}
    domain: "syntax"
    ignored: ["$id","examples"]
warning: the following keywords are unknown and will be ignored: [$id, examples]
    level: "warning"
    schema: {"loadingURI":"#","pointer":"/items/properties/category/properties/name"}
    domain: "syntax"
    ignored: ["$id","examples"]
warning: the following keywords are unknown and will be ignored: [$id, examples]
    level: "warning"
    schema: {"loadingURI":"#","pointer":"/items/properties/id"}
    domain: "syntax"
    ignored: ["$id","examples"]
warning: the following keywords are unknown and will be ignored: [$id, examples]
    level: "warning"
    schema: {"loadingURI":"#","pointer":"/items/properties/name"}
    domain: "syntax"
    ignored: ["$id","examples"]
warning: the following keywords are unknown and will be ignored: [$id]
    level: "warning"
    schema: {"loadingURI":"#","pointer":"/items/properties/photoUrls"}
    domain: "syntax"
    ignored: ["$id"]
warning: the following keywords are unknown and will be ignored: [$id, examples]
    level: "warning"
    schema: {"loadingURI":"#","pointer":"/items/properties/photoUrls/items"}
    domain: "syntax"
    ignored: ["$id","examples"]
warning: the following keywords are unknown and will be ignored: [$id, examples]
    level: "warning"
    schema: {"loadingURI":"#","pointer":"/items/properties/status"}
    domain: "syntax"
    ignored: ["$id","examples"]
warning: the following keywords are unknown and will be ignored: [$id]
    level: "warning"
    schema: {"loadingURI":"#","pointer":"/items/properties/tags"}
    domain: "syntax"
    ignored: ["$id"]
warning: the following keywords are unknown and will be ignored: [$id]
    level: "warning"
    schema: {"loadingURI":"#","pointer":"/items/properties/tags/items"}
    domain: "syntax"
    ignored: ["$id"]
warning: the following keywords are unknown and will be ignored: [$id, examples]
    level: "warning"
    schema: {"loadingURI":"#","pointer":"/items/properties/tags/items/properties/id"}
    domain: "syntax"
    ignored: ["$id","examples"]
warning: the following keywords are unknown and will be ignored: [$id, examples]
    level: "warning"
    schema: {"loadingURI":"#","pointer":"/items/properties/tags/items/properties/name"}
    domain: "syntax"
    ignored: ["$id","examples"]
warning: the following keywords are unknown and will be ignored: [$id]
    level: "warning"
    schema: {"loadingURI":"#","pointer":"/items/properties/category"}
    domain: "syntax"
    ignored: ["$id"]
warning: the following keywords are unknown and will be ignored: [$id, examples]
    level: "warning"
    schema: {"loadingURI":"#","pointer":"/items/properties/category/properties/id"}
    domain: "syntax"
    ignored: ["$id","examples"]
warning: the following keywords are unknown and will be ignored: [$id, examples]
    level: "warning"
    schema: {"loadingURI":"#","pointer":"/items/properties/category/properties/name"}
    domain: "syntax"
    ignored: ["$id","examples"]
warning: the following keywords are unknown and will be ignored: [$id, examples]
    level: "warning"
    schema: {"loadingURI":"#","pointer":"/items/properties/category/properties/id"}
    domain: "syntax"
    ignored: ["$id","examples"]
warning: the following keywords are unknown and will be ignored: [$id, examples]
    level: "warning"
    schema: {"loadingURI":"#","pointer":"/items/properties/category/properties/name"}
    domain: "syntax"
    ignored: ["$id","examples"]
warning: the following keywords are unknown and will be ignored: [$id, examples]
    level: "warning"
    schema: {"loadingURI":"#","pointer":"/items/properties/id"}
    domain: "syntax"
    ignored: ["$id","examples"]
warning: the following keywords are unknown and will be ignored: [$id, examples]
    level: "warning"
    schema: {"loadingURI":"#","pointer":"/items/properties/name"}
    domain: "syntax"
    ignored: ["$id","examples"]
warning: the following keywords are unknown and will be ignored: [$id]
    level: "warning"
    schema: {"loadingURI":"#","pointer":"/items/properties/photoUrls"}
    domain: "syntax"
    ignored: ["$id"]
warning: the following keywords are unknown and will be ignored: [$id, examples]
    level: "warning"
    schema: {"loadingURI":"#","pointer":"/items/properties/photoUrls/items"}
    domain: "syntax"
    ignored: ["$id","examples"]
warning: the following keywords are unknown and will be ignored: [$id, examples]
    level: "warning"
    schema: {"loadingURI":"#","pointer":"/items/properties/photoUrls/items"}
    domain: "syntax"
    ignored: ["$id","examples"]
warning: the following keywords are unknown and will be ignored: [$id, examples]
    level: "warning"
    schema: {"loadingURI":"#","pointer":"/items/properties/status"}
    domain: "syntax"
    ignored: ["$id","examples"]
warning: the following keywords are unknown and will be ignored: [$id]
    level: "warning"
    schema: {"loadingURI":"#","pointer":"/items/properties/tags"}
    domain: "syntax"
    ignored: ["$id"]
warning: the following keywords are unknown and will be ignored: [$id]
    level: "warning"
    schema: {"loadingURI":"#","pointer":"/items/properties/tags/items"}
    domain: "syntax"
    ignored: ["$id"]
warning: the following keywords are unknown and will be ignored: [$id, examples]
    level: "warning"
    schema: {"loadingURI":"#","pointer":"/items/properties/tags/items/properties/id"}
    domain: "syntax"
    ignored: ["$id","examples"]
warning: the following keywords are unknown and will be ignored: [$id, examples]
    level: "warning"
    schema: {"loadingURI":"#","pointer":"/items/properties/tags/items/properties/name"}
    domain: "syntax"
    ignored: ["$id","examples"]
warning: the following keywords are unknown and will be ignored: [$id]
    level: "warning"
    schema: {"loadingURI":"#","pointer":"/items/properties/tags/items"}
    domain: "syntax"
    ignored: ["$id"]
warning: the following keywords are unknown and will be ignored: [$id, examples]
    level: "warning"
    schema: {"loadingURI":"#","pointer":"/items/properties/tags/items/properties/id"}
    domain: "syntax"
    ignored: ["$id","examples"]
warning: the following keywords are unknown and will be ignored: [$id, examples]
    level: "warning"
    schema: {"loadingURI":"#","pointer":"/items/properties/tags/items/properties/name"}
    domain: "syntax"
    ignored: ["$id","examples"]
warning: the following keywords are unknown and will be ignored: [$id, examples]
    level: "warning"
    schema: {"loadingURI":"#","pointer":"/items/properties/tags/items/properties/id"}
    domain: "syntax"
    ignored: ["$id","examples"]
warning: the following keywords are unknown and will be ignored: [$id, examples]
    level: "warning"
    schema: {"loadingURI":"#","pointer":"/items/properties/tags/items/properties/name"}
    domain: "syntax"
    ignored: ["$id","examples"]
warning: the following keywords are unknown and will be ignored: [$id]
    level: "warning"
    schema: {"loadingURI":"#","pointer":"/items"}
    domain: "syntax"
    ignored: ["$id"]
warning: the following keywords are unknown and will be ignored: [$id]
    level: "warning"
    schema: {"loadingURI":"#","pointer":"/items/properties/category"}
    domain: "syntax"
    ignored: ["$id"]
warning: the following keywords are unknown and will be ignored: [$id, examples]
    level: "warning"
    schema: {"loadingURI":"#","pointer":"/items/properties/category/properties/id"}
    domain: "syntax"
    ignored: ["$id","examples"]
warning: the following keywords are unknown and will be ignored: [$id, examples]
    level: "warning"
    schema: {"loadingURI":"#","pointer":"/items/properties/category/properties/name"}
    domain: "syntax"
    ignored: ["$id","examples"]
warning: the following keywords are unknown and will be ignored: [$id, examples]
    level: "warning"
    schema: {"loadingURI":"#","pointer":"/items/properties/id"}
    domain: "syntax"
    ignored: ["$id","examples"]
warning: the following keywords are unknown and will be ignored: [$id, examples]
    level: "warning"
    schema: {"loadingURI":"#","pointer":"/items/properties/name"}
    domain: "syntax"
    ignored: ["$id","examples"]
warning: the following keywords are unknown and will be ignored: [$id]
    level: "warning"
    schema: {"loadingURI":"#","pointer":"/items/properties/photoUrls"}
    domain: "syntax"
    ignored: ["$id"]
warning: the following keywords are unknown and will be ignored: [$id, examples]
    level: "warning"
    schema: {"loadingURI":"#","pointer":"/items/properties/photoUrls/items"}
    domain: "syntax"
    ignored: ["$id","examples"]
warning: the following keywords are unknown and will be ignored: [$id, examples]
    level: "warning"
    schema: {"loadingURI":"#","pointer":"/items/properties/status"}
    domain: "syntax"
    ignored: ["$id","examples"]
warning: the following keywords are unknown and will be ignored: [$id]
    level: "warning"
    schema: {"loadingURI":"#","pointer":"/items/properties/tags"}
    domain: "syntax"
    ignored: ["$id"]
warning: the following keywords are unknown and will be ignored: [$id]
    level: "warning"
    schema: {"loadingURI":"#","pointer":"/items/properties/tags/items"}
    domain: "syntax"
    ignored: ["$id"]
warning: the following keywords are unknown and will be ignored: [$id, examples]
    level: "warning"
    schema: {"loadingURI":"#","pointer":"/items/properties/tags/items/properties/id"}
    domain: "syntax"
    ignored: ["$id","examples"]
warning: the following keywords are unknown and will be ignored: [$id, examples]
    level: "warning"
    schema: {"loadingURI":"#","pointer":"/items/properties/tags/items/properties/name"}
    domain: "syntax"
    ignored: ["$id","examples"]
warning: the following keywords are unknown and will be ignored: [$id]
    level: "warning"
    schema: {"loadingURI":"#","pointer":"/items/properties/category"}
    domain: "syntax"
    ignored: ["$id"]
warning: the following keywords are unknown and will be ignored: [$id, examples]
    level: "warning"
    schema: {"loadingURI":"#","pointer":"/items/properties/category/properties/id"}
    domain: "syntax"
    ignored: ["$id","examples"]
warning: the following keywords are unknown and will be ignored: [$id, examples]
    level: "warning"
    schema: {"loadingURI":"#","pointer":"/items/properties/category/properties/name"}
    domain: "syntax"
    ignored: ["$id","examples"]
warning: the following keywords are unknown and will be ignored: [$id, examples]
    level: "warning"
    schema: {"loadingURI":"#","pointer":"/items/properties/category/properties/id"}
    domain: "syntax"
    ignored: ["$id","examples"]
warning: the following keywords are unknown and will be ignored: [$id, examples]
    level: "warning"
    schema: {"loadingURI":"#","pointer":"/items/properties/category/properties/name"}
    domain: "syntax"
    ignored: ["$id","examples"]
warning: the following keywords are unknown and will be ignored: [$id, examples]
    level: "warning"
    schema: {"loadingURI":"#","pointer":"/items/properties/id"}
    domain: "syntax"
    ignored: ["$id","examples"]
warning: the following keywords are unknown and will be ignored: [$id, examples]
    level: "warning"
    schema: {"loadingURI":"#","pointer":"/items/properties/name"}
    domain: "syntax"
    ignored: ["$id","examples"]
warning: the following keywords are unknown and will be ignored: [$id]
    level: "warning"
    schema: {"loadingURI":"#","pointer":"/items/properties/photoUrls"}
    domain: "syntax"
    ignored: ["$id"]
warning: the following keywords are unknown and will be ignored: [$id, examples]
    level: "warning"
    schema: {"loadingURI":"#","pointer":"/items/properties/photoUrls/items"}
    domain: "syntax"
    ignored: ["$id","examples"]
warning: the following keywords are unknown and will be ignored: [$id, examples]
    level: "warning"
    schema: {"loadingURI":"#","pointer":"/items/properties/photoUrls/items"}
    domain: "syntax"
    ignored: ["$id","examples"]
warning: the following keywords are unknown and will be ignored: [$id, examples]
    level: "warning"
    schema: {"loadingURI":"#","pointer":"/items/properties/status"}
    domain: "syntax"
    ignored: ["$id","examples"]
warning: the following keywords are unknown and will be ignored: [$id]
    level: "warning"
    schema: {"loadingURI":"#","pointer":"/items/properties/tags"}
    domain: "syntax"
    ignored: ["$id"]
warning: the following keywords are unknown and will be ignored: [$id]
    level: "warning"
    schema: {"loadingURI":"#","pointer":"/items/properties/tags/items"}
    domain: "syntax"
    ignored: ["$id"]
warning: the following keywords are unknown and will be ignored: [$id, examples]
    level: "warning"
    schema: {"loadingURI":"#","pointer":"/items/properties/tags/items/properties/id"}
    domain: "syntax"
    ignored: ["$id","examples"]
warning: the following keywords are unknown and will be ignored: [$id, examples]
    level: "warning"
    schema: {"loadingURI":"#","pointer":"/items/properties/tags/items/properties/name"}
    domain: "syntax"
    ignored: ["$id","examples"]
warning: the following keywords are unknown and will be ignored: [$id]
    level: "warning"
    schema: {"loadingURI":"#","pointer":"/items/properties/tags/items"}
    domain: "syntax"
    ignored: ["$id"]
warning: the following keywords are unknown and will be ignored: [$id, examples]
    level: "warning"
    schema: {"loadingURI":"#","pointer":"/items/properties/tags/items/properties/id"}
    domain: "syntax"
    ignored: ["$id","examples"]
warning: the following keywords are unknown and will be ignored: [$id, examples]
    level: "warning"
    schema: {"loadingURI":"#","pointer":"/items/properties/tags/items/properties/name"}
    domain: "syntax"
    ignored: ["$id","examples"]
warning: the following keywords are unknown and will be ignored: [$id, examples]
    level: "warning"
    schema: {"loadingURI":"#","pointer":"/items/properties/tags/items/properties/id"}
    domain: "syntax"
    ignored: ["$id","examples"]
warning: the following keywords are unknown and will be ignored: [$id, examples]
    level: "warning"
    schema: {"loadingURI":"#","pointer":"/items/properties/tags/items/properties/name"}
    domain: "syntax"
    ignored: ["$id","examples"]
warning: the following keywords are unknown and will be ignored: [$id]
    level: "warning"
    schema: {"loadingURI":"#","pointer":"/items"}
    domain: "syntax"
    ignored: ["$id"]
warning: the following keywords are unknown and will be ignored: [$id]
    level: "warning"
    schema: {"loadingURI":"#","pointer":"/items/properties/category"}
    domain: "syntax"
    ignored: ["$id"]
warning: the following keywords are unknown and will be ignored: [$id, examples]
    level: "warning"
    schema: {"loadingURI":"#","pointer":"/items/properties/category/properties/id"}
    domain: "syntax"
    ignored: ["$id","examples"]
warning: the following keywords are unknown and will be ignored: [$id, examples]
    level: "warning"
    schema: {"loadingURI":"#","pointer":"/items/properties/category/properties/name"}
    domain: "syntax"
    ignored: ["$id","examples"]
warning: the following keywords are unknown and will be ignored: [$id, examples]
    level: "warning"
    schema: {"loadingURI":"#","pointer":"/items/properties/id"}
    domain: "syntax"
    ignored: ["$id","examples"]
warning: the following keywords are unknown and will be ignored: [$id, examples]
    level: "warning"
    schema: {"loadingURI":"#","pointer":"/items/properties/name"}
    domain: "syntax"
    ignored: ["$id","examples"]
warning: the following keywords are unknown and will be ignored: [$id]
    level: "warning"
    schema: {"loadingURI":"#","pointer":"/items/properties/photoUrls"}
    domain: "syntax"
    ignored: ["$id"]
warning: the following keywords are unknown and will be ignored: [$id, examples]
    level: "warning"
    schema: {"loadingURI":"#","pointer":"/items/properties/photoUrls/items"}
    domain: "syntax"
    ignored: ["$id","examples"]
warning: the following keywords are unknown and will be ignored: [$id, examples]
    level: "warning"
    schema: {"loadingURI":"#","pointer":"/items/properties/status"}
    domain: "syntax"
    ignored: ["$id","examples"]
warning: the following keywords are unknown and will be ignored: [$id]
    level: "warning"
    schema: {"loadingURI":"#","pointer":"/items/properties/tags"}
    domain: "syntax"
    ignored: ["$id"]
warning: the following keywords are unknown and will be ignored: [$id]
    level: "warning"
    schema: {"loadingURI":"#","pointer":"/items/properties/tags/items"}
    domain: "syntax"
    ignored: ["$id"]
warning: the following keywords are unknown and will be ignored: [$id, examples]
    level: "warning"
    schema: {"loadingURI":"#","pointer":"/items/properties/tags/items/properties/id"}
    domain: "syntax"
    ignored: ["$id","examples"]
warning: the following keywords are unknown and will be ignored: [$id, examples]
    level: "warning"
    schema: {"loadingURI":"#","pointer":"/items/properties/tags/items/properties/name"}
    domain: "syntax"
    ignored: ["$id","examples"]
warning: the following keywords are unknown and will be ignored: [$id]
    level: "warning"
    schema: {"loadingURI":"#","pointer":"/items/properties/category"}
    domain: "syntax"
    ignored: ["$id"]
warning: the following keywords are unknown and will be ignored: [$id, examples]
    level: "warning"
    schema: {"loadingURI":"#","pointer":"/items/properties/category/properties/id"}
    domain: "syntax"
    ignored: ["$id","examples"]
warning: the following keywords are unknown and will be ignored: [$id, examples]
    level: "warning"
    schema: {"loadingURI":"#","pointer":"/items/properties/category/properties/name"}
    domain: "syntax"
    ignored: ["$id","examples"]
warning: the following keywords are unknown and will be ignored: [$id, examples]
    level: "warning"
    schema: {"loadingURI":"#","pointer":"/items/properties/category/properties/id"}
    domain: "syntax"
    ignored: ["$id","examples"]
warning: the following keywords are unknown and will be ignored: [$id, examples]
    level: "warning"
    schema: {"loadingURI":"#","pointer":"/items/properties/category/properties/name"}
    domain: "syntax"
    ignored: ["$id","examples"]
warning: the following keywords are unknown and will be ignored: [$id, examples]
    level: "warning"
    schema: {"loadingURI":"#","pointer":"/items/properties/id"}
    domain: "syntax"
    ignored: ["$id","examples"]
warning: the following keywords are unknown and will be ignored: [$id, examples]
    level: "warning"
    schema: {"loadingURI":"#","pointer":"/items/properties/name"}
    domain: "syntax"
    ignored: ["$id","examples"]
warning: the following keywords are unknown and will be ignored: [$id]
    level: "warning"
    schema: {"loadingURI":"#","pointer":"/items/properties/photoUrls"}
    domain: "syntax"
    ignored: ["$id"]
warning: the following keywords are unknown and will be ignored: [$id, examples]
    level: "warning"
    schema: {"loadingURI":"#","pointer":"/items/properties/photoUrls/items"}
    domain: "syntax"
    ignored: ["$id","examples"]
warning: the following keywords are unknown and will be ignored: [$id, examples]
    level: "warning"
    schema: {"loadingURI":"#","pointer":"/items/properties/photoUrls/items"}
    domain: "syntax"
    ignored: ["$id","examples"]
warning: the following keywords are unknown and will be ignored: [$id, examples]
    level: "warning"
    schema: {"loadingURI":"#","pointer":"/items/properties/status"}
    domain: "syntax"
    ignored: ["$id","examples"]
warning: the following keywords are unknown and will be ignored: [$id]
    level: "warning"
    schema: {"loadingURI":"#","pointer":"/items/properties/tags"}
    domain: "syntax"
    ignored: ["$id"]
warning: the following keywords are unknown and will be ignored: [$id]
    level: "warning"
    schema: {"loadingURI":"#","pointer":"/items/properties/tags/items"}
    domain: "syntax"
    ignored: ["$id"]
warning: the following keywords are unknown and will be ignored: [$id, examples]
    level: "warning"
    schema: {"loadingURI":"#","pointer":"/items/properties/tags/items/properties/id"}
    domain: "syntax"
    ignored: ["$id","examples"]
warning: the following keywords are unknown and will be ignored: [$id, examples]
    level: "warning"
    schema: {"loadingURI":"#","pointer":"/items/properties/tags/items/properties/name"}
    domain: "syntax"
    ignored: ["$id","examples"]
warning: the following keywords are unknown and will be ignored: [$id]
    level: "warning"
    schema: {"loadingURI":"#","pointer":"/items/properties/tags/items"}
    domain: "syntax"
    ignored: ["$id"]
warning: the following keywords are unknown and will be ignored: [$id, examples]
    level: "warning"
    schema: {"loadingURI":"#","pointer":"/items/properties/tags/items/properties/id"}
    domain: "syntax"
    ignored: ["$id","examples"]
warning: the following keywords are unknown and will be ignored: [$id, examples]
    level: "warning"
    schema: {"loadingURI":"#","pointer":"/items/properties/tags/items/properties/name"}
    domain: "syntax"
    ignored: ["$id","examples"]
warning: the following keywords are unknown and will be ignored: [$id, examples]
    level: "warning"
    schema: {"loadingURI":"#","pointer":"/items/properties/tags/items/properties/id"}
    domain: "syntax"
    ignored: ["$id","examples"]
warning: the following keywords are unknown and will be ignored: [$id, examples]
    level: "warning"
    schema: {"loadingURI":"#","pointer":"/items/properties/tags/items/properties/name"}
    domain: "syntax"
    ignored: ["$id","examples"]
warning: the following keywords are unknown and will be ignored: [$id]
    level: "warning"
    schema: {"loadingURI":"#","pointer":"/items"}
    domain: "syntax"
    ignored: ["$id"]
warning: the following keywords are unknown and will be ignored: [$id]
    level: "warning"
    schema: {"loadingURI":"#","pointer":"/items/properties/category"}
    domain: "syntax"
    ignored: ["$id"]
warning: the following keywords are unknown and will be ignored: [$id, examples]
    level: "warning"
    schema: {"loadingURI":"#","pointer":"/items/properties/category/properties/id"}
    domain: "syntax"
    ignored: ["$id","examples"]
warning: the following keywords are unknown and will be ignored: [$id, examples]
    level: "warning"
    schema: {"loadingURI":"#","pointer":"/items/properties/category/properties/name"}
    domain: "syntax"
    ignored: ["$id","examples"]
warning: the following keywords are unknown and will be ignored: [$id, examples]
    level: "warning"
    schema: {"loadingURI":"#","pointer":"/items/properties/id"}
    domain: "syntax"
    ignored: ["$id","examples"]
warning: the following keywords are unknown and will be ignored: [$id, examples]
    level: "warning"
    schema: {"loadingURI":"#","pointer":"/items/properties/name"}
    domain: "syntax"
    ignored: ["$id","examples"]
warning: the following keywords are unknown and will be ignored: [$id]
    level: "warning"
    schema: {"loadingURI":"#","pointer":"/items/properties/photoUrls"}
    domain: "syntax"
    ignored: ["$id"]
warning: the following keywords are unknown and will be ignored: [$id, examples]
    level: "warning"
    schema: {"loadingURI":"#","pointer":"/items/properties/photoUrls/items"}
    domain: "syntax"
    ignored: ["$id","examples"]
warning: the following keywords are unknown and will be ignored: [$id, examples]
    level: "warning"
    schema: {"loadingURI":"#","pointer":"/items/properties/status"}
    domain: "syntax"
    ignored: ["$id","examples"]
warning: the following keywords are unknown and will be ignored: [$id]
    level: "warning"
    schema: {"loadingURI":"#","pointer":"/items/properties/tags"}
    domain: "syntax"
    ignored: ["$id"]
warning: the following keywords are unknown and will be ignored: [$id]
    level: "warning"
    schema: {"loadingURI":"#","pointer":"/items/properties/tags/items"}
    domain: "syntax"
    ignored: ["$id"]
warning: the following keywords are unknown and will be ignored: [$id, examples]
    level: "warning"
    schema: {"loadingURI":"#","pointer":"/items/properties/tags/items/properties/id"}
    domain: "syntax"
    ignored: ["$id","examples"]
warning: the following keywords are unknown and will be ignored: [$id, examples]
    level: "warning"
    schema: {"loadingURI":"#","pointer":"/items/properties/tags/items/properties/name"}
    domain: "syntax"
    ignored: ["$id","examples"]
warning: the following keywords are unknown and will be ignored: [$id]
    level: "warning"
    schema: {"loadingURI":"#","pointer":"/items/properties/category"}
    domain: "syntax"
    ignored: ["$id"]
warning: the following keywords are unknown and will be ignored: [$id, examples]
    level: "warning"
    schema: {"loadingURI":"#","pointer":"/items/properties/category/properties/id"}
    domain: "syntax"
    ignored: ["$id","examples"]
warning: the following keywords are unknown and will be ignored: [$id, examples]
    level: "warning"
    schema: {"loadingURI":"#","pointer":"/items/properties/category/properties/name"}
    domain: "syntax"
    ignored: ["$id","examples"]
warning: the following keywords are unknown and will be ignored: [$id, examples]
    level: "warning"
    schema: {"loadingURI":"#","pointer":"/items/properties/category/properties/id"}
    domain: "syntax"
    ignored: ["$id","examples"]
warning: the following keywords are unknown and will be ignored: [$id, examples]
    level: "warning"
    schema: {"loadingURI":"#","pointer":"/items/properties/category/properties/name"}
    domain: "syntax"
    ignored: ["$id","examples"]
warning: the following keywords are unknown and will be ignored: [$id, examples]
    level: "warning"
    schema: {"loadingURI":"#","pointer":"/items/properties/id"}
    domain: "syntax"
    ignored: ["$id","examples"]
warning: the following keywords are unknown and will be ignored: [$id, examples]
    level: "warning"
    schema: {"loadingURI":"#","pointer":"/items/properties/name"}
    domain: "syntax"
    ignored: ["$id","examples"]
warning: the following keywords are unknown and will be ignored: [$id]
    level: "warning"
    schema: {"loadingURI":"#","pointer":"/items/properties/photoUrls"}
    domain: "syntax"
    ignored: ["$id"]
warning: the following keywords are unknown and will be ignored: [$id, examples]
    level: "warning"
    schema: {"loadingURI":"#","pointer":"/items/properties/photoUrls/items"}
    domain: "syntax"
    ignored: ["$id","examples"]
warning: the following keywords are unknown and will be ignored: [$id, examples]
    level: "warning"
    schema: {"loadingURI":"#","pointer":"/items/properties/photoUrls/items"}
    domain: "syntax"
    ignored: ["$id","examples"]
warning: the following keywords are unknown and will be ignored: [$id, examples]
    level: "warning"
    schema: {"loadingURI":"#","pointer":"/items/properties/status"}
    domain: "syntax"
    ignored: ["$id","examples"]
warning: the following keywords are unknown and will be ignored: [$id]
    level: "warning"
    schema: {"loadingURI":"#","pointer":"/items/properties/tags"}
    domain: "syntax"
    ignored: ["$id"]
warning: the following keywords are unknown and will be ignored: [$id]
    level: "warning"
    schema: {"loadingURI":"#","pointer":"/items/properties/tags/items"}
    domain: "syntax"
    ignored: ["$id"]
warning: the following keywords are unknown and will be ignored: [$id, examples]
    level: "warning"
    schema: {"loadingURI":"#","pointer":"/items/properties/tags/items/properties/id"}
    domain: "syntax"
    ignored: ["$id","examples"]
warning: the following keywords are unknown and will be ignored: [$id, examples]
    level: "warning"
    schema: {"loadingURI":"#","pointer":"/items/properties/tags/items/properties/name"}
    domain: "syntax"
    ignored: ["$id","examples"]
warning: the following keywords are unknown and will be ignored: [$id]
    level: "warning"
    schema: {"loadingURI":"#","pointer":"/items/properties/tags/items"}
    domain: "syntax"
    ignored: ["$id"]
warning: the following keywords are unknown and will be ignored: [$id, examples]
    level: "warning"
    schema: {"loadingURI":"#","pointer":"/items/properties/tags/items/properties/id"}
    domain: "syntax"
    ignored: ["$id","examples"]
warning: the following keywords are unknown and will be ignored: [$id, examples]
    level: "warning"
    schema: {"loadingURI":"#","pointer":"/items/properties/tags/items/properties/name"}
    domain: "syntax"
    ignored: ["$id","examples"]
warning: the following keywords are unknown and will be ignored: [$id, examples]
    level: "warning"
    schema: {"loadingURI":"#","pointer":"/items/properties/tags/items/properties/id"}
    domain: "syntax"
    ignored: ["$id","examples"]
warning: the following keywords are unknown and will be ignored: [$id, examples]
    level: "warning"
    schema: {"loadingURI":"#","pointer":"/items/properties/tags/items/properties/name"}
    domain: "syntax"
    ignored: ["$id","examples"]
warning: the following keywords are unknown and will be ignored: [$id]
    level: "warning"
    schema: {"loadingURI":"#","pointer":"/items"}
    domain: "syntax"
    ignored: ["$id"]
warning: the following keywords are unknown and will be ignored: [$id]
    level: "warning"
    schema: {"loadingURI":"#","pointer":"/items/properties/category"}
    domain: "syntax"
    ignored: ["$id"]
warning: the following keywords are unknown and will be ignored: [$id, examples]
    level: "warning"
    schema: {"loadingURI":"#","pointer":"/items/properties/category/properties/id"}
    domain: "syntax"
    ignored: ["$id","examples"]
warning: the following keywords are unknown and will be ignored: [$id, examples]
    level: "warning"
    schema: {"loadingURI":"#","pointer":"/items/properties/category/properties/name"}
    domain: "syntax"
    ignored: ["$id","examples"]
warning: the following keywords are unknown and will be ignored: [$id, examples]
    level: "warning"
    schema: {"loadingURI":"#","pointer":"/items/properties/id"}
    domain: "syntax"
    ignored: ["$id","examples"]
warning: the following keywords are unknown and will be ignored: [$id, examples]
    level: "warning"
    schema: {"loadingURI":"#","pointer":"/items/properties/name"}
    domain: "syntax"
    ignored: ["$id","examples"]
warning: the following keywords are unknown and will be ignored: [$id]
    level: "warning"
    schema: {"loadingURI":"#","pointer":"/items/properties/photoUrls"}
    domain: "syntax"
    ignored: ["$id"]
warning: the following keywords are unknown and will be ignored: [$id, examples]
    level: "warning"
    schema: {"loadingURI":"#","pointer":"/items/properties/photoUrls/items"}
    domain: "syntax"
    ignored: ["$id","examples"]
warning: the following keywords are unknown and will be ignored: [$id, examples]
    level: "warning"
    schema: {"loadingURI":"#","pointer":"/items/properties/status"}
    domain: "syntax"
    ignored: ["$id","examples"]
warning: the following keywords are unknown and will be ignored: [$id]
    level: "warning"
    schema: {"loadingURI":"#","pointer":"/items/properties/tags"}
    domain: "syntax"
    ignored: ["$id"]
warning: the following keywords are unknown and will be ignored: [$id]
    level: "warning"
    schema: {"loadingURI":"#","pointer":"/items/properties/tags/items"}
    domain: "syntax"
    ignored: ["$id"]
warning: the following keywords are unknown and will be ignored: [$id, examples]
    level: "warning"
    schema: {"loadingURI":"#","pointer":"/items/properties/tags/items/properties/id"}
    domain: "syntax"
    ignored: ["$id","examples"]
warning: the following keywords are unknown and will be ignored: [$id, examples]
    level: "warning"
    schema: {"loadingURI":"#","pointer":"/items/properties/tags/items/properties/name"}
    domain: "syntax"
    ignored: ["$id","examples"]
warning: the following keywords are unknown and will be ignored: [$id]
    level: "warning"
    schema: {"loadingURI":"#","pointer":"/items/properties/category"}
    domain: "syntax"
    ignored: ["$id"]
warning: the following keywords are unknown and will be ignored: [$id, examples]
    level: "warning"
    schema: {"loadingURI":"#","pointer":"/items/properties/category/properties/id"}
    domain: "syntax"
    ignored: ["$id","examples"]
warning: the following keywords are unknown and will be ignored: [$id, examples]
    level: "warning"
    schema: {"loadingURI":"#","pointer":"/items/properties/category/properties/name"}
    domain: "syntax"
    ignored: ["$id","examples"]
warning: the following keywords are unknown and will be ignored: [$id, examples]
    level: "warning"
    schema: {"loadingURI":"#","pointer":"/items/properties/category/properties/id"}
    domain: "syntax"
    ignored: ["$id","examples"]
warning: the following keywords are unknown and will be ignored: [$id, examples]
    level: "warning"
    schema: {"loadingURI":"#","pointer":"/items/properties/category/properties/name"}
    domain: "syntax"
    ignored: ["$id","examples"]
warning: the following keywords are unknown and will be ignored: [$id, examples]
    level: "warning"
    schema: {"loadingURI":"#","pointer":"/items/properties/id"}
    domain: "syntax"
    ignored: ["$id","examples"]
warning: the following keywords are unknown and will be ignored: [$id, examples]
    level: "warning"
    schema: {"loadingURI":"#","pointer":"/items/properties/name"}
    domain: "syntax"
    ignored: ["$id","examples"]
warning: the following keywords are unknown and will be ignored: [$id]
    level: "warning"
    schema: {"loadingURI":"#","pointer":"/items/properties/photoUrls"}
    domain: "syntax"
    ignored: ["$id"]
warning: the following keywords are unknown and will be ignored: [$id, examples]
    level: "warning"
    schema: {"loadingURI":"#","pointer":"/items/properties/photoUrls/items"}
    domain: "syntax"
    ignored: ["$id","examples"]
warning: the following keywords are unknown and will be ignored: [$id, examples]
    level: "warning"
    schema: {"loadingURI":"#","pointer":"/items/properties/photoUrls/items"}
    domain: "syntax"
    ignored: ["$id","examples"]
warning: the following keywords are unknown and will be ignored: [$id, examples]
    level: "warning"
    schema: {"loadingURI":"#","pointer":"/items/properties/status"}
    domain: "syntax"
    ignored: ["$id","examples"]
warning: the following keywords are unknown and will be ignored: [$id]
    level: "warning"
    schema: {"loadingURI":"#","pointer":"/items/properties/tags"}
    domain: "syntax"
    ignored: ["$id"]
warning: the following keywords are unknown and will be ignored: [$id]
    level: "warning"
    schema: {"loadingURI":"#","pointer":"/items/properties/tags/items"}
    domain: "syntax"
    ignored: ["$id"]
warning: the following keywords are unknown and will be ignored: [$id, examples]
    level: "warning"
    schema: {"loadingURI":"#","pointer":"/items/properties/tags/items/properties/id"}
    domain: "syntax"
    ignored: ["$id","examples"]
warning: the following keywords are unknown and will be ignored: [$id, examples]
    level: "warning"
    schema: {"loadingURI":"#","pointer":"/items/properties/tags/items/properties/name"}
    domain: "syntax"
    ignored: ["$id","examples"]
warning: the following keywords are unknown and will be ignored: [$id]
    level: "warning"
    schema: {"loadingURI":"#","pointer":"/items/properties/tags/items"}
    domain: "syntax"
    ignored: ["$id"]
warning: the following keywords are unknown and will be ignored: [$id, examples]
    level: "warning"
    schema: {"loadingURI":"#","pointer":"/items/properties/tags/items/properties/id"}
    domain: "syntax"
    ignored: ["$id","examples"]
warning: the following keywords are unknown and will be ignored: [$id, examples]
    level: "warning"
    schema: {"loadingURI":"#","pointer":"/items/properties/tags/items/properties/name"}
    domain: "syntax"
    ignored: ["$id","examples"]
warning: the following keywords are unknown and will be ignored: [$id, examples]
    level: "warning"
    schema: {"loadingURI":"#","pointer":"/items/properties/tags/items/properties/id"}
    domain: "syntax"
    ignored: ["$id","examples"]
warning: the following keywords are unknown and will be ignored: [$id, examples]
    level: "warning"
    schema: {"loadingURI":"#","pointer":"/items/properties/tags/items/properties/name"}
    domain: "syntax"
    ignored: ["$id","examples"]
warning: the following keywords are unknown and will be ignored: [$id]
    level: "warning"
    schema: {"loadingURI":"#","pointer":"/items"}
    domain: "syntax"
    ignored: ["$id"]
warning: the following keywords are unknown and will be ignored: [$id]
    level: "warning"
    schema: {"loadingURI":"#","pointer":"/items/properties/category"}
    domain: "syntax"
    ignored: ["$id"]
warning: the following keywords are unknown and will be ignored: [$id, examples]
    level: "warning"
    schema: {"loadingURI":"#","pointer":"/items/properties/category/properties/id"}
    domain: "syntax"
    ignored: ["$id","examples"]
warning: the following keywords are unknown and will be ignored: [$id, examples]
    level: "warning"
    schema: {"loadingURI":"#","pointer":"/items/properties/category/properties/name"}
    domain: "syntax"
    ignored: ["$id","examples"]
warning: the following keywords are unknown and will be ignored: [$id, examples]
    level: "warning"
    schema: {"loadingURI":"#","pointer":"/items/properties/id"}
    domain: "syntax"
    ignored: ["$id","examples"]
warning: the following keywords are unknown and will be ignored: [$id, examples]
    level: "warning"
    schema: {"loadingURI":"#","pointer":"/items/properties/name"}
    domain: "syntax"
    ignored: ["$id","examples"]
warning: the following keywords are unknown and will be ignored: [$id]
    level: "warning"
    schema: {"loadingURI":"#","pointer":"/items/properties/photoUrls"}
    domain: "syntax"
    ignored: ["$id"]
warning: the following keywords are unknown and will be ignored: [$id, examples]
    level: "warning"
    schema: {"loadingURI":"#","pointer":"/items/properties/photoUrls/items"}
    domain: "syntax"
    ignored: ["$id","examples"]
warning: the following keywords are unknown and will be ignored: [$id, examples]
    level: "warning"
    schema: {"loadingURI":"#","pointer":"/items/properties/status"}
    domain: "syntax"
    ignored: ["$id","examples"]
warning: the following keywords are unknown and will be ignored: [$id]
    level: "warning"
    schema: {"loadingURI":"#","pointer":"/items/properties/tags"}
    domain: "syntax"
    ignored: ["$id"]
warning: the following keywords are unknown and will be ignored: [$id]
    level: "warning"
    schema: {"loadingURI":"#","pointer":"/items/properties/tags/items"}
    domain: "syntax"
    ignored: ["$id"]
warning: the following keywords are unknown and will be ignored: [$id, examples]
    level: "warning"
    schema: {"loadingURI":"#","pointer":"/items/properties/tags/items/properties/id"}
    domain: "syntax"
    ignored: ["$id","examples"]
warning: the following keywords are unknown and will be ignored: [$id, examples]
    level: "warning"
    schema: {"loadingURI":"#","pointer":"/items/properties/tags/items/properties/name"}
    domain: "syntax"
    ignored: ["$id","examples"]
warning: the following keywords are unknown and will be ignored: [$id]
    level: "warning"
    schema: {"loadingURI":"#","pointer":"/items/properties/category"}
    domain: "syntax"
    ignored: ["$id"]
warning: the following keywords are unknown and will be ignored: [$id, examples]
    level: "warning"
    schema: {"loadingURI":"#","pointer":"/items/properties/category/properties/id"}
    domain: "syntax"
    ignored: ["$id","examples"]
warning: the following keywords are unknown and will be ignored: [$id, examples]
    level: "warning"
    schema: {"loadingURI":"#","pointer":"/items/properties/category/properties/name"}
    domain: "syntax"
    ignored: ["$id","examples"]
warning: the following keywords are unknown and will be ignored: [$id, examples]
    level: "warning"
    schema: {"loadingURI":"#","pointer":"/items/properties/category/properties/id"}
    domain: "syntax"
    ignored: ["$id","examples"]
warning: the following keywords are unknown and will be ignored: [$id, examples]
    level: "warning"
    schema: {"loadingURI":"#","pointer":"/items/properties/category/properties/name"}
    domain: "syntax"
    ignored: ["$id","examples"]
warning: the following keywords are unknown and will be ignored: [$id, examples]
    level: "warning"
    schema: {"loadingURI":"#","pointer":"/items/properties/id"}
    domain: "syntax"
    ignored: ["$id","examples"]
warning: the following keywords are unknown and will be ignored: [$id, examples]
    level: "warning"
    schema: {"loadingURI":"#","pointer":"/items/properties/name"}
    domain: "syntax"
    ignored: ["$id","examples"]
warning: the following keywords are unknown and will be ignored: [$id]
    level: "warning"
    schema: {"loadingURI":"#","pointer":"/items/properties/photoUrls"}
    domain: "syntax"
    ignored: ["$id"]
warning: the following keywords are unknown and will be ignored: [$id, examples]
    level: "warning"
    schema: {"loadingURI":"#","pointer":"/items/properties/photoUrls/items"}
    domain: "syntax"
    ignored: ["$id","examples"]
warning: the following keywords are unknown and will be ignored: [$id, examples]
    level: "warning"
    schema: {"loadingURI":"#","pointer":"/items/properties/photoUrls/items"}
    domain: "syntax"
    ignored: ["$id","examples"]
warning: the following keywords are unknown and will be ignored: [$id, examples]
    level: "warning"
    schema: {"loadingURI":"#","pointer":"/items/properties/status"}
    domain: "syntax"
    ignored: ["$id","examples"]
warning: the following keywords are unknown and will be ignored: [$id]
    level: "warning"
    schema: {"loadingURI":"#","pointer":"/items/properties/tags"}
    domain: "syntax"
    ignored: ["$id"]
warning: the following keywords are unknown and will be ignored: [$id]
    level: "warning"
    schema: {"loadingURI":"#","pointer":"/items/properties/tags/items"}
    domain: "syntax"
    ignored: ["$id"]
warning: the following keywords are unknown and will be ignored: [$id, examples]
    level: "warning"
    schema: {"loadingURI":"#","pointer":"/items/properties/tags/items/properties/id"}
    domain: "syntax"
    ignored: ["$id","examples"]
warning: the following keywords are unknown and will be ignored: [$id, examples]
    level: "warning"
    schema: {"loadingURI":"#","pointer":"/items/properties/tags/items/properties/name"}
    domain: "syntax"
    ignored: ["$id","examples"]
warning: the following keywords are unknown and will be ignored: [$id]
    level: "warning"
    schema: {"loadingURI":"#","pointer":"/items/properties/tags/items"}
    domain: "syntax"
    ignored: ["$id"]
warning: the following keywords are unknown and will be ignored: [$id, examples]
    level: "warning"
    schema: {"loadingURI":"#","pointer":"/items/properties/tags/items/properties/id"}
    domain: "syntax"
    ignored: ["$id","examples"]
warning: the following keywords are unknown and will be ignored: [$id, examples]
    level: "warning"
    schema: {"loadingURI":"#","pointer":"/items/properties/tags/items/properties/name"}
    domain: "syntax"
    ignored: ["$id","examples"]
warning: the following keywords are unknown and will be ignored: [$id, examples]
    level: "warning"
    schema: {"loadingURI":"#","pointer":"/items/properties/tags/items/properties/id"}
    domain: "syntax"
    ignored: ["$id","examples"]
warning: the following keywords are unknown and will be ignored: [$id, examples]
    level: "warning"
    schema: {"loadingURI":"#","pointer":"/items/properties/tags/items/properties/name"}
    domain: "syntax"
    ignored: ["$id","examples"]
warning: the following keywords are unknown and will be ignored: [$id]
    level: "warning"
    schema: {"loadingURI":"#","pointer":"/items"}
    domain: "syntax"
    ignored: ["$id"]
warning: the following keywords are unknown and will be ignored: [$id]
    level: "warning"
    schema: {"loadingURI":"#","pointer":"/items/properties/category"}
    domain: "syntax"
    ignored: ["$id"]
warning: the following keywords are unknown and will be ignored: [$id, examples]
    level: "warning"
    schema: {"loadingURI":"#","pointer":"/items/properties/category/properties/id"}
    domain: "syntax"
    ignored: ["$id","examples"]
warning: the following keywords are unknown and will be ignored: [$id, examples]
    level: "warning"
    schema: {"loadingURI":"#","pointer":"/items/properties/category/properties/name"}
    domain: "syntax"
    ignored: ["$id","examples"]
warning: the following keywords are unknown and will be ignored: [$id, examples]
    level: "warning"
    schema: {"loadingURI":"#","pointer":"/items/properties/id"}
    domain: "syntax"
    ignored: ["$id","examples"]
warning: the following keywords are unknown and will be ignored: [$id, examples]
    level: "warning"
    schema: {"loadingURI":"#","pointer":"/items/properties/name"}
    domain: "syntax"
    ignored: ["$id","examples"]
warning: the following keywords are unknown and will be ignored: [$id]
    level: "warning"
    schema: {"loadingURI":"#","pointer":"/items/properties/photoUrls"}
    domain: "syntax"
    ignored: ["$id"]
warning: the following keywords are unknown and will be ignored: [$id, examples]
    level: "warning"
    schema: {"loadingURI":"#","pointer":"/items/properties/photoUrls/items"}
    domain: "syntax"
    ignored: ["$id","examples"]
warning: the following keywords are unknown and will be ignored: [$id, examples]
    level: "warning"
    schema: {"loadingURI":"#","pointer":"/items/properties/status"}
    domain: "syntax"
    ignored: ["$id","examples"]
warning: the following keywords are unknown and will be ignored: [$id]
    level: "warning"
    schema: {"loadingURI":"#","pointer":"/items/properties/tags"}
    domain: "syntax"
    ignored: ["$id"]
warning: the following keywords are unknown and will be ignored: [$id]
    level: "warning"
    schema: {"loadingURI":"#","pointer":"/items/properties/tags/items"}
    domain: "syntax"
    ignored: ["$id"]
warning: the following keywords are unknown and will be ignored: [$id, examples]
    level: "warning"
    schema: {"loadingURI":"#","pointer":"/items/properties/tags/items/properties/id"}
    domain: "syntax"
    ignored: ["$id","examples"]
warning: the following keywords are unknown and will be ignored: [$id, examples]
    level: "warning"
    schema: {"loadingURI":"#","pointer":"/items/properties/tags/items/properties/name"}
    domain: "syntax"
    ignored: ["$id","examples"]
warning: the following keywords are unknown and will be ignored: [$id]
    level: "warning"
    schema: {"loadingURI":"#","pointer":"/items/properties/category"}
    domain: "syntax"
    ignored: ["$id"]
warning: the following keywords are unknown and will be ignored: [$id, examples]
    level: "warning"
    schema: {"loadingURI":"#","pointer":"/items/properties/category/properties/id"}
    domain: "syntax"
    ignored: ["$id","examples"]
warning: the following keywords are unknown and will be ignored: [$id, examples]
    level: "warning"
    schema: {"loadingURI":"#","pointer":"/items/properties/category/properties/name"}
    domain: "syntax"
    ignored: ["$id","examples"]
warning: the following keywords are unknown and will be ignored: [$id, examples]
    level: "warning"
    schema: {"loadingURI":"#","pointer":"/items/properties/category/properties/id"}
    domain: "syntax"
    ignored: ["$id","examples"]
warning: the following keywords are unknown and will be ignored: [$id, examples]
    level: "warning"
    schema: {"loadingURI":"#","pointer":"/items/properties/category/properties/name"}
    domain: "syntax"
    ignored: ["$id","examples"]
warning: the following keywords are unknown and will be ignored: [$id, examples]
    level: "warning"
    schema: {"loadingURI":"#","pointer":"/items/properties/id"}
    domain: "syntax"
    ignored: ["$id","examples"]
warning: the following keywords are unknown and will be ignored: [$id, examples]
    level: "warning"
    schema: {"loadingURI":"#","pointer":"/items/properties/name"}
    domain: "syntax"
    ignored: ["$id","examples"]
warning: the following keywords are unknown and will be ignored: [$id]
    level: "warning"
    schema: {"loadingURI":"#","pointer":"/items/properties/photoUrls"}
    domain: "syntax"
    ignored: ["$id"]
warning: the following keywords are unknown and will be ignored: [$id, examples]
    level: "warning"
    schema: {"loadingURI":"#","pointer":"/items/properties/photoUrls/items"}
    domain: "syntax"
    ignored: ["$id","examples"]
warning: the following keywords are unknown and will be ignored: [$id, examples]
    level: "warning"
    schema: {"loadingURI":"#","pointer":"/items/properties/photoUrls/items"}
    domain: "syntax"
    ignored: ["$id","examples"]
warning: the following keywords are unknown and will be ignored: [$id, examples]
    level: "warning"
    schema: {"loadingURI":"#","pointer":"/items/properties/status"}
    domain: "syntax"
    ignored: ["$id","examples"]
warning: the following keywords are unknown and will be ignored: [$id]
    level: "warning"
    schema: {"loadingURI":"#","pointer":"/items/properties/tags"}
    domain: "syntax"
    ignored: ["$id"]
warning: the following keywords are unknown and will be ignored: [$id]
    level: "warning"
    schema: {"loadingURI":"#","pointer":"/items/properties/tags/items"}
    domain: "syntax"
    ignored: ["$id"]
warning: the following keywords are unknown and will be ignored: [$id, examples]
    level: "warning"
    schema: {"loadingURI":"#","pointer":"/items/properties/tags/items/properties/id"}
    domain: "syntax"
    ignored: ["$id","examples"]
warning: the following keywords are unknown and will be ignored: [$id, examples]
    level: "warning"
    schema: {"loadingURI":"#","pointer":"/items/properties/tags/items/properties/name"}
    domain: "syntax"
    ignored: ["$id","examples"]
warning: the following keywords are unknown and will be ignored: [$id]
    level: "warning"
    schema: {"loadingURI":"#","pointer":"/items/properties/tags/items"}
    domain: "syntax"
    ignored: ["$id"]
warning: the following keywords are unknown and will be ignored: [$id, examples]
    level: "warning"
    schema: {"loadingURI":"#","pointer":"/items/properties/tags/items/properties/id"}
    domain: "syntax"
    ignored: ["$id","examples"]
warning: the following keywords are unknown and will be ignored: [$id, examples]
    level: "warning"
    schema: {"loadingURI":"#","pointer":"/items/properties/tags/items/properties/name"}
    domain: "syntax"
    ignored: ["$id","examples"]
warning: the following keywords are unknown and will be ignored: [$id, examples]
    level: "warning"
    schema: {"loadingURI":"#","pointer":"/items/properties/tags/items/properties/id"}
    domain: "syntax"
    ignored: ["$id","examples"]
warning: the following keywords are unknown and will be ignored: [$id, examples]
    level: "warning"
    schema: {"loadingURI":"#","pointer":"/items/properties/tags/items/properties/name"}
    domain: "syntax"
    ignored: ["$id","examples"]
warning: the following keywords are unknown and will be ignored: [$id]
    level: "warning"
    schema: {"loadingURI":"#","pointer":"/items"}
    domain: "syntax"
    ignored: ["$id"]
warning: the following keywords are unknown and will be ignored: [$id]
    level: "warning"
    schema: {"loadingURI":"#","pointer":"/items/properties/category"}
    domain: "syntax"
    ignored: ["$id"]
warning: the following keywords are unknown and will be ignored: [$id, examples]
    level: "warning"
    schema: {"loadingURI":"#","pointer":"/items/properties/category/properties/id"}
    domain: "syntax"
    ignored: ["$id","examples"]
warning: the following keywords are unknown and will be ignored: [$id, examples]
    level: "warning"
    schema: {"loadingURI":"#","pointer":"/items/properties/category/properties/name"}
    domain: "syntax"
    ignored: ["$id","examples"]
warning: the following keywords are unknown and will be ignored: [$id, examples]
    level: "warning"
    schema: {"loadingURI":"#","pointer":"/items/properties/id"}
    domain: "syntax"
    ignored: ["$id","examples"]
warning: the following keywords are unknown and will be ignored: [$id, examples]
    level: "warning"
    schema: {"loadingURI":"#","pointer":"/items/properties/name"}
    domain: "syntax"
    ignored: ["$id","examples"]
warning: the following keywords are unknown and will be ignored: [$id]
    level: "warning"
    schema: {"loadingURI":"#","pointer":"/items/properties/photoUrls"}
    domain: "syntax"
    ignored: ["$id"]
warning: the following keywords are unknown and will be ignored: [$id, examples]
    level: "warning"
    schema: {"loadingURI":"#","pointer":"/items/properties/photoUrls/items"}
    domain: "syntax"
    ignored: ["$id","examples"]
warning: the following keywords are unknown and will be ignored: [$id, examples]
    level: "warning"
    schema: {"loadingURI":"#","pointer":"/items/properties/status"}
    domain: "syntax"
    ignored: ["$id","examples"]
warning: the following keywords are unknown and will be ignored: [$id]
    level: "warning"
    schema: {"loadingURI":"#","pointer":"/items/properties/tags"}
    domain: "syntax"
    ignored: ["$id"]
warning: the following keywords are unknown and will be ignored: [$id]
    level: "warning"
    schema: {"loadingURI":"#","pointer":"/items/properties/tags/items"}
    domain: "syntax"
    ignored: ["$id"]
warning: the following keywords are unknown and will be ignored: [$id, examples]
    level: "warning"
    schema: {"loadingURI":"#","pointer":"/items/properties/tags/items/properties/id"}
    domain: "syntax"
    ignored: ["$id","examples"]
warning: the following keywords are unknown and will be ignored: [$id, examples]
    level: "warning"
    schema: {"loadingURI":"#","pointer":"/items/properties/tags/items/properties/name"}
    domain: "syntax"
    ignored: ["$id","examples"]
warning: the following keywords are unknown and will be ignored: [$id]
    level: "warning"
    schema: {"loadingURI":"#","pointer":"/items/properties/category"}
    domain: "syntax"
    ignored: ["$id"]
warning: the following keywords are unknown and will be ignored: [$id, examples]
    level: "warning"
    schema: {"loadingURI":"#","pointer":"/items/properties/category/properties/id"}
    domain: "syntax"
    ignored: ["$id","examples"]
warning: the following keywords are unknown and will be ignored: [$id, examples]
    level: "warning"
    schema: {"loadingURI":"#","pointer":"/items/properties/category/properties/name"}
    domain: "syntax"
    ignored: ["$id","examples"]
warning: the following keywords are unknown and will be ignored: [$id, examples]
    level: "warning"
    schema: {"loadingURI":"#","pointer":"/items/properties/category/properties/id"}
    domain: "syntax"
    ignored: ["$id","examples"]
warning: the following keywords are unknown and will be ignored: [$id, examples]
    level: "warning"
    schema: {"loadingURI":"#","pointer":"/items/properties/category/properties/name"}
    domain: "syntax"
    ignored: ["$id","examples"]
warning: the following keywords are unknown and will be ignored: [$id, examples]
    level: "warning"
    schema: {"loadingURI":"#","pointer":"/items/properties/id"}
    domain: "syntax"
    ignored: ["$id","examples"]
warning: the following keywords are unknown and will be ignored: [$id, examples]
    level: "warning"
    schema: {"loadingURI":"#","pointer":"/items/properties/name"}
    domain: "syntax"
    ignored: ["$id","examples"]
warning: the following keywords are unknown and will be ignored: [$id]
    level: "warning"
    schema: {"loadingURI":"#","pointer":"/items/properties/photoUrls"}
    domain: "syntax"
    ignored: ["$id"]
warning: the following keywords are unknown and will be ignored: [$id, examples]
    level: "warning"
    schema: {"loadingURI":"#","pointer":"/items/properties/photoUrls/items"}
    domain: "syntax"
    ignored: ["$id","examples"]
warning: the following keywords are unknown and will be ignored: [$id, examples]
    level: "warning"
    schema: {"loadingURI":"#","pointer":"/items/properties/photoUrls/items"}
    domain: "syntax"
    ignored: ["$id","examples"]
warning: the following keywords are unknown and will be ignored: [$id, examples]
    level: "warning"
    schema: {"loadingURI":"#","pointer":"/items/properties/status"}
    domain: "syntax"
    ignored: ["$id","examples"]
warning: the following keywords are unknown and will be ignored: [$id]
    level: "warning"
    schema: {"loadingURI":"#","pointer":"/items/properties/tags"}
    domain: "syntax"
    ignored: ["$id"]
warning: the following keywords are unknown and will be ignored: [$id]
    level: "warning"
    schema: {"loadingURI":"#","pointer":"/items/properties/tags/items"}
    domain: "syntax"
    ignored: ["$id"]
warning: the following keywords are unknown and will be ignored: [$id, examples]
    level: "warning"
    schema: {"loadingURI":"#","pointer":"/items/properties/tags/items/properties/id"}
    domain: "syntax"
    ignored: ["$id","examples"]
warning: the following keywords are unknown and will be ignored: [$id, examples]
    level: "warning"
    schema: {"loadingURI":"#","pointer":"/items/properties/tags/items/properties/name"}
    domain: "syntax"
    ignored: ["$id","examples"]
warning: the following keywords are unknown and will be ignored: [$id]
    level: "warning"
    schema: {"loadingURI":"#","pointer":"/items/properties/tags/items"}
    domain: "syntax"
    ignored: ["$id"]
warning: the following keywords are unknown and will be ignored: [$id, examples]
    level: "warning"
    schema: {"loadingURI":"#","pointer":"/items/properties/tags/items/properties/id"}
    domain: "syntax"
    ignored: ["$id","examples"]
warning: the following keywords are unknown and will be ignored: [$id, examples]
    level: "warning"
    schema: {"loadingURI":"#","pointer":"/items/properties/tags/items/properties/name"}
    domain: "syntax"
    ignored: ["$id","examples"]
warning: the following keywords are unknown and will be ignored: [$id, examples]
    level: "warning"
    schema: {"loadingURI":"#","pointer":"/items/properties/tags/items/properties/id"}
    domain: "syntax"
    ignored: ["$id","examples"]
warning: the following keywords are unknown and will be ignored: [$id, examples]
    level: "warning"
    schema: {"loadingURI":"#","pointer":"/items/properties/tags/items/properties/name"}
    domain: "syntax"
    ignored: ["$id","examples"]
warning: the following keywords are unknown and will be ignored: [$id]
    level: "warning"
    schema: {"loadingURI":"#","pointer":"/items"}
    domain: "syntax"
    ignored: ["$id"]
warning: the following keywords are unknown and will be ignored: [$id]
    level: "warning"
    schema: {"loadingURI":"#","pointer":"/items/properties/category"}
    domain: "syntax"
    ignored: ["$id"]
warning: the following keywords are unknown and will be ignored: [$id, examples]
    level: "warning"
    schema: {"loadingURI":"#","pointer":"/items/properties/category/properties/id"}
    domain: "syntax"
    ignored: ["$id","examples"]
warning: the following keywords are unknown and will be ignored: [$id, examples]
    level: "warning"
    schema: {"loadingURI":"#","pointer":"/items/properties/category/properties/name"}
    domain: "syntax"
    ignored: ["$id","examples"]
warning: the following keywords are unknown and will be ignored: [$id, examples]
    level: "warning"
    schema: {"loadingURI":"#","pointer":"/items/properties/id"}
    domain: "syntax"
    ignored: ["$id","examples"]
warning: the following keywords are unknown and will be ignored: [$id, examples]
    level: "warning"
    schema: {"loadingURI":"#","pointer":"/items/properties/name"}
    domain: "syntax"
    ignored: ["$id","examples"]
warning: the following keywords are unknown and will be ignored: [$id]
    level: "warning"
    schema: {"loadingURI":"#","pointer":"/items/properties/photoUrls"}
    domain: "syntax"
    ignored: ["$id"]
warning: the following keywords are unknown and will be ignored: [$id, examples]
    level: "warning"
    schema: {"loadingURI":"#","pointer":"/items/properties/photoUrls/items"}
    domain: "syntax"
    ignored: ["$id","examples"]
warning: the following keywords are unknown and will be ignored: [$id, examples]
    level: "warning"
    schema: {"loadingURI":"#","pointer":"/items/properties/status"}
    domain: "syntax"
    ignored: ["$id","examples"]
warning: the following keywords are unknown and will be ignored: [$id]
    level: "warning"
    schema: {"loadingURI":"#","pointer":"/items/properties/tags"}
    domain: "syntax"
    ignored: ["$id"]
warning: the following keywords are unknown and will be ignored: [$id]
    level: "warning"
    schema: {"loadingURI":"#","pointer":"/items/properties/tags/items"}
    domain: "syntax"
    ignored: ["$id"]
warning: the following keywords are unknown and will be ignored: [$id, examples]
    level: "warning"
    schema: {"loadingURI":"#","pointer":"/items/properties/tags/items/properties/id"}
    domain: "syntax"
    ignored: ["$id","examples"]
warning: the following keywords are unknown and will be ignored: [$id, examples]
    level: "warning"
    schema: {"loadingURI":"#","pointer":"/items/properties/tags/items/properties/name"}
    domain: "syntax"
    ignored: ["$id","examples"]
warning: the following keywords are unknown and will be ignored: [$id]
    level: "warning"
    schema: {"loadingURI":"#","pointer":"/items/properties/category"}
    domain: "syntax"
    ignored: ["$id"]
warning: the following keywords are unknown and will be ignored: [$id, examples]
    level: "warning"
    schema: {"loadingURI":"#","pointer":"/items/properties/category/properties/id"}
    domain: "syntax"
    ignored: ["$id","examples"]
warning: the following keywords are unknown and will be ignored: [$id, examples]
    level: "warning"
    schema: {"loadingURI":"#","pointer":"/items/properties/category/properties/name"}
    domain: "syntax"
    ignored: ["$id","examples"]
warning: the following keywords are unknown and will be ignored: [$id, examples]
    level: "warning"
    schema: {"loadingURI":"#","pointer":"/items/properties/category/properties/id"}
    domain: "syntax"
    ignored: ["$id","examples"]
warning: the following keywords are unknown and will be ignored: [$id, examples]
    level: "warning"
    schema: {"loadingURI":"#","pointer":"/items/properties/category/properties/name"}
    domain: "syntax"
    ignored: ["$id","examples"]
warning: the following keywords are unknown and will be ignored: [$id, examples]
    level: "warning"
    schema: {"loadingURI":"#","pointer":"/items/properties/id"}
    domain: "syntax"
    ignored: ["$id","examples"]
warning: the following keywords are unknown and will be ignored: [$id, examples]
    level: "warning"
    schema: {"loadingURI":"#","pointer":"/items/properties/name"}
    domain: "syntax"
    ignored: ["$id","examples"]
warning: the following keywords are unknown and will be ignored: [$id]
    level: "warning"
    schema: {"loadingURI":"#","pointer":"/items/properties/photoUrls"}
    domain: "syntax"
    ignored: ["$id"]
warning: the following keywords are unknown and will be ignored: [$id, examples]
    level: "warning"
    schema: {"loadingURI":"#","pointer":"/items/properties/photoUrls/items"}
    domain: "syntax"
    ignored: ["$id","examples"]
warning: the following keywords are unknown and will be ignored: [$id, examples]
    level: "warning"
    schema: {"loadingURI":"#","pointer":"/items/properties/photoUrls/items"}
    domain: "syntax"
    ignored: ["$id","examples"]
warning: the following keywords are unknown and will be ignored: [$id, examples]
    level: "warning"
    schema: {"loadingURI":"#","pointer":"/items/properties/status"}
    domain: "syntax"
    ignored: ["$id","examples"]
warning: the following keywords are unknown and will be ignored: [$id]
    level: "warning"
    schema: {"loadingURI":"#","pointer":"/items/properties/tags"}
    domain: "syntax"
    ignored: ["$id"]
warning: the following keywords are unknown and will be ignored: [$id]
    level: "warning"
    schema: {"loadingURI":"#","pointer":"/items/properties/tags/items"}
    domain: "syntax"
    ignored: ["$id"]
warning: the following keywords are unknown and will be ignored: [$id, examples]
    level: "warning"
    schema: {"loadingURI":"#","pointer":"/items/properties/tags/items/properties/id"}
    domain: "syntax"
    ignored: ["$id","examples"]
warning: the following keywords are unknown and will be ignored: [$id, examples]
    level: "warning"
    schema: {"loadingURI":"#","pointer":"/items/properties/tags/items/properties/name"}
    domain: "syntax"
    ignored: ["$id","examples"]
warning: the following keywords are unknown and will be ignored: [$id]
    level: "warning"
    schema: {"loadingURI":"#","pointer":"/items/properties/tags/items"}
    domain: "syntax"
    ignored: ["$id"]
warning: the following keywords are unknown and will be ignored: [$id, examples]
    level: "warning"
    schema: {"loadingURI":"#","pointer":"/items/properties/tags/items/properties/id"}
    domain: "syntax"
    ignored: ["$id","examples"]
warning: the following keywords are unknown and will be ignored: [$id, examples]
    level: "warning"
    schema: {"loadingURI":"#","pointer":"/items/properties/tags/items/properties/name"}
    domain: "syntax"
    ignored: ["$id","examples"]
warning: the following keywords are unknown and will be ignored: [$id, examples]
    level: "warning"
    schema: {"loadingURI":"#","pointer":"/items/properties/tags/items/properties/id"}
    domain: "syntax"
    ignored: ["$id","examples"]
warning: the following keywords are unknown and will be ignored: [$id, examples]
    level: "warning"
    schema: {"loadingURI":"#","pointer":"/items/properties/tags/items/properties/name"}
    domain: "syntax"
    ignored: ["$id","examples"]
warning: the following keywords are unknown and will be ignored: [$id]
    level: "warning"
    schema: {"loadingURI":"#","pointer":"/items"}
    domain: "syntax"
    ignored: ["$id"]
warning: the following keywords are unknown and will be ignored: [$id]
    level: "warning"
    schema: {"loadingURI":"#","pointer":"/items/properties/category"}
    domain: "syntax"
    ignored: ["$id"]
warning: the following keywords are unknown and will be ignored: [$id, examples]
    level: "warning"
    schema: {"loadingURI":"#","pointer":"/items/properties/category/properties/id"}
    domain: "syntax"
    ignored: ["$id","examples"]
warning: the following keywords are unknown and will be ignored: [$id, examples]
    level: "warning"
    schema: {"loadingURI":"#","pointer":"/items/properties/category/properties/name"}
    domain: "syntax"
    ignored: ["$id","examples"]
warning: the following keywords are unknown and will be ignored: [$id, examples]
    level: "warning"
    schema: {"loadingURI":"#","pointer":"/items/properties/id"}
    domain: "syntax"
    ignored: ["$id","examples"]
warning: the following keywords are unknown and will be ignored: [$id, examples]
    level: "warning"
    schema: {"loadingURI":"#","pointer":"/items/properties/name"}
    domain: "syntax"
    ignored: ["$id","examples"]
warning: the following keywords are unknown and will be ignored: [$id]
    level: "warning"
    schema: {"loadingURI":"#","pointer":"/items/properties/photoUrls"}
    domain: "syntax"
    ignored: ["$id"]
warning: the following keywords are unknown and will be ignored: [$id, examples]
    level: "warning"
    schema: {"loadingURI":"#","pointer":"/items/properties/photoUrls/items"}
    domain: "syntax"
    ignored: ["$id","examples"]
warning: the following keywords are unknown and will be ignored: [$id, examples]
    level: "warning"
    schema: {"loadingURI":"#","pointer":"/items/properties/status"}
    domain: "syntax"
    ignored: ["$id","examples"]
warning: the following keywords are unknown and will be ignored: [$id]
    level: "warning"
    schema: {"loadingURI":"#","pointer":"/items/properties/tags"}
    domain: "syntax"
    ignored: ["$id"]
warning: the following keywords are unknown and will be ignored: [$id]
    level: "warning"
    schema: {"loadingURI":"#","pointer":"/items/properties/tags/items"}
    domain: "syntax"
    ignored: ["$id"]
warning: the following keywords are unknown and will be ignored: [$id, examples]
    level: "warning"
    schema: {"loadingURI":"#","pointer":"/items/properties/tags/items/properties/id"}
    domain: "syntax"
    ignored: ["$id","examples"]
warning: the following keywords are unknown and will be ignored: [$id, examples]
    level: "warning"
    schema: {"loadingURI":"#","pointer":"/items/properties/tags/items/properties/name"}
    domain: "syntax"
    ignored: ["$id","examples"]
warning: the following keywords are unknown and will be ignored: [$id]
    level: "warning"
    schema: {"loadingURI":"#","pointer":"/items/properties/category"}
    domain: "syntax"
    ignored: ["$id"]
warning: the following keywords are unknown and will be ignored: [$id, examples]
    level: "warning"
    schema: {"loadingURI":"#","pointer":"/items/properties/category/properties/id"}
    domain: "syntax"
    ignored: ["$id","examples"]
warning: the following keywords are unknown and will be ignored: [$id, examples]
    level: "warning"
    schema: {"loadingURI":"#","pointer":"/items/properties/category/properties/name"}
    domain: "syntax"
    ignored: ["$id","examples"]
warning: the following keywords are unknown and will be ignored: [$id, examples]
    level: "warning"
    schema: {"loadingURI":"#","pointer":"/items/properties/category/properties/id"}
    domain: "syntax"
    ignored: ["$id","examples"]
warning: the following keywords are unknown and will be ignored: [$id, examples]
    level: "warning"
    schema: {"loadingURI":"#","pointer":"/items/properties/category/properties/name"}
    domain: "syntax"
    ignored: ["$id","examples"]
warning: the following keywords are unknown and will be ignored: [$id, examples]
    level: "warning"
    schema: {"loadingURI":"#","pointer":"/items/properties/id"}
    domain: "syntax"
    ignored: ["$id","examples"]
warning: the following keywords are unknown and will be ignored: [$id, examples]
    level: "warning"
    schema: {"loadingURI":"#","pointer":"/items/properties/name"}
    domain: "syntax"
    ignored: ["$id","examples"]
warning: the following keywords are unknown and will be ignored: [$id]
    level: "warning"
    schema: {"loadingURI":"#","pointer":"/items/properties/photoUrls"}
    domain: "syntax"
    ignored: ["$id"]
warning: the following keywords are unknown and will be ignored: [$id, examples]
    level: "warning"
    schema: {"loadingURI":"#","pointer":"/items/properties/photoUrls/items"}
    domain: "syntax"
    ignored: ["$id","examples"]
warning: the following keywords are unknown and will be ignored: [$id, examples]
    level: "warning"
    schema: {"loadingURI":"#","pointer":"/items/properties/photoUrls/items"}
    domain: "syntax"
    ignored: ["$id","examples"]
warning: the following keywords are unknown and will be ignored: [$id, examples]
    level: "warning"
    schema: {"loadingURI":"#","pointer":"/items/properties/status"}
    domain: "syntax"
    ignored: ["$id","examples"]
warning: the following keywords are unknown and will be ignored: [$id]
    level: "warning"
    schema: {"loadingURI":"#","pointer":"/items/properties/tags"}
    domain: "syntax"
    ignored: ["$id"]
warning: the following keywords are unknown and will be ignored: [$id]
    level: "warning"
    schema: {"loadingURI":"#","pointer":"/items/properties/tags/items"}
    domain: "syntax"
    ignored: ["$id"]
warning: the following keywords are unknown and will be ignored: [$id, examples]
    level: "warning"
    schema: {"loadingURI":"#","pointer":"/items/properties/tags/items/properties/id"}
    domain: "syntax"
    ignored: ["$id","examples"]
warning: the following keywords are unknown and will be ignored: [$id, examples]
    level: "warning"
    schema: {"loadingURI":"#","pointer":"/items/properties/tags/items/properties/name"}
    domain: "syntax"
    ignored: ["$id","examples"]
warning: the following keywords are unknown and will be ignored: [$id]
    level: "warning"
    schema: {"loadingURI":"#","pointer":"/items/properties/tags/items"}
    domain: "syntax"
    ignored: ["$id"]
warning: the following keywords are unknown and will be ignored: [$id, examples]
    level: "warning"
    schema: {"loadingURI":"#","pointer":"/items/properties/tags/items/properties/id"}
    domain: "syntax"
    ignored: ["$id","examples"]
warning: the following keywords are unknown and will be ignored: [$id, examples]
    level: "warning"
    schema: {"loadingURI":"#","pointer":"/items/properties/tags/items/properties/name"}
    domain: "syntax"
    ignored: ["$id","examples"]
warning: the following keywords are unknown and will be ignored: [$id, examples]
    level: "warning"
    schema: {"loadingURI":"#","pointer":"/items/properties/tags/items/properties/id"}
    domain: "syntax"
    ignored: ["$id","examples"]
warning: the following keywords are unknown and will be ignored: [$id, examples]
    level: "warning"
    schema: {"loadingURI":"#","pointer":"/items/properties/tags/items/properties/name"}
    domain: "syntax"
    ignored: ["$id","examples"]
warning: the following keywords are unknown and will be ignored: [$id]
    level: "warning"
    schema: {"loadingURI":"#","pointer":"/items"}
    domain: "syntax"
    ignored: ["$id"]
warning: the following keywords are unknown and will be ignored: [$id]
    level: "warning"
    schema: {"loadingURI":"#","pointer":"/items/properties/category"}
    domain: "syntax"
    ignored: ["$id"]
warning: the following keywords are unknown and will be ignored: [$id, examples]
    level: "warning"
    schema: {"loadingURI":"#","pointer":"/items/properties/category/properties/id"}
    domain: "syntax"
    ignored: ["$id","examples"]
warning: the following keywords are unknown and will be ignored: [$id, examples]
    level: "warning"
    schema: {"loadingURI":"#","pointer":"/items/properties/category/properties/name"}
    domain: "syntax"
    ignored: ["$id","examples"]
warning: the following keywords are unknown and will be ignored: [$id, examples]
    level: "warning"
    schema: {"loadingURI":"#","pointer":"/items/properties/id"}
    domain: "syntax"
    ignored: ["$id","examples"]
warning: the following keywords are unknown and will be ignored: [$id, examples]
    level: "warning"
    schema: {"loadingURI":"#","pointer":"/items/properties/name"}
    domain: "syntax"
    ignored: ["$id","examples"]
warning: the following keywords are unknown and will be ignored: [$id]
    level: "warning"
    schema: {"loadingURI":"#","pointer":"/items/properties/photoUrls"}
    domain: "syntax"
    ignored: ["$id"]
warning: the following keywords are unknown and will be ignored: [$id, examples]
    level: "warning"
    schema: {"loadingURI":"#","pointer":"/items/properties/photoUrls/items"}
    domain: "syntax"
    ignored: ["$id","examples"]
warning: the following keywords are unknown and will be ignored: [$id, examples]
    level: "warning"
    schema: {"loadingURI":"#","pointer":"/items/properties/status"}
    domain: "syntax"
    ignored: ["$id","examples"]
warning: the following keywords are unknown and will be ignored: [$id]
    level: "warning"
    schema: {"loadingURI":"#","pointer":"/items/properties/tags"}
    domain: "syntax"
    ignored: ["$id"]
warning: the following keywords are unknown and will be ignored: [$id]
    level: "warning"
    schema: {"loadingURI":"#","pointer":"/items/properties/tags/items"}
    domain: "syntax"
    ignored: ["$id"]
warning: the following keywords are unknown and will be ignored: [$id, examples]
    level: "warning"
    schema: {"loadingURI":"#","pointer":"/items/properties/tags/items/properties/id"}
    domain: "syntax"
    ignored: ["$id","examples"]
warning: the following keywords are unknown and will be ignored: [$id, examples]
    level: "warning"
    schema: {"loadingURI":"#","pointer":"/items/properties/tags/items/properties/name"}
    domain: "syntax"
    ignored: ["$id","examples"]
warning: the following keywords are unknown and will be ignored: [$id]
    level: "warning"
    schema: {"loadingURI":"#","pointer":"/items/properties/category"}
    domain: "syntax"
    ignored: ["$id"]
warning: the following keywords are unknown and will be ignored: [$id, examples]
    level: "warning"
    schema: {"loadingURI":"#","pointer":"/items/properties/category/properties/id"}
    domain: "syntax"
    ignored: ["$id","examples"]
warning: the following keywords are unknown and will be ignored: [$id, examples]
    level: "warning"
    schema: {"loadingURI":"#","pointer":"/items/properties/category/properties/name"}
    domain: "syntax"
    ignored: ["$id","examples"]
warning: the following keywords are unknown and will be ignored: [$id, examples]
    level: "warning"
    schema: {"loadingURI":"#","pointer":"/items/properties/category/properties/id"}
    domain: "syntax"
    ignored: ["$id","examples"]
warning: the following keywords are unknown and will be ignored: [$id, examples]
    level: "warning"
    schema: {"loadingURI":"#","pointer":"/items/properties/category/properties/name"}
    domain: "syntax"
    ignored: ["$id","examples"]
warning: the following keywords are unknown and will be ignored: [$id, examples]
    level: "warning"
    schema: {"loadingURI":"#","pointer":"/items/properties/id"}
    domain: "syntax"
    ignored: ["$id","examples"]
warning: the following keywords are unknown and will be ignored: [$id, examples]
    level: "warning"
    schema: {"loadingURI":"#","pointer":"/items/properties/name"}
    domain: "syntax"
    ignored: ["$id","examples"]
warning: the following keywords are unknown and will be ignored: [$id]
    level: "warning"
    schema: {"loadingURI":"#","pointer":"/items/properties/photoUrls"}
    domain: "syntax"
    ignored: ["$id"]
warning: the following keywords are unknown and will be ignored: [$id, examples]
    level: "warning"
    schema: {"loadingURI":"#","pointer":"/items/properties/photoUrls/items"}
    domain: "syntax"
    ignored: ["$id","examples"]
warning: the following keywords are unknown and will be ignored: [$id, examples]
    level: "warning"
    schema: {"loadingURI":"#","pointer":"/items/properties/photoUrls/items"}
    domain: "syntax"
    ignored: ["$id","examples"]
warning: the following keywords are unknown and will be ignored: [$id, examples]
    level: "warning"
    schema: {"loadingURI":"#","pointer":"/items/properties/status"}
    domain: "syntax"
    ignored: ["$id","examples"]
warning: the following keywords are unknown and will be ignored: [$id]
    level: "warning"
    schema: {"loadingURI":"#","pointer":"/items/properties/tags"}
    domain: "syntax"
    ignored: ["$id"]
warning: the following keywords are unknown and will be ignored: [$id]
    level: "warning"
    schema: {"loadingURI":"#","pointer":"/items/properties/tags/items"}
    domain: "syntax"
    ignored: ["$id"]
warning: the following keywords are unknown and will be ignored: [$id, examples]
    level: "warning"
    schema: {"loadingURI":"#","pointer":"/items/properties/tags/items/properties/id"}
    domain: "syntax"
    ignored: ["$id","examples"]
warning: the following keywords are unknown and will be ignored: [$id, examples]
    level: "warning"
    schema: {"loadingURI":"#","pointer":"/items/properties/tags/items/properties/name"}
    domain: "syntax"
    ignored: ["$id","examples"]
warning: the following keywords are unknown and will be ignored: [$id]
    level: "warning"
    schema: {"loadingURI":"#","pointer":"/items/properties/tags/items"}
    domain: "syntax"
    ignored: ["$id"]
warning: the following keywords are unknown and will be ignored: [$id, examples]
    level: "warning"
    schema: {"loadingURI":"#","pointer":"/items/properties/tags/items/properties/id"}
    domain: "syntax"
    ignored: ["$id","examples"]
warning: the following keywords are unknown and will be ignored: [$id, examples]
    level: "warning"
    schema: {"loadingURI":"#","pointer":"/items/properties/tags/items/properties/name"}
    domain: "syntax"
    ignored: ["$id","examples"]
warning: the following keywords are unknown and will be ignored: [$id, examples]
    level: "warning"
    schema: {"loadingURI":"#","pointer":"/items/properties/tags/items/properties/id"}
    domain: "syntax"
    ignored: ["$id","examples"]
warning: the following keywords are unknown and will be ignored: [$id, examples]
    level: "warning"
    schema: {"loadingURI":"#","pointer":"/items/properties/tags/items/properties/name"}
    domain: "syntax"
    ignored: ["$id","examples"]
warning: the following keywords are unknown and will be ignored: [$id]
    level: "warning"
    schema: {"loadingURI":"#","pointer":"/items"}
    domain: "syntax"
    ignored: ["$id"]
warning: the following keywords are unknown and will be ignored: [$id]
    level: "warning"
    schema: {"loadingURI":"#","pointer":"/items/properties/category"}
    domain: "syntax"
    ignored: ["$id"]
warning: the following keywords are unknown and will be ignored: [$id, examples]
    level: "warning"
    schema: {"loadingURI":"#","pointer":"/items/properties/category/properties/id"}
    domain: "syntax"
    ignored: ["$id","examples"]
warning: the following keywords are unknown and will be ignored: [$id, examples]
    level: "warning"
    schema: {"loadingURI":"#","pointer":"/items/properties/category/properties/name"}
    domain: "syntax"
    ignored: ["$id","examples"]
warning: the following keywords are unknown and will be ignored: [$id, examples]
    level: "warning"
    schema: {"loadingURI":"#","pointer":"/items/properties/id"}
    domain: "syntax"
    ignored: ["$id","examples"]
warning: the following keywords are unknown and will be ignored: [$id, examples]
    level: "warning"
    schema: {"loadingURI":"#","pointer":"/items/properties/name"}
    domain: "syntax"
    ignored: ["$id","examples"]
warning: the following keywords are unknown and will be ignored: [$id]
    level: "warning"
    schema: {"loadingURI":"#","pointer":"/items/properties/photoUrls"}
    domain: "syntax"
    ignored: ["$id"]
warning: the following keywords are unknown and will be ignored: [$id, examples]
    level: "warning"
    schema: {"loadingURI":"#","pointer":"/items/properties/photoUrls/items"}
    domain: "syntax"
    ignored: ["$id","examples"]
warning: the following keywords are unknown and will be ignored: [$id, examples]
    level: "warning"
    schema: {"loadingURI":"#","pointer":"/items/properties/status"}
    domain: "syntax"
    ignored: ["$id","examples"]
warning: the following keywords are unknown and will be ignored: [$id]
    level: "warning"
    schema: {"loadingURI":"#","pointer":"/items/properties/tags"}
    domain: "syntax"
    ignored: ["$id"]
warning: the following keywords are unknown and will be ignored: [$id]
    level: "warning"
    schema: {"loadingURI":"#","pointer":"/items/properties/tags/items"}
    domain: "syntax"
    ignored: ["$id"]
warning: the following keywords are unknown and will be ignored: [$id, examples]
    level: "warning"
    schema: {"loadingURI":"#","pointer":"/items/properties/tags/items/properties/id"}
    domain: "syntax"
    ignored: ["$id","examples"]
warning: the following keywords are unknown and will be ignored: [$id, examples]
    level: "warning"
    schema: {"loadingURI":"#","pointer":"/items/properties/tags/items/properties/name"}
    domain: "syntax"
    ignored: ["$id","examples"]
warning: the following keywords are unknown and will be ignored: [$id]
    level: "warning"
    schema: {"loadingURI":"#","pointer":"/items/properties/category"}
    domain: "syntax"
    ignored: ["$id"]
warning: the following keywords are unknown and will be ignored: [$id, examples]
    level: "warning"
    schema: {"loadingURI":"#","pointer":"/items/properties/category/properties/id"}
    domain: "syntax"
    ignored: ["$id","examples"]
warning: the following keywords are unknown and will be ignored: [$id, examples]
    level: "warning"
    schema: {"loadingURI":"#","pointer":"/items/properties/category/properties/name"}
    domain: "syntax"
    ignored: ["$id","examples"]
warning: the following keywords are unknown and will be ignored: [$id, examples]
    level: "warning"
    schema: {"loadingURI":"#","pointer":"/items/properties/category/properties/id"}
    domain: "syntax"
    ignored: ["$id","examples"]
warning: the following keywords are unknown and will be ignored: [$id, examples]
    level: "warning"
    schema: {"loadingURI":"#","pointer":"/items/properties/category/properties/name"}
    domain: "syntax"
    ignored: ["$id","examples"]
warning: the following keywords are unknown and will be ignored: [$id, examples]
    level: "warning"
    schema: {"loadingURI":"#","pointer":"/items/properties/id"}
    domain: "syntax"
    ignored: ["$id","examples"]
warning: the following keywords are unknown and will be ignored: [$id, examples]
    level: "warning"
    schema: {"loadingURI":"#","pointer":"/items/properties/name"}
    domain: "syntax"
    ignored: ["$id","examples"]
warning: the following keywords are unknown and will be ignored: [$id]
    level: "warning"
    schema: {"loadingURI":"#","pointer":"/items/properties/photoUrls"}
    domain: "syntax"
    ignored: ["$id"]
warning: the following keywords are unknown and will be ignored: [$id, examples]
    level: "warning"
    schema: {"loadingURI":"#","pointer":"/items/properties/photoUrls/items"}
    domain: "syntax"
    ignored: ["$id","examples"]
warning: the following keywords are unknown and will be ignored: [$id, examples]
    level: "warning"
    schema: {"loadingURI":"#","pointer":"/items/properties/photoUrls/items"}
    domain: "syntax"
    ignored: ["$id","examples"]
warning: the following keywords are unknown and will be ignored: [$id, examples]
    level: "warning"
    schema: {"loadingURI":"#","pointer":"/items/properties/status"}
    domain: "syntax"
    ignored: ["$id","examples"]
warning: the following keywords are unknown and will be ignored: [$id]
    level: "warning"
    schema: {"loadingURI":"#","pointer":"/items/properties/tags"}
    domain: "syntax"
    ignored: ["$id"]
warning: the following keywords are unknown and will be ignored: [$id]
    level: "warning"
    schema: {"loadingURI":"#","pointer":"/items/properties/tags/items"}
    domain: "syntax"
    ignored: ["$id"]
warning: the following keywords are unknown and will be ignored: [$id, examples]
    level: "warning"
    schema: {"loadingURI":"#","pointer":"/items/properties/tags/items/properties/id"}
    domain: "syntax"
    ignored: ["$id","examples"]
warning: the following keywords are unknown and will be ignored: [$id, examples]
    level: "warning"
    schema: {"loadingURI":"#","pointer":"/items/properties/tags/items/properties/name"}
    domain: "syntax"
    ignored: ["$id","examples"]
warning: the following keywords are unknown and will be ignored: [$id]
    level: "warning"
    schema: {"loadingURI":"#","pointer":"/items/properties/tags/items"}
    domain: "syntax"
    ignored: ["$id"]
warning: the following keywords are unknown and will be ignored: [$id, examples]
    level: "warning"
    schema: {"loadingURI":"#","pointer":"/items/properties/tags/items/properties/id"}
    domain: "syntax"
    ignored: ["$id","examples"]
warning: the following keywords are unknown and will be ignored: [$id, examples]
    level: "warning"
    schema: {"loadingURI":"#","pointer":"/items/properties/tags/items/properties/name"}
    domain: "syntax"
    ignored: ["$id","examples"]
warning: the following keywords are unknown and will be ignored: [$id, examples]
    level: "warning"
    schema: {"loadingURI":"#","pointer":"/items/properties/tags/items/properties/id"}
    domain: "syntax"
    ignored: ["$id","examples"]
warning: the following keywords are unknown and will be ignored: [$id, examples]
    level: "warning"
    schema: {"loadingURI":"#","pointer":"/items/properties/tags/items/properties/name"}
    domain: "syntax"
    ignored: ["$id","examples"]
warning: the following keywords are unknown and will be ignored: [$id]
    level: "warning"
    schema: {"loadingURI":"#","pointer":"/items"}
    domain: "syntax"
    ignored: ["$id"]
warning: the following keywords are unknown and will be ignored: [$id]
    level: "warning"
    schema: {"loadingURI":"#","pointer":"/items/properties/category"}
    domain: "syntax"
    ignored: ["$id"]
warning: the following keywords are unknown and will be ignored: [$id, examples]
    level: "warning"
    schema: {"loadingURI":"#","pointer":"/items/properties/category/properties/id"}
    domain: "syntax"
    ignored: ["$id","examples"]
warning: the following keywords are unknown and will be ignored: [$id, examples]
    level: "warning"
    schema: {"loadingURI":"#","pointer":"/items/properties/category/properties/name"}
    domain: "syntax"
    ignored: ["$id","examples"]
warning: the following keywords are unknown and will be ignored: [$id, examples]
    level: "warning"
    schema: {"loadingURI":"#","pointer":"/items/properties/id"}
    domain: "syntax"
    ignored: ["$id","examples"]
warning: the following keywords are unknown and will be ignored: [$id, examples]
    level: "warning"
    schema: {"loadingURI":"#","pointer":"/items/properties/name"}
    domain: "syntax"
    ignored: ["$id","examples"]
warning: the following keywords are unknown and will be ignored: [$id]
    level: "warning"
    schema: {"loadingURI":"#","pointer":"/items/properties/photoUrls"}
    domain: "syntax"
    ignored: ["$id"]
warning: the following keywords are unknown and will be ignored: [$id, examples]
    level: "warning"
    schema: {"loadingURI":"#","pointer":"/items/properties/photoUrls/items"}
    domain: "syntax"
    ignored: ["$id","examples"]
warning: the following keywords are unknown and will be ignored: [$id, examples]
    level: "warning"
    schema: {"loadingURI":"#","pointer":"/items/properties/status"}
    domain: "syntax"
    ignored: ["$id","examples"]
warning: the following keywords are unknown and will be ignored: [$id]
    level: "warning"
    schema: {"loadingURI":"#","pointer":"/items/properties/tags"}
    domain: "syntax"
    ignored: ["$id"]
warning: the following keywords are unknown and will be ignored: [$id]
    level: "warning"
    schema: {"loadingURI":"#","pointer":"/items/properties/tags/items"}
    domain: "syntax"
    ignored: ["$id"]
warning: the following keywords are unknown and will be ignored: [$id, examples]
    level: "warning"
    schema: {"loadingURI":"#","pointer":"/items/properties/tags/items/properties/id"}
    domain: "syntax"
    ignored: ["$id","examples"]
warning: the following keywords are unknown and will be ignored: [$id, examples]
    level: "warning"
    schema: {"loadingURI":"#","pointer":"/items/properties/tags/items/properties/name"}
    domain: "syntax"
    ignored: ["$id","examples"]
warning: the following keywords are unknown and will be ignored: [$id]
    level: "warning"
    schema: {"loadingURI":"#","pointer":"/items/properties/category"}
    domain: "syntax"
    ignored: ["$id"]
warning: the following keywords are unknown and will be ignored: [$id, examples]
    level: "warning"
    schema: {"loadingURI":"#","pointer":"/items/properties/category/properties/id"}
    domain: "syntax"
    ignored: ["$id","examples"]
warning: the following keywords are unknown and will be ignored: [$id, examples]
    level: "warning"
    schema: {"loadingURI":"#","pointer":"/items/properties/category/properties/name"}
    domain: "syntax"
    ignored: ["$id","examples"]
warning: the following keywords are unknown and will be ignored: [$id, examples]
    level: "warning"
    schema: {"loadingURI":"#","pointer":"/items/properties/category/properties/id"}
    domain: "syntax"
    ignored: ["$id","examples"]
warning: the following keywords are unknown and will be ignored: [$id, examples]
    level: "warning"
    schema: {"loadingURI":"#","pointer":"/items/properties/category/properties/name"}
    domain: "syntax"
    ignored: ["$id","examples"]
warning: the following keywords are unknown and will be ignored: [$id, examples]
    level: "warning"
    schema: {"loadingURI":"#","pointer":"/items/properties/id"}
    domain: "syntax"
    ignored: ["$id","examples"]
warning: the following keywords are unknown and will be ignored: [$id, examples]
    level: "warning"
    schema: {"loadingURI":"#","pointer":"/items/properties/name"}
    domain: "syntax"
    ignored: ["$id","examples"]
warning: the following keywords are unknown and will be ignored: [$id]
    level: "warning"
    schema: {"loadingURI":"#","pointer":"/items/properties/photoUrls"}
    domain: "syntax"
    ignored: ["$id"]
warning: the following keywords are unknown and will be ignored: [$id, examples]
    level: "warning"
    schema: {"loadingURI":"#","pointer":"/items/properties/photoUrls/items"}
    domain: "syntax"
    ignored: ["$id","examples"]
warning: the following keywords are unknown and will be ignored: [$id, examples]
    level: "warning"
    schema: {"loadingURI":"#","pointer":"/items/properties/photoUrls/items"}
    domain: "syntax"
    ignored: ["$id","examples"]
warning: the following keywords are unknown and will be ignored: [$id, examples]
    level: "warning"
    schema: {"loadingURI":"#","pointer":"/items/properties/status"}
    domain: "syntax"
    ignored: ["$id","examples"]
warning: the following keywords are unknown and will be ignored: [$id]
    level: "warning"
    schema: {"loadingURI":"#","pointer":"/items/properties/tags"}
    domain: "syntax"
    ignored: ["$id"]
warning: the following keywords are unknown and will be ignored: [$id]
    level: "warning"
    schema: {"loadingURI":"#","pointer":"/items/properties/tags/items"}
    domain: "syntax"
    ignored: ["$id"]
warning: the following keywords are unknown and will be ignored: [$id, examples]
    level: "warning"
    schema: {"loadingURI":"#","pointer":"/items/properties/tags/items/properties/id"}
    domain: "syntax"
    ignored: ["$id","examples"]
warning: the following keywords are unknown and will be ignored: [$id, examples]
    level: "warning"
    schema: {"loadingURI":"#","pointer":"/items/properties/tags/items/properties/name"}
    domain: "syntax"
    ignored: ["$id","examples"]
warning: the following keywords are unknown and will be ignored: [$id]
    level: "warning"
    schema: {"loadingURI":"#","pointer":"/items/properties/tags/items"}
    domain: "syntax"
    ignored: ["$id"]
warning: the following keywords are unknown and will be ignored: [$id, examples]
    level: "warning"
    schema: {"loadingURI":"#","pointer":"/items/properties/tags/items/properties/id"}
    domain: "syntax"
    ignored: ["$id","examples"]
warning: the following keywords are unknown and will be ignored: [$id, examples]
    level: "warning"
    schema: {"loadingURI":"#","pointer":"/items/properties/tags/items/properties/name"}
    domain: "syntax"
    ignored: ["$id","examples"]
warning: the following keywords are unknown and will be ignored: [$id, examples]
    level: "warning"
    schema: {"loadingURI":"#","pointer":"/items/properties/tags/items/properties/id"}
    domain: "syntax"
    ignored: ["$id","examples"]
warning: the following keywords are unknown and will be ignored: [$id, examples]
    level: "warning"
    schema: {"loadingURI":"#","pointer":"/items/properties/tags/items/properties/name"}
    domain: "syntax"
    ignored: ["$id","examples"]
warning: the following keywords are unknown and will be ignored: [$id]
    level: "warning"
    schema: {"loadingURI":"#","pointer":"/items"}
    domain: "syntax"
    ignored: ["$id"]
warning: the following keywords are unknown and will be ignored: [$id]
    level: "warning"
    schema: {"loadingURI":"#","pointer":"/items/properties/category"}
    domain: "syntax"
    ignored: ["$id"]
warning: the following keywords are unknown and will be ignored: [$id, examples]
    level: "warning"
    schema: {"loadingURI":"#","pointer":"/items/properties/category/properties/id"}
    domain: "syntax"
    ignored: ["$id","examples"]
warning: the following keywords are unknown and will be ignored: [$id, examples]
    level: "warning"
    schema: {"loadingURI":"#","pointer":"/items/properties/category/properties/name"}
    domain: "syntax"
    ignored: ["$id","examples"]
warning: the following keywords are unknown and will be ignored: [$id, examples]
    level: "warning"
    schema: {"loadingURI":"#","pointer":"/items/properties/id"}
    domain: "syntax"
    ignored: ["$id","examples"]
warning: the following keywords are unknown and will be ignored: [$id, examples]
    level: "warning"
    schema: {"loadingURI":"#","pointer":"/items/properties/name"}
    domain: "syntax"
    ignored: ["$id","examples"]
warning: the following keywords are unknown and will be ignored: [$id]
    level: "warning"
    schema: {"loadingURI":"#","pointer":"/items/properties/photoUrls"}
    domain: "syntax"
    ignored: ["$id"]
warning: the following keywords are unknown and will be ignored: [$id, examples]
    level: "warning"
    schema: {"loadingURI":"#","pointer":"/items/properties/photoUrls/items"}
    domain: "syntax"
    ignored: ["$id","examples"]
warning: the following keywords are unknown and will be ignored: [$id, examples]
    level: "warning"
    schema: {"loadingURI":"#","pointer":"/items/properties/status"}
    domain: "syntax"
    ignored: ["$id","examples"]
warning: the following keywords are unknown and will be ignored: [$id]
    level: "warning"
    schema: {"loadingURI":"#","pointer":"/items/properties/tags"}
    domain: "syntax"
    ignored: ["$id"]
warning: the following keywords are unknown and will be ignored: [$id]
    level: "warning"
    schema: {"loadingURI":"#","pointer":"/items/properties/tags/items"}
    domain: "syntax"
    ignored: ["$id"]
warning: the following keywords are unknown and will be ignored: [$id, examples]
    level: "warning"
    schema: {"loadingURI":"#","pointer":"/items/properties/tags/items/properties/id"}
    domain: "syntax"
    ignored: ["$id","examples"]
warning: the following keywords are unknown and will be ignored: [$id, examples]
    level: "warning"
    schema: {"loadingURI":"#","pointer":"/items/properties/tags/items/properties/name"}
    domain: "syntax"
    ignored: ["$id","examples"]
warning: the following keywords are unknown and will be ignored: [$id]
    level: "warning"
    schema: {"loadingURI":"#","pointer":"/items/properties/category"}
    domain: "syntax"
    ignored: ["$id"]
warning: the following keywords are unknown and will be ignored: [$id, examples]
    level: "warning"
    schema: {"loadingURI":"#","pointer":"/items/properties/category/properties/id"}
    domain: "syntax"
    ignored: ["$id","examples"]
warning: the following keywords are unknown and will be ignored: [$id, examples]
    level: "warning"
    schema: {"loadingURI":"#","pointer":"/items/properties/category/properties/name"}
    domain: "syntax"
    ignored: ["$id","examples"]
warning: the following keywords are unknown and will be ignored: [$id, examples]
    level: "warning"
    schema: {"loadingURI":"#","pointer":"/items/properties/category/properties/id"}
    domain: "syntax"
    ignored: ["$id","examples"]
warning: the following keywords are unknown and will be ignored: [$id, examples]
    level: "warning"
    schema: {"loadingURI":"#","pointer":"/items/properties/category/properties/name"}
    domain: "syntax"
    ignored: ["$id","examples"]
warning: the following keywords are unknown and will be ignored: [$id, examples]
    level: "warning"
    schema: {"loadingURI":"#","pointer":"/items/properties/id"}
    domain: "syntax"
    ignored: ["$id","examples"]
warning: the following keywords are unknown and will be ignored: [$id, examples]
    level: "warning"
    schema: {"loadingURI":"#","pointer":"/items/properties/name"}
    domain: "syntax"
    ignored: ["$id","examples"]
warning: the following keywords are unknown and will be ignored: [$id]
    level: "warning"
    schema: {"loadingURI":"#","pointer":"/items/properties/photoUrls"}
    domain: "syntax"
    ignored: ["$id"]
warning: the following keywords are unknown and will be ignored: [$id, examples]
    level: "warning"
    schema: {"loadingURI":"#","pointer":"/items/properties/photoUrls/items"}
    domain: "syntax"
    ignored: ["$id","examples"]
warning: the following keywords are unknown and will be ignored: [$id, examples]
    level: "warning"
    schema: {"loadingURI":"#","pointer":"/items/properties/photoUrls/items"}
    domain: "syntax"
    ignored: ["$id","examples"]
warning: the following keywords are unknown and will be ignored: [$id, examples]
    level: "warning"
    schema: {"loadingURI":"#","pointer":"/items/properties/status"}
    domain: "syntax"
    ignored: ["$id","examples"]
warning: the following keywords are unknown and will be ignored: [$id]
    level: "warning"
    schema: {"loadingURI":"#","pointer":"/items/properties/tags"}
    domain: "syntax"
    ignored: ["$id"]
warning: the following keywords are unknown and will be ignored: [$id]
    level: "warning"
    schema: {"loadingURI":"#","pointer":"/items/properties/tags/items"}
    domain: "syntax"
    ignored: ["$id"]
warning: the following keywords are unknown and will be ignored: [$id, examples]
    level: "warning"
    schema: {"loadingURI":"#","pointer":"/items/properties/tags/items/properties/id"}
    domain: "syntax"
    ignored: ["$id","examples"]
warning: the following keywords are unknown and will be ignored: [$id, examples]
    level: "warning"
    schema: {"loadingURI":"#","pointer":"/items/properties/tags/items/properties/name"}
    domain: "syntax"
    ignored: ["$id","examples"]
warning: the following keywords are unknown and will be ignored: [$id]
    level: "warning"
    schema: {"loadingURI":"#","pointer":"/items/properties/tags/items"}
    domain: "syntax"
    ignored: ["$id"]
warning: the following keywords are unknown and will be ignored: [$id, examples]
    level: "warning"
    schema: {"loadingURI":"#","pointer":"/items/properties/tags/items/properties/id"}
    domain: "syntax"
    ignored: ["$id","examples"]
warning: the following keywords are unknown and will be ignored: [$id, examples]
    level: "warning"
    schema: {"loadingURI":"#","pointer":"/items/properties/tags/items/properties/name"}
    domain: "syntax"
    ignored: ["$id","examples"]
warning: the following keywords are unknown and will be ignored: [$id, examples]
    level: "warning"
    schema: {"loadingURI":"#","pointer":"/items/properties/tags/items/properties/id"}
    domain: "syntax"
    ignored: ["$id","examples"]
warning: the following keywords are unknown and will be ignored: [$id, examples]
    level: "warning"
    schema: {"loadingURI":"#","pointer":"/items/properties/tags/items/properties/name"}
    domain: "syntax"
    ignored: ["$id","examples"]
warning: the following keywords are unknown and will be ignored: [$id]
    level: "warning"
    schema: {"loadingURI":"#","pointer":"/items"}
    domain: "syntax"
    ignored: ["$id"]
warning: the following keywords are unknown and will be ignored: [$id]
    level: "warning"
    schema: {"loadingURI":"#","pointer":"/items/properties/category"}
    domain: "syntax"
    ignored: ["$id"]
warning: the following keywords are unknown and will be ignored: [$id, examples]
    level: "warning"
    schema: {"loadingURI":"#","pointer":"/items/properties/category/properties/id"}
    domain: "syntax"
    ignored: ["$id","examples"]
warning: the following keywords are unknown and will be ignored: [$id, examples]
    level: "warning"
    schema: {"loadingURI":"#","pointer":"/items/properties/category/properties/name"}
    domain: "syntax"
    ignored: ["$id","examples"]
warning: the following keywords are unknown and will be ignored: [$id, examples]
    level: "warning"
    schema: {"loadingURI":"#","pointer":"/items/properties/id"}
    domain: "syntax"
    ignored: ["$id","examples"]
warning: the following keywords are unknown and will be ignored: [$id, examples]
    level: "warning"
    schema: {"loadingURI":"#","pointer":"/items/properties/name"}
    domain: "syntax"
    ignored: ["$id","examples"]
warning: the following keywords are unknown and will be ignored: [$id]
    level: "warning"
    schema: {"loadingURI":"#","pointer":"/items/properties/photoUrls"}
    domain: "syntax"
    ignored: ["$id"]
warning: the following keywords are unknown and will be ignored: [$id, examples]
    level: "warning"
    schema: {"loadingURI":"#","pointer":"/items/properties/photoUrls/items"}
    domain: "syntax"
    ignored: ["$id","examples"]
warning: the following keywords are unknown and will be ignored: [$id, examples]
    level: "warning"
    schema: {"loadingURI":"#","pointer":"/items/properties/status"}
    domain: "syntax"
    ignored: ["$id","examples"]
warning: the following keywords are unknown and will be ignored: [$id]
    level: "warning"
    schema: {"loadingURI":"#","pointer":"/items/properties/tags"}
    domain: "syntax"
    ignored: ["$id"]
warning: the following keywords are unknown and will be ignored: [$id]
    level: "warning"
    schema: {"loadingURI":"#","pointer":"/items/properties/tags/items"}
    domain: "syntax"
    ignored: ["$id"]
warning: the following keywords are unknown and will be ignored: [$id, examples]
    level: "warning"
    schema: {"loadingURI":"#","pointer":"/items/properties/tags/items/properties/id"}
    domain: "syntax"
    ignored: ["$id","examples"]
warning: the following keywords are unknown and will be ignored: [$id, examples]
    level: "warning"
    schema: {"loadingURI":"#","pointer":"/items/properties/tags/items/properties/name"}
    domain: "syntax"
    ignored: ["$id","examples"]
warning: the following keywords are unknown and will be ignored: [$id]
    level: "warning"
    schema: {"loadingURI":"#","pointer":"/items/properties/category"}
    domain: "syntax"
    ignored: ["$id"]
warning: the following keywords are unknown and will be ignored: [$id, examples]
    level: "warning"
    schema: {"loadingURI":"#","pointer":"/items/properties/category/properties/id"}
    domain: "syntax"
    ignored: ["$id","examples"]
warning: the following keywords are unknown and will be ignored: [$id, examples]
    level: "warning"
    schema: {"loadingURI":"#","pointer":"/items/properties/category/properties/name"}
    domain: "syntax"
    ignored: ["$id","examples"]
warning: the following keywords are unknown and will be ignored: [$id, examples]
    level: "warning"
    schema: {"loadingURI":"#","pointer":"/items/properties/category/properties/id"}
    domain: "syntax"
    ignored: ["$id","examples"]
warning: the following keywords are unknown and will be ignored: [$id, examples]
    level: "warning"
    schema: {"loadingURI":"#","pointer":"/items/properties/category/properties/name"}
    domain: "syntax"
    ignored: ["$id","examples"]
warning: the following keywords are unknown and will be ignored: [$id, examples]
    level: "warning"
    schema: {"loadingURI":"#","pointer":"/items/properties/id"}
    domain: "syntax"
    ignored: ["$id","examples"]
warning: the following keywords are unknown and will be ignored: [$id, examples]
    level: "warning"
    schema: {"loadingURI":"#","pointer":"/items/properties/name"}
    domain: "syntax"
    ignored: ["$id","examples"]
warning: the following keywords are unknown and will be ignored: [$id]
    level: "warning"
    schema: {"loadingURI":"#","pointer":"/items/properties/photoUrls"}
    domain: "syntax"
    ignored: ["$id"]
warning: the following keywords are unknown and will be ignored: [$id, examples]
    level: "warning"
    schema: {"loadingURI":"#","pointer":"/items/properties/photoUrls/items"}
    domain: "syntax"
    ignored: ["$id","examples"]
warning: the following keywords are unknown and will be ignored: [$id, examples]
    level: "warning"
    schema: {"loadingURI":"#","pointer":"/items/properties/photoUrls/items"}
    domain: "syntax"
    ignored: ["$id","examples"]
warning: the following keywords are unknown and will be ignored: [$id, examples]
    level: "warning"
    schema: {"loadingURI":"#","pointer":"/items/properties/status"}
    domain: "syntax"
    ignored: ["$id","examples"]
warning: the following keywords are unknown and will be ignored: [$id]
    level: "warning"
    schema: {"loadingURI":"#","pointer":"/items/properties/tags"}
    domain: "syntax"
    ignored: ["$id"]
warning: the following keywords are unknown and will be ignored: [$id]
    level: "warning"
    schema: {"loadingURI":"#","pointer":"/items/properties/tags/items"}
    domain: "syntax"
    ignored: ["$id"]
warning: the following keywords are unknown and will be ignored: [$id, examples]
    level: "warning"
    schema: {"loadingURI":"#","pointer":"/items/properties/tags/items/properties/id"}
    domain: "syntax"
    ignored: ["$id","examples"]
warning: the following keywords are unknown and will be ignored: [$id, examples]
    level: "warning"
    schema: {"loadingURI":"#","pointer":"/items/properties/tags/items/properties/name"}
    domain: "syntax"
    ignored: ["$id","examples"]
warning: the following keywords are unknown and will be ignored: [$id]
    level: "warning"
    schema: {"loadingURI":"#","pointer":"/items/properties/tags/items"}
    domain: "syntax"
    ignored: ["$id"]
warning: the following keywords are unknown and will be ignored: [$id, examples]
    level: "warning"
    schema: {"loadingURI":"#","pointer":"/items/properties/tags/items/properties/id"}
    domain: "syntax"
    ignored: ["$id","examples"]
warning: the following keywords are unknown and will be ignored: [$id, examples]
    level: "warning"
    schema: {"loadingURI":"#","pointer":"/items/properties/tags/items/properties/name"}
    domain: "syntax"
    ignored: ["$id","examples"]
warning: the following keywords are unknown and will be ignored: [$id, examples]
    level: "warning"
    schema: {"loadingURI":"#","pointer":"/items/properties/tags/items/properties/id"}
    domain: "syntax"
    ignored: ["$id","examples"]
warning: the following keywords are unknown and will be ignored: [$id, examples]
    level: "warning"
    schema: {"loadingURI":"#","pointer":"/items/properties/tags/items/properties/name"}
    domain: "syntax"
    ignored: ["$id","examples"]
warning: the following keywords are unknown and will be ignored: [$id]
    level: "warning"
    schema: {"loadingURI":"#","pointer":"/items"}
    domain: "syntax"
    ignored: ["$id"]
warning: the following keywords are unknown and will be ignored: [$id]
    level: "warning"
    schema: {"loadingURI":"#","pointer":"/items/properties/category"}
    domain: "syntax"
    ignored: ["$id"]
warning: the following keywords are unknown and will be ignored: [$id, examples]
    level: "warning"
    schema: {"loadingURI":"#","pointer":"/items/properties/category/properties/id"}
    domain: "syntax"
    ignored: ["$id","examples"]
warning: the following keywords are unknown and will be ignored: [$id, examples]
    level: "warning"
    schema: {"loadingURI":"#","pointer":"/items/properties/category/properties/name"}
    domain: "syntax"
    ignored: ["$id","examples"]
warning: the following keywords are unknown and will be ignored: [$id, examples]
    level: "warning"
    schema: {"loadingURI":"#","pointer":"/items/properties/id"}
    domain: "syntax"
    ignored: ["$id","examples"]
warning: the following keywords are unknown and will be ignored: [$id, examples]
    level: "warning"
    schema: {"loadingURI":"#","pointer":"/items/properties/name"}
    domain: "syntax"
    ignored: ["$id","examples"]
warning: the following keywords are unknown and will be ignored: [$id]
    level: "warning"
    schema: {"loadingURI":"#","pointer":"/items/properties/photoUrls"}
    domain: "syntax"
    ignored: ["$id"]
warning: the following keywords are unknown and will be ignored: [$id, examples]
    level: "warning"
    schema: {"loadingURI":"#","pointer":"/items/properties/photoUrls/items"}
    domain: "syntax"
    ignored: ["$id","examples"]
warning: the following keywords are unknown and will be ignored: [$id, examples]
    level: "warning"
    schema: {"loadingURI":"#","pointer":"/items/properties/status"}
    domain: "syntax"
    ignored: ["$id","examples"]
warning: the following keywords are unknown and will be ignored: [$id]
    level: "warning"
    schema: {"loadingURI":"#","pointer":"/items/properties/tags"}
    domain: "syntax"
    ignored: ["$id"]
warning: the following keywords are unknown and will be ignored: [$id]
    level: "warning"
    schema: {"loadingURI":"#","pointer":"/items/properties/tags/items"}
    domain: "syntax"
    ignored: ["$id"]
warning: the following keywords are unknown and will be ignored: [$id, examples]
    level: "warning"
    schema: {"loadingURI":"#","pointer":"/items/properties/tags/items/properties/id"}
    domain: "syntax"
    ignored: ["$id","examples"]
warning: the following keywords are unknown and will be ignored: [$id, examples]
    level: "warning"
    schema: {"loadingURI":"#","pointer":"/items/properties/tags/items/properties/name"}
    domain: "syntax"
    ignored: ["$id","examples"]
warning: the following keywords are unknown and will be ignored: [$id]
    level: "warning"
    schema: {"loadingURI":"#","pointer":"/items/properties/category"}
    domain: "syntax"
    ignored: ["$id"]
warning: the following keywords are unknown and will be ignored: [$id, examples]
    level: "warning"
    schema: {"loadingURI":"#","pointer":"/items/properties/category/properties/id"}
    domain: "syntax"
    ignored: ["$id","examples"]
warning: the following keywords are unknown and will be ignored: [$id, examples]
    level: "warning"
    schema: {"loadingURI":"#","pointer":"/items/properties/category/properties/name"}
    domain: "syntax"
    ignored: ["$id","examples"]
warning: the following keywords are unknown and will be ignored: [$id, examples]
    level: "warning"
    schema: {"loadingURI":"#","pointer":"/items/properties/category/properties/id"}
    domain: "syntax"
    ignored: ["$id","examples"]
warning: the following keywords are unknown and will be ignored: [$id, examples]
    level: "warning"
    schema: {"loadingURI":"#","pointer":"/items/properties/category/properties/name"}
    domain: "syntax"
    ignored: ["$id","examples"]
warning: the following keywords are unknown and will be ignored: [$id, examples]
    level: "warning"
    schema: {"loadingURI":"#","pointer":"/items/properties/id"}
    domain: "syntax"
    ignored: ["$id","examples"]
warning: the following keywords are unknown and will be ignored: [$id, examples]
    level: "warning"
    schema: {"loadingURI":"#","pointer":"/items/properties/name"}
    domain: "syntax"
    ignored: ["$id","examples"]
warning: the following keywords are unknown and will be ignored: [$id]
    level: "warning"
    schema: {"loadingURI":"#","pointer":"/items/properties/photoUrls"}
    domain: "syntax"
    ignored: ["$id"]
warning: the following keywords are unknown and will be ignored: [$id, examples]
    level: "warning"
    schema: {"loadingURI":"#","pointer":"/items/properties/photoUrls/items"}
    domain: "syntax"
    ignored: ["$id","examples"]
warning: the following keywords are unknown and will be ignored: [$id, examples]
    level: "warning"
    schema: {"loadingURI":"#","pointer":"/items/properties/photoUrls/items"}
    domain: "syntax"
    ignored: ["$id","examples"]
warning: the following keywords are unknown and will be ignored: [$id, examples]
    level: "warning"
    schema: {"loadingURI":"#","pointer":"/items/properties/status"}
    domain: "syntax"
    ignored: ["$id","examples"]
warning: the following keywords are unknown and will be ignored: [$id]
    level: "warning"
    schema: {"loadingURI":"#","pointer":"/items/properties/tags"}
    domain: "syntax"
    ignored: ["$id"]
warning: the following keywords are unknown and will be ignored: [$id]
    level: "warning"
    schema: {"loadingURI":"#","pointer":"/items/properties/tags/items"}
    domain: "syntax"
    ignored: ["$id"]
warning: the following keywords are unknown and will be ignored: [$id, examples]
    level: "warning"
    schema: {"loadingURI":"#","pointer":"/items/properties/tags/items/properties/id"}
    domain: "syntax"
    ignored: ["$id","examples"]
warning: the following keywords are unknown and will be ignored: [$id, examples]
    level: "warning"
    schema: {"loadingURI":"#","pointer":"/items/properties/tags/items/properties/name"}
    domain: "syntax"
    ignored: ["$id","examples"]
warning: the following keywords are unknown and will be ignored: [$id]
    level: "warning"
    schema: {"loadingURI":"#","pointer":"/items/properties/tags/items"}
    domain: "syntax"
    ignored: ["$id"]
warning: the following keywords are unknown and will be ignored: [$id, examples]
    level: "warning"
    schema: {"loadingURI":"#","pointer":"/items/properties/tags/items/properties/id"}
    domain: "syntax"
    ignored: ["$id","examples"]
warning: the following keywords are unknown and will be ignored: [$id, examples]
    level: "warning"
    schema: {"loadingURI":"#","pointer":"/items/properties/tags/items/properties/name"}
    domain: "syntax"
    ignored: ["$id","examples"]
warning: the following keywords are unknown and will be ignored: [$id, examples]
    level: "warning"
    schema: {"loadingURI":"#","pointer":"/items/properties/tags/items/properties/id"}
    domain: "syntax"
    ignored: ["$id","examples"]
warning: the following keywords are unknown and will be ignored: [$id, examples]
    level: "warning"
    schema: {"loadingURI":"#","pointer":"/items/properties/tags/items/properties/name"}
    domain: "syntax"
    ignored: ["$id","examples"]
warning: the following keywords are unknown and will be ignored: [$id]
    level: "warning"
    schema: {"loadingURI":"#","pointer":"/items"}
    domain: "syntax"
    ignored: ["$id"]
warning: the following keywords are unknown and will be ignored: [$id]
    level: "warning"
    schema: {"loadingURI":"#","pointer":"/items/properties/category"}
    domain: "syntax"
    ignored: ["$id"]
warning: the following keywords are unknown and will be ignored: [$id, examples]
    level: "warning"
    schema: {"loadingURI":"#","pointer":"/items/properties/category/properties/id"}
    domain: "syntax"
    ignored: ["$id","examples"]
warning: the following keywords are unknown and will be ignored: [$id, examples]
    level: "warning"
    schema: {"loadingURI":"#","pointer":"/items/properties/category/properties/name"}
    domain: "syntax"
    ignored: ["$id","examples"]
warning: the following keywords are unknown and will be ignored: [$id, examples]
    level: "warning"
    schema: {"loadingURI":"#","pointer":"/items/properties/id"}
    domain: "syntax"
    ignored: ["$id","examples"]
warning: the following keywords are unknown and will be ignored: [$id, examples]
    level: "warning"
    schema: {"loadingURI":"#","pointer":"/items/properties/name"}
    domain: "syntax"
    ignored: ["$id","examples"]
warning: the following keywords are unknown and will be ignored: [$id]
    level: "warning"
    schema: {"loadingURI":"#","pointer":"/items/properties/photoUrls"}
    domain: "syntax"
    ignored: ["$id"]
warning: the following keywords are unknown and will be ignored: [$id, examples]
    level: "warning"
    schema: {"loadingURI":"#","pointer":"/items/properties/photoUrls/items"}
    domain: "syntax"
    ignored: ["$id","examples"]
warning: the following keywords are unknown and will be ignored: [$id, examples]
    level: "warning"
    schema: {"loadingURI":"#","pointer":"/items/properties/status"}
    domain: "syntax"
    ignored: ["$id","examples"]
warning: the following keywords are unknown and will be ignored: [$id]
    level: "warning"
    schema: {"loadingURI":"#","pointer":"/items/properties/tags"}
    domain: "syntax"
    ignored: ["$id"]
warning: the following keywords are unknown and will be ignored: [$id]
    level: "warning"
    schema: {"loadingURI":"#","pointer":"/items/properties/tags/items"}
    domain: "syntax"
    ignored: ["$id"]
warning: the following keywords are unknown and will be ignored: [$id, examples]
    level: "warning"
    schema: {"loadingURI":"#","pointer":"/items/properties/tags/items/properties/id"}
    domain: "syntax"
    ignored: ["$id","examples"]
warning: the following keywords are unknown and will be ignored: [$id, examples]
    level: "warning"
    schema: {"loadingURI":"#","pointer":"/items/properties/tags/items/properties/name"}
    domain: "syntax"
    ignored: ["$id","examples"]
warning: the following keywords are unknown and will be ignored: [$id]
    level: "warning"
    schema: {"loadingURI":"#","pointer":"/items/properties/category"}
    domain: "syntax"
    ignored: ["$id"]
warning: the following keywords are unknown and will be ignored: [$id, examples]
    level: "warning"
    schema: {"loadingURI":"#","pointer":"/items/properties/category/properties/id"}
    domain: "syntax"
    ignored: ["$id","examples"]
warning: the following keywords are unknown and will be ignored: [$id, examples]
    level: "warning"
    schema: {"loadingURI":"#","pointer":"/items/properties/category/properties/name"}
    domain: "syntax"
    ignored: ["$id","examples"]
warning: the following keywords are unknown and will be ignored: [$id, examples]
    level: "warning"
    schema: {"loadingURI":"#","pointer":"/items/properties/category/properties/id"}
    domain: "syntax"
    ignored: ["$id","examples"]
warning: the following keywords are unknown and will be ignored: [$id, examples]
    level: "warning"
    schema: {"loadingURI":"#","pointer":"/items/properties/category/properties/name"}
    domain: "syntax"
    ignored: ["$id","examples"]
warning: the following keywords are unknown and will be ignored: [$id, examples]
    level: "warning"
    schema: {"loadingURI":"#","pointer":"/items/properties/id"}
    domain: "syntax"
    ignored: ["$id","examples"]
warning: the following keywords are unknown and will be ignored: [$id, examples]
    level: "warning"
    schema: {"loadingURI":"#","pointer":"/items/properties/name"}
    domain: "syntax"
    ignored: ["$id","examples"]
warning: the following keywords are unknown and will be ignored: [$id]
    level: "warning"
    schema: {"loadingURI":"#","pointer":"/items/properties/photoUrls"}
    domain: "syntax"
    ignored: ["$id"]
warning: the following keywords are unknown and will be ignored: [$id, examples]
    level: "warning"
    schema: {"loadingURI":"#","pointer":"/items/properties/photoUrls/items"}
    domain: "syntax"
    ignored: ["$id","examples"]
warning: the following keywords are unknown and will be ignored: [$id, examples]
    level: "warning"
    schema: {"loadingURI":"#","pointer":"/items/properties/photoUrls/items"}
    domain: "syntax"
    ignored: ["$id","examples"]
warning: the following keywords are unknown and will be ignored: [$id, examples]
    level: "warning"
    schema: {"loadingURI":"#","pointer":"/items/properties/status"}
    domain: "syntax"
    ignored: ["$id","examples"]
warning: the following keywords are unknown and will be ignored: [$id]
    level: "warning"
    schema: {"loadingURI":"#","pointer":"/items/properties/tags"}
    domain: "syntax"
    ignored: ["$id"]
warning: the following keywords are unknown and will be ignored: [$id]
    level: "warning"
    schema: {"loadingURI":"#","pointer":"/items/properties/tags/items"}
    domain: "syntax"
    ignored: ["$id"]
warning: the following keywords are unknown and will be ignored: [$id, examples]
    level: "warning"
    schema: {"loadingURI":"#","pointer":"/items/properties/tags/items/properties/id"}
    domain: "syntax"
    ignored: ["$id","examples"]
warning: the following keywords are unknown and will be ignored: [$id, examples]
    level: "warning"
    schema: {"loadingURI":"#","pointer":"/items/properties/tags/items/properties/name"}
    domain: "syntax"
    ignored: ["$id","examples"]
warning: the following keywords are unknown and will be ignored: [$id]
    level: "warning"
    schema: {"loadingURI":"#","pointer":"/items/properties/tags/items"}
    domain: "syntax"
    ignored: ["$id"]
warning: the following keywords are unknown and will be ignored: [$id, examples]
    level: "warning"
    schema: {"loadingURI":"#","pointer":"/items/properties/tags/items/properties/id"}
    domain: "syntax"
    ignored: ["$id","examples"]
warning: the following keywords are unknown and will be ignored: [$id, examples]
    level: "warning"
    schema: {"loadingURI":"#","pointer":"/items/properties/tags/items/properties/name"}
    domain: "syntax"
    ignored: ["$id","examples"]
warning: the following keywords are unknown and will be ignored: [$id, examples]
    level: "warning"
    schema: {"loadingURI":"#","pointer":"/items/properties/tags/items/properties/id"}
    domain: "syntax"
    ignored: ["$id","examples"]
warning: the following keywords are unknown and will be ignored: [$id, examples]
    level: "warning"
    schema: {"loadingURI":"#","pointer":"/items/properties/tags/items/properties/name"}
    domain: "syntax"
    ignored: ["$id","examples"]
warning: the following keywords are unknown and will be ignored: [$id]
    level: "warning"
    schema: {"loadingURI":"#","pointer":"/items"}
    domain: "syntax"
    ignored: ["$id"]
warning: the following keywords are unknown and will be ignored: [$id]
    level: "warning"
    schema: {"loadingURI":"#","pointer":"/items/properties/category"}
    domain: "syntax"
    ignored: ["$id"]
warning: the following keywords are unknown and will be ignored: [$id, examples]
    level: "warning"
    schema: {"loadingURI":"#","pointer":"/items/properties/category/properties/id"}
    domain: "syntax"
    ignored: ["$id","examples"]
warning: the following keywords are unknown and will be ignored: [$id, examples]
    level: "warning"
    schema: {"loadingURI":"#","pointer":"/items/properties/category/properties/name"}
    domain: "syntax"
    ignored: ["$id","examples"]
warning: the following keywords are unknown and will be ignored: [$id, examples]
    level: "warning"
    schema: {"loadingURI":"#","pointer":"/items/properties/id"}
    domain: "syntax"
    ignored: ["$id","examples"]
warning: the following keywords are unknown and will be ignored: [$id, examples]
    level: "warning"
    schema: {"loadingURI":"#","pointer":"/items/properties/name"}
    domain: "syntax"
    ignored: ["$id","examples"]
warning: the following keywords are unknown and will be ignored: [$id]
    level: "warning"
    schema: {"loadingURI":"#","pointer":"/items/properties/photoUrls"}
    domain: "syntax"
    ignored: ["$id"]
warning: the following keywords are unknown and will be ignored: [$id, examples]
    level: "warning"
    schema: {"loadingURI":"#","pointer":"/items/properties/photoUrls/items"}
    domain: "syntax"
    ignored: ["$id","examples"]
warning: the following keywords are unknown and will be ignored: [$id, examples]
    level: "warning"
    schema: {"loadingURI":"#","pointer":"/items/properties/status"}
    domain: "syntax"
    ignored: ["$id","examples"]
warning: the following keywords are unknown and will be ignored: [$id]
    level: "warning"
    schema: {"loadingURI":"#","pointer":"/items/properties/tags"}
    domain: "syntax"
    ignored: ["$id"]
warning: the following keywords are unknown and will be ignored: [$id]
    level: "warning"
    schema: {"loadingURI":"#","pointer":"/items/properties/tags/items"}
    domain: "syntax"
    ignored: ["$id"]
warning: the following keywords are unknown and will be ignored: [$id, examples]
    level: "warning"
    schema: {"loadingURI":"#","pointer":"/items/properties/tags/items/properties/id"}
    domain: "syntax"
    ignored: ["$id","examples"]
warning: the following keywords are unknown and will be ignored: [$id, examples]
    level: "warning"
    schema: {"loadingURI":"#","pointer":"/items/properties/tags/items/properties/name"}
    domain: "syntax"
    ignored: ["$id","examples"]
warning: the following keywords are unknown and will be ignored: [$id]
    level: "warning"
    schema: {"loadingURI":"#","pointer":"/items/properties/category"}
    domain: "syntax"
    ignored: ["$id"]
warning: the following keywords are unknown and will be ignored: [$id, examples]
    level: "warning"
    schema: {"loadingURI":"#","pointer":"/items/properties/category/properties/id"}
    domain: "syntax"
    ignored: ["$id","examples"]
warning: the following keywords are unknown and will be ignored: [$id, examples]
    level: "warning"
    schema: {"loadingURI":"#","pointer":"/items/properties/category/properties/name"}
    domain: "syntax"
    ignored: ["$id","examples"]
warning: the following keywords are unknown and will be ignored: [$id, examples]
    level: "warning"
    schema: {"loadingURI":"#","pointer":"/items/properties/category/properties/id"}
    domain: "syntax"
    ignored: ["$id","examples"]
warning: the following keywords are unknown and will be ignored: [$id, examples]
    level: "warning"
    schema: {"loadingURI":"#","pointer":"/items/properties/category/properties/name"}
    domain: "syntax"
    ignored: ["$id","examples"]
warning: the following keywords are unknown and will be ignored: [$id, examples]
    level: "warning"
    schema: {"loadingURI":"#","pointer":"/items/properties/id"}
    domain: "syntax"
    ignored: ["$id","examples"]
warning: the following keywords are unknown and will be ignored: [$id, examples]
    level: "warning"
    schema: {"loadingURI":"#","pointer":"/items/properties/name"}
    domain: "syntax"
    ignored: ["$id","examples"]
warning: the following keywords are unknown and will be ignored: [$id]
    level: "warning"
    schema: {"loadingURI":"#","pointer":"/items/properties/photoUrls"}
    domain: "syntax"
    ignored: ["$id"]
warning: the following keywords are unknown and will be ignored: [$id, examples]
    level: "warning"
    schema: {"loadingURI":"#","pointer":"/items/properties/photoUrls/items"}
    domain: "syntax"
    ignored: ["$id","examples"]
warning: the following keywords are unknown and will be ignored: [$id, examples]
    level: "warning"
    schema: {"loadingURI":"#","pointer":"/items/properties/photoUrls/items"}
    domain: "syntax"
    ignored: ["$id","examples"]
warning: the following keywords are unknown and will be ignored: [$id, examples]
    level: "warning"
    schema: {"loadingURI":"#","pointer":"/items/properties/status"}
    domain: "syntax"
    ignored: ["$id","examples"]
warning: the following keywords are unknown and will be ignored: [$id]
    level: "warning"
    schema: {"loadingURI":"#","pointer":"/items/properties/tags"}
    domain: "syntax"
    ignored: ["$id"]
warning: the following keywords are unknown and will be ignored: [$id]
    level: "warning"
    schema: {"loadingURI":"#","pointer":"/items/properties/tags/items"}
    domain: "syntax"
    ignored: ["$id"]
warning: the following keywords are unknown and will be ignored: [$id, examples]
    level: "warning"
    schema: {"loadingURI":"#","pointer":"/items/properties/tags/items/properties/id"}
    domain: "syntax"
    ignored: ["$id","examples"]
warning: the following keywords are unknown and will be ignored: [$id, examples]
    level: "warning"
    schema: {"loadingURI":"#","pointer":"/items/properties/tags/items/properties/name"}
    domain: "syntax"
    ignored: ["$id","examples"]
warning: the following keywords are unknown and will be ignored: [$id]
    level: "warning"
    schema: {"loadingURI":"#","pointer":"/items/properties/tags/items"}
    domain: "syntax"
    ignored: ["$id"]
warning: the following keywords are unknown and will be ignored: [$id, examples]
    level: "warning"
    schema: {"loadingURI":"#","pointer":"/items/properties/tags/items/properties/id"}
    domain: "syntax"
    ignored: ["$id","examples"]
warning: the following keywords are unknown and will be ignored: [$id, examples]
    level: "warning"
    schema: {"loadingURI":"#","pointer":"/items/properties/tags/items/properties/name"}
    domain: "syntax"
    ignored: ["$id","examples"]
warning: the following keywords are unknown and will be ignored: [$id, examples]
    level: "warning"
    schema: {"loadingURI":"#","pointer":"/items/properties/tags/items/properties/id"}
    domain: "syntax"
    ignored: ["$id","examples"]
warning: the following keywords are unknown and will be ignored: [$id, examples]
    level: "warning"
    schema: {"loadingURI":"#","pointer":"/items/properties/tags/items/properties/name"}
    domain: "syntax"
    ignored: ["$id","examples"]
warning: the following keywords are unknown and will be ignored: [$id]
    level: "warning"
    schema: {"loadingURI":"#","pointer":"/items"}
    domain: "syntax"
    ignored: ["$id"]
warning: the following keywords are unknown and will be ignored: [$id]
    level: "warning"
    schema: {"loadingURI":"#","pointer":"/items/properties/category"}
    domain: "syntax"
    ignored: ["$id"]
warning: the following keywords are unknown and will be ignored: [$id, examples]
    level: "warning"
    schema: {"loadingURI":"#","pointer":"/items/properties/category/properties/id"}
    domain: "syntax"
    ignored: ["$id","examples"]
warning: the following keywords are unknown and will be ignored: [$id, examples]
    level: "warning"
    schema: {"loadingURI":"#","pointer":"/items/properties/category/properties/name"}
    domain: "syntax"
    ignored: ["$id","examples"]
warning: the following keywords are unknown and will be ignored: [$id, examples]
    level: "warning"
    schema: {"loadingURI":"#","pointer":"/items/properties/id"}
    domain: "syntax"
    ignored: ["$id","examples"]
warning: the following keywords are unknown and will be ignored: [$id, examples]
    level: "warning"
    schema: {"loadingURI":"#","pointer":"/items/properties/name"}
    domain: "syntax"
    ignored: ["$id","examples"]
warning: the following keywords are unknown and will be ignored: [$id]
    level: "warning"
    schema: {"loadingURI":"#","pointer":"/items/properties/photoUrls"}
    domain: "syntax"
    ignored: ["$id"]
warning: the following keywords are unknown and will be ignored: [$id, examples]
    level: "warning"
    schema: {"loadingURI":"#","pointer":"/items/properties/photoUrls/items"}
    domain: "syntax"
    ignored: ["$id","examples"]
warning: the following keywords are unknown and will be ignored: [$id, examples]
    level: "warning"
    schema: {"loadingURI":"#","pointer":"/items/properties/status"}
    domain: "syntax"
    ignored: ["$id","examples"]
warning: the following keywords are unknown and will be ignored: [$id]
    level: "warning"
    schema: {"loadingURI":"#","pointer":"/items/properties/tags"}
    domain: "syntax"
    ignored: ["$id"]
warning: the following keywords are unknown and will be ignored: [$id]
    level: "warning"
    schema: {"loadingURI":"#","pointer":"/items/properties/tags/items"}
    domain: "syntax"
    ignored: ["$id"]
warning: the following keywords are unknown and will be ignored: [$id, examples]
    level: "warning"
    schema: {"loadingURI":"#","pointer":"/items/properties/tags/items/properties/id"}
    domain: "syntax"
    ignored: ["$id","examples"]
warning: the following keywords are unknown and will be ignored: [$id, examples]
    level: "warning"
    schema: {"loadingURI":"#","pointer":"/items/properties/tags/items/properties/name"}
    domain: "syntax"
    ignored: ["$id","examples"]
warning: the following keywords are unknown and will be ignored: [$id]
    level: "warning"
    schema: {"loadingURI":"#","pointer":"/items/properties/category"}
    domain: "syntax"
    ignored: ["$id"]
warning: the following keywords are unknown and will be ignored: [$id, examples]
    level: "warning"
    schema: {"loadingURI":"#","pointer":"/items/properties/category/properties/id"}
    domain: "syntax"
    ignored: ["$id","examples"]
warning: the following keywords are unknown and will be ignored: [$id, examples]
    level: "warning"
    schema: {"loadingURI":"#","pointer":"/items/properties/category/properties/name"}
    domain: "syntax"
    ignored: ["$id","examples"]
warning: the following keywords are unknown and will be ignored: [$id, examples]
    level: "warning"
    schema: {"loadingURI":"#","pointer":"/items/properties/category/properties/id"}
    domain: "syntax"
    ignored: ["$id","examples"]
warning: the following keywords are unknown and will be ignored: [$id, examples]
    level: "warning"
    schema: {"loadingURI":"#","pointer":"/items/properties/category/properties/name"}
    domain: "syntax"
    ignored: ["$id","examples"]
warning: the following keywords are unknown and will be ignored: [$id, examples]
    level: "warning"
    schema: {"loadingURI":"#","pointer":"/items/properties/id"}
    domain: "syntax"
    ignored: ["$id","examples"]
warning: the following keywords are unknown and will be ignored: [$id, examples]
    level: "warning"
    schema: {"loadingURI":"#","pointer":"/items/properties/name"}
    domain: "syntax"
    ignored: ["$id","examples"]
warning: the following keywords are unknown and will be ignored: [$id]
    level: "warning"
    schema: {"loadingURI":"#","pointer":"/items/properties/photoUrls"}
    domain: "syntax"
    ignored: ["$id"]
warning: the following keywords are unknown and will be ignored: [$id, examples]
    level: "warning"
    schema: {"loadingURI":"#","pointer":"/items/properties/photoUrls/items"}
    domain: "syntax"
    ignored: ["$id","examples"]
warning: the following keywords are unknown and will be ignored: [$id, examples]
    level: "warning"
    schema: {"loadingURI":"#","pointer":"/items/properties/photoUrls/items"}
    domain: "syntax"
    ignored: ["$id","examples"]
warning: the following keywords are unknown and will be ignored: [$id, examples]
    level: "warning"
    schema: {"loadingURI":"#","pointer":"/items/properties/status"}
    domain: "syntax"
    ignored: ["$id","examples"]
warning: the following keywords are unknown and will be ignored: [$id]
    level: "warning"
    schema: {"loadingURI":"#","pointer":"/items/properties/tags"}
    domain: "syntax"
    ignored: ["$id"]
warning: the following keywords are unknown and will be ignored: [$id]
    level: "warning"
    schema: {"loadingURI":"#","pointer":"/items/properties/tags/items"}
    domain: "syntax"
    ignored: ["$id"]
warning: the following keywords are unknown and will be ignored: [$id, examples]
    level: "warning"
    schema: {"loadingURI":"#","pointer":"/items/properties/tags/items/properties/id"}
    domain: "syntax"
    ignored: ["$id","examples"]
warning: the following keywords are unknown and will be ignored: [$id, examples]
    level: "warning"
    schema: {"loadingURI":"#","pointer":"/items/properties/tags/items/properties/name"}
    domain: "syntax"
    ignored: ["$id","examples"]
warning: the following keywords are unknown and will be ignored: [$id]
    level: "warning"
    schema: {"loadingURI":"#","pointer":"/items/properties/tags/items"}
    domain: "syntax"
    ignored: ["$id"]
warning: the following keywords are unknown and will be ignored: [$id, examples]
    level: "warning"
    schema: {"loadingURI":"#","pointer":"/items/properties/tags/items/properties/id"}
    domain: "syntax"
    ignored: ["$id","examples"]
warning: the following keywords are unknown and will be ignored: [$id, examples]
    level: "warning"
    schema: {"loadingURI":"#","pointer":"/items/properties/tags/items/properties/name"}
    domain: "syntax"
    ignored: ["$id","examples"]
warning: the following keywords are unknown and will be ignored: [$id, examples]
    level: "warning"
    schema: {"loadingURI":"#","pointer":"/items/properties/tags/items/properties/id"}
    domain: "syntax"
    ignored: ["$id","examples"]
warning: the following keywords are unknown and will be ignored: [$id, examples]
    level: "warning"
    schema: {"loadingURI":"#","pointer":"/items/properties/tags/items/properties/name"}
    domain: "syntax"
    ignored: ["$id","examples"]
warning: the following keywords are unknown and will be ignored: [$id]
    level: "warning"
    schema: {"loadingURI":"#","pointer":"/items"}
    domain: "syntax"
    ignored: ["$id"]
warning: the following keywords are unknown and will be ignored: [$id]
    level: "warning"
    schema: {"loadingURI":"#","pointer":"/items/properties/category"}
    domain: "syntax"
    ignored: ["$id"]
warning: the following keywords are unknown and will be ignored: [$id, examples]
    level: "warning"
    schema: {"loadingURI":"#","pointer":"/items/properties/category/properties/id"}
    domain: "syntax"
    ignored: ["$id","examples"]
warning: the following keywords are unknown and will be ignored: [$id, examples]
    level: "warning"
    schema: {"loadingURI":"#","pointer":"/items/properties/category/properties/name"}
    domain: "syntax"
    ignored: ["$id","examples"]
warning: the following keywords are unknown and will be ignored: [$id, examples]
    level: "warning"
    schema: {"loadingURI":"#","pointer":"/items/properties/id"}
    domain: "syntax"
    ignored: ["$id","examples"]
warning: the following keywords are unknown and will be ignored: [$id, examples]
    level: "warning"
    schema: {"loadingURI":"#","pointer":"/items/properties/name"}
    domain: "syntax"
    ignored: ["$id","examples"]
warning: the following keywords are unknown and will be ignored: [$id]
    level: "warning"
    schema: {"loadingURI":"#","pointer":"/items/properties/photoUrls"}
    domain: "syntax"
    ignored: ["$id"]
warning: the following keywords are unknown and will be ignored: [$id, examples]
    level: "warning"
    schema: {"loadingURI":"#","pointer":"/items/properties/photoUrls/items"}
    domain: "syntax"
    ignored: ["$id","examples"]
warning: the following keywords are unknown and will be ignored: [$id, examples]
    level: "warning"
    schema: {"loadingURI":"#","pointer":"/items/properties/status"}
    domain: "syntax"
    ignored: ["$id","examples"]
warning: the following keywords are unknown and will be ignored: [$id]
    level: "warning"
    schema: {"loadingURI":"#","pointer":"/items/properties/tags"}
    domain: "syntax"
    ignored: ["$id"]
warning: the following keywords are unknown and will be ignored: [$id]
    level: "warning"
    schema: {"loadingURI":"#","pointer":"/items/properties/tags/items"}
    domain: "syntax"
    ignored: ["$id"]
warning: the following keywords are unknown and will be ignored: [$id, examples]
    level: "warning"
    schema: {"loadingURI":"#","pointer":"/items/properties/tags/items/properties/id"}
    domain: "syntax"
    ignored: ["$id","examples"]
warning: the following keywords are unknown and will be ignored: [$id, examples]
    level: "warning"
    schema: {"loadingURI":"#","pointer":"/items/properties/tags/items/properties/name"}
    domain: "syntax"
    ignored: ["$id","examples"]
warning: the following keywords are unknown and will be ignored: [$id]
    level: "warning"
    schema: {"loadingURI":"#","pointer":"/items/properties/category"}
    domain: "syntax"
    ignored: ["$id"]
warning: the following keywords are unknown and will be ignored: [$id, examples]
    level: "warning"
    schema: {"loadingURI":"#","pointer":"/items/properties/category/properties/id"}
    domain: "syntax"
    ignored: ["$id","examples"]
warning: the following keywords are unknown and will be ignored: [$id, examples]
    level: "warning"
    schema: {"loadingURI":"#","pointer":"/items/properties/category/properties/name"}
    domain: "syntax"
    ignored: ["$id","examples"]
warning: the following keywords are unknown and will be ignored: [$id, examples]
    level: "warning"
    schema: {"loadingURI":"#","pointer":"/items/properties/category/properties/id"}
    domain: "syntax"
    ignored: ["$id","examples"]
warning: the following keywords are unknown and will be ignored: [$id, examples]
    level: "warning"
    schema: {"loadingURI":"#","pointer":"/items/properties/category/properties/name"}
    domain: "syntax"
    ignored: ["$id","examples"]
warning: the following keywords are unknown and will be ignored: [$id, examples]
    level: "warning"
    schema: {"loadingURI":"#","pointer":"/items/properties/id"}
    domain: "syntax"
    ignored: ["$id","examples"]
warning: the following keywords are unknown and will be ignored: [$id, examples]
    level: "warning"
    schema: {"loadingURI":"#","pointer":"/items/properties/name"}
    domain: "syntax"
    ignored: ["$id","examples"]
warning: the following keywords are unknown and will be ignored: [$id]
    level: "warning"
    schema: {"loadingURI":"#","pointer":"/items/properties/photoUrls"}
    domain: "syntax"
    ignored: ["$id"]
warning: the following keywords are unknown and will be ignored: [$id, examples]
    level: "warning"
    schema: {"loadingURI":"#","pointer":"/items/properties/photoUrls/items"}
    domain: "syntax"
    ignored: ["$id","examples"]
warning: the following keywords are unknown and will be ignored: [$id, examples]
    level: "warning"
    schema: {"loadingURI":"#","pointer":"/items/properties/photoUrls/items"}
    domain: "syntax"
    ignored: ["$id","examples"]
warning: the following keywords are unknown and will be ignored: [$id, examples]
    level: "warning"
    schema: {"loadingURI":"#","pointer":"/items/properties/status"}
    domain: "syntax"
    ignored: ["$id","examples"]
warning: the following keywords are unknown and will be ignored: [$id]
    level: "warning"
    schema: {"loadingURI":"#","pointer":"/items/properties/tags"}
    domain: "syntax"
    ignored: ["$id"]
warning: the following keywords are unknown and will be ignored: [$id]
    level: "warning"
    schema: {"loadingURI":"#","pointer":"/items/properties/tags/items"}
    domain: "syntax"
    ignored: ["$id"]
warning: the following keywords are unknown and will be ignored: [$id, examples]
    level: "warning"
    schema: {"loadingURI":"#","pointer":"/items/properties/tags/items/properties/id"}
    domain: "syntax"
    ignored: ["$id","examples"]
warning: the following keywords are unknown and will be ignored: [$id, examples]
    level: "warning"
    schema: {"loadingURI":"#","pointer":"/items/properties/tags/items/properties/name"}
    domain: "syntax"
    ignored: ["$id","examples"]
warning: the following keywords are unknown and will be ignored: [$id]
    level: "warning"
    schema: {"loadingURI":"#","pointer":"/items/properties/tags/items"}
    domain: "syntax"
    ignored: ["$id"]
warning: the following keywords are unknown and will be ignored: [$id, examples]
    level: "warning"
    schema: {"loadingURI":"#","pointer":"/items/properties/tags/items/properties/id"}
    domain: "syntax"
    ignored: ["$id","examples"]
warning: the following keywords are unknown and will be ignored: [$id, examples]
    level: "warning"
    schema: {"loadingURI":"#","pointer":"/items/properties/tags/items/properties/name"}
    domain: "syntax"
    ignored: ["$id","examples"]
warning: the following keywords are unknown and will be ignored: [$id, examples]
    level: "warning"
    schema: {"loadingURI":"#","pointer":"/items/properties/tags/items/properties/id"}
    domain: "syntax"
    ignored: ["$id","examples"]
warning: the following keywords are unknown and will be ignored: [$id, examples]
    level: "warning"
    schema: {"loadingURI":"#","pointer":"/items/properties/tags/items/properties/name"}
    domain: "syntax"
    ignored: ["$id","examples"]
warning: the following keywords are unknown and will be ignored: [$id]
    level: "warning"
    schema: {"loadingURI":"#","pointer":"/items"}
    domain: "syntax"
    ignored: ["$id"]
warning: the following keywords are unknown and will be ignored: [$id]
    level: "warning"
    schema: {"loadingURI":"#","pointer":"/items/properties/category"}
    domain: "syntax"
    ignored: ["$id"]
warning: the following keywords are unknown and will be ignored: [$id, examples]
    level: "warning"
    schema: {"loadingURI":"#","pointer":"/items/properties/category/properties/id"}
    domain: "syntax"
    ignored: ["$id","examples"]
warning: the following keywords are unknown and will be ignored: [$id, examples]
    level: "warning"
    schema: {"loadingURI":"#","pointer":"/items/properties/category/properties/name"}
    domain: "syntax"
    ignored: ["$id","examples"]
warning: the following keywords are unknown and will be ignored: [$id, examples]
    level: "warning"
    schema: {"loadingURI":"#","pointer":"/items/properties/id"}
    domain: "syntax"
    ignored: ["$id","examples"]
warning: the following keywords are unknown and will be ignored: [$id, examples]
    level: "warning"
    schema: {"loadingURI":"#","pointer":"/items/properties/name"}
    domain: "syntax"
    ignored: ["$id","examples"]
warning: the following keywords are unknown and will be ignored: [$id]
    level: "warning"
    schema: {"loadingURI":"#","pointer":"/items/properties/photoUrls"}
    domain: "syntax"
    ignored: ["$id"]
warning: the following keywords are unknown and will be ignored: [$id, examples]
    level: "warning"
    schema: {"loadingURI":"#","pointer":"/items/properties/photoUrls/items"}
    domain: "syntax"
    ignored: ["$id","examples"]
warning: the following keywords are unknown and will be ignored: [$id, examples]
    level: "warning"
    schema: {"loadingURI":"#","pointer":"/items/properties/status"}
    domain: "syntax"
    ignored: ["$id","examples"]
warning: the following keywords are unknown and will be ignored: [$id]
    level: "warning"
    schema: {"loadingURI":"#","pointer":"/items/properties/tags"}
    domain: "syntax"
    ignored: ["$id"]
warning: the following keywords are unknown and will be ignored: [$id]
    level: "warning"
    schema: {"loadingURI":"#","pointer":"/items/properties/tags/items"}
    domain: "syntax"
    ignored: ["$id"]
warning: the following keywords are unknown and will be ignored: [$id, examples]
    level: "warning"
    schema: {"loadingURI":"#","pointer":"/items/properties/tags/items/properties/id"}
    domain: "syntax"
    ignored: ["$id","examples"]
warning: the following keywords are unknown and will be ignored: [$id, examples]
    level: "warning"
    schema: {"loadingURI":"#","pointer":"/items/properties/tags/items/properties/name"}
    domain: "syntax"
    ignored: ["$id","examples"]
warning: the following keywords are unknown and will be ignored: [$id]
    level: "warning"
    schema: {"loadingURI":"#","pointer":"/items/properties/category"}
    domain: "syntax"
    ignored: ["$id"]
warning: the following keywords are unknown and will be ignored: [$id, examples]
    level: "warning"
    schema: {"loadingURI":"#","pointer":"/items/properties/category/properties/id"}
    domain: "syntax"
    ignored: ["$id","examples"]
warning: the following keywords are unknown and will be ignored: [$id, examples]
    level: "warning"
    schema: {"loadingURI":"#","pointer":"/items/properties/category/properties/name"}
    domain: "syntax"
    ignored: ["$id","examples"]
warning: the following keywords are unknown and will be ignored: [$id, examples]
    level: "warning"
    schema: {"loadingURI":"#","pointer":"/items/properties/category/properties/id"}
    domain: "syntax"
    ignored: ["$id","examples"]
warning: the following keywords are unknown and will be ignored: [$id, examples]
    level: "warning"
    schema: {"loadingURI":"#","pointer":"/items/properties/category/properties/name"}
    domain: "syntax"
    ignored: ["$id","examples"]
warning: the following keywords are unknown and will be ignored: [$id, examples]
    level: "warning"
    schema: {"loadingURI":"#","pointer":"/items/properties/id"}
    domain: "syntax"
    ignored: ["$id","examples"]
warning: the following keywords are unknown and will be ignored: [$id, examples]
    level: "warning"
    schema: {"loadingURI":"#","pointer":"/items/properties/name"}
    domain: "syntax"
    ignored: ["$id","examples"]
warning: the following keywords are unknown and will be ignored: [$id]
    level: "warning"
    schema: {"loadingURI":"#","pointer":"/items/properties/photoUrls"}
    domain: "syntax"
    ignored: ["$id"]
warning: the following keywords are unknown and will be ignored: [$id, examples]
    level: "warning"
    schema: {"loadingURI":"#","pointer":"/items/properties/photoUrls/items"}
    domain: "syntax"
    ignored: ["$id","examples"]
warning: the following keywords are unknown and will be ignored: [$id, examples]
    level: "warning"
    schema: {"loadingURI":"#","pointer":"/items/properties/photoUrls/items"}
    domain: "syntax"
    ignored: ["$id","examples"]
warning: the following keywords are unknown and will be ignored: [$id, examples]
    level: "warning"
    schema: {"loadingURI":"#","pointer":"/items/properties/status"}
    domain: "syntax"
    ignored: ["$id","examples"]
warning: the following keywords are unknown and will be ignored: [$id]
    level: "warning"
    schema: {"loadingURI":"#","pointer":"/items/properties/tags"}
    domain: "syntax"
    ignored: ["$id"]
warning: the following keywords are unknown and will be ignored: [$id]
    level: "warning"
    schema: {"loadingURI":"#","pointer":"/items/properties/tags/items"}
    domain: "syntax"
    ignored: ["$id"]
warning: the following keywords are unknown and will be ignored: [$id, examples]
    level: "warning"
    schema: {"loadingURI":"#","pointer":"/items/properties/tags/items/properties/id"}
    domain: "syntax"
    ignored: ["$id","examples"]
warning: the following keywords are unknown and will be ignored: [$id, examples]
    level: "warning"
    schema: {"loadingURI":"#","pointer":"/items/properties/tags/items/properties/name"}
    domain: "syntax"
    ignored: ["$id","examples"]
warning: the following keywords are unknown and will be ignored: [$id]
    level: "warning"
    schema: {"loadingURI":"#","pointer":"/items/properties/tags/items"}
    domain: "syntax"
    ignored: ["$id"]
warning: the following keywords are unknown and will be ignored: [$id, examples]
    level: "warning"
    schema: {"loadingURI":"#","pointer":"/items/properties/tags/items/properties/id"}
    domain: "syntax"
    ignored: ["$id","examples"]
warning: the following keywords are unknown and will be ignored: [$id, examples]
    level: "warning"
    schema: {"loadingURI":"#","pointer":"/items/properties/tags/items/properties/name"}
    domain: "syntax"
    ignored: ["$id","examples"]
warning: the following keywords are unknown and will be ignored: [$id, examples]
    level: "warning"
    schema: {"loadingURI":"#","pointer":"/items/properties/tags/items/properties/id"}
    domain: "syntax"
    ignored: ["$id","examples"]
warning: the following keywords are unknown and will be ignored: [$id, examples]
    level: "warning"
    schema: {"loadingURI":"#","pointer":"/items/properties/tags/items/properties/name"}
    domain: "syntax"
    ignored: ["$id","examples"]
warning: the following keywords are unknown and will be ignored: [$id]
    level: "warning"
    schema: {"loadingURI":"#","pointer":"/items"}
    domain: "syntax"
    ignored: ["$id"]
warning: the following keywords are unknown and will be ignored: [$id]
    level: "warning"
    schema: {"loadingURI":"#","pointer":"/items/properties/category"}
    domain: "syntax"
    ignored: ["$id"]
warning: the following keywords are unknown and will be ignored: [$id, examples]
    level: "warning"
    schema: {"loadingURI":"#","pointer":"/items/properties/category/properties/id"}
    domain: "syntax"
    ignored: ["$id","examples"]
warning: the following keywords are unknown and will be ignored: [$id, examples]
    level: "warning"
    schema: {"loadingURI":"#","pointer":"/items/properties/category/properties/name"}
    domain: "syntax"
    ignored: ["$id","examples"]
warning: the following keywords are unknown and will be ignored: [$id, examples]
    level: "warning"
    schema: {"loadingURI":"#","pointer":"/items/properties/id"}
    domain: "syntax"
    ignored: ["$id","examples"]
warning: the following keywords are unknown and will be ignored: [$id, examples]
    level: "warning"
    schema: {"loadingURI":"#","pointer":"/items/properties/name"}
    domain: "syntax"
    ignored: ["$id","examples"]
warning: the following keywords are unknown and will be ignored: [$id]
    level: "warning"
    schema: {"loadingURI":"#","pointer":"/items/properties/photoUrls"}
    domain: "syntax"
    ignored: ["$id"]
warning: the following keywords are unknown and will be ignored: [$id, examples]
    level: "warning"
    schema: {"loadingURI":"#","pointer":"/items/properties/photoUrls/items"}
    domain: "syntax"
    ignored: ["$id","examples"]
warning: the following keywords are unknown and will be ignored: [$id, examples]
    level: "warning"
    schema: {"loadingURI":"#","pointer":"/items/properties/status"}
    domain: "syntax"
    ignored: ["$id","examples"]
warning: the following keywords are unknown and will be ignored: [$id]
    level: "warning"
    schema: {"loadingURI":"#","pointer":"/items/properties/tags"}
    domain: "syntax"
    ignored: ["$id"]
warning: the following keywords are unknown and will be ignored: [$id]
    level: "warning"
    schema: {"loadingURI":"#","pointer":"/items/properties/tags/items"}
    domain: "syntax"
    ignored: ["$id"]
warning: the following keywords are unknown and will be ignored: [$id, examples]
    level: "warning"
    schema: {"loadingURI":"#","pointer":"/items/properties/tags/items/properties/id"}
    domain: "syntax"
    ignored: ["$id","examples"]
warning: the following keywords are unknown and will be ignored: [$id, examples]
    level: "warning"
    schema: {"loadingURI":"#","pointer":"/items/properties/tags/items/properties/name"}
    domain: "syntax"
    ignored: ["$id","examples"]
error: object has missing required properties (["category"])
    level: "error"
    schema: {"loadingURI":"#","pointer":"/items"}
    instance: {"pointer":"/73"}
    domain: "validation"
    keyword: "required"
    required: ["category","id","name","photoUrls","status","tags"]
    missing: ["category"]
warning: the following keywords are unknown and will be ignored: [$id]
    level: "warning"
    schema: {"loadingURI":"#","pointer":"/items"}
    domain: "syntax"
    ignored: ["$id"]
warning: the following keywords are unknown and will be ignored: [$id]
    level: "warning"
    schema: {"loadingURI":"#","pointer":"/items/properties/category"}
    domain: "syntax"
    ignored: ["$id"]
warning: the following keywords are unknown and will be ignored: [$id, examples]
    level: "warning"
    schema: {"loadingURI":"#","pointer":"/items/properties/category/properties/id"}
    domain: "syntax"
    ignored: ["$id","examples"]
warning: the following keywords are unknown and will be ignored: [$id, examples]
    level: "warning"
    schema: {"loadingURI":"#","pointer":"/items/properties/category/properties/name"}
    domain: "syntax"
    ignored: ["$id","examples"]
warning: the following keywords are unknown and will be ignored: [$id, examples]
    level: "warning"
    schema: {"loadingURI":"#","pointer":"/items/properties/id"}
    domain: "syntax"
    ignored: ["$id","examples"]
warning: the following keywords are unknown and will be ignored: [$id, examples]
    level: "warning"
    schema: {"loadingURI":"#","pointer":"/items/properties/name"}
    domain: "syntax"
    ignored: ["$id","examples"]
warning: the following keywords are unknown and will be ignored: [$id]
    level: "warning"
    schema: {"loadingURI":"#","pointer":"/items/properties/photoUrls"}
    domain: "syntax"
    ignored: ["$id"]
warning: the following keywords are unknown and will be ignored: [$id, examples]
    level: "warning"
    schema: {"loadingURI":"#","pointer":"/items/properties/photoUrls/items"}
    domain: "syntax"
    ignored: ["$id","examples"]
warning: the following keywords are unknown and will be ignored: [$id, examples]
    level: "warning"
    schema: {"loadingURI":"#","pointer":"/items/properties/status"}
    domain: "syntax"
    ignored: ["$id","examples"]
warning: the following keywords are unknown and will be ignored: [$id]
    level: "warning"
    schema: {"loadingURI":"#","pointer":"/items/properties/tags"}
    domain: "syntax"
    ignored: ["$id"]
warning: the following keywords are unknown and will be ignored: [$id]
    level: "warning"
    schema: {"loadingURI":"#","pointer":"/items/properties/tags/items"}
    domain: "syntax"
    ignored: ["$id"]
warning: the following keywords are unknown and will be ignored: [$id, examples]
    level: "warning"
    schema: {"loadingURI":"#","pointer":"/items/properties/tags/items/properties/id"}
    domain: "syntax"
    ignored: ["$id","examples"]
warning: the following keywords are unknown and will be ignored: [$id, examples]
    level: "warning"
    schema: {"loadingURI":"#","pointer":"/items/properties/tags/items/properties/name"}
    domain: "syntax"
    ignored: ["$id","examples"]
warning: the following keywords are unknown and will be ignored: [$id]
    level: "warning"
    schema: {"loadingURI":"#","pointer":"/items"}
    domain: "syntax"
    ignored: ["$id"]
warning: the following keywords are unknown and will be ignored: [$id]
    level: "warning"
    schema: {"loadingURI":"#","pointer":"/items/properties/category"}
    domain: "syntax"
    ignored: ["$id"]
warning: the following keywords are unknown and will be ignored: [$id, examples]
    level: "warning"
    schema: {"loadingURI":"#","pointer":"/items/properties/category/properties/id"}
    domain: "syntax"
    ignored: ["$id","examples"]
warning: the following keywords are unknown and will be ignored: [$id, examples]
    level: "warning"
    schema: {"loadingURI":"#","pointer":"/items/properties/category/properties/name"}
    domain: "syntax"
    ignored: ["$id","examples"]
warning: the following keywords are unknown and will be ignored: [$id, examples]
    level: "warning"
    schema: {"loadingURI":"#","pointer":"/items/properties/id"}
    domain: "syntax"
    ignored: ["$id","examples"]
warning: the following keywords are unknown and will be ignored: [$id, examples]
    level: "warning"
    schema: {"loadingURI":"#","pointer":"/items/properties/name"}
    domain: "syntax"
    ignored: ["$id","examples"]
warning: the following keywords are unknown and will be ignored: [$id]
    level: "warning"
    schema: {"loadingURI":"#","pointer":"/items/properties/photoUrls"}
    domain: "syntax"
    ignored: ["$id"]
warning: the following keywords are unknown and will be ignored: [$id, examples]
    level: "warning"
    schema: {"loadingURI":"#","pointer":"/items/properties/photoUrls/items"}
    domain: "syntax"
    ignored: ["$id","examples"]
warning: the following keywords are unknown and will be ignored: [$id, examples]
    level: "warning"
    schema: {"loadingURI":"#","pointer":"/items/properties/status"}
    domain: "syntax"
    ignored: ["$id","examples"]
warning: the following keywords are unknown and will be ignored: [$id]
    level: "warning"
    schema: {"loadingURI":"#","pointer":"/items/properties/tags"}
    domain: "syntax"
    ignored: ["$id"]
warning: the following keywords are unknown and will be ignored: [$id]
    level: "warning"
    schema: {"loadingURI":"#","pointer":"/items/properties/tags/items"}
    domain: "syntax"
    ignored: ["$id"]
warning: the following keywords are unknown and will be ignored: [$id, examples]
    level: "warning"
    schema: {"loadingURI":"#","pointer":"/items/properties/tags/items/properties/id"}
    domain: "syntax"
    ignored: ["$id","examples"]
warning: the following keywords are unknown and will be ignored: [$id, examples]
    level: "warning"
    schema: {"loadingURI":"#","pointer":"/items/properties/tags/items/properties/name"}
    domain: "syntax"
    ignored: ["$id","examples"]
warning: the following keywords are unknown and will be ignored: [$id]
    level: "warning"
    schema: {"loadingURI":"#","pointer":"/items"}
    domain: "syntax"
    ignored: ["$id"]
warning: the following keywords are unknown and will be ignored: [$id]
    level: "warning"
    schema: {"loadingURI":"#","pointer":"/items/properties/category"}
    domain: "syntax"
    ignored: ["$id"]
warning: the following keywords are unknown and will be ignored: [$id, examples]
    level: "warning"
    schema: {"loadingURI":"#","pointer":"/items/properties/category/properties/id"}
    domain: "syntax"
    ignored: ["$id","examples"]
warning: the following keywords are unknown and will be ignored: [$id, examples]
    level: "warning"
    schema: {"loadingURI":"#","pointer":"/items/properties/category/properties/name"}
    domain: "syntax"
    ignored: ["$id","examples"]
warning: the following keywords are unknown and will be ignored: [$id, examples]
    level: "warning"
    schema: {"loadingURI":"#","pointer":"/items/properties/id"}
    domain: "syntax"
    ignored: ["$id","examples"]
warning: the following keywords are unknown and will be ignored: [$id, examples]
    level: "warning"
    schema: {"loadingURI":"#","pointer":"/items/properties/name"}
    domain: "syntax"
    ignored: ["$id","examples"]
warning: the following keywords are unknown and will be ignored: [$id]
    level: "warning"
    schema: {"loadingURI":"#","pointer":"/items/properties/photoUrls"}
    domain: "syntax"
    ignored: ["$id"]
warning: the following keywords are unknown and will be ignored: [$id, examples]
    level: "warning"
    schema: {"loadingURI":"#","pointer":"/items/properties/photoUrls/items"}
    domain: "syntax"
    ignored: ["$id","examples"]
warning: the following keywords are unknown and will be ignored: [$id, examples]
    level: "warning"
    schema: {"loadingURI":"#","pointer":"/items/properties/status"}
    domain: "syntax"
    ignored: ["$id","examples"]
warning: the following keywords are unknown and will be ignored: [$id]
    level: "warning"
    schema: {"loadingURI":"#","pointer":"/items/properties/tags"}
    domain: "syntax"
    ignored: ["$id"]
warning: the following keywords are unknown and will be ignored: [$id]
    level: "warning"
    schema: {"loadingURI":"#","pointer":"/items/properties/tags/items"}
    domain: "syntax"
    ignored: ["$id"]
warning: the following keywords are unknown and will be ignored: [$id, examples]
    level: "warning"
    schema: {"loadingURI":"#","pointer":"/items/properties/tags/items/properties/id"}
    domain: "syntax"
    ignored: ["$id","examples"]
warning: the following keywords are unknown and will be ignored: [$id, examples]
    level: "warning"
    schema: {"loadingURI":"#","pointer":"/items/properties/tags/items/properties/name"}
    domain: "syntax"
    ignored: ["$id","examples"]
warning: the following keywords are unknown and will be ignored: [$id]
    level: "warning"
    schema: {"loadingURI":"#","pointer":"/items"}
    domain: "syntax"
    ignored: ["$id"]
warning: the following keywords are unknown and will be ignored: [$id]
    level: "warning"
    schema: {"loadingURI":"#","pointer":"/items/properties/category"}
    domain: "syntax"
    ignored: ["$id"]
warning: the following keywords are unknown and will be ignored: [$id, examples]
    level: "warning"
    schema: {"loadingURI":"#","pointer":"/items/properties/category/properties/id"}
    domain: "syntax"
    ignored: ["$id","examples"]
warning: the following keywords are unknown and will be ignored: [$id, examples]
    level: "warning"
    schema: {"loadingURI":"#","pointer":"/items/properties/category/properties/name"}
    domain: "syntax"
    ignored: ["$id","examples"]
warning: the following keywords are unknown and will be ignored: [$id, examples]
    level: "warning"
    schema: {"loadingURI":"#","pointer":"/items/properties/id"}
    domain: "syntax"
    ignored: ["$id","examples"]
warning: the following keywords are unknown and will be ignored: [$id, examples]
    level: "warning"
    schema: {"loadingURI":"#","pointer":"/items/properties/name"}
    domain: "syntax"
    ignored: ["$id","examples"]
warning: the following keywords are unknown and will be ignored: [$id]
    level: "warning"
    schema: {"loadingURI":"#","pointer":"/items/properties/photoUrls"}
    domain: "syntax"
    ignored: ["$id"]
warning: the following keywords are unknown and will be ignored: [$id, examples]
    level: "warning"
    schema: {"loadingURI":"#","pointer":"/items/properties/photoUrls/items"}
    domain: "syntax"
    ignored: ["$id","examples"]
warning: the following keywords are unknown and will be ignored: [$id, examples]
    level: "warning"
    schema: {"loadingURI":"#","pointer":"/items/properties/status"}
    domain: "syntax"
    ignored: ["$id","examples"]
warning: the following keywords are unknown and will be ignored: [$id]
    level: "warning"
    schema: {"loadingURI":"#","pointer":"/items/properties/tags"}
    domain: "syntax"
    ignored: ["$id"]
warning: the following keywords are unknown and will be ignored: [$id]
    level: "warning"
    schema: {"loadingURI":"#","pointer":"/items/properties/tags/items"}
    domain: "syntax"
    ignored: ["$id"]
warning: the following keywords are unknown and will be ignored: [$id, examples]
    level: "warning"
    schema: {"loadingURI":"#","pointer":"/items/properties/tags/items/properties/id"}
    domain: "syntax"
    ignored: ["$id","examples"]
warning: the following keywords are unknown and will be ignored: [$id, examples]
    level: "warning"
    schema: {"loadingURI":"#","pointer":"/items/properties/tags/items/properties/name"}
    domain: "syntax"
    ignored: ["$id","examples"]
warning: the following keywords are unknown and will be ignored: [$id]
    level: "warning"
    schema: {"loadingURI":"#","pointer":"/items"}
    domain: "syntax"
    ignored: ["$id"]
warning: the following keywords are unknown and will be ignored: [$id]
    level: "warning"
    schema: {"loadingURI":"#","pointer":"/items/properties/category"}
    domain: "syntax"
    ignored: ["$id"]
warning: the following keywords are unknown and will be ignored: [$id, examples]
    level: "warning"
    schema: {"loadingURI":"#","pointer":"/items/properties/category/properties/id"}
    domain: "syntax"
    ignored: ["$id","examples"]
warning: the following keywords are unknown and will be ignored: [$id, examples]
    level: "warning"
    schema: {"loadingURI":"#","pointer":"/items/properties/category/properties/name"}
    domain: "syntax"
    ignored: ["$id","examples"]
warning: the following keywords are unknown and will be ignored: [$id, examples]
    level: "warning"
    schema: {"loadingURI":"#","pointer":"/items/properties/id"}
    domain: "syntax"
    ignored: ["$id","examples"]
warning: the following keywords are unknown and will be ignored: [$id, examples]
    level: "warning"
    schema: {"loadingURI":"#","pointer":"/items/properties/name"}
    domain: "syntax"
    ignored: ["$id","examples"]
warning: the following keywords are unknown and will be ignored: [$id]
    level: "warning"
    schema: {"loadingURI":"#","pointer":"/items/properties/photoUrls"}
    domain: "syntax"
    ignored: ["$id"]
warning: the following keywords are unknown and will be ignored: [$id, examples]
    level: "warning"
    schema: {"loadingURI":"#","pointer":"/items/properties/photoUrls/items"}
    domain: "syntax"
    ignored: ["$id","examples"]
warning: the following keywords are unknown and will be ignored: [$id, examples]
    level: "warning"
    schema: {"loadingURI":"#","pointer":"/items/properties/status"}
    domain: "syntax"
    ignored: ["$id","examples"]
warning: the following keywords are unknown and will be ignored: [$id]
    level: "warning"
    schema: {"loadingURI":"#","pointer":"/items/properties/tags"}
    domain: "syntax"
    ignored: ["$id"]
warning: the following keywords are unknown and will be ignored: [$id]
    level: "warning"
    schema: {"loadingURI":"#","pointer":"/items/properties/tags/items"}
    domain: "syntax"
    ignored: ["$id"]
warning: the following keywords are unknown and will be ignored: [$id, examples]
    level: "warning"
    schema: {"loadingURI":"#","pointer":"/items/properties/tags/items/properties/id"}
    domain: "syntax"
    ignored: ["$id","examples"]
warning: the following keywords are unknown and will be ignored: [$id, examples]
    level: "warning"
    schema: {"loadingURI":"#","pointer":"/items/properties/tags/items/properties/name"}
    domain: "syntax"
    ignored: ["$id","examples"]
warning: the following keywords are unknown and will be ignored: [$id]
    level: "warning"
    schema: {"loadingURI":"#","pointer":"/items"}
    domain: "syntax"
    ignored: ["$id"]
warning: the following keywords are unknown and will be ignored: [$id]
    level: "warning"
    schema: {"loadingURI":"#","pointer":"/items/properties/category"}
    domain: "syntax"
    ignored: ["$id"]
warning: the following keywords are unknown and will be ignored: [$id, examples]
    level: "warning"
    schema: {"loadingURI":"#","pointer":"/items/properties/category/properties/id"}
    domain: "syntax"
    ignored: ["$id","examples"]
warning: the following keywords are unknown and will be ignored: [$id, examples]
    level: "warning"
    schema: {"loadingURI":"#","pointer":"/items/properties/category/properties/name"}
    domain: "syntax"
    ignored: ["$id","examples"]
warning: the following keywords are unknown and will be ignored: [$id, examples]
    level: "warning"
    schema: {"loadingURI":"#","pointer":"/items/properties/id"}
    domain: "syntax"
    ignored: ["$id","examples"]
warning: the following keywords are unknown and will be ignored: [$id, examples]
    level: "warning"
    schema: {"loadingURI":"#","pointer":"/items/properties/name"}
    domain: "syntax"
    ignored: ["$id","examples"]
warning: the following keywords are unknown and will be ignored: [$id]
    level: "warning"
    schema: {"loadingURI":"#","pointer":"/items/properties/photoUrls"}
    domain: "syntax"
    ignored: ["$id"]
warning: the following keywords are unknown and will be ignored: [$id, examples]
    level: "warning"
    schema: {"loadingURI":"#","pointer":"/items/properties/photoUrls/items"}
    domain: "syntax"
    ignored: ["$id","examples"]
warning: the following keywords are unknown and will be ignored: [$id, examples]
    level: "warning"
    schema: {"loadingURI":"#","pointer":"/items/properties/status"}
    domain: "syntax"
    ignored: ["$id","examples"]
warning: the following keywords are unknown and will be ignored: [$id]
    level: "warning"
    schema: {"loadingURI":"#","pointer":"/items/properties/tags"}
    domain: "syntax"
    ignored: ["$id"]
warning: the following keywords are unknown and will be ignored: [$id]
    level: "warning"
    schema: {"loadingURI":"#","pointer":"/items/properties/tags/items"}
    domain: "syntax"
    ignored: ["$id"]
warning: the following keywords are unknown and will be ignored: [$id, examples]
    level: "warning"
    schema: {"loadingURI":"#","pointer":"/items/properties/tags/items/properties/id"}
    domain: "syntax"
    ignored: ["$id","examples"]
warning: the following keywords are unknown and will be ignored: [$id, examples]
    level: "warning"
    schema: {"loadingURI":"#","pointer":"/items/properties/tags/items/properties/name"}
    domain: "syntax"
    ignored: ["$id","examples"]
warning: the following keywords are unknown and will be ignored: [$id]
    level: "warning"
    schema: {"loadingURI":"#","pointer":"/items"}
    domain: "syntax"
    ignored: ["$id"]
warning: the following keywords are unknown and will be ignored: [$id]
    level: "warning"
    schema: {"loadingURI":"#","pointer":"/items/properties/category"}
    domain: "syntax"
    ignored: ["$id"]
warning: the following keywords are unknown and will be ignored: [$id, examples]
    level: "warning"
    schema: {"loadingURI":"#","pointer":"/items/properties/category/properties/id"}
    domain: "syntax"
    ignored: ["$id","examples"]
warning: the following keywords are unknown and will be ignored: [$id, examples]
    level: "warning"
    schema: {"loadingURI":"#","pointer":"/items/properties/category/properties/name"}
    domain: "syntax"
    ignored: ["$id","examples"]
warning: the following keywords are unknown and will be ignored: [$id, examples]
    level: "warning"
    schema: {"loadingURI":"#","pointer":"/items/properties/id"}
    domain: "syntax"
    ignored: ["$id","examples"]
warning: the following keywords are unknown and will be ignored: [$id, examples]
    level: "warning"
    schema: {"loadingURI":"#","pointer":"/items/properties/name"}
    domain: "syntax"
    ignored: ["$id","examples"]
warning: the following keywords are unknown and will be ignored: [$id]
    level: "warning"
    schema: {"loadingURI":"#","pointer":"/items/properties/photoUrls"}
    domain: "syntax"
    ignored: ["$id"]
warning: the following keywords are unknown and will be ignored: [$id, examples]
    level: "warning"
    schema: {"loadingURI":"#","pointer":"/items/properties/photoUrls/items"}
    domain: "syntax"
    ignored: ["$id","examples"]
warning: the following keywords are unknown and will be ignored: [$id, examples]
    level: "warning"
    schema: {"loadingURI":"#","pointer":"/items/properties/status"}
    domain: "syntax"
    ignored: ["$id","examples"]
warning: the following keywords are unknown and will be ignored: [$id]
    level: "warning"
    schema: {"loadingURI":"#","pointer":"/items/properties/tags"}
    domain: "syntax"
    ignored: ["$id"]
warning: the following keywords are unknown and will be ignored: [$id]
    level: "warning"
    schema: {"loadingURI":"#","pointer":"/items/properties/tags/items"}
    domain: "syntax"
    ignored: ["$id"]
warning: the following keywords are unknown and will be ignored: [$id, examples]
    level: "warning"
    schema: {"loadingURI":"#","pointer":"/items/properties/tags/items/properties/id"}
    domain: "syntax"
    ignored: ["$id","examples"]
warning: the following keywords are unknown and will be ignored: [$id, examples]
    level: "warning"
    schema: {"loadingURI":"#","pointer":"/items/properties/tags/items/properties/name"}
    domain: "syntax"
    ignored: ["$id","examples"]
warning: the following keywords are unknown and will be ignored: [$id]
    level: "warning"
    schema: {"loadingURI":"#","pointer":"/items"}
    domain: "syntax"
    ignored: ["$id"]
warning: the following keywords are unknown and will be ignored: [$id]
    level: "warning"
    schema: {"loadingURI":"#","pointer":"/items/properties/category"}
    domain: "syntax"
    ignored: ["$id"]
warning: the following keywords are unknown and will be ignored: [$id, examples]
    level: "warning"
    schema: {"loadingURI":"#","pointer":"/items/properties/category/properties/id"}
    domain: "syntax"
    ignored: ["$id","examples"]
warning: the following keywords are unknown and will be ignored: [$id, examples]
    level: "warning"
    schema: {"loadingURI":"#","pointer":"/items/properties/category/properties/name"}
    domain: "syntax"
    ignored: ["$id","examples"]
warning: the following keywords are unknown and will be ignored: [$id, examples]
    level: "warning"
    schema: {"loadingURI":"#","pointer":"/items/properties/id"}
    domain: "syntax"
    ignored: ["$id","examples"]
warning: the following keywords are unknown and will be ignored: [$id, examples]
    level: "warning"
    schema: {"loadingURI":"#","pointer":"/items/properties/name"}
    domain: "syntax"
    ignored: ["$id","examples"]
warning: the following keywords are unknown and will be ignored: [$id]
    level: "warning"
    schema: {"loadingURI":"#","pointer":"/items/properties/photoUrls"}
    domain: "syntax"
    ignored: ["$id"]
warning: the following keywords are unknown and will be ignored: [$id, examples]
    level: "warning"
    schema: {"loadingURI":"#","pointer":"/items/properties/photoUrls/items"}
    domain: "syntax"
    ignored: ["$id","examples"]
warning: the following keywords are unknown and will be ignored: [$id, examples]
    level: "warning"
    schema: {"loadingURI":"#","pointer":"/items/properties/status"}
    domain: "syntax"
    ignored: ["$id","examples"]
warning: the following keywords are unknown and will be ignored: [$id]
    level: "warning"
    schema: {"loadingURI":"#","pointer":"/items/properties/tags"}
    domain: "syntax"
    ignored: ["$id"]
warning: the following keywords are unknown and will be ignored: [$id]
    level: "warning"
    schema: {"loadingURI":"#","pointer":"/items/properties/tags/items"}
    domain: "syntax"
    ignored: ["$id"]
warning: the following keywords are unknown and will be ignored: [$id, examples]
    level: "warning"
    schema: {"loadingURI":"#","pointer":"/items/properties/tags/items/properties/id"}
    domain: "syntax"
    ignored: ["$id","examples"]
warning: the following keywords are unknown and will be ignored: [$id, examples]
    level: "warning"
    schema: {"loadingURI":"#","pointer":"/items/properties/tags/items/properties/name"}
    domain: "syntax"
    ignored: ["$id","examples"]
warning: the following keywords are unknown and will be ignored: [$id]
    level: "warning"
    schema: {"loadingURI":"#","pointer":"/items"}
    domain: "syntax"
    ignored: ["$id"]
warning: the following keywords are unknown and will be ignored: [$id]
    level: "warning"
    schema: {"loadingURI":"#","pointer":"/items/properties/category"}
    domain: "syntax"
    ignored: ["$id"]
warning: the following keywords are unknown and will be ignored: [$id, examples]
    level: "warning"
    schema: {"loadingURI":"#","pointer":"/items/properties/category/properties/id"}
    domain: "syntax"
    ignored: ["$id","examples"]
warning: the following keywords are unknown and will be ignored: [$id, examples]
    level: "warning"
    schema: {"loadingURI":"#","pointer":"/items/properties/category/properties/name"}
    domain: "syntax"
    ignored: ["$id","examples"]
warning: the following keywords are unknown and will be ignored: [$id, examples]
    level: "warning"
    schema: {"loadingURI":"#","pointer":"/items/properties/id"}
    domain: "syntax"
    ignored: ["$id","examples"]
warning: the following keywords are unknown and will be ignored: [$id, examples]
    level: "warning"
    schema: {"loadingURI":"#","pointer":"/items/properties/name"}
    domain: "syntax"
    ignored: ["$id","examples"]
warning: the following keywords are unknown and will be ignored: [$id]
    level: "warning"
    schema: {"loadingURI":"#","pointer":"/items/properties/photoUrls"}
    domain: "syntax"
    ignored: ["$id"]
warning: the following keywords are unknown and will be ignored: [$id, examples]
    level: "warning"
    schema: {"loadingURI":"#","pointer":"/items/properties/photoUrls/items"}
    domain: "syntax"
    ignored: ["$id","examples"]
warning: the following keywords are unknown and will be ignored: [$id, examples]
    level: "warning"
    schema: {"loadingURI":"#","pointer":"/items/properties/status"}
    domain: "syntax"
    ignored: ["$id","examples"]
warning: the following keywords are unknown and will be ignored: [$id]
    level: "warning"
    schema: {"loadingURI":"#","pointer":"/items/properties/tags"}
    domain: "syntax"
    ignored: ["$id"]
warning: the following keywords are unknown and will be ignored: [$id]
    level: "warning"
    schema: {"loadingURI":"#","pointer":"/items/properties/tags/items"}
    domain: "syntax"
    ignored: ["$id"]
warning: the following keywords are unknown and will be ignored: [$id, examples]
    level: "warning"
    schema: {"loadingURI":"#","pointer":"/items/properties/tags/items/properties/id"}
    domain: "syntax"
    ignored: ["$id","examples"]
warning: the following keywords are unknown and will be ignored: [$id, examples]
    level: "warning"
    schema: {"loadingURI":"#","pointer":"/items/properties/tags/items/properties/name"}
    domain: "syntax"
    ignored: ["$id","examples"]
warning: the following keywords are unknown and will be ignored: [$id]
    level: "warning"
    schema: {"loadingURI":"#","pointer":"/items"}
    domain: "syntax"
    ignored: ["$id"]
warning: the following keywords are unknown and will be ignored: [$id]
    level: "warning"
    schema: {"loadingURI":"#","pointer":"/items/properties/category"}
    domain: "syntax"
    ignored: ["$id"]
warning: the following keywords are unknown and will be ignored: [$id, examples]
    level: "warning"
    schema: {"loadingURI":"#","pointer":"/items/properties/category/properties/id"}
    domain: "syntax"
    ignored: ["$id","examples"]
warning: the following keywords are unknown and will be ignored: [$id, examples]
    level: "warning"
    schema: {"loadingURI":"#","pointer":"/items/properties/category/properties/name"}
    domain: "syntax"
    ignored: ["$id","examples"]
warning: the following keywords are unknown and will be ignored: [$id, examples]
    level: "warning"
    schema: {"loadingURI":"#","pointer":"/items/properties/id"}
    domain: "syntax"
    ignored: ["$id","examples"]
warning: the following keywords are unknown and will be ignored: [$id, examples]
    level: "warning"
    schema: {"loadingURI":"#","pointer":"/items/properties/name"}
    domain: "syntax"
    ignored: ["$id","examples"]
warning: the following keywords are unknown and will be ignored: [$id]
    level: "warning"
    schema: {"loadingURI":"#","pointer":"/items/properties/photoUrls"}
    domain: "syntax"
    ignored: ["$id"]
warning: the following keywords are unknown and will be ignored: [$id, examples]
    level: "warning"
    schema: {"loadingURI":"#","pointer":"/items/properties/photoUrls/items"}
    domain: "syntax"
    ignored: ["$id","examples"]
warning: the following keywords are unknown and will be ignored: [$id, examples]
    level: "warning"
    schema: {"loadingURI":"#","pointer":"/items/properties/status"}
    domain: "syntax"
    ignored: ["$id","examples"]
warning: the following keywords are unknown and will be ignored: [$id]
    level: "warning"
    schema: {"loadingURI":"#","pointer":"/items/properties/tags"}
    domain: "syntax"
    ignored: ["$id"]
warning: the following keywords are unknown and will be ignored: [$id]
    level: "warning"
    schema: {"loadingURI":"#","pointer":"/items/properties/tags/items"}
    domain: "syntax"
    ignored: ["$id"]
warning: the following keywords are unknown and will be ignored: [$id, examples]
    level: "warning"
    schema: {"loadingURI":"#","pointer":"/items/properties/tags/items/properties/id"}
    domain: "syntax"
    ignored: ["$id","examples"]
warning: the following keywords are unknown and will be ignored: [$id, examples]
    level: "warning"
    schema: {"loadingURI":"#","pointer":"/items/properties/tags/items/properties/name"}
    domain: "syntax"
    ignored: ["$id","examples"]
warning: the following keywords are unknown and will be ignored: [$id]
    level: "warning"
    schema: {"loadingURI":"#","pointer":"/items"}
    domain: "syntax"
    ignored: ["$id"]
warning: the following keywords are unknown and will be ignored: [$id]
    level: "warning"
    schema: {"loadingURI":"#","pointer":"/items/properties/category"}
    domain: "syntax"
    ignored: ["$id"]
warning: the following keywords are unknown and will be ignored: [$id, examples]
    level: "warning"
    schema: {"loadingURI":"#","pointer":"/items/properties/category/properties/id"}
    domain: "syntax"
    ignored: ["$id","examples"]
warning: the following keywords are unknown and will be ignored: [$id, examples]
    level: "warning"
    schema: {"loadingURI":"#","pointer":"/items/properties/category/properties/name"}
    domain: "syntax"
    ignored: ["$id","examples"]
warning: the following keywords are unknown and will be ignored: [$id, examples]
    level: "warning"
    schema: {"loadingURI":"#","pointer":"/items/properties/id"}
    domain: "syntax"
    ignored: ["$id","examples"]
warning: the following keywords are unknown and will be ignored: [$id, examples]
    level: "warning"
    schema: {"loadingURI":"#","pointer":"/items/properties/name"}
    domain: "syntax"
    ignored: ["$id","examples"]
warning: the following keywords are unknown and will be ignored: [$id]
    level: "warning"
    schema: {"loadingURI":"#","pointer":"/items/properties/photoUrls"}
    domain: "syntax"
    ignored: ["$id"]
warning: the following keywords are unknown and will be ignored: [$id, examples]
    level: "warning"
    schema: {"loadingURI":"#","pointer":"/items/properties/photoUrls/items"}
    domain: "syntax"
    ignored: ["$id","examples"]
warning: the following keywords are unknown and will be ignored: [$id, examples]
    level: "warning"
    schema: {"loadingURI":"#","pointer":"/items/properties/status"}
    domain: "syntax"
    ignored: ["$id","examples"]
warning: the following keywords are unknown and will be ignored: [$id]
    level: "warning"
    schema: {"loadingURI":"#","pointer":"/items/properties/tags"}
    domain: "syntax"
    ignored: ["$id"]
warning: the following keywords are unknown and will be ignored: [$id]
    level: "warning"
    schema: {"loadingURI":"#","pointer":"/items/properties/tags/items"}
    domain: "syntax"
    ignored: ["$id"]
warning: the following keywords are unknown and will be ignored: [$id, examples]
    level: "warning"
    schema: {"loadingURI":"#","pointer":"/items/properties/tags/items/properties/id"}
    domain: "syntax"
    ignored: ["$id","examples"]
warning: the following keywords are unknown and will be ignored: [$id, examples]
    level: "warning"
    schema: {"loadingURI":"#","pointer":"/items/properties/tags/items/properties/name"}
    domain: "syntax"
    ignored: ["$id","examples"]
warning: the following keywords are unknown and will be ignored: [$id]
    level: "warning"
    schema: {"loadingURI":"#","pointer":"/items"}
    domain: "syntax"
    ignored: ["$id"]
warning: the following keywords are unknown and will be ignored: [$id]
    level: "warning"
    schema: {"loadingURI":"#","pointer":"/items/properties/category"}
    domain: "syntax"
    ignored: ["$id"]
warning: the following keywords are unknown and will be ignored: [$id, examples]
    level: "warning"
    schema: {"loadingURI":"#","pointer":"/items/properties/category/properties/id"}
    domain: "syntax"
    ignored: ["$id","examples"]
warning: the following keywords are unknown and will be ignored: [$id, examples]
    level: "warning"
    schema: {"loadingURI":"#","pointer":"/items/properties/category/properties/name"}
    domain: "syntax"
    ignored: ["$id","examples"]
warning: the following keywords are unknown and will be ignored: [$id, examples]
    level: "warning"
    schema: {"loadingURI":"#","pointer":"/items/properties/id"}
    domain: "syntax"
    ignored: ["$id","examples"]
warning: the following keywords are unknown and will be ignored: [$id, examples]
    level: "warning"
    schema: {"loadingURI":"#","pointer":"/items/properties/name"}
    domain: "syntax"
    ignored: ["$id","examples"]
warning: the following keywords are unknown and will be ignored: [$id]
    level: "warning"
    schema: {"loadingURI":"#","pointer":"/items/properties/photoUrls"}
    domain: "syntax"
    ignored: ["$id"]
warning: the following keywords are unknown and will be ignored: [$id, examples]
    level: "warning"
    schema: {"loadingURI":"#","pointer":"/items/properties/photoUrls/items"}
    domain: "syntax"
    ignored: ["$id","examples"]
warning: the following keywords are unknown and will be ignored: [$id, examples]
    level: "warning"
    schema: {"loadingURI":"#","pointer":"/items/properties/status"}
    domain: "syntax"
    ignored: ["$id","examples"]
warning: the following keywords are unknown and will be ignored: [$id]
    level: "warning"
    schema: {"loadingURI":"#","pointer":"/items/properties/tags"}
    domain: "syntax"
    ignored: ["$id"]
warning: the following keywords are unknown and will be ignored: [$id]
    level: "warning"
    schema: {"loadingURI":"#","pointer":"/items/properties/tags/items"}
    domain: "syntax"
    ignored: ["$id"]
warning: the following keywords are unknown and will be ignored: [$id, examples]
    level: "warning"
    schema: {"loadingURI":"#","pointer":"/items/properties/tags/items/properties/id"}
    domain: "syntax"
    ignored: ["$id","examples"]
warning: the following keywords are unknown and will be ignored: [$id, examples]
    level: "warning"
    schema: {"loadingURI":"#","pointer":"/items/properties/tags/items/properties/name"}
    domain: "syntax"
    ignored: ["$id","examples"]
warning: the following keywords are unknown and will be ignored: [$id]
    level: "warning"
    schema: {"loadingURI":"#","pointer":"/items"}
    domain: "syntax"
    ignored: ["$id"]
warning: the following keywords are unknown and will be ignored: [$id]
    level: "warning"
    schema: {"loadingURI":"#","pointer":"/items/properties/category"}
    domain: "syntax"
    ignored: ["$id"]
warning: the following keywords are unknown and will be ignored: [$id, examples]
    level: "warning"
    schema: {"loadingURI":"#","pointer":"/items/properties/category/properties/id"}
    domain: "syntax"
    ignored: ["$id","examples"]
warning: the following keywords are unknown and will be ignored: [$id, examples]
    level: "warning"
    schema: {"loadingURI":"#","pointer":"/items/properties/category/properties/name"}
    domain: "syntax"
    ignored: ["$id","examples"]
warning: the following keywords are unknown and will be ignored: [$id, examples]
    level: "warning"
    schema: {"loadingURI":"#","pointer":"/items/properties/id"}
    domain: "syntax"
    ignored: ["$id","examples"]
warning: the following keywords are unknown and will be ignored: [$id, examples]
    level: "warning"
    schema: {"loadingURI":"#","pointer":"/items/properties/name"}
    domain: "syntax"
    ignored: ["$id","examples"]
warning: the following keywords are unknown and will be ignored: [$id]
    level: "warning"
    schema: {"loadingURI":"#","pointer":"/items/properties/photoUrls"}
    domain: "syntax"
    ignored: ["$id"]
warning: the following keywords are unknown and will be ignored: [$id, examples]
    level: "warning"
    schema: {"loadingURI":"#","pointer":"/items/properties/photoUrls/items"}
    domain: "syntax"
    ignored: ["$id","examples"]
warning: the following keywords are unknown and will be ignored: [$id, examples]
    level: "warning"
    schema: {"loadingURI":"#","pointer":"/items/properties/status"}
    domain: "syntax"
    ignored: ["$id","examples"]
warning: the following keywords are unknown and will be ignored: [$id]
    level: "warning"
    schema: {"loadingURI":"#","pointer":"/items/properties/tags"}
    domain: "syntax"
    ignored: ["$id"]
warning: the following keywords are unknown and will be ignored: [$id]
    level: "warning"
    schema: {"loadingURI":"#","pointer":"/items/properties/tags/items"}
    domain: "syntax"
    ignored: ["$id"]
warning: the following keywords are unknown and will be ignored: [$id, examples]
    level: "warning"
    schema: {"loadingURI":"#","pointer":"/items/properties/tags/items/properties/id"}
    domain: "syntax"
    ignored: ["$id","examples"]
warning: the following keywords are unknown and will be ignored: [$id, examples]
    level: "warning"
    schema: {"loadingURI":"#","pointer":"/items/properties/tags/items/properties/name"}
    domain: "syntax"
    ignored: ["$id","examples"]
warning: the following keywords are unknown and will be ignored: [$id]
    level: "warning"
    schema: {"loadingURI":"#","pointer":"/items"}
    domain: "syntax"
    ignored: ["$id"]
warning: the following keywords are unknown and will be ignored: [$id]
    level: "warning"
    schema: {"loadingURI":"#","pointer":"/items/properties/category"}
    domain: "syntax"
    ignored: ["$id"]
warning: the following keywords are unknown and will be ignored: [$id, examples]
    level: "warning"
    schema: {"loadingURI":"#","pointer":"/items/properties/category/properties/id"}
    domain: "syntax"
    ignored: ["$id","examples"]
warning: the following keywords are unknown and will be ignored: [$id, examples]
    level: "warning"
    schema: {"loadingURI":"#","pointer":"/items/properties/category/properties/name"}
    domain: "syntax"
    ignored: ["$id","examples"]
warning: the following keywords are unknown and will be ignored: [$id, examples]
    level: "warning"
    schema: {"loadingURI":"#","pointer":"/items/properties/id"}
    domain: "syntax"
    ignored: ["$id","examples"]
warning: the following keywords are unknown and will be ignored: [$id, examples]
    level: "warning"
    schema: {"loadingURI":"#","pointer":"/items/properties/name"}
    domain: "syntax"
    ignored: ["$id","examples"]
warning: the following keywords are unknown and will be ignored: [$id]
    level: "warning"
    schema: {"loadingURI":"#","pointer":"/items/properties/photoUrls"}
    domain: "syntax"
    ignored: ["$id"]
warning: the following keywords are unknown and will be ignored: [$id, examples]
    level: "warning"
    schema: {"loadingURI":"#","pointer":"/items/properties/photoUrls/items"}
    domain: "syntax"
    ignored: ["$id","examples"]
warning: the following keywords are unknown and will be ignored: [$id, examples]
    level: "warning"
    schema: {"loadingURI":"#","pointer":"/items/properties/status"}
    domain: "syntax"
    ignored: ["$id","examples"]
warning: the following keywords are unknown and will be ignored: [$id]
    level: "warning"
    schema: {"loadingURI":"#","pointer":"/items/properties/tags"}
    domain: "syntax"
    ignored: ["$id"]
warning: the following keywords are unknown and will be ignored: [$id]
    level: "warning"
    schema: {"loadingURI":"#","pointer":"/items/properties/tags/items"}
    domain: "syntax"
    ignored: ["$id"]
warning: the following keywords are unknown and will be ignored: [$id, examples]
    level: "warning"
    schema: {"loadingURI":"#","pointer":"/items/properties/tags/items/properties/id"}
    domain: "syntax"
    ignored: ["$id","examples"]
warning: the following keywords are unknown and will be ignored: [$id, examples]
    level: "warning"
    schema: {"loadingURI":"#","pointer":"/items/properties/tags/items/properties/name"}
    domain: "syntax"
    ignored: ["$id","examples"]
warning: the following keywords are unknown and will be ignored: [$id]
    level: "warning"
    schema: {"loadingURI":"#","pointer":"/items"}
    domain: "syntax"
    ignored: ["$id"]
warning: the following keywords are unknown and will be ignored: [$id]
    level: "warning"
    schema: {"loadingURI":"#","pointer":"/items/properties/category"}
    domain: "syntax"
    ignored: ["$id"]
warning: the following keywords are unknown and will be ignored: [$id, examples]
    level: "warning"
    schema: {"loadingURI":"#","pointer":"/items/properties/category/properties/id"}
    domain: "syntax"
    ignored: ["$id","examples"]
warning: the following keywords are unknown and will be ignored: [$id, examples]
    level: "warning"
    schema: {"loadingURI":"#","pointer":"/items/properties/category/properties/name"}
    domain: "syntax"
    ignored: ["$id","examples"]
warning: the following keywords are unknown and will be ignored: [$id, examples]
    level: "warning"
    schema: {"loadingURI":"#","pointer":"/items/properties/id"}
    domain: "syntax"
    ignored: ["$id","examples"]
warning: the following keywords are unknown and will be ignored: [$id, examples]
    level: "warning"
    schema: {"loadingURI":"#","pointer":"/items/properties/name"}
    domain: "syntax"
    ignored: ["$id","examples"]
warning: the following keywords are unknown and will be ignored: [$id]
    level: "warning"
    schema: {"loadingURI":"#","pointer":"/items/properties/photoUrls"}
    domain: "syntax"
    ignored: ["$id"]
warning: the following keywords are unknown and will be ignored: [$id, examples]
    level: "warning"
    schema: {"loadingURI":"#","pointer":"/items/properties/photoUrls/items"}
    domain: "syntax"
    ignored: ["$id","examples"]
warning: the following keywords are unknown and will be ignored: [$id, examples]
    level: "warning"
    schema: {"loadingURI":"#","pointer":"/items/properties/status"}
    domain: "syntax"
    ignored: ["$id","examples"]
warning: the following keywords are unknown and will be ignored: [$id]
    level: "warning"
    schema: {"loadingURI":"#","pointer":"/items/properties/tags"}
    domain: "syntax"
    ignored: ["$id"]
warning: the following keywords are unknown and will be ignored: [$id]
    level: "warning"
    schema: {"loadingURI":"#","pointer":"/items/properties/tags/items"}
    domain: "syntax"
    ignored: ["$id"]
warning: the following keywords are unknown and will be ignored: [$id, examples]
    level: "warning"
    schema: {"loadingURI":"#","pointer":"/items/properties/tags/items/properties/id"}
    domain: "syntax"
    ignored: ["$id","examples"]
warning: the following keywords are unknown and will be ignored: [$id, examples]
    level: "warning"
    schema: {"loadingURI":"#","pointer":"/items/properties/tags/items/properties/name"}
    domain: "syntax"
    ignored: ["$id","examples"]
warning: the following keywords are unknown and will be ignored: [$id]
    level: "warning"
    schema: {"loadingURI":"#","pointer":"/items"}
    domain: "syntax"
    ignored: ["$id"]
warning: the following keywords are unknown and will be ignored: [$id]
    level: "warning"
    schema: {"loadingURI":"#","pointer":"/items/properties/category"}
    domain: "syntax"
    ignored: ["$id"]
warning: the following keywords are unknown and will be ignored: [$id, examples]
    level: "warning"
    schema: {"loadingURI":"#","pointer":"/items/properties/category/properties/id"}
    domain: "syntax"
    ignored: ["$id","examples"]
warning: the following keywords are unknown and will be ignored: [$id, examples]
    level: "warning"
    schema: {"loadingURI":"#","pointer":"/items/properties/category/properties/name"}
    domain: "syntax"
    ignored: ["$id","examples"]
warning: the following keywords are unknown and will be ignored: [$id, examples]
    level: "warning"
    schema: {"loadingURI":"#","pointer":"/items/properties/id"}
    domain: "syntax"
    ignored: ["$id","examples"]
warning: the following keywords are unknown and will be ignored: [$id, examples]
    level: "warning"
    schema: {"loadingURI":"#","pointer":"/items/properties/name"}
    domain: "syntax"
    ignored: ["$id","examples"]
warning: the following keywords are unknown and will be ignored: [$id]
    level: "warning"
    schema: {"loadingURI":"#","pointer":"/items/properties/photoUrls"}
    domain: "syntax"
    ignored: ["$id"]
warning: the following keywords are unknown and will be ignored: [$id, examples]
    level: "warning"
    schema: {"loadingURI":"#","pointer":"/items/properties/photoUrls/items"}
    domain: "syntax"
    ignored: ["$id","examples"]
warning: the following keywords are unknown and will be ignored: [$id, examples]
    level: "warning"
    schema: {"loadingURI":"#","pointer":"/items/properties/status"}
    domain: "syntax"
    ignored: ["$id","examples"]
warning: the following keywords are unknown and will be ignored: [$id]
    level: "warning"
    schema: {"loadingURI":"#","pointer":"/items/properties/tags"}
    domain: "syntax"
    ignored: ["$id"]
warning: the following keywords are unknown and will be ignored: [$id]
    level: "warning"
    schema: {"loadingURI":"#","pointer":"/items/properties/tags/items"}
    domain: "syntax"
    ignored: ["$id"]
warning: the following keywords are unknown and will be ignored: [$id, examples]
    level: "warning"
    schema: {"loadingURI":"#","pointer":"/items/properties/tags/items/properties/id"}
    domain: "syntax"
    ignored: ["$id","examples"]
warning: the following keywords are unknown and will be ignored: [$id, examples]
    level: "warning"
    schema: {"loadingURI":"#","pointer":"/items/properties/tags/items/properties/name"}
    domain: "syntax"
    ignored: ["$id","examples"]
warning: the following keywords are unknown and will be ignored: [$id]
    level: "warning"
    schema: {"loadingURI":"#","pointer":"/items"}
    domain: "syntax"
    ignored: ["$id"]
warning: the following keywords are unknown and will be ignored: [$id]
    level: "warning"
    schema: {"loadingURI":"#","pointer":"/items/properties/category"}
    domain: "syntax"
    ignored: ["$id"]
warning: the following keywords are unknown and will be ignored: [$id, examples]
    level: "warning"
    schema: {"loadingURI":"#","pointer":"/items/properties/category/properties/id"}
    domain: "syntax"
    ignored: ["$id","examples"]
warning: the following keywords are unknown and will be ignored: [$id, examples]
    level: "warning"
    schema: {"loadingURI":"#","pointer":"/items/properties/category/properties/name"}
    domain: "syntax"
    ignored: ["$id","examples"]
warning: the following keywords are unknown and will be ignored: [$id, examples]
    level: "warning"
    schema: {"loadingURI":"#","pointer":"/items/properties/id"}
    domain: "syntax"
    ignored: ["$id","examples"]
warning: the following keywords are unknown and will be ignored: [$id, examples]
    level: "warning"
    schema: {"loadingURI":"#","pointer":"/items/properties/name"}
    domain: "syntax"
    ignored: ["$id","examples"]
warning: the following keywords are unknown and will be ignored: [$id]
    level: "warning"
    schema: {"loadingURI":"#","pointer":"/items/properties/photoUrls"}
    domain: "syntax"
    ignored: ["$id"]
warning: the following keywords are unknown and will be ignored: [$id, examples]
    level: "warning"
    schema: {"loadingURI":"#","pointer":"/items/properties/photoUrls/items"}
    domain: "syntax"
    ignored: ["$id","examples"]
warning: the following keywords are unknown and will be ignored: [$id, examples]
    level: "warning"
    schema: {"loadingURI":"#","pointer":"/items/properties/status"}
    domain: "syntax"
    ignored: ["$id","examples"]
warning: the following keywords are unknown and will be ignored: [$id]
    level: "warning"
    schema: {"loadingURI":"#","pointer":"/items/properties/tags"}
    domain: "syntax"
    ignored: ["$id"]
warning: the following keywords are unknown and will be ignored: [$id]
    level: "warning"
    schema: {"loadingURI":"#","pointer":"/items/properties/tags/items"}
    domain: "syntax"
    ignored: ["$id"]
warning: the following keywords are unknown and will be ignored: [$id, examples]
    level: "warning"
    schema: {"loadingURI":"#","pointer":"/items/properties/tags/items/properties/id"}
    domain: "syntax"
    ignored: ["$id","examples"]
warning: the following keywords are unknown and will be ignored: [$id, examples]
    level: "warning"
    schema: {"loadingURI":"#","pointer":"/items/properties/tags/items/properties/name"}
    domain: "syntax"
    ignored: ["$id","examples"]
warning: the following keywords are unknown and will be ignored: [$id]
    level: "warning"
    schema: {"loadingURI":"#","pointer":"/items"}
    domain: "syntax"
    ignored: ["$id"]
warning: the following keywords are unknown and will be ignored: [$id]
    level: "warning"
    schema: {"loadingURI":"#","pointer":"/items/properties/category"}
    domain: "syntax"
    ignored: ["$id"]
warning: the following keywords are unknown and will be ignored: [$id, examples]
    level: "warning"
    schema: {"loadingURI":"#","pointer":"/items/properties/category/properties/id"}
    domain: "syntax"
    ignored: ["$id","examples"]
warning: the following keywords are unknown and will be ignored: [$id, examples]
    level: "warning"
    schema: {"loadingURI":"#","pointer":"/items/properties/category/properties/name"}
    domain: "syntax"
    ignored: ["$id","examples"]
warning: the following keywords are unknown and will be ignored: [$id, examples]
    level: "warning"
    schema: {"loadingURI":"#","pointer":"/items/properties/id"}
    domain: "syntax"
    ignored: ["$id","examples"]
warning: the following keywords are unknown and will be ignored: [$id, examples]
    level: "warning"
    schema: {"loadingURI":"#","pointer":"/items/properties/name"}
    domain: "syntax"
    ignored: ["$id","examples"]
warning: the following keywords are unknown and will be ignored: [$id]
    level: "warning"
    schema: {"loadingURI":"#","pointer":"/items/properties/photoUrls"}
    domain: "syntax"
    ignored: ["$id"]
warning: the following keywords are unknown and will be ignored: [$id, examples]
    level: "warning"
    schema: {"loadingURI":"#","pointer":"/items/properties/photoUrls/items"}
    domain: "syntax"
    ignored: ["$id","examples"]
warning: the following keywords are unknown and will be ignored: [$id, examples]
    level: "warning"
    schema: {"loadingURI":"#","pointer":"/items/properties/status"}
    domain: "syntax"
    ignored: ["$id","examples"]
warning: the following keywords are unknown and will be ignored: [$id]
    level: "warning"
    schema: {"loadingURI":"#","pointer":"/items/properties/tags"}
    domain: "syntax"
    ignored: ["$id"]
warning: the following keywords are unknown and will be ignored: [$id]
    level: "warning"
    schema: {"loadingURI":"#","pointer":"/items/properties/tags/items"}
    domain: "syntax"
    ignored: ["$id"]
warning: the following keywords are unknown and will be ignored: [$id, examples]
    level: "warning"
    schema: {"loadingURI":"#","pointer":"/items/properties/tags/items/properties/id"}
    domain: "syntax"
    ignored: ["$id","examples"]
warning: the following keywords are unknown and will be ignored: [$id, examples]
    level: "warning"
    schema: {"loadingURI":"#","pointer":"/items/properties/tags/items/properties/name"}
    domain: "syntax"
    ignored: ["$id","examples"]
warning: the following keywords are unknown and will be ignored: [$id]
    level: "warning"
    schema: {"loadingURI":"#","pointer":"/items"}
    domain: "syntax"
    ignored: ["$id"]
warning: the following keywords are unknown and will be ignored: [$id]
    level: "warning"
    schema: {"loadingURI":"#","pointer":"/items/properties/category"}
    domain: "syntax"
    ignored: ["$id"]
warning: the following keywords are unknown and will be ignored: [$id, examples]
    level: "warning"
    schema: {"loadingURI":"#","pointer":"/items/properties/category/properties/id"}
    domain: "syntax"
    ignored: ["$id","examples"]
warning: the following keywords are unknown and will be ignored: [$id, examples]
    level: "warning"
    schema: {"loadingURI":"#","pointer":"/items/properties/category/properties/name"}
    domain: "syntax"
    ignored: ["$id","examples"]
warning: the following keywords are unknown and will be ignored: [$id, examples]
    level: "warning"
    schema: {"loadingURI":"#","pointer":"/items/properties/id"}
    domain: "syntax"
    ignored: ["$id","examples"]
warning: the following keywords are unknown and will be ignored: [$id, examples]
    level: "warning"
    schema: {"loadingURI":"#","pointer":"/items/properties/name"}
    domain: "syntax"
    ignored: ["$id","examples"]
warning: the following keywords are unknown and will be ignored: [$id]
    level: "warning"
    schema: {"loadingURI":"#","pointer":"/items/properties/photoUrls"}
    domain: "syntax"
    ignored: ["$id"]
warning: the following keywords are unknown and will be ignored: [$id, examples]
    level: "warning"
    schema: {"loadingURI":"#","pointer":"/items/properties/photoUrls/items"}
    domain: "syntax"
    ignored: ["$id","examples"]
warning: the following keywords are unknown and will be ignored: [$id, examples]
    level: "warning"
    schema: {"loadingURI":"#","pointer":"/items/properties/status"}
    domain: "syntax"
    ignored: ["$id","examples"]
warning: the following keywords are unknown and will be ignored: [$id]
    level: "warning"
    schema: {"loadingURI":"#","pointer":"/items/properties/tags"}
    domain: "syntax"
    ignored: ["$id"]
warning: the following keywords are unknown and will be ignored: [$id]
    level: "warning"
    schema: {"loadingURI":"#","pointer":"/items/properties/tags/items"}
    domain: "syntax"
    ignored: ["$id"]
warning: the following keywords are unknown and will be ignored: [$id, examples]
    level: "warning"
    schema: {"loadingURI":"#","pointer":"/items/properties/tags/items/properties/id"}
    domain: "syntax"
    ignored: ["$id","examples"]
warning: the following keywords are unknown and will be ignored: [$id, examples]
    level: "warning"
    schema: {"loadingURI":"#","pointer":"/items/properties/tags/items/properties/name"}
    domain: "syntax"
    ignored: ["$id","examples"]
warning: the following keywords are unknown and will be ignored: [$id]
    level: "warning"
    schema: {"loadingURI":"#","pointer":"/items"}
    domain: "syntax"
    ignored: ["$id"]
warning: the following keywords are unknown and will be ignored: [$id]
    level: "warning"
    schema: {"loadingURI":"#","pointer":"/items/properties/category"}
    domain: "syntax"
    ignored: ["$id"]
warning: the following keywords are unknown and will be ignored: [$id, examples]
    level: "warning"
    schema: {"loadingURI":"#","pointer":"/items/properties/category/properties/id"}
    domain: "syntax"
    ignored: ["$id","examples"]
warning: the following keywords are unknown and will be ignored: [$id, examples]
    level: "warning"
    schema: {"loadingURI":"#","pointer":"/items/properties/category/properties/name"}
    domain: "syntax"
    ignored: ["$id","examples"]
warning: the following keywords are unknown and will be ignored: [$id, examples]
    level: "warning"
    schema: {"loadingURI":"#","pointer":"/items/properties/id"}
    domain: "syntax"
    ignored: ["$id","examples"]
warning: the following keywords are unknown and will be ignored: [$id, examples]
    level: "warning"
    schema: {"loadingURI":"#","pointer":"/items/properties/name"}
    domain: "syntax"
    ignored: ["$id","examples"]
warning: the following keywords are unknown and will be ignored: [$id]
    level: "warning"
    schema: {"loadingURI":"#","pointer":"/items/properties/photoUrls"}
    domain: "syntax"
    ignored: ["$id"]
warning: the following keywords are unknown and will be ignored: [$id, examples]
    level: "warning"
    schema: {"loadingURI":"#","pointer":"/items/properties/photoUrls/items"}
    domain: "syntax"
    ignored: ["$id","examples"]
warning: the following keywords are unknown and will be ignored: [$id, examples]
    level: "warning"
    schema: {"loadingURI":"#","pointer":"/items/properties/status"}
    domain: "syntax"
    ignored: ["$id","examples"]
warning: the following keywords are unknown and will be ignored: [$id]
    level: "warning"
    schema: {"loadingURI":"#","pointer":"/items/properties/tags"}
    domain: "syntax"
    ignored: ["$id"]
warning: the following keywords are unknown and will be ignored: [$id]
    level: "warning"
    schema: {"loadingURI":"#","pointer":"/items/properties/tags/items"}
    domain: "syntax"
    ignored: ["$id"]
warning: the following keywords are unknown and will be ignored: [$id, examples]
    level: "warning"
    schema: {"loadingURI":"#","pointer":"/items/properties/tags/items/properties/id"}
    domain: "syntax"
    ignored: ["$id","examples"]
warning: the following keywords are unknown and will be ignored: [$id, examples]
    level: "warning"
    schema: {"loadingURI":"#","pointer":"/items/properties/tags/items/properties/name"}
    domain: "syntax"
    ignored: ["$id","examples"]
warning: the following keywords are unknown and will be ignored: [$id]
    level: "warning"
    schema: {"loadingURI":"#","pointer":"/items"}
    domain: "syntax"
    ignored: ["$id"]
warning: the following keywords are unknown and will be ignored: [$id]
    level: "warning"
    schema: {"loadingURI":"#","pointer":"/items/properties/category"}
    domain: "syntax"
    ignored: ["$id"]
warning: the following keywords are unknown and will be ignored: [$id, examples]
    level: "warning"
    schema: {"loadingURI":"#","pointer":"/items/properties/category/properties/id"}
    domain: "syntax"
    ignored: ["$id","examples"]
warning: the following keywords are unknown and will be ignored: [$id, examples]
    level: "warning"
    schema: {"loadingURI":"#","pointer":"/items/properties/category/properties/name"}
    domain: "syntax"
    ignored: ["$id","examples"]
warning: the following keywords are unknown and will be ignored: [$id, examples]
    level: "warning"
    schema: {"loadingURI":"#","pointer":"/items/properties/id"}
    domain: "syntax"
    ignored: ["$id","examples"]
warning: the following keywords are unknown and will be ignored: [$id, examples]
    level: "warning"
    schema: {"loadingURI":"#","pointer":"/items/properties/name"}
    domain: "syntax"
    ignored: ["$id","examples"]
warning: the following keywords are unknown and will be ignored: [$id]
    level: "warning"
    schema: {"loadingURI":"#","pointer":"/items/properties/photoUrls"}
    domain: "syntax"
    ignored: ["$id"]
warning: the following keywords are unknown and will be ignored: [$id, examples]
    level: "warning"
    schema: {"loadingURI":"#","pointer":"/items/properties/photoUrls/items"}
    domain: "syntax"
    ignored: ["$id","examples"]
warning: the following keywords are unknown and will be ignored: [$id, examples]
    level: "warning"
    schema: {"loadingURI":"#","pointer":"/items/properties/status"}
    domain: "syntax"
    ignored: ["$id","examples"]
warning: the following keywords are unknown and will be ignored: [$id]
    level: "warning"
    schema: {"loadingURI":"#","pointer":"/items/properties/tags"}
    domain: "syntax"
    ignored: ["$id"]
warning: the following keywords are unknown and will be ignored: [$id]
    level: "warning"
    schema: {"loadingURI":"#","pointer":"/items/properties/tags/items"}
    domain: "syntax"
    ignored: ["$id"]
warning: the following keywords are unknown and will be ignored: [$id, examples]
    level: "warning"
    schema: {"loadingURI":"#","pointer":"/items/properties/tags/items/properties/id"}
    domain: "syntax"
    ignored: ["$id","examples"]
warning: the following keywords are unknown and will be ignored: [$id, examples]
    level: "warning"
    schema: {"loadingURI":"#","pointer":"/items/properties/tags/items/properties/name"}
    domain: "syntax"
    ignored: ["$id","examples"]
warning: the following keywords are unknown and will be ignored: [$id]
    level: "warning"
    schema: {"loadingURI":"#","pointer":"/items"}
    domain: "syntax"
    ignored: ["$id"]
warning: the following keywords are unknown and will be ignored: [$id]
    level: "warning"
    schema: {"loadingURI":"#","pointer":"/items/properties/category"}
    domain: "syntax"
    ignored: ["$id"]
warning: the following keywords are unknown and will be ignored: [$id, examples]
    level: "warning"
    schema: {"loadingURI":"#","pointer":"/items/properties/category/properties/id"}
    domain: "syntax"
    ignored: ["$id","examples"]
warning: the following keywords are unknown and will be ignored: [$id, examples]
    level: "warning"
    schema: {"loadingURI":"#","pointer":"/items/properties/category/properties/name"}
    domain: "syntax"
    ignored: ["$id","examples"]
warning: the following keywords are unknown and will be ignored: [$id, examples]
    level: "warning"
    schema: {"loadingURI":"#","pointer":"/items/properties/id"}
    domain: "syntax"
    ignored: ["$id","examples"]
warning: the following keywords are unknown and will be ignored: [$id, examples]
    level: "warning"
    schema: {"loadingURI":"#","pointer":"/items/properties/name"}
    domain: "syntax"
    ignored: ["$id","examples"]
warning: the following keywords are unknown and will be ignored: [$id]
    level: "warning"
    schema: {"loadingURI":"#","pointer":"/items/properties/photoUrls"}
    domain: "syntax"
    ignored: ["$id"]
warning: the following keywords are unknown and will be ignored: [$id, examples]
    level: "warning"
    schema: {"loadingURI":"#","pointer":"/items/properties/photoUrls/items"}
    domain: "syntax"
    ignored: ["$id","examples"]
warning: the following keywords are unknown and will be ignored: [$id, examples]
    level: "warning"
    schema: {"loadingURI":"#","pointer":"/items/properties/status"}
    domain: "syntax"
    ignored: ["$id","examples"]
warning: the following keywords are unknown and will be ignored: [$id]
    level: "warning"
    schema: {"loadingURI":"#","pointer":"/items/properties/tags"}
    domain: "syntax"
    ignored: ["$id"]
warning: the following keywords are unknown and will be ignored: [$id]
    level: "warning"
    schema: {"loadingURI":"#","pointer":"/items/properties/tags/items"}
    domain: "syntax"
    ignored: ["$id"]
warning: the following keywords are unknown and will be ignored: [$id, examples]
    level: "warning"
    schema: {"loadingURI":"#","pointer":"/items/properties/tags/items/properties/id"}
    domain: "syntax"
    ignored: ["$id","examples"]
warning: the following keywords are unknown and will be ignored: [$id, examples]
    level: "warning"
    schema: {"loadingURI":"#","pointer":"/items/properties/tags/items/properties/name"}
    domain: "syntax"
    ignored: ["$id","examples"]
warning: the following keywords are unknown and will be ignored: [$id]
    level: "warning"
    schema: {"loadingURI":"#","pointer":"/items"}
    domain: "syntax"
    ignored: ["$id"]
warning: the following keywords are unknown and will be ignored: [$id]
    level: "warning"
    schema: {"loadingURI":"#","pointer":"/items/properties/category"}
    domain: "syntax"
    ignored: ["$id"]
warning: the following keywords are unknown and will be ignored: [$id, examples]
    level: "warning"
    schema: {"loadingURI":"#","pointer":"/items/properties/category/properties/id"}
    domain: "syntax"
    ignored: ["$id","examples"]
warning: the following keywords are unknown and will be ignored: [$id, examples]
    level: "warning"
    schema: {"loadingURI":"#","pointer":"/items/properties/category/properties/name"}
    domain: "syntax"
    ignored: ["$id","examples"]
warning: the following keywords are unknown and will be ignored: [$id, examples]
    level: "warning"
    schema: {"loadingURI":"#","pointer":"/items/properties/id"}
    domain: "syntax"
    ignored: ["$id","examples"]
warning: the following keywords are unknown and will be ignored: [$id, examples]
    level: "warning"
    schema: {"loadingURI":"#","pointer":"/items/properties/name"}
    domain: "syntax"
    ignored: ["$id","examples"]
warning: the following keywords are unknown and will be ignored: [$id]
    level: "warning"
    schema: {"loadingURI":"#","pointer":"/items/properties/photoUrls"}
    domain: "syntax"
    ignored: ["$id"]
warning: the following keywords are unknown and will be ignored: [$id, examples]
    level: "warning"
    schema: {"loadingURI":"#","pointer":"/items/properties/photoUrls/items"}
    domain: "syntax"
    ignored: ["$id","examples"]
warning: the following keywords are unknown and will be ignored: [$id, examples]
    level: "warning"
    schema: {"loadingURI":"#","pointer":"/items/properties/status"}
    domain: "syntax"
    ignored: ["$id","examples"]
warning: the following keywords are unknown and will be ignored: [$id]
    level: "warning"
    schema: {"loadingURI":"#","pointer":"/items/properties/tags"}
    domain: "syntax"
    ignored: ["$id"]
warning: the following keywords are unknown and will be ignored: [$id]
    level: "warning"
    schema: {"loadingURI":"#","pointer":"/items/properties/tags/items"}
    domain: "syntax"
    ignored: ["$id"]
warning: the following keywords are unknown and will be ignored: [$id, examples]
    level: "warning"
    schema: {"loadingURI":"#","pointer":"/items/properties/tags/items/properties/id"}
    domain: "syntax"
    ignored: ["$id","examples"]
warning: the following keywords are unknown and will be ignored: [$id, examples]
    level: "warning"
    schema: {"loadingURI":"#","pointer":"/items/properties/tags/items/properties/name"}
    domain: "syntax"
    ignored: ["$id","examples"]
warning: the following keywords are unknown and will be ignored: [$id]
    level: "warning"
    schema: {"loadingURI":"#","pointer":"/items"}
    domain: "syntax"
    ignored: ["$id"]
warning: the following keywords are unknown and will be ignored: [$id]
    level: "warning"
    schema: {"loadingURI":"#","pointer":"/items/properties/category"}
    domain: "syntax"
    ignored: ["$id"]
warning: the following keywords are unknown and will be ignored: [$id, examples]
    level: "warning"
    schema: {"loadingURI":"#","pointer":"/items/properties/category/properties/id"}
    domain: "syntax"
    ignored: ["$id","examples"]
warning: the following keywords are unknown and will be ignored: [$id, examples]
    level: "warning"
    schema: {"loadingURI":"#","pointer":"/items/properties/category/properties/name"}
    domain: "syntax"
    ignored: ["$id","examples"]
warning: the following keywords are unknown and will be ignored: [$id, examples]
    level: "warning"
    schema: {"loadingURI":"#","pointer":"/items/properties/id"}
    domain: "syntax"
    ignored: ["$id","examples"]
warning: the following keywords are unknown and will be ignored: [$id, examples]
    level: "warning"
    schema: {"loadingURI":"#","pointer":"/items/properties/name"}
    domain: "syntax"
    ignored: ["$id","examples"]
warning: the following keywords are unknown and will be ignored: [$id]
    level: "warning"
    schema: {"loadingURI":"#","pointer":"/items/properties/photoUrls"}
    domain: "syntax"
    ignored: ["$id"]
warning: the following keywords are unknown and will be ignored: [$id, examples]
    level: "warning"
    schema: {"loadingURI":"#","pointer":"/items/properties/photoUrls/items"}
    domain: "syntax"
    ignored: ["$id","examples"]
warning: the following keywords are unknown and will be ignored: [$id, examples]
    level: "warning"
    schema: {"loadingURI":"#","pointer":"/items/properties/status"}
    domain: "syntax"
    ignored: ["$id","examples"]
warning: the following keywords are unknown and will be ignored: [$id]
    level: "warning"
    schema: {"loadingURI":"#","pointer":"/items/properties/tags"}
    domain: "syntax"
    ignored: ["$id"]
warning: the following keywords are unknown and will be ignored: [$id]
    level: "warning"
    schema: {"loadingURI":"#","pointer":"/items/properties/tags/items"}
    domain: "syntax"
    ignored: ["$id"]
warning: the following keywords are unknown and will be ignored: [$id, examples]
    level: "warning"
    schema: {"loadingURI":"#","pointer":"/items/properties/tags/items/properties/id"}
    domain: "syntax"
    ignored: ["$id","examples"]
warning: the following keywords are unknown and will be ignored: [$id, examples]
    level: "warning"
    schema: {"loadingURI":"#","pointer":"/items/properties/tags/items/properties/name"}
    domain: "syntax"
    ignored: ["$id","examples"]
warning: the following keywords are unknown and will be ignored: [$id]
    level: "warning"
    schema: {"loadingURI":"#","pointer":"/items"}
    domain: "syntax"
    ignored: ["$id"]
warning: the following keywords are unknown and will be ignored: [$id]
    level: "warning"
    schema: {"loadingURI":"#","pointer":"/items/properties/category"}
    domain: "syntax"
    ignored: ["$id"]
warning: the following keywords are unknown and will be ignored: [$id, examples]
    level: "warning"
    schema: {"loadingURI":"#","pointer":"/items/properties/category/properties/id"}
    domain: "syntax"
    ignored: ["$id","examples"]
warning: the following keywords are unknown and will be ignored: [$id, examples]
    level: "warning"
    schema: {"loadingURI":"#","pointer":"/items/properties/category/properties/name"}
    domain: "syntax"
    ignored: ["$id","examples"]
warning: the following keywords are unknown and will be ignored: [$id, examples]
    level: "warning"
    schema: {"loadingURI":"#","pointer":"/items/properties/id"}
    domain: "syntax"
    ignored: ["$id","examples"]
warning: the following keywords are unknown and will be ignored: [$id, examples]
    level: "warning"
    schema: {"loadingURI":"#","pointer":"/items/properties/name"}
    domain: "syntax"
    ignored: ["$id","examples"]
warning: the following keywords are unknown and will be ignored: [$id]
    level: "warning"
    schema: {"loadingURI":"#","pointer":"/items/properties/photoUrls"}
    domain: "syntax"
    ignored: ["$id"]
warning: the following keywords are unknown and will be ignored: [$id, examples]
    level: "warning"
    schema: {"loadingURI":"#","pointer":"/items/properties/photoUrls/items"}
    domain: "syntax"
    ignored: ["$id","examples"]
warning: the following keywords are unknown and will be ignored: [$id, examples]
    level: "warning"
    schema: {"loadingURI":"#","pointer":"/items/properties/status"}
    domain: "syntax"
    ignored: ["$id","examples"]
warning: the following keywords are unknown and will be ignored: [$id]
    level: "warning"
    schema: {"loadingURI":"#","pointer":"/items/properties/tags"}
    domain: "syntax"
    ignored: ["$id"]
warning: the following keywords are unknown and will be ignored: [$id]
    level: "warning"
    schema: {"loadingURI":"#","pointer":"/items/properties/tags/items"}
    domain: "syntax"
    ignored: ["$id"]
warning: the following keywords are unknown and will be ignored: [$id, examples]
    level: "warning"
    schema: {"loadingURI":"#","pointer":"/items/properties/tags/items/properties/id"}
    domain: "syntax"
    ignored: ["$id","examples"]
warning: the following keywords are unknown and will be ignored: [$id, examples]
    level: "warning"
    schema: {"loadingURI":"#","pointer":"/items/properties/tags/items/properties/name"}
    domain: "syntax"
    ignored: ["$id","examples"]
warning: the following keywords are unknown and will be ignored: [$id]
    level: "warning"
    schema: {"loadingURI":"#","pointer":"/items"}
    domain: "syntax"
    ignored: ["$id"]
warning: the following keywords are unknown and will be ignored: [$id]
    level: "warning"
    schema: {"loadingURI":"#","pointer":"/items/properties/category"}
    domain: "syntax"
    ignored: ["$id"]
warning: the following keywords are unknown and will be ignored: [$id, examples]
    level: "warning"
    schema: {"loadingURI":"#","pointer":"/items/properties/category/properties/id"}
    domain: "syntax"
    ignored: ["$id","examples"]
warning: the following keywords are unknown and will be ignored: [$id, examples]
    level: "warning"
    schema: {"loadingURI":"#","pointer":"/items/properties/category/properties/name"}
    domain: "syntax"
    ignored: ["$id","examples"]
warning: the following keywords are unknown and will be ignored: [$id, examples]
    level: "warning"
    schema: {"loadingURI":"#","pointer":"/items/properties/id"}
    domain: "syntax"
    ignored: ["$id","examples"]
warning: the following keywords are unknown and will be ignored: [$id, examples]
    level: "warning"
    schema: {"loadingURI":"#","pointer":"/items/properties/name"}
    domain: "syntax"
    ignored: ["$id","examples"]
warning: the following keywords are unknown and will be ignored: [$id]
    level: "warning"
    schema: {"loadingURI":"#","pointer":"/items/properties/photoUrls"}
    domain: "syntax"
    ignored: ["$id"]
warning: the following keywords are unknown and will be ignored: [$id, examples]
    level: "warning"
    schema: {"loadingURI":"#","pointer":"/items/properties/photoUrls/items"}
    domain: "syntax"
    ignored: ["$id","examples"]
warning: the following keywords are unknown and will be ignored: [$id, examples]
    level: "warning"
    schema: {"loadingURI":"#","pointer":"/items/properties/status"}
    domain: "syntax"
    ignored: ["$id","examples"]
warning: the following keywords are unknown and will be ignored: [$id]
    level: "warning"
    schema: {"loadingURI":"#","pointer":"/items/properties/tags"}
    domain: "syntax"
    ignored: ["$id"]
warning: the following keywords are unknown and will be ignored: [$id]
    level: "warning"
    schema: {"loadingURI":"#","pointer":"/items/properties/tags/items"}
    domain: "syntax"
    ignored: ["$id"]
warning: the following keywords are unknown and will be ignored: [$id, examples]
    level: "warning"
    schema: {"loadingURI":"#","pointer":"/items/properties/tags/items/properties/id"}
    domain: "syntax"
    ignored: ["$id","examples"]
warning: the following keywords are unknown and will be ignored: [$id, examples]
    level: "warning"
    schema: {"loadingURI":"#","pointer":"/items/properties/tags/items/properties/name"}
    domain: "syntax"
    ignored: ["$id","examples"]
warning: the following keywords are unknown and will be ignored: [$id]
    level: "warning"
    schema: {"loadingURI":"#","pointer":"/items"}
    domain: "syntax"
    ignored: ["$id"]
warning: the following keywords are unknown and will be ignored: [$id]
    level: "warning"
    schema: {"loadingURI":"#","pointer":"/items/properties/category"}
    domain: "syntax"
    ignored: ["$id"]
warning: the following keywords are unknown and will be ignored: [$id, examples]
    level: "warning"
    schema: {"loadingURI":"#","pointer":"/items/properties/category/properties/id"}
    domain: "syntax"
    ignored: ["$id","examples"]
warning: the following keywords are unknown and will be ignored: [$id, examples]
    level: "warning"
    schema: {"loadingURI":"#","pointer":"/items/properties/category/properties/name"}
    domain: "syntax"
    ignored: ["$id","examples"]
warning: the following keywords are unknown and will be ignored: [$id, examples]
    level: "warning"
    schema: {"loadingURI":"#","pointer":"/items/properties/id"}
    domain: "syntax"
    ignored: ["$id","examples"]
warning: the following keywords are unknown and will be ignored: [$id, examples]
    level: "warning"
    schema: {"loadingURI":"#","pointer":"/items/properties/name"}
    domain: "syntax"
    ignored: ["$id","examples"]
warning: the following keywords are unknown and will be ignored: [$id]
    level: "warning"
    schema: {"loadingURI":"#","pointer":"/items/properties/photoUrls"}
    domain: "syntax"
    ignored: ["$id"]
warning: the following keywords are unknown and will be ignored: [$id, examples]
    level: "warning"
    schema: {"loadingURI":"#","pointer":"/items/properties/photoUrls/items"}
    domain: "syntax"
    ignored: ["$id","examples"]
warning: the following keywords are unknown and will be ignored: [$id, examples]
    level: "warning"
    schema: {"loadingURI":"#","pointer":"/items/properties/status"}
    domain: "syntax"
    ignored: ["$id","examples"]
warning: the following keywords are unknown and will be ignored: [$id]
    level: "warning"
    schema: {"loadingURI":"#","pointer":"/items/properties/tags"}
    domain: "syntax"
    ignored: ["$id"]
warning: the following keywords are unknown and will be ignored: [$id]
    level: "warning"
    schema: {"loadingURI":"#","pointer":"/items/properties/tags/items"}
    domain: "syntax"
    ignored: ["$id"]
warning: the following keywords are unknown and will be ignored: [$id, examples]
    level: "warning"
    schema: {"loadingURI":"#","pointer":"/items/properties/tags/items/properties/id"}
    domain: "syntax"
    ignored: ["$id","examples"]
warning: the following keywords are unknown and will be ignored: [$id, examples]
    level: "warning"
    schema: {"loadingURI":"#","pointer":"/items/properties/tags/items/properties/name"}
    domain: "syntax"
    ignored: ["$id","examples"]
warning: the following keywords are unknown and will be ignored: [$id]
    level: "warning"
    schema: {"loadingURI":"#","pointer":"/items"}
    domain: "syntax"
    ignored: ["$id"]
warning: the following keywords are unknown and will be ignored: [$id]
    level: "warning"
    schema: {"loadingURI":"#","pointer":"/items/properties/category"}
    domain: "syntax"
    ignored: ["$id"]
warning: the following keywords are unknown and will be ignored: [$id, examples]
    level: "warning"
    schema: {"loadingURI":"#","pointer":"/items/properties/category/properties/id"}
    domain: "syntax"
    ignored: ["$id","examples"]
warning: the following keywords are unknown and will be ignored: [$id, examples]
    level: "warning"
    schema: {"loadingURI":"#","pointer":"/items/properties/category/properties/name"}
    domain: "syntax"
    ignored: ["$id","examples"]
warning: the following keywords are unknown and will be ignored: [$id, examples]
    level: "warning"
    schema: {"loadingURI":"#","pointer":"/items/properties/id"}
    domain: "syntax"
    ignored: ["$id","examples"]
warning: the following keywords are unknown and will be ignored: [$id, examples]
    level: "warning"
    schema: {"loadingURI":"#","pointer":"/items/properties/name"}
    domain: "syntax"
    ignored: ["$id","examples"]
warning: the following keywords are unknown and will be ignored: [$id]
    level: "warning"
    schema: {"loadingURI":"#","pointer":"/items/properties/photoUrls"}
    domain: "syntax"
    ignored: ["$id"]
warning: the following keywords are unknown and will be ignored: [$id, examples]
    level: "warning"
    schema: {"loadingURI":"#","pointer":"/items/properties/photoUrls/items"}
    domain: "syntax"
    ignored: ["$id","examples"]
warning: the following keywords are unknown and will be ignored: [$id, examples]
    level: "warning"
    schema: {"loadingURI":"#","pointer":"/items/properties/status"}
    domain: "syntax"
    ignored: ["$id","examples"]
warning: the following keywords are unknown and will be ignored: [$id]
    level: "warning"
    schema: {"loadingURI":"#","pointer":"/items/properties/tags"}
    domain: "syntax"
    ignored: ["$id"]
warning: the following keywords are unknown and will be ignored: [$id]
    level: "warning"
    schema: {"loadingURI":"#","pointer":"/items/properties/tags/items"}
    domain: "syntax"
    ignored: ["$id"]
warning: the following keywords are unknown and will be ignored: [$id, examples]
    level: "warning"
    schema: {"loadingURI":"#","pointer":"/items/properties/tags/items/properties/id"}
    domain: "syntax"
    ignored: ["$id","examples"]
warning: the following keywords are unknown and will be ignored: [$id, examples]
    level: "warning"
    schema: {"loadingURI":"#","pointer":"/items/properties/tags/items/properties/name"}
    domain: "syntax"
    ignored: ["$id","examples"]
warning: the following keywords are unknown and will be ignored: [$id]
    level: "warning"
    schema: {"loadingURI":"#","pointer":"/items"}
    domain: "syntax"
    ignored: ["$id"]
warning: the following keywords are unknown and will be ignored: [$id]
    level: "warning"
    schema: {"loadingURI":"#","pointer":"/items/properties/category"}
    domain: "syntax"
    ignored: ["$id"]
warning: the following keywords are unknown and will be ignored: [$id, examples]
    level: "warning"
    schema: {"loadingURI":"#","pointer":"/items/properties/category/properties/id"}
    domain: "syntax"
    ignored: ["$id","examples"]
warning: the following keywords are unknown and will be ignored: [$id, examples]
    level: "warning"
    schema: {"loadingURI":"#","pointer":"/items/properties/category/properties/name"}
    domain: "syntax"
    ignored: ["$id","examples"]
warning: the following keywords are unknown and will be ignored: [$id, examples]
    level: "warning"
    schema: {"loadingURI":"#","pointer":"/items/properties/id"}
    domain: "syntax"
    ignored: ["$id","examples"]
warning: the following keywords are unknown and will be ignored: [$id, examples]
    level: "warning"
    schema: {"loadingURI":"#","pointer":"/items/properties/name"}
    domain: "syntax"
    ignored: ["$id","examples"]
warning: the following keywords are unknown and will be ignored: [$id]
    level: "warning"
    schema: {"loadingURI":"#","pointer":"/items/properties/photoUrls"}
    domain: "syntax"
    ignored: ["$id"]
warning: the following keywords are unknown and will be ignored: [$id, examples]
    level: "warning"
    schema: {"loadingURI":"#","pointer":"/items/properties/photoUrls/items"}
    domain: "syntax"
    ignored: ["$id","examples"]
warning: the following keywords are unknown and will be ignored: [$id, examples]
    level: "warning"
    schema: {"loadingURI":"#","pointer":"/items/properties/status"}
    domain: "syntax"
    ignored: ["$id","examples"]
warning: the following keywords are unknown and will be ignored: [$id]
    level: "warning"
    schema: {"loadingURI":"#","pointer":"/items/properties/tags"}
    domain: "syntax"
    ignored: ["$id"]
warning: the following keywords are unknown and will be ignored: [$id]
    level: "warning"
    schema: {"loadingURI":"#","pointer":"/items/properties/tags/items"}
    domain: "syntax"
    ignored: ["$id"]
warning: the following keywords are unknown and will be ignored: [$id, examples]
    level: "warning"
    schema: {"loadingURI":"#","pointer":"/items/properties/tags/items/properties/id"}
    domain: "syntax"
    ignored: ["$id","examples"]
warning: the following keywords are unknown and will be ignored: [$id, examples]
    level: "warning"
    schema: {"loadingURI":"#","pointer":"/items/properties/tags/items/properties/name"}
    domain: "syntax"
    ignored: ["$id","examples"]
warning: the following keywords are unknown and will be ignored: [$id]
    level: "warning"
    schema: {"loadingURI":"#","pointer":"/items"}
    domain: "syntax"
    ignored: ["$id"]
warning: the following keywords are unknown and will be ignored: [$id]
    level: "warning"
    schema: {"loadingURI":"#","pointer":"/items/properties/category"}
    domain: "syntax"
    ignored: ["$id"]
warning: the following keywords are unknown and will be ignored: [$id, examples]
    level: "warning"
    schema: {"loadingURI":"#","pointer":"/items/properties/category/properties/id"}
    domain: "syntax"
    ignored: ["$id","examples"]
warning: the following keywords are unknown and will be ignored: [$id, examples]
    level: "warning"
    schema: {"loadingURI":"#","pointer":"/items/properties/category/properties/name"}
    domain: "syntax"
    ignored: ["$id","examples"]
warning: the following keywords are unknown and will be ignored: [$id, examples]
    level: "warning"
    schema: {"loadingURI":"#","pointer":"/items/properties/id"}
    domain: "syntax"
    ignored: ["$id","examples"]
warning: the following keywords are unknown and will be ignored: [$id, examples]
    level: "warning"
    schema: {"loadingURI":"#","pointer":"/items/properties/name"}
    domain: "syntax"
    ignored: ["$id","examples"]
warning: the following keywords are unknown and will be ignored: [$id]
    level: "warning"
    schema: {"loadingURI":"#","pointer":"/items/properties/photoUrls"}
    domain: "syntax"
    ignored: ["$id"]
warning: the following keywords are unknown and will be ignored: [$id, examples]
    level: "warning"
    schema: {"loadingURI":"#","pointer":"/items/properties/photoUrls/items"}
    domain: "syntax"
    ignored: ["$id","examples"]
warning: the following keywords are unknown and will be ignored: [$id, examples]
    level: "warning"
    schema: {"loadingURI":"#","pointer":"/items/properties/status"}
    domain: "syntax"
    ignored: ["$id","examples"]
warning: the following keywords are unknown and will be ignored: [$id]
    level: "warning"
    schema: {"loadingURI":"#","pointer":"/items/properties/tags"}
    domain: "syntax"
    ignored: ["$id"]
warning: the following keywords are unknown and will be ignored: [$id]
    level: "warning"
    schema: {"loadingURI":"#","pointer":"/items/properties/tags/items"}
    domain: "syntax"
    ignored: ["$id"]
warning: the following keywords are unknown and will be ignored: [$id, examples]
    level: "warning"
    schema: {"loadingURI":"#","pointer":"/items/properties/tags/items/properties/id"}
    domain: "syntax"
    ignored: ["$id","examples"]
warning: the following keywords are unknown and will be ignored: [$id, examples]
    level: "warning"
    schema: {"loadingURI":"#","pointer":"/items/properties/tags/items/properties/name"}
    domain: "syntax"
    ignored: ["$id","examples"]
warning: the following keywords are unknown and will be ignored: [$id]
    level: "warning"
    schema: {"loadingURI":"#","pointer":"/items"}
    domain: "syntax"
    ignored: ["$id"]
warning: the following keywords are unknown and will be ignored: [$id]
    level: "warning"
    schema: {"loadingURI":"#","pointer":"/items/properties/category"}
    domain: "syntax"
    ignored: ["$id"]
warning: the following keywords are unknown and will be ignored: [$id, examples]
    level: "warning"
    schema: {"loadingURI":"#","pointer":"/items/properties/category/properties/id"}
    domain: "syntax"
    ignored: ["$id","examples"]
warning: the following keywords are unknown and will be ignored: [$id, examples]
    level: "warning"
    schema: {"loadingURI":"#","pointer":"/items/properties/category/properties/name"}
    domain: "syntax"
    ignored: ["$id","examples"]
warning: the following keywords are unknown and will be ignored: [$id, examples]
    level: "warning"
    schema: {"loadingURI":"#","pointer":"/items/properties/id"}
    domain: "syntax"
    ignored: ["$id","examples"]
warning: the following keywords are unknown and will be ignored: [$id, examples]
    level: "warning"
    schema: {"loadingURI":"#","pointer":"/items/properties/name"}
    domain: "syntax"
    ignored: ["$id","examples"]
warning: the following keywords are unknown and will be ignored: [$id]
    level: "warning"
    schema: {"loadingURI":"#","pointer":"/items/properties/photoUrls"}
    domain: "syntax"
    ignored: ["$id"]
warning: the following keywords are unknown and will be ignored: [$id, examples]
    level: "warning"
    schema: {"loadingURI":"#","pointer":"/items/properties/photoUrls/items"}
    domain: "syntax"
    ignored: ["$id","examples"]
warning: the following keywords are unknown and will be ignored: [$id, examples]
    level: "warning"
    schema: {"loadingURI":"#","pointer":"/items/properties/status"}
    domain: "syntax"
    ignored: ["$id","examples"]
warning: the following keywords are unknown and will be ignored: [$id]
    level: "warning"
    schema: {"loadingURI":"#","pointer":"/items/properties/tags"}
    domain: "syntax"
    ignored: ["$id"]
warning: the following keywords are unknown and will be ignored: [$id]
    level: "warning"
    schema: {"loadingURI":"#","pointer":"/items/properties/tags/items"}
    domain: "syntax"
    ignored: ["$id"]
warning: the following keywords are unknown and will be ignored: [$id, examples]
    level: "warning"
    schema: {"loadingURI":"#","pointer":"/items/properties/tags/items/properties/id"}
    domain: "syntax"
    ignored: ["$id","examples"]
warning: the following keywords are unknown and will be ignored: [$id, examples]
    level: "warning"
    schema: {"loadingURI":"#","pointer":"/items/properties/tags/items/properties/name"}
    domain: "syntax"
    ignored: ["$id","examples"]
warning: the following keywords are unknown and will be ignored: [$id]
    level: "warning"
    schema: {"loadingURI":"#","pointer":"/items"}
    domain: "syntax"
    ignored: ["$id"]
warning: the following keywords are unknown and will be ignored: [$id]
    level: "warning"
    schema: {"loadingURI":"#","pointer":"/items/properties/category"}
    domain: "syntax"
    ignored: ["$id"]
warning: the following keywords are unknown and will be ignored: [$id, examples]
    level: "warning"
    schema: {"loadingURI":"#","pointer":"/items/properties/category/properties/id"}
    domain: "syntax"
    ignored: ["$id","examples"]
warning: the following keywords are unknown and will be ignored: [$id, examples]
    level: "warning"
    schema: {"loadingURI":"#","pointer":"/items/properties/category/properties/name"}
    domain: "syntax"
    ignored: ["$id","examples"]
warning: the following keywords are unknown and will be ignored: [$id, examples]
    level: "warning"
    schema: {"loadingURI":"#","pointer":"/items/properties/id"}
    domain: "syntax"
    ignored: ["$id","examples"]
warning: the following keywords are unknown and will be ignored: [$id, examples]
    level: "warning"
    schema: {"loadingURI":"#","pointer":"/items/properties/name"}
    domain: "syntax"
    ignored: ["$id","examples"]
warning: the following keywords are unknown and will be ignored: [$id]
    level: "warning"
    schema: {"loadingURI":"#","pointer":"/items/properties/photoUrls"}
    domain: "syntax"
    ignored: ["$id"]
warning: the following keywords are unknown and will be ignored: [$id, examples]
    level: "warning"
    schema: {"loadingURI":"#","pointer":"/items/properties/photoUrls/items"}
    domain: "syntax"
    ignored: ["$id","examples"]
warning: the following keywords are unknown and will be ignored: [$id, examples]
    level: "warning"
    schema: {"loadingURI":"#","pointer":"/items/properties/status"}
    domain: "syntax"
    ignored: ["$id","examples"]
warning: the following keywords are unknown and will be ignored: [$id]
    level: "warning"
    schema: {"loadingURI":"#","pointer":"/items/properties/tags"}
    domain: "syntax"
    ignored: ["$id"]
warning: the following keywords are unknown and will be ignored: [$id]
    level: "warning"
    schema: {"loadingURI":"#","pointer":"/items/properties/tags/items"}
    domain: "syntax"
    ignored: ["$id"]
warning: the following keywords are unknown and will be ignored: [$id, examples]
    level: "warning"
    schema: {"loadingURI":"#","pointer":"/items/properties/tags/items/properties/id"}
    domain: "syntax"
    ignored: ["$id","examples"]
warning: the following keywords are unknown and will be ignored: [$id, examples]
    level: "warning"
    schema: {"loadingURI":"#","pointer":"/items/properties/tags/items/properties/name"}
    domain: "syntax"
    ignored: ["$id","examples"]
warning: the following keywords are unknown and will be ignored: [$id]
    level: "warning"
    schema: {"loadingURI":"#","pointer":"/items"}
    domain: "syntax"
    ignored: ["$id"]
warning: the following keywords are unknown and will be ignored: [$id]
    level: "warning"
    schema: {"loadingURI":"#","pointer":"/items/properties/category"}
    domain: "syntax"
    ignored: ["$id"]
warning: the following keywords are unknown and will be ignored: [$id, examples]
    level: "warning"
    schema: {"loadingURI":"#","pointer":"/items/properties/category/properties/id"}
    domain: "syntax"
    ignored: ["$id","examples"]
warning: the following keywords are unknown and will be ignored: [$id, examples]
    level: "warning"
    schema: {"loadingURI":"#","pointer":"/items/properties/category/properties/name"}
    domain: "syntax"
    ignored: ["$id","examples"]
warning: the following keywords are unknown and will be ignored: [$id, examples]
    level: "warning"
    schema: {"loadingURI":"#","pointer":"/items/properties/id"}
    domain: "syntax"
    ignored: ["$id","examples"]
warning: the following keywords are unknown and will be ignored: [$id, examples]
    level: "warning"
    schema: {"loadingURI":"#","pointer":"/items/properties/name"}
    domain: "syntax"
    ignored: ["$id","examples"]
warning: the following keywords are unknown and will be ignored: [$id]
    level: "warning"
    schema: {"loadingURI":"#","pointer":"/items/properties/photoUrls"}
    domain: "syntax"
    ignored: ["$id"]
warning: the following keywords are unknown and will be ignored: [$id, examples]
    level: "warning"
    schema: {"loadingURI":"#","pointer":"/items/properties/photoUrls/items"}
    domain: "syntax"
    ignored: ["$id","examples"]
warning: the following keywords are unknown and will be ignored: [$id, examples]
    level: "warning"
    schema: {"loadingURI":"#","pointer":"/items/properties/status"}
    domain: "syntax"
    ignored: ["$id","examples"]
warning: the following keywords are unknown and will be ignored: [$id]
    level: "warning"
    schema: {"loadingURI":"#","pointer":"/items/properties/tags"}
    domain: "syntax"
    ignored: ["$id"]
warning: the following keywords are unknown and will be ignored: [$id]
    level: "warning"
    schema: {"loadingURI":"#","pointer":"/items/properties/tags/items"}
    domain: "syntax"
    ignored: ["$id"]
warning: the following keywords are unknown and will be ignored: [$id, examples]
    level: "warning"
    schema: {"loadingURI":"#","pointer":"/items/properties/tags/items/properties/id"}
    domain: "syntax"
    ignored: ["$id","examples"]
warning: the following keywords are unknown and will be ignored: [$id, examples]
    level: "warning"
    schema: {"loadingURI":"#","pointer":"/items/properties/tags/items/properties/name"}
    domain: "syntax"
    ignored: ["$id","examples"]
warning: the following keywords are unknown and will be ignored: [$id]
    level: "warning"
    schema: {"loadingURI":"#","pointer":"/items"}
    domain: "syntax"
    ignored: ["$id"]
warning: the following keywords are unknown and will be ignored: [$id]
    level: "warning"
    schema: {"loadingURI":"#","pointer":"/items/properties/category"}
    domain: "syntax"
    ignored: ["$id"]
warning: the following keywords are unknown and will be ignored: [$id, examples]
    level: "warning"
    schema: {"loadingURI":"#","pointer":"/items/properties/category/properties/id"}
    domain: "syntax"
    ignored: ["$id","examples"]
warning: the following keywords are unknown and will be ignored: [$id, examples]
    level: "warning"
    schema: {"loadingURI":"#","pointer":"/items/properties/category/properties/name"}
    domain: "syntax"
    ignored: ["$id","examples"]
warning: the following keywords are unknown and will be ignored: [$id, examples]
    level: "warning"
    schema: {"loadingURI":"#","pointer":"/items/properties/id"}
    domain: "syntax"
    ignored: ["$id","examples"]
warning: the following keywords are unknown and will be ignored: [$id, examples]
    level: "warning"
    schema: {"loadingURI":"#","pointer":"/items/properties/name"}
    domain: "syntax"
    ignored: ["$id","examples"]
warning: the following keywords are unknown and will be ignored: [$id]
    level: "warning"
    schema: {"loadingURI":"#","pointer":"/items/properties/photoUrls"}
    domain: "syntax"
    ignored: ["$id"]
warning: the following keywords are unknown and will be ignored: [$id, examples]
    level: "warning"
    schema: {"loadingURI":"#","pointer":"/items/properties/photoUrls/items"}
    domain: "syntax"
    ignored: ["$id","examples"]
warning: the following keywords are unknown and will be ignored: [$id, examples]
    level: "warning"
    schema: {"loadingURI":"#","pointer":"/items/properties/status"}
    domain: "syntax"
    ignored: ["$id","examples"]
warning: the following keywords are unknown and will be ignored: [$id]
    level: "warning"
    schema: {"loadingURI":"#","pointer":"/items/properties/tags"}
    domain: "syntax"
    ignored: ["$id"]
warning: the following keywords are unknown and will be ignored: [$id]
    level: "warning"
    schema: {"loadingURI":"#","pointer":"/items/properties/tags/items"}
    domain: "syntax"
    ignored: ["$id"]
warning: the following keywords are unknown and will be ignored: [$id, examples]
    level: "warning"
    schema: {"loadingURI":"#","pointer":"/items/properties/tags/items/properties/id"}
    domain: "syntax"
    ignored: ["$id","examples"]
warning: the following keywords are unknown and will be ignored: [$id, examples]
    level: "warning"
    schema: {"loadingURI":"#","pointer":"/items/properties/tags/items/properties/name"}
    domain: "syntax"
    ignored: ["$id","examples"]
warning: the following keywords are unknown and will be ignored: [$id]
    level: "warning"
    schema: {"loadingURI":"#","pointer":"/items"}
    domain: "syntax"
    ignored: ["$id"]
warning: the following keywords are unknown and will be ignored: [$id]
    level: "warning"
    schema: {"loadingURI":"#","pointer":"/items/properties/category"}
    domain: "syntax"
    ignored: ["$id"]
warning: the following keywords are unknown and will be ignored: [$id, examples]
    level: "warning"
    schema: {"loadingURI":"#","pointer":"/items/properties/category/properties/id"}
    domain: "syntax"
    ignored: ["$id","examples"]
warning: the following keywords are unknown and will be ignored: [$id, examples]
    level: "warning"
    schema: {"loadingURI":"#","pointer":"/items/properties/category/properties/name"}
    domain: "syntax"
    ignored: ["$id","examples"]
warning: the following keywords are unknown and will be ignored: [$id, examples]
    level: "warning"
    schema: {"loadingURI":"#","pointer":"/items/properties/id"}
    domain: "syntax"
    ignored: ["$id","examples"]
warning: the following keywords are unknown and will be ignored: [$id, examples]
    level: "warning"
    schema: {"loadingURI":"#","pointer":"/items/properties/name"}
    domain: "syntax"
    ignored: ["$id","examples"]
warning: the following keywords are unknown and will be ignored: [$id]
    level: "warning"
    schema: {"loadingURI":"#","pointer":"/items/properties/photoUrls"}
    domain: "syntax"
    ignored: ["$id"]
warning: the following keywords are unknown and will be ignored: [$id, examples]
    level: "warning"
    schema: {"loadingURI":"#","pointer":"/items/properties/photoUrls/items"}
    domain: "syntax"
    ignored: ["$id","examples"]
warning: the following keywords are unknown and will be ignored: [$id, examples]
    level: "warning"
    schema: {"loadingURI":"#","pointer":"/items/properties/status"}
    domain: "syntax"
    ignored: ["$id","examples"]
warning: the following keywords are unknown and will be ignored: [$id]
    level: "warning"
    schema: {"loadingURI":"#","pointer":"/items/properties/tags"}
    domain: "syntax"
    ignored: ["$id"]
warning: the following keywords are unknown and will be ignored: [$id]
    level: "warning"
    schema: {"loadingURI":"#","pointer":"/items/properties/tags/items"}
    domain: "syntax"
    ignored: ["$id"]
warning: the following keywords are unknown and will be ignored: [$id, examples]
    level: "warning"
    schema: {"loadingURI":"#","pointer":"/items/properties/tags/items/properties/id"}
    domain: "syntax"
    ignored: ["$id","examples"]
warning: the following keywords are unknown and will be ignored: [$id, examples]
    level: "warning"
    schema: {"loadingURI":"#","pointer":"/items/properties/tags/items/properties/name"}
    domain: "syntax"
    ignored: ["$id","examples"]
warning: the following keywords are unknown and will be ignored: [$id]
    level: "warning"
    schema: {"loadingURI":"#","pointer":"/items"}
    domain: "syntax"
    ignored: ["$id"]
warning: the following keywords are unknown and will be ignored: [$id]
    level: "warning"
    schema: {"loadingURI":"#","pointer":"/items/properties/category"}
    domain: "syntax"
    ignored: ["$id"]
warning: the following keywords are unknown and will be ignored: [$id, examples]
    level: "warning"
    schema: {"loadingURI":"#","pointer":"/items/properties/category/properties/id"}
    domain: "syntax"
    ignored: ["$id","examples"]
warning: the following keywords are unknown and will be ignored: [$id, examples]
    level: "warning"
    schema: {"loadingURI":"#","pointer":"/items/properties/category/properties/name"}
    domain: "syntax"
    ignored: ["$id","examples"]
warning: the following keywords are unknown and will be ignored: [$id, examples]
    level: "warning"
    schema: {"loadingURI":"#","pointer":"/items/properties/id"}
    domain: "syntax"
    ignored: ["$id","examples"]
warning: the following keywords are unknown and will be ignored: [$id, examples]
    level: "warning"
    schema: {"loadingURI":"#","pointer":"/items/properties/name"}
    domain: "syntax"
    ignored: ["$id","examples"]
warning: the following keywords are unknown and will be ignored: [$id]
    level: "warning"
    schema: {"loadingURI":"#","pointer":"/items/properties/photoUrls"}
    domain: "syntax"
    ignored: ["$id"]
warning: the following keywords are unknown and will be ignored: [$id, examples]
    level: "warning"
    schema: {"loadingURI":"#","pointer":"/items/properties/photoUrls/items"}
    domain: "syntax"
    ignored: ["$id","examples"]
warning: the following keywords are unknown and will be ignored: [$id, examples]
    level: "warning"
    schema: {"loadingURI":"#","pointer":"/items/properties/status"}
    domain: "syntax"
    ignored: ["$id","examples"]
warning: the following keywords are unknown and will be ignored: [$id]
    level: "warning"
    schema: {"loadingURI":"#","pointer":"/items/properties/tags"}
    domain: "syntax"
    ignored: ["$id"]
warning: the following keywords are unknown and will be ignored: [$id]
    level: "warning"
    schema: {"loadingURI":"#","pointer":"/items/properties/tags/items"}
    domain: "syntax"
    ignored: ["$id"]
warning: the following keywords are unknown and will be ignored: [$id, examples]
    level: "warning"
    schema: {"loadingURI":"#","pointer":"/items/properties/tags/items/properties/id"}
    domain: "syntax"
    ignored: ["$id","examples"]
warning: the following keywords are unknown and will be ignored: [$id, examples]
    level: "warning"
    schema: {"loadingURI":"#","pointer":"/items/properties/tags/items/properties/name"}
    domain: "syntax"
    ignored: ["$id","examples"]
warning: the following keywords are unknown and will be ignored: [$id]
    level: "warning"
    schema: {"loadingURI":"#","pointer":"/items"}
    domain: "syntax"
    ignored: ["$id"]
warning: the following keywords are unknown and will be ignored: [$id]
    level: "warning"
    schema: {"loadingURI":"#","pointer":"/items/properties/category"}
    domain: "syntax"
    ignored: ["$id"]
warning: the following keywords are unknown and will be ignored: [$id, examples]
    level: "warning"
    schema: {"loadingURI":"#","pointer":"/items/properties/category/properties/id"}
    domain: "syntax"
    ignored: ["$id","examples"]
warning: the following keywords are unknown and will be ignored: [$id, examples]
    level: "warning"
    schema: {"loadingURI":"#","pointer":"/items/properties/category/properties/name"}
    domain: "syntax"
    ignored: ["$id","examples"]
warning: the following keywords are unknown and will be ignored: [$id, examples]
    level: "warning"
    schema: {"loadingURI":"#","pointer":"/items/properties/id"}
    domain: "syntax"
    ignored: ["$id","examples"]
warning: the following keywords are unknown and will be ignored: [$id, examples]
    level: "warning"
    schema: {"loadingURI":"#","pointer":"/items/properties/name"}
    domain: "syntax"
    ignored: ["$id","examples"]
warning: the following keywords are unknown and will be ignored: [$id]
    level: "warning"
    schema: {"loadingURI":"#","pointer":"/items/properties/photoUrls"}
    domain: "syntax"
    ignored: ["$id"]
warning: the following keywords are unknown and will be ignored: [$id, examples]
    level: "warning"
    schema: {"loadingURI":"#","pointer":"/items/properties/photoUrls/items"}
    domain: "syntax"
    ignored: ["$id","examples"]
warning: the following keywords are unknown and will be ignored: [$id, examples]
    level: "warning"
    schema: {"loadingURI":"#","pointer":"/items/properties/status"}
    domain: "syntax"
    ignored: ["$id","examples"]
warning: the following keywords are unknown and will be ignored: [$id]
    level: "warning"
    schema: {"loadingURI":"#","pointer":"/items/properties/tags"}
    domain: "syntax"
    ignored: ["$id"]
warning: the following keywords are unknown and will be ignored: [$id]
    level: "warning"
    schema: {"loadingURI":"#","pointer":"/items/properties/tags/items"}
    domain: "syntax"
    ignored: ["$id"]
warning: the following keywords are unknown and will be ignored: [$id, examples]
    level: "warning"
    schema: {"loadingURI":"#","pointer":"/items/properties/tags/items/properties/id"}
    domain: "syntax"
    ignored: ["$id","examples"]
warning: the following keywords are unknown and will be ignored: [$id, examples]
    level: "warning"
    schema: {"loadingURI":"#","pointer":"/items/properties/tags/items/properties/name"}
    domain: "syntax"
    ignored: ["$id","examples"]
warning: the following keywords are unknown and will be ignored: [$id]
    level: "warning"
    schema: {"loadingURI":"#","pointer":"/items"}
    domain: "syntax"
    ignored: ["$id"]
warning: the following keywords are unknown and will be ignored: [$id]
    level: "warning"
    schema: {"loadingURI":"#","pointer":"/items/properties/category"}
    domain: "syntax"
    ignored: ["$id"]
warning: the following keywords are unknown and will be ignored: [$id, examples]
    level: "warning"
    schema: {"loadingURI":"#","pointer":"/items/properties/category/properties/id"}
    domain: "syntax"
    ignored: ["$id","examples"]
warning: the following keywords are unknown and will be ignored: [$id, examples]
    level: "warning"
    schema: {"loadingURI":"#","pointer":"/items/properties/category/properties/name"}
    domain: "syntax"
    ignored: ["$id","examples"]
warning: the following keywords are unknown and will be ignored: [$id, examples]
    level: "warning"
    schema: {"loadingURI":"#","pointer":"/items/properties/id"}
    domain: "syntax"
    ignored: ["$id","examples"]
warning: the following keywords are unknown and will be ignored: [$id, examples]
    level: "warning"
    schema: {"loadingURI":"#","pointer":"/items/properties/name"}
    domain: "syntax"
    ignored: ["$id","examples"]
warning: the following keywords are unknown and will be ignored: [$id]
    level: "warning"
    schema: {"loadingURI":"#","pointer":"/items/properties/photoUrls"}
    domain: "syntax"
    ignored: ["$id"]
warning: the following keywords are unknown and will be ignored: [$id, examples]
    level: "warning"
    schema: {"loadingURI":"#","pointer":"/items/properties/photoUrls/items"}
    domain: "syntax"
    ignored: ["$id","examples"]
warning: the following keywords are unknown and will be ignored: [$id, examples]
    level: "warning"
    schema: {"loadingURI":"#","pointer":"/items/properties/status"}
    domain: "syntax"
    ignored: ["$id","examples"]
warning: the following keywords are unknown and will be ignored: [$id]
    level: "warning"
    schema: {"loadingURI":"#","pointer":"/items/properties/tags"}
    domain: "syntax"
    ignored: ["$id"]
warning: the following keywords are unknown and will be ignored: [$id]
    level: "warning"
    schema: {"loadingURI":"#","pointer":"/items/properties/tags/items"}
    domain: "syntax"
    ignored: ["$id"]
warning: the following keywords are unknown and will be ignored: [$id, examples]
    level: "warning"
    schema: {"loadingURI":"#","pointer":"/items/properties/tags/items/properties/id"}
    domain: "syntax"
    ignored: ["$id","examples"]
warning: the following keywords are unknown and will be ignored: [$id, examples]
    level: "warning"
    schema: {"loadingURI":"#","pointer":"/items/properties/tags/items/properties/name"}
    domain: "syntax"
    ignored: ["$id","examples"]
warning: the following keywords are unknown and will be ignored: [$id]
    level: "warning"
    schema: {"loadingURI":"#","pointer":"/items"}
    domain: "syntax"
    ignored: ["$id"]
warning: the following keywords are unknown and will be ignored: [$id]
    level: "warning"
    schema: {"loadingURI":"#","pointer":"/items/properties/category"}
    domain: "syntax"
    ignored: ["$id"]
warning: the following keywords are unknown and will be ignored: [$id, examples]
    level: "warning"
    schema: {"loadingURI":"#","pointer":"/items/properties/category/properties/id"}
    domain: "syntax"
    ignored: ["$id","examples"]
warning: the following keywords are unknown and will be ignored: [$id, examples]
    level: "warning"
    schema: {"loadingURI":"#","pointer":"/items/properties/category/properties/name"}
    domain: "syntax"
    ignored: ["$id","examples"]
warning: the following keywords are unknown and will be ignored: [$id, examples]
    level: "warning"
    schema: {"loadingURI":"#","pointer":"/items/properties/id"}
    domain: "syntax"
    ignored: ["$id","examples"]
warning: the following keywords are unknown and will be ignored: [$id, examples]
    level: "warning"
    schema: {"loadingURI":"#","pointer":"/items/properties/name"}
    domain: "syntax"
    ignored: ["$id","examples"]
warning: the following keywords are unknown and will be ignored: [$id]
    level: "warning"
    schema: {"loadingURI":"#","pointer":"/items/properties/photoUrls"}
    domain: "syntax"
    ignored: ["$id"]
warning: the following keywords are unknown and will be ignored: [$id, examples]
    level: "warning"
    schema: {"loadingURI":"#","pointer":"/items/properties/photoUrls/items"}
    domain: "syntax"
    ignored: ["$id","examples"]
warning: the following keywords are unknown and will be ignored: [$id, examples]
    level: "warning"
    schema: {"loadingURI":"#","pointer":"/items/properties/status"}
    domain: "syntax"
    ignored: ["$id","examples"]
warning: the following keywords are unknown and will be ignored: [$id]
    level: "warning"
    schema: {"loadingURI":"#","pointer":"/items/properties/tags"}
    domain: "syntax"
    ignored: ["$id"]
warning: the following keywords are unknown and will be ignored: [$id]
    level: "warning"
    schema: {"loadingURI":"#","pointer":"/items/properties/tags/items"}
    domain: "syntax"
    ignored: ["$id"]
warning: the following keywords are unknown and will be ignored: [$id, examples]
    level: "warning"
    schema: {"loadingURI":"#","pointer":"/items/properties/tags/items/properties/id"}
    domain: "syntax"
    ignored: ["$id","examples"]
warning: the following keywords are unknown and will be ignored: [$id, examples]
    level: "warning"
    schema: {"loadingURI":"#","pointer":"/items/properties/tags/items/properties/name"}
    domain: "syntax"
    ignored: ["$id","examples"]
warning: the following keywords are unknown and will be ignored: [$id]
    level: "warning"
    schema: {"loadingURI":"#","pointer":"/items"}
    domain: "syntax"
    ignored: ["$id"]
warning: the following keywords are unknown and will be ignored: [$id]
    level: "warning"
    schema: {"loadingURI":"#","pointer":"/items/properties/category"}
    domain: "syntax"
    ignored: ["$id"]
warning: the following keywords are unknown and will be ignored: [$id, examples]
    level: "warning"
    schema: {"loadingURI":"#","pointer":"/items/properties/category/properties/id"}
    domain: "syntax"
    ignored: ["$id","examples"]
warning: the following keywords are unknown and will be ignored: [$id, examples]
    level: "warning"
    schema: {"loadingURI":"#","pointer":"/items/properties/category/properties/name"}
    domain: "syntax"
    ignored: ["$id","examples"]
warning: the following keywords are unknown and will be ignored: [$id, examples]
    level: "warning"
    schema: {"loadingURI":"#","pointer":"/items/properties/id"}
    domain: "syntax"
    ignored: ["$id","examples"]
warning: the following keywords are unknown and will be ignored: [$id, examples]
    level: "warning"
    schema: {"loadingURI":"#","pointer":"/items/properties/name"}
    domain: "syntax"
    ignored: ["$id","examples"]
warning: the following keywords are unknown and will be ignored: [$id]
    level: "warning"
    schema: {"loadingURI":"#","pointer":"/items/properties/photoUrls"}
    domain: "syntax"
    ignored: ["$id"]
warning: the following keywords are unknown and will be ignored: [$id, examples]
    level: "warning"
    schema: {"loadingURI":"#","pointer":"/items/properties/photoUrls/items"}
    domain: "syntax"
    ignored: ["$id","examples"]
warning: the following keywords are unknown and will be ignored: [$id, examples]
    level: "warning"
    schema: {"loadingURI":"#","pointer":"/items/properties/status"}
    domain: "syntax"
    ignored: ["$id","examples"]
warning: the following keywords are unknown and will be ignored: [$id]
    level: "warning"
    schema: {"loadingURI":"#","pointer":"/items/properties/tags"}
    domain: "syntax"
    ignored: ["$id"]
warning: the following keywords are unknown and will be ignored: [$id]
    level: "warning"
    schema: {"loadingURI":"#","pointer":"/items/properties/tags/items"}
    domain: "syntax"
    ignored: ["$id"]
warning: the following keywords are unknown and will be ignored: [$id, examples]
    level: "warning"
    schema: {"loadingURI":"#","pointer":"/items/properties/tags/items/properties/id"}
    domain: "syntax"
    ignored: ["$id","examples"]
warning: the following keywords are unknown and will be ignored: [$id, examples]
    level: "warning"
    schema: {"loadingURI":"#","pointer":"/items/properties/tags/items/properties/name"}
    domain: "syntax"
    ignored: ["$id","examples"]
warning: the following keywords are unknown and will be ignored: [$id]
    level: "warning"
    schema: {"loadingURI":"#","pointer":"/items"}
    domain: "syntax"
    ignored: ["$id"]
warning: the following keywords are unknown and will be ignored: [$id]
    level: "warning"
    schema: {"loadingURI":"#","pointer":"/items/properties/category"}
    domain: "syntax"
    ignored: ["$id"]
warning: the following keywords are unknown and will be ignored: [$id, examples]
    level: "warning"
    schema: {"loadingURI":"#","pointer":"/items/properties/category/properties/id"}
    domain: "syntax"
    ignored: ["$id","examples"]
warning: the following keywords are unknown and will be ignored: [$id, examples]
    level: "warning"
    schema: {"loadingURI":"#","pointer":"/items/properties/category/properties/name"}
    domain: "syntax"
    ignored: ["$id","examples"]
warning: the following keywords are unknown and will be ignored: [$id, examples]
    level: "warning"
    schema: {"loadingURI":"#","pointer":"/items/properties/id"}
    domain: "syntax"
    ignored: ["$id","examples"]
warning: the following keywords are unknown and will be ignored: [$id, examples]
    level: "warning"
    schema: {"loadingURI":"#","pointer":"/items/properties/name"}
    domain: "syntax"
    ignored: ["$id","examples"]
warning: the following keywords are unknown and will be ignored: [$id]
    level: "warning"
    schema: {"loadingURI":"#","pointer":"/items/properties/photoUrls"}
    domain: "syntax"
    ignored: ["$id"]
warning: the following keywords are unknown and will be ignored: [$id, examples]
    level: "warning"
    schema: {"loadingURI":"#","pointer":"/items/properties/photoUrls/items"}
    domain: "syntax"
    ignored: ["$id","examples"]
warning: the following keywords are unknown and will be ignored: [$id, examples]
    level: "warning"
    schema: {"loadingURI":"#","pointer":"/items/properties/status"}
    domain: "syntax"
    ignored: ["$id","examples"]
warning: the following keywords are unknown and will be ignored: [$id]
    level: "warning"
    schema: {"loadingURI":"#","pointer":"/items/properties/tags"}
    domain: "syntax"
    ignored: ["$id"]
warning: the following keywords are unknown and will be ignored: [$id]
    level: "warning"
    schema: {"loadingURI":"#","pointer":"/items/properties/tags/items"}
    domain: "syntax"
    ignored: ["$id"]
warning: the following keywords are unknown and will be ignored: [$id, examples]
    level: "warning"
    schema: {"loadingURI":"#","pointer":"/items/properties/tags/items/properties/id"}
    domain: "syntax"
    ignored: ["$id","examples"]
warning: the following keywords are unknown and will be ignored: [$id, examples]
    level: "warning"
    schema: {"loadingURI":"#","pointer":"/items/properties/tags/items/properties/name"}
    domain: "syntax"
    ignored: ["$id","examples"]
warning: the following keywords are unknown and will be ignored: [$id]
    level: "warning"
    schema: {"loadingURI":"#","pointer":"/items"}
    domain: "syntax"
    ignored: ["$id"]
warning: the following keywords are unknown and will be ignored: [$id]
    level: "warning"
    schema: {"loadingURI":"#","pointer":"/items/properties/category"}
    domain: "syntax"
    ignored: ["$id"]
warning: the following keywords are unknown and will be ignored: [$id, examples]
    level: "warning"
    schema: {"loadingURI":"#","pointer":"/items/properties/category/properties/id"}
    domain: "syntax"
    ignored: ["$id","examples"]
warning: the following keywords are unknown and will be ignored: [$id, examples]
    level: "warning"
    schema: {"loadingURI":"#","pointer":"/items/properties/category/properties/name"}
    domain: "syntax"
    ignored: ["$id","examples"]
warning: the following keywords are unknown and will be ignored: [$id, examples]
    level: "warning"
    schema: {"loadingURI":"#","pointer":"/items/properties/id"}
    domain: "syntax"
    ignored: ["$id","examples"]
warning: the following keywords are unknown and will be ignored: [$id, examples]
    level: "warning"
    schema: {"loadingURI":"#","pointer":"/items/properties/name"}
    domain: "syntax"
    ignored: ["$id","examples"]
warning: the following keywords are unknown and will be ignored: [$id]
    level: "warning"
    schema: {"loadingURI":"#","pointer":"/items/properties/photoUrls"}
    domain: "syntax"
    ignored: ["$id"]
warning: the following keywords are unknown and will be ignored: [$id, examples]
    level: "warning"
    schema: {"loadingURI":"#","pointer":"/items/properties/photoUrls/items"}
    domain: "syntax"
    ignored: ["$id","examples"]
warning: the following keywords are unknown and will be ignored: [$id, examples]
    level: "warning"
    schema: {"loadingURI":"#","pointer":"/items/properties/status"}
    domain: "syntax"
    ignored: ["$id","examples"]
warning: the following keywords are unknown and will be ignored: [$id]
    level: "warning"
    schema: {"loadingURI":"#","pointer":"/items/properties/tags"}
    domain: "syntax"
    ignored: ["$id"]
warning: the following keywords are unknown and will be ignored: [$id]
    level: "warning"
    schema: {"loadingURI":"#","pointer":"/items/properties/tags/items"}
    domain: "syntax"
    ignored: ["$id"]
warning: the following keywords are unknown and will be ignored: [$id, examples]
    level: "warning"
    schema: {"loadingURI":"#","pointer":"/items/properties/tags/items/properties/id"}
    domain: "syntax"
    ignored: ["$id","examples"]
warning: the following keywords are unknown and will be ignored: [$id, examples]
    level: "warning"
    schema: {"loadingURI":"#","pointer":"/items/properties/tags/items/properties/name"}
    domain: "syntax"
    ignored: ["$id","examples"]
warning: the following keywords are unknown and will be ignored: [$id]
    level: "warning"
    schema: {"loadingURI":"#","pointer":"/items"}
    domain: "syntax"
    ignored: ["$id"]
warning: the following keywords are unknown and will be ignored: [$id]
    level: "warning"
    schema: {"loadingURI":"#","pointer":"/items/properties/category"}
    domain: "syntax"
    ignored: ["$id"]
warning: the following keywords are unknown and will be ignored: [$id, examples]
    level: "warning"
    schema: {"loadingURI":"#","pointer":"/items/properties/category/properties/id"}
    domain: "syntax"
    ignored: ["$id","examples"]
warning: the following keywords are unknown and will be ignored: [$id, examples]
    level: "warning"
    schema: {"loadingURI":"#","pointer":"/items/properties/category/properties/name"}
    domain: "syntax"
    ignored: ["$id","examples"]
warning: the following keywords are unknown and will be ignored: [$id, examples]
    level: "warning"
    schema: {"loadingURI":"#","pointer":"/items/properties/id"}
    domain: "syntax"
    ignored: ["$id","examples"]
warning: the following keywords are unknown and will be ignored: [$id, examples]
    level: "warning"
    schema: {"loadingURI":"#","pointer":"/items/properties/name"}
    domain: "syntax"
    ignored: ["$id","examples"]
warning: the following keywords are unknown and will be ignored: [$id]
    level: "warning"
    schema: {"loadingURI":"#","pointer":"/items/properties/photoUrls"}
    domain: "syntax"
    ignored: ["$id"]
warning: the following keywords are unknown and will be ignored: [$id, examples]
    level: "warning"
    schema: {"loadingURI":"#","pointer":"/items/properties/photoUrls/items"}
    domain: "syntax"
    ignored: ["$id","examples"]
warning: the following keywords are unknown and will be ignored: [$id, examples]
    level: "warning"
    schema: {"loadingURI":"#","pointer":"/items/properties/status"}
    domain: "syntax"
    ignored: ["$id","examples"]
warning: the following keywords are unknown and will be ignored: [$id]
    level: "warning"
    schema: {"loadingURI":"#","pointer":"/items/properties/tags"}
    domain: "syntax"
    ignored: ["$id"]
warning: the following keywords are unknown and will be ignored: [$id]
    level: "warning"
    schema: {"loadingURI":"#","pointer":"/items/properties/tags/items"}
    domain: "syntax"
    ignored: ["$id"]
warning: the following keywords are unknown and will be ignored: [$id, examples]
    level: "warning"
    schema: {"loadingURI":"#","pointer":"/items/properties/tags/items/properties/id"}
    domain: "syntax"
    ignored: ["$id","examples"]
warning: the following keywords are unknown and will be ignored: [$id, examples]
    level: "warning"
    schema: {"loadingURI":"#","pointer":"/items/properties/tags/items/properties/name"}
    domain: "syntax"
    ignored: ["$id","examples"]
warning: the following keywords are unknown and will be ignored: [$id]
    level: "warning"
    schema: {"loadingURI":"#","pointer":"/items"}
    domain: "syntax"
    ignored: ["$id"]
warning: the following keywords are unknown and will be ignored: [$id]
    level: "warning"
    schema: {"loadingURI":"#","pointer":"/items/properties/category"}
    domain: "syntax"
    ignored: ["$id"]
warning: the following keywords are unknown and will be ignored: [$id, examples]
    level: "warning"
    schema: {"loadingURI":"#","pointer":"/items/properties/category/properties/id"}
    domain: "syntax"
    ignored: ["$id","examples"]
warning: the following keywords are unknown and will be ignored: [$id, examples]
    level: "warning"
    schema: {"loadingURI":"#","pointer":"/items/properties/category/properties/name"}
    domain: "syntax"
    ignored: ["$id","examples"]
warning: the following keywords are unknown and will be ignored: [$id, examples]
    level: "warning"
    schema: {"loadingURI":"#","pointer":"/items/properties/id"}
    domain: "syntax"
    ignored: ["$id","examples"]
warning: the following keywords are unknown and will be ignored: [$id, examples]
    level: "warning"
    schema: {"loadingURI":"#","pointer":"/items/properties/name"}
    domain: "syntax"
    ignored: ["$id","examples"]
warning: the following keywords are unknown and will be ignored: [$id]
    level: "warning"
    schema: {"loadingURI":"#","pointer":"/items/properties/photoUrls"}
    domain: "syntax"
    ignored: ["$id"]
warning: the following keywords are unknown and will be ignored: [$id, examples]
    level: "warning"
    schema: {"loadingURI":"#","pointer":"/items/properties/photoUrls/items"}
    domain: "syntax"
    ignored: ["$id","examples"]
warning: the following keywords are unknown and will be ignored: [$id, examples]
    level: "warning"
    schema: {"loadingURI":"#","pointer":"/items/properties/status"}
    domain: "syntax"
    ignored: ["$id","examples"]
warning: the following keywords are unknown and will be ignored: [$id]
    level: "warning"
    schema: {"loadingURI":"#","pointer":"/items/properties/tags"}
    domain: "syntax"
    ignored: ["$id"]
warning: the following keywords are unknown and will be ignored: [$id]
    level: "warning"
    schema: {"loadingURI":"#","pointer":"/items/properties/tags/items"}
    domain: "syntax"
    ignored: ["$id"]
warning: the following keywords are unknown and will be ignored: [$id, examples]
    level: "warning"
    schema: {"loadingURI":"#","pointer":"/items/properties/tags/items/properties/id"}
    domain: "syntax"
    ignored: ["$id","examples"]
warning: the following keywords are unknown and will be ignored: [$id, examples]
    level: "warning"
    schema: {"loadingURI":"#","pointer":"/items/properties/tags/items/properties/name"}
    domain: "syntax"
    ignored: ["$id","examples"]
warning: the following keywords are unknown and will be ignored: [$id]
    level: "warning"
    schema: {"loadingURI":"#","pointer":"/items"}
    domain: "syntax"
    ignored: ["$id"]
warning: the following keywords are unknown and will be ignored: [$id]
    level: "warning"
    schema: {"loadingURI":"#","pointer":"/items/properties/category"}
    domain: "syntax"
    ignored: ["$id"]
warning: the following keywords are unknown and will be ignored: [$id, examples]
    level: "warning"
    schema: {"loadingURI":"#","pointer":"/items/properties/category/properties/id"}
    domain: "syntax"
    ignored: ["$id","examples"]
warning: the following keywords are unknown and will be ignored: [$id, examples]
    level: "warning"
    schema: {"loadingURI":"#","pointer":"/items/properties/category/properties/name"}
    domain: "syntax"
    ignored: ["$id","examples"]
warning: the following keywords are unknown and will be ignored: [$id, examples]
    level: "warning"
    schema: {"loadingURI":"#","pointer":"/items/properties/id"}
    domain: "syntax"
    ignored: ["$id","examples"]
warning: the following keywords are unknown and will be ignored: [$id, examples]
    level: "warning"
    schema: {"loadingURI":"#","pointer":"/items/properties/name"}
    domain: "syntax"
    ignored: ["$id","examples"]
warning: the following keywords are unknown and will be ignored: [$id]
    level: "warning"
    schema: {"loadingURI":"#","pointer":"/items/properties/photoUrls"}
    domain: "syntax"
    ignored: ["$id"]
warning: the following keywords are unknown and will be ignored: [$id, examples]
    level: "warning"
    schema: {"loadingURI":"#","pointer":"/items/properties/photoUrls/items"}
    domain: "syntax"
    ignored: ["$id","examples"]
warning: the following keywords are unknown and will be ignored: [$id, examples]
    level: "warning"
    schema: {"loadingURI":"#","pointer":"/items/properties/status"}
    domain: "syntax"
    ignored: ["$id","examples"]
warning: the following keywords are unknown and will be ignored: [$id]
    level: "warning"
    schema: {"loadingURI":"#","pointer":"/items/properties/tags"}
    domain: "syntax"
    ignored: ["$id"]
warning: the following keywords are unknown and will be ignored: [$id]
    level: "warning"
    schema: {"loadingURI":"#","pointer":"/items/properties/tags/items"}
    domain: "syntax"
    ignored: ["$id"]
warning: the following keywords are unknown and will be ignored: [$id, examples]
    level: "warning"
    schema: {"loadingURI":"#","pointer":"/items/properties/tags/items/properties/id"}
    domain: "syntax"
    ignored: ["$id","examples"]
warning: the following keywords are unknown and will be ignored: [$id, examples]
    level: "warning"
    schema: {"loadingURI":"#","pointer":"/items/properties/tags/items/properties/name"}
    domain: "syntax"
    ignored: ["$id","examples"]
warning: the following keywords are unknown and will be ignored: [$id]
    level: "warning"
    schema: {"loadingURI":"#","pointer":"/items"}
    domain: "syntax"
    ignored: ["$id"]
warning: the following keywords are unknown and will be ignored: [$id]
    level: "warning"
    schema: {"loadingURI":"#","pointer":"/items/properties/category"}
    domain: "syntax"
    ignored: ["$id"]
warning: the following keywords are unknown and will be ignored: [$id, examples]
    level: "warning"
    schema: {"loadingURI":"#","pointer":"/items/properties/category/properties/id"}
    domain: "syntax"
    ignored: ["$id","examples"]
warning: the following keywords are unknown and will be ignored: [$id, examples]
    level: "warning"
    schema: {"loadingURI":"#","pointer":"/items/properties/category/properties/name"}
    domain: "syntax"
    ignored: ["$id","examples"]
warning: the following keywords are unknown and will be ignored: [$id, examples]
    level: "warning"
    schema: {"loadingURI":"#","pointer":"/items/properties/id"}
    domain: "syntax"
    ignored: ["$id","examples"]
warning: the following keywords are unknown and will be ignored: [$id, examples]
    level: "warning"
    schema: {"loadingURI":"#","pointer":"/items/properties/name"}
    domain: "syntax"
    ignored: ["$id","examples"]
warning: the following keywords are unknown and will be ignored: [$id]
    level: "warning"
    schema: {"loadingURI":"#","pointer":"/items/properties/photoUrls"}
    domain: "syntax"
    ignored: ["$id"]
warning: the following keywords are unknown and will be ignored: [$id, examples]
    level: "warning"
    schema: {"loadingURI":"#","pointer":"/items/properties/photoUrls/items"}
    domain: "syntax"
    ignored: ["$id","examples"]
warning: the following keywords are unknown and will be ignored: [$id, examples]
    level: "warning"
    schema: {"loadingURI":"#","pointer":"/items/properties/status"}
    domain: "syntax"
    ignored: ["$id","examples"]
warning: the following keywords are unknown and will be ignored: [$id]
    level: "warning"
    schema: {"loadingURI":"#","pointer":"/items/properties/tags"}
    domain: "syntax"
    ignored: ["$id"]
warning: the following keywords are unknown and will be ignored: [$id]
    level: "warning"
    schema: {"loadingURI":"#","pointer":"/items/properties/tags/items"}
    domain: "syntax"
    ignored: ["$id"]
warning: the following keywords are unknown and will be ignored: [$id, examples]
    level: "warning"
    schema: {"loadingURI":"#","pointer":"/items/properties/tags/items/properties/id"}
    domain: "syntax"
    ignored: ["$id","examples"]
warning: the following keywords are unknown and will be ignored: [$id, examples]
    level: "warning"
    schema: {"loadingURI":"#","pointer":"/items/properties/tags/items/properties/name"}
    domain: "syntax"
    ignored: ["$id","examples"]
warning: the following keywords are unknown and will be ignored: [$id]
    level: "warning"
    schema: {"loadingURI":"#","pointer":"/items"}
    domain: "syntax"
    ignored: ["$id"]
warning: the following keywords are unknown and will be ignored: [$id]
    level: "warning"
    schema: {"loadingURI":"#","pointer":"/items/properties/category"}
    domain: "syntax"
    ignored: ["$id"]
warning: the following keywords are unknown and will be ignored: [$id, examples]
    level: "warning"
    schema: {"loadingURI":"#","pointer":"/items/properties/category/properties/id"}
    domain: "syntax"
    ignored: ["$id","examples"]
warning: the following keywords are unknown and will be ignored: [$id, examples]
    level: "warning"
    schema: {"loadingURI":"#","pointer":"/items/properties/category/properties/name"}
    domain: "syntax"
    ignored: ["$id","examples"]
warning: the following keywords are unknown and will be ignored: [$id, examples]
    level: "warning"
    schema: {"loadingURI":"#","pointer":"/items/properties/id"}
    domain: "syntax"
    ignored: ["$id","examples"]
warning: the following keywords are unknown and will be ignored: [$id, examples]
    level: "warning"
    schema: {"loadingURI":"#","pointer":"/items/properties/name"}
    domain: "syntax"
    ignored: ["$id","examples"]
warning: the following keywords are unknown and will be ignored: [$id]
    level: "warning"
    schema: {"loadingURI":"#","pointer":"/items/properties/photoUrls"}
    domain: "syntax"
    ignored: ["$id"]
warning: the following keywords are unknown and will be ignored: [$id, examples]
    level: "warning"
    schema: {"loadingURI":"#","pointer":"/items/properties/photoUrls/items"}
    domain: "syntax"
    ignored: ["$id","examples"]
warning: the following keywords are unknown and will be ignored: [$id, examples]
    level: "warning"
    schema: {"loadingURI":"#","pointer":"/items/properties/status"}
    domain: "syntax"
    ignored: ["$id","examples"]
warning: the following keywords are unknown and will be ignored: [$id]
    level: "warning"
    schema: {"loadingURI":"#","pointer":"/items/properties/tags"}
    domain: "syntax"
    ignored: ["$id"]
warning: the following keywords are unknown and will be ignored: [$id]
    level: "warning"
    schema: {"loadingURI":"#","pointer":"/items/properties/tags/items"}
    domain: "syntax"
    ignored: ["$id"]
warning: the following keywords are unknown and will be ignored: [$id, examples]
    level: "warning"
    schema: {"loadingURI":"#","pointer":"/items/properties/tags/items/properties/id"}
    domain: "syntax"
    ignored: ["$id","examples"]
warning: the following keywords are unknown and will be ignored: [$id, examples]
    level: "warning"
    schema: {"loadingURI":"#","pointer":"/items/properties/tags/items/properties/name"}
    domain: "syntax"
    ignored: ["$id","examples"]
warning: the following keywords are unknown and will be ignored: [$id]
    level: "warning"
    schema: {"loadingURI":"#","pointer":"/items"}
    domain: "syntax"
    ignored: ["$id"]
warning: the following keywords are unknown and will be ignored: [$id]
    level: "warning"
    schema: {"loadingURI":"#","pointer":"/items/properties/category"}
    domain: "syntax"
    ignored: ["$id"]
warning: the following keywords are unknown and will be ignored: [$id, examples]
    level: "warning"
    schema: {"loadingURI":"#","pointer":"/items/properties/category/properties/id"}
    domain: "syntax"
    ignored: ["$id","examples"]
warning: the following keywords are unknown and will be ignored: [$id, examples]
    level: "warning"
    schema: {"loadingURI":"#","pointer":"/items/properties/category/properties/name"}
    domain: "syntax"
    ignored: ["$id","examples"]
warning: the following keywords are unknown and will be ignored: [$id, examples]
    level: "warning"
    schema: {"loadingURI":"#","pointer":"/items/properties/id"}
    domain: "syntax"
    ignored: ["$id","examples"]
warning: the following keywords are unknown and will be ignored: [$id, examples]
    level: "warning"
    schema: {"loadingURI":"#","pointer":"/items/properties/name"}
    domain: "syntax"
    ignored: ["$id","examples"]
warning: the following keywords are unknown and will be ignored: [$id]
    level: "warning"
    schema: {"loadingURI":"#","pointer":"/items/properties/photoUrls"}
    domain: "syntax"
    ignored: ["$id"]
warning: the following keywords are unknown and will be ignored: [$id, examples]
    level: "warning"
    schema: {"loadingURI":"#","pointer":"/items/properties/photoUrls/items"}
    domain: "syntax"
    ignored: ["$id","examples"]
warning: the following keywords are unknown and will be ignored: [$id, examples]
    level: "warning"
    schema: {"loadingURI":"#","pointer":"/items/properties/status"}
    domain: "syntax"
    ignored: ["$id","examples"]
warning: the following keywords are unknown and will be ignored: [$id]
    level: "warning"
    schema: {"loadingURI":"#","pointer":"/items/properties/tags"}
    domain: "syntax"
    ignored: ["$id"]
warning: the following keywords are unknown and will be ignored: [$id]
    level: "warning"
    schema: {"loadingURI":"#","pointer":"/items/properties/tags/items"}
    domain: "syntax"
    ignored: ["$id"]
warning: the following keywords are unknown and will be ignored: [$id, examples]
    level: "warning"
    schema: {"loadingURI":"#","pointer":"/items/properties/tags/items/properties/id"}
    domain: "syntax"
    ignored: ["$id","examples"]
warning: the following keywords are unknown and will be ignored: [$id, examples]
    level: "warning"
    schema: {"loadingURI":"#","pointer":"/items/properties/tags/items/properties/name"}
    domain: "syntax"
    ignored: ["$id","examples"]
warning: the following keywords are unknown and will be ignored: [$id]
    level: "warning"
    schema: {"loadingURI":"#","pointer":"/items"}
    domain: "syntax"
    ignored: ["$id"]
warning: the following keywords are unknown and will be ignored: [$id]
    level: "warning"
    schema: {"loadingURI":"#","pointer":"/items/properties/category"}
    domain: "syntax"
    ignored: ["$id"]
warning: the following keywords are unknown and will be ignored: [$id, examples]
    level: "warning"
    schema: {"loadingURI":"#","pointer":"/items/properties/category/properties/id"}
    domain: "syntax"
    ignored: ["$id","examples"]
warning: the following keywords are unknown and will be ignored: [$id, examples]
    level: "warning"
    schema: {"loadingURI":"#","pointer":"/items/properties/category/properties/name"}
    domain: "syntax"
    ignored: ["$id","examples"]
warning: the following keywords are unknown and will be ignored: [$id, examples]
    level: "warning"
    schema: {"loadingURI":"#","pointer":"/items/properties/id"}
    domain: "syntax"
    ignored: ["$id","examples"]
warning: the following keywords are unknown and will be ignored: [$id, examples]
    level: "warning"
    schema: {"loadingURI":"#","pointer":"/items/properties/name"}
    domain: "syntax"
    ignored: ["$id","examples"]
warning: the following keywords are unknown and will be ignored: [$id]
    level: "warning"
    schema: {"loadingURI":"#","pointer":"/items/properties/photoUrls"}
    domain: "syntax"
    ignored: ["$id"]
warning: the following keywords are unknown and will be ignored: [$id, examples]
    level: "warning"
    schema: {"loadingURI":"#","pointer":"/items/properties/photoUrls/items"}
    domain: "syntax"
    ignored: ["$id","examples"]
warning: the following keywords are unknown and will be ignored: [$id, examples]
    level: "warning"
    schema: {"loadingURI":"#","pointer":"/items/properties/status"}
    domain: "syntax"
    ignored: ["$id","examples"]
warning: the following keywords are unknown and will be ignored: [$id]
    level: "warning"
    schema: {"loadingURI":"#","pointer":"/items/properties/tags"}
    domain: "syntax"
    ignored: ["$id"]
warning: the following keywords are unknown and will be ignored: [$id]
    level: "warning"
    schema: {"loadingURI":"#","pointer":"/items/properties/tags/items"}
    domain: "syntax"
    ignored: ["$id"]
warning: the following keywords are unknown and will be ignored: [$id, examples]
    level: "warning"
    schema: {"loadingURI":"#","pointer":"/items/properties/tags/items/properties/id"}
    domain: "syntax"
    ignored: ["$id","examples"]
warning: the following keywords are unknown and will be ignored: [$id, examples]
    level: "warning"
    schema: {"loadingURI":"#","pointer":"/items/properties/tags/items/properties/name"}
    domain: "syntax"
    ignored: ["$id","examples"]
warning: the following keywords are unknown and will be ignored: [$id]
    level: "warning"
    schema: {"loadingURI":"#","pointer":"/items"}
    domain: "syntax"
    ignored: ["$id"]
warning: the following keywords are unknown and will be ignored: [$id]
    level: "warning"
    schema: {"loadingURI":"#","pointer":"/items/properties/category"}
    domain: "syntax"
    ignored: ["$id"]
warning: the following keywords are unknown and will be ignored: [$id, examples]
    level: "warning"
    schema: {"loadingURI":"#","pointer":"/items/properties/category/properties/id"}
    domain: "syntax"
    ignored: ["$id","examples"]
warning: the following keywords are unknown and will be ignored: [$id, examples]
    level: "warning"
    schema: {"loadingURI":"#","pointer":"/items/properties/category/properties/name"}
    domain: "syntax"
    ignored: ["$id","examples"]
warning: the following keywords are unknown and will be ignored: [$id, examples]
    level: "warning"
    schema: {"loadingURI":"#","pointer":"/items/properties/id"}
    domain: "syntax"
    ignored: ["$id","examples"]
warning: the following keywords are unknown and will be ignored: [$id, examples]
    level: "warning"
    schema: {"loadingURI":"#","pointer":"/items/properties/name"}
    domain: "syntax"
    ignored: ["$id","examples"]
warning: the following keywords are unknown and will be ignored: [$id]
    level: "warning"
    schema: {"loadingURI":"#","pointer":"/items/properties/photoUrls"}
    domain: "syntax"
    ignored: ["$id"]
warning: the following keywords are unknown and will be ignored: [$id, examples]
    level: "warning"
    schema: {"loadingURI":"#","pointer":"/items/properties/photoUrls/items"}
    domain: "syntax"
    ignored: ["$id","examples"]
warning: the following keywords are unknown and will be ignored: [$id, examples]
    level: "warning"
    schema: {"loadingURI":"#","pointer":"/items/properties/status"}
    domain: "syntax"
    ignored: ["$id","examples"]
warning: the following keywords are unknown and will be ignored: [$id]
    level: "warning"
    schema: {"loadingURI":"#","pointer":"/items/properties/tags"}
    domain: "syntax"
    ignored: ["$id"]
warning: the following keywords are unknown and will be ignored: [$id]
    level: "warning"
    schema: {"loadingURI":"#","pointer":"/items/properties/tags/items"}
    domain: "syntax"
    ignored: ["$id"]
warning: the following keywords are unknown and will be ignored: [$id, examples]
    level: "warning"
    schema: {"loadingURI":"#","pointer":"/items/properties/tags/items/properties/id"}
    domain: "syntax"
    ignored: ["$id","examples"]
warning: the following keywords are unknown and will be ignored: [$id, examples]
    level: "warning"
    schema: {"loadingURI":"#","pointer":"/items/properties/tags/items/properties/name"}
    domain: "syntax"
    ignored: ["$id","examples"]
warning: the following keywords are unknown and will be ignored: [$id]
    level: "warning"
    schema: {"loadingURI":"#","pointer":"/items"}
    domain: "syntax"
    ignored: ["$id"]
warning: the following keywords are unknown and will be ignored: [$id]
    level: "warning"
    schema: {"loadingURI":"#","pointer":"/items/properties/category"}
    domain: "syntax"
    ignored: ["$id"]
warning: the following keywords are unknown and will be ignored: [$id, examples]
    level: "warning"
    schema: {"loadingURI":"#","pointer":"/items/properties/category/properties/id"}
    domain: "syntax"
    ignored: ["$id","examples"]
warning: the following keywords are unknown and will be ignored: [$id, examples]
    level: "warning"
    schema: {"loadingURI":"#","pointer":"/items/properties/category/properties/name"}
    domain: "syntax"
    ignored: ["$id","examples"]
warning: the following keywords are unknown and will be ignored: [$id, examples]
    level: "warning"
    schema: {"loadingURI":"#","pointer":"/items/properties/id"}
    domain: "syntax"
    ignored: ["$id","examples"]
warning: the following keywords are unknown and will be ignored: [$id, examples]
    level: "warning"
    schema: {"loadingURI":"#","pointer":"/items/properties/name"}
    domain: "syntax"
    ignored: ["$id","examples"]
warning: the following keywords are unknown and will be ignored: [$id]
    level: "warning"
    schema: {"loadingURI":"#","pointer":"/items/properties/photoUrls"}
    domain: "syntax"
    ignored: ["$id"]
warning: the following keywords are unknown and will be ignored: [$id, examples]
    level: "warning"
    schema: {"loadingURI":"#","pointer":"/items/properties/photoUrls/items"}
    domain: "syntax"
    ignored: ["$id","examples"]
warning: the following keywords are unknown and will be ignored: [$id, examples]
    level: "warning"
    schema: {"loadingURI":"#","pointer":"/items/properties/status"}
    domain: "syntax"
    ignored: ["$id","examples"]
warning: the following keywords are unknown and will be ignored: [$id]
    level: "warning"
    schema: {"loadingURI":"#","pointer":"/items/properties/tags"}
    domain: "syntax"
    ignored: ["$id"]
warning: the following keywords are unknown and will be ignored: [$id]
    level: "warning"
    schema: {"loadingURI":"#","pointer":"/items/properties/tags/items"}
    domain: "syntax"
    ignored: ["$id"]
warning: the following keywords are unknown and will be ignored: [$id, examples]
    level: "warning"
    schema: {"loadingURI":"#","pointer":"/items/properties/tags/items/properties/id"}
    domain: "syntax"
    ignored: ["$id","examples"]
warning: the following keywords are unknown and will be ignored: [$id, examples]
    level: "warning"
    schema: {"loadingURI":"#","pointer":"/items/properties/tags/items/properties/name"}
    domain: "syntax"
    ignored: ["$id","examples"]
warning: the following keywords are unknown and will be ignored: [$id]
    level: "warning"
    schema: {"loadingURI":"#","pointer":"/items"}
    domain: "syntax"
    ignored: ["$id"]
warning: the following keywords are unknown and will be ignored: [$id]
    level: "warning"
    schema: {"loadingURI":"#","pointer":"/items/properties/category"}
    domain: "syntax"
    ignored: ["$id"]
warning: the following keywords are unknown and will be ignored: [$id, examples]
    level: "warning"
    schema: {"loadingURI":"#","pointer":"/items/properties/category/properties/id"}
    domain: "syntax"
    ignored: ["$id","examples"]
warning: the following keywords are unknown and will be ignored: [$id, examples]
    level: "warning"
    schema: {"loadingURI":"#","pointer":"/items/properties/category/properties/name"}
    domain: "syntax"
    ignored: ["$id","examples"]
warning: the following keywords are unknown and will be ignored: [$id, examples]
    level: "warning"
    schema: {"loadingURI":"#","pointer":"/items/properties/id"}
    domain: "syntax"
    ignored: ["$id","examples"]
warning: the following keywords are unknown and will be ignored: [$id, examples]
    level: "warning"
    schema: {"loadingURI":"#","pointer":"/items/properties/name"}
    domain: "syntax"
    ignored: ["$id","examples"]
warning: the following keywords are unknown and will be ignored: [$id]
    level: "warning"
    schema: {"loadingURI":"#","pointer":"/items/properties/photoUrls"}
    domain: "syntax"
    ignored: ["$id"]
warning: the following keywords are unknown and will be ignored: [$id, examples]
    level: "warning"
    schema: {"loadingURI":"#","pointer":"/items/properties/photoUrls/items"}
    domain: "syntax"
    ignored: ["$id","examples"]
warning: the following keywords are unknown and will be ignored: [$id, examples]
    level: "warning"
    schema: {"loadingURI":"#","pointer":"/items/properties/status"}
    domain: "syntax"
    ignored: ["$id","examples"]
warning: the following keywords are unknown and will be ignored: [$id]
    level: "warning"
    schema: {"loadingURI":"#","pointer":"/items/properties/tags"}
    domain: "syntax"
    ignored: ["$id"]
warning: the following keywords are unknown and will be ignored: [$id]
    level: "warning"
    schema: {"loadingURI":"#","pointer":"/items/properties/tags/items"}
    domain: "syntax"
    ignored: ["$id"]
warning: the following keywords are unknown and will be ignored: [$id, examples]
    level: "warning"
    schema: {"loadingURI":"#","pointer":"/items/properties/tags/items/properties/id"}
    domain: "syntax"
    ignored: ["$id","examples"]
warning: the following keywords are unknown and will be ignored: [$id, examples]
    level: "warning"
    schema: {"loadingURI":"#","pointer":"/items/properties/tags/items/properties/name"}
    domain: "syntax"
    ignored: ["$id","examples"]
warning: the following keywords are unknown and will be ignored: [$id]
    level: "warning"
    schema: {"loadingURI":"#","pointer":"/items"}
    domain: "syntax"
    ignored: ["$id"]
warning: the following keywords are unknown and will be ignored: [$id]
    level: "warning"
    schema: {"loadingURI":"#","pointer":"/items/properties/category"}
    domain: "syntax"
    ignored: ["$id"]
warning: the following keywords are unknown and will be ignored: [$id, examples]
    level: "warning"
    schema: {"loadingURI":"#","pointer":"/items/properties/category/properties/id"}
    domain: "syntax"
    ignored: ["$id","examples"]
warning: the following keywords are unknown and will be ignored: [$id, examples]
    level: "warning"
    schema: {"loadingURI":"#","pointer":"/items/properties/category/properties/name"}
    domain: "syntax"
    ignored: ["$id","examples"]
warning: the following keywords are unknown and will be ignored: [$id, examples]
    level: "warning"
    schema: {"loadingURI":"#","pointer":"/items/properties/id"}
    domain: "syntax"
    ignored: ["$id","examples"]
warning: the following keywords are unknown and will be ignored: [$id, examples]
    level: "warning"
    schema: {"loadingURI":"#","pointer":"/items/properties/name"}
    domain: "syntax"
    ignored: ["$id","examples"]
warning: the following keywords are unknown and will be ignored: [$id]
    level: "warning"
    schema: {"loadingURI":"#","pointer":"/items/properties/photoUrls"}
    domain: "syntax"
    ignored: ["$id"]
warning: the following keywords are unknown and will be ignored: [$id, examples]
    level: "warning"
    schema: {"loadingURI":"#","pointer":"/items/properties/photoUrls/items"}
    domain: "syntax"
    ignored: ["$id","examples"]
warning: the following keywords are unknown and will be ignored: [$id, examples]
    level: "warning"
    schema: {"loadingURI":"#","pointer":"/items/properties/status"}
    domain: "syntax"
    ignored: ["$id","examples"]
warning: the following keywords are unknown and will be ignored: [$id]
    level: "warning"
    schema: {"loadingURI":"#","pointer":"/items/properties/tags"}
    domain: "syntax"
    ignored: ["$id"]
warning: the following keywords are unknown and will be ignored: [$id]
    level: "warning"
    schema: {"loadingURI":"#","pointer":"/items/properties/tags/items"}
    domain: "syntax"
    ignored: ["$id"]
warning: the following keywords are unknown and will be ignored: [$id, examples]
    level: "warning"
    schema: {"loadingURI":"#","pointer":"/items/properties/tags/items/properties/id"}
    domain: "syntax"
    ignored: ["$id","examples"]
warning: the following keywords are unknown and will be ignored: [$id, examples]
    level: "warning"
    schema: {"loadingURI":"#","pointer":"/items/properties/tags/items/properties/name"}
    domain: "syntax"
    ignored: ["$id","examples"]
warning: the following keywords are unknown and will be ignored: [$id]
    level: "warning"
    schema: {"loadingURI":"#","pointer":"/items"}
    domain: "syntax"
    ignored: ["$id"]
warning: the following keywords are unknown and will be ignored: [$id]
    level: "warning"
    schema: {"loadingURI":"#","pointer":"/items/properties/category"}
    domain: "syntax"
    ignored: ["$id"]
warning: the following keywords are unknown and will be ignored: [$id, examples]
    level: "warning"
    schema: {"loadingURI":"#","pointer":"/items/properties/category/properties/id"}
    domain: "syntax"
    ignored: ["$id","examples"]
warning: the following keywords are unknown and will be ignored: [$id, examples]
    level: "warning"
    schema: {"loadingURI":"#","pointer":"/items/properties/category/properties/name"}
    domain: "syntax"
    ignored: ["$id","examples"]
warning: the following keywords are unknown and will be ignored: [$id, examples]
    level: "warning"
    schema: {"loadingURI":"#","pointer":"/items/properties/id"}
    domain: "syntax"
    ignored: ["$id","examples"]
warning: the following keywords are unknown and will be ignored: [$id, examples]
    level: "warning"
    schema: {"loadingURI":"#","pointer":"/items/properties/name"}
    domain: "syntax"
    ignored: ["$id","examples"]
warning: the following keywords are unknown and will be ignored: [$id]
    level: "warning"
    schema: {"loadingURI":"#","pointer":"/items/properties/photoUrls"}
    domain: "syntax"
    ignored: ["$id"]
warning: the following keywords are unknown and will be ignored: [$id, examples]
    level: "warning"
    schema: {"loadingURI":"#","pointer":"/items/properties/photoUrls/items"}
    domain: "syntax"
    ignored: ["$id","examples"]
warning: the following keywords are unknown and will be ignored: [$id, examples]
    level: "warning"
    schema: {"loadingURI":"#","pointer":"/items/properties/status"}
    domain: "syntax"
    ignored: ["$id","examples"]
warning: the following keywords are unknown and will be ignored: [$id]
    level: "warning"
    schema: {"loadingURI":"#","pointer":"/items/properties/tags"}
    domain: "syntax"
    ignored: ["$id"]
warning: the following keywords are unknown and will be ignored: [$id]
    level: "warning"
    schema: {"loadingURI":"#","pointer":"/items/properties/tags/items"}
    domain: "syntax"
    ignored: ["$id"]
warning: the following keywords are unknown and will be ignored: [$id, examples]
    level: "warning"
    schema: {"loadingURI":"#","pointer":"/items/properties/tags/items/properties/id"}
    domain: "syntax"
    ignored: ["$id","examples"]
warning: the following keywords are unknown and will be ignored: [$id, examples]
    level: "warning"
    schema: {"loadingURI":"#","pointer":"/items/properties/tags/items/properties/name"}
    domain: "syntax"
    ignored: ["$id","examples"]
warning: the following keywords are unknown and will be ignored: [$id]
    level: "warning"
    schema: {"loadingURI":"#","pointer":"/items"}
    domain: "syntax"
    ignored: ["$id"]
warning: the following keywords are unknown and will be ignored: [$id]
    level: "warning"
    schema: {"loadingURI":"#","pointer":"/items/properties/category"}
    domain: "syntax"
    ignored: ["$id"]
warning: the following keywords are unknown and will be ignored: [$id, examples]
    level: "warning"
    schema: {"loadingURI":"#","pointer":"/items/properties/category/properties/id"}
    domain: "syntax"
    ignored: ["$id","examples"]
warning: the following keywords are unknown and will be ignored: [$id, examples]
    level: "warning"
    schema: {"loadingURI":"#","pointer":"/items/properties/category/properties/name"}
    domain: "syntax"
    ignored: ["$id","examples"]
warning: the following keywords are unknown and will be ignored: [$id, examples]
    level: "warning"
    schema: {"loadingURI":"#","pointer":"/items/properties/id"}
    domain: "syntax"
    ignored: ["$id","examples"]
warning: the following keywords are unknown and will be ignored: [$id, examples]
    level: "warning"
    schema: {"loadingURI":"#","pointer":"/items/properties/name"}
    domain: "syntax"
    ignored: ["$id","examples"]
warning: the following keywords are unknown and will be ignored: [$id]
    level: "warning"
    schema: {"loadingURI":"#","pointer":"/items/properties/photoUrls"}
    domain: "syntax"
    ignored: ["$id"]
warning: the following keywords are unknown and will be ignored: [$id, examples]
    level: "warning"
    schema: {"loadingURI":"#","pointer":"/items/properties/photoUrls/items"}
    domain: "syntax"
    ignored: ["$id","examples"]
warning: the following keywords are unknown and will be ignored: [$id, examples]
    level: "warning"
    schema: {"loadingURI":"#","pointer":"/items/properties/status"}
    domain: "syntax"
    ignored: ["$id","examples"]
warning: the following keywords are unknown and will be ignored: [$id]
    level: "warning"
    schema: {"loadingURI":"#","pointer":"/items/properties/tags"}
    domain: "syntax"
    ignored: ["$id"]
warning: the following keywords are unknown and will be ignored: [$id]
    level: "warning"
    schema: {"loadingURI":"#","pointer":"/items/properties/tags/items"}
    domain: "syntax"
    ignored: ["$id"]
warning: the following keywords are unknown and will be ignored: [$id, examples]
    level: "warning"
    schema: {"loadingURI":"#","pointer":"/items/properties/tags/items/properties/id"}
    domain: "syntax"
    ignored: ["$id","examples"]
warning: the following keywords are unknown and will be ignored: [$id, examples]
    level: "warning"
    schema: {"loadingURI":"#","pointer":"/items/properties/tags/items/properties/name"}
    domain: "syntax"
    ignored: ["$id","examples"]
warning: the following keywords are unknown and will be ignored: [$id]
    level: "warning"
    schema: {"loadingURI":"#","pointer":"/items"}
    domain: "syntax"
    ignored: ["$id"]
warning: the following keywords are unknown and will be ignored: [$id]
    level: "warning"
    schema: {"loadingURI":"#","pointer":"/items/properties/category"}
    domain: "syntax"
    ignored: ["$id"]
warning: the following keywords are unknown and will be ignored: [$id, examples]
    level: "warning"
    schema: {"loadingURI":"#","pointer":"/items/properties/category/properties/id"}
    domain: "syntax"
    ignored: ["$id","examples"]
warning: the following keywords are unknown and will be ignored: [$id, examples]
    level: "warning"
    schema: {"loadingURI":"#","pointer":"/items/properties/category/properties/name"}
    domain: "syntax"
    ignored: ["$id","examples"]
warning: the following keywords are unknown and will be ignored: [$id, examples]
    level: "warning"
    schema: {"loadingURI":"#","pointer":"/items/properties/id"}
    domain: "syntax"
    ignored: ["$id","examples"]
warning: the following keywords are unknown and will be ignored: [$id, examples]
    level: "warning"
    schema: {"loadingURI":"#","pointer":"/items/properties/name"}
    domain: "syntax"
    ignored: ["$id","examples"]
warning: the following keywords are unknown and will be ignored: [$id]
    level: "warning"
    schema: {"loadingURI":"#","pointer":"/items/properties/photoUrls"}
    domain: "syntax"
    ignored: ["$id"]
warning: the following keywords are unknown and will be ignored: [$id, examples]
    level: "warning"
    schema: {"loadingURI":"#","pointer":"/items/properties/photoUrls/items"}
    domain: "syntax"
    ignored: ["$id","examples"]
warning: the following keywords are unknown and will be ignored: [$id, examples]
    level: "warning"
    schema: {"loadingURI":"#","pointer":"/items/properties/status"}
    domain: "syntax"
    ignored: ["$id","examples"]
warning: the following keywords are unknown and will be ignored: [$id]
    level: "warning"
    schema: {"loadingURI":"#","pointer":"/items/properties/tags"}
    domain: "syntax"
    ignored: ["$id"]
warning: the following keywords are unknown and will be ignored: [$id]
    level: "warning"
    schema: {"loadingURI":"#","pointer":"/items/properties/tags/items"}
    domain: "syntax"
    ignored: ["$id"]
warning: the following keywords are unknown and will be ignored: [$id, examples]
    level: "warning"
    schema: {"loadingURI":"#","pointer":"/items/properties/tags/items/properties/id"}
    domain: "syntax"
    ignored: ["$id","examples"]
warning: the following keywords are unknown and will be ignored: [$id, examples]
    level: "warning"
    schema: {"loadingURI":"#","pointer":"/items/properties/tags/items/properties/name"}
    domain: "syntax"
    ignored: ["$id","examples"]
warning: the following keywords are unknown and will be ignored: [$id]
    level: "warning"
    schema: {"loadingURI":"#","pointer":"/items"}
    domain: "syntax"
    ignored: ["$id"]
warning: the following keywords are unknown and will be ignored: [$id]
    level: "warning"
    schema: {"loadingURI":"#","pointer":"/items/properties/category"}
    domain: "syntax"
    ignored: ["$id"]
warning: the following keywords are unknown and will be ignored: [$id, examples]
    level: "warning"
    schema: {"loadingURI":"#","pointer":"/items/properties/category/properties/id"}
    domain: "syntax"
    ignored: ["$id","examples"]
warning: the following keywords are unknown and will be ignored: [$id, examples]
    level: "warning"
    schema: {"loadingURI":"#","pointer":"/items/properties/category/properties/name"}
    domain: "syntax"
    ignored: ["$id","examples"]
warning: the following keywords are unknown and will be ignored: [$id, examples]
    level: "warning"
    schema: {"loadingURI":"#","pointer":"/items/properties/id"}
    domain: "syntax"
    ignored: ["$id","examples"]
warning: the following keywords are unknown and will be ignored: [$id, examples]
    level: "warning"
    schema: {"loadingURI":"#","pointer":"/items/properties/name"}
    domain: "syntax"
    ignored: ["$id","examples"]
warning: the following keywords are unknown and will be ignored: [$id]
    level: "warning"
    schema: {"loadingURI":"#","pointer":"/items/properties/photoUrls"}
    domain: "syntax"
    ignored: ["$id"]
warning: the following keywords are unknown and will be ignored: [$id, examples]
    level: "warning"
    schema: {"loadingURI":"#","pointer":"/items/properties/photoUrls/items"}
    domain: "syntax"
    ignored: ["$id","examples"]
warning: the following keywords are unknown and will be ignored: [$id, examples]
    level: "warning"
    schema: {"loadingURI":"#","pointer":"/items/properties/status"}
    domain: "syntax"
    ignored: ["$id","examples"]
warning: the following keywords are unknown and will be ignored: [$id]
    level: "warning"
    schema: {"loadingURI":"#","pointer":"/items/properties/tags"}
    domain: "syntax"
    ignored: ["$id"]
warning: the following keywords are unknown and will be ignored: [$id]
    level: "warning"
    schema: {"loadingURI":"#","pointer":"/items/properties/tags/items"}
    domain: "syntax"
    ignored: ["$id"]
warning: the following keywords are unknown and will be ignored: [$id, examples]
    level: "warning"
    schema: {"loadingURI":"#","pointer":"/items/properties/tags/items/properties/id"}
    domain: "syntax"
    ignored: ["$id","examples"]
warning: the following keywords are unknown and will be ignored: [$id, examples]
    level: "warning"
    schema: {"loadingURI":"#","pointer":"/items/properties/tags/items/properties/name"}
    domain: "syntax"
    ignored: ["$id","examples"]
warning: the following keywords are unknown and will be ignored: [$id]
    level: "warning"
    schema: {"loadingURI":"#","pointer":"/items"}
    domain: "syntax"
    ignored: ["$id"]
warning: the following keywords are unknown and will be ignored: [$id]
    level: "warning"
    schema: {"loadingURI":"#","pointer":"/items/properties/category"}
    domain: "syntax"
    ignored: ["$id"]
warning: the following keywords are unknown and will be ignored: [$id, examples]
    level: "warning"
    schema: {"loadingURI":"#","pointer":"/items/properties/category/properties/id"}
    domain: "syntax"
    ignored: ["$id","examples"]
warning: the following keywords are unknown and will be ignored: [$id, examples]
    level: "warning"
    schema: {"loadingURI":"#","pointer":"/items/properties/category/properties/name"}
    domain: "syntax"
    ignored: ["$id","examples"]
warning: the following keywords are unknown and will be ignored: [$id, examples]
    level: "warning"
    schema: {"loadingURI":"#","pointer":"/items/properties/id"}
    domain: "syntax"
    ignored: ["$id","examples"]
warning: the following keywords are unknown and will be ignored: [$id, examples]
    level: "warning"
    schema: {"loadingURI":"#","pointer":"/items/properties/name"}
    domain: "syntax"
    ignored: ["$id","examples"]
warning: the following keywords are unknown and will be ignored: [$id]
    level: "warning"
    schema: {"loadingURI":"#","pointer":"/items/properties/photoUrls"}
    domain: "syntax"
    ignored: ["$id"]
warning: the following keywords are unknown and will be ignored: [$id, examples]
    level: "warning"
    schema: {"loadingURI":"#","pointer":"/items/properties/photoUrls/items"}
    domain: "syntax"
    ignored: ["$id","examples"]
warning: the following keywords are unknown and will be ignored: [$id, examples]
    level: "warning"
    schema: {"loadingURI":"#","pointer":"/items/properties/status"}
    domain: "syntax"
    ignored: ["$id","examples"]
warning: the following keywords are unknown and will be ignored: [$id]
    level: "warning"
    schema: {"loadingURI":"#","pointer":"/items/properties/tags"}
    domain: "syntax"
    ignored: ["$id"]
warning: the following keywords are unknown and will be ignored: [$id]
    level: "warning"
    schema: {"loadingURI":"#","pointer":"/items/properties/tags/items"}
    domain: "syntax"
    ignored: ["$id"]
warning: the following keywords are unknown and will be ignored: [$id, examples]
    level: "warning"
    schema: {"loadingURI":"#","pointer":"/items/properties/tags/items/properties/id"}
    domain: "syntax"
    ignored: ["$id","examples"]
warning: the following keywords are unknown and will be ignored: [$id, examples]
    level: "warning"
    schema: {"loadingURI":"#","pointer":"/items/properties/tags/items/properties/name"}
    domain: "syntax"
    ignored: ["$id","examples"]
warning: the following keywords are unknown and will be ignored: [$id]
    level: "warning"
    schema: {"loadingURI":"#","pointer":"/items"}
    domain: "syntax"
    ignored: ["$id"]
warning: the following keywords are unknown and will be ignored: [$id]
    level: "warning"
    schema: {"loadingURI":"#","pointer":"/items/properties/category"}
    domain: "syntax"
    ignored: ["$id"]
warning: the following keywords are unknown and will be ignored: [$id, examples]
    level: "warning"
    schema: {"loadingURI":"#","pointer":"/items/properties/category/properties/id"}
    domain: "syntax"
    ignored: ["$id","examples"]
warning: the following keywords are unknown and will be ignored: [$id, examples]
    level: "warning"
    schema: {"loadingURI":"#","pointer":"/items/properties/category/properties/name"}
    domain: "syntax"
    ignored: ["$id","examples"]
warning: the following keywords are unknown and will be ignored: [$id, examples]
    level: "warning"
    schema: {"loadingURI":"#","pointer":"/items/properties/id"}
    domain: "syntax"
    ignored: ["$id","examples"]
warning: the following keywords are unknown and will be ignored: [$id, examples]
    level: "warning"
    schema: {"loadingURI":"#","pointer":"/items/properties/name"}
    domain: "syntax"
    ignored: ["$id","examples"]
warning: the following keywords are unknown and will be ignored: [$id]
    level: "warning"
    schema: {"loadingURI":"#","pointer":"/items/properties/photoUrls"}
    domain: "syntax"
    ignored: ["$id"]
warning: the following keywords are unknown and will be ignored: [$id, examples]
    level: "warning"
    schema: {"loadingURI":"#","pointer":"/items/properties/photoUrls/items"}
    domain: "syntax"
    ignored: ["$id","examples"]
warning: the following keywords are unknown and will be ignored: [$id, examples]
    level: "warning"
    schema: {"loadingURI":"#","pointer":"/items/properties/status"}
    domain: "syntax"
    ignored: ["$id","examples"]
warning: the following keywords are unknown and will be ignored: [$id]
    level: "warning"
    schema: {"loadingURI":"#","pointer":"/items/properties/tags"}
    domain: "syntax"
    ignored: ["$id"]
warning: the following keywords are unknown and will be ignored: [$id]
    level: "warning"
    schema: {"loadingURI":"#","pointer":"/items/properties/tags/items"}
    domain: "syntax"
    ignored: ["$id"]
warning: the following keywords are unknown and will be ignored: [$id, examples]
    level: "warning"
    schema: {"loadingURI":"#","pointer":"/items/properties/tags/items/properties/id"}
    domain: "syntax"
    ignored: ["$id","examples"]
warning: the following keywords are unknown and will be ignored: [$id, examples]
    level: "warning"
    schema: {"loadingURI":"#","pointer":"/items/properties/tags/items/properties/name"}
    domain: "syntax"
    ignored: ["$id","examples"]
warning: the following keywords are unknown and will be ignored: [$id]
    level: "warning"
    schema: {"loadingURI":"#","pointer":"/items"}
    domain: "syntax"
    ignored: ["$id"]
warning: the following keywords are unknown and will be ignored: [$id]
    level: "warning"
    schema: {"loadingURI":"#","pointer":"/items/properties/category"}
    domain: "syntax"
    ignored: ["$id"]
warning: the following keywords are unknown and will be ignored: [$id, examples]
    level: "warning"
    schema: {"loadingURI":"#","pointer":"/items/properties/category/properties/id"}
    domain: "syntax"
    ignored: ["$id","examples"]
warning: the following keywords are unknown and will be ignored: [$id, examples]
    level: "warning"
    schema: {"loadingURI":"#","pointer":"/items/properties/category/properties/name"}
    domain: "syntax"
    ignored: ["$id","examples"]
warning: the following keywords are unknown and will be ignored: [$id, examples]
    level: "warning"
    schema: {"loadingURI":"#","pointer":"/items/properties/id"}
    domain: "syntax"
    ignored: ["$id","examples"]
warning: the following keywords are unknown and will be ignored: [$id, examples]
    level: "warning"
    schema: {"loadingURI":"#","pointer":"/items/properties/name"}
    domain: "syntax"
    ignored: ["$id","examples"]
warning: the following keywords are unknown and will be ignored: [$id]
    level: "warning"
    schema: {"loadingURI":"#","pointer":"/items/properties/photoUrls"}
    domain: "syntax"
    ignored: ["$id"]
warning: the following keywords are unknown and will be ignored: [$id, examples]
    level: "warning"
    schema: {"loadingURI":"#","pointer":"/items/properties/photoUrls/items"}
    domain: "syntax"
    ignored: ["$id","examples"]
warning: the following keywords are unknown and will be ignored: [$id, examples]
    level: "warning"
    schema: {"loadingURI":"#","pointer":"/items/properties/status"}
    domain: "syntax"
    ignored: ["$id","examples"]
warning: the following keywords are unknown and will be ignored: [$id]
    level: "warning"
    schema: {"loadingURI":"#","pointer":"/items/properties/tags"}
    domain: "syntax"
    ignored: ["$id"]
warning: the following keywords are unknown and will be ignored: [$id]
    level: "warning"
    schema: {"loadingURI":"#","pointer":"/items/properties/tags/items"}
    domain: "syntax"
    ignored: ["$id"]
warning: the following keywords are unknown and will be ignored: [$id, examples]
    level: "warning"
    schema: {"loadingURI":"#","pointer":"/items/properties/tags/items/properties/id"}
    domain: "syntax"
    ignored: ["$id","examples"]
warning: the following keywords are unknown and will be ignored: [$id, examples]
    level: "warning"
    schema: {"loadingURI":"#","pointer":"/items/properties/tags/items/properties/name"}
    domain: "syntax"
    ignored: ["$id","examples"]
warning: the following keywords are unknown and will be ignored: [$id]
    level: "warning"
    schema: {"loadingURI":"#","pointer":"/items"}
    domain: "syntax"
    ignored: ["$id"]
warning: the following keywords are unknown and will be ignored: [$id]
    level: "warning"
    schema: {"loadingURI":"#","pointer":"/items/properties/category"}
    domain: "syntax"
    ignored: ["$id"]
warning: the following keywords are unknown and will be ignored: [$id, examples]
    level: "warning"
    schema: {"loadingURI":"#","pointer":"/items/properties/category/properties/id"}
    domain: "syntax"
    ignored: ["$id","examples"]
warning: the following keywords are unknown and will be ignored: [$id, examples]
    level: "warning"
    schema: {"loadingURI":"#","pointer":"/items/properties/category/properties/name"}
    domain: "syntax"
    ignored: ["$id","examples"]
warning: the following keywords are unknown and will be ignored: [$id, examples]
    level: "warning"
    schema: {"loadingURI":"#","pointer":"/items/properties/id"}
    domain: "syntax"
    ignored: ["$id","examples"]
warning: the following keywords are unknown and will be ignored: [$id, examples]
    level: "warning"
    schema: {"loadingURI":"#","pointer":"/items/properties/name"}
    domain: "syntax"
    ignored: ["$id","examples"]
warning: the following keywords are unknown and will be ignored: [$id]
    level: "warning"
    schema: {"loadingURI":"#","pointer":"/items/properties/photoUrls"}
    domain: "syntax"
    ignored: ["$id"]
warning: the following keywords are unknown and will be ignored: [$id, examples]
    level: "warning"
    schema: {"loadingURI":"#","pointer":"/items/properties/photoUrls/items"}
    domain: "syntax"
    ignored: ["$id","examples"]
warning: the following keywords are unknown and will be ignored: [$id, examples]
    level: "warning"
    schema: {"loadingURI":"#","pointer":"/items/properties/status"}
    domain: "syntax"
    ignored: ["$id","examples"]
warning: the following keywords are unknown and will be ignored: [$id]
    level: "warning"
    schema: {"loadingURI":"#","pointer":"/items/properties/tags"}
    domain: "syntax"
    ignored: ["$id"]
warning: the following keywords are unknown and will be ignored: [$id]
    level: "warning"
    schema: {"loadingURI":"#","pointer":"/items/properties/tags/items"}
    domain: "syntax"
    ignored: ["$id"]
warning: the following keywords are unknown and will be ignored: [$id, examples]
    level: "warning"
    schema: {"loadingURI":"#","pointer":"/items/properties/tags/items/properties/id"}
    domain: "syntax"
    ignored: ["$id","examples"]
warning: the following keywords are unknown and will be ignored: [$id, examples]
    level: "warning"
    schema: {"loadingURI":"#","pointer":"/items/properties/tags/items/properties/name"}
    domain: "syntax"
    ignored: ["$id","examples"]
warning: the following keywords are unknown and will be ignored: [$id]
    level: "warning"
    schema: {"loadingURI":"#","pointer":"/items"}
    domain: "syntax"
    ignored: ["$id"]
warning: the following keywords are unknown and will be ignored: [$id]
    level: "warning"
    schema: {"loadingURI":"#","pointer":"/items/properties/category"}
    domain: "syntax"
    ignored: ["$id"]
warning: the following keywords are unknown and will be ignored: [$id, examples]
    level: "warning"
    schema: {"loadingURI":"#","pointer":"/items/properties/category/properties/id"}
    domain: "syntax"
    ignored: ["$id","examples"]
warning: the following keywords are unknown and will be ignored: [$id, examples]
    level: "warning"
    schema: {"loadingURI":"#","pointer":"/items/properties/category/properties/name"}
    domain: "syntax"
    ignored: ["$id","examples"]
warning: the following keywords are unknown and will be ignored: [$id, examples]
    level: "warning"
    schema: {"loadingURI":"#","pointer":"/items/properties/id"}
    domain: "syntax"
    ignored: ["$id","examples"]
warning: the following keywords are unknown and will be ignored: [$id, examples]
    level: "warning"
    schema: {"loadingURI":"#","pointer":"/items/properties/name"}
    domain: "syntax"
    ignored: ["$id","examples"]
warning: the following keywords are unknown and will be ignored: [$id]
    level: "warning"
    schema: {"loadingURI":"#","pointer":"/items/properties/photoUrls"}
    domain: "syntax"
    ignored: ["$id"]
warning: the following keywords are unknown and will be ignored: [$id, examples]
    level: "warning"
    schema: {"loadingURI":"#","pointer":"/items/properties/photoUrls/items"}
    domain: "syntax"
    ignored: ["$id","examples"]
warning: the following keywords are unknown and will be ignored: [$id, examples]
    level: "warning"
    schema: {"loadingURI":"#","pointer":"/items/properties/status"}
    domain: "syntax"
    ignored: ["$id","examples"]
warning: the following keywords are unknown and will be ignored: [$id]
    level: "warning"
    schema: {"loadingURI":"#","pointer":"/items/properties/tags"}
    domain: "syntax"
    ignored: ["$id"]
warning: the following keywords are unknown and will be ignored: [$id]
    level: "warning"
    schema: {"loadingURI":"#","pointer":"/items/properties/tags/items"}
    domain: "syntax"
    ignored: ["$id"]
warning: the following keywords are unknown and will be ignored: [$id, examples]
    level: "warning"
    schema: {"loadingURI":"#","pointer":"/items/properties/tags/items/properties/id"}
    domain: "syntax"
    ignored: ["$id","examples"]
warning: the following keywords are unknown and will be ignored: [$id, examples]
    level: "warning"
    schema: {"loadingURI":"#","pointer":"/items/properties/tags/items/properties/name"}
    domain: "syntax"
    ignored: ["$id","examples"]
warning: the following keywords are unknown and will be ignored: [$id]
    level: "warning"
    schema: {"loadingURI":"#","pointer":"/items"}
    domain: "syntax"
    ignored: ["$id"]
warning: the following keywords are unknown and will be ignored: [$id]
    level: "warning"
    schema: {"loadingURI":"#","pointer":"/items/properties/category"}
    domain: "syntax"
    ignored: ["$id"]
warning: the following keywords are unknown and will be ignored: [$id, examples]
    level: "warning"
    schema: {"loadingURI":"#","pointer":"/items/properties/category/properties/id"}
    domain: "syntax"
    ignored: ["$id","examples"]
warning: the following keywords are unknown and will be ignored: [$id, examples]
    level: "warning"
    schema: {"loadingURI":"#","pointer":"/items/properties/category/properties/name"}
    domain: "syntax"
    ignored: ["$id","examples"]
warning: the following keywords are unknown and will be ignored: [$id, examples]
    level: "warning"
    schema: {"loadingURI":"#","pointer":"/items/properties/id"}
    domain: "syntax"
    ignored: ["$id","examples"]
warning: the following keywords are unknown and will be ignored: [$id, examples]
    level: "warning"
    schema: {"loadingURI":"#","pointer":"/items/properties/name"}
    domain: "syntax"
    ignored: ["$id","examples"]
warning: the following keywords are unknown and will be ignored: [$id]
    level: "warning"
    schema: {"loadingURI":"#","pointer":"/items/properties/photoUrls"}
    domain: "syntax"
    ignored: ["$id"]
warning: the following keywords are unknown and will be ignored: [$id, examples]
    level: "warning"
    schema: {"loadingURI":"#","pointer":"/items/properties/photoUrls/items"}
    domain: "syntax"
    ignored: ["$id","examples"]
warning: the following keywords are unknown and will be ignored: [$id, examples]
    level: "warning"
    schema: {"loadingURI":"#","pointer":"/items/properties/status"}
    domain: "syntax"
    ignored: ["$id","examples"]
warning: the following keywords are unknown and will be ignored: [$id]
    level: "warning"
    schema: {"loadingURI":"#","pointer":"/items/properties/tags"}
    domain: "syntax"
    ignored: ["$id"]
warning: the following keywords are unknown and will be ignored: [$id]
    level: "warning"
    schema: {"loadingURI":"#","pointer":"/items/properties/tags/items"}
    domain: "syntax"
    ignored: ["$id"]
warning: the following keywords are unknown and will be ignored: [$id, examples]
    level: "warning"
    schema: {"loadingURI":"#","pointer":"/items/properties/tags/items/properties/id"}
    domain: "syntax"
    ignored: ["$id","examples"]
warning: the following keywords are unknown and will be ignored: [$id, examples]
    level: "warning"
    schema: {"loadingURI":"#","pointer":"/items/properties/tags/items/properties/name"}
    domain: "syntax"
    ignored: ["$id","examples"]
warning: the following keywords are unknown and will be ignored: [$id]
    level: "warning"
    schema: {"loadingURI":"#","pointer":"/items"}
    domain: "syntax"
    ignored: ["$id"]
warning: the following keywords are unknown and will be ignored: [$id]
    level: "warning"
    schema: {"loadingURI":"#","pointer":"/items/properties/category"}
    domain: "syntax"
    ignored: ["$id"]
warning: the following keywords are unknown and will be ignored: [$id, examples]
    level: "warning"
    schema: {"loadingURI":"#","pointer":"/items/properties/category/properties/id"}
    domain: "syntax"
    ignored: ["$id","examples"]
warning: the following keywords are unknown and will be ignored: [$id, examples]
    level: "warning"
    schema: {"loadingURI":"#","pointer":"/items/properties/category/properties/name"}
    domain: "syntax"
    ignored: ["$id","examples"]
warning: the following keywords are unknown and will be ignored: [$id, examples]
    level: "warning"
    schema: {"loadingURI":"#","pointer":"/items/properties/id"}
    domain: "syntax"
    ignored: ["$id","examples"]
warning: the following keywords are unknown and will be ignored: [$id, examples]
    level: "warning"
    schema: {"loadingURI":"#","pointer":"/items/properties/name"}
    domain: "syntax"
    ignored: ["$id","examples"]
warning: the following keywords are unknown and will be ignored: [$id]
    level: "warning"
    schema: {"loadingURI":"#","pointer":"/items/properties/photoUrls"}
    domain: "syntax"
    ignored: ["$id"]
warning: the following keywords are unknown and will be ignored: [$id, examples]
    level: "warning"
    schema: {"loadingURI":"#","pointer":"/items/properties/photoUrls/items"}
    domain: "syntax"
    ignored: ["$id","examples"]
warning: the following keywords are unknown and will be ignored: [$id, examples]
    level: "warning"
    schema: {"loadingURI":"#","pointer":"/items/properties/status"}
    domain: "syntax"
    ignored: ["$id","examples"]
warning: the following keywords are unknown and will be ignored: [$id]
    level: "warning"
    schema: {"loadingURI":"#","pointer":"/items/properties/tags"}
    domain: "syntax"
    ignored: ["$id"]
warning: the following keywords are unknown and will be ignored: [$id]
    level: "warning"
    schema: {"loadingURI":"#","pointer":"/items/properties/tags/items"}
    domain: "syntax"
    ignored: ["$id"]
warning: the following keywords are unknown and will be ignored: [$id, examples]
    level: "warning"
    schema: {"loadingURI":"#","pointer":"/items/properties/tags/items/properties/id"}
    domain: "syntax"
    ignored: ["$id","examples"]
warning: the following keywords are unknown and will be ignored: [$id, examples]
    level: "warning"
    schema: {"loadingURI":"#","pointer":"/items/properties/tags/items/properties/name"}
    domain: "syntax"
    ignored: ["$id","examples"]
warning: the following keywords are unknown and will be ignored: [$id]
    level: "warning"
    schema: {"loadingURI":"#","pointer":"/items"}
    domain: "syntax"
    ignored: ["$id"]
warning: the following keywords are unknown and will be ignored: [$id]
    level: "warning"
    schema: {"loadingURI":"#","pointer":"/items/properties/category"}
    domain: "syntax"
    ignored: ["$id"]
warning: the following keywords are unknown and will be ignored: [$id, examples]
    level: "warning"
    schema: {"loadingURI":"#","pointer":"/items/properties/category/properties/id"}
    domain: "syntax"
    ignored: ["$id","examples"]
warning: the following keywords are unknown and will be ignored: [$id, examples]
    level: "warning"
    schema: {"loadingURI":"#","pointer":"/items/properties/category/properties/name"}
    domain: "syntax"
    ignored: ["$id","examples"]
warning: the following keywords are unknown and will be ignored: [$id, examples]
    level: "warning"
    schema: {"loadingURI":"#","pointer":"/items/properties/id"}
    domain: "syntax"
    ignored: ["$id","examples"]
warning: the following keywords are unknown and will be ignored: [$id, examples]
    level: "warning"
    schema: {"loadingURI":"#","pointer":"/items/properties/name"}
    domain: "syntax"
    ignored: ["$id","examples"]
warning: the following keywords are unknown and will be ignored: [$id]
    level: "warning"
    schema: {"loadingURI":"#","pointer":"/items/properties/photoUrls"}
    domain: "syntax"
    ignored: ["$id"]
warning: the following keywords are unknown and will be ignored: [$id, examples]
    level: "warning"
    schema: {"loadingURI":"#","pointer":"/items/properties/photoUrls/items"}
    domain: "syntax"
    ignored: ["$id","examples"]
warning: the following keywords are unknown and will be ignored: [$id, examples]
    level: "warning"
    schema: {"loadingURI":"#","pointer":"/items/properties/status"}
    domain: "syntax"
    ignored: ["$id","examples"]
warning: the following keywords are unknown and will be ignored: [$id]
    level: "warning"
    schema: {"loadingURI":"#","pointer":"/items/properties/tags"}
    domain: "syntax"
    ignored: ["$id"]
warning: the following keywords are unknown and will be ignored: [$id]
    level: "warning"
    schema: {"loadingURI":"#","pointer":"/items/properties/tags/items"}
    domain: "syntax"
    ignored: ["$id"]
warning: the following keywords are unknown and will be ignored: [$id, examples]
    level: "warning"
    schema: {"loadingURI":"#","pointer":"/items/properties/tags/items/properties/id"}
    domain: "syntax"
    ignored: ["$id","examples"]
warning: the following keywords are unknown and will be ignored: [$id, examples]
    level: "warning"
    schema: {"loadingURI":"#","pointer":"/items/properties/tags/items/properties/name"}
    domain: "syntax"
    ignored: ["$id","examples"]
warning: the following keywords are unknown and will be ignored: [$id]
    level: "warning"
    schema: {"loadingURI":"#","pointer":"/items"}
    domain: "syntax"
    ignored: ["$id"]
warning: the following keywords are unknown and will be ignored: [$id]
    level: "warning"
    schema: {"loadingURI":"#","pointer":"/items/properties/category"}
    domain: "syntax"
    ignored: ["$id"]
warning: the following keywords are unknown and will be ignored: [$id, examples]
    level: "warning"
    schema: {"loadingURI":"#","pointer":"/items/properties/category/properties/id"}
    domain: "syntax"
    ignored: ["$id","examples"]
warning: the following keywords are unknown and will be ignored: [$id, examples]
    level: "warning"
    schema: {"loadingURI":"#","pointer":"/items/properties/category/properties/name"}
    domain: "syntax"
    ignored: ["$id","examples"]
warning: the following keywords are unknown and will be ignored: [$id, examples]
    level: "warning"
    schema: {"loadingURI":"#","pointer":"/items/properties/id"}
    domain: "syntax"
    ignored: ["$id","examples"]
warning: the following keywords are unknown and will be ignored: [$id, examples]
    level: "warning"
    schema: {"loadingURI":"#","pointer":"/items/properties/name"}
    domain: "syntax"
    ignored: ["$id","examples"]
warning: the following keywords are unknown and will be ignored: [$id]
    level: "warning"
    schema: {"loadingURI":"#","pointer":"/items/properties/photoUrls"}
    domain: "syntax"
    ignored: ["$id"]
warning: the following keywords are unknown and will be ignored: [$id, examples]
    level: "warning"
    schema: {"loadingURI":"#","pointer":"/items/properties/photoUrls/items"}
    domain: "syntax"
    ignored: ["$id","examples"]
warning: the following keywords are unknown and will be ignored: [$id, examples]
    level: "warning"
    schema: {"loadingURI":"#","pointer":"/items/properties/status"}
    domain: "syntax"
    ignored: ["$id","examples"]
warning: the following keywords are unknown and will be ignored: [$id]
    level: "warning"
    schema: {"loadingURI":"#","pointer":"/items/properties/tags"}
    domain: "syntax"
    ignored: ["$id"]
warning: the following keywords are unknown and will be ignored: [$id]
    level: "warning"
    schema: {"loadingURI":"#","pointer":"/items/properties/tags/items"}
    domain: "syntax"
    ignored: ["$id"]
warning: the following keywords are unknown and will be ignored: [$id, examples]
    level: "warning"
    schema: {"loadingURI":"#","pointer":"/items/properties/tags/items/properties/id"}
    domain: "syntax"
    ignored: ["$id","examples"]
warning: the following keywords are unknown and will be ignored: [$id, examples]
    level: "warning"
    schema: {"loadingURI":"#","pointer":"/items/properties/tags/items/properties/name"}
    domain: "syntax"
    ignored: ["$id","examples"]
warning: the following keywords are unknown and will be ignored: [$id]
    level: "warning"
    schema: {"loadingURI":"#","pointer":"/items"}
    domain: "syntax"
    ignored: ["$id"]
warning: the following keywords are unknown and will be ignored: [$id]
    level: "warning"
    schema: {"loadingURI":"#","pointer":"/items/properties/category"}
    domain: "syntax"
    ignored: ["$id"]
warning: the following keywords are unknown and will be ignored: [$id, examples]
    level: "warning"
    schema: {"loadingURI":"#","pointer":"/items/properties/category/properties/id"}
    domain: "syntax"
    ignored: ["$id","examples"]
warning: the following keywords are unknown and will be ignored: [$id, examples]
    level: "warning"
    schema: {"loadingURI":"#","pointer":"/items/properties/category/properties/name"}
    domain: "syntax"
    ignored: ["$id","examples"]
warning: the following keywords are unknown and will be ignored: [$id, examples]
    level: "warning"
    schema: {"loadingURI":"#","pointer":"/items/properties/id"}
    domain: "syntax"
    ignored: ["$id","examples"]
warning: the following keywords are unknown and will be ignored: [$id, examples]
    level: "warning"
    schema: {"loadingURI":"#","pointer":"/items/properties/name"}
    domain: "syntax"
    ignored: ["$id","examples"]
warning: the following keywords are unknown and will be ignored: [$id]
    level: "warning"
    schema: {"loadingURI":"#","pointer":"/items/properties/photoUrls"}
    domain: "syntax"
    ignored: ["$id"]
warning: the following keywords are unknown and will be ignored: [$id, examples]
    level: "warning"
    schema: {"loadingURI":"#","pointer":"/items/properties/photoUrls/items"}
    domain: "syntax"
    ignored: ["$id","examples"]
warning: the following keywords are unknown and will be ignored: [$id, examples]
    level: "warning"
    schema: {"loadingURI":"#","pointer":"/items/properties/status"}
    domain: "syntax"
    ignored: ["$id","examples"]
warning: the following keywords are unknown and will be ignored: [$id]
    level: "warning"
    schema: {"loadingURI":"#","pointer":"/items/properties/tags"}
    domain: "syntax"
    ignored: ["$id"]
warning: the following keywords are unknown and will be ignored: [$id]
    level: "warning"
    schema: {"loadingURI":"#","pointer":"/items/properties/tags/items"}
    domain: "syntax"
    ignored: ["$id"]
warning: the following keywords are unknown and will be ignored: [$id, examples]
    level: "warning"
    schema: {"loadingURI":"#","pointer":"/items/properties/tags/items/properties/id"}
    domain: "syntax"
    ignored: ["$id","examples"]
warning: the following keywords are unknown and will be ignored: [$id, examples]
    level: "warning"
    schema: {"loadingURI":"#","pointer":"/items/properties/tags/items/properties/name"}
    domain: "syntax"
    ignored: ["$id","examples"]
warning: the following keywords are unknown and will be ignored: [$id]
    level: "warning"
    schema: {"loadingURI":"#","pointer":"/items"}
    domain: "syntax"
    ignored: ["$id"]
warning: the following keywords are unknown and will be ignored: [$id]
    level: "warning"
    schema: {"loadingURI":"#","pointer":"/items/properties/category"}
    domain: "syntax"
    ignored: ["$id"]
warning: the following keywords are unknown and will be ignored: [$id, examples]
    level: "warning"
    schema: {"loadingURI":"#","pointer":"/items/properties/category/properties/id"}
    domain: "syntax"
    ignored: ["$id","examples"]
warning: the following keywords are unknown and will be ignored: [$id, examples]
    level: "warning"
    schema: {"loadingURI":"#","pointer":"/items/properties/category/properties/name"}
    domain: "syntax"
    ignored: ["$id","examples"]
warning: the following keywords are unknown and will be ignored: [$id, examples]
    level: "warning"
    schema: {"loadingURI":"#","pointer":"/items/properties/id"}
    domain: "syntax"
    ignored: ["$id","examples"]
warning: the following keywords are unknown and will be ignored: [$id, examples]
    level: "warning"
    schema: {"loadingURI":"#","pointer":"/items/properties/name"}
    domain: "syntax"
    ignored: ["$id","examples"]
warning: the following keywords are unknown and will be ignored: [$id]
    level: "warning"
    schema: {"loadingURI":"#","pointer":"/items/properties/photoUrls"}
    domain: "syntax"
    ignored: ["$id"]
warning: the following keywords are unknown and will be ignored: [$id, examples]
    level: "warning"
    schema: {"loadingURI":"#","pointer":"/items/properties/photoUrls/items"}
    domain: "syntax"
    ignored: ["$id","examples"]
warning: the following keywords are unknown and will be ignored: [$id, examples]
    level: "warning"
    schema: {"loadingURI":"#","pointer":"/items/properties/status"}
    domain: "syntax"
    ignored: ["$id","examples"]
warning: the following keywords are unknown and will be ignored: [$id]
    level: "warning"
    schema: {"loadingURI":"#","pointer":"/items/properties/tags"}
    domain: "syntax"
    ignored: ["$id"]
warning: the following keywords are unknown and will be ignored: [$id]
    level: "warning"
    schema: {"loadingURI":"#","pointer":"/items/properties/tags/items"}
    domain: "syntax"
    ignored: ["$id"]
warning: the following keywords are unknown and will be ignored: [$id, examples]
    level: "warning"
    schema: {"loadingURI":"#","pointer":"/items/properties/tags/items/properties/id"}
    domain: "syntax"
    ignored: ["$id","examples"]
warning: the following keywords are unknown and will be ignored: [$id, examples]
    level: "warning"
    schema: {"loadingURI":"#","pointer":"/items/properties/tags/items/properties/name"}
    domain: "syntax"
    ignored: ["$id","examples"]
warning: the following keywords are unknown and will be ignored: [$id]
    level: "warning"
    schema: {"loadingURI":"#","pointer":"/items"}
    domain: "syntax"
    ignored: ["$id"]
warning: the following keywords are unknown and will be ignored: [$id]
    level: "warning"
    schema: {"loadingURI":"#","pointer":"/items/properties/category"}
    domain: "syntax"
    ignored: ["$id"]
warning: the following keywords are unknown and will be ignored: [$id, examples]
    level: "warning"
    schema: {"loadingURI":"#","pointer":"/items/properties/category/properties/id"}
    domain: "syntax"
    ignored: ["$id","examples"]
warning: the following keywords are unknown and will be ignored: [$id, examples]
    level: "warning"
    schema: {"loadingURI":"#","pointer":"/items/properties/category/properties/name"}
    domain: "syntax"
    ignored: ["$id","examples"]
warning: the following keywords are unknown and will be ignored: [$id, examples]
    level: "warning"
    schema: {"loadingURI":"#","pointer":"/items/properties/id"}
    domain: "syntax"
    ignored: ["$id","examples"]
warning: the following keywords are unknown and will be ignored: [$id, examples]
    level: "warning"
    schema: {"loadingURI":"#","pointer":"/items/properties/name"}
    domain: "syntax"
    ignored: ["$id","examples"]
warning: the following keywords are unknown and will be ignored: [$id]
    level: "warning"
    schema: {"loadingURI":"#","pointer":"/items/properties/photoUrls"}
    domain: "syntax"
    ignored: ["$id"]
warning: the following keywords are unknown and will be ignored: [$id, examples]
    level: "warning"
    schema: {"loadingURI":"#","pointer":"/items/properties/photoUrls/items"}
    domain: "syntax"
    ignored: ["$id","examples"]
warning: the following keywords are unknown and will be ignored: [$id, examples]
    level: "warning"
    schema: {"loadingURI":"#","pointer":"/items/properties/status"}
    domain: "syntax"
    ignored: ["$id","examples"]
warning: the following keywords are unknown and will be ignored: [$id]
    level: "warning"
    schema: {"loadingURI":"#","pointer":"/items/properties/tags"}
    domain: "syntax"
    ignored: ["$id"]
warning: the following keywords are unknown and will be ignored: [$id]
    level: "warning"
    schema: {"loadingURI":"#","pointer":"/items/properties/tags/items"}
    domain: "syntax"
    ignored: ["$id"]
warning: the following keywords are unknown and will be ignored: [$id, examples]
    level: "warning"
    schema: {"loadingURI":"#","pointer":"/items/properties/tags/items/properties/id"}
    domain: "syntax"
    ignored: ["$id","examples"]
warning: the following keywords are unknown and will be ignored: [$id, examples]
    level: "warning"
    schema: {"loadingURI":"#","pointer":"/items/properties/tags/items/properties/name"}
    domain: "syntax"
    ignored: ["$id","examples"]
warning: the following keywords are unknown and will be ignored: [$id]
    level: "warning"
    schema: {"loadingURI":"#","pointer":"/items"}
    domain: "syntax"
    ignored: ["$id"]
warning: the following keywords are unknown and will be ignored: [$id]
    level: "warning"
    schema: {"loadingURI":"#","pointer":"/items/properties/category"}
    domain: "syntax"
    ignored: ["$id"]
warning: the following keywords are unknown and will be ignored: [$id, examples]
    level: "warning"
    schema: {"loadingURI":"#","pointer":"/items/properties/category/properties/id"}
    domain: "syntax"
    ignored: ["$id","examples"]
warning: the following keywords are unknown and will be ignored: [$id, examples]
    level: "warning"
    schema: {"loadingURI":"#","pointer":"/items/properties/category/properties/name"}
    domain: "syntax"
    ignored: ["$id","examples"]
warning: the following keywords are unknown and will be ignored: [$id, examples]
    level: "warning"
    schema: {"loadingURI":"#","pointer":"/items/properties/id"}
    domain: "syntax"
    ignored: ["$id","examples"]
warning: the following keywords are unknown and will be ignored: [$id, examples]
    level: "warning"
    schema: {"loadingURI":"#","pointer":"/items/properties/name"}
    domain: "syntax"
    ignored: ["$id","examples"]
warning: the following keywords are unknown and will be ignored: [$id]
    level: "warning"
    schema: {"loadingURI":"#","pointer":"/items/properties/photoUrls"}
    domain: "syntax"
    ignored: ["$id"]
warning: the following keywords are unknown and will be ignored: [$id, examples]
    level: "warning"
    schema: {"loadingURI":"#","pointer":"/items/properties/photoUrls/items"}
    domain: "syntax"
    ignored: ["$id","examples"]
warning: the following keywords are unknown and will be ignored: [$id, examples]
    level: "warning"
    schema: {"loadingURI":"#","pointer":"/items/properties/status"}
    domain: "syntax"
    ignored: ["$id","examples"]
warning: the following keywords are unknown and will be ignored: [$id]
    level: "warning"
    schema: {"loadingURI":"#","pointer":"/items/properties/tags"}
    domain: "syntax"
    ignored: ["$id"]
warning: the following keywords are unknown and will be ignored: [$id]
    level: "warning"
    schema: {"loadingURI":"#","pointer":"/items/properties/tags/items"}
    domain: "syntax"
    ignored: ["$id"]
warning: the following keywords are unknown and will be ignored: [$id, examples]
    level: "warning"
    schema: {"loadingURI":"#","pointer":"/items/properties/tags/items/properties/id"}
    domain: "syntax"
    ignored: ["$id","examples"]
warning: the following keywords are unknown and will be ignored: [$id, examples]
    level: "warning"
    schema: {"loadingURI":"#","pointer":"/items/properties/tags/items/properties/name"}
    domain: "syntax"
    ignored: ["$id","examples"]
warning: the following keywords are unknown and will be ignored: [$id]
    level: "warning"
    schema: {"loadingURI":"#","pointer":"/items"}
    domain: "syntax"
    ignored: ["$id"]
warning: the following keywords are unknown and will be ignored: [$id]
    level: "warning"
    schema: {"loadingURI":"#","pointer":"/items/properties/category"}
    domain: "syntax"
    ignored: ["$id"]
warning: the following keywords are unknown and will be ignored: [$id, examples]
    level: "warning"
    schema: {"loadingURI":"#","pointer":"/items/properties/category/properties/id"}
    domain: "syntax"
    ignored: ["$id","examples"]
warning: the following keywords are unknown and will be ignored: [$id, examples]
    level: "warning"
    schema: {"loadingURI":"#","pointer":"/items/properties/category/properties/name"}
    domain: "syntax"
    ignored: ["$id","examples"]
warning: the following keywords are unknown and will be ignored: [$id, examples]
    level: "warning"
    schema: {"loadingURI":"#","pointer":"/items/properties/id"}
    domain: "syntax"
    ignored: ["$id","examples"]
warning: the following keywords are unknown and will be ignored: [$id, examples]
    level: "warning"
    schema: {"loadingURI":"#","pointer":"/items/properties/name"}
    domain: "syntax"
    ignored: ["$id","examples"]
warning: the following keywords are unknown and will be ignored: [$id]
    level: "warning"
    schema: {"loadingURI":"#","pointer":"/items/properties/photoUrls"}
    domain: "syntax"
    ignored: ["$id"]
warning: the following keywords are unknown and will be ignored: [$id, examples]
    level: "warning"
    schema: {"loadingURI":"#","pointer":"/items/properties/photoUrls/items"}
    domain: "syntax"
    ignored: ["$id","examples"]
warning: the following keywords are unknown and will be ignored: [$id, examples]
    level: "warning"
    schema: {"loadingURI":"#","pointer":"/items/properties/status"}
    domain: "syntax"
    ignored: ["$id","examples"]
warning: the following keywords are unknown and will be ignored: [$id]
    level: "warning"
    schema: {"loadingURI":"#","pointer":"/items/properties/tags"}
    domain: "syntax"
    ignored: ["$id"]
warning: the following keywords are unknown and will be ignored: [$id]
    level: "warning"
    schema: {"loadingURI":"#","pointer":"/items/properties/tags/items"}
    domain: "syntax"
    ignored: ["$id"]
warning: the following keywords are unknown and will be ignored: [$id, examples]
    level: "warning"
    schema: {"loadingURI":"#","pointer":"/items/properties/tags/items/properties/id"}
    domain: "syntax"
    ignored: ["$id","examples"]
warning: the following keywords are unknown and will be ignored: [$id, examples]
    level: "warning"
    schema: {"loadingURI":"#","pointer":"/items/properties/tags/items/properties/name"}
    domain: "syntax"
    ignored: ["$id","examples"]
warning: the following keywords are unknown and will be ignored: [$id]
    level: "warning"
    schema: {"loadingURI":"#","pointer":"/items"}
    domain: "syntax"
    ignored: ["$id"]
warning: the following keywords are unknown and will be ignored: [$id]
    level: "warning"
    schema: {"loadingURI":"#","pointer":"/items/properties/category"}
    domain: "syntax"
    ignored: ["$id"]
warning: the following keywords are unknown and will be ignored: [$id, examples]
    level: "warning"
    schema: {"loadingURI":"#","pointer":"/items/properties/category/properties/id"}
    domain: "syntax"
    ignored: ["$id","examples"]
warning: the following keywords are unknown and will be ignored: [$id, examples]
    level: "warning"
    schema: {"loadingURI":"#","pointer":"/items/properties/category/properties/name"}
    domain: "syntax"
    ignored: ["$id","examples"]
warning: the following keywords are unknown and will be ignored: [$id, examples]
    level: "warning"
    schema: {"loadingURI":"#","pointer":"/items/properties/id"}
    domain: "syntax"
    ignored: ["$id","examples"]
warning: the following keywords are unknown and will be ignored: [$id, examples]
    level: "warning"
    schema: {"loadingURI":"#","pointer":"/items/properties/name"}
    domain: "syntax"
    ignored: ["$id","examples"]
warning: the following keywords are unknown and will be ignored: [$id]
    level: "warning"
    schema: {"loadingURI":"#","pointer":"/items/properties/photoUrls"}
    domain: "syntax"
    ignored: ["$id"]
warning: the following keywords are unknown and will be ignored: [$id, examples]
    level: "warning"
    schema: {"loadingURI":"#","pointer":"/items/properties/photoUrls/items"}
    domain: "syntax"
    ignored: ["$id","examples"]
warning: the following keywords are unknown and will be ignored: [$id, examples]
    level: "warning"
    schema: {"loadingURI":"#","pointer":"/items/properties/status"}
    domain: "syntax"
    ignored: ["$id","examples"]
warning: the following keywords are unknown and will be ignored: [$id]
    level: "warning"
    schema: {"loadingURI":"#","pointer":"/items/properties/tags"}
    domain: "syntax"
    ignored: ["$id"]
warning: the following keywords are unknown and will be ignored: [$id]
    level: "warning"
    schema: {"loadingURI":"#","pointer":"/items/properties/tags/items"}
    domain: "syntax"
    ignored: ["$id"]
warning: the following keywords are unknown and will be ignored: [$id, examples]
    level: "warning"
    schema: {"loadingURI":"#","pointer":"/items/properties/tags/items/properties/id"}
    domain: "syntax"
    ignored: ["$id","examples"]
warning: the following keywords are unknown and will be ignored: [$id, examples]
    level: "warning"
    schema: {"loadingURI":"#","pointer":"/items/properties/tags/items/properties/name"}
    domain: "syntax"
    ignored: ["$id","examples"]
warning: the following keywords are unknown and will be ignored: [$id]
    level: "warning"
    schema: {"loadingURI":"#","pointer":"/items"}
    domain: "syntax"
    ignored: ["$id"]
warning: the following keywords are unknown and will be ignored: [$id]
    level: "warning"
    schema: {"loadingURI":"#","pointer":"/items/properties/category"}
    domain: "syntax"
    ignored: ["$id"]
warning: the following keywords are unknown and will be ignored: [$id, examples]
    level: "warning"
    schema: {"loadingURI":"#","pointer":"/items/properties/category/properties/id"}
    domain: "syntax"
    ignored: ["$id","examples"]
warning: the following keywords are unknown and will be ignored: [$id, examples]
    level: "warning"
    schema: {"loadingURI":"#","pointer":"/items/properties/category/properties/name"}
    domain: "syntax"
    ignored: ["$id","examples"]
warning: the following keywords are unknown and will be ignored: [$id, examples]
    level: "warning"
    schema: {"loadingURI":"#","pointer":"/items/properties/id"}
    domain: "syntax"
    ignored: ["$id","examples"]
warning: the following keywords are unknown and will be ignored: [$id, examples]
    level: "warning"
    schema: {"loadingURI":"#","pointer":"/items/properties/name"}
    domain: "syntax"
    ignored: ["$id","examples"]
warning: the following keywords are unknown and will be ignored: [$id]
    level: "warning"
    schema: {"loadingURI":"#","pointer":"/items/properties/photoUrls"}
    domain: "syntax"
    ignored: ["$id"]
warning: the following keywords are unknown and will be ignored: [$id, examples]
    level: "warning"
    schema: {"loadingURI":"#","pointer":"/items/properties/photoUrls/items"}
    domain: "syntax"
    ignored: ["$id","examples"]
warning: the following keywords are unknown and will be ignored: [$id, examples]
    level: "warning"
    schema: {"loadingURI":"#","pointer":"/items/properties/status"}
    domain: "syntax"
    ignored: ["$id","examples"]
warning: the following keywords are unknown and will be ignored: [$id]
    level: "warning"
    schema: {"loadingURI":"#","pointer":"/items/properties/tags"}
    domain: "syntax"
    ignored: ["$id"]
warning: the following keywords are unknown and will be ignored: [$id]
    level: "warning"
    schema: {"loadingURI":"#","pointer":"/items/properties/tags/items"}
    domain: "syntax"
    ignored: ["$id"]
warning: the following keywords are unknown and will be ignored: [$id, examples]
    level: "warning"
    schema: {"loadingURI":"#","pointer":"/items/properties/tags/items/properties/id"}
    domain: "syntax"
    ignored: ["$id","examples"]
warning: the following keywords are unknown and will be ignored: [$id, examples]
    level: "warning"
    schema: {"loadingURI":"#","pointer":"/items/properties/tags/items/properties/name"}
    domain: "syntax"
    ignored: ["$id","examples"]
warning: the following keywords are unknown and will be ignored: [$id]
    level: "warning"
    schema: {"loadingURI":"#","pointer":"/items"}
    domain: "syntax"
    ignored: ["$id"]
warning: the following keywords are unknown and will be ignored: [$id]
    level: "warning"
    schema: {"loadingURI":"#","pointer":"/items/properties/category"}
    domain: "syntax"
    ignored: ["$id"]
warning: the following keywords are unknown and will be ignored: [$id, examples]
    level: "warning"
    schema: {"loadingURI":"#","pointer":"/items/properties/category/properties/id"}
    domain: "syntax"
    ignored: ["$id","examples"]
warning: the following keywords are unknown and will be ignored: [$id, examples]
    level: "warning"
    schema: {"loadingURI":"#","pointer":"/items/properties/category/properties/name"}
    domain: "syntax"
    ignored: ["$id","examples"]
warning: the following keywords are unknown and will be ignored: [$id, examples]
    level: "warning"
    schema: {"loadingURI":"#","pointer":"/items/properties/id"}
    domain: "syntax"
    ignored: ["$id","examples"]
warning: the following keywords are unknown and will be ignored: [$id, examples]
    level: "warning"
    schema: {"loadingURI":"#","pointer":"/items/properties/name"}
    domain: "syntax"
    ignored: ["$id","examples"]
warning: the following keywords are unknown and will be ignored: [$id]
    level: "warning"
    schema: {"loadingURI":"#","pointer":"/items/properties/photoUrls"}
    domain: "syntax"
    ignored: ["$id"]
warning: the following keywords are unknown and will be ignored: [$id, examples]
    level: "warning"
    schema: {"loadingURI":"#","pointer":"/items/properties/photoUrls/items"}
    domain: "syntax"
    ignored: ["$id","examples"]
warning: the following keywords are unknown and will be ignored: [$id, examples]
    level: "warning"
    schema: {"loadingURI":"#","pointer":"/items/properties/status"}
    domain: "syntax"
    ignored: ["$id","examples"]
warning: the following keywords are unknown and will be ignored: [$id]
    level: "warning"
    schema: {"loadingURI":"#","pointer":"/items/properties/tags"}
    domain: "syntax"
    ignored: ["$id"]
warning: the following keywords are unknown and will be ignored: [$id]
    level: "warning"
    schema: {"loadingURI":"#","pointer":"/items/properties/tags/items"}
    domain: "syntax"
    ignored: ["$id"]
warning: the following keywords are unknown and will be ignored: [$id, examples]
    level: "warning"
    schema: {"loadingURI":"#","pointer":"/items/properties/tags/items/properties/id"}
    domain: "syntax"
    ignored: ["$id","examples"]
warning: the following keywords are unknown and will be ignored: [$id, examples]
    level: "warning"
    schema: {"loadingURI":"#","pointer":"/items/properties/tags/items/properties/name"}
    domain: "syntax"
    ignored: ["$id","examples"]
warning: the following keywords are unknown and will be ignored: [$id]
    level: "warning"
    schema: {"loadingURI":"#","pointer":"/items"}
    domain: "syntax"
    ignored: ["$id"]
warning: the following keywords are unknown and will be ignored: [$id]
    level: "warning"
    schema: {"loadingURI":"#","pointer":"/items/properties/category"}
    domain: "syntax"
    ignored: ["$id"]
warning: the following keywords are unknown and will be ignored: [$id, examples]
    level: "warning"
    schema: {"loadingURI":"#","pointer":"/items/properties/category/properties/id"}
    domain: "syntax"
    ignored: ["$id","examples"]
warning: the following keywords are unknown and will be ignored: [$id, examples]
    level: "warning"
    schema: {"loadingURI":"#","pointer":"/items/properties/category/properties/name"}
    domain: "syntax"
    ignored: ["$id","examples"]
warning: the following keywords are unknown and will be ignored: [$id, examples]
    level: "warning"
    schema: {"loadingURI":"#","pointer":"/items/properties/id"}
    domain: "syntax"
    ignored: ["$id","examples"]
warning: the following keywords are unknown and will be ignored: [$id, examples]
    level: "warning"
    schema: {"loadingURI":"#","pointer":"/items/properties/name"}
    domain: "syntax"
    ignored: ["$id","examples"]
warning: the following keywords are unknown and will be ignored: [$id]
    level: "warning"
    schema: {"loadingURI":"#","pointer":"/items/properties/photoUrls"}
    domain: "syntax"
    ignored: ["$id"]
warning: the following keywords are unknown and will be ignored: [$id, examples]
    level: "warning"
    schema: {"loadingURI":"#","pointer":"/items/properties/photoUrls/items"}
    domain: "syntax"
    ignored: ["$id","examples"]
warning: the following keywords are unknown and will be ignored: [$id, examples]
    level: "warning"
    schema: {"loadingURI":"#","pointer":"/items/properties/status"}
    domain: "syntax"
    ignored: ["$id","examples"]
warning: the following keywords are unknown and will be ignored: [$id]
    level: "warning"
    schema: {"loadingURI":"#","pointer":"/items/properties/tags"}
    domain: "syntax"
    ignored: ["$id"]
warning: the following keywords are unknown and will be ignored: [$id]
    level: "warning"
    schema: {"loadingURI":"#","pointer":"/items/properties/tags/items"}
    domain: "syntax"
    ignored: ["$id"]
warning: the following keywords are unknown and will be ignored: [$id, examples]
    level: "warning"
    schema: {"loadingURI":"#","pointer":"/items/properties/tags/items/properties/id"}
    domain: "syntax"
    ignored: ["$id","examples"]
warning: the following keywords are unknown and will be ignored: [$id, examples]
    level: "warning"
    schema: {"loadingURI":"#","pointer":"/items/properties/tags/items/properties/name"}
    domain: "syntax"
    ignored: ["$id","examples"]
warning: the following keywords are unknown and will be ignored: [$id]
    level: "warning"
    schema: {"loadingURI":"#","pointer":"/items"}
    domain: "syntax"
    ignored: ["$id"]
warning: the following keywords are unknown and will be ignored: [$id]
    level: "warning"
    schema: {"loadingURI":"#","pointer":"/items/properties/category"}
    domain: "syntax"
    ignored: ["$id"]
warning: the following keywords are unknown and will be ignored: [$id, examples]
    level: "warning"
    schema: {"loadingURI":"#","pointer":"/items/properties/category/properties/id"}
    domain: "syntax"
    ignored: ["$id","examples"]
warning: the following keywords are unknown and will be ignored: [$id, examples]
    level: "warning"
    schema: {"loadingURI":"#","pointer":"/items/properties/category/properties/name"}
    domain: "syntax"
    ignored: ["$id","examples"]
warning: the following keywords are unknown and will be ignored: [$id, examples]
    level: "warning"
    schema: {"loadingURI":"#","pointer":"/items/properties/id"}
    domain: "syntax"
    ignored: ["$id","examples"]
warning: the following keywords are unknown and will be ignored: [$id, examples]
    level: "warning"
    schema: {"loadingURI":"#","pointer":"/items/properties/name"}
    domain: "syntax"
    ignored: ["$id","examples"]
warning: the following keywords are unknown and will be ignored: [$id]
    level: "warning"
    schema: {"loadingURI":"#","pointer":"/items/properties/photoUrls"}
    domain: "syntax"
    ignored: ["$id"]
warning: the following keywords are unknown and will be ignored: [$id, examples]
    level: "warning"
    schema: {"loadingURI":"#","pointer":"/items/properties/photoUrls/items"}
    domain: "syntax"
    ignored: ["$id","examples"]
warning: the following keywords are unknown and will be ignored: [$id, examples]
    level: "warning"
    schema: {"loadingURI":"#","pointer":"/items/properties/status"}
    domain: "syntax"
    ignored: ["$id","examples"]
warning: the following keywords are unknown and will be ignored: [$id]
    level: "warning"
    schema: {"loadingURI":"#","pointer":"/items/properties/tags"}
    domain: "syntax"
    ignored: ["$id"]
warning: the following keywords are unknown and will be ignored: [$id]
    level: "warning"
    schema: {"loadingURI":"#","pointer":"/items/properties/tags/items"}
    domain: "syntax"
    ignored: ["$id"]
warning: the following keywords are unknown and will be ignored: [$id, examples]
    level: "warning"
    schema: {"loadingURI":"#","pointer":"/items/properties/tags/items/properties/id"}
    domain: "syntax"
    ignored: ["$id","examples"]
warning: the following keywords are unknown and will be ignored: [$id, examples]
    level: "warning"
    schema: {"loadingURI":"#","pointer":"/items/properties/tags/items/properties/name"}
    domain: "syntax"
    ignored: ["$id","examples"]
warning: the following keywords are unknown and will be ignored: [$id]
    level: "warning"
    schema: {"loadingURI":"#","pointer":"/items"}
    domain: "syntax"
    ignored: ["$id"]
warning: the following keywords are unknown and will be ignored: [$id]
    level: "warning"
    schema: {"loadingURI":"#","pointer":"/items/properties/category"}
    domain: "syntax"
    ignored: ["$id"]
warning: the following keywords are unknown and will be ignored: [$id, examples]
    level: "warning"
    schema: {"loadingURI":"#","pointer":"/items/properties/category/properties/id"}
    domain: "syntax"
    ignored: ["$id","examples"]
warning: the following keywords are unknown and will be ignored: [$id, examples]
    level: "warning"
    schema: {"loadingURI":"#","pointer":"/items/properties/category/properties/name"}
    domain: "syntax"
    ignored: ["$id","examples"]
warning: the following keywords are unknown and will be ignored: [$id, examples]
    level: "warning"
    schema: {"loadingURI":"#","pointer":"/items/properties/id"}
    domain: "syntax"
    ignored: ["$id","examples"]
warning: the following keywords are unknown and will be ignored: [$id, examples]
    level: "warning"
    schema: {"loadingURI":"#","pointer":"/items/properties/name"}
    domain: "syntax"
    ignored: ["$id","examples"]
warning: the following keywords are unknown and will be ignored: [$id]
    level: "warning"
    schema: {"loadingURI":"#","pointer":"/items/properties/photoUrls"}
    domain: "syntax"
    ignored: ["$id"]
warning: the following keywords are unknown and will be ignored: [$id, examples]
    level: "warning"
    schema: {"loadingURI":"#","pointer":"/items/properties/photoUrls/items"}
    domain: "syntax"
    ignored: ["$id","examples"]
warning: the following keywords are unknown and will be ignored: [$id, examples]
    level: "warning"
    schema: {"loadingURI":"#","pointer":"/items/properties/status"}
    domain: "syntax"
    ignored: ["$id","examples"]
warning: the following keywords are unknown and will be ignored: [$id]
    level: "warning"
    schema: {"loadingURI":"#","pointer":"/items/properties/tags"}
    domain: "syntax"
    ignored: ["$id"]
warning: the following keywords are unknown and will be ignored: [$id]
    level: "warning"
    schema: {"loadingURI":"#","pointer":"/items/properties/tags/items"}
    domain: "syntax"
    ignored: ["$id"]
warning: the following keywords are unknown and will be ignored: [$id, examples]
    level: "warning"
    schema: {"loadingURI":"#","pointer":"/items/properties/tags/items/properties/id"}
    domain: "syntax"
    ignored: ["$id","examples"]
warning: the following keywords are unknown and will be ignored: [$id, examples]
    level: "warning"
    schema: {"loadingURI":"#","pointer":"/items/properties/tags/items/properties/name"}
    domain: "syntax"
    ignored: ["$id","examples"]
warning: the following keywords are unknown and will be ignored: [$id]
    level: "warning"
    schema: {"loadingURI":"#","pointer":"/items"}
    domain: "syntax"
    ignored: ["$id"]
warning: the following keywords are unknown and will be ignored: [$id]
    level: "warning"
    schema: {"loadingURI":"#","pointer":"/items/properties/category"}
    domain: "syntax"
    ignored: ["$id"]
warning: the following keywords are unknown and will be ignored: [$id, examples]
    level: "warning"
    schema: {"loadingURI":"#","pointer":"/items/properties/category/properties/id"}
    domain: "syntax"
    ignored: ["$id","examples"]
warning: the following keywords are unknown and will be ignored: [$id, examples]
    level: "warning"
    schema: {"loadingURI":"#","pointer":"/items/properties/category/properties/name"}
    domain: "syntax"
    ignored: ["$id","examples"]
warning: the following keywords are unknown and will be ignored: [$id, examples]
    level: "warning"
    schema: {"loadingURI":"#","pointer":"/items/properties/id"}
    domain: "syntax"
    ignored: ["$id","examples"]
warning: the following keywords are unknown and will be ignored: [$id, examples]
    level: "warning"
    schema: {"loadingURI":"#","pointer":"/items/properties/name"}
    domain: "syntax"
    ignored: ["$id","examples"]
warning: the following keywords are unknown and will be ignored: [$id]
    level: "warning"
    schema: {"loadingURI":"#","pointer":"/items/properties/photoUrls"}
    domain: "syntax"
    ignored: ["$id"]
warning: the following keywords are unknown and will be ignored: [$id, examples]
    level: "warning"
    schema: {"loadingURI":"#","pointer":"/items/properties/photoUrls/items"}
    domain: "syntax"
    ignored: ["$id","examples"]
warning: the following keywords are unknown and will be ignored: [$id, examples]
    level: "warning"
    schema: {"loadingURI":"#","pointer":"/items/properties/status"}
    domain: "syntax"
    ignored: ["$id","examples"]
warning: the following keywords are unknown and will be ignored: [$id]
    level: "warning"
    schema: {"loadingURI":"#","pointer":"/items/properties/tags"}
    domain: "syntax"
    ignored: ["$id"]
warning: the following keywords are unknown and will be ignored: [$id]
    level: "warning"
    schema: {"loadingURI":"#","pointer":"/items/properties/tags/items"}
    domain: "syntax"
    ignored: ["$id"]
warning: the following keywords are unknown and will be ignored: [$id, examples]
    level: "warning"
    schema: {"loadingURI":"#","pointer":"/items/properties/tags/items/properties/id"}
    domain: "syntax"
    ignored: ["$id","examples"]
warning: the following keywords are unknown and will be ignored: [$id, examples]
    level: "warning"
    schema: {"loadingURI":"#","pointer":"/items/properties/tags/items/properties/name"}
    domain: "syntax"
    ignored: ["$id","examples"]
warning: the following keywords are unknown and will be ignored: [$id]
    level: "warning"
    schema: {"loadingURI":"#","pointer":"/items"}
    domain: "syntax"
    ignored: ["$id"]
warning: the following keywords are unknown and will be ignored: [$id]
    level: "warning"
    schema: {"loadingURI":"#","pointer":"/items/properties/category"}
    domain: "syntax"
    ignored: ["$id"]
warning: the following keywords are unknown and will be ignored: [$id, examples]
    level: "warning"
    schema: {"loadingURI":"#","pointer":"/items/properties/category/properties/id"}
    domain: "syntax"
    ignored: ["$id","examples"]
warning: the following keywords are unknown and will be ignored: [$id, examples]
    level: "warning"
    schema: {"loadingURI":"#","pointer":"/items/properties/category/properties/name"}
    domain: "syntax"
    ignored: ["$id","examples"]
warning: the following keywords are unknown and will be ignored: [$id, examples]
    level: "warning"
    schema: {"loadingURI":"#","pointer":"/items/properties/id"}
    domain: "syntax"
    ignored: ["$id","examples"]
warning: the following keywords are unknown and will be ignored: [$id, examples]
    level: "warning"
    schema: {"loadingURI":"#","pointer":"/items/properties/name"}
    domain: "syntax"
    ignored: ["$id","examples"]
warning: the following keywords are unknown and will be ignored: [$id]
    level: "warning"
    schema: {"loadingURI":"#","pointer":"/items/properties/photoUrls"}
    domain: "syntax"
    ignored: ["$id"]
warning: the following keywords are unknown and will be ignored: [$id, examples]
    level: "warning"
    schema: {"loadingURI":"#","pointer":"/items/properties/photoUrls/items"}
    domain: "syntax"
    ignored: ["$id","examples"]
warning: the following keywords are unknown and will be ignored: [$id, examples]
    level: "warning"
    schema: {"loadingURI":"#","pointer":"/items/properties/status"}
    domain: "syntax"
    ignored: ["$id","examples"]
warning: the following keywords are unknown and will be ignored: [$id]
    level: "warning"
    schema: {"loadingURI":"#","pointer":"/items/properties/tags"}
    domain: "syntax"
    ignored: ["$id"]
warning: the following keywords are unknown and will be ignored: [$id]
    level: "warning"
    schema: {"loadingURI":"#","pointer":"/items/properties/tags/items"}
    domain: "syntax"
    ignored: ["$id"]
warning: the following keywords are unknown and will be ignored: [$id, examples]
    level: "warning"
    schema: {"loadingURI":"#","pointer":"/items/properties/tags/items/properties/id"}
    domain: "syntax"
    ignored: ["$id","examples"]
warning: the following keywords are unknown and will be ignored: [$id, examples]
    level: "warning"
    schema: {"loadingURI":"#","pointer":"/items/properties/tags/items/properties/name"}
    domain: "syntax"
    ignored: ["$id","examples"]
warning: the following keywords are unknown and will be ignored: [$id]
    level: "warning"
    schema: {"loadingURI":"#","pointer":"/items"}
    domain: "syntax"
    ignored: ["$id"]
warning: the following keywords are unknown and will be ignored: [$id]
    level: "warning"
    schema: {"loadingURI":"#","pointer":"/items/properties/category"}
    domain: "syntax"
    ignored: ["$id"]
warning: the following keywords are unknown and will be ignored: [$id, examples]
    level: "warning"
    schema: {"loadingURI":"#","pointer":"/items/properties/category/properties/id"}
    domain: "syntax"
    ignored: ["$id","examples"]
warning: the following keywords are unknown and will be ignored: [$id, examples]
    level: "warning"
    schema: {"loadingURI":"#","pointer":"/items/properties/category/properties/name"}
    domain: "syntax"
    ignored: ["$id","examples"]
warning: the following keywords are unknown and will be ignored: [$id, examples]
    level: "warning"
    schema: {"loadingURI":"#","pointer":"/items/properties/id"}
    domain: "syntax"
    ignored: ["$id","examples"]
warning: the following keywords are unknown and will be ignored: [$id, examples]
    level: "warning"
    schema: {"loadingURI":"#","pointer":"/items/properties/name"}
    domain: "syntax"
    ignored: ["$id","examples"]
warning: the following keywords are unknown and will be ignored: [$id]
    level: "warning"
    schema: {"loadingURI":"#","pointer":"/items/properties/photoUrls"}
    domain: "syntax"
    ignored: ["$id"]
warning: the following keywords are unknown and will be ignored: [$id, examples]
    level: "warning"
    schema: {"loadingURI":"#","pointer":"/items/properties/photoUrls/items"}
    domain: "syntax"
    ignored: ["$id","examples"]
warning: the following keywords are unknown and will be ignored: [$id, examples]
    level: "warning"
    schema: {"loadingURI":"#","pointer":"/items/properties/status"}
    domain: "syntax"
    ignored: ["$id","examples"]
warning: the following keywords are unknown and will be ignored: [$id]
    level: "warning"
    schema: {"loadingURI":"#","pointer":"/items/properties/tags"}
    domain: "syntax"
    ignored: ["$id"]
warning: the following keywords are unknown and will be ignored: [$id]
    level: "warning"
    schema: {"loadingURI":"#","pointer":"/items/properties/tags/items"}
    domain: "syntax"
    ignored: ["$id"]
warning: the following keywords are unknown and will be ignored: [$id, examples]
    level: "warning"
    schema: {"loadingURI":"#","pointer":"/items/properties/tags/items/properties/id"}
    domain: "syntax"
    ignored: ["$id","examples"]
warning: the following keywords are unknown and will be ignored: [$id, examples]
    level: "warning"
    schema: {"loadingURI":"#","pointer":"/items/properties/tags/items/properties/name"}
    domain: "syntax"
    ignored: ["$id","examples"]
warning: the following keywords are unknown and will be ignored: [$id]
    level: "warning"
    schema: {"loadingURI":"#","pointer":"/items"}
    domain: "syntax"
    ignored: ["$id"]
warning: the following keywords are unknown and will be ignored: [$id]
    level: "warning"
    schema: {"loadingURI":"#","pointer":"/items/properties/category"}
    domain: "syntax"
    ignored: ["$id"]
warning: the following keywords are unknown and will be ignored: [$id, examples]
    level: "warning"
    schema: {"loadingURI":"#","pointer":"/items/properties/category/properties/id"}
    domain: "syntax"
    ignored: ["$id","examples"]
warning: the following keywords are unknown and will be ignored: [$id, examples]
    level: "warning"
    schema: {"loadingURI":"#","pointer":"/items/properties/category/properties/name"}
    domain: "syntax"
    ignored: ["$id","examples"]
warning: the following keywords are unknown and will be ignored: [$id, examples]
    level: "warning"
    schema: {"loadingURI":"#","pointer":"/items/properties/id"}
    domain: "syntax"
    ignored: ["$id","examples"]
warning: the following keywords are unknown and will be ignored: [$id, examples]
    level: "warning"
    schema: {"loadingURI":"#","pointer":"/items/properties/name"}
    domain: "syntax"
    ignored: ["$id","examples"]
warning: the following keywords are unknown and will be ignored: [$id]
    level: "warning"
    schema: {"loadingURI":"#","pointer":"/items/properties/photoUrls"}
    domain: "syntax"
    ignored: ["$id"]
warning: the following keywords are unknown and will be ignored: [$id, examples]
    level: "warning"
    schema: {"loadingURI":"#","pointer":"/items/properties/photoUrls/items"}
    domain: "syntax"
    ignored: ["$id","examples"]
warning: the following keywords are unknown and will be ignored: [$id, examples]
    level: "warning"
    schema: {"loadingURI":"#","pointer":"/items/properties/status"}
    domain: "syntax"
    ignored: ["$id","examples"]
warning: the following keywords are unknown and will be ignored: [$id]
    level: "warning"
    schema: {"loadingURI":"#","pointer":"/items/properties/tags"}
    domain: "syntax"
    ignored: ["$id"]
warning: the following keywords are unknown and will be ignored: [$id]
    level: "warning"
    schema: {"loadingURI":"#","pointer":"/items/properties/tags/items"}
    domain: "syntax"
    ignored: ["$id"]
warning: the following keywords are unknown and will be ignored: [$id, examples]
    level: "warning"
    schema: {"loadingURI":"#","pointer":"/items/properties/tags/items/properties/id"}
    domain: "syntax"
    ignored: ["$id","examples"]
warning: the following keywords are unknown and will be ignored: [$id, examples]
    level: "warning"
    schema: {"loadingURI":"#","pointer":"/items/properties/tags/items/properties/name"}
    domain: "syntax"
    ignored: ["$id","examples"]
warning: the following keywords are unknown and will be ignored: [$id]
    level: "warning"
    schema: {"loadingURI":"#","pointer":"/items"}
    domain: "syntax"
    ignored: ["$id"]
warning: the following keywords are unknown and will be ignored: [$id]
    level: "warning"
    schema: {"loadingURI":"#","pointer":"/items/properties/category"}
    domain: "syntax"
    ignored: ["$id"]
warning: the following keywords are unknown and will be ignored: [$id, examples]
    level: "warning"
    schema: {"loadingURI":"#","pointer":"/items/properties/category/properties/id"}
    domain: "syntax"
    ignored: ["$id","examples"]
warning: the following keywords are unknown and will be ignored: [$id, examples]
    level: "warning"
    schema: {"loadingURI":"#","pointer":"/items/properties/category/properties/name"}
    domain: "syntax"
    ignored: ["$id","examples"]
warning: the following keywords are unknown and will be ignored: [$id, examples]
    level: "warning"
    schema: {"loadingURI":"#","pointer":"/items/properties/id"}
    domain: "syntax"
    ignored: ["$id","examples"]
warning: the following keywords are unknown and will be ignored: [$id, examples]
    level: "warning"
    schema: {"loadingURI":"#","pointer":"/items/properties/name"}
    domain: "syntax"
    ignored: ["$id","examples"]
warning: the following keywords are unknown and will be ignored: [$id]
    level: "warning"
    schema: {"loadingURI":"#","pointer":"/items/properties/photoUrls"}
    domain: "syntax"
    ignored: ["$id"]
warning: the following keywords are unknown and will be ignored: [$id, examples]
    level: "warning"
    schema: {"loadingURI":"#","pointer":"/items/properties/photoUrls/items"}
    domain: "syntax"
    ignored: ["$id","examples"]
warning: the following keywords are unknown and will be ignored: [$id, examples]
    level: "warning"
    schema: {"loadingURI":"#","pointer":"/items/properties/status"}
    domain: "syntax"
    ignored: ["$id","examples"]
warning: the following keywords are unknown and will be ignored: [$id]
    level: "warning"
    schema: {"loadingURI":"#","pointer":"/items/properties/tags"}
    domain: "syntax"
    ignored: ["$id"]
warning: the following keywords are unknown and will be ignored: [$id]
    level: "warning"
    schema: {"loadingURI":"#","pointer":"/items/properties/tags/items"}
    domain: "syntax"
    ignored: ["$id"]
warning: the following keywords are unknown and will be ignored: [$id, examples]
    level: "warning"
    schema: {"loadingURI":"#","pointer":"/items/properties/tags/items/properties/id"}
    domain: "syntax"
    ignored: ["$id","examples"]
warning: the following keywords are unknown and will be ignored: [$id, examples]
    level: "warning"
    schema: {"loadingURI":"#","pointer":"/items/properties/tags/items/properties/name"}
    domain: "syntax"
    ignored: ["$id","examples"]
warning: the following keywords are unknown and will be ignored: [$id]
    level: "warning"
    schema: {"loadingURI":"#","pointer":"/items"}
    domain: "syntax"
    ignored: ["$id"]
warning: the following keywords are unknown and will be ignored: [$id]
    level: "warning"
    schema: {"loadingURI":"#","pointer":"/items/properties/category"}
    domain: "syntax"
    ignored: ["$id"]
warning: the following keywords are unknown and will be ignored: [$id, examples]
    level: "warning"
    schema: {"loadingURI":"#","pointer":"/items/properties/category/properties/id"}
    domain: "syntax"
    ignored: ["$id","examples"]
warning: the following keywords are unknown and will be ignored: [$id, examples]
    level: "warning"
    schema: {"loadingURI":"#","pointer":"/items/properties/category/properties/name"}
    domain: "syntax"
    ignored: ["$id","examples"]
warning: the following keywords are unknown and will be ignored: [$id, examples]
    level: "warning"
    schema: {"loadingURI":"#","pointer":"/items/properties/id"}
    domain: "syntax"
    ignored: ["$id","examples"]
warning: the following keywords are unknown and will be ignored: [$id, examples]
    level: "warning"
    schema: {"loadingURI":"#","pointer":"/items/properties/name"}
    domain: "syntax"
    ignored: ["$id","examples"]
warning: the following keywords are unknown and will be ignored: [$id]
    level: "warning"
    schema: {"loadingURI":"#","pointer":"/items/properties/photoUrls"}
    domain: "syntax"
    ignored: ["$id"]
warning: the following keywords are unknown and will be ignored: [$id, examples]
    level: "warning"
    schema: {"loadingURI":"#","pointer":"/items/properties/photoUrls/items"}
    domain: "syntax"
    ignored: ["$id","examples"]
warning: the following keywords are unknown and will be ignored: [$id, examples]
    level: "warning"
    schema: {"loadingURI":"#","pointer":"/items/properties/status"}
    domain: "syntax"
    ignored: ["$id","examples"]
warning: the following keywords are unknown and will be ignored: [$id]
    level: "warning"
    schema: {"loadingURI":"#","pointer":"/items/properties/tags"}
    domain: "syntax"
    ignored: ["$id"]
warning: the following keywords are unknown and will be ignored: [$id]
    level: "warning"
    schema: {"loadingURI":"#","pointer":"/items/properties/tags/items"}
    domain: "syntax"
    ignored: ["$id"]
warning: the following keywords are unknown and will be ignored: [$id, examples]
    level: "warning"
    schema: {"loadingURI":"#","pointer":"/items/properties/tags/items/properties/id"}
    domain: "syntax"
    ignored: ["$id","examples"]
warning: the following keywords are unknown and will be ignored: [$id, examples]
    level: "warning"
    schema: {"loadingURI":"#","pointer":"/items/properties/tags/items/properties/name"}
    domain: "syntax"
    ignored: ["$id","examples"]
warning: the following keywords are unknown and will be ignored: [$id]
    level: "warning"
    schema: {"loadingURI":"#","pointer":"/items"}
    domain: "syntax"
    ignored: ["$id"]
warning: the following keywords are unknown and will be ignored: [$id]
    level: "warning"
    schema: {"loadingURI":"#","pointer":"/items/properties/category"}
    domain: "syntax"
    ignored: ["$id"]
warning: the following keywords are unknown and will be ignored: [$id, examples]
    level: "warning"
    schema: {"loadingURI":"#","pointer":"/items/properties/category/properties/id"}
    domain: "syntax"
    ignored: ["$id","examples"]
warning: the following keywords are unknown and will be ignored: [$id, examples]
    level: "warning"
    schema: {"loadingURI":"#","pointer":"/items/properties/category/properties/name"}
    domain: "syntax"
    ignored: ["$id","examples"]
warning: the following keywords are unknown and will be ignored: [$id, examples]
    level: "warning"
    schema: {"loadingURI":"#","pointer":"/items/properties/id"}
    domain: "syntax"
    ignored: ["$id","examples"]
warning: the following keywords are unknown and will be ignored: [$id, examples]
    level: "warning"
    schema: {"loadingURI":"#","pointer":"/items/properties/name"}
    domain: "syntax"
    ignored: ["$id","examples"]
warning: the following keywords are unknown and will be ignored: [$id]
    level: "warning"
    schema: {"loadingURI":"#","pointer":"/items/properties/photoUrls"}
    domain: "syntax"
    ignored: ["$id"]
warning: the following keywords are unknown and will be ignored: [$id, examples]
    level: "warning"
    schema: {"loadingURI":"#","pointer":"/items/properties/photoUrls/items"}
    domain: "syntax"
    ignored: ["$id","examples"]
warning: the following keywords are unknown and will be ignored: [$id, examples]
    level: "warning"
    schema: {"loadingURI":"#","pointer":"/items/properties/status"}
    domain: "syntax"
    ignored: ["$id","examples"]
warning: the following keywords are unknown and will be ignored: [$id]
    level: "warning"
    schema: {"loadingURI":"#","pointer":"/items/properties/tags"}
    domain: "syntax"
    ignored: ["$id"]
warning: the following keywords are unknown and will be ignored: [$id]
    level: "warning"
    schema: {"loadingURI":"#","pointer":"/items/properties/tags/items"}
    domain: "syntax"
    ignored: ["$id"]
warning: the following keywords are unknown and will be ignored: [$id, examples]
    level: "warning"
    schema: {"loadingURI":"#","pointer":"/items/properties/tags/items/properties/id"}
    domain: "syntax"
    ignored: ["$id","examples"]
warning: the following keywords are unknown and will be ignored: [$id, examples]
    level: "warning"
    schema: {"loadingURI":"#","pointer":"/items/properties/tags/items/properties/name"}
    domain: "syntax"
    ignored: ["$id","examples"]
warning: the following keywords are unknown and will be ignored: [$id]
    level: "warning"
    schema: {"loadingURI":"#","pointer":"/items"}
    domain: "syntax"
    ignored: ["$id"]
warning: the following keywords are unknown and will be ignored: [$id]
    level: "warning"
    schema: {"loadingURI":"#","pointer":"/items/properties/category"}
    domain: "syntax"
    ignored: ["$id"]
warning: the following keywords are unknown and will be ignored: [$id, examples]
    level: "warning"
    schema: {"loadingURI":"#","pointer":"/items/properties/category/properties/id"}
    domain: "syntax"
    ignored: ["$id","examples"]
warning: the following keywords are unknown and will be ignored: [$id, examples]
    level: "warning"
    schema: {"loadingURI":"#","pointer":"/items/properties/category/properties/name"}
    domain: "syntax"
    ignored: ["$id","examples"]
warning: the following keywords are unknown and will be ignored: [$id, examples]
    level: "warning"
    schema: {"loadingURI":"#","pointer":"/items/properties/id"}
    domain: "syntax"
    ignored: ["$id","examples"]
warning: the following keywords are unknown and will be ignored: [$id, examples]
    level: "warning"
    schema: {"loadingURI":"#","pointer":"/items/properties/name"}
    domain: "syntax"
    ignored: ["$id","examples"]
warning: the following keywords are unknown and will be ignored: [$id]
    level: "warning"
    schema: {"loadingURI":"#","pointer":"/items/properties/photoUrls"}
    domain: "syntax"
    ignored: ["$id"]
warning: the following keywords are unknown and will be ignored: [$id, examples]
    level: "warning"
    schema: {"loadingURI":"#","pointer":"/items/properties/photoUrls/items"}
    domain: "syntax"
    ignored: ["$id","examples"]
warning: the following keywords are unknown and will be ignored: [$id, examples]
    level: "warning"
    schema: {"loadingURI":"#","pointer":"/items/properties/status"}
    domain: "syntax"
    ignored: ["$id","examples"]
warning: the following keywords are unknown and will be ignored: [$id]
    level: "warning"
    schema: {"loadingURI":"#","pointer":"/items/properties/tags"}
    domain: "syntax"
    ignored: ["$id"]
warning: the following keywords are unknown and will be ignored: [$id]
    level: "warning"
    schema: {"loadingURI":"#","pointer":"/items/properties/tags/items"}
    domain: "syntax"
    ignored: ["$id"]
warning: the following keywords are unknown and will be ignored: [$id, examples]
    level: "warning"
    schema: {"loadingURI":"#","pointer":"/items/properties/tags/items/properties/id"}
    domain: "syntax"
    ignored: ["$id","examples"]
warning: the following keywords are unknown and will be ignored: [$id, examples]
    level: "warning"
    schema: {"loadingURI":"#","pointer":"/items/properties/tags/items/properties/name"}
    domain: "syntax"
    ignored: ["$id","examples"]
warning: the following keywords are unknown and will be ignored: [$id]
    level: "warning"
    schema: {"loadingURI":"#","pointer":"/items"}
    domain: "syntax"
    ignored: ["$id"]
warning: the following keywords are unknown and will be ignored: [$id]
    level: "warning"
    schema: {"loadingURI":"#","pointer":"/items/properties/category"}
    domain: "syntax"
    ignored: ["$id"]
warning: the following keywords are unknown and will be ignored: [$id, examples]
    level: "warning"
    schema: {"loadingURI":"#","pointer":"/items/properties/category/properties/id"}
    domain: "syntax"
    ignored: ["$id","examples"]
warning: the following keywords are unknown and will be ignored: [$id, examples]
    level: "warning"
    schema: {"loadingURI":"#","pointer":"/items/properties/category/properties/name"}
    domain: "syntax"
    ignored: ["$id","examples"]
warning: the following keywords are unknown and will be ignored: [$id, examples]
    level: "warning"
    schema: {"loadingURI":"#","pointer":"/items/properties/id"}
    domain: "syntax"
    ignored: ["$id","examples"]
warning: the following keywords are unknown and will be ignored: [$id, examples]
    level: "warning"
    schema: {"loadingURI":"#","pointer":"/items/properties/name"}
    domain: "syntax"
    ignored: ["$id","examples"]
warning: the following keywords are unknown and will be ignored: [$id]
    level: "warning"
    schema: {"loadingURI":"#","pointer":"/items/properties/photoUrls"}
    domain: "syntax"
    ignored: ["$id"]
warning: the following keywords are unknown and will be ignored: [$id, examples]
    level: "warning"
    schema: {"loadingURI":"#","pointer":"/items/properties/photoUrls/items"}
    domain: "syntax"
    ignored: ["$id","examples"]
warning: the following keywords are unknown and will be ignored: [$id, examples]
    level: "warning"
    schema: {"loadingURI":"#","pointer":"/items/properties/status"}
    domain: "syntax"
    ignored: ["$id","examples"]
warning: the following keywords are unknown and will be ignored: [$id]
    level: "warning"
    schema: {"loadingURI":"#","pointer":"/items/properties/tags"}
    domain: "syntax"
    ignored: ["$id"]
warning: the following keywords are unknown and will be ignored: [$id]
    level: "warning"
    schema: {"loadingURI":"#","pointer":"/items/properties/tags/items"}
    domain: "syntax"
    ignored: ["$id"]
warning: the following keywords are unknown and will be ignored: [$id, examples]
    level: "warning"
    schema: {"loadingURI":"#","pointer":"/items/properties/tags/items/properties/id"}
    domain: "syntax"
    ignored: ["$id","examples"]
warning: the following keywords are unknown and will be ignored: [$id, examples]
    level: "warning"
    schema: {"loadingURI":"#","pointer":"/items/properties/tags/items/properties/name"}
    domain: "syntax"
    ignored: ["$id","examples"]
warning: the following keywords are unknown and will be ignored: [$id]
    level: "warning"
    schema: {"loadingURI":"#","pointer":"/items"}
    domain: "syntax"
    ignored: ["$id"]
warning: the following keywords are unknown and will be ignored: [$id]
    level: "warning"
    schema: {"loadingURI":"#","pointer":"/items/properties/category"}
    domain: "syntax"
    ignored: ["$id"]
warning: the following keywords are unknown and will be ignored: [$id, examples]
    level: "warning"
    schema: {"loadingURI":"#","pointer":"/items/properties/category/properties/id"}
    domain: "syntax"
    ignored: ["$id","examples"]
warning: the following keywords are unknown and will be ignored: [$id, examples]
    level: "warning"
    schema: {"loadingURI":"#","pointer":"/items/properties/category/properties/name"}
    domain: "syntax"
    ignored: ["$id","examples"]
warning: the following keywords are unknown and will be ignored: [$id, examples]
    level: "warning"
    schema: {"loadingURI":"#","pointer":"/items/properties/id"}
    domain: "syntax"
    ignored: ["$id","examples"]
warning: the following keywords are unknown and will be ignored: [$id, examples]
    level: "warning"
    schema: {"loadingURI":"#","pointer":"/items/properties/name"}
    domain: "syntax"
    ignored: ["$id","examples"]
warning: the following keywords are unknown and will be ignored: [$id]
    level: "warning"
    schema: {"loadingURI":"#","pointer":"/items/properties/photoUrls"}
    domain: "syntax"
    ignored: ["$id"]
warning: the following keywords are unknown and will be ignored: [$id, examples]
    level: "warning"
    schema: {"loadingURI":"#","pointer":"/items/properties/photoUrls/items"}
    domain: "syntax"
    ignored: ["$id","examples"]
warning: the following keywords are unknown and will be ignored: [$id, examples]
    level: "warning"
    schema: {"loadingURI":"#","pointer":"/items/properties/status"}
    domain: "syntax"
    ignored: ["$id","examples"]
warning: the following keywords are unknown and will be ignored: [$id]
    level: "warning"
    schema: {"loadingURI":"#","pointer":"/items/properties/tags"}
    domain: "syntax"
    ignored: ["$id"]
warning: the following keywords are unknown and will be ignored: [$id]
    level: "warning"
    schema: {"loadingURI":"#","pointer":"/items/properties/tags/items"}
    domain: "syntax"
    ignored: ["$id"]
warning: the following keywords are unknown and will be ignored: [$id, examples]
    level: "warning"
    schema: {"loadingURI":"#","pointer":"/items/properties/tags/items/properties/id"}
    domain: "syntax"
    ignored: ["$id","examples"]
warning: the following keywords are unknown and will be ignored: [$id, examples]
    level: "warning"
    schema: {"loadingURI":"#","pointer":"/items/properties/tags/items/properties/name"}
    domain: "syntax"
    ignored: ["$id","examples"]
warning: the following keywords are unknown and will be ignored: [$id]
    level: "warning"
    schema: {"loadingURI":"#","pointer":"/items"}
    domain: "syntax"
    ignored: ["$id"]
warning: the following keywords are unknown and will be ignored: [$id]
    level: "warning"
    schema: {"loadingURI":"#","pointer":"/items/properties/category"}
    domain: "syntax"
    ignored: ["$id"]
warning: the following keywords are unknown and will be ignored: [$id, examples]
    level: "warning"
    schema: {"loadingURI":"#","pointer":"/items/properties/category/properties/id"}
    domain: "syntax"
    ignored: ["$id","examples"]
warning: the following keywords are unknown and will be ignored: [$id, examples]
    level: "warning"
    schema: {"loadingURI":"#","pointer":"/items/properties/category/properties/name"}
    domain: "syntax"
    ignored: ["$id","examples"]
warning: the following keywords are unknown and will be ignored: [$id, examples]
    level: "warning"
    schema: {"loadingURI":"#","pointer":"/items/properties/id"}
    domain: "syntax"
    ignored: ["$id","examples"]
warning: the following keywords are unknown and will be ignored: [$id, examples]
    level: "warning"
    schema: {"loadingURI":"#","pointer":"/items/properties/name"}
    domain: "syntax"
    ignored: ["$id","examples"]
warning: the following keywords are unknown and will be ignored: [$id]
    level: "warning"
    schema: {"loadingURI":"#","pointer":"/items/properties/photoUrls"}
    domain: "syntax"
    ignored: ["$id"]
warning: the following keywords are unknown and will be ignored: [$id, examples]
    level: "warning"
    schema: {"loadingURI":"#","pointer":"/items/properties/photoUrls/items"}
    domain: "syntax"
    ignored: ["$id","examples"]
warning: the following keywords are unknown and will be ignored: [$id, examples]
    level: "warning"
    schema: {"loadingURI":"#","pointer":"/items/properties/status"}
    domain: "syntax"
    ignored: ["$id","examples"]
warning: the following keywords are unknown and will be ignored: [$id]
    level: "warning"
    schema: {"loadingURI":"#","pointer":"/items/properties/tags"}
    domain: "syntax"
    ignored: ["$id"]
warning: the following keywords are unknown and will be ignored: [$id]
    level: "warning"
    schema: {"loadingURI":"#","pointer":"/items/properties/tags/items"}
    domain: "syntax"
    ignored: ["$id"]
warning: the following keywords are unknown and will be ignored: [$id, examples]
    level: "warning"
    schema: {"loadingURI":"#","pointer":"/items/properties/tags/items/properties/id"}
    domain: "syntax"
    ignored: ["$id","examples"]
warning: the following keywords are unknown and will be ignored: [$id, examples]
    level: "warning"
    schema: {"loadingURI":"#","pointer":"/items/properties/tags/items/properties/name"}
    domain: "syntax"
    ignored: ["$id","examples"]
warning: the following keywords are unknown and will be ignored: [$id]
    level: "warning"
    schema: {"loadingURI":"#","pointer":"/items"}
    domain: "syntax"
    ignored: ["$id"]
warning: the following keywords are unknown and will be ignored: [$id]
    level: "warning"
    schema: {"loadingURI":"#","pointer":"/items/properties/category"}
    domain: "syntax"
    ignored: ["$id"]
warning: the following keywords are unknown and will be ignored: [$id, examples]
    level: "warning"
    schema: {"loadingURI":"#","pointer":"/items/properties/category/properties/id"}
    domain: "syntax"
    ignored: ["$id","examples"]
warning: the following keywords are unknown and will be ignored: [$id, examples]
    level: "warning"
    schema: {"loadingURI":"#","pointer":"/items/properties/category/properties/name"}
    domain: "syntax"
    ignored: ["$id","examples"]
warning: the following keywords are unknown and will be ignored: [$id, examples]
    level: "warning"
    schema: {"loadingURI":"#","pointer":"/items/properties/id"}
    domain: "syntax"
    ignored: ["$id","examples"]
warning: the following keywords are unknown and will be ignored: [$id, examples]
    level: "warning"
    schema: {"loadingURI":"#","pointer":"/items/properties/name"}
    domain: "syntax"
    ignored: ["$id","examples"]
warning: the following keywords are unknown and will be ignored: [$id]
    level: "warning"
    schema: {"loadingURI":"#","pointer":"/items/properties/photoUrls"}
    domain: "syntax"
    ignored: ["$id"]
warning: the following keywords are unknown and will be ignored: [$id, examples]
    level: "warning"
    schema: {"loadingURI":"#","pointer":"/items/properties/photoUrls/items"}
    domain: "syntax"
    ignored: ["$id","examples"]
warning: the following keywords are unknown and will be ignored: [$id, examples]
    level: "warning"
    schema: {"loadingURI":"#","pointer":"/items/properties/status"}
    domain: "syntax"
    ignored: ["$id","examples"]
warning: the following keywords are unknown and will be ignored: [$id]
    level: "warning"
    schema: {"loadingURI":"#","pointer":"/items/properties/tags"}
    domain: "syntax"
    ignored: ["$id"]
warning: the following keywords are unknown and will be ignored: [$id]
    level: "warning"
    schema: {"loadingURI":"#","pointer":"/items/properties/tags/items"}
    domain: "syntax"
    ignored: ["$id"]
warning: the following keywords are unknown and will be ignored: [$id, examples]
    level: "warning"
    schema: {"loadingURI":"#","pointer":"/items/properties/tags/items/properties/id"}
    domain: "syntax"
    ignored: ["$id","examples"]
warning: the following keywords are unknown and will be ignored: [$id, examples]
    level: "warning"
    schema: {"loadingURI":"#","pointer":"/items/properties/tags/items/properties/name"}
    domain: "syntax"
    ignored: ["$id","examples"]
warning: the following keywords are unknown and will be ignored: [$id]
    level: "warning"
    schema: {"loadingURI":"#","pointer":"/items"}
    domain: "syntax"
    ignored: ["$id"]
warning: the following keywords are unknown and will be ignored: [$id]
    level: "warning"
    schema: {"loadingURI":"#","pointer":"/items/properties/category"}
    domain: "syntax"
    ignored: ["$id"]
warning: the following keywords are unknown and will be ignored: [$id, examples]
    level: "warning"
    schema: {"loadingURI":"#","pointer":"/items/properties/category/properties/id"}
    domain: "syntax"
    ignored: ["$id","examples"]
warning: the following keywords are unknown and will be ignored: [$id, examples]
    level: "warning"
    schema: {"loadingURI":"#","pointer":"/items/properties/category/properties/name"}
    domain: "syntax"
    ignored: ["$id","examples"]
warning: the following keywords are unknown and will be ignored: [$id, examples]
    level: "warning"
    schema: {"loadingURI":"#","pointer":"/items/properties/id"}
    domain: "syntax"
    ignored: ["$id","examples"]
warning: the following keywords are unknown and will be ignored: [$id, examples]
    level: "warning"
    schema: {"loadingURI":"#","pointer":"/items/properties/name"}
    domain: "syntax"
    ignored: ["$id","examples"]
warning: the following keywords are unknown and will be ignored: [$id]
    level: "warning"
    schema: {"loadingURI":"#","pointer":"/items/properties/photoUrls"}
    domain: "syntax"
    ignored: ["$id"]
warning: the following keywords are unknown and will be ignored: [$id, examples]
    level: "warning"
    schema: {"loadingURI":"#","pointer":"/items/properties/photoUrls/items"}
    domain: "syntax"
    ignored: ["$id","examples"]
warning: the following keywords are unknown and will be ignored: [$id, examples]
    level: "warning"
    schema: {"loadingURI":"#","pointer":"/items/properties/status"}
    domain: "syntax"
    ignored: ["$id","examples"]
warning: the following keywords are unknown and will be ignored: [$id]
    level: "warning"
    schema: {"loadingURI":"#","pointer":"/items/properties/tags"}
    domain: "syntax"
    ignored: ["$id"]
warning: the following keywords are unknown and will be ignored: [$id]
    level: "warning"
    schema: {"loadingURI":"#","pointer":"/items/properties/tags/items"}
    domain: "syntax"
    ignored: ["$id"]
warning: the following keywords are unknown and will be ignored: [$id, examples]
    level: "warning"
    schema: {"loadingURI":"#","pointer":"/items/properties/tags/items/properties/id"}
    domain: "syntax"
    ignored: ["$id","examples"]
warning: the following keywords are unknown and will be ignored: [$id, examples]
    level: "warning"
    schema: {"loadingURI":"#","pointer":"/items/properties/tags/items/properties/name"}
    domain: "syntax"
    ignored: ["$id","examples"]
warning: the following keywords are unknown and will be ignored: [$id]
    level: "warning"
    schema: {"loadingURI":"#","pointer":"/items"}
    domain: "syntax"
    ignored: ["$id"]
warning: the following keywords are unknown and will be ignored: [$id]
    level: "warning"
    schema: {"loadingURI":"#","pointer":"/items/properties/category"}
    domain: "syntax"
    ignored: ["$id"]
warning: the following keywords are unknown and will be ignored: [$id, examples]
    level: "warning"
    schema: {"loadingURI":"#","pointer":"/items/properties/category/properties/id"}
    domain: "syntax"
    ignored: ["$id","examples"]
warning: the following keywords are unknown and will be ignored: [$id, examples]
    level: "warning"
    schema: {"loadingURI":"#","pointer":"/items/properties/category/properties/name"}
    domain: "syntax"
    ignored: ["$id","examples"]
warning: the following keywords are unknown and will be ignored: [$id, examples]
    level: "warning"
    schema: {"loadingURI":"#","pointer":"/items/properties/id"}
    domain: "syntax"
    ignored: ["$id","examples"]
warning: the following keywords are unknown and will be ignored: [$id, examples]
    level: "warning"
    schema: {"loadingURI":"#","pointer":"/items/properties/name"}
    domain: "syntax"
    ignored: ["$id","examples"]
warning: the following keywords are unknown and will be ignored: [$id]
    level: "warning"
    schema: {"loadingURI":"#","pointer":"/items/properties/photoUrls"}
    domain: "syntax"
    ignored: ["$id"]
warning: the following keywords are unknown and will be ignored: [$id, examples]
    level: "warning"
    schema: {"loadingURI":"#","pointer":"/items/properties/photoUrls/items"}
    domain: "syntax"
    ignored: ["$id","examples"]
warning: the following keywords are unknown and will be ignored: [$id, examples]
    level: "warning"
    schema: {"loadingURI":"#","pointer":"/items/properties/status"}
    domain: "syntax"
    ignored: ["$id","examples"]
warning: the following keywords are unknown and will be ignored: [$id]
    level: "warning"
    schema: {"loadingURI":"#","pointer":"/items/properties/tags"}
    domain: "syntax"
    ignored: ["$id"]
warning: the following keywords are unknown and will be ignored: [$id]
    level: "warning"
    schema: {"loadingURI":"#","pointer":"/items/properties/tags/items"}
    domain: "syntax"
    ignored: ["$id"]
warning: the following keywords are unknown and will be ignored: [$id, examples]
    level: "warning"
    schema: {"loadingURI":"#","pointer":"/items/properties/tags/items/properties/id"}
    domain: "syntax"
    ignored: ["$id","examples"]
warning: the following keywords are unknown and will be ignored: [$id, examples]
    level: "warning"
    schema: {"loadingURI":"#","pointer":"/items/properties/tags/items/properties/name"}
    domain: "syntax"
    ignored: ["$id","examples"]
warning: the following keywords are unknown and will be ignored: [$id]
    level: "warning"
    schema: {"loadingURI":"#","pointer":"/items"}
    domain: "syntax"
    ignored: ["$id"]
warning: the following keywords are unknown and will be ignored: [$id]
    level: "warning"
    schema: {"loadingURI":"#","pointer":"/items/properties/category"}
    domain: "syntax"
    ignored: ["$id"]
warning: the following keywords are unknown and will be ignored: [$id, examples]
    level: "warning"
    schema: {"loadingURI":"#","pointer":"/items/properties/category/properties/id"}
    domain: "syntax"
    ignored: ["$id","examples"]
warning: the following keywords are unknown and will be ignored: [$id, examples]
    level: "warning"
    schema: {"loadingURI":"#","pointer":"/items/properties/category/properties/name"}
    domain: "syntax"
    ignored: ["$id","examples"]
warning: the following keywords are unknown and will be ignored: [$id, examples]
    level: "warning"
    schema: {"loadingURI":"#","pointer":"/items/properties/id"}
    domain: "syntax"
    ignored: ["$id","examples"]
warning: the following keywords are unknown and will be ignored: [$id, examples]
    level: "warning"
    schema: {"loadingURI":"#","pointer":"/items/properties/name"}
    domain: "syntax"
    ignored: ["$id","examples"]
warning: the following keywords are unknown and will be ignored: [$id]
    level: "warning"
    schema: {"loadingURI":"#","pointer":"/items/properties/photoUrls"}
    domain: "syntax"
    ignored: ["$id"]
warning: the following keywords are unknown and will be ignored: [$id, examples]
    level: "warning"
    schema: {"loadingURI":"#","pointer":"/items/properties/photoUrls/items"}
    domain: "syntax"
    ignored: ["$id","examples"]
warning: the following keywords are unknown and will be ignored: [$id, examples]
    level: "warning"
    schema: {"loadingURI":"#","pointer":"/items/properties/status"}
    domain: "syntax"
    ignored: ["$id","examples"]
warning: the following keywords are unknown and will be ignored: [$id]
    level: "warning"
    schema: {"loadingURI":"#","pointer":"/items/properties/tags"}
    domain: "syntax"
    ignored: ["$id"]
warning: the following keywords are unknown and will be ignored: [$id]
    level: "warning"
    schema: {"loadingURI":"#","pointer":"/items/properties/tags/items"}
    domain: "syntax"
    ignored: ["$id"]
warning: the following keywords are unknown and will be ignored: [$id, examples]
    level: "warning"
    schema: {"loadingURI":"#","pointer":"/items/properties/tags/items/properties/id"}
    domain: "syntax"
    ignored: ["$id","examples"]
warning: the following keywords are unknown and will be ignored: [$id, examples]
    level: "warning"
    schema: {"loadingURI":"#","pointer":"/items/properties/tags/items/properties/name"}
    domain: "syntax"
    ignored: ["$id","examples"]
warning: the following keywords are unknown and will be ignored: [$id]
    level: "warning"
    schema: {"loadingURI":"#","pointer":"/items"}
    domain: "syntax"
    ignored: ["$id"]
warning: the following keywords are unknown and will be ignored: [$id]
    level: "warning"
    schema: {"loadingURI":"#","pointer":"/items/properties/category"}
    domain: "syntax"
    ignored: ["$id"]
warning: the following keywords are unknown and will be ignored: [$id, examples]
    level: "warning"
    schema: {"loadingURI":"#","pointer":"/items/properties/category/properties/id"}
    domain: "syntax"
    ignored: ["$id","examples"]
warning: the following keywords are unknown and will be ignored: [$id, examples]
    level: "warning"
    schema: {"loadingURI":"#","pointer":"/items/properties/category/properties/name"}
    domain: "syntax"
    ignored: ["$id","examples"]
warning: the following keywords are unknown and will be ignored: [$id, examples]
    level: "warning"
    schema: {"loadingURI":"#","pointer":"/items/properties/id"}
    domain: "syntax"
    ignored: ["$id","examples"]
warning: the following keywords are unknown and will be ignored: [$id, examples]
    level: "warning"
    schema: {"loadingURI":"#","pointer":"/items/properties/name"}
    domain: "syntax"
    ignored: ["$id","examples"]
warning: the following keywords are unknown and will be ignored: [$id]
    level: "warning"
    schema: {"loadingURI":"#","pointer":"/items/properties/photoUrls"}
    domain: "syntax"
    ignored: ["$id"]
warning: the following keywords are unknown and will be ignored: [$id, examples]
    level: "warning"
    schema: {"loadingURI":"#","pointer":"/items/properties/photoUrls/items"}
    domain: "syntax"
    ignored: ["$id","examples"]
warning: the following keywords are unknown and will be ignored: [$id, examples]
    level: "warning"
    schema: {"loadingURI":"#","pointer":"/items/properties/status"}
    domain: "syntax"
    ignored: ["$id","examples"]
warning: the following keywords are unknown and will be ignored: [$id]
    level: "warning"
    schema: {"loadingURI":"#","pointer":"/items/properties/tags"}
    domain: "syntax"
    ignored: ["$id"]
warning: the following keywords are unknown and will be ignored: [$id]
    level: "warning"
    schema: {"loadingURI":"#","pointer":"/items/properties/tags/items"}
    domain: "syntax"
    ignored: ["$id"]
warning: the following keywords are unknown and will be ignored: [$id, examples]
    level: "warning"
    schema: {"loadingURI":"#","pointer":"/items/properties/tags/items/properties/id"}
    domain: "syntax"
    ignored: ["$id","examples"]
warning: the following keywords are unknown and will be ignored: [$id, examples]
    level: "warning"
    schema: {"loadingURI":"#","pointer":"/items/properties/tags/items/properties/name"}
    domain: "syntax"
    ignored: ["$id","examples"]
warning: the following keywords are unknown and will be ignored: [$id]
    level: "warning"
    schema: {"loadingURI":"#","pointer":"/items"}
    domain: "syntax"
    ignored: ["$id"]
warning: the following keywords are unknown and will be ignored: [$id]
    level: "warning"
    schema: {"loadingURI":"#","pointer":"/items/properties/category"}
    domain: "syntax"
    ignored: ["$id"]
warning: the following keywords are unknown and will be ignored: [$id, examples]
    level: "warning"
    schema: {"loadingURI":"#","pointer":"/items/properties/category/properties/id"}
    domain: "syntax"
    ignored: ["$id","examples"]
warning: the following keywords are unknown and will be ignored: [$id, examples]
    level: "warning"
    schema: {"loadingURI":"#","pointer":"/items/properties/category/properties/name"}
    domain: "syntax"
    ignored: ["$id","examples"]
warning: the following keywords are unknown and will be ignored: [$id, examples]
    level: "warning"
    schema: {"loadingURI":"#","pointer":"/items/properties/id"}
    domain: "syntax"
    ignored: ["$id","examples"]
warning: the following keywords are unknown and will be ignored: [$id, examples]
    level: "warning"
    schema: {"loadingURI":"#","pointer":"/items/properties/name"}
    domain: "syntax"
    ignored: ["$id","examples"]
warning: the following keywords are unknown and will be ignored: [$id]
    level: "warning"
    schema: {"loadingURI":"#","pointer":"/items/properties/photoUrls"}
    domain: "syntax"
    ignored: ["$id"]
warning: the following keywords are unknown and will be ignored: [$id, examples]
    level: "warning"
    schema: {"loadingURI":"#","pointer":"/items/properties/photoUrls/items"}
    domain: "syntax"
    ignored: ["$id","examples"]
warning: the following keywords are unknown and will be ignored: [$id, examples]
    level: "warning"
    schema: {"loadingURI":"#","pointer":"/items/properties/status"}
    domain: "syntax"
    ignored: ["$id","examples"]
warning: the following keywords are unknown and will be ignored: [$id]
    level: "warning"
    schema: {"loadingURI":"#","pointer":"/items/properties/tags"}
    domain: "syntax"
    ignored: ["$id"]
warning: the following keywords are unknown and will be ignored: [$id]
    level: "warning"
    schema: {"loadingURI":"#","pointer":"/items/properties/tags/items"}
    domain: "syntax"
    ignored: ["$id"]
warning: the following keywords are unknown and will be ignored: [$id, examples]
    level: "warning"
    schema: {"loadingURI":"#","pointer":"/items/properties/tags/items/properties/id"}
    domain: "syntax"
    ignored: ["$id","examples"]
warning: the following keywords are unknown and will be ignored: [$id, examples]
    level: "warning"
    schema: {"loadingURI":"#","pointer":"/items/properties/tags/items/properties/name"}
    domain: "syntax"
    ignored: ["$id","examples"]
warning: the following keywords are unknown and will be ignored: [$id]
    level: "warning"
    schema: {"loadingURI":"#","pointer":"/items"}
    domain: "syntax"
    ignored: ["$id"]
warning: the following keywords are unknown and will be ignored: [$id]
    level: "warning"
    schema: {"loadingURI":"#","pointer":"/items/properties/category"}
    domain: "syntax"
    ignored: ["$id"]
warning: the following keywords are unknown and will be ignored: [$id, examples]
    level: "warning"
    schema: {"loadingURI":"#","pointer":"/items/properties/category/properties/id"}
    domain: "syntax"
    ignored: ["$id","examples"]
warning: the following keywords are unknown and will be ignored: [$id, examples]
    level: "warning"
    schema: {"loadingURI":"#","pointer":"/items/properties/category/properties/name"}
    domain: "syntax"
    ignored: ["$id","examples"]
warning: the following keywords are unknown and will be ignored: [$id, examples]
    level: "warning"
    schema: {"loadingURI":"#","pointer":"/items/properties/id"}
    domain: "syntax"
    ignored: ["$id","examples"]
warning: the following keywords are unknown and will be ignored: [$id, examples]
    level: "warning"
    schema: {"loadingURI":"#","pointer":"/items/properties/name"}
    domain: "syntax"
    ignored: ["$id","examples"]
warning: the following keywords are unknown and will be ignored: [$id]
    level: "warning"
    schema: {"loadingURI":"#","pointer":"/items/properties/photoUrls"}
    domain: "syntax"
    ignored: ["$id"]
warning: the following keywords are unknown and will be ignored: [$id, examples]
    level: "warning"
    schema: {"loadingURI":"#","pointer":"/items/properties/photoUrls/items"}
    domain: "syntax"
    ignored: ["$id","examples"]
warning: the following keywords are unknown and will be ignored: [$id, examples]
    level: "warning"
    schema: {"loadingURI":"#","pointer":"/items/properties/status"}
    domain: "syntax"
    ignored: ["$id","examples"]
warning: the following keywords are unknown and will be ignored: [$id]
    level: "warning"
    schema: {"loadingURI":"#","pointer":"/items/properties/tags"}
    domain: "syntax"
    ignored: ["$id"]
warning: the following keywords are unknown and will be ignored: [$id]
    level: "warning"
    schema: {"loadingURI":"#","pointer":"/items/properties/tags/items"}
    domain: "syntax"
    ignored: ["$id"]
warning: the following keywords are unknown and will be ignored: [$id, examples]
    level: "warning"
    schema: {"loadingURI":"#","pointer":"/items/properties/tags/items/properties/id"}
    domain: "syntax"
    ignored: ["$id","examples"]
warning: the following keywords are unknown and will be ignored: [$id, examples]
    level: "warning"
    schema: {"loadingURI":"#","pointer":"/items/properties/tags/items/properties/name"}
    domain: "syntax"
    ignored: ["$id","examples"]
warning: the following keywords are unknown and will be ignored: [$id]
    level: "warning"
    schema: {"loadingURI":"#","pointer":"/items"}
    domain: "syntax"
    ignored: ["$id"]
warning: the following keywords are unknown and will be ignored: [$id]
    level: "warning"
    schema: {"loadingURI":"#","pointer":"/items/properties/category"}
    domain: "syntax"
    ignored: ["$id"]
warning: the following keywords are unknown and will be ignored: [$id, examples]
    level: "warning"
    schema: {"loadingURI":"#","pointer":"/items/properties/category/properties/id"}
    domain: "syntax"
    ignored: ["$id","examples"]
warning: the following keywords are unknown and will be ignored: [$id, examples]
    level: "warning"
    schema: {"loadingURI":"#","pointer":"/items/properties/category/properties/name"}
    domain: "syntax"
    ignored: ["$id","examples"]
warning: the following keywords are unknown and will be ignored: [$id, examples]
    level: "warning"
    schema: {"loadingURI":"#","pointer":"/items/properties/id"}
    domain: "syntax"
    ignored: ["$id","examples"]
warning: the following keywords are unknown and will be ignored: [$id, examples]
    level: "warning"
    schema: {"loadingURI":"#","pointer":"/items/properties/name"}
    domain: "syntax"
    ignored: ["$id","examples"]
warning: the following keywords are unknown and will be ignored: [$id]
    level: "warning"
    schema: {"loadingURI":"#","pointer":"/items/properties/photoUrls"}
    domain: "syntax"
    ignored: ["$id"]
warning: the following keywords are unknown and will be ignored: [$id, examples]
    level: "warning"
    schema: {"loadingURI":"#","pointer":"/items/properties/photoUrls/items"}
    domain: "syntax"
    ignored: ["$id","examples"]
warning: the following keywords are unknown and will be ignored: [$id, examples]
    level: "warning"
    schema: {"loadingURI":"#","pointer":"/items/properties/status"}
    domain: "syntax"
    ignored: ["$id","examples"]
warning: the following keywords are unknown and will be ignored: [$id]
    level: "warning"
    schema: {"loadingURI":"#","pointer":"/items/properties/tags"}
    domain: "syntax"
    ignored: ["$id"]
warning: the following keywords are unknown and will be ignored: [$id]
    level: "warning"
    schema: {"loadingURI":"#","pointer":"/items/properties/tags/items"}
    domain: "syntax"
    ignored: ["$id"]
warning: the following keywords are unknown and will be ignored: [$id, examples]
    level: "warning"
    schema: {"loadingURI":"#","pointer":"/items/properties/tags/items/properties/id"}
    domain: "syntax"
    ignored: ["$id","examples"]
warning: the following keywords are unknown and will be ignored: [$id, examples]
    level: "warning"
    schema: {"loadingURI":"#","pointer":"/items/properties/tags/items/properties/name"}
    domain: "syntax"
    ignored: ["$id","examples"]
warning: the following keywords are unknown and will be ignored: [$id]
    level: "warning"
    schema: {"loadingURI":"#","pointer":"/items"}
    domain: "syntax"
    ignored: ["$id"]
warning: the following keywords are unknown and will be ignored: [$id]
    level: "warning"
    schema: {"loadingURI":"#","pointer":"/items/properties/category"}
    domain: "syntax"
    ignored: ["$id"]
warning: the following keywords are unknown and will be ignored: [$id, examples]
    level: "warning"
    schema: {"loadingURI":"#","pointer":"/items/properties/category/properties/id"}
    domain: "syntax"
    ignored: ["$id","examples"]
warning: the following keywords are unknown and will be ignored: [$id, examples]
    level: "warning"
    schema: {"loadingURI":"#","pointer":"/items/properties/category/properties/name"}
    domain: "syntax"
    ignored: ["$id","examples"]
warning: the following keywords are unknown and will be ignored: [$id, examples]
    level: "warning"
    schema: {"loadingURI":"#","pointer":"/items/properties/id"}
    domain: "syntax"
    ignored: ["$id","examples"]
warning: the following keywords are unknown and will be ignored: [$id, examples]
    level: "warning"
    schema: {"loadingURI":"#","pointer":"/items/properties/name"}
    domain: "syntax"
    ignored: ["$id","examples"]
warning: the following keywords are unknown and will be ignored: [$id]
    level: "warning"
    schema: {"loadingURI":"#","pointer":"/items/properties/photoUrls"}
    domain: "syntax"
    ignored: ["$id"]
warning: the following keywords are unknown and will be ignored: [$id, examples]
    level: "warning"
    schema: {"loadingURI":"#","pointer":"/items/properties/photoUrls/items"}
    domain: "syntax"
    ignored: ["$id","examples"]
warning: the following keywords are unknown and will be ignored: [$id, examples]
    level: "warning"
    schema: {"loadingURI":"#","pointer":"/items/properties/status"}
    domain: "syntax"
    ignored: ["$id","examples"]
warning: the following keywords are unknown and will be ignored: [$id]
    level: "warning"
    schema: {"loadingURI":"#","pointer":"/items/properties/tags"}
    domain: "syntax"
    ignored: ["$id"]
warning: the following keywords are unknown and will be ignored: [$id]
    level: "warning"
    schema: {"loadingURI":"#","pointer":"/items/properties/tags/items"}
    domain: "syntax"
    ignored: ["$id"]
warning: the following keywords are unknown and will be ignored: [$id, examples]
    level: "warning"
    schema: {"loadingURI":"#","pointer":"/items/properties/tags/items/properties/id"}
    domain: "syntax"
    ignored: ["$id","examples"]
warning: the following keywords are unknown and will be ignored: [$id, examples]
    level: "warning"
    schema: {"loadingURI":"#","pointer":"/items/properties/tags/items/properties/name"}
    domain: "syntax"
    ignored: ["$id","examples"]
warning: the following keywords are unknown and will be ignored: [$id]
    level: "warning"
    schema: {"loadingURI":"#","pointer":"/items"}
    domain: "syntax"
    ignored: ["$id"]
warning: the following keywords are unknown and will be ignored: [$id]
    level: "warning"
    schema: {"loadingURI":"#","pointer":"/items/properties/category"}
    domain: "syntax"
    ignored: ["$id"]
warning: the following keywords are unknown and will be ignored: [$id, examples]
    level: "warning"
    schema: {"loadingURI":"#","pointer":"/items/properties/category/properties/id"}
    domain: "syntax"
    ignored: ["$id","examples"]
warning: the following keywords are unknown and will be ignored: [$id, examples]
    level: "warning"
    schema: {"loadingURI":"#","pointer":"/items/properties/category/properties/name"}
    domain: "syntax"
    ignored: ["$id","examples"]
warning: the following keywords are unknown and will be ignored: [$id, examples]
    level: "warning"
    schema: {"loadingURI":"#","pointer":"/items/properties/id"}
    domain: "syntax"
    ignored: ["$id","examples"]
warning: the following keywords are unknown and will be ignored: [$id, examples]
    level: "warning"
    schema: {"loadingURI":"#","pointer":"/items/properties/name"}
    domain: "syntax"
    ignored: ["$id","examples"]
warning: the following keywords are unknown and will be ignored: [$id]
    level: "warning"
    schema: {"loadingURI":"#","pointer":"/items/properties/photoUrls"}
    domain: "syntax"
    ignored: ["$id"]
warning: the following keywords are unknown and will be ignored: [$id, examples]
    level: "warning"
    schema: {"loadingURI":"#","pointer":"/items/properties/photoUrls/items"}
    domain: "syntax"
    ignored: ["$id","examples"]
warning: the following keywords are unknown and will be ignored: [$id, examples]
    level: "warning"
    schema: {"loadingURI":"#","pointer":"/items/properties/status"}
    domain: "syntax"
    ignored: ["$id","examples"]
warning: the following keywords are unknown and will be ignored: [$id]
    level: "warning"
    schema: {"loadingURI":"#","pointer":"/items/properties/tags"}
    domain: "syntax"
    ignored: ["$id"]
warning: the following keywords are unknown and will be ignored: [$id]
    level: "warning"
    schema: {"loadingURI":"#","pointer":"/items/properties/tags/items"}
    domain: "syntax"
    ignored: ["$id"]
warning: the following keywords are unknown and will be ignored: [$id, examples]
    level: "warning"
    schema: {"loadingURI":"#","pointer":"/items/properties/tags/items/properties/id"}
    domain: "syntax"
    ignored: ["$id","examples"]
warning: the following keywords are unknown and will be ignored: [$id, examples]
    level: "warning"
    schema: {"loadingURI":"#","pointer":"/items/properties/tags/items/properties/name"}
    domain: "syntax"
    ignored: ["$id","examples"]
warning: the following keywords are unknown and will be ignored: [$id]
    level: "warning"
    schema: {"loadingURI":"#","pointer":"/items"}
    domain: "syntax"
    ignored: ["$id"]
warning: the following keywords are unknown and will be ignored: [$id]
    level: "warning"
    schema: {"loadingURI":"#","pointer":"/items/properties/category"}
    domain: "syntax"
    ignored: ["$id"]
warning: the following keywords are unknown and will be ignored: [$id, examples]
    level: "warning"
    schema: {"loadingURI":"#","pointer":"/items/properties/category/properties/id"}
    domain: "syntax"
    ignored: ["$id","examples"]
warning: the following keywords are unknown and will be ignored: [$id, examples]
    level: "warning"
    schema: {"loadingURI":"#","pointer":"/items/properties/category/properties/name"}
    domain: "syntax"
    ignored: ["$id","examples"]
warning: the following keywords are unknown and will be ignored: [$id, examples]
    level: "warning"
    schema: {"loadingURI":"#","pointer":"/items/properties/id"}
    domain: "syntax"
    ignored: ["$id","examples"]
warning: the following keywords are unknown and will be ignored: [$id, examples]
    level: "warning"
    schema: {"loadingURI":"#","pointer":"/items/properties/name"}
    domain: "syntax"
    ignored: ["$id","examples"]
warning: the following keywords are unknown and will be ignored: [$id]
    level: "warning"
    schema: {"loadingURI":"#","pointer":"/items/properties/photoUrls"}
    domain: "syntax"
    ignored: ["$id"]
warning: the following keywords are unknown and will be ignored: [$id, examples]
    level: "warning"
    schema: {"loadingURI":"#","pointer":"/items/properties/photoUrls/items"}
    domain: "syntax"
    ignored: ["$id","examples"]
warning: the following keywords are unknown and will be ignored: [$id, examples]
    level: "warning"
    schema: {"loadingURI":"#","pointer":"/items/properties/status"}
    domain: "syntax"
    ignored: ["$id","examples"]
warning: the following keywords are unknown and will be ignored: [$id]
    level: "warning"
    schema: {"loadingURI":"#","pointer":"/items/properties/tags"}
    domain: "syntax"
    ignored: ["$id"]
warning: the following keywords are unknown and will be ignored: [$id]
    level: "warning"
    schema: {"loadingURI":"#","pointer":"/items/properties/tags/items"}
    domain: "syntax"
    ignored: ["$id"]
warning: the following keywords are unknown and will be ignored: [$id, examples]
    level: "warning"
    schema: {"loadingURI":"#","pointer":"/items/properties/tags/items/properties/id"}
    domain: "syntax"
    ignored: ["$id","examples"]
warning: the following keywords are unknown and will be ignored: [$id, examples]
    level: "warning"
    schema: {"loadingURI":"#","pointer":"/items/properties/tags/items/properties/name"}
    domain: "syntax"
    ignored: ["$id","examples"]
warning: the following keywords are unknown and will be ignored: [$id]
    level: "warning"
    schema: {"loadingURI":"#","pointer":"/items"}
    domain: "syntax"
    ignored: ["$id"]
warning: the following keywords are unknown and will be ignored: [$id]
    level: "warning"
    schema: {"loadingURI":"#","pointer":"/items/properties/category"}
    domain: "syntax"
    ignored: ["$id"]
warning: the following keywords are unknown and will be ignored: [$id, examples]
    level: "warning"
    schema: {"loadingURI":"#","pointer":"/items/properties/category/properties/id"}
    domain: "syntax"
    ignored: ["$id","examples"]
warning: the following keywords are unknown and will be ignored: [$id, examples]
    level: "warning"
    schema: {"loadingURI":"#","pointer":"/items/properties/category/properties/name"}
    domain: "syntax"
    ignored: ["$id","examples"]
warning: the following keywords are unknown and will be ignored: [$id, examples]
    level: "warning"
    schema: {"loadingURI":"#","pointer":"/items/properties/id"}
    domain: "syntax"
    ignored: ["$id","examples"]
warning: the following keywords are unknown and will be ignored: [$id, examples]
    level: "warning"
    schema: {"loadingURI":"#","pointer":"/items/properties/name"}
    domain: "syntax"
    ignored: ["$id","examples"]
warning: the following keywords are unknown and will be ignored: [$id]
    level: "warning"
    schema: {"loadingURI":"#","pointer":"/items/properties/photoUrls"}
    domain: "syntax"
    ignored: ["$id"]
warning: the following keywords are unknown and will be ignored: [$id, examples]
    level: "warning"
    schema: {"loadingURI":"#","pointer":"/items/properties/photoUrls/items"}
    domain: "syntax"
    ignored: ["$id","examples"]
warning: the following keywords are unknown and will be ignored: [$id, examples]
    level: "warning"
    schema: {"loadingURI":"#","pointer":"/items/properties/status"}
    domain: "syntax"
    ignored: ["$id","examples"]
warning: the following keywords are unknown and will be ignored: [$id]
    level: "warning"
    schema: {"loadingURI":"#","pointer":"/items/properties/tags"}
    domain: "syntax"
    ignored: ["$id"]
warning: the following keywords are unknown and will be ignored: [$id]
    level: "warning"
    schema: {"loadingURI":"#","pointer":"/items/properties/tags/items"}
    domain: "syntax"
    ignored: ["$id"]
warning: the following keywords are unknown and will be ignored: [$id, examples]
    level: "warning"
    schema: {"loadingURI":"#","pointer":"/items/properties/tags/items/properties/id"}
    domain: "syntax"
    ignored: ["$id","examples"]
warning: the following keywords are unknown and will be ignored: [$id, examples]
    level: "warning"
    schema: {"loadingURI":"#","pointer":"/items/properties/tags/items/properties/name"}
    domain: "syntax"
    ignored: ["$id","examples"]
warning: the following keywords are unknown and will be ignored: [$id]
    level: "warning"
    schema: {"loadingURI":"#","pointer":"/items"}
    domain: "syntax"
    ignored: ["$id"]
warning: the following keywords are unknown and will be ignored: [$id]
    level: "warning"
    schema: {"loadingURI":"#","pointer":"/items/properties/category"}
    domain: "syntax"
    ignored: ["$id"]
warning: the following keywords are unknown and will be ignored: [$id, examples]
    level: "warning"
    schema: {"loadingURI":"#","pointer":"/items/properties/category/properties/id"}
    domain: "syntax"
    ignored: ["$id","examples"]
warning: the following keywords are unknown and will be ignored: [$id, examples]
    level: "warning"
    schema: {"loadingURI":"#","pointer":"/items/properties/category/properties/name"}
    domain: "syntax"
    ignored: ["$id","examples"]
warning: the following keywords are unknown and will be ignored: [$id, examples]
    level: "warning"
    schema: {"loadingURI":"#","pointer":"/items/properties/id"}
    domain: "syntax"
    ignored: ["$id","examples"]
warning: the following keywords are unknown and will be ignored: [$id, examples]
    level: "warning"
    schema: {"loadingURI":"#","pointer":"/items/properties/name"}
    domain: "syntax"
    ignored: ["$id","examples"]
warning: the following keywords are unknown and will be ignored: [$id]
    level: "warning"
    schema: {"loadingURI":"#","pointer":"/items/properties/photoUrls"}
    domain: "syntax"
    ignored: ["$id"]
warning: the following keywords are unknown and will be ignored: [$id, examples]
    level: "warning"
    schema: {"loadingURI":"#","pointer":"/items/properties/photoUrls/items"}
    domain: "syntax"
    ignored: ["$id","examples"]
warning: the following keywords are unknown and will be ignored: [$id, examples]
    level: "warning"
    schema: {"loadingURI":"#","pointer":"/items/properties/status"}
    domain: "syntax"
    ignored: ["$id","examples"]
warning: the following keywords are unknown and will be ignored: [$id]
    level: "warning"
    schema: {"loadingURI":"#","pointer":"/items/properties/tags"}
    domain: "syntax"
    ignored: ["$id"]
warning: the following keywords are unknown and will be ignored: [$id]
    level: "warning"
    schema: {"loadingURI":"#","pointer":"/items/properties/tags/items"}
    domain: "syntax"
    ignored: ["$id"]
warning: the following keywords are unknown and will be ignored: [$id, examples]
    level: "warning"
    schema: {"loadingURI":"#","pointer":"/items/properties/tags/items/properties/id"}
    domain: "syntax"
    ignored: ["$id","examples"]
warning: the following keywords are unknown and will be ignored: [$id, examples]
    level: "warning"
    schema: {"loadingURI":"#","pointer":"/items/properties/tags/items/properties/name"}
    domain: "syntax"
    ignored: ["$id","examples"]
warning: the following keywords are unknown and will be ignored: [$id]
    level: "warning"
    schema: {"loadingURI":"#","pointer":"/items"}
    domain: "syntax"
    ignored: ["$id"]
warning: the following keywords are unknown and will be ignored: [$id]
    level: "warning"
    schema: {"loadingURI":"#","pointer":"/items/properties/category"}
    domain: "syntax"
    ignored: ["$id"]
warning: the following keywords are unknown and will be ignored: [$id, examples]
    level: "warning"
    schema: {"loadingURI":"#","pointer":"/items/properties/category/properties/id"}
    domain: "syntax"
    ignored: ["$id","examples"]
warning: the following keywords are unknown and will be ignored: [$id, examples]
    level: "warning"
    schema: {"loadingURI":"#","pointer":"/items/properties/category/properties/name"}
    domain: "syntax"
    ignored: ["$id","examples"]
warning: the following keywords are unknown and will be ignored: [$id, examples]
    level: "warning"
    schema: {"loadingURI":"#","pointer":"/items/properties/id"}
    domain: "syntax"
    ignored: ["$id","examples"]
warning: the following keywords are unknown and will be ignored: [$id, examples]
    level: "warning"
    schema: {"loadingURI":"#","pointer":"/items/properties/name"}
    domain: "syntax"
    ignored: ["$id","examples"]
warning: the following keywords are unknown and will be ignored: [$id]
    level: "warning"
    schema: {"loadingURI":"#","pointer":"/items/properties/photoUrls"}
    domain: "syntax"
    ignored: ["$id"]
warning: the following keywords are unknown and will be ignored: [$id, examples]
    level: "warning"
    schema: {"loadingURI":"#","pointer":"/items/properties/photoUrls/items"}
    domain: "syntax"
    ignored: ["$id","examples"]
warning: the following keywords are unknown and will be ignored: [$id, examples]
    level: "warning"
    schema: {"loadingURI":"#","pointer":"/items/properties/status"}
    domain: "syntax"
    ignored: ["$id","examples"]
warning: the following keywords are unknown and will be ignored: [$id]
    level: "warning"
    schema: {"loadingURI":"#","pointer":"/items/properties/tags"}
    domain: "syntax"
    ignored: ["$id"]
warning: the following keywords are unknown and will be ignored: [$id]
    level: "warning"
    schema: {"loadingURI":"#","pointer":"/items/properties/tags/items"}
    domain: "syntax"
    ignored: ["$id"]
warning: the following keywords are unknown and will be ignored: [$id, examples]
    level: "warning"
    schema: {"loadingURI":"#","pointer":"/items/properties/tags/items/properties/id"}
    domain: "syntax"
    ignored: ["$id","examples"]
warning: the following keywords are unknown and will be ignored: [$id, examples]
    level: "warning"
    schema: {"loadingURI":"#","pointer":"/items/properties/tags/items/properties/name"}
    domain: "syntax"
    ignored: ["$id","examples"]
warning: the following keywords are unknown and will be ignored: [$id]
    level: "warning"
    schema: {"loadingURI":"#","pointer":"/items"}
    domain: "syntax"
    ignored: ["$id"]
warning: the following keywords are unknown and will be ignored: [$id]
    level: "warning"
    schema: {"loadingURI":"#","pointer":"/items/properties/category"}
    domain: "syntax"
    ignored: ["$id"]
warning: the following keywords are unknown and will be ignored: [$id, examples]
    level: "warning"
    schema: {"loadingURI":"#","pointer":"/items/properties/category/properties/id"}
    domain: "syntax"
    ignored: ["$id","examples"]
warning: the following keywords are unknown and will be ignored: [$id, examples]
    level: "warning"
    schema: {"loadingURI":"#","pointer":"/items/properties/category/properties/name"}
    domain: "syntax"
    ignored: ["$id","examples"]
warning: the following keywords are unknown and will be ignored: [$id, examples]
    level: "warning"
    schema: {"loadingURI":"#","pointer":"/items/properties/id"}
    domain: "syntax"
    ignored: ["$id","examples"]
warning: the following keywords are unknown and will be ignored: [$id, examples]
    level: "warning"
    schema: {"loadingURI":"#","pointer":"/items/properties/name"}
    domain: "syntax"
    ignored: ["$id","examples"]
warning: the following keywords are unknown and will be ignored: [$id]
    level: "warning"
    schema: {"loadingURI":"#","pointer":"/items/properties/photoUrls"}
    domain: "syntax"
    ignored: ["$id"]
warning: the following keywords are unknown and will be ignored: [$id, examples]
    level: "warning"
    schema: {"loadingURI":"#","pointer":"/items/properties/photoUrls/items"}
    domain: "syntax"
    ignored: ["$id","examples"]
warning: the following keywords are unknown and will be ignored: [$id, examples]
    level: "warning"
    schema: {"loadingURI":"#","pointer":"/items/properties/status"}
    domain: "syntax"
    ignored: ["$id","examples"]
warning: the following keywords are unknown and will be ignored: [$id]
    level: "warning"
    schema: {"loadingURI":"#","pointer":"/items/properties/tags"}
    domain: "syntax"
    ignored: ["$id"]
warning: the following keywords are unknown and will be ignored: [$id]
    level: "warning"
    schema: {"loadingURI":"#","pointer":"/items/properties/tags/items"}
    domain: "syntax"
    ignored: ["$id"]
warning: the following keywords are unknown and will be ignored: [$id, examples]
    level: "warning"
    schema: {"loadingURI":"#","pointer":"/items/properties/tags/items/properties/id"}
    domain: "syntax"
    ignored: ["$id","examples"]
warning: the following keywords are unknown and will be ignored: [$id, examples]
    level: "warning"
    schema: {"loadingURI":"#","pointer":"/items/properties/tags/items/properties/name"}
    domain: "syntax"
    ignored: ["$id","examples"]
warning: the following keywords are unknown and will be ignored: [$id]
    level: "warning"
    schema: {"loadingURI":"#","pointer":"/items"}
    domain: "syntax"
    ignored: ["$id"]
warning: the following keywords are unknown and will be ignored: [$id]
    level: "warning"
    schema: {"loadingURI":"#","pointer":"/items/properties/category"}
    domain: "syntax"
    ignored: ["$id"]
warning: the following keywords are unknown and will be ignored: [$id, examples]
    level: "warning"
    schema: {"loadingURI":"#","pointer":"/items/properties/category/properties/id"}
    domain: "syntax"
    ignored: ["$id","examples"]
warning: the following keywords are unknown and will be ignored: [$id, examples]
    level: "warning"
    schema: {"loadingURI":"#","pointer":"/items/properties/category/properties/name"}
    domain: "syntax"
    ignored: ["$id","examples"]
warning: the following keywords are unknown and will be ignored: [$id, examples]
    level: "warning"
    schema: {"loadingURI":"#","pointer":"/items/properties/id"}
    domain: "syntax"
    ignored: ["$id","examples"]
warning: the following keywords are unknown and will be ignored: [$id, examples]
    level: "warning"
    schema: {"loadingURI":"#","pointer":"/items/properties/name"}
    domain: "syntax"
    ignored: ["$id","examples"]
warning: the following keywords are unknown and will be ignored: [$id]
    level: "warning"
    schema: {"loadingURI":"#","pointer":"/items/properties/photoUrls"}
    domain: "syntax"
    ignored: ["$id"]
warning: the following keywords are unknown and will be ignored: [$id, examples]
    level: "warning"
    schema: {"loadingURI":"#","pointer":"/items/properties/photoUrls/items"}
    domain: "syntax"
    ignored: ["$id","examples"]
warning: the following keywords are unknown and will be ignored: [$id, examples]
    level: "warning"
    schema: {"loadingURI":"#","pointer":"/items/properties/status"}
    domain: "syntax"
    ignored: ["$id","examples"]
warning: the following keywords are unknown and will be ignored: [$id]
    level: "warning"
    schema: {"loadingURI":"#","pointer":"/items/properties/tags"}
    domain: "syntax"
    ignored: ["$id"]
warning: the following keywords are unknown and will be ignored: [$id]
    level: "warning"
    schema: {"loadingURI":"#","pointer":"/items/properties/tags/items"}
    domain: "syntax"
    ignored: ["$id"]
warning: the following keywords are unknown and will be ignored: [$id, examples]
    level: "warning"
    schema: {"loadingURI":"#","pointer":"/items/properties/tags/items/properties/id"}
    domain: "syntax"
    ignored: ["$id","examples"]
warning: the following keywords are unknown and will be ignored: [$id, examples]
    level: "warning"
    schema: {"loadingURI":"#","pointer":"/items/properties/tags/items/properties/name"}
    domain: "syntax"
    ignored: ["$id","examples"]
warning: the following keywords are unknown and will be ignored: [$id]
    level: "warning"
    schema: {"loadingURI":"#","pointer":"/items"}
    domain: "syntax"
    ignored: ["$id"]
warning: the following keywords are unknown and will be ignored: [$id]
    level: "warning"
    schema: {"loadingURI":"#","pointer":"/items/properties/category"}
    domain: "syntax"
    ignored: ["$id"]
warning: the following keywords are unknown and will be ignored: [$id, examples]
    level: "warning"
    schema: {"loadingURI":"#","pointer":"/items/properties/category/properties/id"}
    domain: "syntax"
    ignored: ["$id","examples"]
warning: the following keywords are unknown and will be ignored: [$id, examples]
    level: "warning"
    schema: {"loadingURI":"#","pointer":"/items/properties/category/properties/name"}
    domain: "syntax"
    ignored: ["$id","examples"]
warning: the following keywords are unknown and will be ignored: [$id, examples]
    level: "warning"
    schema: {"loadingURI":"#","pointer":"/items/properties/id"}
    domain: "syntax"
    ignored: ["$id","examples"]
warning: the following keywords are unknown and will be ignored: [$id, examples]
    level: "warning"
    schema: {"loadingURI":"#","pointer":"/items/properties/name"}
    domain: "syntax"
    ignored: ["$id","examples"]
warning: the following keywords are unknown and will be ignored: [$id]
    level: "warning"
    schema: {"loadingURI":"#","pointer":"/items/properties/photoUrls"}
    domain: "syntax"
    ignored: ["$id"]
warning: the following keywords are unknown and will be ignored: [$id, examples]
    level: "warning"
    schema: {"loadingURI":"#","pointer":"/items/properties/photoUrls/items"}
    domain: "syntax"
    ignored: ["$id","examples"]
warning: the following keywords are unknown and will be ignored: [$id, examples]
    level: "warning"
    schema: {"loadingURI":"#","pointer":"/items/properties/status"}
    domain: "syntax"
    ignored: ["$id","examples"]
warning: the following keywords are unknown and will be ignored: [$id]
    level: "warning"
    schema: {"loadingURI":"#","pointer":"/items/properties/tags"}
    domain: "syntax"
    ignored: ["$id"]
warning: the following keywords are unknown and will be ignored: [$id]
    level: "warning"
    schema: {"loadingURI":"#","pointer":"/items/properties/tags/items"}
    domain: "syntax"
    ignored: ["$id"]
warning: the following keywords are unknown and will be ignored: [$id, examples]
    level: "warning"
    schema: {"loadingURI":"#","pointer":"/items/properties/tags/items/properties/id"}
    domain: "syntax"
    ignored: ["$id","examples"]
warning: the following keywords are unknown and will be ignored: [$id, examples]
    level: "warning"
    schema: {"loadingURI":"#","pointer":"/items/properties/tags/items/properties/name"}
    domain: "syntax"
    ignored: ["$id","examples"]
warning: the following keywords are unknown and will be ignored: [$id]
    level: "warning"
    schema: {"loadingURI":"#","pointer":"/items"}
    domain: "syntax"
    ignored: ["$id"]
warning: the following keywords are unknown and will be ignored: [$id]
    level: "warning"
    schema: {"loadingURI":"#","pointer":"/items/properties/category"}
    domain: "syntax"
    ignored: ["$id"]
warning: the following keywords are unknown and will be ignored: [$id, examples]
    level: "warning"
    schema: {"loadingURI":"#","pointer":"/items/properties/category/properties/id"}
    domain: "syntax"
    ignored: ["$id","examples"]
warning: the following keywords are unknown and will be ignored: [$id, examples]
    level: "warning"
    schema: {"loadingURI":"#","pointer":"/items/properties/category/properties/name"}
    domain: "syntax"
    ignored: ["$id","examples"]
warning: the following keywords are unknown and will be ignored: [$id, examples]
    level: "warning"
    schema: {"loadingURI":"#","pointer":"/items/properties/id"}
    domain: "syntax"
    ignored: ["$id","examples"]
warning: the following keywords are unknown and will be ignored: [$id, examples]
    level: "warning"
    schema: {"loadingURI":"#","pointer":"/items/properties/name"}
    domain: "syntax"
    ignored: ["$id","examples"]
warning: the following keywords are unknown and will be ignored: [$id]
    level: "warning"
    schema: {"loadingURI":"#","pointer":"/items/properties/photoUrls"}
    domain: "syntax"
    ignored: ["$id"]
warning: the following keywords are unknown and will be ignored: [$id, examples]
    level: "warning"
    schema: {"loadingURI":"#","pointer":"/items/properties/photoUrls/items"}
    domain: "syntax"
    ignored: ["$id","examples"]
warning: the following keywords are unknown and will be ignored: [$id, examples]
    level: "warning"
    schema: {"loadingURI":"#","pointer":"/items/properties/status"}
    domain: "syntax"
    ignored: ["$id","examples"]
warning: the following keywords are unknown and will be ignored: [$id]
    level: "warning"
    schema: {"loadingURI":"#","pointer":"/items/properties/tags"}
    domain: "syntax"
    ignored: ["$id"]
warning: the following keywords are unknown and will be ignored: [$id]
    level: "warning"
    schema: {"loadingURI":"#","pointer":"/items/properties/tags/items"}
    domain: "syntax"
    ignored: ["$id"]
warning: the following keywords are unknown and will be ignored: [$id, examples]
    level: "warning"
    schema: {"loadingURI":"#","pointer":"/items/properties/tags/items/properties/id"}
    domain: "syntax"
    ignored: ["$id","examples"]
warning: the following keywords are unknown and will be ignored: [$id, examples]
    level: "warning"
    schema: {"loadingURI":"#","pointer":"/items/properties/tags/items/properties/name"}
    domain: "syntax"
    ignored: ["$id","examples"]
warning: the following keywords are unknown and will be ignored: [$id]
    level: "warning"
    schema: {"loadingURI":"#","pointer":"/items"}
    domain: "syntax"
    ignored: ["$id"]
warning: the following keywords are unknown and will be ignored: [$id]
    level: "warning"
    schema: {"loadingURI":"#","pointer":"/items/properties/category"}
    domain: "syntax"
    ignored: ["$id"]
warning: the following keywords are unknown and will be ignored: [$id, examples]
    level: "warning"
    schema: {"loadingURI":"#","pointer":"/items/properties/category/properties/id"}
    domain: "syntax"
    ignored: ["$id","examples"]
warning: the following keywords are unknown and will be ignored: [$id, examples]
    level: "warning"
    schema: {"loadingURI":"#","pointer":"/items/properties/category/properties/name"}
    domain: "syntax"
    ignored: ["$id","examples"]
warning: the following keywords are unknown and will be ignored: [$id, examples]
    level: "warning"
    schema: {"loadingURI":"#","pointer":"/items/properties/id"}
    domain: "syntax"
    ignored: ["$id","examples"]
warning: the following keywords are unknown and will be ignored: [$id, examples]
    level: "warning"
    schema: {"loadingURI":"#","pointer":"/items/properties/name"}
    domain: "syntax"
    ignored: ["$id","examples"]
warning: the following keywords are unknown and will be ignored: [$id]
    level: "warning"
    schema: {"loadingURI":"#","pointer":"/items/properties/photoUrls"}
    domain: "syntax"
    ignored: ["$id"]
warning: the following keywords are unknown and will be ignored: [$id, examples]
    level: "warning"
    schema: {"loadingURI":"#","pointer":"/items/properties/photoUrls/items"}
    domain: "syntax"
    ignored: ["$id","examples"]
warning: the following keywords are unknown and will be ignored: [$id, examples]
    level: "warning"
    schema: {"loadingURI":"#","pointer":"/items/properties/status"}
    domain: "syntax"
    ignored: ["$id","examples"]
warning: the following keywords are unknown and will be ignored: [$id]
    level: "warning"
    schema: {"loadingURI":"#","pointer":"/items/properties/tags"}
    domain: "syntax"
    ignored: ["$id"]
warning: the following keywords are unknown and will be ignored: [$id]
    level: "warning"
    schema: {"loadingURI":"#","pointer":"/items/properties/tags/items"}
    domain: "syntax"
    ignored: ["$id"]
warning: the following keywords are unknown and will be ignored: [$id, examples]
    level: "warning"
    schema: {"loadingURI":"#","pointer":"/items/properties/tags/items/properties/id"}
    domain: "syntax"
    ignored: ["$id","examples"]
warning: the following keywords are unknown and will be ignored: [$id, examples]
    level: "warning"
    schema: {"loadingURI":"#","pointer":"/items/properties/tags/items/properties/name"}
    domain: "syntax"
    ignored: ["$id","examples"]
warning: the following keywords are unknown and will be ignored: [$id]
    level: "warning"
    schema: {"loadingURI":"#","pointer":"/items"}
    domain: "syntax"
    ignored: ["$id"]
warning: the following keywords are unknown and will be ignored: [$id]
    level: "warning"
    schema: {"loadingURI":"#","pointer":"/items/properties/category"}
    domain: "syntax"
    ignored: ["$id"]
warning: the following keywords are unknown and will be ignored: [$id, examples]
    level: "warning"
    schema: {"loadingURI":"#","pointer":"/items/properties/category/properties/id"}
    domain: "syntax"
    ignored: ["$id","examples"]
warning: the following keywords are unknown and will be ignored: [$id, examples]
    level: "warning"
    schema: {"loadingURI":"#","pointer":"/items/properties/category/properties/name"}
    domain: "syntax"
    ignored: ["$id","examples"]
warning: the following keywords are unknown and will be ignored: [$id, examples]
    level: "warning"
    schema: {"loadingURI":"#","pointer":"/items/properties/id"}
    domain: "syntax"
    ignored: ["$id","examples"]
warning: the following keywords are unknown and will be ignored: [$id, examples]
    level: "warning"
    schema: {"loadingURI":"#","pointer":"/items/properties/name"}
    domain: "syntax"
    ignored: ["$id","examples"]
warning: the following keywords are unknown and will be ignored: [$id]
    level: "warning"
    schema: {"loadingURI":"#","pointer":"/items/properties/photoUrls"}
    domain: "syntax"
    ignored: ["$id"]
warning: the following keywords are unknown and will be ignored: [$id, examples]
    level: "warning"
    schema: {"loadingURI":"#","pointer":"/items/properties/photoUrls/items"}
    domain: "syntax"
    ignored: ["$id","examples"]
warning: the following keywords are unknown and will be ignored: [$id, examples]
    level: "warning"
    schema: {"loadingURI":"#","pointer":"/items/properties/status"}
    domain: "syntax"
    ignored: ["$id","examples"]
warning: the following keywords are unknown and will be ignored: [$id]
    level: "warning"
    schema: {"loadingURI":"#","pointer":"/items/properties/tags"}
    domain: "syntax"
    ignored: ["$id"]
warning: the following keywords are unknown and will be ignored: [$id]
    level: "warning"
    schema: {"loadingURI":"#","pointer":"/items/properties/tags/items"}
    domain: "syntax"
    ignored: ["$id"]
warning: the following keywords are unknown and will be ignored: [$id, examples]
    level: "warning"
    schema: {"loadingURI":"#","pointer":"/items/properties/tags/items/properties/id"}
    domain: "syntax"
    ignored: ["$id","examples"]
warning: the following keywords are unknown and will be ignored: [$id, examples]
    level: "warning"
    schema: {"loadingURI":"#","pointer":"/items/properties/tags/items/properties/name"}
    domain: "syntax"
    ignored: ["$id","examples"]
warning: the following keywords are unknown and will be ignored: [$id]
    level: "warning"
    schema: {"loadingURI":"#","pointer":"/items"}
    domain: "syntax"
    ignored: ["$id"]
warning: the following keywords are unknown and will be ignored: [$id]
    level: "warning"
    schema: {"loadingURI":"#","pointer":"/items/properties/category"}
    domain: "syntax"
    ignored: ["$id"]
warning: the following keywords are unknown and will be ignored: [$id, examples]
    level: "warning"
    schema: {"loadingURI":"#","pointer":"/items/properties/category/properties/id"}
    domain: "syntax"
    ignored: ["$id","examples"]
warning: the following keywords are unknown and will be ignored: [$id, examples]
    level: "warning"
    schema: {"loadingURI":"#","pointer":"/items/properties/category/properties/name"}
    domain: "syntax"
    ignored: ["$id","examples"]
warning: the following keywords are unknown and will be ignored: [$id, examples]
    level: "warning"
    schema: {"loadingURI":"#","pointer":"/items/properties/id"}
    domain: "syntax"
    ignored: ["$id","examples"]
warning: the following keywords are unknown and will be ignored: [$id, examples]
    level: "warning"
    schema: {"loadingURI":"#","pointer":"/items/properties/name"}
    domain: "syntax"
    ignored: ["$id","examples"]
warning: the following keywords are unknown and will be ignored: [$id]
    level: "warning"
    schema: {"loadingURI":"#","pointer":"/items/properties/photoUrls"}
    domain: "syntax"
    ignored: ["$id"]
warning: the following keywords are unknown and will be ignored: [$id, examples]
    level: "warning"
    schema: {"loadingURI":"#","pointer":"/items/properties/photoUrls/items"}
    domain: "syntax"
    ignored: ["$id","examples"]
warning: the following keywords are unknown and will be ignored: [$id, examples]
    level: "warning"
    schema: {"loadingURI":"#","pointer":"/items/properties/status"}
    domain: "syntax"
    ignored: ["$id","examples"]
warning: the following keywords are unknown and will be ignored: [$id]
    level: "warning"
    schema: {"loadingURI":"#","pointer":"/items/properties/tags"}
    domain: "syntax"
    ignored: ["$id"]
warning: the following keywords are unknown and will be ignored: [$id]
    level: "warning"
    schema: {"loadingURI":"#","pointer":"/items/properties/tags/items"}
    domain: "syntax"
    ignored: ["$id"]
warning: the following keywords are unknown and will be ignored: [$id, examples]
    level: "warning"
    schema: {"loadingURI":"#","pointer":"/items/properties/tags/items/properties/id"}
    domain: "syntax"
    ignored: ["$id","examples"]
warning: the following keywords are unknown and will be ignored: [$id, examples]
    level: "warning"
    schema: {"loadingURI":"#","pointer":"/items/properties/tags/items/properties/name"}
    domain: "syntax"
    ignored: ["$id","examples"]
warning: the following keywords are unknown and will be ignored: [$id]
    level: "warning"
    schema: {"loadingURI":"#","pointer":"/items"}
    domain: "syntax"
    ignored: ["$id"]
warning: the following keywords are unknown and will be ignored: [$id]
    level: "warning"
    schema: {"loadingURI":"#","pointer":"/items/properties/category"}
    domain: "syntax"
    ignored: ["$id"]
warning: the following keywords are unknown and will be ignored: [$id, examples]
    level: "warning"
    schema: {"loadingURI":"#","pointer":"/items/properties/category/properties/id"}
    domain: "syntax"
    ignored: ["$id","examples"]
warning: the following keywords are unknown and will be ignored: [$id, examples]
    level: "warning"
    schema: {"loadingURI":"#","pointer":"/items/properties/category/properties/name"}
    domain: "syntax"
    ignored: ["$id","examples"]
warning: the following keywords are unknown and will be ignored: [$id, examples]
    level: "warning"
    schema: {"loadingURI":"#","pointer":"/items/properties/id"}
    domain: "syntax"
    ignored: ["$id","examples"]
warning: the following keywords are unknown and will be ignored: [$id, examples]
    level: "warning"
    schema: {"loadingURI":"#","pointer":"/items/properties/name"}
    domain: "syntax"
    ignored: ["$id","examples"]
warning: the following keywords are unknown and will be ignored: [$id]
    level: "warning"
    schema: {"loadingURI":"#","pointer":"/items/properties/photoUrls"}
    domain: "syntax"
    ignored: ["$id"]
warning: the following keywords are unknown and will be ignored: [$id, examples]
    level: "warning"
    schema: {"loadingURI":"#","pointer":"/items/properties/photoUrls/items"}
    domain: "syntax"
    ignored: ["$id","examples"]
warning: the following keywords are unknown and will be ignored: [$id, examples]
    level: "warning"
    schema: {"loadingURI":"#","pointer":"/items/properties/status"}
    domain: "syntax"
    ignored: ["$id","examples"]
warning: the following keywords are unknown and will be ignored: [$id]
    level: "warning"
    schema: {"loadingURI":"#","pointer":"/items/properties/tags"}
    domain: "syntax"
    ignored: ["$id"]
warning: the following keywords are unknown and will be ignored: [$id]
    level: "warning"
    schema: {"loadingURI":"#","pointer":"/items/properties/tags/items"}
    domain: "syntax"
    ignored: ["$id"]
warning: the following keywords are unknown and will be ignored: [$id, examples]
    level: "warning"
    schema: {"loadingURI":"#","pointer":"/items/properties/tags/items/properties/id"}
    domain: "syntax"
    ignored: ["$id","examples"]
warning: the following keywords are unknown and will be ignored: [$id, examples]
    level: "warning"
    schema: {"loadingURI":"#","pointer":"/items/properties/tags/items/properties/name"}
    domain: "syntax"
    ignored: ["$id","examples"]
warning: the following keywords are unknown and will be ignored: [$id]
    level: "warning"
    schema: {"loadingURI":"#","pointer":"/items"}
    domain: "syntax"
    ignored: ["$id"]
warning: the following keywords are unknown and will be ignored: [$id]
    level: "warning"
    schema: {"loadingURI":"#","pointer":"/items/properties/category"}
    domain: "syntax"
    ignored: ["$id"]
warning: the following keywords are unknown and will be ignored: [$id, examples]
    level: "warning"
    schema: {"loadingURI":"#","pointer":"/items/properties/category/properties/id"}
    domain: "syntax"
    ignored: ["$id","examples"]
warning: the following keywords are unknown and will be ignored: [$id, examples]
    level: "warning"
    schema: {"loadingURI":"#","pointer":"/items/properties/category/properties/name"}
    domain: "syntax"
    ignored: ["$id","examples"]
warning: the following keywords are unknown and will be ignored: [$id, examples]
    level: "warning"
    schema: {"loadingURI":"#","pointer":"/items/properties/id"}
    domain: "syntax"
    ignored: ["$id","examples"]
warning: the following keywords are unknown and will be ignored: [$id, examples]
    level: "warning"
    schema: {"loadingURI":"#","pointer":"/items/properties/name"}
    domain: "syntax"
    ignored: ["$id","examples"]
warning: the following keywords are unknown and will be ignored: [$id]
    level: "warning"
    schema: {"loadingURI":"#","pointer":"/items/properties/photoUrls"}
    domain: "syntax"
    ignored: ["$id"]
warning: the following keywords are unknown and will be ignored: [$id, examples]
    level: "warning"
    schema: {"loadingURI":"#","pointer":"/items/properties/photoUrls/items"}
    domain: "syntax"
    ignored: ["$id","examples"]
warning: the following keywords are unknown and will be ignored: [$id, examples]
    level: "warning"
    schema: {"loadingURI":"#","pointer":"/items/properties/status"}
    domain: "syntax"
    ignored: ["$id","examples"]
warning: the following keywords are unknown and will be ignored: [$id]
    level: "warning"
    schema: {"loadingURI":"#","pointer":"/items/properties/tags"}
    domain: "syntax"
    ignored: ["$id"]
warning: the following keywords are unknown and will be ignored: [$id]
    level: "warning"
    schema: {"loadingURI":"#","pointer":"/items/properties/tags/items"}
    domain: "syntax"
    ignored: ["$id"]
warning: the following keywords are unknown and will be ignored: [$id, examples]
    level: "warning"
    schema: {"loadingURI":"#","pointer":"/items/properties/tags/items/properties/id"}
    domain: "syntax"
    ignored: ["$id","examples"]
warning: the following keywords are unknown and will be ignored: [$id, examples]
    level: "warning"
    schema: {"loadingURI":"#","pointer":"/items/properties/tags/items/properties/name"}
    domain: "syntax"
    ignored: ["$id","examples"]
warning: the following keywords are unknown and will be ignored: [$id]
    level: "warning"
    schema: {"loadingURI":"#","pointer":"/items"}
    domain: "syntax"
    ignored: ["$id"]
warning: the following keywords are unknown and will be ignored: [$id]
    level: "warning"
    schema: {"loadingURI":"#","pointer":"/items/properties/category"}
    domain: "syntax"
    ignored: ["$id"]
warning: the following keywords are unknown and will be ignored: [$id, examples]
    level: "warning"
    schema: {"loadingURI":"#","pointer":"/items/properties/category/properties/id"}
    domain: "syntax"
    ignored: ["$id","examples"]
warning: the following keywords are unknown and will be ignored: [$id, examples]
    level: "warning"
    schema: {"loadingURI":"#","pointer":"/items/properties/category/properties/name"}
    domain: "syntax"
    ignored: ["$id","examples"]
warning: the following keywords are unknown and will be ignored: [$id, examples]
    level: "warning"
    schema: {"loadingURI":"#","pointer":"/items/properties/id"}
    domain: "syntax"
    ignored: ["$id","examples"]
warning: the following keywords are unknown and will be ignored: [$id, examples]
    level: "warning"
    schema: {"loadingURI":"#","pointer":"/items/properties/name"}
    domain: "syntax"
    ignored: ["$id","examples"]
warning: the following keywords are unknown and will be ignored: [$id]
    level: "warning"
    schema: {"loadingURI":"#","pointer":"/items/properties/photoUrls"}
    domain: "syntax"
    ignored: ["$id"]
warning: the following keywords are unknown and will be ignored: [$id, examples]
    level: "warning"
    schema: {"loadingURI":"#","pointer":"/items/properties/photoUrls/items"}
    domain: "syntax"
    ignored: ["$id","examples"]
warning: the following keywords are unknown and will be ignored: [$id, examples]
    level: "warning"
    schema: {"loadingURI":"#","pointer":"/items/properties/status"}
    domain: "syntax"
    ignored: ["$id","examples"]
warning: the following keywords are unknown and will be ignored: [$id]
    level: "warning"
    schema: {"loadingURI":"#","pointer":"/items/properties/tags"}
    domain: "syntax"
    ignored: ["$id"]
warning: the following keywords are unknown and will be ignored: [$id]
    level: "warning"
    schema: {"loadingURI":"#","pointer":"/items/properties/tags/items"}
    domain: "syntax"
    ignored: ["$id"]
warning: the following keywords are unknown and will be ignored: [$id, examples]
    level: "warning"
    schema: {"loadingURI":"#","pointer":"/items/properties/tags/items/properties/id"}
    domain: "syntax"
    ignored: ["$id","examples"]
warning: the following keywords are unknown and will be ignored: [$id, examples]
    level: "warning"
    schema: {"loadingURI":"#","pointer":"/items/properties/tags/items/properties/name"}
    domain: "syntax"
    ignored: ["$id","examples"]
warning: the following keywords are unknown and will be ignored: [$id]
    level: "warning"
    schema: {"loadingURI":"#","pointer":"/items"}
    domain: "syntax"
    ignored: ["$id"]
warning: the following keywords are unknown and will be ignored: [$id]
    level: "warning"
    schema: {"loadingURI":"#","pointer":"/items/properties/category"}
    domain: "syntax"
    ignored: ["$id"]
warning: the following keywords are unknown and will be ignored: [$id, examples]
    level: "warning"
    schema: {"loadingURI":"#","pointer":"/items/properties/category/properties/id"}
    domain: "syntax"
    ignored: ["$id","examples"]
warning: the following keywords are unknown and will be ignored: [$id, examples]
    level: "warning"
    schema: {"loadingURI":"#","pointer":"/items/properties/category/properties/name"}
    domain: "syntax"
    ignored: ["$id","examples"]
warning: the following keywords are unknown and will be ignored: [$id, examples]
    level: "warning"
    schema: {"loadingURI":"#","pointer":"/items/properties/id"}
    domain: "syntax"
    ignored: ["$id","examples"]
warning: the following keywords are unknown and will be ignored: [$id, examples]
    level: "warning"
    schema: {"loadingURI":"#","pointer":"/items/properties/name"}
    domain: "syntax"
    ignored: ["$id","examples"]
warning: the following keywords are unknown and will be ignored: [$id]
    level: "warning"
    schema: {"loadingURI":"#","pointer":"/items/properties/photoUrls"}
    domain: "syntax"
    ignored: ["$id"]
warning: the following keywords are unknown and will be ignored: [$id, examples]
    level: "warning"
    schema: {"loadingURI":"#","pointer":"/items/properties/photoUrls/items"}
    domain: "syntax"
    ignored: ["$id","examples"]
warning: the following keywords are unknown and will be ignored: [$id, examples]
    level: "warning"
    schema: {"loadingURI":"#","pointer":"/items/properties/status"}
    domain: "syntax"
    ignored: ["$id","examples"]
warning: the following keywords are unknown and will be ignored: [$id]
    level: "warning"
    schema: {"loadingURI":"#","pointer":"/items/properties/tags"}
    domain: "syntax"
    ignored: ["$id"]
warning: the following keywords are unknown and will be ignored: [$id]
    level: "warning"
    schema: {"loadingURI":"#","pointer":"/items/properties/tags/items"}
    domain: "syntax"
    ignored: ["$id"]
warning: the following keywords are unknown and will be ignored: [$id, examples]
    level: "warning"
    schema: {"loadingURI":"#","pointer":"/items/properties/tags/items/properties/id"}
    domain: "syntax"
    ignored: ["$id","examples"]
warning: the following keywords are unknown and will be ignored: [$id, examples]
    level: "warning"
    schema: {"loadingURI":"#","pointer":"/items/properties/tags/items/properties/name"}
    domain: "syntax"
    ignored: ["$id","examples"]
warning: the following keywords are unknown and will be ignored: [$id]
    level: "warning"
    schema: {"loadingURI":"#","pointer":"/items"}
    domain: "syntax"
    ignored: ["$id"]
warning: the following keywords are unknown and will be ignored: [$id]
    level: "warning"
    schema: {"loadingURI":"#","pointer":"/items/properties/category"}
    domain: "syntax"
    ignored: ["$id"]
warning: the following keywords are unknown and will be ignored: [$id, examples]
    level: "warning"
    schema: {"loadingURI":"#","pointer":"/items/properties/category/properties/id"}
    domain: "syntax"
    ignored: ["$id","examples"]
warning: the following keywords are unknown and will be ignored: [$id, examples]
    level: "warning"
    schema: {"loadingURI":"#","pointer":"/items/properties/category/properties/name"}
    domain: "syntax"
    ignored: ["$id","examples"]
warning: the following keywords are unknown and will be ignored: [$id, examples]
    level: "warning"
    schema: {"loadingURI":"#","pointer":"/items/properties/id"}
    domain: "syntax"
    ignored: ["$id","examples"]
warning: the following keywords are unknown and will be ignored: [$id, examples]
    level: "warning"
    schema: {"loadingURI":"#","pointer":"/items/properties/name"}
    domain: "syntax"
    ignored: ["$id","examples"]
warning: the following keywords are unknown and will be ignored: [$id]
    level: "warning"
    schema: {"loadingURI":"#","pointer":"/items/properties/photoUrls"}
    domain: "syntax"
    ignored: ["$id"]
warning: the following keywords are unknown and will be ignored: [$id, examples]
    level: "warning"
    schema: {"loadingURI":"#","pointer":"/items/properties/photoUrls/items"}
    domain: "syntax"
    ignored: ["$id","examples"]
warning: the following keywords are unknown and will be ignored: [$id, examples]
    level: "warning"
    schema: {"loadingURI":"#","pointer":"/items/properties/status"}
    domain: "syntax"
    ignored: ["$id","examples"]
warning: the following keywords are unknown and will be ignored: [$id]
    level: "warning"
    schema: {"loadingURI":"#","pointer":"/items/properties/tags"}
    domain: "syntax"
    ignored: ["$id"]
warning: the following keywords are unknown and will be ignored: [$id]
    level: "warning"
    schema: {"loadingURI":"#","pointer":"/items/properties/tags/items"}
    domain: "syntax"
    ignored: ["$id"]
warning: the following keywords are unknown and will be ignored: [$id, examples]
    level: "warning"
    schema: {"loadingURI":"#","pointer":"/items/properties/tags/items/properties/id"}
    domain: "syntax"
    ignored: ["$id","examples"]
warning: the following keywords are unknown and will be ignored: [$id, examples]
    level: "warning"
    schema: {"loadingURI":"#","pointer":"/items/properties/tags/items/properties/name"}
    domain: "syntax"
    ignored: ["$id","examples"]
warning: the following keywords are unknown and will be ignored: [$id]
    level: "warning"
    schema: {"loadingURI":"#","pointer":"/items"}
    domain: "syntax"
    ignored: ["$id"]
warning: the following keywords are unknown and will be ignored: [$id]
    level: "warning"
    schema: {"loadingURI":"#","pointer":"/items/properties/category"}
    domain: "syntax"
    ignored: ["$id"]
warning: the following keywords are unknown and will be ignored: [$id, examples]
    level: "warning"
    schema: {"loadingURI":"#","pointer":"/items/properties/category/properties/id"}
    domain: "syntax"
    ignored: ["$id","examples"]
warning: the following keywords are unknown and will be ignored: [$id, examples]
    level: "warning"
    schema: {"loadingURI":"#","pointer":"/items/properties/category/properties/name"}
    domain: "syntax"
    ignored: ["$id","examples"]
warning: the following keywords are unknown and will be ignored: [$id, examples]
    level: "warning"
    schema: {"loadingURI":"#","pointer":"/items/properties/id"}
    domain: "syntax"
    ignored: ["$id","examples"]
warning: the following keywords are unknown and will be ignored: [$id, examples]
    level: "warning"
    schema: {"loadingURI":"#","pointer":"/items/properties/name"}
    domain: "syntax"
    ignored: ["$id","examples"]
warning: the following keywords are unknown and will be ignored: [$id]
    level: "warning"
    schema: {"loadingURI":"#","pointer":"/items/properties/photoUrls"}
    domain: "syntax"
    ignored: ["$id"]
warning: the following keywords are unknown and will be ignored: [$id, examples]
    level: "warning"
    schema: {"loadingURI":"#","pointer":"/items/properties/photoUrls/items"}
    domain: "syntax"
    ignored: ["$id","examples"]
warning: the following keywords are unknown and will be ignored: [$id, examples]
    level: "warning"
    schema: {"loadingURI":"#","pointer":"/items/properties/status"}
    domain: "syntax"
    ignored: ["$id","examples"]
warning: the following keywords are unknown and will be ignored: [$id]
    level: "warning"
    schema: {"loadingURI":"#","pointer":"/items/properties/tags"}
    domain: "syntax"
    ignored: ["$id"]
warning: the following keywords are unknown and will be ignored: [$id]
    level: "warning"
    schema: {"loadingURI":"#","pointer":"/items/properties/tags/items"}
    domain: "syntax"
    ignored: ["$id"]
warning: the following keywords are unknown and will be ignored: [$id, examples]
    level: "warning"
    schema: {"loadingURI":"#","pointer":"/items/properties/tags/items/properties/id"}
    domain: "syntax"
    ignored: ["$id","examples"]
warning: the following keywords are unknown and will be ignored: [$id, examples]
    level: "warning"
    schema: {"loadingURI":"#","pointer":"/items/properties/tags/items/properties/name"}
    domain: "syntax"
    ignored: ["$id","examples"]
warning: the following keywords are unknown and will be ignored: [$id]
    level: "warning"
    schema: {"loadingURI":"#","pointer":"/items"}
    domain: "syntax"
    ignored: ["$id"]
warning: the following keywords are unknown and will be ignored: [$id]
    level: "warning"
    schema: {"loadingURI":"#","pointer":"/items/properties/category"}
    domain: "syntax"
    ignored: ["$id"]
warning: the following keywords are unknown and will be ignored: [$id, examples]
    level: "warning"
    schema: {"loadingURI":"#","pointer":"/items/properties/category/properties/id"}
    domain: "syntax"
    ignored: ["$id","examples"]
warning: the following keywords are unknown and will be ignored: [$id, examples]
    level: "warning"
    schema: {"loadingURI":"#","pointer":"/items/properties/category/properties/name"}
    domain: "syntax"
    ignored: ["$id","examples"]
warning: the following keywords are unknown and will be ignored: [$id, examples]
    level: "warning"
    schema: {"loadingURI":"#","pointer":"/items/properties/id"}
    domain: "syntax"
    ignored: ["$id","examples"]
warning: the following keywords are unknown and will be ignored: [$id, examples]
    level: "warning"
    schema: {"loadingURI":"#","pointer":"/items/properties/name"}
    domain: "syntax"
    ignored: ["$id","examples"]
warning: the following keywords are unknown and will be ignored: [$id]
    level: "warning"
    schema: {"loadingURI":"#","pointer":"/items/properties/photoUrls"}
    domain: "syntax"
    ignored: ["$id"]
warning: the following keywords are unknown and will be ignored: [$id, examples]
    level: "warning"
    schema: {"loadingURI":"#","pointer":"/items/properties/photoUrls/items"}
    domain: "syntax"
    ignored: ["$id","examples"]
warning: the following keywords are unknown and will be ignored: [$id, examples]
    level: "warning"
    schema: {"loadingURI":"#","pointer":"/items/properties/status"}
    domain: "syntax"
    ignored: ["$id","examples"]
warning: the following keywords are unknown and will be ignored: [$id]
    level: "warning"
    schema: {"loadingURI":"#","pointer":"/items/properties/tags"}
    domain: "syntax"
    ignored: ["$id"]
warning: the following keywords are unknown and will be ignored: [$id]
    level: "warning"
    schema: {"loadingURI":"#","pointer":"/items/properties/tags/items"}
    domain: "syntax"
    ignored: ["$id"]
warning: the following keywords are unknown and will be ignored: [$id, examples]
    level: "warning"
    schema: {"loadingURI":"#","pointer":"/items/properties/tags/items/properties/id"}
    domain: "syntax"
    ignored: ["$id","examples"]
warning: the following keywords are unknown and will be ignored: [$id, examples]
    level: "warning"
    schema: {"loadingURI":"#","pointer":"/items/properties/tags/items/properties/name"}
    domain: "syntax"
    ignored: ["$id","examples"]
warning: the following keywords are unknown and will be ignored: [$id]
    level: "warning"
    schema: {"loadingURI":"#","pointer":"/items"}
    domain: "syntax"
    ignored: ["$id"]
warning: the following keywords are unknown and will be ignored: [$id]
    level: "warning"
    schema: {"loadingURI":"#","pointer":"/items/properties/category"}
    domain: "syntax"
    ignored: ["$id"]
warning: the following keywords are unknown and will be ignored: [$id, examples]
    level: "warning"
    schema: {"loadingURI":"#","pointer":"/items/properties/category/properties/id"}
    domain: "syntax"
    ignored: ["$id","examples"]
warning: the following keywords are unknown and will be ignored: [$id, examples]
    level: "warning"
    schema: {"loadingURI":"#","pointer":"/items/properties/category/properties/name"}
    domain: "syntax"
    ignored: ["$id","examples"]
warning: the following keywords are unknown and will be ignored: [$id, examples]
    level: "warning"
    schema: {"loadingURI":"#","pointer":"/items/properties/id"}
    domain: "syntax"
    ignored: ["$id","examples"]
warning: the following keywords are unknown and will be ignored: [$id, examples]
    level: "warning"
    schema: {"loadingURI":"#","pointer":"/items/properties/name"}
    domain: "syntax"
    ignored: ["$id","examples"]
warning: the following keywords are unknown and will be ignored: [$id]
    level: "warning"
    schema: {"loadingURI":"#","pointer":"/items/properties/photoUrls"}
    domain: "syntax"
    ignored: ["$id"]
warning: the following keywords are unknown and will be ignored: [$id, examples]
    level: "warning"
    schema: {"loadingURI":"#","pointer":"/items/properties/photoUrls/items"}
    domain: "syntax"
    ignored: ["$id","examples"]
warning: the following keywords are unknown and will be ignored: [$id, examples]
    level: "warning"
    schema: {"loadingURI":"#","pointer":"/items/properties/status"}
    domain: "syntax"
    ignored: ["$id","examples"]
warning: the following keywords are unknown and will be ignored: [$id]
    level: "warning"
    schema: {"loadingURI":"#","pointer":"/items/properties/tags"}
    domain: "syntax"
    ignored: ["$id"]
warning: the following keywords are unknown and will be ignored: [$id]
    level: "warning"
    schema: {"loadingURI":"#","pointer":"/items/properties/tags/items"}
    domain: "syntax"
    ignored: ["$id"]
warning: the following keywords are unknown and will be ignored: [$id, examples]
    level: "warning"
    schema: {"loadingURI":"#","pointer":"/items/properties/tags/items/properties/id"}
    domain: "syntax"
    ignored: ["$id","examples"]
warning: the following keywords are unknown and will be ignored: [$id, examples]
    level: "warning"
    schema: {"loadingURI":"#","pointer":"/items/properties/tags/items/properties/name"}
    domain: "syntax"
    ignored: ["$id","examples"]
warning: the following keywords are unknown and will be ignored: [$id]
    level: "warning"
    schema: {"loadingURI":"#","pointer":"/items"}
    domain: "syntax"
    ignored: ["$id"]
warning: the following keywords are unknown and will be ignored: [$id]
    level: "warning"
    schema: {"loadingURI":"#","pointer":"/items/properties/category"}
    domain: "syntax"
    ignored: ["$id"]
warning: the following keywords are unknown and will be ignored: [$id, examples]
    level: "warning"
    schema: {"loadingURI":"#","pointer":"/items/properties/category/properties/id"}
    domain: "syntax"
    ignored: ["$id","examples"]
warning: the following keywords are unknown and will be ignored: [$id, examples]
    level: "warning"
    schema: {"loadingURI":"#","pointer":"/items/properties/category/properties/name"}
    domain: "syntax"
    ignored: ["$id","examples"]
warning: the following keywords are unknown and will be ignored: [$id, examples]
    level: "warning"
    schema: {"loadingURI":"#","pointer":"/items/properties/id"}
    domain: "syntax"
    ignored: ["$id","examples"]
warning: the following keywords are unknown and will be ignored: [$id, examples]
    level: "warning"
    schema: {"loadingURI":"#","pointer":"/items/properties/name"}
    domain: "syntax"
    ignored: ["$id","examples"]
warning: the following keywords are unknown and will be ignored: [$id]
    level: "warning"
    schema: {"loadingURI":"#","pointer":"/items/properties/photoUrls"}
    domain: "syntax"
    ignored: ["$id"]
warning: the following keywords are unknown and will be ignored: [$id, examples]
    level: "warning"
    schema: {"loadingURI":"#","pointer":"/items/properties/photoUrls/items"}
    domain: "syntax"
    ignored: ["$id","examples"]
warning: the following keywords are unknown and will be ignored: [$id, examples]
    level: "warning"
    schema: {"loadingURI":"#","pointer":"/items/properties/status"}
    domain: "syntax"
    ignored: ["$id","examples"]
warning: the following keywords are unknown and will be ignored: [$id]
    level: "warning"
    schema: {"loadingURI":"#","pointer":"/items/properties/tags"}
    domain: "syntax"
    ignored: ["$id"]
warning: the following keywords are unknown and will be ignored: [$id]
    level: "warning"
    schema: {"loadingURI":"#","pointer":"/items/properties/tags/items"}
    domain: "syntax"
    ignored: ["$id"]
warning: the following keywords are unknown and will be ignored: [$id, examples]
    level: "warning"
    schema: {"loadingURI":"#","pointer":"/items/properties/tags/items/properties/id"}
    domain: "syntax"
    ignored: ["$id","examples"]
warning: the following keywords are unknown and will be ignored: [$id, examples]
    level: "warning"
    schema: {"loadingURI":"#","pointer":"/items/properties/tags/items/properties/name"}
    domain: "syntax"
    ignored: ["$id","examples"]
warning: the following keywords are unknown and will be ignored: [$id]
    level: "warning"
    schema: {"loadingURI":"#","pointer":"/items"}
    domain: "syntax"
    ignored: ["$id"]
warning: the following keywords are unknown and will be ignored: [$id]
    level: "warning"
    schema: {"loadingURI":"#","pointer":"/items/properties/category"}
    domain: "syntax"
    ignored: ["$id"]
warning: the following keywords are unknown and will be ignored: [$id, examples]
    level: "warning"
    schema: {"loadingURI":"#","pointer":"/items/properties/category/properties/id"}
    domain: "syntax"
    ignored: ["$id","examples"]
warning: the following keywords are unknown and will be ignored: [$id, examples]
    level: "warning"
    schema: {"loadingURI":"#","pointer":"/items/properties/category/properties/name"}
    domain: "syntax"
    ignored: ["$id","examples"]
warning: the following keywords are unknown and will be ignored: [$id, examples]
    level: "warning"
    schema: {"loadingURI":"#","pointer":"/items/properties/id"}
    domain: "syntax"
    ignored: ["$id","examples"]
warning: the following keywords are unknown and will be ignored: [$id, examples]
    level: "warning"
    schema: {"loadingURI":"#","pointer":"/items/properties/name"}
    domain: "syntax"
    ignored: ["$id","examples"]
warning: the following keywords are unknown and will be ignored: [$id]
    level: "warning"
    schema: {"loadingURI":"#","pointer":"/items/properties/photoUrls"}
    domain: "syntax"
    ignored: ["$id"]
warning: the following keywords are unknown and will be ignored: [$id, examples]
    level: "warning"
    schema: {"loadingURI":"#","pointer":"/items/properties/photoUrls/items"}
    domain: "syntax"
    ignored: ["$id","examples"]
warning: the following keywords are unknown and will be ignored: [$id, examples]
    level: "warning"
    schema: {"loadingURI":"#","pointer":"/items/properties/status"}
    domain: "syntax"
    ignored: ["$id","examples"]
warning: the following keywords are unknown and will be ignored: [$id]
    level: "warning"
    schema: {"loadingURI":"#","pointer":"/items/properties/tags"}
    domain: "syntax"
    ignored: ["$id"]
warning: the following keywords are unknown and will be ignored: [$id]
    level: "warning"
    schema: {"loadingURI":"#","pointer":"/items/properties/tags/items"}
    domain: "syntax"
    ignored: ["$id"]
warning: the following keywords are unknown and will be ignored: [$id, examples]
    level: "warning"
    schema: {"loadingURI":"#","pointer":"/items/properties/tags/items/properties/id"}
    domain: "syntax"
    ignored: ["$id","examples"]
warning: the following keywords are unknown and will be ignored: [$id, examples]
    level: "warning"
    schema: {"loadingURI":"#","pointer":"/items/properties/tags/items/properties/name"}
    domain: "syntax"
    ignored: ["$id","examples"]
warning: the following keywords are unknown and will be ignored: [$id]
    level: "warning"
    schema: {"loadingURI":"#","pointer":"/items"}
    domain: "syntax"
    ignored: ["$id"]
warning: the following keywords are unknown and will be ignored: [$id]
    level: "warning"
    schema: {"loadingURI":"#","pointer":"/items/properties/category"}
    domain: "syntax"
    ignored: ["$id"]
warning: the following keywords are unknown and will be ignored: [$id, examples]
    level: "warning"
    schema: {"loadingURI":"#","pointer":"/items/properties/category/properties/id"}
    domain: "syntax"
    ignored: ["$id","examples"]
warning: the following keywords are unknown and will be ignored: [$id, examples]
    level: "warning"
    schema: {"loadingURI":"#","pointer":"/items/properties/category/properties/name"}
    domain: "syntax"
    ignored: ["$id","examples"]
warning: the following keywords are unknown and will be ignored: [$id, examples]
    level: "warning"
    schema: {"loadingURI":"#","pointer":"/items/properties/id"}
    domain: "syntax"
    ignored: ["$id","examples"]
warning: the following keywords are unknown and will be ignored: [$id, examples]
    level: "warning"
    schema: {"loadingURI":"#","pointer":"/items/properties/name"}
    domain: "syntax"
    ignored: ["$id","examples"]
warning: the following keywords are unknown and will be ignored: [$id]
    level: "warning"
    schema: {"loadingURI":"#","pointer":"/items/properties/photoUrls"}
    domain: "syntax"
    ignored: ["$id"]
warning: the following keywords are unknown and will be ignored: [$id, examples]
    level: "warning"
    schema: {"loadingURI":"#","pointer":"/items/properties/photoUrls/items"}
    domain: "syntax"
    ignored: ["$id","examples"]
warning: the following keywords are unknown and will be ignored: [$id, examples]
    level: "warning"
    schema: {"loadingURI":"#","pointer":"/items/properties/status"}
    domain: "syntax"
    ignored: ["$id","examples"]
warning: the following keywords are unknown and will be ignored: [$id]
    level: "warning"
    schema: {"loadingURI":"#","pointer":"/items/properties/tags"}
    domain: "syntax"
    ignored: ["$id"]
warning: the following keywords are unknown and will be ignored: [$id]
    level: "warning"
    schema: {"loadingURI":"#","pointer":"/items/properties/tags/items"}
    domain: "syntax"
    ignored: ["$id"]
warning: the following keywords are unknown and will be ignored: [$id, examples]
    level: "warning"
    schema: {"loadingURI":"#","pointer":"/items/properties/tags/items/properties/id"}
    domain: "syntax"
    ignored: ["$id","examples"]
warning: the following keywords are unknown and will be ignored: [$id, examples]
    level: "warning"
    schema: {"loadingURI":"#","pointer":"/items/properties/tags/items/properties/name"}
    domain: "syntax"
    ignored: ["$id","examples"]
warning: the following keywords are unknown and will be ignored: [$id]
    level: "warning"
    schema: {"loadingURI":"#","pointer":"/items"}
    domain: "syntax"
    ignored: ["$id"]
warning: the following keywords are unknown and will be ignored: [$id]
    level: "warning"
    schema: {"loadingURI":"#","pointer":"/items/properties/category"}
    domain: "syntax"
    ignored: ["$id"]
warning: the following keywords are unknown and will be ignored: [$id, examples]
    level: "warning"
    schema: {"loadingURI":"#","pointer":"/items/properties/category/properties/id"}
    domain: "syntax"
    ignored: ["$id","examples"]
warning: the following keywords are unknown and will be ignored: [$id, examples]
    level: "warning"
    schema: {"loadingURI":"#","pointer":"/items/properties/category/properties/name"}
    domain: "syntax"
    ignored: ["$id","examples"]
warning: the following keywords are unknown and will be ignored: [$id, examples]
    level: "warning"
    schema: {"loadingURI":"#","pointer":"/items/properties/id"}
    domain: "syntax"
    ignored: ["$id","examples"]
warning: the following keywords are unknown and will be ignored: [$id, examples]
    level: "warning"
    schema: {"loadingURI":"#","pointer":"/items/properties/name"}
    domain: "syntax"
    ignored: ["$id","examples"]
warning: the following keywords are unknown and will be ignored: [$id]
    level: "warning"
    schema: {"loadingURI":"#","pointer":"/items/properties/photoUrls"}
    domain: "syntax"
    ignored: ["$id"]
warning: the following keywords are unknown and will be ignored: [$id, examples]
    level: "warning"
    schema: {"loadingURI":"#","pointer":"/items/properties/photoUrls/items"}
    domain: "syntax"
    ignored: ["$id","examples"]
warning: the following keywords are unknown and will be ignored: [$id, examples]
    level: "warning"
    schema: {"loadingURI":"#","pointer":"/items/properties/status"}
    domain: "syntax"
    ignored: ["$id","examples"]
warning: the following keywords are unknown and will be ignored: [$id]
    level: "warning"
    schema: {"loadingURI":"#","pointer":"/items/properties/tags"}
    domain: "syntax"
    ignored: ["$id"]
warning: the following keywords are unknown and will be ignored: [$id]
    level: "warning"
    schema: {"loadingURI":"#","pointer":"/items/properties/tags/items"}
    domain: "syntax"
    ignored: ["$id"]
warning: the following keywords are unknown and will be ignored: [$id, examples]
    level: "warning"
    schema: {"loadingURI":"#","pointer":"/items/properties/tags/items/properties/id"}
    domain: "syntax"
    ignored: ["$id","examples"]
warning: the following keywords are unknown and will be ignored: [$id, examples]
    level: "warning"
    schema: {"loadingURI":"#","pointer":"/items/properties/tags/items/properties/name"}
    domain: "syntax"
    ignored: ["$id","examples"]
warning: the following keywords are unknown and will be ignored: [$id]
    level: "warning"
    schema: {"loadingURI":"#","pointer":"/items"}
    domain: "syntax"
    ignored: ["$id"]
warning: the following keywords are unknown and will be ignored: [$id]
    level: "warning"
    schema: {"loadingURI":"#","pointer":"/items/properties/category"}
    domain: "syntax"
    ignored: ["$id"]
warning: the following keywords are unknown and will be ignored: [$id, examples]
    level: "warning"
    schema: {"loadingURI":"#","pointer":"/items/properties/category/properties/id"}
    domain: "syntax"
    ignored: ["$id","examples"]
warning: the following keywords are unknown and will be ignored: [$id, examples]
    level: "warning"
    schema: {"loadingURI":"#","pointer":"/items/properties/category/properties/name"}
    domain: "syntax"
    ignored: ["$id","examples"]
warning: the following keywords are unknown and will be ignored: [$id, examples]
    level: "warning"
    schema: {"loadingURI":"#","pointer":"/items/properties/id"}
    domain: "syntax"
    ignored: ["$id","examples"]
warning: the following keywords are unknown and will be ignored: [$id, examples]
    level: "warning"
    schema: {"loadingURI":"#","pointer":"/items/properties/name"}
    domain: "syntax"
    ignored: ["$id","examples"]
warning: the following keywords are unknown and will be ignored: [$id]
    level: "warning"
    schema: {"loadingURI":"#","pointer":"/items/properties/photoUrls"}
    domain: "syntax"
    ignored: ["$id"]
warning: the following keywords are unknown and will be ignored: [$id, examples]
    level: "warning"
    schema: {"loadingURI":"#","pointer":"/items/properties/photoUrls/items"}
    domain: "syntax"
    ignored: ["$id","examples"]
warning: the following keywords are unknown and will be ignored: [$id, examples]
    level: "warning"
    schema: {"loadingURI":"#","pointer":"/items/properties/status"}
    domain: "syntax"
    ignored: ["$id","examples"]
warning: the following keywords are unknown and will be ignored: [$id]
    level: "warning"
    schema: {"loadingURI":"#","pointer":"/items/properties/tags"}
    domain: "syntax"
    ignored: ["$id"]
warning: the following keywords are unknown and will be ignored: [$id]
    level: "warning"
    schema: {"loadingURI":"#","pointer":"/items/properties/tags/items"}
    domain: "syntax"
    ignored: ["$id"]
warning: the following keywords are unknown and will be ignored: [$id, examples]
    level: "warning"
    schema: {"loadingURI":"#","pointer":"/items/properties/tags/items/properties/id"}
    domain: "syntax"
    ignored: ["$id","examples"]
warning: the following keywords are unknown and will be ignored: [$id, examples]
    level: "warning"
    schema: {"loadingURI":"#","pointer":"/items/properties/tags/items/properties/name"}
    domain: "syntax"
    ignored: ["$id","examples"]
warning: the following keywords are unknown and will be ignored: [$id]
    level: "warning"
    schema: {"loadingURI":"#","pointer":"/items"}
    domain: "syntax"
    ignored: ["$id"]
warning: the following keywords are unknown and will be ignored: [$id]
    level: "warning"
    schema: {"loadingURI":"#","pointer":"/items/properties/category"}
    domain: "syntax"
    ignored: ["$id"]
warning: the following keywords are unknown and will be ignored: [$id, examples]
    level: "warning"
    schema: {"loadingURI":"#","pointer":"/items/properties/category/properties/id"}
    domain: "syntax"
    ignored: ["$id","examples"]
warning: the following keywords are unknown and will be ignored: [$id, examples]
    level: "warning"
    schema: {"loadingURI":"#","pointer":"/items/properties/category/properties/name"}
    domain: "syntax"
    ignored: ["$id","examples"]
warning: the following keywords are unknown and will be ignored: [$id, examples]
    level: "warning"
    schema: {"loadingURI":"#","pointer":"/items/properties/id"}
    domain: "syntax"
    ignored: ["$id","examples"]
warning: the following keywords are unknown and will be ignored: [$id, examples]
    level: "warning"
    schema: {"loadingURI":"#","pointer":"/items/properties/name"}
    domain: "syntax"
    ignored: ["$id","examples"]
warning: the following keywords are unknown and will be ignored: [$id]
    level: "warning"
    schema: {"loadingURI":"#","pointer":"/items/properties/photoUrls"}
    domain: "syntax"
    ignored: ["$id"]
warning: the following keywords are unknown and will be ignored: [$id, examples]
    level: "warning"
    schema: {"loadingURI":"#","pointer":"/items/properties/photoUrls/items"}
    domain: "syntax"
    ignored: ["$id","examples"]
warning: the following keywords are unknown and will be ignored: [$id, examples]
    level: "warning"
    schema: {"loadingURI":"#","pointer":"/items/properties/status"}
    domain: "syntax"
    ignored: ["$id","examples"]
warning: the following keywords are unknown and will be ignored: [$id]
    level: "warning"
    schema: {"loadingURI":"#","pointer":"/items/properties/tags"}
    domain: "syntax"
    ignored: ["$id"]
warning: the following keywords are unknown and will be ignored: [$id]
    level: "warning"
    schema: {"loadingURI":"#","pointer":"/items/properties/tags/items"}
    domain: "syntax"
    ignored: ["$id"]
warning: the following keywords are unknown and will be ignored: [$id, examples]
    level: "warning"
    schema: {"loadingURI":"#","pointer":"/items/properties/tags/items/properties/id"}
    domain: "syntax"
    ignored: ["$id","examples"]
warning: the following keywords are unknown and will be ignored: [$id, examples]
    level: "warning"
    schema: {"loadingURI":"#","pointer":"/items/properties/tags/items/properties/name"}
    domain: "syntax"
    ignored: ["$id","examples"]
warning: the following keywords are unknown and will be ignored: [$id]
    level: "warning"
    schema: {"loadingURI":"#","pointer":"/items"}
    domain: "syntax"
    ignored: ["$id"]
warning: the following keywords are unknown and will be ignored: [$id]
    level: "warning"
    schema: {"loadingURI":"#","pointer":"/items/properties/category"}
    domain: "syntax"
    ignored: ["$id"]
warning: the following keywords are unknown and will be ignored: [$id, examples]
    level: "warning"
    schema: {"loadingURI":"#","pointer":"/items/properties/category/properties/id"}
    domain: "syntax"
    ignored: ["$id","examples"]
warning: the following keywords are unknown and will be ignored: [$id, examples]
    level: "warning"
    schema: {"loadingURI":"#","pointer":"/items/properties/category/properties/name"}
    domain: "syntax"
    ignored: ["$id","examples"]
warning: the following keywords are unknown and will be ignored: [$id, examples]
    level: "warning"
    schema: {"loadingURI":"#","pointer":"/items/properties/id"}
    domain: "syntax"
    ignored: ["$id","examples"]
warning: the following keywords are unknown and will be ignored: [$id, examples]
    level: "warning"
    schema: {"loadingURI":"#","pointer":"/items/properties/name"}
    domain: "syntax"
    ignored: ["$id","examples"]
warning: the following keywords are unknown and will be ignored: [$id]
    level: "warning"
    schema: {"loadingURI":"#","pointer":"/items/properties/photoUrls"}
    domain: "syntax"
    ignored: ["$id"]
warning: the following keywords are unknown and will be ignored: [$id, examples]
    level: "warning"
    schema: {"loadingURI":"#","pointer":"/items/properties/photoUrls/items"}
    domain: "syntax"
    ignored: ["$id","examples"]
warning: the following keywords are unknown and will be ignored: [$id, examples]
    level: "warning"
    schema: {"loadingURI":"#","pointer":"/items/properties/status"}
    domain: "syntax"
    ignored: ["$id","examples"]
warning: the following keywords are unknown and will be ignored: [$id]
    level: "warning"
    schema: {"loadingURI":"#","pointer":"/items/properties/tags"}
    domain: "syntax"
    ignored: ["$id"]
warning: the following keywords are unknown and will be ignored: [$id]
    level: "warning"
    schema: {"loadingURI":"#","pointer":"/items/properties/tags/items"}
    domain: "syntax"
    ignored: ["$id"]
warning: the following keywords are unknown and will be ignored: [$id, examples]
    level: "warning"
    schema: {"loadingURI":"#","pointer":"/items/properties/tags/items/properties/id"}
    domain: "syntax"
    ignored: ["$id","examples"]
warning: the following keywords are unknown and will be ignored: [$id, examples]
    level: "warning"
    schema: {"loadingURI":"#","pointer":"/items/properties/tags/items/properties/name"}
    domain: "syntax"
    ignored: ["$id","examples"]
warning: the following keywords are unknown and will be ignored: [$id]
    level: "warning"
    schema: {"loadingURI":"#","pointer":"/items"}
    domain: "syntax"
    ignored: ["$id"]
warning: the following keywords are unknown and will be ignored: [$id]
    level: "warning"
    schema: {"loadingURI":"#","pointer":"/items/properties/category"}
    domain: "syntax"
    ignored: ["$id"]
warning: the following keywords are unknown and will be ignored: [$id, examples]
    level: "warning"
    schema: {"loadingURI":"#","pointer":"/items/properties/category/properties/id"}
    domain: "syntax"
    ignored: ["$id","examples"]
warning: the following keywords are unknown and will be ignored: [$id, examples]
    level: "warning"
    schema: {"loadingURI":"#","pointer":"/items/properties/category/properties/name"}
    domain: "syntax"
    ignored: ["$id","examples"]
warning: the following keywords are unknown and will be ignored: [$id, examples]
    level: "warning"
    schema: {"loadingURI":"#","pointer":"/items/properties/id"}
    domain: "syntax"
    ignored: ["$id","examples"]
warning: the following keywords are unknown and will be ignored: [$id, examples]
    level: "warning"
    schema: {"loadingURI":"#","pointer":"/items/properties/name"}
    domain: "syntax"
    ignored: ["$id","examples"]
warning: the following keywords are unknown and will be ignored: [$id]
    level: "warning"
    schema: {"loadingURI":"#","pointer":"/items/properties/photoUrls"}
    domain: "syntax"
    ignored: ["$id"]
warning: the following keywords are unknown and will be ignored: [$id, examples]
    level: "warning"
    schema: {"loadingURI":"#","pointer":"/items/properties/photoUrls/items"}
    domain: "syntax"
    ignored: ["$id","examples"]
warning: the following keywords are unknown and will be ignored: [$id, examples]
    level: "warning"
    schema: {"loadingURI":"#","pointer":"/items/properties/status"}
    domain: "syntax"
    ignored: ["$id","examples"]
warning: the following keywords are unknown and will be ignored: [$id]
    level: "warning"
    schema: {"loadingURI":"#","pointer":"/items/properties/tags"}
    domain: "syntax"
    ignored: ["$id"]
warning: the following keywords are unknown and will be ignored: [$id]
    level: "warning"
    schema: {"loadingURI":"#","pointer":"/items/properties/tags/items"}
    domain: "syntax"
    ignored: ["$id"]
warning: the following keywords are unknown and will be ignored: [$id, examples]
    level: "warning"
    schema: {"loadingURI":"#","pointer":"/items/properties/tags/items/properties/id"}
    domain: "syntax"
    ignored: ["$id","examples"]
warning: the following keywords are unknown and will be ignored: [$id, examples]
    level: "warning"
    schema: {"loadingURI":"#","pointer":"/items/properties/tags/items/properties/name"}
    domain: "syntax"
    ignored: ["$id","examples"]
warning: the following keywords are unknown and will be ignored: [$id]
    level: "warning"
    schema: {"loadingURI":"#","pointer":"/items"}
    domain: "syntax"
    ignored: ["$id"]
warning: the following keywords are unknown and will be ignored: [$id]
    level: "warning"
    schema: {"loadingURI":"#","pointer":"/items/properties/category"}
    domain: "syntax"
    ignored: ["$id"]
warning: the following keywords are unknown and will be ignored: [$id, examples]
    level: "warning"
    schema: {"loadingURI":"#","pointer":"/items/properties/category/properties/id"}
    domain: "syntax"
    ignored: ["$id","examples"]
warning: the following keywords are unknown and will be ignored: [$id, examples]
    level: "warning"
    schema: {"loadingURI":"#","pointer":"/items/properties/category/properties/name"}
    domain: "syntax"
    ignored: ["$id","examples"]
warning: the following keywords are unknown and will be ignored: [$id, examples]
    level: "warning"
    schema: {"loadingURI":"#","pointer":"/items/properties/id"}
    domain: "syntax"
    ignored: ["$id","examples"]
warning: the following keywords are unknown and will be ignored: [$id, examples]
    level: "warning"
    schema: {"loadingURI":"#","pointer":"/items/properties/name"}
    domain: "syntax"
    ignored: ["$id","examples"]
warning: the following keywords are unknown and will be ignored: [$id]
    level: "warning"
    schema: {"loadingURI":"#","pointer":"/items/properties/photoUrls"}
    domain: "syntax"
    ignored: ["$id"]
warning: the following keywords are unknown and will be ignored: [$id, examples]
    level: "warning"
    schema: {"loadingURI":"#","pointer":"/items/properties/photoUrls/items"}
    domain: "syntax"
    ignored: ["$id","examples"]
warning: the following keywords are unknown and will be ignored: [$id, examples]
    level: "warning"
    schema: {"loadingURI":"#","pointer":"/items/properties/status"}
    domain: "syntax"
    ignored: ["$id","examples"]
warning: the following keywords are unknown and will be ignored: [$id]
    level: "warning"
    schema: {"loadingURI":"#","pointer":"/items/properties/tags"}
    domain: "syntax"
    ignored: ["$id"]
warning: the following keywords are unknown and will be ignored: [$id]
    level: "warning"
    schema: {"loadingURI":"#","pointer":"/items/properties/tags/items"}
    domain: "syntax"
    ignored: ["$id"]
warning: the following keywords are unknown and will be ignored: [$id, examples]
    level: "warning"
    schema: {"loadingURI":"#","pointer":"/items/properties/tags/items/properties/id"}
    domain: "syntax"
    ignored: ["$id","examples"]
warning: the following keywords are unknown and will be ignored: [$id, examples]
    level: "warning"
    schema: {"loadingURI":"#","pointer":"/items/properties/tags/items/properties/name"}
    domain: "syntax"
    ignored: ["$id","examples"]
warning: the following keywords are unknown and will be ignored: [$id]
    level: "warning"
    schema: {"loadingURI":"#","pointer":"/items"}
    domain: "syntax"
    ignored: ["$id"]
warning: the following keywords are unknown and will be ignored: [$id]
    level: "warning"
    schema: {"loadingURI":"#","pointer":"/items/properties/category"}
    domain: "syntax"
    ignored: ["$id"]
warning: the following keywords are unknown and will be ignored: [$id, examples]
    level: "warning"
    schema: {"loadingURI":"#","pointer":"/items/properties/category/properties/id"}
    domain: "syntax"
    ignored: ["$id","examples"]
warning: the following keywords are unknown and will be ignored: [$id, examples]
    level: "warning"
    schema: {"loadingURI":"#","pointer":"/items/properties/category/properties/name"}
    domain: "syntax"
    ignored: ["$id","examples"]
warning: the following keywords are unknown and will be ignored: [$id, examples]
    level: "warning"
    schema: {"loadingURI":"#","pointer":"/items/properties/id"}
    domain: "syntax"
    ignored: ["$id","examples"]
warning: the following keywords are unknown and will be ignored: [$id, examples]
    level: "warning"
    schema: {"loadingURI":"#","pointer":"/items/properties/name"}
    domain: "syntax"
    ignored: ["$id","examples"]
warning: the following keywords are unknown and will be ignored: [$id]
    level: "warning"
    schema: {"loadingURI":"#","pointer":"/items/properties/photoUrls"}
    domain: "syntax"
    ignored: ["$id"]
warning: the following keywords are unknown and will be ignored: [$id, examples]
    level: "warning"
    schema: {"loadingURI":"#","pointer":"/items/properties/photoUrls/items"}
    domain: "syntax"
    ignored: ["$id","examples"]
warning: the following keywords are unknown and will be ignored: [$id, examples]
    level: "warning"
    schema: {"loadingURI":"#","pointer":"/items/properties/status"}
    domain: "syntax"
    ignored: ["$id","examples"]
warning: the following keywords are unknown and will be ignored: [$id]
    level: "warning"
    schema: {"loadingURI":"#","pointer":"/items/properties/tags"}
    domain: "syntax"
    ignored: ["$id"]
warning: the following keywords are unknown and will be ignored: [$id]
    level: "warning"
    schema: {"loadingURI":"#","pointer":"/items/properties/tags/items"}
    domain: "syntax"
    ignored: ["$id"]
warning: the following keywords are unknown and will be ignored: [$id, examples]
    level: "warning"
    schema: {"loadingURI":"#","pointer":"/items/properties/tags/items/properties/id"}
    domain: "syntax"
    ignored: ["$id","examples"]
warning: the following keywords are unknown and will be ignored: [$id, examples]
    level: "warning"
    schema: {"loadingURI":"#","pointer":"/items/properties/tags/items/properties/name"}
    domain: "syntax"
    ignored: ["$id","examples"]
warning: the following keywords are unknown and will be ignored: [$id]
    level: "warning"
    schema: {"loadingURI":"#","pointer":"/items"}
    domain: "syntax"
    ignored: ["$id"]
warning: the following keywords are unknown and will be ignored: [$id]
    level: "warning"
    schema: {"loadingURI":"#","pointer":"/items/properties/category"}
    domain: "syntax"
    ignored: ["$id"]
warning: the following keywords are unknown and will be ignored: [$id, examples]
    level: "warning"
    schema: {"loadingURI":"#","pointer":"/items/properties/category/properties/id"}
    domain: "syntax"
    ignored: ["$id","examples"]
warning: the following keywords are unknown and will be ignored: [$id, examples]
    level: "warning"
    schema: {"loadingURI":"#","pointer":"/items/properties/category/properties/name"}
    domain: "syntax"
    ignored: ["$id","examples"]
warning: the following keywords are unknown and will be ignored: [$id, examples]
    level: "warning"
    schema: {"loadingURI":"#","pointer":"/items/properties/id"}
    domain: "syntax"
    ignored: ["$id","examples"]
warning: the following keywords are unknown and will be ignored: [$id, examples]
    level: "warning"
    schema: {"loadingURI":"#","pointer":"/items/properties/name"}
    domain: "syntax"
    ignored: ["$id","examples"]
warning: the following keywords are unknown and will be ignored: [$id]
    level: "warning"
    schema: {"loadingURI":"#","pointer":"/items/properties/photoUrls"}
    domain: "syntax"
    ignored: ["$id"]
warning: the following keywords are unknown and will be ignored: [$id, examples]
    level: "warning"
    schema: {"loadingURI":"#","pointer":"/items/properties/photoUrls/items"}
    domain: "syntax"
    ignored: ["$id","examples"]
warning: the following keywords are unknown and will be ignored: [$id, examples]
    level: "warning"
    schema: {"loadingURI":"#","pointer":"/items/properties/status"}
    domain: "syntax"
    ignored: ["$id","examples"]
warning: the following keywords are unknown and will be ignored: [$id]
    level: "warning"
    schema: {"loadingURI":"#","pointer":"/items/properties/tags"}
    domain: "syntax"
    ignored: ["$id"]
warning: the following keywords are unknown and will be ignored: [$id]
    level: "warning"
    schema: {"loadingURI":"#","pointer":"/items/properties/tags/items"}
    domain: "syntax"
    ignored: ["$id"]
warning: the following keywords are unknown and will be ignored: [$id, examples]
    level: "warning"
    schema: {"loadingURI":"#","pointer":"/items/properties/tags/items/properties/id"}
    domain: "syntax"
    ignored: ["$id","examples"]
warning: the following keywords are unknown and will be ignored: [$id, examples]
    level: "warning"
    schema: {"loadingURI":"#","pointer":"/items/properties/tags/items/properties/name"}
    domain: "syntax"
    ignored: ["$id","examples"]
warning: the following keywords are unknown and will be ignored: [$id]
    level: "warning"
    schema: {"loadingURI":"#","pointer":"/items"}
    domain: "syntax"
    ignored: ["$id"]
warning: the following keywords are unknown and will be ignored: [$id]
    level: "warning"
    schema: {"loadingURI":"#","pointer":"/items/properties/category"}
    domain: "syntax"
    ignored: ["$id"]
warning: the following keywords are unknown and will be ignored: [$id, examples]
    level: "warning"
    schema: {"loadingURI":"#","pointer":"/items/properties/category/properties/id"}
    domain: "syntax"
    ignored: ["$id","examples"]
warning: the following keywords are unknown and will be ignored: [$id, examples]
    level: "warning"
    schema: {"loadingURI":"#","pointer":"/items/properties/category/properties/name"}
    domain: "syntax"
    ignored: ["$id","examples"]
warning: the following keywords are unknown and will be ignored: [$id, examples]
    level: "warning"
    schema: {"loadingURI":"#","pointer":"/items/properties/id"}
    domain: "syntax"
    ignored: ["$id","examples"]
warning: the following keywords are unknown and will be ignored: [$id, examples]
    level: "warning"
    schema: {"loadingURI":"#","pointer":"/items/properties/name"}
    domain: "syntax"
    ignored: ["$id","examples"]
warning: the following keywords are unknown and will be ignored: [$id]
    level: "warning"
    schema: {"loadingURI":"#","pointer":"/items/properties/photoUrls"}
    domain: "syntax"
    ignored: ["$id"]
warning: the following keywords are unknown and will be ignored: [$id, examples]
    level: "warning"
    schema: {"loadingURI":"#","pointer":"/items/properties/photoUrls/items"}
    domain: "syntax"
    ignored: ["$id","examples"]
warning: the following keywords are unknown and will be ignored: [$id, examples]
    level: "warning"
    schema: {"loadingURI":"#","pointer":"/items/properties/status"}
    domain: "syntax"
    ignored: ["$id","examples"]
warning: the following keywords are unknown and will be ignored: [$id]
    level: "warning"
    schema: {"loadingURI":"#","pointer":"/items/properties/tags"}
    domain: "syntax"
    ignored: ["$id"]
warning: the following keywords are unknown and will be ignored: [$id]
    level: "warning"
    schema: {"loadingURI":"#","pointer":"/items/properties/tags/items"}
    domain: "syntax"
    ignored: ["$id"]
warning: the following keywords are unknown and will be ignored: [$id, examples]
    level: "warning"
    schema: {"loadingURI":"#","pointer":"/items/properties/tags/items/properties/id"}
    domain: "syntax"
    ignored: ["$id","examples"]
warning: the following keywords are unknown and will be ignored: [$id, examples]
    level: "warning"
    schema: {"loadingURI":"#","pointer":"/items/properties/tags/items/properties/name"}
    domain: "syntax"
    ignored: ["$id","examples"]
warning: the following keywords are unknown and will be ignored: [$id]
    level: "warning"
    schema: {"loadingURI":"#","pointer":"/items"}
    domain: "syntax"
    ignored: ["$id"]
warning: the following keywords are unknown and will be ignored: [$id]
    level: "warning"
    schema: {"loadingURI":"#","pointer":"/items/properties/category"}
    domain: "syntax"
    ignored: ["$id"]
warning: the following keywords are unknown and will be ignored: [$id, examples]
    level: "warning"
    schema: {"loadingURI":"#","pointer":"/items/properties/category/properties/id"}
    domain: "syntax"
    ignored: ["$id","examples"]
warning: the following keywords are unknown and will be ignored: [$id, examples]
    level: "warning"
    schema: {"loadingURI":"#","pointer":"/items/properties/category/properties/name"}
    domain: "syntax"
    ignored: ["$id","examples"]
warning: the following keywords are unknown and will be ignored: [$id, examples]
    level: "warning"
    schema: {"loadingURI":"#","pointer":"/items/properties/id"}
    domain: "syntax"
    ignored: ["$id","examples"]
warning: the following keywords are unknown and will be ignored: [$id, examples]
    level: "warning"
    schema: {"loadingURI":"#","pointer":"/items/properties/name"}
    domain: "syntax"
    ignored: ["$id","examples"]
warning: the following keywords are unknown and will be ignored: [$id]
    level: "warning"
    schema: {"loadingURI":"#","pointer":"/items/properties/photoUrls"}
    domain: "syntax"
    ignored: ["$id"]
warning: the following keywords are unknown and will be ignored: [$id, examples]
    level: "warning"
    schema: {"loadingURI":"#","pointer":"/items/properties/photoUrls/items"}
    domain: "syntax"
    ignored: ["$id","examples"]
warning: the following keywords are unknown and will be ignored: [$id, examples]
    level: "warning"
    schema: {"loadingURI":"#","pointer":"/items/properties/status"}
    domain: "syntax"
    ignored: ["$id","examples"]
warning: the following keywords are unknown and will be ignored: [$id]
    level: "warning"
    schema: {"loadingURI":"#","pointer":"/items/properties/tags"}
    domain: "syntax"
    ignored: ["$id"]
warning: the following keywords are unknown and will be ignored: [$id]
    level: "warning"
    schema: {"loadingURI":"#","pointer":"/items/properties/tags/items"}
    domain: "syntax"
    ignored: ["$id"]
warning: the following keywords are unknown and will be ignored: [$id, examples]
    level: "warning"
    schema: {"loadingURI":"#","pointer":"/items/properties/tags/items/properties/id"}
    domain: "syntax"
    ignored: ["$id","examples"]
warning: the following keywords are unknown and will be ignored: [$id, examples]
    level: "warning"
    schema: {"loadingURI":"#","pointer":"/items/properties/tags/items/properties/name"}
    domain: "syntax"
    ignored: ["$id","examples"]
warning: the following keywords are unknown and will be ignored: [$id]
    level: "warning"
    schema: {"loadingURI":"#","pointer":"/items"}
    domain: "syntax"
    ignored: ["$id"]
warning: the following keywords are unknown and will be ignored: [$id]
    level: "warning"
    schema: {"loadingURI":"#","pointer":"/items/properties/category"}
    domain: "syntax"
    ignored: ["$id"]
warning: the following keywords are unknown and will be ignored: [$id, examples]
    level: "warning"
    schema: {"loadingURI":"#","pointer":"/items/properties/category/properties/id"}
    domain: "syntax"
    ignored: ["$id","examples"]
warning: the following keywords are unknown and will be ignored: [$id, examples]
    level: "warning"
    schema: {"loadingURI":"#","pointer":"/items/properties/category/properties/name"}
    domain: "syntax"
    ignored: ["$id","examples"]
warning: the following keywords are unknown and will be ignored: [$id, examples]
    level: "warning"
    schema: {"loadingURI":"#","pointer":"/items/properties/id"}
    domain: "syntax"
    ignored: ["$id","examples"]
warning: the following keywords are unknown and will be ignored: [$id, examples]
    level: "warning"
    schema: {"loadingURI":"#","pointer":"/items/properties/name"}
    domain: "syntax"
    ignored: ["$id","examples"]
warning: the following keywords are unknown and will be ignored: [$id]
    level: "warning"
    schema: {"loadingURI":"#","pointer":"/items/properties/photoUrls"}
    domain: "syntax"
    ignored: ["$id"]
warning: the following keywords are unknown and will be ignored: [$id, examples]
    level: "warning"
    schema: {"loadingURI":"#","pointer":"/items/properties/photoUrls/items"}
    domain: "syntax"
    ignored: ["$id","examples"]
warning: the following keywords are unknown and will be ignored: [$id, examples]
    level: "warning"
    schema: {"loadingURI":"#","pointer":"/items/properties/status"}
    domain: "syntax"
    ignored: ["$id","examples"]
warning: the following keywords are unknown and will be ignored: [$id]
    level: "warning"
    schema: {"loadingURI":"#","pointer":"/items/properties/tags"}
    domain: "syntax"
    ignored: ["$id"]
warning: the following keywords are unknown and will be ignored: [$id]
    level: "warning"
    schema: {"loadingURI":"#","pointer":"/items/properties/tags/items"}
    domain: "syntax"
    ignored: ["$id"]
warning: the following keywords are unknown and will be ignored: [$id, examples]
    level: "warning"
    schema: {"loadingURI":"#","pointer":"/items/properties/tags/items/properties/id"}
    domain: "syntax"
    ignored: ["$id","examples"]
warning: the following keywords are unknown and will be ignored: [$id, examples]
    level: "warning"
    schema: {"loadingURI":"#","pointer":"/items/properties/tags/items/properties/name"}
    domain: "syntax"
    ignored: ["$id","examples"]
warning: the following keywords are unknown and will be ignored: [$id]
    level: "warning"
    schema: {"loadingURI":"#","pointer":"/items"}
    domain: "syntax"
    ignored: ["$id"]
warning: the following keywords are unknown and will be ignored: [$id]
    level: "warning"
    schema: {"loadingURI":"#","pointer":"/items/properties/category"}
    domain: "syntax"
    ignored: ["$id"]
warning: the following keywords are unknown and will be ignored: [$id, examples]
    level: "warning"
    schema: {"loadingURI":"#","pointer":"/items/properties/category/properties/id"}
    domain: "syntax"
    ignored: ["$id","examples"]
warning: the following keywords are unknown and will be ignored: [$id, examples]
    level: "warning"
    schema: {"loadingURI":"#","pointer":"/items/properties/category/properties/name"}
    domain: "syntax"
    ignored: ["$id","examples"]
warning: the following keywords are unknown and will be ignored: [$id, examples]
    level: "warning"
    schema: {"loadingURI":"#","pointer":"/items/properties/id"}
    domain: "syntax"
    ignored: ["$id","examples"]
warning: the following keywords are unknown and will be ignored: [$id, examples]
    level: "warning"
    schema: {"loadingURI":"#","pointer":"/items/properties/name"}
    domain: "syntax"
    ignored: ["$id","examples"]
warning: the following keywords are unknown and will be ignored: [$id]
    level: "warning"
    schema: {"loadingURI":"#","pointer":"/items/properties/photoUrls"}
    domain: "syntax"
    ignored: ["$id"]
warning: the following keywords are unknown and will be ignored: [$id, examples]
    level: "warning"
    schema: {"loadingURI":"#","pointer":"/items/properties/photoUrls/items"}
    domain: "syntax"
    ignored: ["$id","examples"]
warning: the following keywords are unknown and will be ignored: [$id, examples]
    level: "warning"
    schema: {"loadingURI":"#","pointer":"/items/properties/status"}
    domain: "syntax"
    ignored: ["$id","examples"]
warning: the following keywords are unknown and will be ignored: [$id]
    level: "warning"
    schema: {"loadingURI":"#","pointer":"/items/properties/tags"}
    domain: "syntax"
    ignored: ["$id"]
warning: the following keywords are unknown and will be ignored: [$id]
    level: "warning"
    schema: {"loadingURI":"#","pointer":"/items/properties/tags/items"}
    domain: "syntax"
    ignored: ["$id"]
warning: the following keywords are unknown and will be ignored: [$id, examples]
    level: "warning"
    schema: {"loadingURI":"#","pointer":"/items/properties/tags/items/properties/id"}
    domain: "syntax"
    ignored: ["$id","examples"]
warning: the following keywords are unknown and will be ignored: [$id, examples]
    level: "warning"
    schema: {"loadingURI":"#","pointer":"/items/properties/tags/items/properties/name"}
    domain: "syntax"
    ignored: ["$id","examples"]
warning: the following keywords are unknown and will be ignored: [$id]
    level: "warning"
    schema: {"loadingURI":"#","pointer":"/items"}
    domain: "syntax"
    ignored: ["$id"]
warning: the following keywords are unknown and will be ignored: [$id]
    level: "warning"
    schema: {"loadingURI":"#","pointer":"/items/properties/category"}
    domain: "syntax"
    ignored: ["$id"]
warning: the following keywords are unknown and will be ignored: [$id, examples]
    level: "warning"
    schema: {"loadingURI":"#","pointer":"/items/properties/category/properties/id"}
    domain: "syntax"
    ignored: ["$id","examples"]
warning: the following keywords are unknown and will be ignored: [$id, examples]
    level: "warning"
    schema: {"loadingURI":"#","pointer":"/items/properties/category/properties/name"}
    domain: "syntax"
    ignored: ["$id","examples"]
warning: the following keywords are unknown and will be ignored: [$id, examples]
    level: "warning"
    schema: {"loadingURI":"#","pointer":"/items/properties/id"}
    domain: "syntax"
    ignored: ["$id","examples"]
warning: the following keywords are unknown and will be ignored: [$id, examples]
    level: "warning"
    schema: {"loadingURI":"#","pointer":"/items/properties/name"}
    domain: "syntax"
    ignored: ["$id","examples"]
warning: the following keywords are unknown and will be ignored: [$id]
    level: "warning"
    schema: {"loadingURI":"#","pointer":"/items/properties/photoUrls"}
    domain: "syntax"
    ignored: ["$id"]
warning: the following keywords are unknown and will be ignored: [$id, examples]
    level: "warning"
    schema: {"loadingURI":"#","pointer":"/items/properties/photoUrls/items"}
    domain: "syntax"
    ignored: ["$id","examples"]
warning: the following keywords are unknown and will be ignored: [$id, examples]
    level: "warning"
    schema: {"loadingURI":"#","pointer":"/items/properties/status"}
    domain: "syntax"
    ignored: ["$id","examples"]
warning: the following keywords are unknown and will be ignored: [$id]
    level: "warning"
    schema: {"loadingURI":"#","pointer":"/items/properties/tags"}
    domain: "syntax"
    ignored: ["$id"]
warning: the following keywords are unknown and will be ignored: [$id]
    level: "warning"
    schema: {"loadingURI":"#","pointer":"/items/properties/tags/items"}
    domain: "syntax"
    ignored: ["$id"]
warning: the following keywords are unknown and will be ignored: [$id, examples]
    level: "warning"
    schema: {"loadingURI":"#","pointer":"/items/properties/tags/items/properties/id"}
    domain: "syntax"
    ignored: ["$id","examples"]
warning: the following keywords are unknown and will be ignored: [$id, examples]
    level: "warning"
    schema: {"loadingURI":"#","pointer":"/items/properties/tags/items/properties/name"}
    domain: "syntax"
    ignored: ["$id","examples"]
warning: the following keywords are unknown and will be ignored: [$id]
    level: "warning"
    schema: {"loadingURI":"#","pointer":"/items"}
    domain: "syntax"
    ignored: ["$id"]
warning: the following keywords are unknown and will be ignored: [$id]
    level: "warning"
    schema: {"loadingURI":"#","pointer":"/items/properties/category"}
    domain: "syntax"
    ignored: ["$id"]
warning: the following keywords are unknown and will be ignored: [$id, examples]
    level: "warning"
    schema: {"loadingURI":"#","pointer":"/items/properties/category/properties/id"}
    domain: "syntax"
    ignored: ["$id","examples"]
warning: the following keywords are unknown and will be ignored: [$id, examples]
    level: "warning"
    schema: {"loadingURI":"#","pointer":"/items/properties/category/properties/name"}
    domain: "syntax"
    ignored: ["$id","examples"]
warning: the following keywords are unknown and will be ignored: [$id, examples]
    level: "warning"
    schema: {"loadingURI":"#","pointer":"/items/properties/id"}
    domain: "syntax"
    ignored: ["$id","examples"]
warning: the following keywords are unknown and will be ignored: [$id, examples]
    level: "warning"
    schema: {"loadingURI":"#","pointer":"/items/properties/name"}
    domain: "syntax"
    ignored: ["$id","examples"]
warning: the following keywords are unknown and will be ignored: [$id]
    level: "warning"
    schema: {"loadingURI":"#","pointer":"/items/properties/photoUrls"}
    domain: "syntax"
    ignored: ["$id"]
warning: the following keywords are unknown and will be ignored: [$id, examples]
    level: "warning"
    schema: {"loadingURI":"#","pointer":"/items/properties/photoUrls/items"}
    domain: "syntax"
    ignored: ["$id","examples"]
warning: the following keywords are unknown and will be ignored: [$id, examples]
    level: "warning"
    schema: {"loadingURI":"#","pointer":"/items/properties/status"}
    domain: "syntax"
    ignored: ["$id","examples"]
warning: the following keywords are unknown and will be ignored: [$id]
    level: "warning"
    schema: {"loadingURI":"#","pointer":"/items/properties/tags"}
    domain: "syntax"
    ignored: ["$id"]
warning: the following keywords are unknown and will be ignored: [$id]
    level: "warning"
    schema: {"loadingURI":"#","pointer":"/items/properties/tags/items"}
    domain: "syntax"
    ignored: ["$id"]
warning: the following keywords are unknown and will be ignored: [$id, examples]
    level: "warning"
    schema: {"loadingURI":"#","pointer":"/items/properties/tags/items/properties/id"}
    domain: "syntax"
    ignored: ["$id","examples"]
warning: the following keywords are unknown and will be ignored: [$id, examples]
    level: "warning"
    schema: {"loadingURI":"#","pointer":"/items/properties/tags/items/properties/name"}
    domain: "syntax"
    ignored: ["$id","examples"]
warning: the following keywords are unknown and will be ignored: [$id]
    level: "warning"
    schema: {"loadingURI":"#","pointer":"/items"}
    domain: "syntax"
    ignored: ["$id"]
warning: the following keywords are unknown and will be ignored: [$id]
    level: "warning"
    schema: {"loadingURI":"#","pointer":"/items/properties/category"}
    domain: "syntax"
    ignored: ["$id"]
warning: the following keywords are unknown and will be ignored: [$id, examples]
    level: "warning"
    schema: {"loadingURI":"#","pointer":"/items/properties/category/properties/id"}
    domain: "syntax"
    ignored: ["$id","examples"]
warning: the following keywords are unknown and will be ignored: [$id, examples]
    level: "warning"
    schema: {"loadingURI":"#","pointer":"/items/properties/category/properties/name"}
    domain: "syntax"
    ignored: ["$id","examples"]
warning: the following keywords are unknown and will be ignored: [$id, examples]
    level: "warning"
    schema: {"loadingURI":"#","pointer":"/items/properties/id"}
    domain: "syntax"
    ignored: ["$id","examples"]
warning: the following keywords are unknown and will be ignored: [$id, examples]
    level: "warning"
    schema: {"loadingURI":"#","pointer":"/items/properties/name"}
    domain: "syntax"
    ignored: ["$id","examples"]
warning: the following keywords are unknown and will be ignored: [$id]
    level: "warning"
    schema: {"loadingURI":"#","pointer":"/items/properties/photoUrls"}
    domain: "syntax"
    ignored: ["$id"]
warning: the following keywords are unknown and will be ignored: [$id, examples]
    level: "warning"
    schema: {"loadingURI":"#","pointer":"/items/properties/photoUrls/items"}
    domain: "syntax"
    ignored: ["$id","examples"]
warning: the following keywords are unknown and will be ignored: [$id, examples]
    level: "warning"
    schema: {"loadingURI":"#","pointer":"/items/properties/status"}
    domain: "syntax"
    ignored: ["$id","examples"]
warning: the following keywords are unknown and will be ignored: [$id]
    level: "warning"
    schema: {"loadingURI":"#","pointer":"/items/properties/tags"}
    domain: "syntax"
    ignored: ["$id"]
warning: the following keywords are unknown and will be ignored: [$id]
    level: "warning"
    schema: {"loadingURI":"#","pointer":"/items/properties/tags/items"}
    domain: "syntax"
    ignored: ["$id"]
warning: the following keywords are unknown and will be ignored: [$id, examples]
    level: "warning"
    schema: {"loadingURI":"#","pointer":"/items/properties/tags/items/properties/id"}
    domain: "syntax"
    ignored: ["$id","examples"]
warning: the following keywords are unknown and will be ignored: [$id, examples]
    level: "warning"
    schema: {"loadingURI":"#","pointer":"/items/properties/tags/items/properties/name"}
    domain: "syntax"
    ignored: ["$id","examples"]
warning: the following keywords are unknown and will be ignored: [$id]
    level: "warning"
    schema: {"loadingURI":"#","pointer":"/items"}
    domain: "syntax"
    ignored: ["$id"]
warning: the following keywords are unknown and will be ignored: [$id]
    level: "warning"
    schema: {"loadingURI":"#","pointer":"/items/properties/category"}
    domain: "syntax"
    ignored: ["$id"]
warning: the following keywords are unknown and will be ignored: [$id, examples]
    level: "warning"
    schema: {"loadingURI":"#","pointer":"/items/properties/category/properties/id"}
    domain: "syntax"
    ignored: ["$id","examples"]
warning: the following keywords are unknown and will be ignored: [$id, examples]
    level: "warning"
    schema: {"loadingURI":"#","pointer":"/items/properties/category/properties/name"}
    domain: "syntax"
    ignored: ["$id","examples"]
warning: the following keywords are unknown and will be ignored: [$id, examples]
    level: "warning"
    schema: {"loadingURI":"#","pointer":"/items/properties/id"}
    domain: "syntax"
    ignored: ["$id","examples"]
warning: the following keywords are unknown and will be ignored: [$id, examples]
    level: "warning"
    schema: {"loadingURI":"#","pointer":"/items/properties/name"}
    domain: "syntax"
    ignored: ["$id","examples"]
warning: the following keywords are unknown and will be ignored: [$id]
    level: "warning"
    schema: {"loadingURI":"#","pointer":"/items/properties/photoUrls"}
    domain: "syntax"
    ignored: ["$id"]
warning: the following keywords are unknown and will be ignored: [$id, examples]
    level: "warning"
    schema: {"loadingURI":"#","pointer":"/items/properties/photoUrls/items"}
    domain: "syntax"
    ignored: ["$id","examples"]
warning: the following keywords are unknown and will be ignored: [$id, examples]
    level: "warning"
    schema: {"loadingURI":"#","pointer":"/items/properties/status"}
    domain: "syntax"
    ignored: ["$id","examples"]
warning: the following keywords are unknown and will be ignored: [$id]
    level: "warning"
    schema: {"loadingURI":"#","pointer":"/items/properties/tags"}
    domain: "syntax"
    ignored: ["$id"]
warning: the following keywords are unknown and will be ignored: [$id]
    level: "warning"
    schema: {"loadingURI":"#","pointer":"/items/properties/tags/items"}
    domain: "syntax"
    ignored: ["$id"]
warning: the following keywords are unknown and will be ignored: [$id, examples]
    level: "warning"
    schema: {"loadingURI":"#","pointer":"/items/properties/tags/items/properties/id"}
    domain: "syntax"
    ignored: ["$id","examples"]
warning: the following keywords are unknown and will be ignored: [$id, examples]
    level: "warning"
    schema: {"loadingURI":"#","pointer":"/items/properties/tags/items/properties/name"}
    domain: "syntax"
    ignored: ["$id","examples"]
warning: the following keywords are unknown and will be ignored: [$id]
    level: "warning"
    schema: {"loadingURI":"#","pointer":"/items"}
    domain: "syntax"
    ignored: ["$id"]
warning: the following keywords are unknown and will be ignored: [$id]
    level: "warning"
    schema: {"loadingURI":"#","pointer":"/items/properties/category"}
    domain: "syntax"
    ignored: ["$id"]
warning: the following keywords are unknown and will be ignored: [$id, examples]
    level: "warning"
    schema: {"loadingURI":"#","pointer":"/items/properties/category/properties/id"}
    domain: "syntax"
    ignored: ["$id","examples"]
warning: the following keywords are unknown and will be ignored: [$id, examples]
    level: "warning"
    schema: {"loadingURI":"#","pointer":"/items/properties/category/properties/name"}
    domain: "syntax"
    ignored: ["$id","examples"]
warning: the following keywords are unknown and will be ignored: [$id, examples]
    level: "warning"
    schema: {"loadingURI":"#","pointer":"/items/properties/id"}
    domain: "syntax"
    ignored: ["$id","examples"]
warning: the following keywords are unknown and will be ignored: [$id, examples]
    level: "warning"
    schema: {"loadingURI":"#","pointer":"/items/properties/name"}
    domain: "syntax"
    ignored: ["$id","examples"]
warning: the following keywords are unknown and will be ignored: [$id]
    level: "warning"
    schema: {"loadingURI":"#","pointer":"/items/properties/photoUrls"}
    domain: "syntax"
    ignored: ["$id"]
warning: the following keywords are unknown and will be ignored: [$id, examples]
    level: "warning"
    schema: {"loadingURI":"#","pointer":"/items/properties/photoUrls/items"}
    domain: "syntax"
    ignored: ["$id","examples"]
warning: the following keywords are unknown and will be ignored: [$id, examples]
    level: "warning"
    schema: {"loadingURI":"#","pointer":"/items/properties/status"}
    domain: "syntax"
    ignored: ["$id","examples"]
warning: the following keywords are unknown and will be ignored: [$id]
    level: "warning"
    schema: {"loadingURI":"#","pointer":"/items/properties/tags"}
    domain: "syntax"
    ignored: ["$id"]
warning: the following keywords are unknown and will be ignored: [$id]
    level: "warning"
    schema: {"loadingURI":"#","pointer":"/items/properties/tags/items"}
    domain: "syntax"
    ignored: ["$id"]
warning: the following keywords are unknown and will be ignored: [$id, examples]
    level: "warning"
    schema: {"loadingURI":"#","pointer":"/items/properties/tags/items/properties/id"}
    domain: "syntax"
    ignored: ["$id","examples"]
warning: the following keywords are unknown and will be ignored: [$id, examples]
    level: "warning"
    schema: {"loadingURI":"#","pointer":"/items/properties/tags/items/properties/name"}
    domain: "syntax"
    ignored: ["$id","examples"]
warning: the following keywords are unknown and will be ignored: [$id]
    level: "warning"
    schema: {"loadingURI":"#","pointer":"/items"}
    domain: "syntax"
    ignored: ["$id"]
warning: the following keywords are unknown and will be ignored: [$id]
    level: "warning"
    schema: {"loadingURI":"#","pointer":"/items/properties/category"}
    domain: "syntax"
    ignored: ["$id"]
warning: the following keywords are unknown and will be ignored: [$id, examples]
    level: "warning"
    schema: {"loadingURI":"#","pointer":"/items/properties/category/properties/id"}
    domain: "syntax"
    ignored: ["$id","examples"]
warning: the following keywords are unknown and will be ignored: [$id, examples]
    level: "warning"
    schema: {"loadingURI":"#","pointer":"/items/properties/category/properties/name"}
    domain: "syntax"
    ignored: ["$id","examples"]
warning: the following keywords are unknown and will be ignored: [$id, examples]
    level: "warning"
    schema: {"loadingURI":"#","pointer":"/items/properties/id"}
    domain: "syntax"
    ignored: ["$id","examples"]
warning: the following keywords are unknown and will be ignored: [$id, examples]
    level: "warning"
    schema: {"loadingURI":"#","pointer":"/items/properties/name"}
    domain: "syntax"
    ignored: ["$id","examples"]
warning: the following keywords are unknown and will be ignored: [$id]
    level: "warning"
    schema: {"loadingURI":"#","pointer":"/items/properties/photoUrls"}
    domain: "syntax"
    ignored: ["$id"]
warning: the following keywords are unknown and will be ignored: [$id, examples]
    level: "warning"
    schema: {"loadingURI":"#","pointer":"/items/properties/photoUrls/items"}
    domain: "syntax"
    ignored: ["$id","examples"]
warning: the following keywords are unknown and will be ignored: [$id, examples]
    level: "warning"
    schema: {"loadingURI":"#","pointer":"/items/properties/status"}
    domain: "syntax"
    ignored: ["$id","examples"]
warning: the following keywords are unknown and will be ignored: [$id]
    level: "warning"
    schema: {"loadingURI":"#","pointer":"/items/properties/tags"}
    domain: "syntax"
    ignored: ["$id"]
warning: the following keywords are unknown and will be ignored: [$id]
    level: "warning"
    schema: {"loadingURI":"#","pointer":"/items/properties/tags/items"}
    domain: "syntax"
    ignored: ["$id"]
warning: the following keywords are unknown and will be ignored: [$id, examples]
    level: "warning"
    schema: {"loadingURI":"#","pointer":"/items/properties/tags/items/properties/id"}
    domain: "syntax"
    ignored: ["$id","examples"]
warning: the following keywords are unknown and will be ignored: [$id, examples]
    level: "warning"
    schema: {"loadingURI":"#","pointer":"/items/properties/tags/items/properties/name"}
    domain: "syntax"
    ignored: ["$id","examples"]
warning: the following keywords are unknown and will be ignored: [$id]
    level: "warning"
    schema: {"loadingURI":"#","pointer":"/items"}
    domain: "syntax"
    ignored: ["$id"]
warning: the following keywords are unknown and will be ignored: [$id]
    level: "warning"
    schema: {"loadingURI":"#","pointer":"/items/properties/category"}
    domain: "syntax"
    ignored: ["$id"]
warning: the following keywords are unknown and will be ignored: [$id, examples]
    level: "warning"
    schema: {"loadingURI":"#","pointer":"/items/properties/category/properties/id"}
    domain: "syntax"
    ignored: ["$id","examples"]
warning: the following keywords are unknown and will be ignored: [$id, examples]
    level: "warning"
    schema: {"loadingURI":"#","pointer":"/items/properties/category/properties/name"}
    domain: "syntax"
    ignored: ["$id","examples"]
warning: the following keywords are unknown and will be ignored: [$id, examples]
    level: "warning"
    schema: {"loadingURI":"#","pointer":"/items/properties/id"}
    domain: "syntax"
    ignored: ["$id","examples"]
warning: the following keywords are unknown and will be ignored: [$id, examples]
    level: "warning"
    schema: {"loadingURI":"#","pointer":"/items/properties/name"}
    domain: "syntax"
    ignored: ["$id","examples"]
warning: the following keywords are unknown and will be ignored: [$id]
    level: "warning"
    schema: {"loadingURI":"#","pointer":"/items/properties/photoUrls"}
    domain: "syntax"
    ignored: ["$id"]
warning: the following keywords are unknown and will be ignored: [$id, examples]
    level: "warning"
    schema: {"loadingURI":"#","pointer":"/items/properties/photoUrls/items"}
    domain: "syntax"
    ignored: ["$id","examples"]
warning: the following keywords are unknown and will be ignored: [$id, examples]
    level: "warning"
    schema: {"loadingURI":"#","pointer":"/items/properties/status"}
    domain: "syntax"
    ignored: ["$id","examples"]
warning: the following keywords are unknown and will be ignored: [$id]
    level: "warning"
    schema: {"loadingURI":"#","pointer":"/items/properties/tags"}
    domain: "syntax"
    ignored: ["$id"]
warning: the following keywords are unknown and will be ignored: [$id]
    level: "warning"
    schema: {"loadingURI":"#","pointer":"/items/properties/tags/items"}
    domain: "syntax"
    ignored: ["$id"]
warning: the following keywords are unknown and will be ignored: [$id, examples]
    level: "warning"
    schema: {"loadingURI":"#","pointer":"/items/properties/tags/items/properties/id"}
    domain: "syntax"
    ignored: ["$id","examples"]
warning: the following keywords are unknown and will be ignored: [$id, examples]
    level: "warning"
    schema: {"loadingURI":"#","pointer":"/items/properties/tags/items/properties/name"}
    domain: "syntax"
    ignored: ["$id","examples"]
warning: the following keywords are unknown and will be ignored: [$id]
    level: "warning"
    schema: {"loadingURI":"#","pointer":"/items"}
    domain: "syntax"
    ignored: ["$id"]
warning: the following keywords are unknown and will be ignored: [$id]
    level: "warning"
    schema: {"loadingURI":"#","pointer":"/items/properties/category"}
    domain: "syntax"
    ignored: ["$id"]
warning: the following keywords are unknown and will be ignored: [$id, examples]
    level: "warning"
    schema: {"loadingURI":"#","pointer":"/items/properties/category/properties/id"}
    domain: "syntax"
    ignored: ["$id","examples"]
warning: the following keywords are unknown and will be ignored: [$id, examples]
    level: "warning"
    schema: {"loadingURI":"#","pointer":"/items/properties/category/properties/name"}
    domain: "syntax"
    ignored: ["$id","examples"]
warning: the following keywords are unknown and will be ignored: [$id, examples]
    level: "warning"
    schema: {"loadingURI":"#","pointer":"/items/properties/id"}
    domain: "syntax"
    ignored: ["$id","examples"]
warning: the following keywords are unknown and will be ignored: [$id, examples]
    level: "warning"
    schema: {"loadingURI":"#","pointer":"/items/properties/name"}
    domain: "syntax"
    ignored: ["$id","examples"]
warning: the following keywords are unknown and will be ignored: [$id]
    level: "warning"
    schema: {"loadingURI":"#","pointer":"/items/properties/photoUrls"}
    domain: "syntax"
    ignored: ["$id"]
warning: the following keywords are unknown and will be ignored: [$id, examples]
    level: "warning"
    schema: {"loadingURI":"#","pointer":"/items/properties/photoUrls/items"}
    domain: "syntax"
    ignored: ["$id","examples"]
warning: the following keywords are unknown and will be ignored: [$id, examples]
    level: "warning"
    schema: {"loadingURI":"#","pointer":"/items/properties/status"}
    domain: "syntax"
    ignored: ["$id","examples"]
warning: the following keywords are unknown and will be ignored: [$id]
    level: "warning"
    schema: {"loadingURI":"#","pointer":"/items/properties/tags"}
    domain: "syntax"
    ignored: ["$id"]
warning: the following keywords are unknown and will be ignored: [$id]
    level: "warning"
    schema: {"loadingURI":"#","pointer":"/items/properties/tags/items"}
    domain: "syntax"
    ignored: ["$id"]
warning: the following keywords are unknown and will be ignored: [$id, examples]
    level: "warning"
    schema: {"loadingURI":"#","pointer":"/items/properties/tags/items/properties/id"}
    domain: "syntax"
    ignored: ["$id","examples"]
warning: the following keywords are unknown and will be ignored: [$id, examples]
    level: "warning"
    schema: {"loadingURI":"#","pointer":"/items/properties/tags/items/properties/name"}
    domain: "syntax"
    ignored: ["$id","examples"]
warning: the following keywords are unknown and will be ignored: [$id]
    level: "warning"
    schema: {"loadingURI":"#","pointer":"/items"}
    domain: "syntax"
    ignored: ["$id"]
warning: the following keywords are unknown and will be ignored: [$id]
    level: "warning"
    schema: {"loadingURI":"#","pointer":"/items/properties/category"}
    domain: "syntax"
    ignored: ["$id"]
warning: the following keywords are unknown and will be ignored: [$id, examples]
    level: "warning"
    schema: {"loadingURI":"#","pointer":"/items/properties/category/properties/id"}
    domain: "syntax"
    ignored: ["$id","examples"]
warning: the following keywords are unknown and will be ignored: [$id, examples]
    level: "warning"
    schema: {"loadingURI":"#","pointer":"/items/properties/category/properties/name"}
    domain: "syntax"
    ignored: ["$id","examples"]
warning: the following keywords are unknown and will be ignored: [$id, examples]
    level: "warning"
    schema: {"loadingURI":"#","pointer":"/items/properties/id"}
    domain: "syntax"
    ignored: ["$id","examples"]
warning: the following keywords are unknown and will be ignored: [$id, examples]
    level: "warning"
    schema: {"loadingURI":"#","pointer":"/items/properties/name"}
    domain: "syntax"
    ignored: ["$id","examples"]
warning: the following keywords are unknown and will be ignored: [$id]
    level: "warning"
    schema: {"loadingURI":"#","pointer":"/items/properties/photoUrls"}
    domain: "syntax"
    ignored: ["$id"]
warning: the following keywords are unknown and will be ignored: [$id, examples]
    level: "warning"
    schema: {"loadingURI":"#","pointer":"/items/properties/photoUrls/items"}
    domain: "syntax"
    ignored: ["$id","examples"]
warning: the following keywords are unknown and will be ignored: [$id, examples]
    level: "warning"
    schema: {"loadingURI":"#","pointer":"/items/properties/status"}
    domain: "syntax"
    ignored: ["$id","examples"]
warning: the following keywords are unknown and will be ignored: [$id]
    level: "warning"
    schema: {"loadingURI":"#","pointer":"/items/properties/tags"}
    domain: "syntax"
    ignored: ["$id"]
warning: the following keywords are unknown and will be ignored: [$id]
    level: "warning"
    schema: {"loadingURI":"#","pointer":"/items/properties/tags/items"}
    domain: "syntax"
    ignored: ["$id"]
warning: the following keywords are unknown and will be ignored: [$id, examples]
    level: "warning"
    schema: {"loadingURI":"#","pointer":"/items/properties/tags/items/properties/id"}
    domain: "syntax"
    ignored: ["$id","examples"]
warning: the following keywords are unknown and will be ignored: [$id, examples]
    level: "warning"
    schema: {"loadingURI":"#","pointer":"/items/properties/tags/items/properties/name"}
    domain: "syntax"
    ignored: ["$id","examples"]
warning: the following keywords are unknown and will be ignored: [$id]
    level: "warning"
    schema: {"loadingURI":"#","pointer":"/items"}
    domain: "syntax"
    ignored: ["$id"]
warning: the following keywords are unknown and will be ignored: [$id]
    level: "warning"
    schema: {"loadingURI":"#","pointer":"/items/properties/category"}
    domain: "syntax"
    ignored: ["$id"]
warning: the following keywords are unknown and will be ignored: [$id, examples]
    level: "warning"
    schema: {"loadingURI":"#","pointer":"/items/properties/category/properties/id"}
    domain: "syntax"
    ignored: ["$id","examples"]
warning: the following keywords are unknown and will be ignored: [$id, examples]
    level: "warning"
    schema: {"loadingURI":"#","pointer":"/items/properties/category/properties/name"}
    domain: "syntax"
    ignored: ["$id","examples"]
warning: the following keywords are unknown and will be ignored: [$id, examples]
    level: "warning"
    schema: {"loadingURI":"#","pointer":"/items/properties/id"}
    domain: "syntax"
    ignored: ["$id","examples"]
warning: the following keywords are unknown and will be ignored: [$id, examples]
    level: "warning"
    schema: {"loadingURI":"#","pointer":"/items/properties/name"}
    domain: "syntax"
    ignored: ["$id","examples"]
warning: the following keywords are unknown and will be ignored: [$id]
    level: "warning"
    schema: {"loadingURI":"#","pointer":"/items/properties/photoUrls"}
    domain: "syntax"
    ignored: ["$id"]
warning: the following keywords are unknown and will be ignored: [$id, examples]
    level: "warning"
    schema: {"loadingURI":"#","pointer":"/items/properties/photoUrls/items"}
    domain: "syntax"
    ignored: ["$id","examples"]
warning: the following keywords are unknown and will be ignored: [$id, examples]
    level: "warning"
    schema: {"loadingURI":"#","pointer":"/items/properties/status"}
    domain: "syntax"
    ignored: ["$id","examples"]
warning: the following keywords are unknown and will be ignored: [$id]
    level: "warning"
    schema: {"loadingURI":"#","pointer":"/items/properties/tags"}
    domain: "syntax"
    ignored: ["$id"]
warning: the following keywords are unknown and will be ignored: [$id]
    level: "warning"
    schema: {"loadingURI":"#","pointer":"/items/properties/tags/items"}
    domain: "syntax"
    ignored: ["$id"]
warning: the following keywords are unknown and will be ignored: [$id, examples]
    level: "warning"
    schema: {"loadingURI":"#","pointer":"/items/properties/tags/items/properties/id"}
    domain: "syntax"
    ignored: ["$id","examples"]
warning: the following keywords are unknown and will be ignored: [$id, examples]
    level: "warning"
    schema: {"loadingURI":"#","pointer":"/items/properties/tags/items/properties/name"}
    domain: "syntax"
    ignored: ["$id","examples"]
warning: the following keywords are unknown and will be ignored: [$id]
    level: "warning"
    schema: {"loadingURI":"#","pointer":"/items"}
    domain: "syntax"
    ignored: ["$id"]
warning: the following keywords are unknown and will be ignored: [$id]
    level: "warning"
    schema: {"loadingURI":"#","pointer":"/items/properties/category"}
    domain: "syntax"
    ignored: ["$id"]
warning: the following keywords are unknown and will be ignored: [$id, examples]
    level: "warning"
    schema: {"loadingURI":"#","pointer":"/items/properties/category/properties/id"}
    domain: "syntax"
    ignored: ["$id","examples"]
warning: the following keywords are unknown and will be ignored: [$id, examples]
    level: "warning"
    schema: {"loadingURI":"#","pointer":"/items/properties/category/properties/name"}
    domain: "syntax"
    ignored: ["$id","examples"]
warning: the following keywords are unknown and will be ignored: [$id, examples]
    level: "warning"
    schema: {"loadingURI":"#","pointer":"/items/properties/id"}
    domain: "syntax"
    ignored: ["$id","examples"]
warning: the following keywords are unknown and will be ignored: [$id, examples]
    level: "warning"
    schema: {"loadingURI":"#","pointer":"/items/properties/name"}
    domain: "syntax"
    ignored: ["$id","examples"]
warning: the following keywords are unknown and will be ignored: [$id]
    level: "warning"
    schema: {"loadingURI":"#","pointer":"/items/properties/photoUrls"}
    domain: "syntax"
    ignored: ["$id"]
warning: the following keywords are unknown and will be ignored: [$id, examples]
    level: "warning"
    schema: {"loadingURI":"#","pointer":"/items/properties/photoUrls/items"}
    domain: "syntax"
    ignored: ["$id","examples"]
warning: the following keywords are unknown and will be ignored: [$id, examples]
    level: "warning"
    schema: {"loadingURI":"#","pointer":"/items/properties/status"}
    domain: "syntax"
    ignored: ["$id","examples"]
warning: the following keywords are unknown and will be ignored: [$id]
    level: "warning"
    schema: {"loadingURI":"#","pointer":"/items/properties/tags"}
    domain: "syntax"
    ignored: ["$id"]
warning: the following keywords are unknown and will be ignored: [$id]
    level: "warning"
    schema: {"loadingURI":"#","pointer":"/items/properties/tags/items"}
    domain: "syntax"
    ignored: ["$id"]
warning: the following keywords are unknown and will be ignored: [$id, examples]
    level: "warning"
    schema: {"loadingURI":"#","pointer":"/items/properties/tags/items/properties/id"}
    domain: "syntax"
    ignored: ["$id","examples"]
warning: the following keywords are unknown and will be ignored: [$id, examples]
    level: "warning"
    schema: {"loadingURI":"#","pointer":"/items/properties/tags/items/properties/name"}
    domain: "syntax"
    ignored: ["$id","examples"]
warning: the following keywords are unknown and will be ignored: [$id]
    level: "warning"
    schema: {"loadingURI":"#","pointer":"/items"}
    domain: "syntax"
    ignored: ["$id"]
warning: the following keywords are unknown and will be ignored: [$id]
    level: "warning"
    schema: {"loadingURI":"#","pointer":"/items/properties/category"}
    domain: "syntax"
    ignored: ["$id"]
warning: the following keywords are unknown and will be ignored: [$id, examples]
    level: "warning"
    schema: {"loadingURI":"#","pointer":"/items/properties/category/properties/id"}
    domain: "syntax"
    ignored: ["$id","examples"]
warning: the following keywords are unknown and will be ignored: [$id, examples]
    level: "warning"
    schema: {"loadingURI":"#","pointer":"/items/properties/category/properties/name"}
    domain: "syntax"
    ignored: ["$id","examples"]
warning: the following keywords are unknown and will be ignored: [$id, examples]
    level: "warning"
    schema: {"loadingURI":"#","pointer":"/items/properties/id"}
    domain: "syntax"
    ignored: ["$id","examples"]
warning: the following keywords are unknown and will be ignored: [$id, examples]
    level: "warning"
    schema: {"loadingURI":"#","pointer":"/items/properties/name"}
    domain: "syntax"
    ignored: ["$id","examples"]
warning: the following keywords are unknown and will be ignored: [$id]
    level: "warning"
    schema: {"loadingURI":"#","pointer":"/items/properties/photoUrls"}
    domain: "syntax"
    ignored: ["$id"]
warning: the following keywords are unknown and will be ignored: [$id, examples]
    level: "warning"
    schema: {"loadingURI":"#","pointer":"/items/properties/photoUrls/items"}
    domain: "syntax"
    ignored: ["$id","examples"]
warning: the following keywords are unknown and will be ignored: [$id, examples]
    level: "warning"
    schema: {"loadingURI":"#","pointer":"/items/properties/status"}
    domain: "syntax"
    ignored: ["$id","examples"]
warning: the following keywords are unknown and will be ignored: [$id]
    level: "warning"
    schema: {"loadingURI":"#","pointer":"/items/properties/tags"}
    domain: "syntax"
    ignored: ["$id"]
warning: the following keywords are unknown and will be ignored: [$id]
    level: "warning"
    schema: {"loadingURI":"#","pointer":"/items/properties/tags/items"}
    domain: "syntax"
    ignored: ["$id"]
warning: the following keywords are unknown and will be ignored: [$id, examples]
    level: "warning"
    schema: {"loadingURI":"#","pointer":"/items/properties/tags/items/properties/id"}
    domain: "syntax"
    ignored: ["$id","examples"]
warning: the following keywords are unknown and will be ignored: [$id, examples]
    level: "warning"
    schema: {"loadingURI":"#","pointer":"/items/properties/tags/items/properties/name"}
    domain: "syntax"
    ignored: ["$id","examples"]
warning: the following keywords are unknown and will be ignored: [$id]
    level: "warning"
    schema: {"loadingURI":"#","pointer":"/items"}
    domain: "syntax"
    ignored: ["$id"]
warning: the following keywords are unknown and will be ignored: [$id]
    level: "warning"
    schema: {"loadingURI":"#","pointer":"/items/properties/category"}
    domain: "syntax"
    ignored: ["$id"]
warning: the following keywords are unknown and will be ignored: [$id, examples]
    level: "warning"
    schema: {"loadingURI":"#","pointer":"/items/properties/category/properties/id"}
    domain: "syntax"
    ignored: ["$id","examples"]
warning: the following keywords are unknown and will be ignored: [$id, examples]
    level: "warning"
    schema: {"loadingURI":"#","pointer":"/items/properties/category/properties/name"}
    domain: "syntax"
    ignored: ["$id","examples"]
warning: the following keywords are unknown and will be ignored: [$id, examples]
    level: "warning"
    schema: {"loadingURI":"#","pointer":"/items/properties/id"}
    domain: "syntax"
    ignored: ["$id","examples"]
warning: the following keywords are unknown and will be ignored: [$id, examples]
    level: "warning"
    schema: {"loadingURI":"#","pointer":"/items/properties/name"}
    domain: "syntax"
    ignored: ["$id","examples"]
warning: the following keywords are unknown and will be ignored: [$id]
    level: "warning"
    schema: {"loadingURI":"#","pointer":"/items/properties/photoUrls"}
    domain: "syntax"
    ignored: ["$id"]
warning: the following keywords are unknown and will be ignored: [$id, examples]
    level: "warning"
    schema: {"loadingURI":"#","pointer":"/items/properties/photoUrls/items"}
    domain: "syntax"
    ignored: ["$id","examples"]
warning: the following keywords are unknown and will be ignored: [$id, examples]
    level: "warning"
    schema: {"loadingURI":"#","pointer":"/items/properties/status"}
    domain: "syntax"
    ignored: ["$id","examples"]
warning: the following keywords are unknown and will be ignored: [$id]
    level: "warning"
    schema: {"loadingURI":"#","pointer":"/items/properties/tags"}
    domain: "syntax"
    ignored: ["$id"]
warning: the following keywords are unknown and will be ignored: [$id]
    level: "warning"
    schema: {"loadingURI":"#","pointer":"/items/properties/tags/items"}
    domain: "syntax"
    ignored: ["$id"]
warning: the following keywords are unknown and will be ignored: [$id, examples]
    level: "warning"
    schema: {"loadingURI":"#","pointer":"/items/properties/tags/items/properties/id"}
    domain: "syntax"
    ignored: ["$id","examples"]
warning: the following keywords are unknown and will be ignored: [$id, examples]
    level: "warning"
    schema: {"loadingURI":"#","pointer":"/items/properties/tags/items/properties/name"}
    domain: "syntax"
    ignored: ["$id","examples"]
error: object has missing required properties (["name"])
    level: "error"
    schema: {"loadingURI":"#","pointer":"/items"}
    instance: {"pointer":"/218"}
    domain: "validation"
    keyword: "required"
    required: ["category","id","name","photoUrls","status","tags"]
    missing: ["name"]
warning: the following keywords are unknown and will be ignored: [$id]
    level: "warning"
    schema: {"loadingURI":"#","pointer":"/items"}
    domain: "syntax"
    ignored: ["$id"]
warning: the following keywords are unknown and will be ignored: [$id]
    level: "warning"
    schema: {"loadingURI":"#","pointer":"/items/properties/category"}
    domain: "syntax"
    ignored: ["$id"]
warning: the following keywords are unknown and will be ignored: [$id, examples]
    level: "warning"
    schema: {"loadingURI":"#","pointer":"/items/properties/category/properties/id"}
    domain: "syntax"
    ignored: ["$id","examples"]
warning: the following keywords are unknown and will be ignored: [$id, examples]
    level: "warning"
    schema: {"loadingURI":"#","pointer":"/items/properties/category/properties/name"}
    domain: "syntax"
    ignored: ["$id","examples"]
warning: the following keywords are unknown and will be ignored: [$id, examples]
    level: "warning"
    schema: {"loadingURI":"#","pointer":"/items/properties/id"}
    domain: "syntax"
    ignored: ["$id","examples"]
warning: the following keywords are unknown and will be ignored: [$id, examples]
    level: "warning"
    schema: {"loadingURI":"#","pointer":"/items/properties/name"}
    domain: "syntax"
    ignored: ["$id","examples"]
warning: the following keywords are unknown and will be ignored: [$id]
    level: "warning"
    schema: {"loadingURI":"#","pointer":"/items/properties/photoUrls"}
    domain: "syntax"
    ignored: ["$id"]
warning: the following keywords are unknown and will be ignored: [$id, examples]
    level: "warning"
    schema: {"loadingURI":"#","pointer":"/items/properties/photoUrls/items"}
    domain: "syntax"
    ignored: ["$id","examples"]
warning: the following keywords are unknown and will be ignored: [$id, examples]
    level: "warning"
    schema: {"loadingURI":"#","pointer":"/items/properties/status"}
    domain: "syntax"
    ignored: ["$id","examples"]
warning: the following keywords are unknown and will be ignored: [$id]
    level: "warning"
    schema: {"loadingURI":"#","pointer":"/items/properties/tags"}
    domain: "syntax"
    ignored: ["$id"]
warning: the following keywords are unknown and will be ignored: [$id]
    level: "warning"
    schema: {"loadingURI":"#","pointer":"/items/properties/tags/items"}
    domain: "syntax"
    ignored: ["$id"]
warning: the following keywords are unknown and will be ignored: [$id, examples]
    level: "warning"
    schema: {"loadingURI":"#","pointer":"/items/properties/tags/items/properties/id"}
    domain: "syntax"
    ignored: ["$id","examples"]
warning: the following keywords are unknown and will be ignored: [$id, examples]
    level: "warning"
    schema: {"loadingURI":"#","pointer":"/items/properties/tags/items/properties/name"}
    domain: "syntax"
    ignored: ["$id","examples"]
warning: the following keywords are unknown and will be ignored: [$id]
    level: "warning"
    schema: {"loadingURI":"#","pointer":"/items"}
    domain: "syntax"
    ignored: ["$id"]
warning: the following keywords are unknown and will be ignored: [$id]
    level: "warning"
    schema: {"loadingURI":"#","pointer":"/items/properties/category"}
    domain: "syntax"
    ignored: ["$id"]
warning: the following keywords are unknown and will be ignored: [$id, examples]
    level: "warning"
    schema: {"loadingURI":"#","pointer":"/items/properties/category/properties/id"}
    domain: "syntax"
    ignored: ["$id","examples"]
warning: the following keywords are unknown and will be ignored: [$id, examples]
    level: "warning"
    schema: {"loadingURI":"#","pointer":"/items/properties/category/properties/name"}
    domain: "syntax"
    ignored: ["$id","examples"]
warning: the following keywords are unknown and will be ignored: [$id, examples]
    level: "warning"
    schema: {"loadingURI":"#","pointer":"/items/properties/id"}
    domain: "syntax"
    ignored: ["$id","examples"]
warning: the following keywords are unknown and will be ignored: [$id, examples]
    level: "warning"
    schema: {"loadingURI":"#","pointer":"/items/properties/name"}
    domain: "syntax"
    ignored: ["$id","examples"]
warning: the following keywords are unknown and will be ignored: [$id]
    level: "warning"
    schema: {"loadingURI":"#","pointer":"/items/properties/photoUrls"}
    domain: "syntax"
    ignored: ["$id"]
warning: the following keywords are unknown and will be ignored: [$id, examples]
    level: "warning"
    schema: {"loadingURI":"#","pointer":"/items/properties/photoUrls/items"}
    domain: "syntax"
    ignored: ["$id","examples"]
warning: the following keywords are unknown and will be ignored: [$id, examples]
    level: "warning"
    schema: {"loadingURI":"#","pointer":"/items/properties/status"}
    domain: "syntax"
    ignored: ["$id","examples"]
warning: the following keywords are unknown and will be ignored: [$id]
    level: "warning"
    schema: {"loadingURI":"#","pointer":"/items/properties/tags"}
    domain: "syntax"
    ignored: ["$id"]
warning: the following keywords are unknown and will be ignored: [$id]
    level: "warning"
    schema: {"loadingURI":"#","pointer":"/items/properties/tags/items"}
    domain: "syntax"
    ignored: ["$id"]
warning: the following keywords are unknown and will be ignored: [$id, examples]
    level: "warning"
    schema: {"loadingURI":"#","pointer":"/items/properties/tags/items/properties/id"}
    domain: "syntax"
    ignored: ["$id","examples"]
warning: the following keywords are unknown and will be ignored: [$id, examples]
    level: "warning"
    schema: {"loadingURI":"#","pointer":"/items/properties/tags/items/properties/name"}
    domain: "syntax"
    ignored: ["$id","examples"]
warning: the following keywords are unknown and will be ignored: [$id]
    level: "warning"
    schema: {"loadingURI":"#","pointer":"/items"}
    domain: "syntax"
    ignored: ["$id"]
warning: the following keywords are unknown and will be ignored: [$id]
    level: "warning"
    schema: {"loadingURI":"#","pointer":"/items/properties/category"}
    domain: "syntax"
    ignored: ["$id"]
warning: the following keywords are unknown and will be ignored: [$id, examples]
    level: "warning"
    schema: {"loadingURI":"#","pointer":"/items/properties/category/properties/id"}
    domain: "syntax"
    ignored: ["$id","examples"]
warning: the following keywords are unknown and will be ignored: [$id, examples]
    level: "warning"
    schema: {"loadingURI":"#","pointer":"/items/properties/category/properties/name"}
    domain: "syntax"
    ignored: ["$id","examples"]
warning: the following keywords are unknown and will be ignored: [$id, examples]
    level: "warning"
    schema: {"loadingURI":"#","pointer":"/items/properties/id"}
    domain: "syntax"
    ignored: ["$id","examples"]
warning: the following keywords are unknown and will be ignored: [$id, examples]
    level: "warning"
    schema: {"loadingURI":"#","pointer":"/items/properties/name"}
    domain: "syntax"
    ignored: ["$id","examples"]
warning: the following keywords are unknown and will be ignored: [$id]
    level: "warning"
    schema: {"loadingURI":"#","pointer":"/items/properties/photoUrls"}
    domain: "syntax"
    ignored: ["$id"]
warning: the following keywords are unknown and will be ignored: [$id, examples]
    level: "warning"
    schema: {"loadingURI":"#","pointer":"/items/properties/photoUrls/items"}
    domain: "syntax"
    ignored: ["$id","examples"]
warning: the following keywords are unknown and will be ignored: [$id, examples]
    level: "warning"
    schema: {"loadingURI":"#","pointer":"/items/properties/status"}
    domain: "syntax"
    ignored: ["$id","examples"]
warning: the following keywords are unknown and will be ignored: [$id]
    level: "warning"
    schema: {"loadingURI":"#","pointer":"/items/properties/tags"}
    domain: "syntax"
    ignored: ["$id"]
warning: the following keywords are unknown and will be ignored: [$id]
    level: "warning"
    schema: {"loadingURI":"#","pointer":"/items/properties/tags/items"}
    domain: "syntax"
    ignored: ["$id"]
warning: the following keywords are unknown and will be ignored: [$id, examples]
    level: "warning"
    schema: {"loadingURI":"#","pointer":"/items/properties/tags/items/properties/id"}
    domain: "syntax"
    ignored: ["$id","examples"]
warning: the following keywords are unknown and will be ignored: [$id, examples]
    level: "warning"
    schema: {"loadingURI":"#","pointer":"/items/properties/tags/items/properties/name"}
    domain: "syntax"
    ignored: ["$id","examples"]
warning: the following keywords are unknown and will be ignored: [$id]
    level: "warning"
    schema: {"loadingURI":"#","pointer":"/items"}
    domain: "syntax"
    ignored: ["$id"]
warning: the following keywords are unknown and will be ignored: [$id]
    level: "warning"
    schema: {"loadingURI":"#","pointer":"/items/properties/category"}
    domain: "syntax"
    ignored: ["$id"]
warning: the following keywords are unknown and will be ignored: [$id, examples]
    level: "warning"
    schema: {"loadingURI":"#","pointer":"/items/properties/category/properties/id"}
    domain: "syntax"
    ignored: ["$id","examples"]
warning: the following keywords are unknown and will be ignored: [$id, examples]
    level: "warning"
    schema: {"loadingURI":"#","pointer":"/items/properties/category/properties/name"}
    domain: "syntax"
    ignored: ["$id","examples"]
warning: the following keywords are unknown and will be ignored: [$id, examples]
    level: "warning"
    schema: {"loadingURI":"#","pointer":"/items/properties/id"}
    domain: "syntax"
    ignored: ["$id","examples"]
warning: the following keywords are unknown and will be ignored: [$id, examples]
    level: "warning"
    schema: {"loadingURI":"#","pointer":"/items/properties/name"}
    domain: "syntax"
    ignored: ["$id","examples"]
warning: the following keywords are unknown and will be ignored: [$id]
    level: "warning"
    schema: {"loadingURI":"#","pointer":"/items/properties/photoUrls"}
    domain: "syntax"
    ignored: ["$id"]
warning: the following keywords are unknown and will be ignored: [$id, examples]
    level: "warning"
    schema: {"loadingURI":"#","pointer":"/items/properties/photoUrls/items"}
    domain: "syntax"
    ignored: ["$id","examples"]
warning: the following keywords are unknown and will be ignored: [$id, examples]
    level: "warning"
    schema: {"loadingURI":"#","pointer":"/items/properties/status"}
    domain: "syntax"
    ignored: ["$id","examples"]
warning: the following keywords are unknown and will be ignored: [$id]
    level: "warning"
    schema: {"loadingURI":"#","pointer":"/items/properties/tags"}
    domain: "syntax"
    ignored: ["$id"]
warning: the following keywords are unknown and will be ignored: [$id]
    level: "warning"
    schema: {"loadingURI":"#","pointer":"/items/properties/tags/items"}
    domain: "syntax"
    ignored: ["$id"]
warning: the following keywords are unknown and will be ignored: [$id, examples]
    level: "warning"
    schema: {"loadingURI":"#","pointer":"/items/properties/tags/items/properties/id"}
    domain: "syntax"
    ignored: ["$id","examples"]
warning: the following keywords are unknown and will be ignored: [$id, examples]
    level: "warning"
    schema: {"loadingURI":"#","pointer":"/items/properties/tags/items/properties/name"}
    domain: "syntax"
    ignored: ["$id","examples"]
warning: the following keywords are unknown and will be ignored: [$id]
    level: "warning"
    schema: {"loadingURI":"#","pointer":"/items"}
    domain: "syntax"
    ignored: ["$id"]
warning: the following keywords are unknown and will be ignored: [$id]
    level: "warning"
    schema: {"loadingURI":"#","pointer":"/items/properties/category"}
    domain: "syntax"
    ignored: ["$id"]
warning: the following keywords are unknown and will be ignored: [$id, examples]
    level: "warning"
    schema: {"loadingURI":"#","pointer":"/items/properties/category/properties/id"}
    domain: "syntax"
    ignored: ["$id","examples"]
warning: the following keywords are unknown and will be ignored: [$id, examples]
    level: "warning"
    schema: {"loadingURI":"#","pointer":"/items/properties/category/properties/name"}
    domain: "syntax"
    ignored: ["$id","examples"]
warning: the following keywords are unknown and will be ignored: [$id, examples]
    level: "warning"
    schema: {"loadingURI":"#","pointer":"/items/properties/id"}
    domain: "syntax"
    ignored: ["$id","examples"]
warning: the following keywords are unknown and will be ignored: [$id, examples]
    level: "warning"
    schema: {"loadingURI":"#","pointer":"/items/properties/name"}
    domain: "syntax"
    ignored: ["$id","examples"]
warning: the following keywords are unknown and will be ignored: [$id]
    level: "warning"
    schema: {"loadingURI":"#","pointer":"/items/properties/photoUrls"}
    domain: "syntax"
    ignored: ["$id"]
warning: the following keywords are unknown and will be ignored: [$id, examples]
    level: "warning"
    schema: {"loadingURI":"#","pointer":"/items/properties/photoUrls/items"}
    domain: "syntax"
    ignored: ["$id","examples"]
warning: the following keywords are unknown and will be ignored: [$id, examples]
    level: "warning"
    schema: {"loadingURI":"#","pointer":"/items/properties/status"}
    domain: "syntax"
    ignored: ["$id","examples"]
warning: the following keywords are unknown and will be ignored: [$id]
    level: "warning"
    schema: {"loadingURI":"#","pointer":"/items/properties/tags"}
    domain: "syntax"
    ignored: ["$id"]
warning: the following keywords are unknown and will be ignored: [$id]
    level: "warning"
    schema: {"loadingURI":"#","pointer":"/items/properties/tags/items"}
    domain: "syntax"
    ignored: ["$id"]
warning: the following keywords are unknown and will be ignored: [$id, examples]
    level: "warning"
    schema: {"loadingURI":"#","pointer":"/items/properties/tags/items/properties/id"}
    domain: "syntax"
    ignored: ["$id","examples"]
warning: the following keywords are unknown and will be ignored: [$id, examples]
    level: "warning"
    schema: {"loadingURI":"#","pointer":"/items/properties/tags/items/properties/name"}
    domain: "syntax"
    ignored: ["$id","examples"]
warning: the following keywords are unknown and will be ignored: [$id]
    level: "warning"
    schema: {"loadingURI":"#","pointer":"/items"}
    domain: "syntax"
    ignored: ["$id"]
warning: the following keywords are unknown and will be ignored: [$id]
    level: "warning"
    schema: {"loadingURI":"#","pointer":"/items/properties/category"}
    domain: "syntax"
    ignored: ["$id"]
warning: the following keywords are unknown and will be ignored: [$id, examples]
    level: "warning"
    schema: {"loadingURI":"#","pointer":"/items/properties/category/properties/id"}
    domain: "syntax"
    ignored: ["$id","examples"]
warning: the following keywords are unknown and will be ignored: [$id, examples]
    level: "warning"
    schema: {"loadingURI":"#","pointer":"/items/properties/category/properties/name"}
    domain: "syntax"
    ignored: ["$id","examples"]
warning: the following keywords are unknown and will be ignored: [$id, examples]
    level: "warning"
    schema: {"loadingURI":"#","pointer":"/items/properties/id"}
    domain: "syntax"
    ignored: ["$id","examples"]
warning: the following keywords are unknown and will be ignored: [$id, examples]
    level: "warning"
    schema: {"loadingURI":"#","pointer":"/items/properties/name"}
    domain: "syntax"
    ignored: ["$id","examples"]
warning: the following keywords are unknown and will be ignored: [$id]
    level: "warning"
    schema: {"loadingURI":"#","pointer":"/items/properties/photoUrls"}
    domain: "syntax"
    ignored: ["$id"]
warning: the following keywords are unknown and will be ignored: [$id, examples]
    level: "warning"
    schema: {"loadingURI":"#","pointer":"/items/properties/photoUrls/items"}
    domain: "syntax"
    ignored: ["$id","examples"]
warning: the following keywords are unknown and will be ignored: [$id, examples]
    level: "warning"
    schema: {"loadingURI":"#","pointer":"/items/properties/status"}
    domain: "syntax"
    ignored: ["$id","examples"]
warning: the following keywords are unknown and will be ignored: [$id]
    level: "warning"
    schema: {"loadingURI":"#","pointer":"/items/properties/tags"}
    domain: "syntax"
    ignored: ["$id"]
warning: the following keywords are unknown and will be ignored: [$id]
    level: "warning"
    schema: {"loadingURI":"#","pointer":"/items/properties/tags/items"}
    domain: "syntax"
    ignored: ["$id"]
warning: the following keywords are unknown and will be ignored: [$id, examples]
    level: "warning"
    schema: {"loadingURI":"#","pointer":"/items/properties/tags/items/properties/id"}
    domain: "syntax"
    ignored: ["$id","examples"]
warning: the following keywords are unknown and will be ignored: [$id, examples]
    level: "warning"
    schema: {"loadingURI":"#","pointer":"/items/properties/tags/items/properties/name"}
    domain: "syntax"
    ignored: ["$id","examples"]
warning: the following keywords are unknown and will be ignored: [$id]
    level: "warning"
    schema: {"loadingURI":"#","pointer":"/items"}
    domain: "syntax"
    ignored: ["$id"]
warning: the following keywords are unknown and will be ignored: [$id]
    level: "warning"
    schema: {"loadingURI":"#","pointer":"/items/properties/category"}
    domain: "syntax"
    ignored: ["$id"]
warning: the following keywords are unknown and will be ignored: [$id, examples]
    level: "warning"
    schema: {"loadingURI":"#","pointer":"/items/properties/category/properties/id"}
    domain: "syntax"
    ignored: ["$id","examples"]
warning: the following keywords are unknown and will be ignored: [$id, examples]
    level: "warning"
    schema: {"loadingURI":"#","pointer":"/items/properties/category/properties/name"}
    domain: "syntax"
    ignored: ["$id","examples"]
warning: the following keywords are unknown and will be ignored: [$id, examples]
    level: "warning"
    schema: {"loadingURI":"#","pointer":"/items/properties/id"}
    domain: "syntax"
    ignored: ["$id","examples"]
warning: the following keywords are unknown and will be ignored: [$id, examples]
    level: "warning"
    schema: {"loadingURI":"#","pointer":"/items/properties/name"}
    domain: "syntax"
    ignored: ["$id","examples"]
warning: the following keywords are unknown and will be ignored: [$id]
    level: "warning"
    schema: {"loadingURI":"#","pointer":"/items/properties/photoUrls"}
    domain: "syntax"
    ignored: ["$id"]
warning: the following keywords are unknown and will be ignored: [$id, examples]
    level: "warning"
    schema: {"loadingURI":"#","pointer":"/items/properties/photoUrls/items"}
    domain: "syntax"
    ignored: ["$id","examples"]
warning: the following keywords are unknown and will be ignored: [$id, examples]
    level: "warning"
    schema: {"loadingURI":"#","pointer":"/items/properties/status"}
    domain: "syntax"
    ignored: ["$id","examples"]
warning: the following keywords are unknown and will be ignored: [$id]
    level: "warning"
    schema: {"loadingURI":"#","pointer":"/items/properties/tags"}
    domain: "syntax"
    ignored: ["$id"]
warning: the following keywords are unknown and will be ignored: [$id]
    level: "warning"
    schema: {"loadingURI":"#","pointer":"/items/properties/tags/items"}
    domain: "syntax"
    ignored: ["$id"]
warning: the following keywords are unknown and will be ignored: [$id, examples]
    level: "warning"
    schema: {"loadingURI":"#","pointer":"/items/properties/tags/items/properties/id"}
    domain: "syntax"
    ignored: ["$id","examples"]
warning: the following keywords are unknown and will be ignored: [$id, examples]
    level: "warning"
    schema: {"loadingURI":"#","pointer":"/items/properties/tags/items/properties/name"}
    domain: "syntax"
    ignored: ["$id","examples"]
warning: the following keywords are unknown and will be ignored: [$id]
    level: "warning"
    schema: {"loadingURI":"#","pointer":"/items"}
    domain: "syntax"
    ignored: ["$id"]
warning: the following keywords are unknown and will be ignored: [$id]
    level: "warning"
    schema: {"loadingURI":"#","pointer":"/items/properties/category"}
    domain: "syntax"
    ignored: ["$id"]
warning: the following keywords are unknown and will be ignored: [$id, examples]
    level: "warning"
    schema: {"loadingURI":"#","pointer":"/items/properties/category/properties/id"}
    domain: "syntax"
    ignored: ["$id","examples"]
warning: the following keywords are unknown and will be ignored: [$id, examples]
    level: "warning"
    schema: {"loadingURI":"#","pointer":"/items/properties/category/properties/name"}
    domain: "syntax"
    ignored: ["$id","examples"]
warning: the following keywords are unknown and will be ignored: [$id, examples]
    level: "warning"
    schema: {"loadingURI":"#","pointer":"/items/properties/id"}
    domain: "syntax"
    ignored: ["$id","examples"]
warning: the following keywords are unknown and will be ignored: [$id, examples]
    level: "warning"
    schema: {"loadingURI":"#","pointer":"/items/properties/name"}
    domain: "syntax"
    ignored: ["$id","examples"]
warning: the following keywords are unknown and will be ignored: [$id]
    level: "warning"
    schema: {"loadingURI":"#","pointer":"/items/properties/photoUrls"}
    domain: "syntax"
    ignored: ["$id"]
warning: the following keywords are unknown and will be ignored: [$id, examples]
    level: "warning"
    schema: {"loadingURI":"#","pointer":"/items/properties/photoUrls/items"}
    domain: "syntax"
    ignored: ["$id","examples"]
warning: the following keywords are unknown and will be ignored: [$id, examples]
    level: "warning"
    schema: {"loadingURI":"#","pointer":"/items/properties/status"}
    domain: "syntax"
    ignored: ["$id","examples"]
warning: the following keywords are unknown and will be ignored: [$id]
    level: "warning"
    schema: {"loadingURI":"#","pointer":"/items/properties/tags"}
    domain: "syntax"
    ignored: ["$id"]
warning: the following keywords are unknown and will be ignored: [$id]
    level: "warning"
    schema: {"loadingURI":"#","pointer":"/items/properties/tags/items"}
    domain: "syntax"
    ignored: ["$id"]
warning: the following keywords are unknown and will be ignored: [$id, examples]
    level: "warning"
    schema: {"loadingURI":"#","pointer":"/items/properties/tags/items/properties/id"}
    domain: "syntax"
    ignored: ["$id","examples"]
warning: the following keywords are unknown and will be ignored: [$id, examples]
    level: "warning"
    schema: {"loadingURI":"#","pointer":"/items/properties/tags/items/properties/name"}
    domain: "syntax"
    ignored: ["$id","examples"]
warning: the following keywords are unknown and will be ignored: [$id]
    level: "warning"
    schema: {"loadingURI":"#","pointer":"/items"}
    domain: "syntax"
    ignored: ["$id"]
warning: the following keywords are unknown and will be ignored: [$id]
    level: "warning"
    schema: {"loadingURI":"#","pointer":"/items/properties/category"}
    domain: "syntax"
    ignored: ["$id"]
warning: the following keywords are unknown and will be ignored: [$id, examples]
    level: "warning"
    schema: {"loadingURI":"#","pointer":"/items/properties/category/properties/id"}
    domain: "syntax"
    ignored: ["$id","examples"]
warning: the following keywords are unknown and will be ignored: [$id, examples]
    level: "warning"
    schema: {"loadingURI":"#","pointer":"/items/properties/category/properties/name"}
    domain: "syntax"
    ignored: ["$id","examples"]
warning: the following keywords are unknown and will be ignored: [$id, examples]
    level: "warning"
    schema: {"loadingURI":"#","pointer":"/items/properties/id"}
    domain: "syntax"
    ignored: ["$id","examples"]
warning: the following keywords are unknown and will be ignored: [$id, examples]
    level: "warning"
    schema: {"loadingURI":"#","pointer":"/items/properties/name"}
    domain: "syntax"
    ignored: ["$id","examples"]
warning: the following keywords are unknown and will be ignored: [$id]
    level: "warning"
    schema: {"loadingURI":"#","pointer":"/items/properties/photoUrls"}
    domain: "syntax"
    ignored: ["$id"]
warning: the following keywords are unknown and will be ignored: [$id, examples]
    level: "warning"
    schema: {"loadingURI":"#","pointer":"/items/properties/photoUrls/items"}
    domain: "syntax"
    ignored: ["$id","examples"]
warning: the following keywords are unknown and will be ignored: [$id, examples]
    level: "warning"
    schema: {"loadingURI":"#","pointer":"/items/properties/status"}
    domain: "syntax"
    ignored: ["$id","examples"]
warning: the following keywords are unknown and will be ignored: [$id]
    level: "warning"
    schema: {"loadingURI":"#","pointer":"/items/properties/tags"}
    domain: "syntax"
    ignored: ["$id"]
warning: the following keywords are unknown and will be ignored: [$id]
    level: "warning"
    schema: {"loadingURI":"#","pointer":"/items/properties/tags/items"}
    domain: "syntax"
    ignored: ["$id"]
warning: the following keywords are unknown and will be ignored: [$id, examples]
    level: "warning"
    schema: {"loadingURI":"#","pointer":"/items/properties/tags/items/properties/id"}
    domain: "syntax"
    ignored: ["$id","examples"]
warning: the following keywords are unknown and will be ignored: [$id, examples]
    level: "warning"
    schema: {"loadingURI":"#","pointer":"/items/properties/tags/items/properties/name"}
    domain: "syntax"
    ignored: ["$id","examples"]
warning: the following keywords are unknown and will be ignored: [$id]
    level: "warning"
    schema: {"loadingURI":"#","pointer":"/items"}
    domain: "syntax"
    ignored: ["$id"]
warning: the following keywords are unknown and will be ignored: [$id]
    level: "warning"
    schema: {"loadingURI":"#","pointer":"/items/properties/category"}
    domain: "syntax"
    ignored: ["$id"]
warning: the following keywords are unknown and will be ignored: [$id, examples]
    level: "warning"
    schema: {"loadingURI":"#","pointer":"/items/properties/category/properties/id"}
    domain: "syntax"
    ignored: ["$id","examples"]
warning: the following keywords are unknown and will be ignored: [$id, examples]
    level: "warning"
    schema: {"loadingURI":"#","pointer":"/items/properties/category/properties/name"}
    domain: "syntax"
    ignored: ["$id","examples"]
warning: the following keywords are unknown and will be ignored: [$id, examples]
    level: "warning"
    schema: {"loadingURI":"#","pointer":"/items/properties/id"}
    domain: "syntax"
    ignored: ["$id","examples"]
warning: the following keywords are unknown and will be ignored: [$id, examples]
    level: "warning"
    schema: {"loadingURI":"#","pointer":"/items/properties/name"}
    domain: "syntax"
    ignored: ["$id","examples"]
warning: the following keywords are unknown and will be ignored: [$id]
    level: "warning"
    schema: {"loadingURI":"#","pointer":"/items/properties/photoUrls"}
    domain: "syntax"
    ignored: ["$id"]
warning: the following keywords are unknown and will be ignored: [$id, examples]
    level: "warning"
    schema: {"loadingURI":"#","pointer":"/items/properties/photoUrls/items"}
    domain: "syntax"
    ignored: ["$id","examples"]
warning: the following keywords are unknown and will be ignored: [$id, examples]
    level: "warning"
    schema: {"loadingURI":"#","pointer":"/items/properties/status"}
    domain: "syntax"
    ignored: ["$id","examples"]
warning: the following keywords are unknown and will be ignored: [$id]
    level: "warning"
    schema: {"loadingURI":"#","pointer":"/items/properties/tags"}
    domain: "syntax"
    ignored: ["$id"]
warning: the following keywords are unknown and will be ignored: [$id]
    level: "warning"
    schema: {"loadingURI":"#","pointer":"/items/properties/tags/items"}
    domain: "syntax"
    ignored: ["$id"]
warning: the following keywords are unknown and will be ignored: [$id, examples]
    level: "warning"
    schema: {"loadingURI":"#","pointer":"/items/properties/tags/items/properties/id"}
    domain: "syntax"
    ignored: ["$id","examples"]
warning: the following keywords are unknown and will be ignored: [$id, examples]
    level: "warning"
    schema: {"loadingURI":"#","pointer":"/items/properties/tags/items/properties/name"}
    domain: "syntax"
    ignored: ["$id","examples"]
warning: the following keywords are unknown and will be ignored: [$id]
    level: "warning"
    schema: {"loadingURI":"#","pointer":"/items"}
    domain: "syntax"
    ignored: ["$id"]
warning: the following keywords are unknown and will be ignored: [$id]
    level: "warning"
    schema: {"loadingURI":"#","pointer":"/items/properties/category"}
    domain: "syntax"
    ignored: ["$id"]
warning: the following keywords are unknown and will be ignored: [$id, examples]
    level: "warning"
    schema: {"loadingURI":"#","pointer":"/items/properties/category/properties/id"}
    domain: "syntax"
    ignored: ["$id","examples"]
warning: the following keywords are unknown and will be ignored: [$id, examples]
    level: "warning"
    schema: {"loadingURI":"#","pointer":"/items/properties/category/properties/name"}
    domain: "syntax"
    ignored: ["$id","examples"]
warning: the following keywords are unknown and will be ignored: [$id, examples]
    level: "warning"
    schema: {"loadingURI":"#","pointer":"/items/properties/id"}
    domain: "syntax"
    ignored: ["$id","examples"]
warning: the following keywords are unknown and will be ignored: [$id, examples]
    level: "warning"
    schema: {"loadingURI":"#","pointer":"/items/properties/name"}
    domain: "syntax"
    ignored: ["$id","examples"]
warning: the following keywords are unknown and will be ignored: [$id]
    level: "warning"
    schema: {"loadingURI":"#","pointer":"/items/properties/photoUrls"}
    domain: "syntax"
    ignored: ["$id"]
warning: the following keywords are unknown and will be ignored: [$id, examples]
    level: "warning"
    schema: {"loadingURI":"#","pointer":"/items/properties/photoUrls/items"}
    domain: "syntax"
    ignored: ["$id","examples"]
warning: the following keywords are unknown and will be ignored: [$id, examples]
    level: "warning"
    schema: {"loadingURI":"#","pointer":"/items/properties/status"}
    domain: "syntax"
    ignored: ["$id","examples"]
warning: the following keywords are unknown and will be ignored: [$id]
    level: "warning"
    schema: {"loadingURI":"#","pointer":"/items/properties/tags"}
    domain: "syntax"
    ignored: ["$id"]
warning: the following keywords are unknown and will be ignored: [$id]
    level: "warning"
    schema: {"loadingURI":"#","pointer":"/items/properties/tags/items"}
    domain: "syntax"
    ignored: ["$id"]
warning: the following keywords are unknown and will be ignored: [$id, examples]
    level: "warning"
    schema: {"loadingURI":"#","pointer":"/items/properties/tags/items/properties/id"}
    domain: "syntax"
    ignored: ["$id","examples"]
warning: the following keywords are unknown and will be ignored: [$id, examples]
    level: "warning"
    schema: {"loadingURI":"#","pointer":"/items/properties/tags/items/properties/name"}
    domain: "syntax"
    ignored: ["$id","examples"]
warning: the following keywords are unknown and will be ignored: [$id]
    level: "warning"
    schema: {"loadingURI":"#","pointer":"/items"}
    domain: "syntax"
    ignored: ["$id"]
warning: the following keywords are unknown and will be ignored: [$id]
    level: "warning"
    schema: {"loadingURI":"#","pointer":"/items/properties/category"}
    domain: "syntax"
    ignored: ["$id"]
warning: the following keywords are unknown and will be ignored: [$id, examples]
    level: "warning"
    schema: {"loadingURI":"#","pointer":"/items/properties/category/properties/id"}
    domain: "syntax"
    ignored: ["$id","examples"]
warning: the following keywords are unknown and will be ignored: [$id, examples]
    level: "warning"
    schema: {"loadingURI":"#","pointer":"/items/properties/category/properties/name"}
    domain: "syntax"
    ignored: ["$id","examples"]
warning: the following keywords are unknown and will be ignored: [$id, examples]
    level: "warning"
    schema: {"loadingURI":"#","pointer":"/items/properties/id"}
    domain: "syntax"
    ignored: ["$id","examples"]
warning: the following keywords are unknown and will be ignored: [$id, examples]
    level: "warning"
    schema: {"loadingURI":"#","pointer":"/items/properties/name"}
    domain: "syntax"
    ignored: ["$id","examples"]
warning: the following keywords are unknown and will be ignored: [$id]
    level: "warning"
    schema: {"loadingURI":"#","pointer":"/items/properties/photoUrls"}
    domain: "syntax"
    ignored: ["$id"]
warning: the following keywords are unknown and will be ignored: [$id, examples]
    level: "warning"
    schema: {"loadingURI":"#","pointer":"/items/properties/photoUrls/items"}
    domain: "syntax"
    ignored: ["$id","examples"]
warning: the following keywords are unknown and will be ignored: [$id, examples]
    level: "warning"
    schema: {"loadingURI":"#","pointer":"/items/properties/status"}
    domain: "syntax"
    ignored: ["$id","examples"]
warning: the following keywords are unknown and will be ignored: [$id]
    level: "warning"
    schema: {"loadingURI":"#","pointer":"/items/properties/tags"}
    domain: "syntax"
    ignored: ["$id"]
warning: the following keywords are unknown and will be ignored: [$id]
    level: "warning"
    schema: {"loadingURI":"#","pointer":"/items/properties/tags/items"}
    domain: "syntax"
    ignored: ["$id"]
warning: the following keywords are unknown and will be ignored: [$id, examples]
    level: "warning"
    schema: {"loadingURI":"#","pointer":"/items/properties/tags/items/properties/id"}
    domain: "syntax"
    ignored: ["$id","examples"]
warning: the following keywords are unknown and will be ignored: [$id, examples]
    level: "warning"
    schema: {"loadingURI":"#","pointer":"/items/properties/tags/items/properties/name"}
    domain: "syntax"
    ignored: ["$id","examples"]
warning: the following keywords are unknown and will be ignored: [$id]
    level: "warning"
    schema: {"loadingURI":"#","pointer":"/items"}
    domain: "syntax"
    ignored: ["$id"]
warning: the following keywords are unknown and will be ignored: [$id]
    level: "warning"
    schema: {"loadingURI":"#","pointer":"/items/properties/category"}
    domain: "syntax"
    ignored: ["$id"]
warning: the following keywords are unknown and will be ignored: [$id, examples]
    level: "warning"
    schema: {"loadingURI":"#","pointer":"/items/properties/category/properties/id"}
    domain: "syntax"
    ignored: ["$id","examples"]
warning: the following keywords are unknown and will be ignored: [$id, examples]
    level: "warning"
    schema: {"loadingURI":"#","pointer":"/items/properties/category/properties/name"}
    domain: "syntax"
    ignored: ["$id","examples"]
warning: the following keywords are unknown and will be ignored: [$id, examples]
    level: "warning"
    schema: {"loadingURI":"#","pointer":"/items/properties/id"}
    domain: "syntax"
    ignored: ["$id","examples"]
warning: the following keywords are unknown and will be ignored: [$id, examples]
    level: "warning"
    schema: {"loadingURI":"#","pointer":"/items/properties/name"}
    domain: "syntax"
    ignored: ["$id","examples"]
warning: the following keywords are unknown and will be ignored: [$id]
    level: "warning"
    schema: {"loadingURI":"#","pointer":"/items/properties/photoUrls"}
    domain: "syntax"
    ignored: ["$id"]
warning: the following keywords are unknown and will be ignored: [$id, examples]
    level: "warning"
    schema: {"loadingURI":"#","pointer":"/items/properties/photoUrls/items"}
    domain: "syntax"
    ignored: ["$id","examples"]
warning: the following keywords are unknown and will be ignored: [$id, examples]
    level: "warning"
    schema: {"loadingURI":"#","pointer":"/items/properties/status"}
    domain: "syntax"
    ignored: ["$id","examples"]
warning: the following keywords are unknown and will be ignored: [$id]
    level: "warning"
    schema: {"loadingURI":"#","pointer":"/items/properties/tags"}
    domain: "syntax"
    ignored: ["$id"]
warning: the following keywords are unknown and will be ignored: [$id]
    level: "warning"
    schema: {"loadingURI":"#","pointer":"/items/properties/tags/items"}
    domain: "syntax"
    ignored: ["$id"]
warning: the following keywords are unknown and will be ignored: [$id, examples]
    level: "warning"
    schema: {"loadingURI":"#","pointer":"/items/properties/tags/items/properties/id"}
    domain: "syntax"
    ignored: ["$id","examples"]
warning: the following keywords are unknown and will be ignored: [$id, examples]
    level: "warning"
    schema: {"loadingURI":"#","pointer":"/items/properties/tags/items/properties/name"}
    domain: "syntax"
    ignored: ["$id","examples"]
warning: the following keywords are unknown and will be ignored: [$id]
    level: "warning"
    schema: {"loadingURI":"#","pointer":"/items"}
    domain: "syntax"
    ignored: ["$id"]
warning: the following keywords are unknown and will be ignored: [$id]
    level: "warning"
    schema: {"loadingURI":"#","pointer":"/items/properties/category"}
    domain: "syntax"
    ignored: ["$id"]
warning: the following keywords are unknown and will be ignored: [$id, examples]
    level: "warning"
    schema: {"loadingURI":"#","pointer":"/items/properties/category/properties/id"}
    domain: "syntax"
    ignored: ["$id","examples"]
warning: the following keywords are unknown and will be ignored: [$id, examples]
    level: "warning"
    schema: {"loadingURI":"#","pointer":"/items/properties/category/properties/name"}
    domain: "syntax"
    ignored: ["$id","examples"]
warning: the following keywords are unknown and will be ignored: [$id, examples]
    level: "warning"
    schema: {"loadingURI":"#","pointer":"/items/properties/id"}
    domain: "syntax"
    ignored: ["$id","examples"]
warning: the following keywords are unknown and will be ignored: [$id, examples]
    level: "warning"
    schema: {"loadingURI":"#","pointer":"/items/properties/name"}
    domain: "syntax"
    ignored: ["$id","examples"]
warning: the following keywords are unknown and will be ignored: [$id]
    level: "warning"
    schema: {"loadingURI":"#","pointer":"/items/properties/photoUrls"}
    domain: "syntax"
    ignored: ["$id"]
warning: the following keywords are unknown and will be ignored: [$id, examples]
    level: "warning"
    schema: {"loadingURI":"#","pointer":"/items/properties/photoUrls/items"}
    domain: "syntax"
    ignored: ["$id","examples"]
warning: the following keywords are unknown and will be ignored: [$id, examples]
    level: "warning"
    schema: {"loadingURI":"#","pointer":"/items/properties/status"}
    domain: "syntax"
    ignored: ["$id","examples"]
warning: the following keywords are unknown and will be ignored: [$id]
    level: "warning"
    schema: {"loadingURI":"#","pointer":"/items/properties/tags"}
    domain: "syntax"
    ignored: ["$id"]
warning: the following keywords are unknown and will be ignored: [$id]
    level: "warning"
    schema: {"loadingURI":"#","pointer":"/items/properties/tags/items"}
    domain: "syntax"
    ignored: ["$id"]
warning: the following keywords are unknown and will be ignored: [$id, examples]
    level: "warning"
    schema: {"loadingURI":"#","pointer":"/items/properties/tags/items/properties/id"}
    domain: "syntax"
    ignored: ["$id","examples"]
warning: the following keywords are unknown and will be ignored: [$id, examples]
    level: "warning"
    schema: {"loadingURI":"#","pointer":"/items/properties/tags/items/properties/name"}
    domain: "syntax"
    ignored: ["$id","examples"]
warning: the following keywords are unknown and will be ignored: [$id]
    level: "warning"
    schema: {"loadingURI":"#","pointer":"/items"}
    domain: "syntax"
    ignored: ["$id"]
warning: the following keywords are unknown and will be ignored: [$id]
    level: "warning"
    schema: {"loadingURI":"#","pointer":"/items/properties/category"}
    domain: "syntax"
    ignored: ["$id"]
warning: the following keywords are unknown and will be ignored: [$id, examples]
    level: "warning"
    schema: {"loadingURI":"#","pointer":"/items/properties/category/properties/id"}
    domain: "syntax"
    ignored: ["$id","examples"]
warning: the following keywords are unknown and will be ignored: [$id, examples]
    level: "warning"
    schema: {"loadingURI":"#","pointer":"/items/properties/category/properties/name"}
    domain: "syntax"
    ignored: ["$id","examples"]
warning: the following keywords are unknown and will be ignored: [$id, examples]
    level: "warning"
    schema: {"loadingURI":"#","pointer":"/items/properties/id"}
    domain: "syntax"
    ignored: ["$id","examples"]
warning: the following keywords are unknown and will be ignored: [$id, examples]
    level: "warning"
    schema: {"loadingURI":"#","pointer":"/items/properties/name"}
    domain: "syntax"
    ignored: ["$id","examples"]
warning: the following keywords are unknown and will be ignored: [$id]
    level: "warning"
    schema: {"loadingURI":"#","pointer":"/items/properties/photoUrls"}
    domain: "syntax"
    ignored: ["$id"]
warning: the following keywords are unknown and will be ignored: [$id, examples]
    level: "warning"
    schema: {"loadingURI":"#","pointer":"/items/properties/photoUrls/items"}
    domain: "syntax"
    ignored: ["$id","examples"]
warning: the following keywords are unknown and will be ignored: [$id, examples]
    level: "warning"
    schema: {"loadingURI":"#","pointer":"/items/properties/status"}
    domain: "syntax"
    ignored: ["$id","examples"]
warning: the following keywords are unknown and will be ignored: [$id]
    level: "warning"
    schema: {"loadingURI":"#","pointer":"/items/properties/tags"}
    domain: "syntax"
    ignored: ["$id"]
warning: the following keywords are unknown and will be ignored: [$id]
    level: "warning"
    schema: {"loadingURI":"#","pointer":"/items/properties/tags/items"}
    domain: "syntax"
    ignored: ["$id"]
warning: the following keywords are unknown and will be ignored: [$id, examples]
    level: "warning"
    schema: {"loadingURI":"#","pointer":"/items/properties/tags/items/properties/id"}
    domain: "syntax"
    ignored: ["$id","examples"]
warning: the following keywords are unknown and will be ignored: [$id, examples]
    level: "warning"
    schema: {"loadingURI":"#","pointer":"/items/properties/tags/items/properties/name"}
    domain: "syntax"
    ignored: ["$id","examples"]
warning: the following keywords are unknown and will be ignored: [$id]
    level: "warning"
    schema: {"loadingURI":"#","pointer":"/items"}
    domain: "syntax"
    ignored: ["$id"]
warning: the following keywords are unknown and will be ignored: [$id]
    level: "warning"
    schema: {"loadingURI":"#","pointer":"/items/properties/category"}
    domain: "syntax"
    ignored: ["$id"]
warning: the following keywords are unknown and will be ignored: [$id, examples]
    level: "warning"
    schema: {"loadingURI":"#","pointer":"/items/properties/category/properties/id"}
    domain: "syntax"
    ignored: ["$id","examples"]
warning: the following keywords are unknown and will be ignored: [$id, examples]
    level: "warning"
    schema: {"loadingURI":"#","pointer":"/items/properties/category/properties/name"}
    domain: "syntax"
    ignored: ["$id","examples"]
warning: the following keywords are unknown and will be ignored: [$id, examples]
    level: "warning"
    schema: {"loadingURI":"#","pointer":"/items/properties/id"}
    domain: "syntax"
    ignored: ["$id","examples"]
warning: the following keywords are unknown and will be ignored: [$id, examples]
    level: "warning"
    schema: {"loadingURI":"#","pointer":"/items/properties/name"}
    domain: "syntax"
    ignored: ["$id","examples"]
warning: the following keywords are unknown and will be ignored: [$id]
    level: "warning"
    schema: {"loadingURI":"#","pointer":"/items/properties/photoUrls"}
    domain: "syntax"
    ignored: ["$id"]
warning: the following keywords are unknown and will be ignored: [$id, examples]
    level: "warning"
    schema: {"loadingURI":"#","pointer":"/items/properties/photoUrls/items"}
    domain: "syntax"
    ignored: ["$id","examples"]
warning: the following keywords are unknown and will be ignored: [$id, examples]
    level: "warning"
    schema: {"loadingURI":"#","pointer":"/items/properties/status"}
    domain: "syntax"
    ignored: ["$id","examples"]
warning: the following keywords are unknown and will be ignored: [$id]
    level: "warning"
    schema: {"loadingURI":"#","pointer":"/items/properties/tags"}
    domain: "syntax"
    ignored: ["$id"]
warning: the following keywords are unknown and will be ignored: [$id]
    level: "warning"
    schema: {"loadingURI":"#","pointer":"/items/properties/tags/items"}
    domain: "syntax"
    ignored: ["$id"]
warning: the following keywords are unknown and will be ignored: [$id, examples]
    level: "warning"
    schema: {"loadingURI":"#","pointer":"/items/properties/tags/items/properties/id"}
    domain: "syntax"
    ignored: ["$id","examples"]
warning: the following keywords are unknown and will be ignored: [$id, examples]
    level: "warning"
    schema: {"loadingURI":"#","pointer":"/items/properties/tags/items/properties/name"}
    domain: "syntax"
    ignored: ["$id","examples"]
warning: the following keywords are unknown and will be ignored: [$id]
    level: "warning"
    schema: {"loadingURI":"#","pointer":"/items"}
    domain: "syntax"
    ignored: ["$id"]
warning: the following keywords are unknown and will be ignored: [$id]
    level: "warning"
    schema: {"loadingURI":"#","pointer":"/items/properties/category"}
    domain: "syntax"
    ignored: ["$id"]
warning: the following keywords are unknown and will be ignored: [$id, examples]
    level: "warning"
    schema: {"loadingURI":"#","pointer":"/items/properties/category/properties/id"}
    domain: "syntax"
    ignored: ["$id","examples"]
warning: the following keywords are unknown and will be ignored: [$id, examples]
    level: "warning"
    schema: {"loadingURI":"#","pointer":"/items/properties/category/properties/name"}
    domain: "syntax"
    ignored: ["$id","examples"]
warning: the following keywords are unknown and will be ignored: [$id, examples]
    level: "warning"
    schema: {"loadingURI":"#","pointer":"/items/properties/id"}
    domain: "syntax"
    ignored: ["$id","examples"]
warning: the following keywords are unknown and will be ignored: [$id, examples]
    level: "warning"
    schema: {"loadingURI":"#","pointer":"/items/properties/name"}
    domain: "syntax"
    ignored: ["$id","examples"]
warning: the following keywords are unknown and will be ignored: [$id]
    level: "warning"
    schema: {"loadingURI":"#","pointer":"/items/properties/photoUrls"}
    domain: "syntax"
    ignored: ["$id"]
warning: the following keywords are unknown and will be ignored: [$id, examples]
    level: "warning"
    schema: {"loadingURI":"#","pointer":"/items/properties/photoUrls/items"}
    domain: "syntax"
    ignored: ["$id","examples"]
warning: the following keywords are unknown and will be ignored: [$id, examples]
    level: "warning"
    schema: {"loadingURI":"#","pointer":"/items/properties/status"}
    domain: "syntax"
    ignored: ["$id","examples"]
warning: the following keywords are unknown and will be ignored: [$id]
    level: "warning"
    schema: {"loadingURI":"#","pointer":"/items/properties/tags"}
    domain: "syntax"
    ignored: ["$id"]
warning: the following keywords are unknown and will be ignored: [$id]
    level: "warning"
    schema: {"loadingURI":"#","pointer":"/items/properties/tags/items"}
    domain: "syntax"
    ignored: ["$id"]
warning: the following keywords are unknown and will be ignored: [$id, examples]
    level: "warning"
    schema: {"loadingURI":"#","pointer":"/items/properties/tags/items/properties/id"}
    domain: "syntax"
    ignored: ["$id","examples"]
warning: the following keywords are unknown and will be ignored: [$id, examples]
    level: "warning"
    schema: {"loadingURI":"#","pointer":"/items/properties/tags/items/properties/name"}
    domain: "syntax"
    ignored: ["$id","examples"]
warning: the following keywords are unknown and will be ignored: [$id]
    level: "warning"
    schema: {"loadingURI":"#","pointer":"/items"}
    domain: "syntax"
    ignored: ["$id"]
warning: the following keywords are unknown and will be ignored: [$id]
    level: "warning"
    schema: {"loadingURI":"#","pointer":"/items/properties/category"}
    domain: "syntax"
    ignored: ["$id"]
warning: the following keywords are unknown and will be ignored: [$id, examples]
    level: "warning"
    schema: {"loadingURI":"#","pointer":"/items/properties/category/properties/id"}
    domain: "syntax"
    ignored: ["$id","examples"]
warning: the following keywords are unknown and will be ignored: [$id, examples]
    level: "warning"
    schema: {"loadingURI":"#","pointer":"/items/properties/category/properties/name"}
    domain: "syntax"
    ignored: ["$id","examples"]
warning: the following keywords are unknown and will be ignored: [$id, examples]
    level: "warning"
    schema: {"loadingURI":"#","pointer":"/items/properties/id"}
    domain: "syntax"
    ignored: ["$id","examples"]
warning: the following keywords are unknown and will be ignored: [$id, examples]
    level: "warning"
    schema: {"loadingURI":"#","pointer":"/items/properties/name"}
    domain: "syntax"
    ignored: ["$id","examples"]
warning: the following keywords are unknown and will be ignored: [$id]
    level: "warning"
    schema: {"loadingURI":"#","pointer":"/items/properties/photoUrls"}
    domain: "syntax"
    ignored: ["$id"]
warning: the following keywords are unknown and will be ignored: [$id, examples]
    level: "warning"
    schema: {"loadingURI":"#","pointer":"/items/properties/photoUrls/items"}
    domain: "syntax"
    ignored: ["$id","examples"]
warning: the following keywords are unknown and will be ignored: [$id, examples]
    level: "warning"
    schema: {"loadingURI":"#","pointer":"/items/properties/status"}
    domain: "syntax"
    ignored: ["$id","examples"]
warning: the following keywords are unknown and will be ignored: [$id]
    level: "warning"
    schema: {"loadingURI":"#","pointer":"/items/properties/tags"}
    domain: "syntax"
    ignored: ["$id"]
warning: the following keywords are unknown and will be ignored: [$id]
    level: "warning"
    schema: {"loadingURI":"#","pointer":"/items/properties/tags/items"}
    domain: "syntax"
    ignored: ["$id"]
warning: the following keywords are unknown and will be ignored: [$id, examples]
    level: "warning"
    schema: {"loadingURI":"#","pointer":"/items/properties/tags/items/properties/id"}
    domain: "syntax"
    ignored: ["$id","examples"]
warning: the following keywords are unknown and will be ignored: [$id, examples]
    level: "warning"
    schema: {"loadingURI":"#","pointer":"/items/properties/tags/items/properties/name"}
    domain: "syntax"
    ignored: ["$id","examples"]
warning: the following keywords are unknown and will be ignored: [$id]
    level: "warning"
    schema: {"loadingURI":"#","pointer":"/items"}
    domain: "syntax"
    ignored: ["$id"]
warning: the following keywords are unknown and will be ignored: [$id]
    level: "warning"
    schema: {"loadingURI":"#","pointer":"/items/properties/category"}
    domain: "syntax"
    ignored: ["$id"]
warning: the following keywords are unknown and will be ignored: [$id, examples]
    level: "warning"
    schema: {"loadingURI":"#","pointer":"/items/properties/category/properties/id"}
    domain: "syntax"
    ignored: ["$id","examples"]
warning: the following keywords are unknown and will be ignored: [$id, examples]
    level: "warning"
    schema: {"loadingURI":"#","pointer":"/items/properties/category/properties/name"}
    domain: "syntax"
    ignored: ["$id","examples"]
warning: the following keywords are unknown and will be ignored: [$id, examples]
    level: "warning"
    schema: {"loadingURI":"#","pointer":"/items/properties/id"}
    domain: "syntax"
    ignored: ["$id","examples"]
warning: the following keywords are unknown and will be ignored: [$id, examples]
    level: "warning"
    schema: {"loadingURI":"#","pointer":"/items/properties/name"}
    domain: "syntax"
    ignored: ["$id","examples"]
warning: the following keywords are unknown and will be ignored: [$id]
    level: "warning"
    schema: {"loadingURI":"#","pointer":"/items/properties/photoUrls"}
    domain: "syntax"
    ignored: ["$id"]
warning: the following keywords are unknown and will be ignored: [$id, examples]
    level: "warning"
    schema: {"loadingURI":"#","pointer":"/items/properties/photoUrls/items"}
    domain: "syntax"
    ignored: ["$id","examples"]
warning: the following keywords are unknown and will be ignored: [$id, examples]
    level: "warning"
    schema: {"loadingURI":"#","pointer":"/items/properties/status"}
    domain: "syntax"
    ignored: ["$id","examples"]
warning: the following keywords are unknown and will be ignored: [$id]
    level: "warning"
    schema: {"loadingURI":"#","pointer":"/items/properties/tags"}
    domain: "syntax"
    ignored: ["$id"]
warning: the following keywords are unknown and will be ignored: [$id]
    level: "warning"
    schema: {"loadingURI":"#","pointer":"/items/properties/tags/items"}
    domain: "syntax"
    ignored: ["$id"]
warning: the following keywords are unknown and will be ignored: [$id, examples]
    level: "warning"
    schema: {"loadingURI":"#","pointer":"/items/properties/tags/items/properties/id"}
    domain: "syntax"
    ignored: ["$id","examples"]
warning: the following keywords are unknown and will be ignored: [$id, examples]
    level: "warning"
    schema: {"loadingURI":"#","pointer":"/items/properties/tags/items/properties/name"}
    domain: "syntax"
    ignored: ["$id","examples"]
warning: the following keywords are unknown and will be ignored: [$id]
    level: "warning"
    schema: {"loadingURI":"#","pointer":"/items"}
    domain: "syntax"
    ignored: ["$id"]
warning: the following keywords are unknown and will be ignored: [$id]
    level: "warning"
    schema: {"loadingURI":"#","pointer":"/items/properties/category"}
    domain: "syntax"
    ignored: ["$id"]
warning: the following keywords are unknown and will be ignored: [$id, examples]
    level: "warning"
    schema: {"loadingURI":"#","pointer":"/items/properties/category/properties/id"}
    domain: "syntax"
    ignored: ["$id","examples"]
warning: the following keywords are unknown and will be ignored: [$id, examples]
    level: "warning"
    schema: {"loadingURI":"#","pointer":"/items/properties/category/properties/name"}
    domain: "syntax"
    ignored: ["$id","examples"]
warning: the following keywords are unknown and will be ignored: [$id, examples]
    level: "warning"
    schema: {"loadingURI":"#","pointer":"/items/properties/id"}
    domain: "syntax"
    ignored: ["$id","examples"]
warning: the following keywords are unknown and will be ignored: [$id, examples]
    level: "warning"
    schema: {"loadingURI":"#","pointer":"/items/properties/name"}
    domain: "syntax"
    ignored: ["$id","examples"]
warning: the following keywords are unknown and will be ignored: [$id]
    level: "warning"
    schema: {"loadingURI":"#","pointer":"/items/properties/photoUrls"}
    domain: "syntax"
    ignored: ["$id"]
warning: the following keywords are unknown and will be ignored: [$id, examples]
    level: "warning"
    schema: {"loadingURI":"#","pointer":"/items/properties/photoUrls/items"}
    domain: "syntax"
    ignored: ["$id","examples"]
warning: the following keywords are unknown and will be ignored: [$id, examples]
    level: "warning"
    schema: {"loadingURI":"#","pointer":"/items/properties/status"}
    domain: "syntax"
    ignored: ["$id","examples"]
warning: the following keywords are unknown and will be ignored: [$id]
    level: "warning"
    schema: {"loadingURI":"#","pointer":"/items/properties/tags"}
    domain: "syntax"
    ignored: ["$id"]
warning: the following keywords are unknown and will be ignored: [$id]
    level: "warning"
    schema: {"loadingURI":"#","pointer":"/items/properties/tags/items"}
    domain: "syntax"
    ignored: ["$id"]
warning: the following keywords are unknown and will be ignored: [$id, examples]
    level: "warning"
    schema: {"loadingURI":"#","pointer":"/items/properties/tags/items/properties/id"}
    domain: "syntax"
    ignored: ["$id","examples"]
warning: the following keywords are unknown and will be ignored: [$id, examples]
    level: "warning"
    schema: {"loadingURI":"#","pointer":"/items/properties/tags/items/properties/name"}
    domain: "syntax"
    ignored: ["$id","examples"]
warning: the following keywords are unknown and will be ignored: [$id]
    level: "warning"
    schema: {"loadingURI":"#","pointer":"/items"}
    domain: "syntax"
    ignored: ["$id"]
warning: the following keywords are unknown and will be ignored: [$id]
    level: "warning"
    schema: {"loadingURI":"#","pointer":"/items/properties/category"}
    domain: "syntax"
    ignored: ["$id"]
warning: the following keywords are unknown and will be ignored: [$id, examples]
    level: "warning"
    schema: {"loadingURI":"#","pointer":"/items/properties/category/properties/id"}
    domain: "syntax"
    ignored: ["$id","examples"]
warning: the following keywords are unknown and will be ignored: [$id, examples]
    level: "warning"
    schema: {"loadingURI":"#","pointer":"/items/properties/category/properties/name"}
    domain: "syntax"
    ignored: ["$id","examples"]
warning: the following keywords are unknown and will be ignored: [$id, examples]
    level: "warning"
    schema: {"loadingURI":"#","pointer":"/items/properties/id"}
    domain: "syntax"
    ignored: ["$id","examples"]
warning: the following keywords are unknown and will be ignored: [$id, examples]
    level: "warning"
    schema: {"loadingURI":"#","pointer":"/items/properties/name"}
    domain: "syntax"
    ignored: ["$id","examples"]
warning: the following keywords are unknown and will be ignored: [$id]
    level: "warning"
    schema: {"loadingURI":"#","pointer":"/items/properties/photoUrls"}
    domain: "syntax"
    ignored: ["$id"]
warning: the following keywords are unknown and will be ignored: [$id, examples]
    level: "warning"
    schema: {"loadingURI":"#","pointer":"/items/properties/photoUrls/items"}
    domain: "syntax"
    ignored: ["$id","examples"]
warning: the following keywords are unknown and will be ignored: [$id, examples]
    level: "warning"
    schema: {"loadingURI":"#","pointer":"/items/properties/status"}
    domain: "syntax"
    ignored: ["$id","examples"]
warning: the following keywords are unknown and will be ignored: [$id]
    level: "warning"
    schema: {"loadingURI":"#","pointer":"/items/properties/tags"}
    domain: "syntax"
    ignored: ["$id"]
warning: the following keywords are unknown and will be ignored: [$id]
    level: "warning"
    schema: {"loadingURI":"#","pointer":"/items/properties/tags/items"}
    domain: "syntax"
    ignored: ["$id"]
warning: the following keywords are unknown and will be ignored: [$id, examples]
    level: "warning"
    schema: {"loadingURI":"#","pointer":"/items/properties/tags/items/properties/id"}
    domain: "syntax"
    ignored: ["$id","examples"]
warning: the following keywords are unknown and will be ignored: [$id, examples]
    level: "warning"
    schema: {"loadingURI":"#","pointer":"/items/properties/tags/items/properties/name"}
    domain: "syntax"
    ignored: ["$id","examples"]
warning: the following keywords are unknown and will be ignored: [$id]
    level: "warning"
    schema: {"loadingURI":"#","pointer":"/items"}
    domain: "syntax"
    ignored: ["$id"]
warning: the following keywords are unknown and will be ignored: [$id]
    level: "warning"
    schema: {"loadingURI":"#","pointer":"/items/properties/category"}
    domain: "syntax"
    ignored: ["$id"]
warning: the following keywords are unknown and will be ignored: [$id, examples]
    level: "warning"
    schema: {"loadingURI":"#","pointer":"/items/properties/category/properties/id"}
    domain: "syntax"
    ignored: ["$id","examples"]
warning: the following keywords are unknown and will be ignored: [$id, examples]
    level: "warning"
    schema: {"loadingURI":"#","pointer":"/items/properties/category/properties/name"}
    domain: "syntax"
    ignored: ["$id","examples"]
warning: the following keywords are unknown and will be ignored: [$id, examples]
    level: "warning"
    schema: {"loadingURI":"#","pointer":"/items/properties/id"}
    domain: "syntax"
    ignored: ["$id","examples"]
warning: the following keywords are unknown and will be ignored: [$id, examples]
    level: "warning"
    schema: {"loadingURI":"#","pointer":"/items/properties/name"}
    domain: "syntax"
    ignored: ["$id","examples"]
warning: the following keywords are unknown and will be ignored: [$id]
    level: "warning"
    schema: {"loadingURI":"#","pointer":"/items/properties/photoUrls"}
    domain: "syntax"
    ignored: ["$id"]
warning: the following keywords are unknown and will be ignored: [$id, examples]
    level: "warning"
    schema: {"loadingURI":"#","pointer":"/items/properties/photoUrls/items"}
    domain: "syntax"
    ignored: ["$id","examples"]
warning: the following keywords are unknown and will be ignored: [$id, examples]
    level: "warning"
    schema: {"loadingURI":"#","pointer":"/items/properties/status"}
    domain: "syntax"
    ignored: ["$id","examples"]
warning: the following keywords are unknown and will be ignored: [$id]
    level: "warning"
    schema: {"loadingURI":"#","pointer":"/items/properties/tags"}
    domain: "syntax"
    ignored: ["$id"]
warning: the following keywords are unknown and will be ignored: [$id]
    level: "warning"
    schema: {"loadingURI":"#","pointer":"/items/properties/tags/items"}
    domain: "syntax"
    ignored: ["$id"]
warning: the following keywords are unknown and will be ignored: [$id, examples]
    level: "warning"
    schema: {"loadingURI":"#","pointer":"/items/properties/tags/items/properties/id"}
    domain: "syntax"
    ignored: ["$id","examples"]
warning: the following keywords are unknown and will be ignored: [$id, examples]
    level: "warning"
    schema: {"loadingURI":"#","pointer":"/items/properties/tags/items/properties/name"}
    domain: "syntax"
    ignored: ["$id","examples"]
warning: the following keywords are unknown and will be ignored: [$id]
    level: "warning"
    schema: {"loadingURI":"#","pointer":"/items"}
    domain: "syntax"
    ignored: ["$id"]
warning: the following keywords are unknown and will be ignored: [$id]
    level: "warning"
    schema: {"loadingURI":"#","pointer":"/items/properties/category"}
    domain: "syntax"
    ignored: ["$id"]
warning: the following keywords are unknown and will be ignored: [$id, examples]
    level: "warning"
    schema: {"loadingURI":"#","pointer":"/items/properties/category/properties/id"}
    domain: "syntax"
    ignored: ["$id","examples"]
warning: the following keywords are unknown and will be ignored: [$id, examples]
    level: "warning"
    schema: {"loadingURI":"#","pointer":"/items/properties/category/properties/name"}
    domain: "syntax"
    ignored: ["$id","examples"]
warning: the following keywords are unknown and will be ignored: [$id, examples]
    level: "warning"
    schema: {"loadingURI":"#","pointer":"/items/properties/id"}
    domain: "syntax"
    ignored: ["$id","examples"]
warning: the following keywords are unknown and will be ignored: [$id, examples]
    level: "warning"
    schema: {"loadingURI":"#","pointer":"/items/properties/name"}
    domain: "syntax"
    ignored: ["$id","examples"]
warning: the following keywords are unknown and will be ignored: [$id]
    level: "warning"
    schema: {"loadingURI":"#","pointer":"/items/properties/photoUrls"}
    domain: "syntax"
    ignored: ["$id"]
warning: the following keywords are unknown and will be ignored: [$id, examples]
    level: "warning"
    schema: {"loadingURI":"#","pointer":"/items/properties/photoUrls/items"}
    domain: "syntax"
    ignored: ["$id","examples"]
warning: the following keywords are unknown and will be ignored: [$id, examples]
    level: "warning"
    schema: {"loadingURI":"#","pointer":"/items/properties/status"}
    domain: "syntax"
    ignored: ["$id","examples"]
warning: the following keywords are unknown and will be ignored: [$id]
    level: "warning"
    schema: {"loadingURI":"#","pointer":"/items/properties/tags"}
    domain: "syntax"
    ignored: ["$id"]
warning: the following keywords are unknown and will be ignored: [$id]
    level: "warning"
    schema: {"loadingURI":"#","pointer":"/items/properties/tags/items"}
    domain: "syntax"
    ignored: ["$id"]
warning: the following keywords are unknown and will be ignored: [$id, examples]
    level: "warning"
    schema: {"loadingURI":"#","pointer":"/items/properties/tags/items/properties/id"}
    domain: "syntax"
    ignored: ["$id","examples"]
warning: the following keywords are unknown and will be ignored: [$id, examples]
    level: "warning"
    schema: {"loadingURI":"#","pointer":"/items/properties/tags/items/properties/name"}
    domain: "syntax"
    ignored: ["$id","examples"]
warning: the following keywords are unknown and will be ignored: [$id]
    level: "warning"
    schema: {"loadingURI":"#","pointer":"/items"}
    domain: "syntax"
    ignored: ["$id"]
warning: the following keywords are unknown and will be ignored: [$id]
    level: "warning"
    schema: {"loadingURI":"#","pointer":"/items/properties/category"}
    domain: "syntax"
    ignored: ["$id"]
warning: the following keywords are unknown and will be ignored: [$id, examples]
    level: "warning"
    schema: {"loadingURI":"#","pointer":"/items/properties/category/properties/id"}
    domain: "syntax"
    ignored: ["$id","examples"]
warning: the following keywords are unknown and will be ignored: [$id, examples]
    level: "warning"
    schema: {"loadingURI":"#","pointer":"/items/properties/category/properties/name"}
    domain: "syntax"
    ignored: ["$id","examples"]
warning: the following keywords are unknown and will be ignored: [$id, examples]
    level: "warning"
    schema: {"loadingURI":"#","pointer":"/items/properties/id"}
    domain: "syntax"
    ignored: ["$id","examples"]
warning: the following keywords are unknown and will be ignored: [$id, examples]
    level: "warning"
    schema: {"loadingURI":"#","pointer":"/items/properties/name"}
    domain: "syntax"
    ignored: ["$id","examples"]
warning: the following keywords are unknown and will be ignored: [$id]
    level: "warning"
    schema: {"loadingURI":"#","pointer":"/items/properties/photoUrls"}
    domain: "syntax"
    ignored: ["$id"]
warning: the following keywords are unknown and will be ignored: [$id, examples]
    level: "warning"
    schema: {"loadingURI":"#","pointer":"/items/properties/photoUrls/items"}
    domain: "syntax"
    ignored: ["$id","examples"]
warning: the following keywords are unknown and will be ignored: [$id, examples]
    level: "warning"
    schema: {"loadingURI":"#","pointer":"/items/properties/status"}
    domain: "syntax"
    ignored: ["$id","examples"]
warning: the following keywords are unknown and will be ignored: [$id]
    level: "warning"
    schema: {"loadingURI":"#","pointer":"/items/properties/tags"}
    domain: "syntax"
    ignored: ["$id"]
warning: the following keywords are unknown and will be ignored: [$id]
    level: "warning"
    schema: {"loadingURI":"#","pointer":"/items/properties/tags/items"}
    domain: "syntax"
    ignored: ["$id"]
warning: the following keywords are unknown and will be ignored: [$id, examples]
    level: "warning"
    schema: {"loadingURI":"#","pointer":"/items/properties/tags/items/properties/id"}
    domain: "syntax"
    ignored: ["$id","examples"]
warning: the following keywords are unknown and will be ignored: [$id, examples]
    level: "warning"
    schema: {"loadingURI":"#","pointer":"/items/properties/tags/items/properties/name"}
    domain: "syntax"
    ignored: ["$id","examples"]
warning: the following keywords are unknown and will be ignored: [$id]
    level: "warning"
    schema: {"loadingURI":"#","pointer":"/items"}
    domain: "syntax"
    ignored: ["$id"]
warning: the following keywords are unknown and will be ignored: [$id]
    level: "warning"
    schema: {"loadingURI":"#","pointer":"/items/properties/category"}
    domain: "syntax"
    ignored: ["$id"]
warning: the following keywords are unknown and will be ignored: [$id, examples]
    level: "warning"
    schema: {"loadingURI":"#","pointer":"/items/properties/category/properties/id"}
    domain: "syntax"
    ignored: ["$id","examples"]
warning: the following keywords are unknown and will be ignored: [$id, examples]
    level: "warning"
    schema: {"loadingURI":"#","pointer":"/items/properties/category/properties/name"}
    domain: "syntax"
    ignored: ["$id","examples"]
warning: the following keywords are unknown and will be ignored: [$id, examples]
    level: "warning"
    schema: {"loadingURI":"#","pointer":"/items/properties/id"}
    domain: "syntax"
    ignored: ["$id","examples"]
warning: the following keywords are unknown and will be ignored: [$id, examples]
    level: "warning"
    schema: {"loadingURI":"#","pointer":"/items/properties/name"}
    domain: "syntax"
    ignored: ["$id","examples"]
warning: the following keywords are unknown and will be ignored: [$id]
    level: "warning"
    schema: {"loadingURI":"#","pointer":"/items/properties/photoUrls"}
    domain: "syntax"
    ignored: ["$id"]
warning: the following keywords are unknown and will be ignored: [$id, examples]
    level: "warning"
    schema: {"loadingURI":"#","pointer":"/items/properties/photoUrls/items"}
    domain: "syntax"
    ignored: ["$id","examples"]
warning: the following keywords are unknown and will be ignored: [$id, examples]
    level: "warning"
    schema: {"loadingURI":"#","pointer":"/items/properties/status"}
    domain: "syntax"
    ignored: ["$id","examples"]
warning: the following keywords are unknown and will be ignored: [$id]
    level: "warning"
    schema: {"loadingURI":"#","pointer":"/items/properties/tags"}
    domain: "syntax"
    ignored: ["$id"]
warning: the following keywords are unknown and will be ignored: [$id]
    level: "warning"
    schema: {"loadingURI":"#","pointer":"/items/properties/tags/items"}
    domain: "syntax"
    ignored: ["$id"]
warning: the following keywords are unknown and will be ignored: [$id, examples]
    level: "warning"
    schema: {"loadingURI":"#","pointer":"/items/properties/tags/items/properties/id"}
    domain: "syntax"
    ignored: ["$id","examples"]
warning: the following keywords are unknown and will be ignored: [$id, examples]
    level: "warning"
    schema: {"loadingURI":"#","pointer":"/items/properties/tags/items/properties/name"}
    domain: "syntax"
    ignored: ["$id","examples"]
warning: the following keywords are unknown and will be ignored: [$id]
    level: "warning"
    schema: {"loadingURI":"#","pointer":"/items"}
    domain: "syntax"
    ignored: ["$id"]
warning: the following keywords are unknown and will be ignored: [$id]
    level: "warning"
    schema: {"loadingURI":"#","pointer":"/items/properties/category"}
    domain: "syntax"
    ignored: ["$id"]
warning: the following keywords are unknown and will be ignored: [$id, examples]
    level: "warning"
    schema: {"loadingURI":"#","pointer":"/items/properties/category/properties/id"}
    domain: "syntax"
    ignored: ["$id","examples"]
warning: the following keywords are unknown and will be ignored: [$id, examples]
    level: "warning"
    schema: {"loadingURI":"#","pointer":"/items/properties/category/properties/name"}
    domain: "syntax"
    ignored: ["$id","examples"]
warning: the following keywords are unknown and will be ignored: [$id, examples]
    level: "warning"
    schema: {"loadingURI":"#","pointer":"/items/properties/id"}
    domain: "syntax"
    ignored: ["$id","examples"]
warning: the following keywords are unknown and will be ignored: [$id, examples]
    level: "warning"
    schema: {"loadingURI":"#","pointer":"/items/properties/name"}
    domain: "syntax"
    ignored: ["$id","examples"]
warning: the following keywords are unknown and will be ignored: [$id]
    level: "warning"
    schema: {"loadingURI":"#","pointer":"/items/properties/photoUrls"}
    domain: "syntax"
    ignored: ["$id"]
warning: the following keywords are unknown and will be ignored: [$id, examples]
    level: "warning"
    schema: {"loadingURI":"#","pointer":"/items/properties/photoUrls/items"}
    domain: "syntax"
    ignored: ["$id","examples"]
warning: the following keywords are unknown and will be ignored: [$id, examples]
    level: "warning"
    schema: {"loadingURI":"#","pointer":"/items/properties/status"}
    domain: "syntax"
    ignored: ["$id","examples"]
warning: the following keywords are unknown and will be ignored: [$id]
    level: "warning"
    schema: {"loadingURI":"#","pointer":"/items/properties/tags"}
    domain: "syntax"
    ignored: ["$id"]
warning: the following keywords are unknown and will be ignored: [$id]
    level: "warning"
    schema: {"loadingURI":"#","pointer":"/items/properties/tags/items"}
    domain: "syntax"
    ignored: ["$id"]
warning: the following keywords are unknown and will be ignored: [$id, examples]
    level: "warning"
    schema: {"loadingURI":"#","pointer":"/items/properties/tags/items/properties/id"}
    domain: "syntax"
    ignored: ["$id","examples"]
warning: the following keywords are unknown and will be ignored: [$id, examples]
    level: "warning"
    schema: {"loadingURI":"#","pointer":"/items/properties/tags/items/properties/name"}
    domain: "syntax"
    ignored: ["$id","examples"]
warning: the following keywords are unknown and will be ignored: [$id]
    level: "warning"
    schema: {"loadingURI":"#","pointer":"/items"}
    domain: "syntax"
    ignored: ["$id"]
warning: the following keywords are unknown and will be ignored: [$id]
    level: "warning"
    schema: {"loadingURI":"#","pointer":"/items/properties/category"}
    domain: "syntax"
    ignored: ["$id"]
warning: the following keywords are unknown and will be ignored: [$id, examples]
    level: "warning"
    schema: {"loadingURI":"#","pointer":"/items/properties/category/properties/id"}
    domain: "syntax"
    ignored: ["$id","examples"]
warning: the following keywords are unknown and will be ignored: [$id, examples]
    level: "warning"
    schema: {"loadingURI":"#","pointer":"/items/properties/category/properties/name"}
    domain: "syntax"
    ignored: ["$id","examples"]
warning: the following keywords are unknown and will be ignored: [$id, examples]
    level: "warning"
    schema: {"loadingURI":"#","pointer":"/items/properties/id"}
    domain: "syntax"
    ignored: ["$id","examples"]
warning: the following keywords are unknown and will be ignored: [$id, examples]
    level: "warning"
    schema: {"loadingURI":"#","pointer":"/items/properties/name"}
    domain: "syntax"
    ignored: ["$id","examples"]
warning: the following keywords are unknown and will be ignored: [$id]
    level: "warning"
    schema: {"loadingURI":"#","pointer":"/items/properties/photoUrls"}
    domain: "syntax"
    ignored: ["$id"]
warning: the following keywords are unknown and will be ignored: [$id, examples]
    level: "warning"
    schema: {"loadingURI":"#","pointer":"/items/properties/photoUrls/items"}
    domain: "syntax"
    ignored: ["$id","examples"]
warning: the following keywords are unknown and will be ignored: [$id, examples]
    level: "warning"
    schema: {"loadingURI":"#","pointer":"/items/properties/status"}
    domain: "syntax"
    ignored: ["$id","examples"]
warning: the following keywords are unknown and will be ignored: [$id]
    level: "warning"
    schema: {"loadingURI":"#","pointer":"/items/properties/tags"}
    domain: "syntax"
    ignored: ["$id"]
warning: the following keywords are unknown and will be ignored: [$id]
    level: "warning"
    schema: {"loadingURI":"#","pointer":"/items/properties/tags/items"}
    domain: "syntax"
    ignored: ["$id"]
warning: the following keywords are unknown and will be ignored: [$id, examples]
    level: "warning"
    schema: {"loadingURI":"#","pointer":"/items/properties/tags/items/properties/id"}
    domain: "syntax"
    ignored: ["$id","examples"]
warning: the following keywords are unknown and will be ignored: [$id, examples]
    level: "warning"
    schema: {"loadingURI":"#","pointer":"/items/properties/tags/items/properties/name"}
    domain: "syntax"
    ignored: ["$id","examples"]
warning: the following keywords are unknown and will be ignored: [$id]
    level: "warning"
    schema: {"loadingURI":"#","pointer":"/items"}
    domain: "syntax"
    ignored: ["$id"]
warning: the following keywords are unknown and will be ignored: [$id]
    level: "warning"
    schema: {"loadingURI":"#","pointer":"/items/properties/category"}
    domain: "syntax"
    ignored: ["$id"]
warning: the following keywords are unknown and will be ignored: [$id, examples]
    level: "warning"
    schema: {"loadingURI":"#","pointer":"/items/properties/category/properties/id"}
    domain: "syntax"
    ignored: ["$id","examples"]
warning: the following keywords are unknown and will be ignored: [$id, examples]
    level: "warning"
    schema: {"loadingURI":"#","pointer":"/items/properties/category/properties/name"}
    domain: "syntax"
    ignored: ["$id","examples"]
warning: the following keywords are unknown and will be ignored: [$id, examples]
    level: "warning"
    schema: {"loadingURI":"#","pointer":"/items/properties/id"}
    domain: "syntax"
    ignored: ["$id","examples"]
warning: the following keywords are unknown and will be ignored: [$id, examples]
    level: "warning"
    schema: {"loadingURI":"#","pointer":"/items/properties/name"}
    domain: "syntax"
    ignored: ["$id","examples"]
warning: the following keywords are unknown and will be ignored: [$id]
    level: "warning"
    schema: {"loadingURI":"#","pointer":"/items/properties/photoUrls"}
    domain: "syntax"
    ignored: ["$id"]
warning: the following keywords are unknown and will be ignored: [$id, examples]
    level: "warning"
    schema: {"loadingURI":"#","pointer":"/items/properties/photoUrls/items"}
    domain: "syntax"
    ignored: ["$id","examples"]
warning: the following keywords are unknown and will be ignored: [$id, examples]
    level: "warning"
    schema: {"loadingURI":"#","pointer":"/items/properties/status"}
    domain: "syntax"
    ignored: ["$id","examples"]
warning: the following keywords are unknown and will be ignored: [$id]
    level: "warning"
    schema: {"loadingURI":"#","pointer":"/items/properties/tags"}
    domain: "syntax"
    ignored: ["$id"]
warning: the following keywords are unknown and will be ignored: [$id]
    level: "warning"
    schema: {"loadingURI":"#","pointer":"/items/properties/tags/items"}
    domain: "syntax"
    ignored: ["$id"]
warning: the following keywords are unknown and will be ignored: [$id, examples]
    level: "warning"
    schema: {"loadingURI":"#","pointer":"/items/properties/tags/items/properties/id"}
    domain: "syntax"
    ignored: ["$id","examples"]
warning: the following keywords are unknown and will be ignored: [$id, examples]
    level: "warning"
    schema: {"loadingURI":"#","pointer":"/items/properties/tags/items/properties/name"}
    domain: "syntax"
    ignored: ["$id","examples"]
warning: the following keywords are unknown and will be ignored: [$id]
    level: "warning"
    schema: {"loadingURI":"#","pointer":"/items"}
    domain: "syntax"
    ignored: ["$id"]
warning: the following keywords are unknown and will be ignored: [$id]
    level: "warning"
    schema: {"loadingURI":"#","pointer":"/items/properties/category"}
    domain: "syntax"
    ignored: ["$id"]
warning: the following keywords are unknown and will be ignored: [$id, examples]
    level: "warning"
    schema: {"loadingURI":"#","pointer":"/items/properties/category/properties/id"}
    domain: "syntax"
    ignored: ["$id","examples"]
warning: the following keywords are unknown and will be ignored: [$id, examples]
    level: "warning"
    schema: {"loadingURI":"#","pointer":"/items/properties/category/properties/name"}
    domain: "syntax"
    ignored: ["$id","examples"]
warning: the following keywords are unknown and will be ignored: [$id, examples]
    level: "warning"
    schema: {"loadingURI":"#","pointer":"/items/properties/id"}
    domain: "syntax"
    ignored: ["$id","examples"]
warning: the following keywords are unknown and will be ignored: [$id, examples]
    level: "warning"
    schema: {"loadingURI":"#","pointer":"/items/properties/name"}
    domain: "syntax"
    ignored: ["$id","examples"]
warning: the following keywords are unknown and will be ignored: [$id]
    level: "warning"
    schema: {"loadingURI":"#","pointer":"/items/properties/photoUrls"}
    domain: "syntax"
    ignored: ["$id"]
warning: the following keywords are unknown and will be ignored: [$id, examples]
    level: "warning"
    schema: {"loadingURI":"#","pointer":"/items/properties/photoUrls/items"}
    domain: "syntax"
    ignored: ["$id","examples"]
warning: the following keywords are unknown and will be ignored: [$id, examples]
    level: "warning"
    schema: {"loadingURI":"#","pointer":"/items/properties/status"}
    domain: "syntax"
    ignored: ["$id","examples"]
warning: the following keywords are unknown and will be ignored: [$id]
    level: "warning"
    schema: {"loadingURI":"#","pointer":"/items/properties/tags"}
    domain: "syntax"
    ignored: ["$id"]
warning: the following keywords are unknown and will be ignored: [$id]
    level: "warning"
    schema: {"loadingURI":"#","pointer":"/items/properties/tags/items"}
    domain: "syntax"
    ignored: ["$id"]
warning: the following keywords are unknown and will be ignored: [$id, examples]
    level: "warning"
    schema: {"loadingURI":"#","pointer":"/items/properties/tags/items/properties/id"}
    domain: "syntax"
    ignored: ["$id","examples"]
warning: the following keywords are unknown and will be ignored: [$id, examples]
    level: "warning"
    schema: {"loadingURI":"#","pointer":"/items/properties/tags/items/properties/name"}
    domain: "syntax"
    ignored: ["$id","examples"]
warning: the following keywords are unknown and will be ignored: [$id]
    level: "warning"
    schema: {"loadingURI":"#","pointer":"/items"}
    domain: "syntax"
    ignored: ["$id"]
warning: the following keywords are unknown and will be ignored: [$id]
    level: "warning"
    schema: {"loadingURI":"#","pointer":"/items/properties/category"}
    domain: "syntax"
    ignored: ["$id"]
warning: the following keywords are unknown and will be ignored: [$id, examples]
    level: "warning"
    schema: {"loadingURI":"#","pointer":"/items/properties/category/properties/id"}
    domain: "syntax"
    ignored: ["$id","examples"]
warning: the following keywords are unknown and will be ignored: [$id, examples]
    level: "warning"
    schema: {"loadingURI":"#","pointer":"/items/properties/category/properties/name"}
    domain: "syntax"
    ignored: ["$id","examples"]
warning: the following keywords are unknown and will be ignored: [$id, examples]
    level: "warning"
    schema: {"loadingURI":"#","pointer":"/items/properties/id"}
    domain: "syntax"
    ignored: ["$id","examples"]
warning: the following keywords are unknown and will be ignored: [$id, examples]
    level: "warning"
    schema: {"loadingURI":"#","pointer":"/items/properties/name"}
    domain: "syntax"
    ignored: ["$id","examples"]
warning: the following keywords are unknown and will be ignored: [$id]
    level: "warning"
    schema: {"loadingURI":"#","pointer":"/items/properties/photoUrls"}
    domain: "syntax"
    ignored: ["$id"]
warning: the following keywords are unknown and will be ignored: [$id, examples]
    level: "warning"
    schema: {"loadingURI":"#","pointer":"/items/properties/photoUrls/items"}
    domain: "syntax"
    ignored: ["$id","examples"]
warning: the following keywords are unknown and will be ignored: [$id, examples]
    level: "warning"
    schema: {"loadingURI":"#","pointer":"/items/properties/status"}
    domain: "syntax"
    ignored: ["$id","examples"]
warning: the following keywords are unknown and will be ignored: [$id]
    level: "warning"
    schema: {"loadingURI":"#","pointer":"/items/properties/tags"}
    domain: "syntax"
    ignored: ["$id"]
warning: the following keywords are unknown and will be ignored: [$id]
    level: "warning"
    schema: {"loadingURI":"#","pointer":"/items/properties/tags/items"}
    domain: "syntax"
    ignored: ["$id"]
warning: the following keywords are unknown and will be ignored: [$id, examples]
    level: "warning"
    schema: {"loadingURI":"#","pointer":"/items/properties/tags/items/properties/id"}
    domain: "syntax"
    ignored: ["$id","examples"]
warning: the following keywords are unknown and will be ignored: [$id, examples]
    level: "warning"
    schema: {"loadingURI":"#","pointer":"/items/properties/tags/items/properties/name"}
    domain: "syntax"
    ignored: ["$id","examples"]
warning: the following keywords are unknown and will be ignored: [$id]
    level: "warning"
    schema: {"loadingURI":"#","pointer":"/items"}
    domain: "syntax"
    ignored: ["$id"]
warning: the following keywords are unknown and will be ignored: [$id]
    level: "warning"
    schema: {"loadingURI":"#","pointer":"/items/properties/category"}
    domain: "syntax"
    ignored: ["$id"]
warning: the following keywords are unknown and will be ignored: [$id, examples]
    level: "warning"
    schema: {"loadingURI":"#","pointer":"/items/properties/category/properties/id"}
    domain: "syntax"
    ignored: ["$id","examples"]
warning: the following keywords are unknown and will be ignored: [$id, examples]
    level: "warning"
    schema: {"loadingURI":"#","pointer":"/items/properties/category/properties/name"}
    domain: "syntax"
    ignored: ["$id","examples"]
warning: the following keywords are unknown and will be ignored: [$id, examples]
    level: "warning"
    schema: {"loadingURI":"#","pointer":"/items/properties/id"}
    domain: "syntax"
    ignored: ["$id","examples"]
warning: the following keywords are unknown and will be ignored: [$id, examples]
    level: "warning"
    schema: {"loadingURI":"#","pointer":"/items/properties/name"}
    domain: "syntax"
    ignored: ["$id","examples"]
warning: the following keywords are unknown and will be ignored: [$id]
    level: "warning"
    schema: {"loadingURI":"#","pointer":"/items/properties/photoUrls"}
    domain: "syntax"
    ignored: ["$id"]
warning: the following keywords are unknown and will be ignored: [$id, examples]
    level: "warning"
    schema: {"loadingURI":"#","pointer":"/items/properties/photoUrls/items"}
    domain: "syntax"
    ignored: ["$id","examples"]
warning: the following keywords are unknown and will be ignored: [$id, examples]
    level: "warning"
    schema: {"loadingURI":"#","pointer":"/items/properties/status"}
    domain: "syntax"
    ignored: ["$id","examples"]
warning: the following keywords are unknown and will be ignored: [$id]
    level: "warning"
    schema: {"loadingURI":"#","pointer":"/items/properties/tags"}
    domain: "syntax"
    ignored: ["$id"]
warning: the following keywords are unknown and will be ignored: [$id]
    level: "warning"
    schema: {"loadingURI":"#","pointer":"/items/properties/tags/items"}
    domain: "syntax"
    ignored: ["$id"]
warning: the following keywords are unknown and will be ignored: [$id, examples]
    level: "warning"
    schema: {"loadingURI":"#","pointer":"/items/properties/tags/items/properties/id"}
    domain: "syntax"
    ignored: ["$id","examples"]
warning: the following keywords are unknown and will be ignored: [$id, examples]
    level: "warning"
    schema: {"loadingURI":"#","pointer":"/items/properties/tags/items/properties/name"}
    domain: "syntax"
    ignored: ["$id","examples"]
warning: the following keywords are unknown and will be ignored: [$id]
    level: "warning"
    schema: {"loadingURI":"#","pointer":"/items"}
    domain: "syntax"
    ignored: ["$id"]
warning: the following keywords are unknown and will be ignored: [$id]
    level: "warning"
    schema: {"loadingURI":"#","pointer":"/items/properties/category"}
    domain: "syntax"
    ignored: ["$id"]
warning: the following keywords are unknown and will be ignored: [$id, examples]
    level: "warning"
    schema: {"loadingURI":"#","pointer":"/items/properties/category/properties/id"}
    domain: "syntax"
    ignored: ["$id","examples"]
warning: the following keywords are unknown and will be ignored: [$id, examples]
    level: "warning"
    schema: {"loadingURI":"#","pointer":"/items/properties/category/properties/name"}
    domain: "syntax"
    ignored: ["$id","examples"]
warning: the following keywords are unknown and will be ignored: [$id, examples]
    level: "warning"
    schema: {"loadingURI":"#","pointer":"/items/properties/id"}
    domain: "syntax"
    ignored: ["$id","examples"]
warning: the following keywords are unknown and will be ignored: [$id, examples]
    level: "warning"
    schema: {"loadingURI":"#","pointer":"/items/properties/name"}
    domain: "syntax"
    ignored: ["$id","examples"]
warning: the following keywords are unknown and will be ignored: [$id]
    level: "warning"
    schema: {"loadingURI":"#","pointer":"/items/properties/photoUrls"}
    domain: "syntax"
    ignored: ["$id"]
warning: the following keywords are unknown and will be ignored: [$id, examples]
    level: "warning"
    schema: {"loadingURI":"#","pointer":"/items/properties/photoUrls/items"}
    domain: "syntax"
    ignored: ["$id","examples"]
warning: the following keywords are unknown and will be ignored: [$id, examples]
    level: "warning"
    schema: {"loadingURI":"#","pointer":"/items/properties/status"}
    domain: "syntax"
    ignored: ["$id","examples"]
warning: the following keywords are unknown and will be ignored: [$id]
    level: "warning"
    schema: {"loadingURI":"#","pointer":"/items/properties/tags"}
    domain: "syntax"
    ignored: ["$id"]
warning: the following keywords are unknown and will be ignored: [$id]
    level: "warning"
    schema: {"loadingURI":"#","pointer":"/items/properties/tags/items"}
    domain: "syntax"
    ignored: ["$id"]
warning: the following keywords are unknown and will be ignored: [$id, examples]
    level: "warning"
    schema: {"loadingURI":"#","pointer":"/items/properties/tags/items/properties/id"}
    domain: "syntax"
    ignored: ["$id","examples"]
warning: the following keywords are unknown and will be ignored: [$id, examples]
    level: "warning"
    schema: {"loadingURI":"#","pointer":"/items/properties/tags/items/properties/name"}
    domain: "syntax"
    ignored: ["$id","examples"]
warning: the following keywords are unknown and will be ignored: [$id]
    level: "warning"
    schema: {"loadingURI":"#","pointer":"/items"}
    domain: "syntax"
    ignored: ["$id"]
warning: the following keywords are unknown and will be ignored: [$id]
    level: "warning"
    schema: {"loadingURI":"#","pointer":"/items/properties/category"}
    domain: "syntax"
    ignored: ["$id"]
warning: the following keywords are unknown and will be ignored: [$id, examples]
    level: "warning"
    schema: {"loadingURI":"#","pointer":"/items/properties/category/properties/id"}
    domain: "syntax"
    ignored: ["$id","examples"]
warning: the following keywords are unknown and will be ignored: [$id, examples]
    level: "warning"
    schema: {"loadingURI":"#","pointer":"/items/properties/category/properties/name"}
    domain: "syntax"
    ignored: ["$id","examples"]
warning: the following keywords are unknown and will be ignored: [$id, examples]
    level: "warning"
    schema: {"loadingURI":"#","pointer":"/items/properties/id"}
    domain: "syntax"
    ignored: ["$id","examples"]
warning: the following keywords are unknown and will be ignored: [$id, examples]
    level: "warning"
    schema: {"loadingURI":"#","pointer":"/items/properties/name"}
    domain: "syntax"
    ignored: ["$id","examples"]
warning: the following keywords are unknown and will be ignored: [$id]
    level: "warning"
    schema: {"loadingURI":"#","pointer":"/items/properties/photoUrls"}
    domain: "syntax"
    ignored: ["$id"]
warning: the following keywords are unknown and will be ignored: [$id, examples]
    level: "warning"
    schema: {"loadingURI":"#","pointer":"/items/properties/photoUrls/items"}
    domain: "syntax"
    ignored: ["$id","examples"]
warning: the following keywords are unknown and will be ignored: [$id, examples]
    level: "warning"
    schema: {"loadingURI":"#","pointer":"/items/properties/status"}
    domain: "syntax"
    ignored: ["$id","examples"]
warning: the following keywords are unknown and will be ignored: [$id]
    level: "warning"
    schema: {"loadingURI":"#","pointer":"/items/properties/tags"}
    domain: "syntax"
    ignored: ["$id"]
warning: the following keywords are unknown and will be ignored: [$id]
    level: "warning"
    schema: {"loadingURI":"#","pointer":"/items/properties/tags/items"}
    domain: "syntax"
    ignored: ["$id"]
warning: the following keywords are unknown and will be ignored: [$id, examples]
    level: "warning"
    schema: {"loadingURI":"#","pointer":"/items/properties/tags/items/properties/id"}
    domain: "syntax"
    ignored: ["$id","examples"]
warning: the following keywords are unknown and will be ignored: [$id, examples]
    level: "warning"
    schema: {"loadingURI":"#","pointer":"/items/properties/tags/items/properties/name"}
    domain: "syntax"
    ignored: ["$id","examples"]
warning: the following keywords are unknown and will be ignored: [$id]
    level: "warning"
    schema: {"loadingURI":"#","pointer":"/items"}
    domain: "syntax"
    ignored: ["$id"]
warning: the following keywords are unknown and will be ignored: [$id]
    level: "warning"
    schema: {"loadingURI":"#","pointer":"/items/properties/category"}
    domain: "syntax"
    ignored: ["$id"]
warning: the following keywords are unknown and will be ignored: [$id, examples]
    level: "warning"
    schema: {"loadingURI":"#","pointer":"/items/properties/category/properties/id"}
    domain: "syntax"
    ignored: ["$id","examples"]
warning: the following keywords are unknown and will be ignored: [$id, examples]
    level: "warning"
    schema: {"loadingURI":"#","pointer":"/items/properties/category/properties/name"}
    domain: "syntax"
    ignored: ["$id","examples"]
warning: the following keywords are unknown and will be ignored: [$id, examples]
    level: "warning"
    schema: {"loadingURI":"#","pointer":"/items/properties/id"}
    domain: "syntax"
    ignored: ["$id","examples"]
warning: the following keywords are unknown and will be ignored: [$id, examples]
    level: "warning"
    schema: {"loadingURI":"#","pointer":"/items/properties/name"}
    domain: "syntax"
    ignored: ["$id","examples"]
warning: the following keywords are unknown and will be ignored: [$id]
    level: "warning"
    schema: {"loadingURI":"#","pointer":"/items/properties/photoUrls"}
    domain: "syntax"
    ignored: ["$id"]
warning: the following keywords are unknown and will be ignored: [$id, examples]
    level: "warning"
    schema: {"loadingURI":"#","pointer":"/items/properties/photoUrls/items"}
    domain: "syntax"
    ignored: ["$id","examples"]
warning: the following keywords are unknown and will be ignored: [$id, examples]
    level: "warning"
    schema: {"loadingURI":"#","pointer":"/items/properties/status"}
    domain: "syntax"
    ignored: ["$id","examples"]
warning: the following keywords are unknown and will be ignored: [$id]
    level: "warning"
    schema: {"loadingURI":"#","pointer":"/items/properties/tags"}
    domain: "syntax"
    ignored: ["$id"]
warning: the following keywords are unknown and will be ignored: [$id]
    level: "warning"
    schema: {"loadingURI":"#","pointer":"/items/properties/tags/items"}
    domain: "syntax"
    ignored: ["$id"]
warning: the following keywords are unknown and will be ignored: [$id, examples]
    level: "warning"
    schema: {"loadingURI":"#","pointer":"/items/properties/tags/items/properties/id"}
    domain: "syntax"
    ignored: ["$id","examples"]
warning: the following keywords are unknown and will be ignored: [$id, examples]
    level: "warning"
    schema: {"loadingURI":"#","pointer":"/items/properties/tags/items/properties/name"}
    domain: "syntax"
    ignored: ["$id","examples"]
warning: the following keywords are unknown and will be ignored: [$id]
    level: "warning"
    schema: {"loadingURI":"#","pointer":"/items"}
    domain: "syntax"
    ignored: ["$id"]
warning: the following keywords are unknown and will be ignored: [$id]
    level: "warning"
    schema: {"loadingURI":"#","pointer":"/items/properties/category"}
    domain: "syntax"
    ignored: ["$id"]
warning: the following keywords are unknown and will be ignored: [$id, examples]
    level: "warning"
    schema: {"loadingURI":"#","pointer":"/items/properties/category/properties/id"}
    domain: "syntax"
    ignored: ["$id","examples"]
warning: the following keywords are unknown and will be ignored: [$id, examples]
    level: "warning"
    schema: {"loadingURI":"#","pointer":"/items/properties/category/properties/name"}
    domain: "syntax"
    ignored: ["$id","examples"]
warning: the following keywords are unknown and will be ignored: [$id, examples]
    level: "warning"
    schema: {"loadingURI":"#","pointer":"/items/properties/id"}
    domain: "syntax"
    ignored: ["$id","examples"]
warning: the following keywords are unknown and will be ignored: [$id, examples]
    level: "warning"
    schema: {"loadingURI":"#","pointer":"/items/properties/name"}
    domain: "syntax"
    ignored: ["$id","examples"]
warning: the following keywords are unknown and will be ignored: [$id]
    level: "warning"
    schema: {"loadingURI":"#","pointer":"/items/properties/photoUrls"}
    domain: "syntax"
    ignored: ["$id"]
warning: the following keywords are unknown and will be ignored: [$id, examples]
    level: "warning"
    schema: {"loadingURI":"#","pointer":"/items/properties/photoUrls/items"}
    domain: "syntax"
    ignored: ["$id","examples"]
warning: the following keywords are unknown and will be ignored: [$id, examples]
    level: "warning"
    schema: {"loadingURI":"#","pointer":"/items/properties/status"}
    domain: "syntax"
    ignored: ["$id","examples"]
warning: the following keywords are unknown and will be ignored: [$id]
    level: "warning"
    schema: {"loadingURI":"#","pointer":"/items/properties/tags"}
    domain: "syntax"
    ignored: ["$id"]
warning: the following keywords are unknown and will be ignored: [$id]
    level: "warning"
    schema: {"loadingURI":"#","pointer":"/items/properties/tags/items"}
    domain: "syntax"
    ignored: ["$id"]
warning: the following keywords are unknown and will be ignored: [$id, examples]
    level: "warning"
    schema: {"loadingURI":"#","pointer":"/items/properties/tags/items/properties/id"}
    domain: "syntax"
    ignored: ["$id","examples"]
warning: the following keywords are unknown and will be ignored: [$id, examples]
    level: "warning"
    schema: {"loadingURI":"#","pointer":"/items/properties/tags/items/properties/name"}
    domain: "syntax"
    ignored: ["$id","examples"]
warning: the following keywords are unknown and will be ignored: [$id]
    level: "warning"
    schema: {"loadingURI":"#","pointer":"/items"}
    domain: "syntax"
    ignored: ["$id"]
warning: the following keywords are unknown and will be ignored: [$id]
    level: "warning"
    schema: {"loadingURI":"#","pointer":"/items/properties/category"}
    domain: "syntax"
    ignored: ["$id"]
warning: the following keywords are unknown and will be ignored: [$id, examples]
    level: "warning"
    schema: {"loadingURI":"#","pointer":"/items/properties/category/properties/id"}
    domain: "syntax"
    ignored: ["$id","examples"]
warning: the following keywords are unknown and will be ignored: [$id, examples]
    level: "warning"
    schema: {"loadingURI":"#","pointer":"/items/properties/category/properties/name"}
    domain: "syntax"
    ignored: ["$id","examples"]
warning: the following keywords are unknown and will be ignored: [$id, examples]
    level: "warning"
    schema: {"loadingURI":"#","pointer":"/items/properties/id"}
    domain: "syntax"
    ignored: ["$id","examples"]
warning: the following keywords are unknown and will be ignored: [$id, examples]
    level: "warning"
    schema: {"loadingURI":"#","pointer":"/items/properties/name"}
    domain: "syntax"
    ignored: ["$id","examples"]
warning: the following keywords are unknown and will be ignored: [$id]
    level: "warning"
    schema: {"loadingURI":"#","pointer":"/items/properties/photoUrls"}
    domain: "syntax"
    ignored: ["$id"]
warning: the following keywords are unknown and will be ignored: [$id, examples]
    level: "warning"
    schema: {"loadingURI":"#","pointer":"/items/properties/photoUrls/items"}
    domain: "syntax"
    ignored: ["$id","examples"]
warning: the following keywords are unknown and will be ignored: [$id, examples]
    level: "warning"
    schema: {"loadingURI":"#","pointer":"/items/properties/status"}
    domain: "syntax"
    ignored: ["$id","examples"]
warning: the following keywords are unknown and will be ignored: [$id]
    level: "warning"
    schema: {"loadingURI":"#","pointer":"/items/properties/tags"}
    domain: "syntax"
    ignored: ["$id"]
warning: the following keywords are unknown and will be ignored: [$id]
    level: "warning"
    schema: {"loadingURI":"#","pointer":"/items/properties/tags/items"}
    domain: "syntax"
    ignored: ["$id"]
warning: the following keywords are unknown and will be ignored: [$id, examples]
    level: "warning"
    schema: {"loadingURI":"#","pointer":"/items/properties/tags/items/properties/id"}
    domain: "syntax"
    ignored: ["$id","examples"]
warning: the following keywords are unknown and will be ignored: [$id, examples]
    level: "warning"
    schema: {"loadingURI":"#","pointer":"/items/properties/tags/items/properties/name"}
    domain: "syntax"
    ignored: ["$id","examples"]
warning: the following keywords are unknown and will be ignored: [$id]
    level: "warning"
    schema: {"loadingURI":"#","pointer":"/items"}
    domain: "syntax"
    ignored: ["$id"]
warning: the following keywords are unknown and will be ignored: [$id]
    level: "warning"
    schema: {"loadingURI":"#","pointer":"/items/properties/category"}
    domain: "syntax"
    ignored: ["$id"]
warning: the following keywords are unknown and will be ignored: [$id, examples]
    level: "warning"
    schema: {"loadingURI":"#","pointer":"/items/properties/category/properties/id"}
    domain: "syntax"
    ignored: ["$id","examples"]
warning: the following keywords are unknown and will be ignored: [$id, examples]
    level: "warning"
    schema: {"loadingURI":"#","pointer":"/items/properties/category/properties/name"}
    domain: "syntax"
    ignored: ["$id","examples"]
warning: the following keywords are unknown and will be ignored: [$id, examples]
    level: "warning"
    schema: {"loadingURI":"#","pointer":"/items/properties/id"}
    domain: "syntax"
    ignored: ["$id","examples"]
warning: the following keywords are unknown and will be ignored: [$id, examples]
    level: "warning"
    schema: {"loadingURI":"#","pointer":"/items/properties/name"}
    domain: "syntax"
    ignored: ["$id","examples"]
warning: the following keywords are unknown and will be ignored: [$id]
    level: "warning"
    schema: {"loadingURI":"#","pointer":"/items/properties/photoUrls"}
    domain: "syntax"
    ignored: ["$id"]
warning: the following keywords are unknown and will be ignored: [$id, examples]
    level: "warning"
    schema: {"loadingURI":"#","pointer":"/items/properties/photoUrls/items"}
    domain: "syntax"
    ignored: ["$id","examples"]
warning: the following keywords are unknown and will be ignored: [$id, examples]
    level: "warning"
    schema: {"loadingURI":"#","pointer":"/items/properties/status"}
    domain: "syntax"
    ignored: ["$id","examples"]
warning: the following keywords are unknown and will be ignored: [$id]
    level: "warning"
    schema: {"loadingURI":"#","pointer":"/items/properties/tags"}
    domain: "syntax"
    ignored: ["$id"]
warning: the following keywords are unknown and will be ignored: [$id]
    level: "warning"
    schema: {"loadingURI":"#","pointer":"/items/properties/tags/items"}
    domain: "syntax"
    ignored: ["$id"]
warning: the following keywords are unknown and will be ignored: [$id, examples]
    level: "warning"
    schema: {"loadingURI":"#","pointer":"/items/properties/tags/items/properties/id"}
    domain: "syntax"
    ignored: ["$id","examples"]
warning: the following keywords are unknown and will be ignored: [$id, examples]
    level: "warning"
    schema: {"loadingURI":"#","pointer":"/items/properties/tags/items/properties/name"}
    domain: "syntax"
    ignored: ["$id","examples"]
warning: the following keywords are unknown and will be ignored: [$id]
    level: "warning"
    schema: {"loadingURI":"#","pointer":"/items"}
    domain: "syntax"
    ignored: ["$id"]
warning: the following keywords are unknown and will be ignored: [$id]
    level: "warning"
    schema: {"loadingURI":"#","pointer":"/items/properties/category"}
    domain: "syntax"
    ignored: ["$id"]
warning: the following keywords are unknown and will be ignored: [$id, examples]
    level: "warning"
    schema: {"loadingURI":"#","pointer":"/items/properties/category/properties/id"}
    domain: "syntax"
    ignored: ["$id","examples"]
warning: the following keywords are unknown and will be ignored: [$id, examples]
    level: "warning"
    schema: {"loadingURI":"#","pointer":"/items/properties/category/properties/name"}
    domain: "syntax"
    ignored: ["$id","examples"]
warning: the following keywords are unknown and will be ignored: [$id, examples]
    level: "warning"
    schema: {"loadingURI":"#","pointer":"/items/properties/id"}
    domain: "syntax"
    ignored: ["$id","examples"]
warning: the following keywords are unknown and will be ignored: [$id, examples]
    level: "warning"
    schema: {"loadingURI":"#","pointer":"/items/properties/name"}
    domain: "syntax"
    ignored: ["$id","examples"]
warning: the following keywords are unknown and will be ignored: [$id]
    level: "warning"
    schema: {"loadingURI":"#","pointer":"/items/properties/photoUrls"}
    domain: "syntax"
    ignored: ["$id"]
warning: the following keywords are unknown and will be ignored: [$id, examples]
    level: "warning"
    schema: {"loadingURI":"#","pointer":"/items/properties/photoUrls/items"}
    domain: "syntax"
    ignored: ["$id","examples"]
warning: the following keywords are unknown and will be ignored: [$id, examples]
    level: "warning"
    schema: {"loadingURI":"#","pointer":"/items/properties/status"}
    domain: "syntax"
    ignored: ["$id","examples"]
warning: the following keywords are unknown and will be ignored: [$id]
    level: "warning"
    schema: {"loadingURI":"#","pointer":"/items/properties/tags"}
    domain: "syntax"
    ignored: ["$id"]
warning: the following keywords are unknown and will be ignored: [$id]
    level: "warning"
    schema: {"loadingURI":"#","pointer":"/items/properties/tags/items"}
    domain: "syntax"
    ignored: ["$id"]
warning: the following keywords are unknown and will be ignored: [$id, examples]
    level: "warning"
    schema: {"loadingURI":"#","pointer":"/items/properties/tags/items/properties/id"}
    domain: "syntax"
    ignored: ["$id","examples"]
warning: the following keywords are unknown and will be ignored: [$id, examples]
    level: "warning"
    schema: {"loadingURI":"#","pointer":"/items/properties/tags/items/properties/name"}
    domain: "syntax"
    ignored: ["$id","examples"]
warning: the following keywords are unknown and will be ignored: [$id]
    level: "warning"
    schema: {"loadingURI":"#","pointer":"/items"}
    domain: "syntax"
    ignored: ["$id"]
warning: the following keywords are unknown and will be ignored: [$id]
    level: "warning"
    schema: {"loadingURI":"#","pointer":"/items/properties/category"}
    domain: "syntax"
    ignored: ["$id"]
warning: the following keywords are unknown and will be ignored: [$id, examples]
    level: "warning"
    schema: {"loadingURI":"#","pointer":"/items/properties/category/properties/id"}
    domain: "syntax"
    ignored: ["$id","examples"]
warning: the following keywords are unknown and will be ignored: [$id, examples]
    level: "warning"
    schema: {"loadingURI":"#","pointer":"/items/properties/category/properties/name"}
    domain: "syntax"
    ignored: ["$id","examples"]
warning: the following keywords are unknown and will be ignored: [$id, examples]
    level: "warning"
    schema: {"loadingURI":"#","pointer":"/items/properties/id"}
    domain: "syntax"
    ignored: ["$id","examples"]
warning: the following keywords are unknown and will be ignored: [$id, examples]
    level: "warning"
    schema: {"loadingURI":"#","pointer":"/items/properties/name"}
    domain: "syntax"
    ignored: ["$id","examples"]
warning: the following keywords are unknown and will be ignored: [$id]
    level: "warning"
    schema: {"loadingURI":"#","pointer":"/items/properties/photoUrls"}
    domain: "syntax"
    ignored: ["$id"]
warning: the following keywords are unknown and will be ignored: [$id, examples]
    level: "warning"
    schema: {"loadingURI":"#","pointer":"/items/properties/photoUrls/items"}
    domain: "syntax"
    ignored: ["$id","examples"]
warning: the following keywords are unknown and will be ignored: [$id, examples]
    level: "warning"
    schema: {"loadingURI":"#","pointer":"/items/properties/status"}
    domain: "syntax"
    ignored: ["$id","examples"]
warning: the following keywords are unknown and will be ignored: [$id]
    level: "warning"
    schema: {"loadingURI":"#","pointer":"/items/properties/tags"}
    domain: "syntax"
    ignored: ["$id"]
warning: the following keywords are unknown and will be ignored: [$id]
    level: "warning"
    schema: {"loadingURI":"#","pointer":"/items/properties/tags/items"}
    domain: "syntax"
    ignored: ["$id"]
warning: the following keywords are unknown and will be ignored: [$id, examples]
    level: "warning"
    schema: {"loadingURI":"#","pointer":"/items/properties/tags/items/properties/id"}
    domain: "syntax"
    ignored: ["$id","examples"]
warning: the following keywords are unknown and will be ignored: [$id, examples]
    level: "warning"
    schema: {"loadingURI":"#","pointer":"/items/properties/tags/items/properties/name"}
    domain: "syntax"
    ignored: ["$id","examples"]
warning: the following keywords are unknown and will be ignored: [$id]
    level: "warning"
    schema: {"loadingURI":"#","pointer":"/items"}
    domain: "syntax"
    ignored: ["$id"]
warning: the following keywords are unknown and will be ignored: [$id]
    level: "warning"
    schema: {"loadingURI":"#","pointer":"/items/properties/category"}
    domain: "syntax"
    ignored: ["$id"]
warning: the following keywords are unknown and will be ignored: [$id, examples]
    level: "warning"
    schema: {"loadingURI":"#","pointer":"/items/properties/category/properties/id"}
    domain: "syntax"
    ignored: ["$id","examples"]
warning: the following keywords are unknown and will be ignored: [$id, examples]
    level: "warning"
    schema: {"loadingURI":"#","pointer":"/items/properties/category/properties/name"}
    domain: "syntax"
    ignored: ["$id","examples"]
warning: the following keywords are unknown and will be ignored: [$id, examples]
    level: "warning"
    schema: {"loadingURI":"#","pointer":"/items/properties/id"}
    domain: "syntax"
    ignored: ["$id","examples"]
warning: the following keywords are unknown and will be ignored: [$id, examples]
    level: "warning"
    schema: {"loadingURI":"#","pointer":"/items/properties/name"}
    domain: "syntax"
    ignored: ["$id","examples"]
warning: the following keywords are unknown and will be ignored: [$id]
    level: "warning"
    schema: {"loadingURI":"#","pointer":"/items/properties/photoUrls"}
    domain: "syntax"
    ignored: ["$id"]
warning: the following keywords are unknown and will be ignored: [$id, examples]
    level: "warning"
    schema: {"loadingURI":"#","pointer":"/items/properties/photoUrls/items"}
    domain: "syntax"
    ignored: ["$id","examples"]
warning: the following keywords are unknown and will be ignored: [$id, examples]
    level: "warning"
    schema: {"loadingURI":"#","pointer":"/items/properties/status"}
    domain: "syntax"
    ignored: ["$id","examples"]
warning: the following keywords are unknown and will be ignored: [$id]
    level: "warning"
    schema: {"loadingURI":"#","pointer":"/items/properties/tags"}
    domain: "syntax"
    ignored: ["$id"]
warning: the following keywords are unknown and will be ignored: [$id]
    level: "warning"
    schema: {"loadingURI":"#","pointer":"/items/properties/tags/items"}
    domain: "syntax"
    ignored: ["$id"]
warning: the following keywords are unknown and will be ignored: [$id, examples]
    level: "warning"
    schema: {"loadingURI":"#","pointer":"/items/properties/tags/items/properties/id"}
    domain: "syntax"
    ignored: ["$id","examples"]
warning: the following keywords are unknown and will be ignored: [$id, examples]
    level: "warning"
    schema: {"loadingURI":"#","pointer":"/items/properties/tags/items/properties/name"}
    domain: "syntax"
    ignored: ["$id","examples"]
warning: the following keywords are unknown and will be ignored: [$id]
    level: "warning"
    schema: {"loadingURI":"#","pointer":"/items"}
    domain: "syntax"
    ignored: ["$id"]
warning: the following keywords are unknown and will be ignored: [$id]
    level: "warning"
    schema: {"loadingURI":"#","pointer":"/items/properties/category"}
    domain: "syntax"
    ignored: ["$id"]
warning: the following keywords are unknown and will be ignored: [$id, examples]
    level: "warning"
    schema: {"loadingURI":"#","pointer":"/items/properties/category/properties/id"}
    domain: "syntax"
    ignored: ["$id","examples"]
warning: the following keywords are unknown and will be ignored: [$id, examples]
    level: "warning"
    schema: {"loadingURI":"#","pointer":"/items/properties/category/properties/name"}
    domain: "syntax"
    ignored: ["$id","examples"]
warning: the following keywords are unknown and will be ignored: [$id, examples]
    level: "warning"
    schema: {"loadingURI":"#","pointer":"/items/properties/id"}
    domain: "syntax"
    ignored: ["$id","examples"]
warning: the following keywords are unknown and will be ignored: [$id, examples]
    level: "warning"
    schema: {"loadingURI":"#","pointer":"/items/properties/name"}
    domain: "syntax"
    ignored: ["$id","examples"]
warning: the following keywords are unknown and will be ignored: [$id]
    level: "warning"
    schema: {"loadingURI":"#","pointer":"/items/properties/photoUrls"}
    domain: "syntax"
    ignored: ["$id"]
warning: the following keywords are unknown and will be ignored: [$id, examples]
    level: "warning"
    schema: {"loadingURI":"#","pointer":"/items/properties/photoUrls/items"}
    domain: "syntax"
    ignored: ["$id","examples"]
warning: the following keywords are unknown and will be ignored: [$id, examples]
    level: "warning"
    schema: {"loadingURI":"#","pointer":"/items/properties/status"}
    domain: "syntax"
    ignored: ["$id","examples"]
warning: the following keywords are unknown and will be ignored: [$id]
    level: "warning"
    schema: {"loadingURI":"#","pointer":"/items/properties/tags"}
    domain: "syntax"
    ignored: ["$id"]
warning: the following keywords are unknown and will be ignored: [$id]
    level: "warning"
    schema: {"loadingURI":"#","pointer":"/items/properties/tags/items"}
    domain: "syntax"
    ignored: ["$id"]
warning: the following keywords are unknown and will be ignored: [$id, examples]
    level: "warning"
    schema: {"loadingURI":"#","pointer":"/items/properties/tags/items/properties/id"}
    domain: "syntax"
    ignored: ["$id","examples"]
warning: the following keywords are unknown and will be ignored: [$id, examples]
    level: "warning"
    schema: {"loadingURI":"#","pointer":"/items/properties/tags/items/properties/name"}
    domain: "syntax"
    ignored: ["$id","examples"]
warning: the following keywords are unknown and will be ignored: [$id]
    level: "warning"
    schema: {"loadingURI":"#","pointer":"/items"}
    domain: "syntax"
    ignored: ["$id"]
warning: the following keywords are unknown and will be ignored: [$id]
    level: "warning"
    schema: {"loadingURI":"#","pointer":"/items/properties/category"}
    domain: "syntax"
    ignored: ["$id"]
warning: the following keywords are unknown and will be ignored: [$id, examples]
    level: "warning"
    schema: {"loadingURI":"#","pointer":"/items/properties/category/properties/id"}
    domain: "syntax"
    ignored: ["$id","examples"]
warning: the following keywords are unknown and will be ignored: [$id, examples]
    level: "warning"
    schema: {"loadingURI":"#","pointer":"/items/properties/category/properties/name"}
    domain: "syntax"
    ignored: ["$id","examples"]
warning: the following keywords are unknown and will be ignored: [$id, examples]
    level: "warning"
    schema: {"loadingURI":"#","pointer":"/items/properties/id"}
    domain: "syntax"
    ignored: ["$id","examples"]
warning: the following keywords are unknown and will be ignored: [$id, examples]
    level: "warning"
    schema: {"loadingURI":"#","pointer":"/items/properties/name"}
    domain: "syntax"
    ignored: ["$id","examples"]
warning: the following keywords are unknown and will be ignored: [$id]
    level: "warning"
    schema: {"loadingURI":"#","pointer":"/items/properties/photoUrls"}
    domain: "syntax"
    ignored: ["$id"]
warning: the following keywords are unknown and will be ignored: [$id, examples]
    level: "warning"
    schema: {"loadingURI":"#","pointer":"/items/properties/photoUrls/items"}
    domain: "syntax"
    ignored: ["$id","examples"]
warning: the following keywords are unknown and will be ignored: [$id, examples]
    level: "warning"
    schema: {"loadingURI":"#","pointer":"/items/properties/status"}
    domain: "syntax"
    ignored: ["$id","examples"]
warning: the following keywords are unknown and will be ignored: [$id]
    level: "warning"
    schema: {"loadingURI":"#","pointer":"/items/properties/tags"}
    domain: "syntax"
    ignored: ["$id"]
warning: the following keywords are unknown and will be ignored: [$id]
    level: "warning"
    schema: {"loadingURI":"#","pointer":"/items/properties/tags/items"}
    domain: "syntax"
    ignored: ["$id"]
warning: the following keywords are unknown and will be ignored: [$id, examples]
    level: "warning"
    schema: {"loadingURI":"#","pointer":"/items/properties/tags/items/properties/id"}
    domain: "syntax"
    ignored: ["$id","examples"]
warning: the following keywords are unknown and will be ignored: [$id, examples]
    level: "warning"
    schema: {"loadingURI":"#","pointer":"/items/properties/tags/items/properties/name"}
    domain: "syntax"
    ignored: ["$id","examples"]
warning: the following keywords are unknown and will be ignored: [$id]
    level: "warning"
    schema: {"loadingURI":"#","pointer":"/items"}
    domain: "syntax"
    ignored: ["$id"]
warning: the following keywords are unknown and will be ignored: [$id]
    level: "warning"
    schema: {"loadingURI":"#","pointer":"/items/properties/category"}
    domain: "syntax"
    ignored: ["$id"]
warning: the following keywords are unknown and will be ignored: [$id, examples]
    level: "warning"
    schema: {"loadingURI":"#","pointer":"/items/properties/category/properties/id"}
    domain: "syntax"
    ignored: ["$id","examples"]
warning: the following keywords are unknown and will be ignored: [$id, examples]
    level: "warning"
    schema: {"loadingURI":"#","pointer":"/items/properties/category/properties/name"}
    domain: "syntax"
    ignored: ["$id","examples"]
warning: the following keywords are unknown and will be ignored: [$id, examples]
    level: "warning"
    schema: {"loadingURI":"#","pointer":"/items/properties/id"}
    domain: "syntax"
    ignored: ["$id","examples"]
warning: the following keywords are unknown and will be ignored: [$id, examples]
    level: "warning"
    schema: {"loadingURI":"#","pointer":"/items/properties/name"}
    domain: "syntax"
    ignored: ["$id","examples"]
warning: the following keywords are unknown and will be ignored: [$id]
    level: "warning"
    schema: {"loadingURI":"#","pointer":"/items/properties/photoUrls"}
    domain: "syntax"
    ignored: ["$id"]
warning: the following keywords are unknown and will be ignored: [$id, examples]
    level: "warning"
    schema: {"loadingURI":"#","pointer":"/items/properties/photoUrls/items"}
    domain: "syntax"
    ignored: ["$id","examples"]
warning: the following keywords are unknown and will be ignored: [$id, examples]
    level: "warning"
    schema: {"loadingURI":"#","pointer":"/items/properties/status"}
    domain: "syntax"
    ignored: ["$id","examples"]
warning: the following keywords are unknown and will be ignored: [$id]
    level: "warning"
    schema: {"loadingURI":"#","pointer":"/items/properties/tags"}
    domain: "syntax"
    ignored: ["$id"]
warning: the following keywords are unknown and will be ignored: [$id]
    level: "warning"
    schema: {"loadingURI":"#","pointer":"/items/properties/tags/items"}
    domain: "syntax"
    ignored: ["$id"]
warning: the following keywords are unknown and will be ignored: [$id, examples]
    level: "warning"
    schema: {"loadingURI":"#","pointer":"/items/properties/tags/items/properties/id"}
    domain: "syntax"
    ignored: ["$id","examples"]
warning: the following keywords are unknown and will be ignored: [$id, examples]
    level: "warning"
    schema: {"loadingURI":"#","pointer":"/items/properties/tags/items/properties/name"}
    domain: "syntax"
    ignored: ["$id","examples"]
warning: the following keywords are unknown and will be ignored: [$id]
    level: "warning"
    schema: {"loadingURI":"#","pointer":"/items"}
    domain: "syntax"
    ignored: ["$id"]
warning: the following keywords are unknown and will be ignored: [$id]
    level: "warning"
    schema: {"loadingURI":"#","pointer":"/items/properties/category"}
    domain: "syntax"
    ignored: ["$id"]
warning: the following keywords are unknown and will be ignored: [$id, examples]
    level: "warning"
    schema: {"loadingURI":"#","pointer":"/items/properties/category/properties/id"}
    domain: "syntax"
    ignored: ["$id","examples"]
warning: the following keywords are unknown and will be ignored: [$id, examples]
    level: "warning"
    schema: {"loadingURI":"#","pointer":"/items/properties/category/properties/name"}
    domain: "syntax"
    ignored: ["$id","examples"]
warning: the following keywords are unknown and will be ignored: [$id, examples]
    level: "warning"
    schema: {"loadingURI":"#","pointer":"/items/properties/id"}
    domain: "syntax"
    ignored: ["$id","examples"]
warning: the following keywords are unknown and will be ignored: [$id, examples]
    level: "warning"
    schema: {"loadingURI":"#","pointer":"/items/properties/name"}
    domain: "syntax"
    ignored: ["$id","examples"]
warning: the following keywords are unknown and will be ignored: [$id]
    level: "warning"
    schema: {"loadingURI":"#","pointer":"/items/properties/photoUrls"}
    domain: "syntax"
    ignored: ["$id"]
warning: the following keywords are unknown and will be ignored: [$id, examples]
    level: "warning"
    schema: {"loadingURI":"#","pointer":"/items/properties/photoUrls/items"}
    domain: "syntax"
    ignored: ["$id","examples"]
warning: the following keywords are unknown and will be ignored: [$id, examples]
    level: "warning"
    schema: {"loadingURI":"#","pointer":"/items/properties/status"}
    domain: "syntax"
    ignored: ["$id","examples"]
warning: the following keywords are unknown and will be ignored: [$id]
    level: "warning"
    schema: {"loadingURI":"#","pointer":"/items/properties/tags"}
    domain: "syntax"
    ignored: ["$id"]
warning: the following keywords are unknown and will be ignored: [$id]
    level: "warning"
    schema: {"loadingURI":"#","pointer":"/items/properties/tags/items"}
    domain: "syntax"
    ignored: ["$id"]
warning: the following keywords are unknown and will be ignored: [$id, examples]
    level: "warning"
    schema: {"loadingURI":"#","pointer":"/items/properties/tags/items/properties/id"}
    domain: "syntax"
    ignored: ["$id","examples"]
warning: the following keywords are unknown and will be ignored: [$id, examples]
    level: "warning"
    schema: {"loadingURI":"#","pointer":"/items/properties/tags/items/properties/name"}
    domain: "syntax"
    ignored: ["$id","examples"]
warning: the following keywords are unknown and will be ignored: [$id]
    level: "warning"
    schema: {"loadingURI":"#","pointer":"/items"}
    domain: "syntax"
    ignored: ["$id"]
warning: the following keywords are unknown and will be ignored: [$id]
    level: "warning"
    schema: {"loadingURI":"#","pointer":"/items/properties/category"}
    domain: "syntax"
    ignored: ["$id"]
warning: the following keywords are unknown and will be ignored: [$id, examples]
    level: "warning"
    schema: {"loadingURI":"#","pointer":"/items/properties/category/properties/id"}
    domain: "syntax"
    ignored: ["$id","examples"]
warning: the following keywords are unknown and will be ignored: [$id, examples]
    level: "warning"
    schema: {"loadingURI":"#","pointer":"/items/properties/category/properties/name"}
    domain: "syntax"
    ignored: ["$id","examples"]
warning: the following keywords are unknown and will be ignored: [$id, examples]
    level: "warning"
    schema: {"loadingURI":"#","pointer":"/items/properties/id"}
    domain: "syntax"
    ignored: ["$id","examples"]
warning: the following keywords are unknown and will be ignored: [$id, examples]
    level: "warning"
    schema: {"loadingURI":"#","pointer":"/items/properties/name"}
    domain: "syntax"
    ignored: ["$id","examples"]
warning: the following keywords are unknown and will be ignored: [$id]
    level: "warning"
    schema: {"loadingURI":"#","pointer":"/items/properties/photoUrls"}
    domain: "syntax"
    ignored: ["$id"]
warning: the following keywords are unknown and will be ignored: [$id, examples]
    level: "warning"
    schema: {"loadingURI":"#","pointer":"/items/properties/photoUrls/items"}
    domain: "syntax"
    ignored: ["$id","examples"]
warning: the following keywords are unknown and will be ignored: [$id, examples]
    level: "warning"
    schema: {"loadingURI":"#","pointer":"/items/properties/status"}
    domain: "syntax"
    ignored: ["$id","examples"]
warning: the following keywords are unknown and will be ignored: [$id]
    level: "warning"
    schema: {"loadingURI":"#","pointer":"/items/properties/tags"}
    domain: "syntax"
    ignored: ["$id"]
warning: the following keywords are unknown and will be ignored: [$id]
    level: "warning"
    schema: {"loadingURI":"#","pointer":"/items/properties/tags/items"}
    domain: "syntax"
    ignored: ["$id"]
warning: the following keywords are unknown and will be ignored: [$id, examples]
    level: "warning"
    schema: {"loadingURI":"#","pointer":"/items/properties/tags/items/properties/id"}
    domain: "syntax"
    ignored: ["$id","examples"]
warning: the following keywords are unknown and will be ignored: [$id, examples]
    level: "warning"
    schema: {"loadingURI":"#","pointer":"/items/properties/tags/items/properties/name"}
    domain: "syntax"
    ignored: ["$id","examples"]
warning: the following keywords are unknown and will be ignored: [$id]
    level: "warning"
    schema: {"loadingURI":"#","pointer":"/items"}
    domain: "syntax"
    ignored: ["$id"]
warning: the following keywords are unknown and will be ignored: [$id]
    level: "warning"
    schema: {"loadingURI":"#","pointer":"/items/properties/category"}
    domain: "syntax"
    ignored: ["$id"]
warning: the following keywords are unknown and will be ignored: [$id, examples]
    level: "warning"
    schema: {"loadingURI":"#","pointer":"/items/properties/category/properties/id"}
    domain: "syntax"
    ignored: ["$id","examples"]
warning: the following keywords are unknown and will be ignored: [$id, examples]
    level: "warning"
    schema: {"loadingURI":"#","pointer":"/items/properties/category/properties/name"}
    domain: "syntax"
    ignored: ["$id","examples"]
warning: the following keywords are unknown and will be ignored: [$id, examples]
    level: "warning"
    schema: {"loadingURI":"#","pointer":"/items/properties/id"}
    domain: "syntax"
    ignored: ["$id","examples"]
warning: the following keywords are unknown and will be ignored: [$id, examples]
    level: "warning"
    schema: {"loadingURI":"#","pointer":"/items/properties/name"}
    domain: "syntax"
    ignored: ["$id","examples"]
warning: the following keywords are unknown and will be ignored: [$id]
    level: "warning"
    schema: {"loadingURI":"#","pointer":"/items/properties/photoUrls"}
    domain: "syntax"
    ignored: ["$id"]
warning: the following keywords are unknown and will be ignored: [$id, examples]
    level: "warning"
    schema: {"loadingURI":"#","pointer":"/items/properties/photoUrls/items"}
    domain: "syntax"
    ignored: ["$id","examples"]
warning: the following keywords are unknown and will be ignored: [$id, examples]
    level: "warning"
    schema: {"loadingURI":"#","pointer":"/items/properties/status"}
    domain: "syntax"
    ignored: ["$id","examples"]
warning: the following keywords are unknown and will be ignored: [$id]
    level: "warning"
    schema: {"loadingURI":"#","pointer":"/items/properties/tags"}
    domain: "syntax"
    ignored: ["$id"]
warning: the following keywords are unknown and will be ignored: [$id]
    level: "warning"
    schema: {"loadingURI":"#","pointer":"/items/properties/tags/items"}
    domain: "syntax"
    ignored: ["$id"]
warning: the following keywords are unknown and will be ignored: [$id, examples]
    level: "warning"
    schema: {"loadingURI":"#","pointer":"/items/properties/tags/items/properties/id"}
    domain: "syntax"
    ignored: ["$id","examples"]
warning: the following keywords are unknown and will be ignored: [$id, examples]
    level: "warning"
    schema: {"loadingURI":"#","pointer":"/items/properties/tags/items/properties/name"}
    domain: "syntax"
    ignored: ["$id","examples"]
warning: the following keywords are unknown and will be ignored: [$id]
    level: "warning"
    schema: {"loadingURI":"#","pointer":"/items"}
    domain: "syntax"
    ignored: ["$id"]
warning: the following keywords are unknown and will be ignored: [$id]
    level: "warning"
    schema: {"loadingURI":"#","pointer":"/items/properties/category"}
    domain: "syntax"
    ignored: ["$id"]
warning: the following keywords are unknown and will be ignored: [$id, examples]
    level: "warning"
    schema: {"loadingURI":"#","pointer":"/items/properties/category/properties/id"}
    domain: "syntax"
    ignored: ["$id","examples"]
warning: the following keywords are unknown and will be ignored: [$id, examples]
    level: "warning"
    schema: {"loadingURI":"#","pointer":"/items/properties/category/properties/name"}
    domain: "syntax"
    ignored: ["$id","examples"]
warning: the following keywords are unknown and will be ignored: [$id, examples]
    level: "warning"
    schema: {"loadingURI":"#","pointer":"/items/properties/id"}
    domain: "syntax"
    ignored: ["$id","examples"]
warning: the following keywords are unknown and will be ignored: [$id, examples]
    level: "warning"
    schema: {"loadingURI":"#","pointer":"/items/properties/name"}
    domain: "syntax"
    ignored: ["$id","examples"]
warning: the following keywords are unknown and will be ignored: [$id]
    level: "warning"
    schema: {"loadingURI":"#","pointer":"/items/properties/photoUrls"}
    domain: "syntax"
    ignored: ["$id"]
warning: the following keywords are unknown and will be ignored: [$id, examples]
    level: "warning"
    schema: {"loadingURI":"#","pointer":"/items/properties/photoUrls/items"}
    domain: "syntax"
    ignored: ["$id","examples"]
warning: the following keywords are unknown and will be ignored: [$id, examples]
    level: "warning"
    schema: {"loadingURI":"#","pointer":"/items/properties/status"}
    domain: "syntax"
    ignored: ["$id","examples"]
warning: the following keywords are unknown and will be ignored: [$id]
    level: "warning"
    schema: {"loadingURI":"#","pointer":"/items/properties/tags"}
    domain: "syntax"
    ignored: ["$id"]
warning: the following keywords are unknown and will be ignored: [$id]
    level: "warning"
    schema: {"loadingURI":"#","pointer":"/items/properties/tags/items"}
    domain: "syntax"
    ignored: ["$id"]
warning: the following keywords are unknown and will be ignored: [$id, examples]
    level: "warning"
    schema: {"loadingURI":"#","pointer":"/items/properties/tags/items/properties/id"}
    domain: "syntax"
    ignored: ["$id","examples"]
warning: the following keywords are unknown and will be ignored: [$id, examples]
    level: "warning"
    schema: {"loadingURI":"#","pointer":"/items/properties/tags/items/properties/name"}
    domain: "syntax"
    ignored: ["$id","examples"]
warning: the following keywords are unknown and will be ignored: [$id]
    level: "warning"
    schema: {"loadingURI":"#","pointer":"/items"}
    domain: "syntax"
    ignored: ["$id"]
warning: the following keywords are unknown and will be ignored: [$id]
    level: "warning"
    schema: {"loadingURI":"#","pointer":"/items/properties/category"}
    domain: "syntax"
    ignored: ["$id"]
warning: the following keywords are unknown and will be ignored: [$id, examples]
    level: "warning"
    schema: {"loadingURI":"#","pointer":"/items/properties/category/properties/id"}
    domain: "syntax"
    ignored: ["$id","examples"]
warning: the following keywords are unknown and will be ignored: [$id, examples]
    level: "warning"
    schema: {"loadingURI":"#","pointer":"/items/properties/category/properties/name"}
    domain: "syntax"
    ignored: ["$id","examples"]
warning: the following keywords are unknown and will be ignored: [$id, examples]
    level: "warning"
    schema: {"loadingURI":"#","pointer":"/items/properties/id"}
    domain: "syntax"
    ignored: ["$id","examples"]
warning: the following keywords are unknown and will be ignored: [$id, examples]
    level: "warning"
    schema: {"loadingURI":"#","pointer":"/items/properties/name"}
    domain: "syntax"
    ignored: ["$id","examples"]
warning: the following keywords are unknown and will be ignored: [$id]
    level: "warning"
    schema: {"loadingURI":"#","pointer":"/items/properties/photoUrls"}
    domain: "syntax"
    ignored: ["$id"]
warning: the following keywords are unknown and will be ignored: [$id, examples]
    level: "warning"
    schema: {"loadingURI":"#","pointer":"/items/properties/photoUrls/items"}
    domain: "syntax"
    ignored: ["$id","examples"]
warning: the following keywords are unknown and will be ignored: [$id, examples]
    level: "warning"
    schema: {"loadingURI":"#","pointer":"/items/properties/status"}
    domain: "syntax"
    ignored: ["$id","examples"]
warning: the following keywords are unknown and will be ignored: [$id]
    level: "warning"
    schema: {"loadingURI":"#","pointer":"/items/properties/tags"}
    domain: "syntax"
    ignored: ["$id"]
warning: the following keywords are unknown and will be ignored: [$id]
    level: "warning"
    schema: {"loadingURI":"#","pointer":"/items/properties/tags/items"}
    domain: "syntax"
    ignored: ["$id"]
warning: the following keywords are unknown and will be ignored: [$id, examples]
    level: "warning"
    schema: {"loadingURI":"#","pointer":"/items/properties/tags/items/properties/id"}
    domain: "syntax"
    ignored: ["$id","examples"]
warning: the following keywords are unknown and will be ignored: [$id, examples]
    level: "warning"
    schema: {"loadingURI":"#","pointer":"/items/properties/tags/items/properties/name"}
    domain: "syntax"
    ignored: ["$id","examples"]
warning: the following keywords are unknown and will be ignored: [$id]
    level: "warning"
    schema: {"loadingURI":"#","pointer":"/items"}
    domain: "syntax"
    ignored: ["$id"]
warning: the following keywords are unknown and will be ignored: [$id]
    level: "warning"
    schema: {"loadingURI":"#","pointer":"/items/properties/category"}
    domain: "syntax"
    ignored: ["$id"]
warning: the following keywords are unknown and will be ignored: [$id, examples]
    level: "warning"
    schema: {"loadingURI":"#","pointer":"/items/properties/category/properties/id"}
    domain: "syntax"
    ignored: ["$id","examples"]
warning: the following keywords are unknown and will be ignored: [$id, examples]
    level: "warning"
    schema: {"loadingURI":"#","pointer":"/items/properties/category/properties/name"}
    domain: "syntax"
    ignored: ["$id","examples"]
warning: the following keywords are unknown and will be ignored: [$id, examples]
    level: "warning"
    schema: {"loadingURI":"#","pointer":"/items/properties/id"}
    domain: "syntax"
    ignored: ["$id","examples"]
warning: the following keywords are unknown and will be ignored: [$id, examples]
    level: "warning"
    schema: {"loadingURI":"#","pointer":"/items/properties/name"}
    domain: "syntax"
    ignored: ["$id","examples"]
warning: the following keywords are unknown and will be ignored: [$id]
    level: "warning"
    schema: {"loadingURI":"#","pointer":"/items/properties/photoUrls"}
    domain: "syntax"
    ignored: ["$id"]
warning: the following keywords are unknown and will be ignored: [$id, examples]
    level: "warning"
    schema: {"loadingURI":"#","pointer":"/items/properties/photoUrls/items"}
    domain: "syntax"
    ignored: ["$id","examples"]
warning: the following keywords are unknown and will be ignored: [$id, examples]
    level: "warning"
    schema: {"loadingURI":"#","pointer":"/items/properties/status"}
    domain: "syntax"
    ignored: ["$id","examples"]
warning: the following keywords are unknown and will be ignored: [$id]
    level: "warning"
    schema: {"loadingURI":"#","pointer":"/items/properties/tags"}
    domain: "syntax"
    ignored: ["$id"]
warning: the following keywords are unknown and will be ignored: [$id]
    level: "warning"
    schema: {"loadingURI":"#","pointer":"/items/properties/tags/items"}
    domain: "syntax"
    ignored: ["$id"]
warning: the following keywords are unknown and will be ignored: [$id, examples]
    level: "warning"
    schema: {"loadingURI":"#","pointer":"/items/properties/tags/items/properties/id"}
    domain: "syntax"
    ignored: ["$id","examples"]
warning: the following keywords are unknown and will be ignored: [$id, examples]
    level: "warning"
    schema: {"loadingURI":"#","pointer":"/items/properties/tags/items/properties/name"}
    domain: "syntax"
    ignored: ["$id","examples"]
warning: the following keywords are unknown and will be ignored: [$id]
    level: "warning"
    schema: {"loadingURI":"#","pointer":"/items"}
    domain: "syntax"
    ignored: ["$id"]
warning: the following keywords are unknown and will be ignored: [$id]
    level: "warning"
    schema: {"loadingURI":"#","pointer":"/items/properties/category"}
    domain: "syntax"
    ignored: ["$id"]
warning: the following keywords are unknown and will be ignored: [$id, examples]
    level: "warning"
    schema: {"loadingURI":"#","pointer":"/items/properties/category/properties/id"}
    domain: "syntax"
    ignored: ["$id","examples"]
warning: the following keywords are unknown and will be ignored: [$id, examples]
    level: "warning"
    schema: {"loadingURI":"#","pointer":"/items/properties/category/properties/name"}
    domain: "syntax"
    ignored: ["$id","examples"]
warning: the following keywords are unknown and will be ignored: [$id, examples]
    level: "warning"
    schema: {"loadingURI":"#","pointer":"/items/properties/id"}
    domain: "syntax"
    ignored: ["$id","examples"]
warning: the following keywords are unknown and will be ignored: [$id, examples]
    level: "warning"
    schema: {"loadingURI":"#","pointer":"/items/properties/name"}
    domain: "syntax"
    ignored: ["$id","examples"]
warning: the following keywords are unknown and will be ignored: [$id]
    level: "warning"
    schema: {"loadingURI":"#","pointer":"/items/properties/photoUrls"}
    domain: "syntax"
    ignored: ["$id"]
warning: the following keywords are unknown and will be ignored: [$id, examples]
    level: "warning"
    schema: {"loadingURI":"#","pointer":"/items/properties/photoUrls/items"}
    domain: "syntax"
    ignored: ["$id","examples"]
warning: the following keywords are unknown and will be ignored: [$id, examples]
    level: "warning"
    schema: {"loadingURI":"#","pointer":"/items/properties/status"}
    domain: "syntax"
    ignored: ["$id","examples"]
warning: the following keywords are unknown and will be ignored: [$id]
    level: "warning"
    schema: {"loadingURI":"#","pointer":"/items/properties/tags"}
    domain: "syntax"
    ignored: ["$id"]
warning: the following keywords are unknown and will be ignored: [$id]
    level: "warning"
    schema: {"loadingURI":"#","pointer":"/items/properties/tags/items"}
    domain: "syntax"
    ignored: ["$id"]
warning: the following keywords are unknown and will be ignored: [$id, examples]
    level: "warning"
    schema: {"loadingURI":"#","pointer":"/items/properties/tags/items/properties/id"}
    domain: "syntax"
    ignored: ["$id","examples"]
warning: the following keywords are unknown and will be ignored: [$id, examples]
    level: "warning"
    schema: {"loadingURI":"#","pointer":"/items/properties/tags/items/properties/name"}
    domain: "syntax"
    ignored: ["$id","examples"]
warning: the following keywords are unknown and will be ignored: [$id]
    level: "warning"
    schema: {"loadingURI":"#","pointer":"/items"}
    domain: "syntax"
    ignored: ["$id"]
warning: the following keywords are unknown and will be ignored: [$id]
    level: "warning"
    schema: {"loadingURI":"#","pointer":"/items/properties/category"}
    domain: "syntax"
    ignored: ["$id"]
warning: the following keywords are unknown and will be ignored: [$id, examples]
    level: "warning"
    schema: {"loadingURI":"#","pointer":"/items/properties/category/properties/id"}
    domain: "syntax"
    ignored: ["$id","examples"]
warning: the following keywords are unknown and will be ignored: [$id, examples]
    level: "warning"
    schema: {"loadingURI":"#","pointer":"/items/properties/category/properties/name"}
    domain: "syntax"
    ignored: ["$id","examples"]
warning: the following keywords are unknown and will be ignored: [$id, examples]
    level: "warning"
    schema: {"loadingURI":"#","pointer":"/items/properties/id"}
    domain: "syntax"
    ignored: ["$id","examples"]
warning: the following keywords are unknown and will be ignored: [$id, examples]
    level: "warning"
    schema: {"loadingURI":"#","pointer":"/items/properties/name"}
    domain: "syntax"
    ignored: ["$id","examples"]
warning: the following keywords are unknown and will be ignored: [$id]
    level: "warning"
    schema: {"loadingURI":"#","pointer":"/items/properties/photoUrls"}
    domain: "syntax"
    ignored: ["$id"]
warning: the following keywords are unknown and will be ignored: [$id, examples]
    level: "warning"
    schema: {"loadingURI":"#","pointer":"/items/properties/photoUrls/items"}
    domain: "syntax"
    ignored: ["$id","examples"]
warning: the following keywords are unknown and will be ignored: [$id, examples]
    level: "warning"
    schema: {"loadingURI":"#","pointer":"/items/properties/status"}
    domain: "syntax"
    ignored: ["$id","examples"]
warning: the following keywords are unknown and will be ignored: [$id]
    level: "warning"
    schema: {"loadingURI":"#","pointer":"/items/properties/tags"}
    domain: "syntax"
    ignored: ["$id"]
warning: the following keywords are unknown and will be ignored: [$id]
    level: "warning"
    schema: {"loadingURI":"#","pointer":"/items/properties/tags/items"}
    domain: "syntax"
    ignored: ["$id"]
warning: the following keywords are unknown and will be ignored: [$id, examples]
    level: "warning"
    schema: {"loadingURI":"#","pointer":"/items/properties/tags/items/properties/id"}
    domain: "syntax"
    ignored: ["$id","examples"]
warning: the following keywords are unknown and will be ignored: [$id, examples]
    level: "warning"
    schema: {"loadingURI":"#","pointer":"/items/properties/tags/items/properties/name"}
    domain: "syntax"
    ignored: ["$id","examples"]
warning: the following keywords are unknown and will be ignored: [$id]
    level: "warning"
    schema: {"loadingURI":"#","pointer":"/items"}
    domain: "syntax"
    ignored: ["$id"]
warning: the following keywords are unknown and will be ignored: [$id]
    level: "warning"
    schema: {"loadingURI":"#","pointer":"/items/properties/category"}
    domain: "syntax"
    ignored: ["$id"]
warning: the following keywords are unknown and will be ignored: [$id, examples]
    level: "warning"
    schema: {"loadingURI":"#","pointer":"/items/properties/category/properties/id"}
    domain: "syntax"
    ignored: ["$id","examples"]
warning: the following keywords are unknown and will be ignored: [$id, examples]
    level: "warning"
    schema: {"loadingURI":"#","pointer":"/items/properties/category/properties/name"}
    domain: "syntax"
    ignored: ["$id","examples"]
warning: the following keywords are unknown and will be ignored: [$id, examples]
    level: "warning"
    schema: {"loadingURI":"#","pointer":"/items/properties/id"}
    domain: "syntax"
    ignored: ["$id","examples"]
warning: the following keywords are unknown and will be ignored: [$id, examples]
    level: "warning"
    schema: {"loadingURI":"#","pointer":"/items/properties/name"}
    domain: "syntax"
    ignored: ["$id","examples"]
warning: the following keywords are unknown and will be ignored: [$id]
    level: "warning"
    schema: {"loadingURI":"#","pointer":"/items/properties/photoUrls"}
    domain: "syntax"
    ignored: ["$id"]
warning: the following keywords are unknown and will be ignored: [$id, examples]
    level: "warning"
    schema: {"loadingURI":"#","pointer":"/items/properties/photoUrls/items"}
    domain: "syntax"
    ignored: ["$id","examples"]
warning: the following keywords are unknown and will be ignored: [$id, examples]
    level: "warning"
    schema: {"loadingURI":"#","pointer":"/items/properties/status"}
    domain: "syntax"
    ignored: ["$id","examples"]
warning: the following keywords are unknown and will be ignored: [$id]
    level: "warning"
    schema: {"loadingURI":"#","pointer":"/items/properties/tags"}
    domain: "syntax"
    ignored: ["$id"]
warning: the following keywords are unknown and will be ignored: [$id]
    level: "warning"
    schema: {"loadingURI":"#","pointer":"/items/properties/tags/items"}
    domain: "syntax"
    ignored: ["$id"]
warning: the following keywords are unknown and will be ignored: [$id, examples]
    level: "warning"
    schema: {"loadingURI":"#","pointer":"/items/properties/tags/items/properties/id"}
    domain: "syntax"
    ignored: ["$id","examples"]
warning: the following keywords are unknown and will be ignored: [$id, examples]
    level: "warning"
    schema: {"loadingURI":"#","pointer":"/items/properties/tags/items/properties/name"}
    domain: "syntax"
    ignored: ["$id","examples"]
warning: the following keywords are unknown and will be ignored: [$id]
    level: "warning"
    schema: {"loadingURI":"#","pointer":"/items"}
    domain: "syntax"
    ignored: ["$id"]
warning: the following keywords are unknown and will be ignored: [$id]
    level: "warning"
    schema: {"loadingURI":"#","pointer":"/items/properties/category"}
    domain: "syntax"
    ignored: ["$id"]
warning: the following keywords are unknown and will be ignored: [$id, examples]
    level: "warning"
    schema: {"loadingURI":"#","pointer":"/items/properties/category/properties/id"}
    domain: "syntax"
    ignored: ["$id","examples"]
warning: the following keywords are unknown and will be ignored: [$id, examples]
    level: "warning"
    schema: {"loadingURI":"#","pointer":"/items/properties/category/properties/name"}
    domain: "syntax"
    ignored: ["$id","examples"]
warning: the following keywords are unknown and will be ignored: [$id, examples]
    level: "warning"
    schema: {"loadingURI":"#","pointer":"/items/properties/id"}
    domain: "syntax"
    ignored: ["$id","examples"]
warning: the following keywords are unknown and will be ignored: [$id, examples]
    level: "warning"
    schema: {"loadingURI":"#","pointer":"/items/properties/name"}
    domain: "syntax"
    ignored: ["$id","examples"]
warning: the following keywords are unknown and will be ignored: [$id]
    level: "warning"
    schema: {"loadingURI":"#","pointer":"/items/properties/photoUrls"}
    domain: "syntax"
    ignored: ["$id"]
warning: the following keywords are unknown and will be ignored: [$id, examples]
    level: "warning"
    schema: {"loadingURI":"#","pointer":"/items/properties/photoUrls/items"}
    domain: "syntax"
    ignored: ["$id","examples"]
warning: the following keywords are unknown and will be ignored: [$id, examples]
    level: "warning"
    schema: {"loadingURI":"#","pointer":"/items/properties/status"}
    domain: "syntax"
    ignored: ["$id","examples"]
warning: the following keywords are unknown and will be ignored: [$id]
    level: "warning"
    schema: {"loadingURI":"#","pointer":"/items/properties/tags"}
    domain: "syntax"
    ignored: ["$id"]
warning: the following keywords are unknown and will be ignored: [$id]
    level: "warning"
    schema: {"loadingURI":"#","pointer":"/items/properties/tags/items"}
    domain: "syntax"
    ignored: ["$id"]
warning: the following keywords are unknown and will be ignored: [$id, examples]
    level: "warning"
    schema: {"loadingURI":"#","pointer":"/items/properties/tags/items/properties/id"}
    domain: "syntax"
    ignored: ["$id","examples"]
warning: the following keywords are unknown and will be ignored: [$id, examples]
    level: "warning"
    schema: {"loadingURI":"#","pointer":"/items/properties/tags/items/properties/name"}
    domain: "syntax"
    ignored: ["$id","examples"]
warning: the following keywords are unknown and will be ignored: [$id]
    level: "warning"
    schema: {"loadingURI":"#","pointer":"/items"}
    domain: "syntax"
    ignored: ["$id"]
warning: the following keywords are unknown and will be ignored: [$id]
    level: "warning"
    schema: {"loadingURI":"#","pointer":"/items/properties/category"}
    domain: "syntax"
    ignored: ["$id"]
warning: the following keywords are unknown and will be ignored: [$id, examples]
    level: "warning"
    schema: {"loadingURI":"#","pointer":"/items/properties/category/properties/id"}
    domain: "syntax"
    ignored: ["$id","examples"]
warning: the following keywords are unknown and will be ignored: [$id, examples]
    level: "warning"
    schema: {"loadingURI":"#","pointer":"/items/properties/category/properties/name"}
    domain: "syntax"
    ignored: ["$id","examples"]
warning: the following keywords are unknown and will be ignored: [$id, examples]
    level: "warning"
    schema: {"loadingURI":"#","pointer":"/items/properties/id"}
    domain: "syntax"
    ignored: ["$id","examples"]
warning: the following keywords are unknown and will be ignored: [$id, examples]
    level: "warning"
    schema: {"loadingURI":"#","pointer":"/items/properties/name"}
    domain: "syntax"
    ignored: ["$id","examples"]
warning: the following keywords are unknown and will be ignored: [$id]
    level: "warning"
    schema: {"loadingURI":"#","pointer":"/items/properties/photoUrls"}
    domain: "syntax"
    ignored: ["$id"]
warning: the following keywords are unknown and will be ignored: [$id, examples]
    level: "warning"
    schema: {"loadingURI":"#","pointer":"/items/properties/photoUrls/items"}
    domain: "syntax"
    ignored: ["$id","examples"]
warning: the following keywords are unknown and will be ignored: [$id, examples]
    level: "warning"
    schema: {"loadingURI":"#","pointer":"/items/properties/status"}
    domain: "syntax"
    ignored: ["$id","examples"]
warning: the following keywords are unknown and will be ignored: [$id]
    level: "warning"
    schema: {"loadingURI":"#","pointer":"/items/properties/tags"}
    domain: "syntax"
    ignored: ["$id"]
warning: the following keywords are unknown and will be ignored: [$id]
    level: "warning"
    schema: {"loadingURI":"#","pointer":"/items/properties/tags/items"}
    domain: "syntax"
    ignored: ["$id"]
warning: the following keywords are unknown and will be ignored: [$id, examples]
    level: "warning"
    schema: {"loadingURI":"#","pointer":"/items/properties/tags/items/properties/id"}
    domain: "syntax"
    ignored: ["$id","examples"]
warning: the following keywords are unknown and will be ignored: [$id, examples]
    level: "warning"
    schema: {"loadingURI":"#","pointer":"/items/properties/tags/items/properties/name"}
    domain: "syntax"
    ignored: ["$id","examples"]
warning: the following keywords are unknown and will be ignored: [$id]
    level: "warning"
    schema: {"loadingURI":"#","pointer":"/items"}
    domain: "syntax"
    ignored: ["$id"]
warning: the following keywords are unknown and will be ignored: [$id]
    level: "warning"
    schema: {"loadingURI":"#","pointer":"/items/properties/category"}
    domain: "syntax"
    ignored: ["$id"]
warning: the following keywords are unknown and will be ignored: [$id, examples]
    level: "warning"
    schema: {"loadingURI":"#","pointer":"/items/properties/category/properties/id"}
    domain: "syntax"
    ignored: ["$id","examples"]
warning: the following keywords are unknown and will be ignored: [$id, examples]
    level: "warning"
    schema: {"loadingURI":"#","pointer":"/items/properties/category/properties/name"}
    domain: "syntax"
    ignored: ["$id","examples"]
warning: the following keywords are unknown and will be ignored: [$id, examples]
    level: "warning"
    schema: {"loadingURI":"#","pointer":"/items/properties/id"}
    domain: "syntax"
    ignored: ["$id","examples"]
warning: the following keywords are unknown and will be ignored: [$id, examples]
    level: "warning"
    schema: {"loadingURI":"#","pointer":"/items/properties/name"}
    domain: "syntax"
    ignored: ["$id","examples"]
warning: the following keywords are unknown and will be ignored: [$id]
    level: "warning"
    schema: {"loadingURI":"#","pointer":"/items/properties/photoUrls"}
    domain: "syntax"
    ignored: ["$id"]
warning: the following keywords are unknown and will be ignored: [$id, examples]
    level: "warning"
    schema: {"loadingURI":"#","pointer":"/items/properties/photoUrls/items"}
    domain: "syntax"
    ignored: ["$id","examples"]
warning: the following keywords are unknown and will be ignored: [$id, examples]
    level: "warning"
    schema: {"loadingURI":"#","pointer":"/items/properties/status"}
    domain: "syntax"
    ignored: ["$id","examples"]
warning: the following keywords are unknown and will be ignored: [$id]
    level: "warning"
    schema: {"loadingURI":"#","pointer":"/items/properties/tags"}
    domain: "syntax"
    ignored: ["$id"]
warning: the following keywords are unknown and will be ignored: [$id]
    level: "warning"
    schema: {"loadingURI":"#","pointer":"/items/properties/tags/items"}
    domain: "syntax"
    ignored: ["$id"]
warning: the following keywords are unknown and will be ignored: [$id, examples]
    level: "warning"
    schema: {"loadingURI":"#","pointer":"/items/properties/tags/items/properties/id"}
    domain: "syntax"
    ignored: ["$id","examples"]
warning: the following keywords are unknown and will be ignored: [$id, examples]
    level: "warning"
    schema: {"loadingURI":"#","pointer":"/items/properties/tags/items/properties/name"}
    domain: "syntax"
    ignored: ["$id","examples"]
warning: the following keywords are unknown and will be ignored: [$id]
    level: "warning"
    schema: {"loadingURI":"#","pointer":"/items"}
    domain: "syntax"
    ignored: ["$id"]
warning: the following keywords are unknown and will be ignored: [$id]
    level: "warning"
    schema: {"loadingURI":"#","pointer":"/items/properties/category"}
    domain: "syntax"
    ignored: ["$id"]
warning: the following keywords are unknown and will be ignored: [$id, examples]
    level: "warning"
    schema: {"loadingURI":"#","pointer":"/items/properties/category/properties/id"}
    domain: "syntax"
    ignored: ["$id","examples"]
warning: the following keywords are unknown and will be ignored: [$id, examples]
    level: "warning"
    schema: {"loadingURI":"#","pointer":"/items/properties/category/properties/name"}
    domain: "syntax"
    ignored: ["$id","examples"]
warning: the following keywords are unknown and will be ignored: [$id, examples]
    level: "warning"
    schema: {"loadingURI":"#","pointer":"/items/properties/id"}
    domain: "syntax"
    ignored: ["$id","examples"]
warning: the following keywords are unknown and will be ignored: [$id, examples]
    level: "warning"
    schema: {"loadingURI":"#","pointer":"/items/properties/name"}
    domain: "syntax"
    ignored: ["$id","examples"]
warning: the following keywords are unknown and will be ignored: [$id]
    level: "warning"
    schema: {"loadingURI":"#","pointer":"/items/properties/photoUrls"}
    domain: "syntax"
    ignored: ["$id"]
warning: the following keywords are unknown and will be ignored: [$id, examples]
    level: "warning"
    schema: {"loadingURI":"#","pointer":"/items/properties/photoUrls/items"}
    domain: "syntax"
    ignored: ["$id","examples"]
warning: the following keywords are unknown and will be ignored: [$id, examples]
    level: "warning"
    schema: {"loadingURI":"#","pointer":"/items/properties/status"}
    domain: "syntax"
    ignored: ["$id","examples"]
warning: the following keywords are unknown and will be ignored: [$id]
    level: "warning"
    schema: {"loadingURI":"#","pointer":"/items/properties/tags"}
    domain: "syntax"
    ignored: ["$id"]
warning: the following keywords are unknown and will be ignored: [$id]
    level: "warning"
    schema: {"loadingURI":"#","pointer":"/items/properties/tags/items"}
    domain: "syntax"
    ignored: ["$id"]
warning: the following keywords are unknown and will be ignored: [$id, examples]
    level: "warning"
    schema: {"loadingURI":"#","pointer":"/items/properties/tags/items/properties/id"}
    domain: "syntax"
    ignored: ["$id","examples"]
warning: the following keywords are unknown and will be ignored: [$id, examples]
    level: "warning"
    schema: {"loadingURI":"#","pointer":"/items/properties/tags/items/properties/name"}
    domain: "syntax"
    ignored: ["$id","examples"]
warning: the following keywords are unknown and will be ignored: [$id]
    level: "warning"
    schema: {"loadingURI":"#","pointer":"/items"}
    domain: "syntax"
    ignored: ["$id"]
warning: the following keywords are unknown and will be ignored: [$id]
    level: "warning"
    schema: {"loadingURI":"#","pointer":"/items/properties/category"}
    domain: "syntax"
    ignored: ["$id"]
warning: the following keywords are unknown and will be ignored: [$id, examples]
    level: "warning"
    schema: {"loadingURI":"#","pointer":"/items/properties/category/properties/id"}
    domain: "syntax"
    ignored: ["$id","examples"]
warning: the following keywords are unknown and will be ignored: [$id, examples]
    level: "warning"
    schema: {"loadingURI":"#","pointer":"/items/properties/category/properties/name"}
    domain: "syntax"
    ignored: ["$id","examples"]
warning: the following keywords are unknown and will be ignored: [$id, examples]
    level: "warning"
    schema: {"loadingURI":"#","pointer":"/items/properties/id"}
    domain: "syntax"
    ignored: ["$id","examples"]
warning: the following keywords are unknown and will be ignored: [$id, examples]
    level: "warning"
    schema: {"loadingURI":"#","pointer":"/items/properties/name"}
    domain: "syntax"
    ignored: ["$id","examples"]
warning: the following keywords are unknown and will be ignored: [$id]
    level: "warning"
    schema: {"loadingURI":"#","pointer":"/items/properties/photoUrls"}
    domain: "syntax"
    ignored: ["$id"]
warning: the following keywords are unknown and will be ignored: [$id, examples]
    level: "warning"
    schema: {"loadingURI":"#","pointer":"/items/properties/photoUrls/items"}
    domain: "syntax"
    ignored: ["$id","examples"]
warning: the following keywords are unknown and will be ignored: [$id, examples]
    level: "warning"
    schema: {"loadingURI":"#","pointer":"/items/properties/status"}
    domain: "syntax"
    ignored: ["$id","examples"]
warning: the following keywords are unknown and will be ignored: [$id]
    level: "warning"
    schema: {"loadingURI":"#","pointer":"/items/properties/tags"}
    domain: "syntax"
    ignored: ["$id"]
warning: the following keywords are unknown and will be ignored: [$id]
    level: "warning"
    schema: {"loadingURI":"#","pointer":"/items/properties/tags/items"}
    domain: "syntax"
    ignored: ["$id"]
warning: the following keywords are unknown and will be ignored: [$id, examples]
    level: "warning"
    schema: {"loadingURI":"#","pointer":"/items/properties/tags/items/properties/id"}
    domain: "syntax"
    ignored: ["$id","examples"]
warning: the following keywords are unknown and will be ignored: [$id, examples]
    level: "warning"
    schema: {"loadingURI":"#","pointer":"/items/properties/tags/items/properties/name"}
    domain: "syntax"
    ignored: ["$id","examples"]
warning: the following keywords are unknown and will be ignored: [$id]
    level: "warning"
    schema: {"loadingURI":"#","pointer":"/items"}
    domain: "syntax"
    ignored: ["$id"]
warning: the following keywords are unknown and will be ignored: [$id]
    level: "warning"
    schema: {"loadingURI":"#","pointer":"/items/properties/category"}
    domain: "syntax"
    ignored: ["$id"]
warning: the following keywords are unknown and will be ignored: [$id, examples]
    level: "warning"
    schema: {"loadingURI":"#","pointer":"/items/properties/category/properties/id"}
    domain: "syntax"
    ignored: ["$id","examples"]
warning: the following keywords are unknown and will be ignored: [$id, examples]
    level: "warning"
    schema: {"loadingURI":"#","pointer":"/items/properties/category/properties/name"}
    domain: "syntax"
    ignored: ["$id","examples"]
warning: the following keywords are unknown and will be ignored: [$id, examples]
    level: "warning"
    schema: {"loadingURI":"#","pointer":"/items/properties/id"}
    domain: "syntax"
    ignored: ["$id","examples"]
warning: the following keywords are unknown and will be ignored: [$id, examples]
    level: "warning"
    schema: {"loadingURI":"#","pointer":"/items/properties/name"}
    domain: "syntax"
    ignored: ["$id","examples"]
warning: the following keywords are unknown and will be ignored: [$id]
    level: "warning"
    schema: {"loadingURI":"#","pointer":"/items/properties/photoUrls"}
    domain: "syntax"
    ignored: ["$id"]
warning: the following keywords are unknown and will be ignored: [$id, examples]
    level: "warning"
    schema: {"loadingURI":"#","pointer":"/items/properties/photoUrls/items"}
    domain: "syntax"
    ignored: ["$id","examples"]
warning: the following keywords are unknown and will be ignored: [$id, examples]
    level: "warning"
    schema: {"loadingURI":"#","pointer":"/items/properties/status"}
    domain: "syntax"
    ignored: ["$id","examples"]
warning: the following keywords are unknown and will be ignored: [$id]
    level: "warning"
    schema: {"loadingURI":"#","pointer":"/items/properties/tags"}
    domain: "syntax"
    ignored: ["$id"]
warning: the following keywords are unknown and will be ignored: [$id]
    level: "warning"
    schema: {"loadingURI":"#","pointer":"/items/properties/tags/items"}
    domain: "syntax"
    ignored: ["$id"]
warning: the following keywords are unknown and will be ignored: [$id, examples]
    level: "warning"
    schema: {"loadingURI":"#","pointer":"/items/properties/tags/items/properties/id"}
    domain: "syntax"
    ignored: ["$id","examples"]
warning: the following keywords are unknown and will be ignored: [$id, examples]
    level: "warning"
    schema: {"loadingURI":"#","pointer":"/items/properties/tags/items/properties/name"}
    domain: "syntax"
    ignored: ["$id","examples"]
warning: the following keywords are unknown and will be ignored: [$id]
    level: "warning"
    schema: {"loadingURI":"#","pointer":"/items"}
    domain: "syntax"
    ignored: ["$id"]
warning: the following keywords are unknown and will be ignored: [$id]
    level: "warning"
    schema: {"loadingURI":"#","pointer":"/items/properties/category"}
    domain: "syntax"
    ignored: ["$id"]
warning: the following keywords are unknown and will be ignored: [$id, examples]
    level: "warning"
    schema: {"loadingURI":"#","pointer":"/items/properties/category/properties/id"}
    domain: "syntax"
    ignored: ["$id","examples"]
warning: the following keywords are unknown and will be ignored: [$id, examples]
    level: "warning"
    schema: {"loadingURI":"#","pointer":"/items/properties/category/properties/name"}
    domain: "syntax"
    ignored: ["$id","examples"]
warning: the following keywords are unknown and will be ignored: [$id, examples]
    level: "warning"
    schema: {"loadingURI":"#","pointer":"/items/properties/id"}
    domain: "syntax"
    ignored: ["$id","examples"]
warning: the following keywords are unknown and will be ignored: [$id, examples]
    level: "warning"
    schema: {"loadingURI":"#","pointer":"/items/properties/name"}
    domain: "syntax"
    ignored: ["$id","examples"]
warning: the following keywords are unknown and will be ignored: [$id]
    level: "warning"
    schema: {"loadingURI":"#","pointer":"/items/properties/photoUrls"}
    domain: "syntax"
    ignored: ["$id"]
warning: the following keywords are unknown and will be ignored: [$id, examples]
    level: "warning"
    schema: {"loadingURI":"#","pointer":"/items/properties/photoUrls/items"}
    domain: "syntax"
    ignored: ["$id","examples"]
warning: the following keywords are unknown and will be ignored: [$id, examples]
    level: "warning"
    schema: {"loadingURI":"#","pointer":"/items/properties/status"}
    domain: "syntax"
    ignored: ["$id","examples"]
warning: the following keywords are unknown and will be ignored: [$id]
    level: "warning"
    schema: {"loadingURI":"#","pointer":"/items/properties/tags"}
    domain: "syntax"
    ignored: ["$id"]
warning: the following keywords are unknown and will be ignored: [$id]
    level: "warning"
    schema: {"loadingURI":"#","pointer":"/items/properties/tags/items"}
    domain: "syntax"
    ignored: ["$id"]
warning: the following keywords are unknown and will be ignored: [$id, examples]
    level: "warning"
    schema: {"loadingURI":"#","pointer":"/items/properties/tags/items/properties/id"}
    domain: "syntax"
    ignored: ["$id","examples"]
warning: the following keywords are unknown and will be ignored: [$id, examples]
    level: "warning"
    schema: {"loadingURI":"#","pointer":"/items/properties/tags/items/properties/name"}
    domain: "syntax"
    ignored: ["$id","examples"]
warning: the following keywords are unknown and will be ignored: [$id]
    level: "warning"
    schema: {"loadingURI":"#","pointer":"/items"}
    domain: "syntax"
    ignored: ["$id"]
warning: the following keywords are unknown and will be ignored: [$id]
    level: "warning"
    schema: {"loadingURI":"#","pointer":"/items/properties/category"}
    domain: "syntax"
    ignored: ["$id"]
warning: the following keywords are unknown and will be ignored: [$id, examples]
    level: "warning"
    schema: {"loadingURI":"#","pointer":"/items/properties/category/properties/id"}
    domain: "syntax"
    ignored: ["$id","examples"]
warning: the following keywords are unknown and will be ignored: [$id, examples]
    level: "warning"
    schema: {"loadingURI":"#","pointer":"/items/properties/category/properties/name"}
    domain: "syntax"
    ignored: ["$id","examples"]
warning: the following keywords are unknown and will be ignored: [$id, examples]
    level: "warning"
    schema: {"loadingURI":"#","pointer":"/items/properties/id"}
    domain: "syntax"
    ignored: ["$id","examples"]
warning: the following keywords are unknown and will be ignored: [$id, examples]
    level: "warning"
    schema: {"loadingURI":"#","pointer":"/items/properties/name"}
    domain: "syntax"
    ignored: ["$id","examples"]
warning: the following keywords are unknown and will be ignored: [$id]
    level: "warning"
    schema: {"loadingURI":"#","pointer":"/items/properties/photoUrls"}
    domain: "syntax"
    ignored: ["$id"]
warning: the following keywords are unknown and will be ignored: [$id, examples]
    level: "warning"
    schema: {"loadingURI":"#","pointer":"/items/properties/photoUrls/items"}
    domain: "syntax"
    ignored: ["$id","examples"]
warning: the following keywords are unknown and will be ignored: [$id, examples]
    level: "warning"
    schema: {"loadingURI":"#","pointer":"/items/properties/status"}
    domain: "syntax"
    ignored: ["$id","examples"]
warning: the following keywords are unknown and will be ignored: [$id]
    level: "warning"
    schema: {"loadingURI":"#","pointer":"/items/properties/tags"}
    domain: "syntax"
    ignored: ["$id"]
warning: the following keywords are unknown and will be ignored: [$id]
    level: "warning"
    schema: {"loadingURI":"#","pointer":"/items/properties/tags/items"}
    domain: "syntax"
    ignored: ["$id"]
warning: the following keywords are unknown and will be ignored: [$id, examples]
    level: "warning"
    schema: {"loadingURI":"#","pointer":"/items/properties/tags/items/properties/id"}
    domain: "syntax"
    ignored: ["$id","examples"]
warning: the following keywords are unknown and will be ignored: [$id, examples]
    level: "warning"
    schema: {"loadingURI":"#","pointer":"/items/properties/tags/items/properties/name"}
    domain: "syntax"
    ignored: ["$id","examples"]
warning: the following keywords are unknown and will be ignored: [$id]
    level: "warning"
    schema: {"loadingURI":"#","pointer":"/items"}
    domain: "syntax"
    ignored: ["$id"]
warning: the following keywords are unknown and will be ignored: [$id]
    level: "warning"
    schema: {"loadingURI":"#","pointer":"/items/properties/category"}
    domain: "syntax"
    ignored: ["$id"]
warning: the following keywords are unknown and will be ignored: [$id, examples]
    level: "warning"
    schema: {"loadingURI":"#","pointer":"/items/properties/category/properties/id"}
    domain: "syntax"
    ignored: ["$id","examples"]
warning: the following keywords are unknown and will be ignored: [$id, examples]
    level: "warning"
    schema: {"loadingURI":"#","pointer":"/items/properties/category/properties/name"}
    domain: "syntax"
    ignored: ["$id","examples"]
warning: the following keywords are unknown and will be ignored: [$id, examples]
    level: "warning"
    schema: {"loadingURI":"#","pointer":"/items/properties/id"}
    domain: "syntax"
    ignored: ["$id","examples"]
warning: the following keywords are unknown and will be ignored: [$id, examples]
    level: "warning"
    schema: {"loadingURI":"#","pointer":"/items/properties/name"}
    domain: "syntax"
    ignored: ["$id","examples"]
warning: the following keywords are unknown and will be ignored: [$id]
    level: "warning"
    schema: {"loadingURI":"#","pointer":"/items/properties/photoUrls"}
    domain: "syntax"
    ignored: ["$id"]
warning: the following keywords are unknown and will be ignored: [$id, examples]
    level: "warning"
    schema: {"loadingURI":"#","pointer":"/items/properties/photoUrls/items"}
    domain: "syntax"
    ignored: ["$id","examples"]
warning: the following keywords are unknown and will be ignored: [$id, examples]
    level: "warning"
    schema: {"loadingURI":"#","pointer":"/items/properties/status"}
    domain: "syntax"
    ignored: ["$id","examples"]
warning: the following keywords are unknown and will be ignored: [$id]
    level: "warning"
    schema: {"loadingURI":"#","pointer":"/items/properties/tags"}
    domain: "syntax"
    ignored: ["$id"]
warning: the following keywords are unknown and will be ignored: [$id]
    level: "warning"
    schema: {"loadingURI":"#","pointer":"/items/properties/tags/items"}
    domain: "syntax"
    ignored: ["$id"]
warning: the following keywords are unknown and will be ignored: [$id, examples]
    level: "warning"
    schema: {"loadingURI":"#","pointer":"/items/properties/tags/items/properties/id"}
    domain: "syntax"
    ignored: ["$id","examples"]
warning: the following keywords are unknown and will be ignored: [$id, examples]
    level: "warning"
    schema: {"loadingURI":"#","pointer":"/items/properties/tags/items/properties/name"}
    domain: "syntax"
    ignored: ["$id","examples"]
warning: the following keywords are unknown and will be ignored: [$id]
    level: "warning"
    schema: {"loadingURI":"#","pointer":"/items"}
    domain: "syntax"
    ignored: ["$id"]
warning: the following keywords are unknown and will be ignored: [$id]
    level: "warning"
    schema: {"loadingURI":"#","pointer":"/items/properties/category"}
    domain: "syntax"
    ignored: ["$id"]
warning: the following keywords are unknown and will be ignored: [$id, examples]
    level: "warning"
    schema: {"loadingURI":"#","pointer":"/items/properties/category/properties/id"}
    domain: "syntax"
    ignored: ["$id","examples"]
warning: the following keywords are unknown and will be ignored: [$id, examples]
    level: "warning"
    schema: {"loadingURI":"#","pointer":"/items/properties/category/properties/name"}
    domain: "syntax"
    ignored: ["$id","examples"]
warning: the following keywords are unknown and will be ignored: [$id, examples]
    level: "warning"
    schema: {"loadingURI":"#","pointer":"/items/properties/id"}
    domain: "syntax"
    ignored: ["$id","examples"]
warning: the following keywords are unknown and will be ignored: [$id, examples]
    level: "warning"
    schema: {"loadingURI":"#","pointer":"/items/properties/name"}
    domain: "syntax"
    ignored: ["$id","examples"]
warning: the following keywords are unknown and will be ignored: [$id]
    level: "warning"
    schema: {"loadingURI":"#","pointer":"/items/properties/photoUrls"}
    domain: "syntax"
    ignored: ["$id"]
warning: the following keywords are unknown and will be ignored: [$id, examples]
    level: "warning"
    schema: {"loadingURI":"#","pointer":"/items/properties/photoUrls/items"}
    domain: "syntax"
    ignored: ["$id","examples"]
warning: the following keywords are unknown and will be ignored: [$id, examples]
    level: "warning"
    schema: {"loadingURI":"#","pointer":"/items/properties/status"}
    domain: "syntax"
    ignored: ["$id","examples"]
warning: the following keywords are unknown and will be ignored: [$id]
    level: "warning"
    schema: {"loadingURI":"#","pointer":"/items/properties/tags"}
    domain: "syntax"
    ignored: ["$id"]
warning: the following keywords are unknown and will be ignored: [$id]
    level: "warning"
    schema: {"loadingURI":"#","pointer":"/items/properties/tags/items"}
    domain: "syntax"
    ignored: ["$id"]
warning: the following keywords are unknown and will be ignored: [$id, examples]
    level: "warning"
    schema: {"loadingURI":"#","pointer":"/items/properties/tags/items/properties/id"}
    domain: "syntax"
    ignored: ["$id","examples"]
warning: the following keywords are unknown and will be ignored: [$id, examples]
    level: "warning"
    schema: {"loadingURI":"#","pointer":"/items/properties/tags/items/properties/name"}
    domain: "syntax"
    ignored: ["$id","examples"]
warning: the following keywords are unknown and will be ignored: [$id]
    level: "warning"
    schema: {"loadingURI":"#","pointer":"/items"}
    domain: "syntax"
    ignored: ["$id"]
warning: the following keywords are unknown and will be ignored: [$id]
    level: "warning"
    schema: {"loadingURI":"#","pointer":"/items/properties/category"}
    domain: "syntax"
    ignored: ["$id"]
warning: the following keywords are unknown and will be ignored: [$id, examples]
    level: "warning"
    schema: {"loadingURI":"#","pointer":"/items/properties/category/properties/id"}
    domain: "syntax"
    ignored: ["$id","examples"]
warning: the following keywords are unknown and will be ignored: [$id, examples]
    level: "warning"
    schema: {"loadingURI":"#","pointer":"/items/properties/category/properties/name"}
    domain: "syntax"
    ignored: ["$id","examples"]
warning: the following keywords are unknown and will be ignored: [$id, examples]
    level: "warning"
    schema: {"loadingURI":"#","pointer":"/items/properties/id"}
    domain: "syntax"
    ignored: ["$id","examples"]
warning: the following keywords are unknown and will be ignored: [$id, examples]
    level: "warning"
    schema: {"loadingURI":"#","pointer":"/items/properties/name"}
    domain: "syntax"
    ignored: ["$id","examples"]
warning: the following keywords are unknown and will be ignored: [$id]
    level: "warning"
    schema: {"loadingURI":"#","pointer":"/items/properties/photoUrls"}
    domain: "syntax"
    ignored: ["$id"]
warning: the following keywords are unknown and will be ignored: [$id, examples]
    level: "warning"
    schema: {"loadingURI":"#","pointer":"/items/properties/photoUrls/items"}
    domain: "syntax"
    ignored: ["$id","examples"]
warning: the following keywords are unknown and will be ignored: [$id, examples]
    level: "warning"
    schema: {"loadingURI":"#","pointer":"/items/properties/status"}
    domain: "syntax"
    ignored: ["$id","examples"]
warning: the following keywords are unknown and will be ignored: [$id]
    level: "warning"
    schema: {"loadingURI":"#","pointer":"/items/properties/tags"}
    domain: "syntax"
    ignored: ["$id"]
warning: the following keywords are unknown and will be ignored: [$id]
    level: "warning"
    schema: {"loadingURI":"#","pointer":"/items/properties/tags/items"}
    domain: "syntax"
    ignored: ["$id"]
warning: the following keywords are unknown and will be ignored: [$id, examples]
    level: "warning"
    schema: {"loadingURI":"#","pointer":"/items/properties/tags/items/properties/id"}
    domain: "syntax"
    ignored: ["$id","examples"]
warning: the following keywords are unknown and will be ignored: [$id, examples]
    level: "warning"
    schema: {"loadingURI":"#","pointer":"/items/properties/tags/items/properties/name"}
    domain: "syntax"
    ignored: ["$id","examples"]
warning: the following keywords are unknown and will be ignored: [$id]
    level: "warning"
    schema: {"loadingURI":"#","pointer":"/items"}
    domain: "syntax"
    ignored: ["$id"]
warning: the following keywords are unknown and will be ignored: [$id]
    level: "warning"
    schema: {"loadingURI":"#","pointer":"/items/properties/category"}
    domain: "syntax"
    ignored: ["$id"]
warning: the following keywords are unknown and will be ignored: [$id, examples]
    level: "warning"
    schema: {"loadingURI":"#","pointer":"/items/properties/category/properties/id"}
    domain: "syntax"
    ignored: ["$id","examples"]
warning: the following keywords are unknown and will be ignored: [$id, examples]
    level: "warning"
    schema: {"loadingURI":"#","pointer":"/items/properties/category/properties/name"}
    domain: "syntax"
    ignored: ["$id","examples"]
warning: the following keywords are unknown and will be ignored: [$id, examples]
    level: "warning"
    schema: {"loadingURI":"#","pointer":"/items/properties/id"}
    domain: "syntax"
    ignored: ["$id","examples"]
warning: the following keywords are unknown and will be ignored: [$id, examples]
    level: "warning"
    schema: {"loadingURI":"#","pointer":"/items/properties/name"}
    domain: "syntax"
    ignored: ["$id","examples"]
warning: the following keywords are unknown and will be ignored: [$id]
    level: "warning"
    schema: {"loadingURI":"#","pointer":"/items/properties/photoUrls"}
    domain: "syntax"
    ignored: ["$id"]
warning: the following keywords are unknown and will be ignored: [$id, examples]
    level: "warning"
    schema: {"loadingURI":"#","pointer":"/items/properties/photoUrls/items"}
    domain: "syntax"
    ignored: ["$id","examples"]
warning: the following keywords are unknown and will be ignored: [$id, examples]
    level: "warning"
    schema: {"loadingURI":"#","pointer":"/items/properties/status"}
    domain: "syntax"
    ignored: ["$id","examples"]
warning: the following keywords are unknown and will be ignored: [$id]
    level: "warning"
    schema: {"loadingURI":"#","pointer":"/items/properties/tags"}
    domain: "syntax"
    ignored: ["$id"]
warning: the following keywords are unknown and will be ignored: [$id]
    level: "warning"
    schema: {"loadingURI":"#","pointer":"/items/properties/tags/items"}
    domain: "syntax"
    ignored: ["$id"]
warning: the following keywords are unknown and will be ignored: [$id, examples]
    level: "warning"
    schema: {"loadingURI":"#","pointer":"/items/properties/tags/items/properties/id"}
    domain: "syntax"
    ignored: ["$id","examples"]
warning: the following keywords are unknown and will be ignored: [$id, examples]
    level: "warning"
    schema: {"loadingURI":"#","pointer":"/items/properties/tags/items/properties/name"}
    domain: "syntax"
    ignored: ["$id","examples"]
warning: the following keywords are unknown and will be ignored: [$id]
    level: "warning"
    schema: {"loadingURI":"#","pointer":"/items"}
    domain: "syntax"
    ignored: ["$id"]
warning: the following keywords are unknown and will be ignored: [$id]
    level: "warning"
    schema: {"loadingURI":"#","pointer":"/items/properties/category"}
    domain: "syntax"
    ignored: ["$id"]
warning: the following keywords are unknown and will be ignored: [$id, examples]
    level: "warning"
    schema: {"loadingURI":"#","pointer":"/items/properties/category/properties/id"}
    domain: "syntax"
    ignored: ["$id","examples"]
warning: the following keywords are unknown and will be ignored: [$id, examples]
    level: "warning"
    schema: {"loadingURI":"#","pointer":"/items/properties/category/properties/name"}
    domain: "syntax"
    ignored: ["$id","examples"]
warning: the following keywords are unknown and will be ignored: [$id, examples]
    level: "warning"
    schema: {"loadingURI":"#","pointer":"/items/properties/id"}
    domain: "syntax"
    ignored: ["$id","examples"]
warning: the following keywords are unknown and will be ignored: [$id, examples]
    level: "warning"
    schema: {"loadingURI":"#","pointer":"/items/properties/name"}
    domain: "syntax"
    ignored: ["$id","examples"]
warning: the following keywords are unknown and will be ignored: [$id]
    level: "warning"
    schema: {"loadingURI":"#","pointer":"/items/properties/photoUrls"}
    domain: "syntax"
    ignored: ["$id"]
warning: the following keywords are unknown and will be ignored: [$id, examples]
    level: "warning"
    schema: {"loadingURI":"#","pointer":"/items/properties/photoUrls/items"}
    domain: "syntax"
    ignored: ["$id","examples"]
warning: the following keywords are unknown and will be ignored: [$id, examples]
    level: "warning"
    schema: {"loadingURI":"#","pointer":"/items/properties/status"}
    domain: "syntax"
    ignored: ["$id","examples"]
warning: the following keywords are unknown and will be ignored: [$id]
    level: "warning"
    schema: {"loadingURI":"#","pointer":"/items/properties/tags"}
    domain: "syntax"
    ignored: ["$id"]
warning: the following keywords are unknown and will be ignored: [$id]
    level: "warning"
    schema: {"loadingURI":"#","pointer":"/items/properties/tags/items"}
    domain: "syntax"
    ignored: ["$id"]
warning: the following keywords are unknown and will be ignored: [$id, examples]
    level: "warning"
    schema: {"loadingURI":"#","pointer":"/items/properties/tags/items/properties/id"}
    domain: "syntax"
    ignored: ["$id","examples"]
warning: the following keywords are unknown and will be ignored: [$id, examples]
    level: "warning"
    schema: {"loadingURI":"#","pointer":"/items/properties/tags/items/properties/name"}
    domain: "syntax"
    ignored: ["$id","examples"]
warning: the following keywords are unknown and will be ignored: [$id]
    level: "warning"
    schema: {"loadingURI":"#","pointer":"/items"}
    domain: "syntax"
    ignored: ["$id"]
warning: the following keywords are unknown and will be ignored: [$id]
    level: "warning"
    schema: {"loadingURI":"#","pointer":"/items/properties/category"}
    domain: "syntax"
    ignored: ["$id"]
warning: the following keywords are unknown and will be ignored: [$id, examples]
    level: "warning"
    schema: {"loadingURI":"#","pointer":"/items/properties/category/properties/id"}
    domain: "syntax"
    ignored: ["$id","examples"]
warning: the following keywords are unknown and will be ignored: [$id, examples]
    level: "warning"
    schema: {"loadingURI":"#","pointer":"/items/properties/category/properties/name"}
    domain: "syntax"
    ignored: ["$id","examples"]
warning: the following keywords are unknown and will be ignored: [$id, examples]
    level: "warning"
    schema: {"loadingURI":"#","pointer":"/items/properties/id"}
    domain: "syntax"
    ignored: ["$id","examples"]
warning: the following keywords are unknown and will be ignored: [$id, examples]
    level: "warning"
    schema: {"loadingURI":"#","pointer":"/items/properties/name"}
    domain: "syntax"
    ignored: ["$id","examples"]
warning: the following keywords are unknown and will be ignored: [$id]
    level: "warning"
    schema: {"loadingURI":"#","pointer":"/items/properties/photoUrls"}
    domain: "syntax"
    ignored: ["$id"]
warning: the following keywords are unknown and will be ignored: [$id, examples]
    level: "warning"
    schema: {"loadingURI":"#","pointer":"/items/properties/photoUrls/items"}
    domain: "syntax"
    ignored: ["$id","examples"]
warning: the following keywords are unknown and will be ignored: [$id, examples]
    level: "warning"
    schema: {"loadingURI":"#","pointer":"/items/properties/status"}
    domain: "syntax"
    ignored: ["$id","examples"]
warning: the following keywords are unknown and will be ignored: [$id]
    level: "warning"
    schema: {"loadingURI":"#","pointer":"/items/properties/tags"}
    domain: "syntax"
    ignored: ["$id"]
warning: the following keywords are unknown and will be ignored: [$id]
    level: "warning"
    schema: {"loadingURI":"#","pointer":"/items/properties/tags/items"}
    domain: "syntax"
    ignored: ["$id"]
warning: the following keywords are unknown and will be ignored: [$id, examples]
    level: "warning"
    schema: {"loadingURI":"#","pointer":"/items/properties/tags/items/properties/id"}
    domain: "syntax"
    ignored: ["$id","examples"]
warning: the following keywords are unknown and will be ignored: [$id, examples]
    level: "warning"
    schema: {"loadingURI":"#","pointer":"/items/properties/tags/items/properties/name"}
    domain: "syntax"
    ignored: ["$id","examples"]
warning: the following keywords are unknown and will be ignored: [$id]
    level: "warning"
    schema: {"loadingURI":"#","pointer":"/items"}
    domain: "syntax"
    ignored: ["$id"]
warning: the following keywords are unknown and will be ignored: [$id]
    level: "warning"
    schema: {"loadingURI":"#","pointer":"/items/properties/category"}
    domain: "syntax"
    ignored: ["$id"]
warning: the following keywords are unknown and will be ignored: [$id, examples]
    level: "warning"
    schema: {"loadingURI":"#","pointer":"/items/properties/category/properties/id"}
    domain: "syntax"
    ignored: ["$id","examples"]
warning: the following keywords are unknown and will be ignored: [$id, examples]
    level: "warning"
    schema: {"loadingURI":"#","pointer":"/items/properties/category/properties/name"}
    domain: "syntax"
    ignored: ["$id","examples"]
warning: the following keywords are unknown and will be ignored: [$id, examples]
    level: "warning"
    schema: {"loadingURI":"#","pointer":"/items/properties/id"}
    domain: "syntax"
    ignored: ["$id","examples"]
warning: the following keywords are unknown and will be ignored: [$id, examples]
    level: "warning"
    schema: {"loadingURI":"#","pointer":"/items/properties/name"}
    domain: "syntax"
    ignored: ["$id","examples"]
warning: the following keywords are unknown and will be ignored: [$id]
    level: "warning"
    schema: {"loadingURI":"#","pointer":"/items/properties/photoUrls"}
    domain: "syntax"
    ignored: ["$id"]
warning: the following keywords are unknown and will be ignored: [$id, examples]
    level: "warning"
    schema: {"loadingURI":"#","pointer":"/items/properties/photoUrls/items"}
    domain: "syntax"
    ignored: ["$id","examples"]
warning: the following keywords are unknown and will be ignored: [$id, examples]
    level: "warning"
    schema: {"loadingURI":"#","pointer":"/items/properties/status"}
    domain: "syntax"
    ignored: ["$id","examples"]
warning: the following keywords are unknown and will be ignored: [$id]
    level: "warning"
    schema: {"loadingURI":"#","pointer":"/items/properties/tags"}
    domain: "syntax"
    ignored: ["$id"]
warning: the following keywords are unknown and will be ignored: [$id]
    level: "warning"
    schema: {"loadingURI":"#","pointer":"/items/properties/tags/items"}
    domain: "syntax"
    ignored: ["$id"]
warning: the following keywords are unknown and will be ignored: [$id, examples]
    level: "warning"
    schema: {"loadingURI":"#","pointer":"/items/properties/tags/items/properties/id"}
    domain: "syntax"
    ignored: ["$id","examples"]
warning: the following keywords are unknown and will be ignored: [$id, examples]
    level: "warning"
    schema: {"loadingURI":"#","pointer":"/items/properties/tags/items/properties/name"}
    domain: "syntax"
    ignored: ["$id","examples"]
error: object has missing required properties (["category"])
    level: "error"
    schema: {"loadingURI":"#","pointer":"/items"}
    instance: {"pointer":"/285"}
    domain: "validation"
    keyword: "required"
    required: ["category","id","name","photoUrls","status","tags"]
    missing: ["category"]
warning: the following keywords are unknown and will be ignored: [$id]
    level: "warning"
    schema: {"loadingURI":"#","pointer":"/items"}
    domain: "syntax"
    ignored: ["$id"]
warning: the following keywords are unknown and will be ignored: [$id]
    level: "warning"
    schema: {"loadingURI":"#","pointer":"/items/properties/category"}
    domain: "syntax"
    ignored: ["$id"]
warning: the following keywords are unknown and will be ignored: [$id, examples]
    level: "warning"
    schema: {"loadingURI":"#","pointer":"/items/properties/category/properties/id"}
    domain: "syntax"
    ignored: ["$id","examples"]
warning: the following keywords are unknown and will be ignored: [$id, examples]
    level: "warning"
    schema: {"loadingURI":"#","pointer":"/items/properties/category/properties/name"}
    domain: "syntax"
    ignored: ["$id","examples"]
warning: the following keywords are unknown and will be ignored: [$id, examples]
    level: "warning"
    schema: {"loadingURI":"#","pointer":"/items/properties/id"}
    domain: "syntax"
    ignored: ["$id","examples"]
warning: the following keywords are unknown and will be ignored: [$id, examples]
    level: "warning"
    schema: {"loadingURI":"#","pointer":"/items/properties/name"}
    domain: "syntax"
    ignored: ["$id","examples"]
warning: the following keywords are unknown and will be ignored: [$id]
    level: "warning"
    schema: {"loadingURI":"#","pointer":"/items/properties/photoUrls"}
    domain: "syntax"
    ignored: ["$id"]
warning: the following keywords are unknown and will be ignored: [$id, examples]
    level: "warning"
    schema: {"loadingURI":"#","pointer":"/items/properties/photoUrls/items"}
    domain: "syntax"
    ignored: ["$id","examples"]
warning: the following keywords are unknown and will be ignored: [$id, examples]
    level: "warning"
    schema: {"loadingURI":"#","pointer":"/items/properties/status"}
    domain: "syntax"
    ignored: ["$id","examples"]
warning: the following keywords are unknown and will be ignored: [$id]
    level: "warning"
    schema: {"loadingURI":"#","pointer":"/items/properties/tags"}
    domain: "syntax"
    ignored: ["$id"]
warning: the following keywords are unknown and will be ignored: [$id]
    level: "warning"
    schema: {"loadingURI":"#","pointer":"/items/properties/tags/items"}
    domain: "syntax"
    ignored: ["$id"]
warning: the following keywords are unknown and will be ignored: [$id, examples]
    level: "warning"
    schema: {"loadingURI":"#","pointer":"/items/properties/tags/items/properties/id"}
    domain: "syntax"
    ignored: ["$id","examples"]
warning: the following keywords are unknown and will be ignored: [$id, examples]
    level: "warning"
    schema: {"loadingURI":"#","pointer":"/items/properties/tags/items/properties/name"}
    domain: "syntax"
    ignored: ["$id","examples"]
error: object has missing required properties (["name"])
    level: "error"
    schema: {"loadingURI":"#","pointer":"/items"}
    instance: {"pointer":"/286"}
    domain: "validation"
    keyword: "required"
    required: ["category","id","name","photoUrls","status","tags"]
    missing: ["name"]
warning: the following keywords are unknown and will be ignored: [$id]
    level: "warning"
    schema: {"loadingURI":"#","pointer":"/items"}
    domain: "syntax"
    ignored: ["$id"]
warning: the following keywords are unknown and will be ignored: [$id]
    level: "warning"
    schema: {"loadingURI":"#","pointer":"/items/properties/category"}
    domain: "syntax"
    ignored: ["$id"]
warning: the following keywords are unknown and will be ignored: [$id, examples]
    level: "warning"
    schema: {"loadingURI":"#","pointer":"/items/properties/category/properties/id"}
    domain: "syntax"
    ignored: ["$id","examples"]
warning: the following keywords are unknown and will be ignored: [$id, examples]
    level: "warning"
    schema: {"loadingURI":"#","pointer":"/items/properties/category/properties/name"}
    domain: "syntax"
    ignored: ["$id","examples"]
warning: the following keywords are unknown and will be ignored: [$id, examples]
    level: "warning"
    schema: {"loadingURI":"#","pointer":"/items/properties/id"}
    domain: "syntax"
    ignored: ["$id","examples"]
warning: the following keywords are unknown and will be ignored: [$id, examples]
    level: "warning"
    schema: {"loadingURI":"#","pointer":"/items/properties/name"}
    domain: "syntax"
    ignored: ["$id","examples"]
warning: the following keywords are unknown and will be ignored: [$id]
    level: "warning"
    schema: {"loadingURI":"#","pointer":"/items/properties/photoUrls"}
    domain: "syntax"
    ignored: ["$id"]
warning: the following keywords are unknown and will be ignored: [$id, examples]
    level: "warning"
    schema: {"loadingURI":"#","pointer":"/items/properties/photoUrls/items"}
    domain: "syntax"
    ignored: ["$id","examples"]
warning: the following keywords are unknown and will be ignored: [$id, examples]
    level: "warning"
    schema: {"loadingURI":"#","pointer":"/items/properties/status"}
    domain: "syntax"
    ignored: ["$id","examples"]
warning: the following keywords are unknown and will be ignored: [$id]
    level: "warning"
    schema: {"loadingURI":"#","pointer":"/items/properties/tags"}
    domain: "syntax"
    ignored: ["$id"]
warning: the following keywords are unknown and will be ignored: [$id]
    level: "warning"
    schema: {"loadingURI":"#","pointer":"/items/properties/tags/items"}
    domain: "syntax"
    ignored: ["$id"]
warning: the following keywords are unknown and will be ignored: [$id, examples]
    level: "warning"
    schema: {"loadingURI":"#","pointer":"/items/properties/tags/items/properties/id"}
    domain: "syntax"
    ignored: ["$id","examples"]
warning: the following keywords are unknown and will be ignored: [$id, examples]
    level: "warning"
    schema: {"loadingURI":"#","pointer":"/items/properties/tags/items/properties/name"}
    domain: "syntax"
    ignored: ["$id","examples"]
error: object has missing required properties (["category"])
    level: "error"
    schema: {"loadingURI":"#","pointer":"/items"}
    instance: {"pointer":"/287"}
    domain: "validation"
    keyword: "required"
    required: ["category","id","name","photoUrls","status","tags"]
    missing: ["category"]
warning: the following keywords are unknown and will be ignored: [$id]
    level: "warning"
    schema: {"loadingURI":"#","pointer":"/items"}
    domain: "syntax"
    ignored: ["$id"]
warning: the following keywords are unknown and will be ignored: [$id]
    level: "warning"
    schema: {"loadingURI":"#","pointer":"/items/properties/category"}
    domain: "syntax"
    ignored: ["$id"]
warning: the following keywords are unknown and will be ignored: [$id, examples]
    level: "warning"
    schema: {"loadingURI":"#","pointer":"/items/properties/category/properties/id"}
    domain: "syntax"
    ignored: ["$id","examples"]
warning: the following keywords are unknown and will be ignored: [$id, examples]
    level: "warning"
    schema: {"loadingURI":"#","pointer":"/items/properties/category/properties/name"}
    domain: "syntax"
    ignored: ["$id","examples"]
warning: the following keywords are unknown and will be ignored: [$id, examples]
    level: "warning"
    schema: {"loadingURI":"#","pointer":"/items/properties/id"}
    domain: "syntax"
    ignored: ["$id","examples"]
warning: the following keywords are unknown and will be ignored: [$id, examples]
    level: "warning"
    schema: {"loadingURI":"#","pointer":"/items/properties/name"}
    domain: "syntax"
    ignored: ["$id","examples"]
warning: the following keywords are unknown and will be ignored: [$id]
    level: "warning"
    schema: {"loadingURI":"#","pointer":"/items/properties/photoUrls"}
    domain: "syntax"
    ignored: ["$id"]
warning: the following keywords are unknown and will be ignored: [$id, examples]
    level: "warning"
    schema: {"loadingURI":"#","pointer":"/items/properties/photoUrls/items"}
    domain: "syntax"
    ignored: ["$id","examples"]
warning: the following keywords are unknown and will be ignored: [$id, examples]
    level: "warning"
    schema: {"loadingURI":"#","pointer":"/items/properties/status"}
    domain: "syntax"
    ignored: ["$id","examples"]
warning: the following keywords are unknown and will be ignored: [$id]
    level: "warning"
    schema: {"loadingURI":"#","pointer":"/items/properties/tags"}
    domain: "syntax"
    ignored: ["$id"]
warning: the following keywords are unknown and will be ignored: [$id]
    level: "warning"
    schema: {"loadingURI":"#","pointer":"/items/properties/tags/items"}
    domain: "syntax"
    ignored: ["$id"]
warning: the following keywords are unknown and will be ignored: [$id, examples]
    level: "warning"
    schema: {"loadingURI":"#","pointer":"/items/properties/tags/items/properties/id"}
    domain: "syntax"
    ignored: ["$id","examples"]
warning: the following keywords are unknown and will be ignored: [$id, examples]
    level: "warning"
    schema: {"loadingURI":"#","pointer":"/items/properties/tags/items/properties/name"}
    domain: "syntax"
    ignored: ["$id","examples"]
warning: the following keywords are unknown and will be ignored: [$id]
    level: "warning"
    schema: {"loadingURI":"#","pointer":"/items"}
    domain: "syntax"
    ignored: ["$id"]
warning: the following keywords are unknown and will be ignored: [$id]
    level: "warning"
    schema: {"loadingURI":"#","pointer":"/items/properties/category"}
    domain: "syntax"
    ignored: ["$id"]
warning: the following keywords are unknown and will be ignored: [$id, examples]
    level: "warning"
    schema: {"loadingURI":"#","pointer":"/items/properties/category/properties/id"}
    domain: "syntax"
    ignored: ["$id","examples"]
warning: the following keywords are unknown and will be ignored: [$id, examples]
    level: "warning"
    schema: {"loadingURI":"#","pointer":"/items/properties/category/properties/name"}
    domain: "syntax"
    ignored: ["$id","examples"]
warning: the following keywords are unknown and will be ignored: [$id, examples]
    level: "warning"
    schema: {"loadingURI":"#","pointer":"/items/properties/id"}
    domain: "syntax"
    ignored: ["$id","examples"]
warning: the following keywords are unknown and will be ignored: [$id, examples]
    level: "warning"
    schema: {"loadingURI":"#","pointer":"/items/properties/name"}
    domain: "syntax"
    ignored: ["$id","examples"]
warning: the following keywords are unknown and will be ignored: [$id]
    level: "warning"
    schema: {"loadingURI":"#","pointer":"/items/properties/photoUrls"}
    domain: "syntax"
    ignored: ["$id"]
warning: the following keywords are unknown and will be ignored: [$id, examples]
    level: "warning"
    schema: {"loadingURI":"#","pointer":"/items/properties/photoUrls/items"}
    domain: "syntax"
    ignored: ["$id","examples"]
warning: the following keywords are unknown and will be ignored: [$id, examples]
    level: "warning"
    schema: {"loadingURI":"#","pointer":"/items/properties/status"}
    domain: "syntax"
    ignored: ["$id","examples"]
warning: the following keywords are unknown and will be ignored: [$id]
    level: "warning"
    schema: {"loadingURI":"#","pointer":"/items/properties/tags"}
    domain: "syntax"
    ignored: ["$id"]
warning: the following keywords are unknown and will be ignored: [$id]
    level: "warning"
    schema: {"loadingURI":"#","pointer":"/items/properties/tags/items"}
    domain: "syntax"
    ignored: ["$id"]
warning: the following keywords are unknown and will be ignored: [$id, examples]
    level: "warning"
    schema: {"loadingURI":"#","pointer":"/items/properties/tags/items/properties/id"}
    domain: "syntax"
    ignored: ["$id","examples"]
warning: the following keywords are unknown and will be ignored: [$id, examples]
    level: "warning"
    schema: {"loadingURI":"#","pointer":"/items/properties/tags/items/properties/name"}
    domain: "syntax"
    ignored: ["$id","examples"]
warning: the following keywords are unknown and will be ignored: [$id]
    level: "warning"
    schema: {"loadingURI":"#","pointer":"/items"}
    domain: "syntax"
    ignored: ["$id"]
warning: the following keywords are unknown and will be ignored: [$id]
    level: "warning"
    schema: {"loadingURI":"#","pointer":"/items/properties/category"}
    domain: "syntax"
    ignored: ["$id"]
warning: the following keywords are unknown and will be ignored: [$id, examples]
    level: "warning"
    schema: {"loadingURI":"#","pointer":"/items/properties/category/properties/id"}
    domain: "syntax"
    ignored: ["$id","examples"]
warning: the following keywords are unknown and will be ignored: [$id, examples]
    level: "warning"
    schema: {"loadingURI":"#","pointer":"/items/properties/category/properties/name"}
    domain: "syntax"
    ignored: ["$id","examples"]
warning: the following keywords are unknown and will be ignored: [$id, examples]
    level: "warning"
    schema: {"loadingURI":"#","pointer":"/items/properties/id"}
    domain: "syntax"
    ignored: ["$id","examples"]
warning: the following keywords are unknown and will be ignored: [$id, examples]
    level: "warning"
    schema: {"loadingURI":"#","pointer":"/items/properties/name"}
    domain: "syntax"
    ignored: ["$id","examples"]
warning: the following keywords are unknown and will be ignored: [$id]
    level: "warning"
    schema: {"loadingURI":"#","pointer":"/items/properties/photoUrls"}
    domain: "syntax"
    ignored: ["$id"]
warning: the following keywords are unknown and will be ignored: [$id, examples]
    level: "warning"
    schema: {"loadingURI":"#","pointer":"/items/properties/photoUrls/items"}
    domain: "syntax"
    ignored: ["$id","examples"]
warning: the following keywords are unknown and will be ignored: [$id, examples]
    level: "warning"
    schema: {"loadingURI":"#","pointer":"/items/properties/status"}
    domain: "syntax"
    ignored: ["$id","examples"]
warning: the following keywords are unknown and will be ignored: [$id]
    level: "warning"
    schema: {"loadingURI":"#","pointer":"/items/properties/tags"}
    domain: "syntax"
    ignored: ["$id"]
warning: the following keywords are unknown and will be ignored: [$id]
    level: "warning"
    schema: {"loadingURI":"#","pointer":"/items/properties/tags/items"}
    domain: "syntax"
    ignored: ["$id"]
warning: the following keywords are unknown and will be ignored: [$id, examples]
    level: "warning"
    schema: {"loadingURI":"#","pointer":"/items/properties/tags/items/properties/id"}
    domain: "syntax"
    ignored: ["$id","examples"]
warning: the following keywords are unknown and will be ignored: [$id, examples]
    level: "warning"
    schema: {"loadingURI":"#","pointer":"/items/properties/tags/items/properties/name"}
    domain: "syntax"
    ignored: ["$id","examples"]
warning: the following keywords are unknown and will be ignored: [$id]
    level: "warning"
    schema: {"loadingURI":"#","pointer":"/items"}
    domain: "syntax"
    ignored: ["$id"]
warning: the following keywords are unknown and will be ignored: [$id]
    level: "warning"
    schema: {"loadingURI":"#","pointer":"/items/properties/category"}
    domain: "syntax"
    ignored: ["$id"]
warning: the following keywords are unknown and will be ignored: [$id, examples]
    level: "warning"
    schema: {"loadingURI":"#","pointer":"/items/properties/category/properties/id"}
    domain: "syntax"
    ignored: ["$id","examples"]
warning: the following keywords are unknown and will be ignored: [$id, examples]
    level: "warning"
    schema: {"loadingURI":"#","pointer":"/items/properties/category/properties/name"}
    domain: "syntax"
    ignored: ["$id","examples"]
warning: the following keywords are unknown and will be ignored: [$id, examples]
    level: "warning"
    schema: {"loadingURI":"#","pointer":"/items/properties/id"}
    domain: "syntax"
    ignored: ["$id","examples"]
warning: the following keywords are unknown and will be ignored: [$id, examples]
    level: "warning"
    schema: {"loadingURI":"#","pointer":"/items/properties/name"}
    domain: "syntax"
    ignored: ["$id","examples"]
warning: the following keywords are unknown and will be ignored: [$id]
    level: "warning"
    schema: {"loadingURI":"#","pointer":"/items/properties/photoUrls"}
    domain: "syntax"
    ignored: ["$id"]
warning: the following keywords are unknown and will be ignored: [$id, examples]
    level: "warning"
    schema: {"loadingURI":"#","pointer":"/items/properties/photoUrls/items"}
    domain: "syntax"
    ignored: ["$id","examples"]
warning: the following keywords are unknown and will be ignored: [$id, examples]
    level: "warning"
    schema: {"loadingURI":"#","pointer":"/items/properties/status"}
    domain: "syntax"
    ignored: ["$id","examples"]
warning: the following keywords are unknown and will be ignored: [$id]
    level: "warning"
    schema: {"loadingURI":"#","pointer":"/items/properties/tags"}
    domain: "syntax"
    ignored: ["$id"]
warning: the following keywords are unknown and will be ignored: [$id]
    level: "warning"
    schema: {"loadingURI":"#","pointer":"/items/properties/tags/items"}
    domain: "syntax"
    ignored: ["$id"]
warning: the following keywords are unknown and will be ignored: [$id, examples]
    level: "warning"
    schema: {"loadingURI":"#","pointer":"/items/properties/tags/items/properties/id"}
    domain: "syntax"
    ignored: ["$id","examples"]
warning: the following keywords are unknown and will be ignored: [$id, examples]
    level: "warning"
    schema: {"loadingURI":"#","pointer":"/items/properties/tags/items/properties/name"}
    domain: "syntax"
    ignored: ["$id","examples"]
warning: the following keywords are unknown and will be ignored: [$id]
    level: "warning"
    schema: {"loadingURI":"#","pointer":"/items"}
    domain: "syntax"
    ignored: ["$id"]
warning: the following keywords are unknown and will be ignored: [$id]
    level: "warning"
    schema: {"loadingURI":"#","pointer":"/items/properties/category"}
    domain: "syntax"
    ignored: ["$id"]
warning: the following keywords are unknown and will be ignored: [$id, examples]
    level: "warning"
    schema: {"loadingURI":"#","pointer":"/items/properties/category/properties/id"}
    domain: "syntax"
    ignored: ["$id","examples"]
warning: the following keywords are unknown and will be ignored: [$id, examples]
    level: "warning"
    schema: {"loadingURI":"#","pointer":"/items/properties/category/properties/name"}
    domain: "syntax"
    ignored: ["$id","examples"]
warning: the following keywords are unknown and will be ignored: [$id, examples]
    level: "warning"
    schema: {"loadingURI":"#","pointer":"/items/properties/id"}
    domain: "syntax"
    ignored: ["$id","examples"]
warning: the following keywords are unknown and will be ignored: [$id, examples]
    level: "warning"
    schema: {"loadingURI":"#","pointer":"/items/properties/name"}
    domain: "syntax"
    ignored: ["$id","examples"]
warning: the following keywords are unknown and will be ignored: [$id]
    level: "warning"
    schema: {"loadingURI":"#","pointer":"/items/properties/photoUrls"}
    domain: "syntax"
    ignored: ["$id"]
warning: the following keywords are unknown and will be ignored: [$id, examples]
    level: "warning"
    schema: {"loadingURI":"#","pointer":"/items/properties/photoUrls/items"}
    domain: "syntax"
    ignored: ["$id","examples"]
warning: the following keywords are unknown and will be ignored: [$id, examples]
    level: "warning"
    schema: {"loadingURI":"#","pointer":"/items/properties/status"}
    domain: "syntax"
    ignored: ["$id","examples"]
warning: the following keywords are unknown and will be ignored: [$id]
    level: "warning"
    schema: {"loadingURI":"#","pointer":"/items/properties/tags"}
    domain: "syntax"
    ignored: ["$id"]
warning: the following keywords are unknown and will be ignored: [$id]
    level: "warning"
    schema: {"loadingURI":"#","pointer":"/items/properties/tags/items"}
    domain: "syntax"
    ignored: ["$id"]
warning: the following keywords are unknown and will be ignored: [$id, examples]
    level: "warning"
    schema: {"loadingURI":"#","pointer":"/items/properties/tags/items/properties/id"}
    domain: "syntax"
    ignored: ["$id","examples"]
warning: the following keywords are unknown and will be ignored: [$id, examples]
    level: "warning"
    schema: {"loadingURI":"#","pointer":"/items/properties/tags/items/properties/name"}
    domain: "syntax"
    ignored: ["$id","examples"]
warning: the following keywords are unknown and will be ignored: [$id]
    level: "warning"
    schema: {"loadingURI":"#","pointer":"/items"}
    domain: "syntax"
    ignored: ["$id"]
warning: the following keywords are unknown and will be ignored: [$id]
    level: "warning"
    schema: {"loadingURI":"#","pointer":"/items/properties/category"}
    domain: "syntax"
    ignored: ["$id"]
warning: the following keywords are unknown and will be ignored: [$id, examples]
    level: "warning"
    schema: {"loadingURI":"#","pointer":"/items/properties/category/properties/id"}
    domain: "syntax"
    ignored: ["$id","examples"]
warning: the following keywords are unknown and will be ignored: [$id, examples]
    level: "warning"
    schema: {"loadingURI":"#","pointer":"/items/properties/category/properties/name"}
    domain: "syntax"
    ignored: ["$id","examples"]
warning: the following keywords are unknown and will be ignored: [$id, examples]
    level: "warning"
    schema: {"loadingURI":"#","pointer":"/items/properties/id"}
    domain: "syntax"
    ignored: ["$id","examples"]
warning: the following keywords are unknown and will be ignored: [$id, examples]
    level: "warning"
    schema: {"loadingURI":"#","pointer":"/items/properties/name"}
    domain: "syntax"
    ignored: ["$id","examples"]
warning: the following keywords are unknown and will be ignored: [$id]
    level: "warning"
    schema: {"loadingURI":"#","pointer":"/items/properties/photoUrls"}
    domain: "syntax"
    ignored: ["$id"]
warning: the following keywords are unknown and will be ignored: [$id, examples]
    level: "warning"
    schema: {"loadingURI":"#","pointer":"/items/properties/photoUrls/items"}
    domain: "syntax"
    ignored: ["$id","examples"]
warning: the following keywords are unknown and will be ignored: [$id, examples]
    level: "warning"
    schema: {"loadingURI":"#","pointer":"/items/properties/status"}
    domain: "syntax"
    ignored: ["$id","examples"]
warning: the following keywords are unknown and will be ignored: [$id]
    level: "warning"
    schema: {"loadingURI":"#","pointer":"/items/properties/tags"}
    domain: "syntax"
    ignored: ["$id"]
warning: the following keywords are unknown and will be ignored: [$id]
    level: "warning"
    schema: {"loadingURI":"#","pointer":"/items/properties/tags/items"}
    domain: "syntax"
    ignored: ["$id"]
warning: the following keywords are unknown and will be ignored: [$id, examples]
    level: "warning"
    schema: {"loadingURI":"#","pointer":"/items/properties/tags/items/properties/id"}
    domain: "syntax"
    ignored: ["$id","examples"]
warning: the following keywords are unknown and will be ignored: [$id, examples]
    level: "warning"
    schema: {"loadingURI":"#","pointer":"/items/properties/tags/items/properties/name"}
    domain: "syntax"
    ignored: ["$id","examples"]
warning: the following keywords are unknown and will be ignored: [$id]
    level: "warning"
    schema: {"loadingURI":"#","pointer":"/items"}
    domain: "syntax"
    ignored: ["$id"]
warning: the following keywords are unknown and will be ignored: [$id]
    level: "warning"
    schema: {"loadingURI":"#","pointer":"/items/properties/category"}
    domain: "syntax"
    ignored: ["$id"]
warning: the following keywords are unknown and will be ignored: [$id, examples]
    level: "warning"
    schema: {"loadingURI":"#","pointer":"/items/properties/category/properties/id"}
    domain: "syntax"
    ignored: ["$id","examples"]
warning: the following keywords are unknown and will be ignored: [$id, examples]
    level: "warning"
    schema: {"loadingURI":"#","pointer":"/items/properties/category/properties/name"}
    domain: "syntax"
    ignored: ["$id","examples"]
warning: the following keywords are unknown and will be ignored: [$id, examples]
    level: "warning"
    schema: {"loadingURI":"#","pointer":"/items/properties/id"}
    domain: "syntax"
    ignored: ["$id","examples"]
warning: the following keywords are unknown and will be ignored: [$id, examples]
    level: "warning"
    schema: {"loadingURI":"#","pointer":"/items/properties/name"}
    domain: "syntax"
    ignored: ["$id","examples"]
warning: the following keywords are unknown and will be ignored: [$id]
    level: "warning"
    schema: {"loadingURI":"#","pointer":"/items/properties/photoUrls"}
    domain: "syntax"
    ignored: ["$id"]
warning: the following keywords are unknown and will be ignored: [$id, examples]
    level: "warning"
    schema: {"loadingURI":"#","pointer":"/items/properties/photoUrls/items"}
    domain: "syntax"
    ignored: ["$id","examples"]
warning: the following keywords are unknown and will be ignored: [$id, examples]
    level: "warning"
    schema: {"loadingURI":"#","pointer":"/items/properties/status"}
    domain: "syntax"
    ignored: ["$id","examples"]
warning: the following keywords are unknown and will be ignored: [$id]
    level: "warning"
    schema: {"loadingURI":"#","pointer":"/items/properties/tags"}
    domain: "syntax"
    ignored: ["$id"]
warning: the following keywords are unknown and will be ignored: [$id]
    level: "warning"
    schema: {"loadingURI":"#","pointer":"/items/properties/tags/items"}
    domain: "syntax"
    ignored: ["$id"]
warning: the following keywords are unknown and will be ignored: [$id, examples]
    level: "warning"
    schema: {"loadingURI":"#","pointer":"/items/properties/tags/items/properties/id"}
    domain: "syntax"
    ignored: ["$id","examples"]
warning: the following keywords are unknown and will be ignored: [$id, examples]
    level: "warning"
    schema: {"loadingURI":"#","pointer":"/items/properties/tags/items/properties/name"}
    domain: "syntax"
    ignored: ["$id","examples"]
warning: the following keywords are unknown and will be ignored: [$id]
    level: "warning"
    schema: {"loadingURI":"#","pointer":"/items"}
    domain: "syntax"
    ignored: ["$id"]
warning: the following keywords are unknown and will be ignored: [$id]
    level: "warning"
    schema: {"loadingURI":"#","pointer":"/items/properties/category"}
    domain: "syntax"
    ignored: ["$id"]
warning: the following keywords are unknown and will be ignored: [$id, examples]
    level: "warning"
    schema: {"loadingURI":"#","pointer":"/items/properties/category/properties/id"}
    domain: "syntax"
    ignored: ["$id","examples"]
warning: the following keywords are unknown and will be ignored: [$id, examples]
    level: "warning"
    schema: {"loadingURI":"#","pointer":"/items/properties/category/properties/name"}
    domain: "syntax"
    ignored: ["$id","examples"]
warning: the following keywords are unknown and will be ignored: [$id, examples]
    level: "warning"
    schema: {"loadingURI":"#","pointer":"/items/properties/id"}
    domain: "syntax"
    ignored: ["$id","examples"]
warning: the following keywords are unknown and will be ignored: [$id, examples]
    level: "warning"
    schema: {"loadingURI":"#","pointer":"/items/properties/name"}
    domain: "syntax"
    ignored: ["$id","examples"]
warning: the following keywords are unknown and will be ignored: [$id]
    level: "warning"
    schema: {"loadingURI":"#","pointer":"/items/properties/photoUrls"}
    domain: "syntax"
    ignored: ["$id"]
warning: the following keywords are unknown and will be ignored: [$id, examples]
    level: "warning"
    schema: {"loadingURI":"#","pointer":"/items/properties/photoUrls/items"}
    domain: "syntax"
    ignored: ["$id","examples"]
warning: the following keywords are unknown and will be ignored: [$id, examples]
    level: "warning"
    schema: {"loadingURI":"#","pointer":"/items/properties/status"}
    domain: "syntax"
    ignored: ["$id","examples"]
warning: the following keywords are unknown and will be ignored: [$id]
    level: "warning"
    schema: {"loadingURI":"#","pointer":"/items/properties/tags"}
    domain: "syntax"
    ignored: ["$id"]
warning: the following keywords are unknown and will be ignored: [$id]
    level: "warning"
    schema: {"loadingURI":"#","pointer":"/items/properties/tags/items"}
    domain: "syntax"
    ignored: ["$id"]
warning: the following keywords are unknown and will be ignored: [$id, examples]
    level: "warning"
    schema: {"loadingURI":"#","pointer":"/items/properties/tags/items/properties/id"}
    domain: "syntax"
    ignored: ["$id","examples"]
warning: the following keywords are unknown and will be ignored: [$id, examples]
    level: "warning"
    schema: {"loadingURI":"#","pointer":"/items/properties/tags/items/properties/name"}
    domain: "syntax"
    ignored: ["$id","examples"]
warning: the following keywords are unknown and will be ignored: [$id]
    level: "warning"
    schema: {"loadingURI":"#","pointer":"/items"}
    domain: "syntax"
    ignored: ["$id"]
warning: the following keywords are unknown and will be ignored: [$id]
    level: "warning"
    schema: {"loadingURI":"#","pointer":"/items/properties/category"}
    domain: "syntax"
    ignored: ["$id"]
warning: the following keywords are unknown and will be ignored: [$id, examples]
    level: "warning"
    schema: {"loadingURI":"#","pointer":"/items/properties/category/properties/id"}
    domain: "syntax"
    ignored: ["$id","examples"]
warning: the following keywords are unknown and will be ignored: [$id, examples]
    level: "warning"
    schema: {"loadingURI":"#","pointer":"/items/properties/category/properties/name"}
    domain: "syntax"
    ignored: ["$id","examples"]
warning: the following keywords are unknown and will be ignored: [$id, examples]
    level: "warning"
    schema: {"loadingURI":"#","pointer":"/items/properties/id"}
    domain: "syntax"
    ignored: ["$id","examples"]
warning: the following keywords are unknown and will be ignored: [$id, examples]
    level: "warning"
    schema: {"loadingURI":"#","pointer":"/items/properties/name"}
    domain: "syntax"
    ignored: ["$id","examples"]
warning: the following keywords are unknown and will be ignored: [$id]
    level: "warning"
    schema: {"loadingURI":"#","pointer":"/items/properties/photoUrls"}
    domain: "syntax"
    ignored: ["$id"]
warning: the following keywords are unknown and will be ignored: [$id, examples]
    level: "warning"
    schema: {"loadingURI":"#","pointer":"/items/properties/photoUrls/items"}
    domain: "syntax"
    ignored: ["$id","examples"]
warning: the following keywords are unknown and will be ignored: [$id, examples]
    level: "warning"
    schema: {"loadingURI":"#","pointer":"/items/properties/status"}
    domain: "syntax"
    ignored: ["$id","examples"]
warning: the following keywords are unknown and will be ignored: [$id]
    level: "warning"
    schema: {"loadingURI":"#","pointer":"/items/properties/tags"}
    domain: "syntax"
    ignored: ["$id"]
warning: the following keywords are unknown and will be ignored: [$id]
    level: "warning"
    schema: {"loadingURI":"#","pointer":"/items/properties/tags/items"}
    domain: "syntax"
    ignored: ["$id"]
warning: the following keywords are unknown and will be ignored: [$id, examples]
    level: "warning"
    schema: {"loadingURI":"#","pointer":"/items/properties/tags/items/properties/id"}
    domain: "syntax"
    ignored: ["$id","examples"]
warning: the following keywords are unknown and will be ignored: [$id, examples]
    level: "warning"
    schema: {"loadingURI":"#","pointer":"/items/properties/tags/items/properties/name"}
    domain: "syntax"
    ignored: ["$id","examples"]
warning: the following keywords are unknown and will be ignored: [$id]
    level: "warning"
    schema: {"loadingURI":"#","pointer":"/items"}
    domain: "syntax"
    ignored: ["$id"]
warning: the following keywords are unknown and will be ignored: [$id]
    level: "warning"
    schema: {"loadingURI":"#","pointer":"/items/properties/category"}
    domain: "syntax"
    ignored: ["$id"]
warning: the following keywords are unknown and will be ignored: [$id, examples]
    level: "warning"
    schema: {"loadingURI":"#","pointer":"/items/properties/category/properties/id"}
    domain: "syntax"
    ignored: ["$id","examples"]
warning: the following keywords are unknown and will be ignored: [$id, examples]
    level: "warning"
    schema: {"loadingURI":"#","pointer":"/items/properties/category/properties/name"}
    domain: "syntax"
    ignored: ["$id","examples"]
warning: the following keywords are unknown and will be ignored: [$id, examples]
    level: "warning"
    schema: {"loadingURI":"#","pointer":"/items/properties/id"}
    domain: "syntax"
    ignored: ["$id","examples"]
warning: the following keywords are unknown and will be ignored: [$id, examples]
    level: "warning"
    schema: {"loadingURI":"#","pointer":"/items/properties/name"}
    domain: "syntax"
    ignored: ["$id","examples"]
warning: the following keywords are unknown and will be ignored: [$id]
    level: "warning"
    schema: {"loadingURI":"#","pointer":"/items/properties/photoUrls"}
    domain: "syntax"
    ignored: ["$id"]
warning: the following keywords are unknown and will be ignored: [$id, examples]
    level: "warning"
    schema: {"loadingURI":"#","pointer":"/items/properties/photoUrls/items"}
    domain: "syntax"
    ignored: ["$id","examples"]
warning: the following keywords are unknown and will be ignored: [$id, examples]
    level: "warning"
    schema: {"loadingURI":"#","pointer":"/items/properties/status"}
    domain: "syntax"
    ignored: ["$id","examples"]
warning: the following keywords are unknown and will be ignored: [$id]
    level: "warning"
    schema: {"loadingURI":"#","pointer":"/items/properties/tags"}
    domain: "syntax"
    ignored: ["$id"]
warning: the following keywords are unknown and will be ignored: [$id]
    level: "warning"
    schema: {"loadingURI":"#","pointer":"/items/properties/tags/items"}
    domain: "syntax"
    ignored: ["$id"]
warning: the following keywords are unknown and will be ignored: [$id, examples]
    level: "warning"
    schema: {"loadingURI":"#","pointer":"/items/properties/tags/items/properties/id"}
    domain: "syntax"
    ignored: ["$id","examples"]
warning: the following keywords are unknown and will be ignored: [$id, examples]
    level: "warning"
    schema: {"loadingURI":"#","pointer":"/items/properties/tags/items/properties/name"}
    domain: "syntax"
    ignored: ["$id","examples"]
warning: the following keywords are unknown and will be ignored: [$id]
    level: "warning"
    schema: {"loadingURI":"#","pointer":"/items"}
    domain: "syntax"
    ignored: ["$id"]
warning: the following keywords are unknown and will be ignored: [$id]
    level: "warning"
    schema: {"loadingURI":"#","pointer":"/items/properties/category"}
    domain: "syntax"
    ignored: ["$id"]
warning: the following keywords are unknown and will be ignored: [$id, examples]
    level: "warning"
    schema: {"loadingURI":"#","pointer":"/items/properties/category/properties/id"}
    domain: "syntax"
    ignored: ["$id","examples"]
warning: the following keywords are unknown and will be ignored: [$id, examples]
    level: "warning"
    schema: {"loadingURI":"#","pointer":"/items/properties/category/properties/name"}
    domain: "syntax"
    ignored: ["$id","examples"]
warning: the following keywords are unknown and will be ignored: [$id, examples]
    level: "warning"
    schema: {"loadingURI":"#","pointer":"/items/properties/id"}
    domain: "syntax"
    ignored: ["$id","examples"]
warning: the following keywords are unknown and will be ignored: [$id, examples]
    level: "warning"
    schema: {"loadingURI":"#","pointer":"/items/properties/name"}
    domain: "syntax"
    ignored: ["$id","examples"]
warning: the following keywords are unknown and will be ignored: [$id]
    level: "warning"
    schema: {"loadingURI":"#","pointer":"/items/properties/photoUrls"}
    domain: "syntax"
    ignored: ["$id"]
warning: the following keywords are unknown and will be ignored: [$id, examples]
    level: "warning"
    schema: {"loadingURI":"#","pointer":"/items/properties/photoUrls/items"}
    domain: "syntax"
    ignored: ["$id","examples"]
warning: the following keywords are unknown and will be ignored: [$id, examples]
    level: "warning"
    schema: {"loadingURI":"#","pointer":"/items/properties/status"}
    domain: "syntax"
    ignored: ["$id","examples"]
warning: the following keywords are unknown and will be ignored: [$id]
    level: "warning"
    schema: {"loadingURI":"#","pointer":"/items/properties/tags"}
    domain: "syntax"
    ignored: ["$id"]
warning: the following keywords are unknown and will be ignored: [$id]
    level: "warning"
    schema: {"loadingURI":"#","pointer":"/items/properties/tags/items"}
    domain: "syntax"
    ignored: ["$id"]
warning: the following keywords are unknown and will be ignored: [$id, examples]
    level: "warning"
    schema: {"loadingURI":"#","pointer":"/items/properties/tags/items/properties/id"}
    domain: "syntax"
    ignored: ["$id","examples"]
warning: the following keywords are unknown and will be ignored: [$id, examples]
    level: "warning"
    schema: {"loadingURI":"#","pointer":"/items/properties/tags/items/properties/name"}
    domain: "syntax"
    ignored: ["$id","examples"]
warning: the following keywords are unknown and will be ignored: [$id]
    level: "warning"
    schema: {"loadingURI":"#","pointer":"/items"}
    domain: "syntax"
    ignored: ["$id"]
warning: the following keywords are unknown and will be ignored: [$id]
    level: "warning"
    schema: {"loadingURI":"#","pointer":"/items/properties/category"}
    domain: "syntax"
    ignored: ["$id"]
warning: the following keywords are unknown and will be ignored: [$id, examples]
    level: "warning"
    schema: {"loadingURI":"#","pointer":"/items/properties/category/properties/id"}
    domain: "syntax"
    ignored: ["$id","examples"]
warning: the following keywords are unknown and will be ignored: [$id, examples]
    level: "warning"
    schema: {"loadingURI":"#","pointer":"/items/properties/category/properties/name"}
    domain: "syntax"
    ignored: ["$id","examples"]
warning: the following keywords are unknown and will be ignored: [$id, examples]
    level: "warning"
    schema: {"loadingURI":"#","pointer":"/items/properties/id"}
    domain: "syntax"
    ignored: ["$id","examples"]
warning: the following keywords are unknown and will be ignored: [$id, examples]
    level: "warning"
    schema: {"loadingURI":"#","pointer":"/items/properties/name"}
    domain: "syntax"
    ignored: ["$id","examples"]
warning: the following keywords are unknown and will be ignored: [$id]
    level: "warning"
    schema: {"loadingURI":"#","pointer":"/items/properties/photoUrls"}
    domain: "syntax"
    ignored: ["$id"]
warning: the following keywords are unknown and will be ignored: [$id, examples]
    level: "warning"
    schema: {"loadingURI":"#","pointer":"/items/properties/photoUrls/items"}
    domain: "syntax"
    ignored: ["$id","examples"]
warning: the following keywords are unknown and will be ignored: [$id, examples]
    level: "warning"
    schema: {"loadingURI":"#","pointer":"/items/properties/status"}
    domain: "syntax"
    ignored: ["$id","examples"]
warning: the following keywords are unknown and will be ignored: [$id]
    level: "warning"
    schema: {"loadingURI":"#","pointer":"/items/properties/tags"}
    domain: "syntax"
    ignored: ["$id"]
warning: the following keywords are unknown and will be ignored: [$id]
    level: "warning"
    schema: {"loadingURI":"#","pointer":"/items/properties/tags/items"}
    domain: "syntax"
    ignored: ["$id"]
warning: the following keywords are unknown and will be ignored: [$id, examples]
    level: "warning"
    schema: {"loadingURI":"#","pointer":"/items/properties/tags/items/properties/id"}
    domain: "syntax"
    ignored: ["$id","examples"]
warning: the following keywords are unknown and will be ignored: [$id, examples]
    level: "warning"
    schema: {"loadingURI":"#","pointer":"/items/properties/tags/items/properties/name"}
    domain: "syntax"
    ignored: ["$id","examples"]
warning: the following keywords are unknown and will be ignored: [$id]
    level: "warning"
    schema: {"loadingURI":"#","pointer":"/items"}
    domain: "syntax"
    ignored: ["$id"]
warning: the following keywords are unknown and will be ignored: [$id]
    level: "warning"
    schema: {"loadingURI":"#","pointer":"/items/properties/category"}
    domain: "syntax"
    ignored: ["$id"]
warning: the following keywords are unknown and will be ignored: [$id, examples]
    level: "warning"
    schema: {"loadingURI":"#","pointer":"/items/properties/category/properties/id"}
    domain: "syntax"
    ignored: ["$id","examples"]
warning: the following keywords are unknown and will be ignored: [$id, examples]
    level: "warning"
    schema: {"loadingURI":"#","pointer":"/items/properties/category/properties/name"}
    domain: "syntax"
    ignored: ["$id","examples"]
warning: the following keywords are unknown and will be ignored: [$id, examples]
    level: "warning"
    schema: {"loadingURI":"#","pointer":"/items/properties/id"}
    domain: "syntax"
    ignored: ["$id","examples"]
warning: the following keywords are unknown and will be ignored: [$id, examples]
    level: "warning"
    schema: {"loadingURI":"#","pointer":"/items/properties/name"}
    domain: "syntax"
    ignored: ["$id","examples"]
warning: the following keywords are unknown and will be ignored: [$id]
    level: "warning"
    schema: {"loadingURI":"#","pointer":"/items/properties/photoUrls"}
    domain: "syntax"
    ignored: ["$id"]
warning: the following keywords are unknown and will be ignored: [$id, examples]
    level: "warning"
    schema: {"loadingURI":"#","pointer":"/items/properties/photoUrls/items"}
    domain: "syntax"
    ignored: ["$id","examples"]
warning: the following keywords are unknown and will be ignored: [$id, examples]
    level: "warning"
    schema: {"loadingURI":"#","pointer":"/items/properties/status"}
    domain: "syntax"
    ignored: ["$id","examples"]
warning: the following keywords are unknown and will be ignored: [$id]
    level: "warning"
    schema: {"loadingURI":"#","pointer":"/items/properties/tags"}
    domain: "syntax"
    ignored: ["$id"]
warning: the following keywords are unknown and will be ignored: [$id]
    level: "warning"
    schema: {"loadingURI":"#","pointer":"/items/properties/tags/items"}
    domain: "syntax"
    ignored: ["$id"]
warning: the following keywords are unknown and will be ignored: [$id, examples]
    level: "warning"
    schema: {"loadingURI":"#","pointer":"/items/properties/tags/items/properties/id"}
    domain: "syntax"
    ignored: ["$id","examples"]
warning: the following keywords are unknown and will be ignored: [$id, examples]
    level: "warning"
    schema: {"loadingURI":"#","pointer":"/items/properties/tags/items/properties/name"}
    domain: "syntax"
    ignored: ["$id","examples"]
warning: the following keywords are unknown and will be ignored: [$id]
    level: "warning"
    schema: {"loadingURI":"#","pointer":"/items"}
    domain: "syntax"
    ignored: ["$id"]
warning: the following keywords are unknown and will be ignored: [$id]
    level: "warning"
    schema: {"loadingURI":"#","pointer":"/items/properties/category"}
    domain: "syntax"
    ignored: ["$id"]
warning: the following keywords are unknown and will be ignored: [$id, examples]
    level: "warning"
    schema: {"loadingURI":"#","pointer":"/items/properties/category/properties/id"}
    domain: "syntax"
    ignored: ["$id","examples"]
warning: the following keywords are unknown and will be ignored: [$id, examples]
    level: "warning"
    schema: {"loadingURI":"#","pointer":"/items/properties/category/properties/name"}
    domain: "syntax"
    ignored: ["$id","examples"]
warning: the following keywords are unknown and will be ignored: [$id, examples]
    level: "warning"
    schema: {"loadingURI":"#","pointer":"/items/properties/id"}
    domain: "syntax"
    ignored: ["$id","examples"]
warning: the following keywords are unknown and will be ignored: [$id, examples]
    level: "warning"
    schema: {"loadingURI":"#","pointer":"/items/properties/name"}
    domain: "syntax"
    ignored: ["$id","examples"]
warning: the following keywords are unknown and will be ignored: [$id]
    level: "warning"
    schema: {"loadingURI":"#","pointer":"/items/properties/photoUrls"}
    domain: "syntax"
    ignored: ["$id"]
warning: the following keywords are unknown and will be ignored: [$id, examples]
    level: "warning"
    schema: {"loadingURI":"#","pointer":"/items/properties/photoUrls/items"}
    domain: "syntax"
    ignored: ["$id","examples"]
warning: the following keywords are unknown and will be ignored: [$id, examples]
    level: "warning"
    schema: {"loadingURI":"#","pointer":"/items/properties/status"}
    domain: "syntax"
    ignored: ["$id","examples"]
warning: the following keywords are unknown and will be ignored: [$id]
    level: "warning"
    schema: {"loadingURI":"#","pointer":"/items/properties/tags"}
    domain: "syntax"
    ignored: ["$id"]
warning: the following keywords are unknown and will be ignored: [$id]
    level: "warning"
    schema: {"loadingURI":"#","pointer":"/items/properties/tags/items"}
    domain: "syntax"
    ignored: ["$id"]
warning: the following keywords are unknown and will be ignored: [$id, examples]
    level: "warning"
    schema: {"loadingURI":"#","pointer":"/items/properties/tags/items/properties/id"}
    domain: "syntax"
    ignored: ["$id","examples"]
warning: the following keywords are unknown and will be ignored: [$id, examples]
    level: "warning"
    schema: {"loadingURI":"#","pointer":"/items/properties/tags/items/properties/name"}
    domain: "syntax"
    ignored: ["$id","examples"]
warning: the following keywords are unknown and will be ignored: [$id]
    level: "warning"
    schema: {"loadingURI":"#","pointer":"/items"}
    domain: "syntax"
    ignored: ["$id"]
warning: the following keywords are unknown and will be ignored: [$id]
    level: "warning"
    schema: {"loadingURI":"#","pointer":"/items/properties/category"}
    domain: "syntax"
    ignored: ["$id"]
warning: the following keywords are unknown and will be ignored: [$id, examples]
    level: "warning"
    schema: {"loadingURI":"#","pointer":"/items/properties/category/properties/id"}
    domain: "syntax"
    ignored: ["$id","examples"]
warning: the following keywords are unknown and will be ignored: [$id, examples]
    level: "warning"
    schema: {"loadingURI":"#","pointer":"/items/properties/category/properties/name"}
    domain: "syntax"
    ignored: ["$id","examples"]
warning: the following keywords are unknown and will be ignored: [$id, examples]
    level: "warning"
    schema: {"loadingURI":"#","pointer":"/items/properties/id"}
    domain: "syntax"
    ignored: ["$id","examples"]
warning: the following keywords are unknown and will be ignored: [$id, examples]
    level: "warning"
    schema: {"loadingURI":"#","pointer":"/items/properties/name"}
    domain: "syntax"
    ignored: ["$id","examples"]
warning: the following keywords are unknown and will be ignored: [$id]
    level: "warning"
    schema: {"loadingURI":"#","pointer":"/items/properties/photoUrls"}
    domain: "syntax"
    ignored: ["$id"]
warning: the following keywords are unknown and will be ignored: [$id, examples]
    level: "warning"
    schema: {"loadingURI":"#","pointer":"/items/properties/photoUrls/items"}
    domain: "syntax"
    ignored: ["$id","examples"]
warning: the following keywords are unknown and will be ignored: [$id, examples]
    level: "warning"
    schema: {"loadingURI":"#","pointer":"/items/properties/status"}
    domain: "syntax"
    ignored: ["$id","examples"]
warning: the following keywords are unknown and will be ignored: [$id]
    level: "warning"
    schema: {"loadingURI":"#","pointer":"/items/properties/tags"}
    domain: "syntax"
    ignored: ["$id"]
warning: the following keywords are unknown and will be ignored: [$id]
    level: "warning"
    schema: {"loadingURI":"#","pointer":"/items/properties/tags/items"}
    domain: "syntax"
    ignored: ["$id"]
warning: the following keywords are unknown and will be ignored: [$id, examples]
    level: "warning"
    schema: {"loadingURI":"#","pointer":"/items/properties/tags/items/properties/id"}
    domain: "syntax"
    ignored: ["$id","examples"]
warning: the following keywords are unknown and will be ignored: [$id, examples]
    level: "warning"
    schema: {"loadingURI":"#","pointer":"/items/properties/tags/items/properties/name"}
    domain: "syntax"
    ignored: ["$id","examples"]
warning: the following keywords are unknown and will be ignored: [$id]
    level: "warning"
    schema: {"loadingURI":"#","pointer":"/items"}
    domain: "syntax"
    ignored: ["$id"]
warning: the following keywords are unknown and will be ignored: [$id]
    level: "warning"
    schema: {"loadingURI":"#","pointer":"/items/properties/category"}
    domain: "syntax"
    ignored: ["$id"]
warning: the following keywords are unknown and will be ignored: [$id, examples]
    level: "warning"
    schema: {"loadingURI":"#","pointer":"/items/properties/category/properties/id"}
    domain: "syntax"
    ignored: ["$id","examples"]
warning: the following keywords are unknown and will be ignored: [$id, examples]
    level: "warning"
    schema: {"loadingURI":"#","pointer":"/items/properties/category/properties/name"}
    domain: "syntax"
    ignored: ["$id","examples"]
warning: the following keywords are unknown and will be ignored: [$id, examples]
    level: "warning"
    schema: {"loadingURI":"#","pointer":"/items/properties/id"}
    domain: "syntax"
    ignored: ["$id","examples"]
warning: the following keywords are unknown and will be ignored: [$id, examples]
    level: "warning"
    schema: {"loadingURI":"#","pointer":"/items/properties/name"}
    domain: "syntax"
    ignored: ["$id","examples"]
warning: the following keywords are unknown and will be ignored: [$id]
    level: "warning"
    schema: {"loadingURI":"#","pointer":"/items/properties/photoUrls"}
    domain: "syntax"
    ignored: ["$id"]
warning: the following keywords are unknown and will be ignored: [$id, examples]
    level: "warning"
    schema: {"loadingURI":"#","pointer":"/items/properties/photoUrls/items"}
    domain: "syntax"
    ignored: ["$id","examples"]
warning: the following keywords are unknown and will be ignored: [$id, examples]
    level: "warning"
    schema: {"loadingURI":"#","pointer":"/items/properties/status"}
    domain: "syntax"
    ignored: ["$id","examples"]
warning: the following keywords are unknown and will be ignored: [$id]
    level: "warning"
    schema: {"loadingURI":"#","pointer":"/items/properties/tags"}
    domain: "syntax"
    ignored: ["$id"]
warning: the following keywords are unknown and will be ignored: [$id]
    level: "warning"
    schema: {"loadingURI":"#","pointer":"/items/properties/tags/items"}
    domain: "syntax"
    ignored: ["$id"]
warning: the following keywords are unknown and will be ignored: [$id, examples]
    level: "warning"
    schema: {"loadingURI":"#","pointer":"/items/properties/tags/items/properties/id"}
    domain: "syntax"
    ignored: ["$id","examples"]
warning: the following keywords are unknown and will be ignored: [$id, examples]
    level: "warning"
    schema: {"loadingURI":"#","pointer":"/items/properties/tags/items/properties/name"}
    domain: "syntax"
    ignored: ["$id","examples"]
warning: the following keywords are unknown and will be ignored: [$id]
    level: "warning"
    schema: {"loadingURI":"#","pointer":"/items"}
    domain: "syntax"
    ignored: ["$id"]
warning: the following keywords are unknown and will be ignored: [$id]
    level: "warning"
    schema: {"loadingURI":"#","pointer":"/items/properties/category"}
    domain: "syntax"
    ignored: ["$id"]
warning: the following keywords are unknown and will be ignored: [$id, examples]
    level: "warning"
    schema: {"loadingURI":"#","pointer":"/items/properties/category/properties/id"}
    domain: "syntax"
    ignored: ["$id","examples"]
warning: the following keywords are unknown and will be ignored: [$id, examples]
    level: "warning"
    schema: {"loadingURI":"#","pointer":"/items/properties/category/properties/name"}
    domain: "syntax"
    ignored: ["$id","examples"]
warning: the following keywords are unknown and will be ignored: [$id, examples]
    level: "warning"
    schema: {"loadingURI":"#","pointer":"/items/properties/id"}
    domain: "syntax"
    ignored: ["$id","examples"]
warning: the following keywords are unknown and will be ignored: [$id, examples]
    level: "warning"
    schema: {"loadingURI":"#","pointer":"/items/properties/name"}
    domain: "syntax"
    ignored: ["$id","examples"]
warning: the following keywords are unknown and will be ignored: [$id]
    level: "warning"
    schema: {"loadingURI":"#","pointer":"/items/properties/photoUrls"}
    domain: "syntax"
    ignored: ["$id"]
warning: the following keywords are unknown and will be ignored: [$id, examples]
    level: "warning"
    schema: {"loadingURI":"#","pointer":"/items/properties/photoUrls/items"}
    domain: "syntax"
    ignored: ["$id","examples"]
warning: the following keywords are unknown and will be ignored: [$id, examples]
    level: "warning"
    schema: {"loadingURI":"#","pointer":"/items/properties/status"}
    domain: "syntax"
    ignored: ["$id","examples"]
warning: the following keywords are unknown and will be ignored: [$id]
    level: "warning"
    schema: {"loadingURI":"#","pointer":"/items/properties/tags"}
    domain: "syntax"
    ignored: ["$id"]
warning: the following keywords are unknown and will be ignored: [$id]
    level: "warning"
    schema: {"loadingURI":"#","pointer":"/items/properties/tags/items"}
    domain: "syntax"
    ignored: ["$id"]
warning: the following keywords are unknown and will be ignored: [$id, examples]
    level: "warning"
    schema: {"loadingURI":"#","pointer":"/items/properties/tags/items/properties/id"}
    domain: "syntax"
    ignored: ["$id","examples"]
warning: the following keywords are unknown and will be ignored: [$id, examples]
    level: "warning"
    schema: {"loadingURI":"#","pointer":"/items/properties/tags/items/properties/name"}
    domain: "syntax"
    ignored: ["$id","examples"]
warning: the following keywords are unknown and will be ignored: [$id]
    level: "warning"
    schema: {"loadingURI":"#","pointer":"/items"}
    domain: "syntax"
    ignored: ["$id"]
warning: the following keywords are unknown and will be ignored: [$id]
    level: "warning"
    schema: {"loadingURI":"#","pointer":"/items/properties/category"}
    domain: "syntax"
    ignored: ["$id"]
warning: the following keywords are unknown and will be ignored: [$id, examples]
    level: "warning"
    schema: {"loadingURI":"#","pointer":"/items/properties/category/properties/id"}
    domain: "syntax"
    ignored: ["$id","examples"]
warning: the following keywords are unknown and will be ignored: [$id, examples]
    level: "warning"
    schema: {"loadingURI":"#","pointer":"/items/properties/category/properties/name"}
    domain: "syntax"
    ignored: ["$id","examples"]
warning: the following keywords are unknown and will be ignored: [$id, examples]
    level: "warning"
    schema: {"loadingURI":"#","pointer":"/items/properties/id"}
    domain: "syntax"
    ignored: ["$id","examples"]
warning: the following keywords are unknown and will be ignored: [$id, examples]
    level: "warning"
    schema: {"loadingURI":"#","pointer":"/items/properties/name"}
    domain: "syntax"
    ignored: ["$id","examples"]
warning: the following keywords are unknown and will be ignored: [$id]
    level: "warning"
    schema: {"loadingURI":"#","pointer":"/items/properties/photoUrls"}
    domain: "syntax"
    ignored: ["$id"]
warning: the following keywords are unknown and will be ignored: [$id, examples]
    level: "warning"
    schema: {"loadingURI":"#","pointer":"/items/properties/photoUrls/items"}
    domain: "syntax"
    ignored: ["$id","examples"]
warning: the following keywords are unknown and will be ignored: [$id, examples]
    level: "warning"
    schema: {"loadingURI":"#","pointer":"/items/properties/status"}
    domain: "syntax"
    ignored: ["$id","examples"]
warning: the following keywords are unknown and will be ignored: [$id]
    level: "warning"
    schema: {"loadingURI":"#","pointer":"/items/properties/tags"}
    domain: "syntax"
    ignored: ["$id"]
warning: the following keywords are unknown and will be ignored: [$id]
    level: "warning"
    schema: {"loadingURI":"#","pointer":"/items/properties/tags/items"}
    domain: "syntax"
    ignored: ["$id"]
warning: the following keywords are unknown and will be ignored: [$id, examples]
    level: "warning"
    schema: {"loadingURI":"#","pointer":"/items/properties/tags/items/properties/id"}
    domain: "syntax"
    ignored: ["$id","examples"]
warning: the following keywords are unknown and will be ignored: [$id, examples]
    level: "warning"
    schema: {"loadingURI":"#","pointer":"/items/properties/tags/items/properties/name"}
    domain: "syntax"
    ignored: ["$id","examples"]
warning: the following keywords are unknown and will be ignored: [$id]
    level: "warning"
    schema: {"loadingURI":"#","pointer":"/items"}
    domain: "syntax"
    ignored: ["$id"]
warning: the following keywords are unknown and will be ignored: [$id]
    level: "warning"
    schema: {"loadingURI":"#","pointer":"/items/properties/category"}
    domain: "syntax"
    ignored: ["$id"]
warning: the following keywords are unknown and will be ignored: [$id, examples]
    level: "warning"
    schema: {"loadingURI":"#","pointer":"/items/properties/category/properties/id"}
    domain: "syntax"
    ignored: ["$id","examples"]
warning: the following keywords are unknown and will be ignored: [$id, examples]
    level: "warning"
    schema: {"loadingURI":"#","pointer":"/items/properties/category/properties/name"}
    domain: "syntax"
    ignored: ["$id","examples"]
warning: the following keywords are unknown and will be ignored: [$id, examples]
    level: "warning"
    schema: {"loadingURI":"#","pointer":"/items/properties/id"}
    domain: "syntax"
    ignored: ["$id","examples"]
warning: the following keywords are unknown and will be ignored: [$id, examples]
    level: "warning"
    schema: {"loadingURI":"#","pointer":"/items/properties/name"}
    domain: "syntax"
    ignored: ["$id","examples"]
warning: the following keywords are unknown and will be ignored: [$id]
    level: "warning"
    schema: {"loadingURI":"#","pointer":"/items/properties/photoUrls"}
    domain: "syntax"
    ignored: ["$id"]
warning: the following keywords are unknown and will be ignored: [$id, examples]
    level: "warning"
    schema: {"loadingURI":"#","pointer":"/items/properties/photoUrls/items"}
    domain: "syntax"
    ignored: ["$id","examples"]
warning: the following keywords are unknown and will be ignored: [$id, examples]
    level: "warning"
    schema: {"loadingURI":"#","pointer":"/items/properties/status"}
    domain: "syntax"
    ignored: ["$id","examples"]
warning: the following keywords are unknown and will be ignored: [$id]
    level: "warning"
    schema: {"loadingURI":"#","pointer":"/items/properties/tags"}
    domain: "syntax"
    ignored: ["$id"]
warning: the following keywords are unknown and will be ignored: [$id]
    level: "warning"
    schema: {"loadingURI":"#","pointer":"/items/properties/tags/items"}
    domain: "syntax"
    ignored: ["$id"]
warning: the following keywords are unknown and will be ignored: [$id, examples]
    level: "warning"
    schema: {"loadingURI":"#","pointer":"/items/properties/tags/items/properties/id"}
    domain: "syntax"
    ignored: ["$id","examples"]
warning: the following keywords are unknown and will be ignored: [$id, examples]
    level: "warning"
    schema: {"loadingURI":"#","pointer":"/items/properties/tags/items/properties/name"}
    domain: "syntax"
    ignored: ["$id","examples"]
warning: the following keywords are unknown and will be ignored: [$id]
    level: "warning"
    schema: {"loadingURI":"#","pointer":"/items"}
    domain: "syntax"
    ignored: ["$id"]
warning: the following keywords are unknown and will be ignored: [$id]
    level: "warning"
    schema: {"loadingURI":"#","pointer":"/items/properties/category"}
    domain: "syntax"
    ignored: ["$id"]
warning: the following keywords are unknown and will be ignored: [$id, examples]
    level: "warning"
    schema: {"loadingURI":"#","pointer":"/items/properties/category/properties/id"}
    domain: "syntax"
    ignored: ["$id","examples"]
warning: the following keywords are unknown and will be ignored: [$id, examples]
    level: "warning"
    schema: {"loadingURI":"#","pointer":"/items/properties/category/properties/name"}
    domain: "syntax"
    ignored: ["$id","examples"]
warning: the following keywords are unknown and will be ignored: [$id, examples]
    level: "warning"
    schema: {"loadingURI":"#","pointer":"/items/properties/id"}
    domain: "syntax"
    ignored: ["$id","examples"]
warning: the following keywords are unknown and will be ignored: [$id, examples]
    level: "warning"
    schema: {"loadingURI":"#","pointer":"/items/properties/name"}
    domain: "syntax"
    ignored: ["$id","examples"]
warning: the following keywords are unknown and will be ignored: [$id]
    level: "warning"
    schema: {"loadingURI":"#","pointer":"/items/properties/photoUrls"}
    domain: "syntax"
    ignored: ["$id"]
warning: the following keywords are unknown and will be ignored: [$id, examples]
    level: "warning"
    schema: {"loadingURI":"#","pointer":"/items/properties/photoUrls/items"}
    domain: "syntax"
    ignored: ["$id","examples"]
warning: the following keywords are unknown and will be ignored: [$id, examples]
    level: "warning"
    schema: {"loadingURI":"#","pointer":"/items/properties/status"}
    domain: "syntax"
    ignored: ["$id","examples"]
warning: the following keywords are unknown and will be ignored: [$id]
    level: "warning"
    schema: {"loadingURI":"#","pointer":"/items/properties/tags"}
    domain: "syntax"
    ignored: ["$id"]
warning: the following keywords are unknown and will be ignored: [$id]
    level: "warning"
    schema: {"loadingURI":"#","pointer":"/items/properties/tags/items"}
    domain: "syntax"
    ignored: ["$id"]
warning: the following keywords are unknown and will be ignored: [$id, examples]
    level: "warning"
    schema: {"loadingURI":"#","pointer":"/items/properties/tags/items/properties/id"}
    domain: "syntax"
    ignored: ["$id","examples"]
warning: the following keywords are unknown and will be ignored: [$id, examples]
    level: "warning"
    schema: {"loadingURI":"#","pointer":"/items/properties/tags/items/properties/name"}
    domain: "syntax"
    ignored: ["$id","examples"]
warning: the following keywords are unknown and will be ignored: [$id]
    level: "warning"
    schema: {"loadingURI":"#","pointer":"/items"}
    domain: "syntax"
    ignored: ["$id"]
warning: the following keywords are unknown and will be ignored: [$id]
    level: "warning"
    schema: {"loadingURI":"#","pointer":"/items/properties/category"}
    domain: "syntax"
    ignored: ["$id"]
warning: the following keywords are unknown and will be ignored: [$id, examples]
    level: "warning"
    schema: {"loadingURI":"#","pointer":"/items/properties/category/properties/id"}
    domain: "syntax"
    ignored: ["$id","examples"]
warning: the following keywords are unknown and will be ignored: [$id, examples]
    level: "warning"
    schema: {"loadingURI":"#","pointer":"/items/properties/category/properties/name"}
    domain: "syntax"
    ignored: ["$id","examples"]
warning: the following keywords are unknown and will be ignored: [$id, examples]
    level: "warning"
    schema: {"loadingURI":"#","pointer":"/items/properties/id"}
    domain: "syntax"
    ignored: ["$id","examples"]
warning: the following keywords are unknown and will be ignored: [$id, examples]
    level: "warning"
    schema: {"loadingURI":"#","pointer":"/items/properties/name"}
    domain: "syntax"
    ignored: ["$id","examples"]
warning: the following keywords are unknown and will be ignored: [$id]
    level: "warning"
    schema: {"loadingURI":"#","pointer":"/items/properties/photoUrls"}
    domain: "syntax"
    ignored: ["$id"]
warning: the following keywords are unknown and will be ignored: [$id, examples]
    level: "warning"
    schema: {"loadingURI":"#","pointer":"/items/properties/photoUrls/items"}
    domain: "syntax"
    ignored: ["$id","examples"]
warning: the following keywords are unknown and will be ignored: [$id, examples]
    level: "warning"
    schema: {"loadingURI":"#","pointer":"/items/properties/status"}
    domain: "syntax"
    ignored: ["$id","examples"]
warning: the following keywords are unknown and will be ignored: [$id]
    level: "warning"
    schema: {"loadingURI":"#","pointer":"/items/properties/tags"}
    domain: "syntax"
    ignored: ["$id"]
warning: the following keywords are unknown and will be ignored: [$id]
    level: "warning"
    schema: {"loadingURI":"#","pointer":"/items/properties/tags/items"}
    domain: "syntax"
    ignored: ["$id"]
warning: the following keywords are unknown and will be ignored: [$id, examples]
    level: "warning"
    schema: {"loadingURI":"#","pointer":"/items/properties/tags/items/properties/id"}
    domain: "syntax"
    ignored: ["$id","examples"]
warning: the following keywords are unknown and will be ignored: [$id, examples]
    level: "warning"
    schema: {"loadingURI":"#","pointer":"/items/properties/tags/items/properties/name"}
    domain: "syntax"
    ignored: ["$id","examples"]
warning: the following keywords are unknown and will be ignored: [$id]
    level: "warning"
    schema: {"loadingURI":"#","pointer":"/items"}
    domain: "syntax"
    ignored: ["$id"]
warning: the following keywords are unknown and will be ignored: [$id]
    level: "warning"
    schema: {"loadingURI":"#","pointer":"/items/properties/category"}
    domain: "syntax"
    ignored: ["$id"]
warning: the following keywords are unknown and will be ignored: [$id, examples]
    level: "warning"
    schema: {"loadingURI":"#","pointer":"/items/properties/category/properties/id"}
    domain: "syntax"
    ignored: ["$id","examples"]
warning: the following keywords are unknown and will be ignored: [$id, examples]
    level: "warning"
    schema: {"loadingURI":"#","pointer":"/items/properties/category/properties/name"}
    domain: "syntax"
    ignored: ["$id","examples"]
warning: the following keywords are unknown and will be ignored: [$id, examples]
    level: "warning"
    schema: {"loadingURI":"#","pointer":"/items/properties/id"}
    domain: "syntax"
    ignored: ["$id","examples"]
warning: the following keywords are unknown and will be ignored: [$id, examples]
    level: "warning"
    schema: {"loadingURI":"#","pointer":"/items/properties/name"}
    domain: "syntax"
    ignored: ["$id","examples"]
warning: the following keywords are unknown and will be ignored: [$id]
    level: "warning"
    schema: {"loadingURI":"#","pointer":"/items/properties/photoUrls"}
    domain: "syntax"
    ignored: ["$id"]
warning: the following keywords are unknown and will be ignored: [$id, examples]
    level: "warning"
    schema: {"loadingURI":"#","pointer":"/items/properties/photoUrls/items"}
    domain: "syntax"
    ignored: ["$id","examples"]
warning: the following keywords are unknown and will be ignored: [$id, examples]
    level: "warning"
    schema: {"loadingURI":"#","pointer":"/items/properties/status"}
    domain: "syntax"
    ignored: ["$id","examples"]
warning: the following keywords are unknown and will be ignored: [$id]
    level: "warning"
    schema: {"loadingURI":"#","pointer":"/items/properties/tags"}
    domain: "syntax"
    ignored: ["$id"]
warning: the following keywords are unknown and will be ignored: [$id]
    level: "warning"
    schema: {"loadingURI":"#","pointer":"/items/properties/tags/items"}
    domain: "syntax"
    ignored: ["$id"]
warning: the following keywords are unknown and will be ignored: [$id, examples]
    level: "warning"
    schema: {"loadingURI":"#","pointer":"/items/properties/tags/items/properties/id"}
    domain: "syntax"
    ignored: ["$id","examples"]
warning: the following keywords are unknown and will be ignored: [$id, examples]
    level: "warning"
    schema: {"loadingURI":"#","pointer":"/items/properties/tags/items/properties/name"}
    domain: "syntax"
    ignored: ["$id","examples"]
warning: the following keywords are unknown and will be ignored: [$id]
    level: "warning"
    schema: {"loadingURI":"#","pointer":"/items"}
    domain: "syntax"
    ignored: ["$id"]
warning: the following keywords are unknown and will be ignored: [$id]
    level: "warning"
    schema: {"loadingURI":"#","pointer":"/items/properties/category"}
    domain: "syntax"
    ignored: ["$id"]
warning: the following keywords are unknown and will be ignored: [$id, examples]
    level: "warning"
    schema: {"loadingURI":"#","pointer":"/items/properties/category/properties/id"}
    domain: "syntax"
    ignored: ["$id","examples"]
warning: the following keywords are unknown and will be ignored: [$id, examples]
    level: "warning"
    schema: {"loadingURI":"#","pointer":"/items/properties/category/properties/name"}
    domain: "syntax"
    ignored: ["$id","examples"]
warning: the following keywords are unknown and will be ignored: [$id, examples]
    level: "warning"
    schema: {"loadingURI":"#","pointer":"/items/properties/id"}
    domain: "syntax"
    ignored: ["$id","examples"]
warning: the following keywords are unknown and will be ignored: [$id, examples]
    level: "warning"
    schema: {"loadingURI":"#","pointer":"/items/properties/name"}
    domain: "syntax"
    ignored: ["$id","examples"]
warning: the following keywords are unknown and will be ignored: [$id]
    level: "warning"
    schema: {"loadingURI":"#","pointer":"/items/properties/photoUrls"}
    domain: "syntax"
    ignored: ["$id"]
warning: the following keywords are unknown and will be ignored: [$id, examples]
    level: "warning"
    schema: {"loadingURI":"#","pointer":"/items/properties/photoUrls/items"}
    domain: "syntax"
    ignored: ["$id","examples"]
warning: the following keywords are unknown and will be ignored: [$id, examples]
    level: "warning"
    schema: {"loadingURI":"#","pointer":"/items/properties/status"}
    domain: "syntax"
    ignored: ["$id","examples"]
warning: the following keywords are unknown and will be ignored: [$id]
    level: "warning"
    schema: {"loadingURI":"#","pointer":"/items/properties/tags"}
    domain: "syntax"
    ignored: ["$id"]
warning: the following keywords are unknown and will be ignored: [$id]
    level: "warning"
    schema: {"loadingURI":"#","pointer":"/items/properties/tags/items"}
    domain: "syntax"
    ignored: ["$id"]
warning: the following keywords are unknown and will be ignored: [$id, examples]
    level: "warning"
    schema: {"loadingURI":"#","pointer":"/items/properties/tags/items/properties/id"}
    domain: "syntax"
    ignored: ["$id","examples"]
warning: the following keywords are unknown and will be ignored: [$id, examples]
    level: "warning"
    schema: {"loadingURI":"#","pointer":"/items/properties/tags/items/properties/name"}
    domain: "syntax"
    ignored: ["$id","examples"]
warning: the following keywords are unknown and will be ignored: [$id]
    level: "warning"
    schema: {"loadingURI":"#","pointer":"/items"}
    domain: "syntax"
    ignored: ["$id"]
warning: the following keywords are unknown and will be ignored: [$id]
    level: "warning"
    schema: {"loadingURI":"#","pointer":"/items/properties/category"}
    domain: "syntax"
    ignored: ["$id"]
warning: the following keywords are unknown and will be ignored: [$id, examples]
    level: "warning"
    schema: {"loadingURI":"#","pointer":"/items/properties/category/properties/id"}
    domain: "syntax"
    ignored: ["$id","examples"]
warning: the following keywords are unknown and will be ignored: [$id, examples]
    level: "warning"
    schema: {"loadingURI":"#","pointer":"/items/properties/category/properties/name"}
    domain: "syntax"
    ignored: ["$id","examples"]
warning: the following keywords are unknown and will be ignored: [$id, examples]
    level: "warning"
    schema: {"loadingURI":"#","pointer":"/items/properties/id"}
    domain: "syntax"
    ignored: ["$id","examples"]
warning: the following keywords are unknown and will be ignored: [$id, examples]
    level: "warning"
    schema: {"loadingURI":"#","pointer":"/items/properties/name"}
    domain: "syntax"
    ignored: ["$id","examples"]
warning: the following keywords are unknown and will be ignored: [$id]
    level: "warning"
    schema: {"loadingURI":"#","pointer":"/items/properties/photoUrls"}
    domain: "syntax"
    ignored: ["$id"]
warning: the following keywords are unknown and will be ignored: [$id, examples]
    level: "warning"
    schema: {"loadingURI":"#","pointer":"/items/properties/photoUrls/items"}
    domain: "syntax"
    ignored: ["$id","examples"]
warning: the following keywords are unknown and will be ignored: [$id, examples]
    level: "warning"
    schema: {"loadingURI":"#","pointer":"/items/properties/status"}
    domain: "syntax"
    ignored: ["$id","examples"]
warning: the following keywords are unknown and will be ignored: [$id]
    level: "warning"
    schema: {"loadingURI":"#","pointer":"/items/properties/tags"}
    domain: "syntax"
    ignored: ["$id"]
warning: the following keywords are unknown and will be ignored: [$id]
    level: "warning"
    schema: {"loadingURI":"#","pointer":"/items/properties/tags/items"}
    domain: "syntax"
    ignored: ["$id"]
warning: the following keywords are unknown and will be ignored: [$id, examples]
    level: "warning"
    schema: {"loadingURI":"#","pointer":"/items/properties/tags/items/properties/id"}
    domain: "syntax"
    ignored: ["$id","examples"]
warning: the following keywords are unknown and will be ignored: [$id, examples]
    level: "warning"
    schema: {"loadingURI":"#","pointer":"/items/properties/tags/items/properties/name"}
    domain: "syntax"
    ignored: ["$id","examples"]
warning: the following keywords are unknown and will be ignored: [$id]
    level: "warning"
    schema: {"loadingURI":"#","pointer":"/items"}
    domain: "syntax"
    ignored: ["$id"]
warning: the following keywords are unknown and will be ignored: [$id]
    level: "warning"
    schema: {"loadingURI":"#","pointer":"/items/properties/category"}
    domain: "syntax"
    ignored: ["$id"]
warning: the following keywords are unknown and will be ignored: [$id, examples]
    level: "warning"
    schema: {"loadingURI":"#","pointer":"/items/properties/category/properties/id"}
    domain: "syntax"
    ignored: ["$id","examples"]
warning: the following keywords are unknown and will be ignored: [$id, examples]
    level: "warning"
    schema: {"loadingURI":"#","pointer":"/items/properties/category/properties/name"}
    domain: "syntax"
    ignored: ["$id","examples"]
warning: the following keywords are unknown and will be ignored: [$id, examples]
    level: "warning"
    schema: {"loadingURI":"#","pointer":"/items/properties/id"}
    domain: "syntax"
    ignored: ["$id","examples"]
warning: the following keywords are unknown and will be ignored: [$id, examples]
    level: "warning"
    schema: {"loadingURI":"#","pointer":"/items/properties/name"}
    domain: "syntax"
    ignored: ["$id","examples"]
warning: the following keywords are unknown and will be ignored: [$id]
    level: "warning"
    schema: {"loadingURI":"#","pointer":"/items/properties/photoUrls"}
    domain: "syntax"
    ignored: ["$id"]
warning: the following keywords are unknown and will be ignored: [$id, examples]
    level: "warning"
    schema: {"loadingURI":"#","pointer":"/items/properties/photoUrls/items"}
    domain: "syntax"
    ignored: ["$id","examples"]
warning: the following keywords are unknown and will be ignored: [$id, examples]
    level: "warning"
    schema: {"loadingURI":"#","pointer":"/items/properties/status"}
    domain: "syntax"
    ignored: ["$id","examples"]
warning: the following keywords are unknown and will be ignored: [$id]
    level: "warning"
    schema: {"loadingURI":"#","pointer":"/items/properties/tags"}
    domain: "syntax"
    ignored: ["$id"]
warning: the following keywords are unknown and will be ignored: [$id]
    level: "warning"
    schema: {"loadingURI":"#","pointer":"/items/properties/tags/items"}
    domain: "syntax"
    ignored: ["$id"]
warning: the following keywords are unknown and will be ignored: [$id, examples]
    level: "warning"
    schema: {"loadingURI":"#","pointer":"/items/properties/tags/items/properties/id"}
    domain: "syntax"
    ignored: ["$id","examples"]
warning: the following keywords are unknown and will be ignored: [$id, examples]
    level: "warning"
    schema: {"loadingURI":"#","pointer":"/items/properties/tags/items/properties/name"}
    domain: "syntax"
    ignored: ["$id","examples"]
warning: the following keywords are unknown and will be ignored: [$id]
    level: "warning"
    schema: {"loadingURI":"#","pointer":"/items"}
    domain: "syntax"
    ignored: ["$id"]
warning: the following keywords are unknown and will be ignored: [$id]
    level: "warning"
    schema: {"loadingURI":"#","pointer":"/items/properties/category"}
    domain: "syntax"
    ignored: ["$id"]
warning: the following keywords are unknown and will be ignored: [$id, examples]
    level: "warning"
    schema: {"loadingURI":"#","pointer":"/items/properties/category/properties/id"}
    domain: "syntax"
    ignored: ["$id","examples"]
warning: the following keywords are unknown and will be ignored: [$id, examples]
    level: "warning"
    schema: {"loadingURI":"#","pointer":"/items/properties/category/properties/name"}
    domain: "syntax"
    ignored: ["$id","examples"]
warning: the following keywords are unknown and will be ignored: [$id, examples]
    level: "warning"
    schema: {"loadingURI":"#","pointer":"/items/properties/id"}
    domain: "syntax"
    ignored: ["$id","examples"]
warning: the following keywords are unknown and will be ignored: [$id, examples]
    level: "warning"
    schema: {"loadingURI":"#","pointer":"/items/properties/name"}
    domain: "syntax"
    ignored: ["$id","examples"]
warning: the following keywords are unknown and will be ignored: [$id]
    level: "warning"
    schema: {"loadingURI":"#","pointer":"/items/properties/photoUrls"}
    domain: "syntax"
    ignored: ["$id"]
warning: the following keywords are unknown and will be ignored: [$id, examples]
    level: "warning"
    schema: {"loadingURI":"#","pointer":"/items/properties/photoUrls/items"}
    domain: "syntax"
    ignored: ["$id","examples"]
warning: the following keywords are unknown and will be ignored: [$id, examples]
    level: "warning"
    schema: {"loadingURI":"#","pointer":"/items/properties/status"}
    domain: "syntax"
    ignored: ["$id","examples"]
warning: the following keywords are unknown and will be ignored: [$id]
    level: "warning"
    schema: {"loadingURI":"#","pointer":"/items/properties/tags"}
    domain: "syntax"
    ignored: ["$id"]
warning: the following keywords are unknown and will be ignored: [$id]
    level: "warning"
    schema: {"loadingURI":"#","pointer":"/items/properties/tags/items"}
    domain: "syntax"
    ignored: ["$id"]
warning: the following keywords are unknown and will be ignored: [$id, examples]
    level: "warning"
    schema: {"loadingURI":"#","pointer":"/items/properties/tags/items/properties/id"}
    domain: "syntax"
    ignored: ["$id","examples"]
warning: the following keywords are unknown and will be ignored: [$id, examples]
    level: "warning"
    schema: {"loadingURI":"#","pointer":"/items/properties/tags/items/properties/name"}
    domain: "syntax"
    ignored: ["$id","examples"]
warning: the following keywords are unknown and will be ignored: [$id]
    level: "warning"
    schema: {"loadingURI":"#","pointer":"/items"}
    domain: "syntax"
    ignored: ["$id"]
warning: the following keywords are unknown and will be ignored: [$id]
    level: "warning"
    schema: {"loadingURI":"#","pointer":"/items/properties/category"}
    domain: "syntax"
    ignored: ["$id"]
warning: the following keywords are unknown and will be ignored: [$id, examples]
    level: "warning"
    schema: {"loadingURI":"#","pointer":"/items/properties/category/properties/id"}
    domain: "syntax"
    ignored: ["$id","examples"]
warning: the following keywords are unknown and will be ignored: [$id, examples]
    level: "warning"
    schema: {"loadingURI":"#","pointer":"/items/properties/category/properties/name"}
    domain: "syntax"
    ignored: ["$id","examples"]
warning: the following keywords are unknown and will be ignored: [$id, examples]
    level: "warning"
    schema: {"loadingURI":"#","pointer":"/items/properties/id"}
    domain: "syntax"
    ignored: ["$id","examples"]
warning: the following keywords are unknown and will be ignored: [$id, examples]
    level: "warning"
    schema: {"loadingURI":"#","pointer":"/items/properties/name"}
    domain: "syntax"
    ignored: ["$id","examples"]
warning: the following keywords are unknown and will be ignored: [$id]
    level: "warning"
    schema: {"loadingURI":"#","pointer":"/items/properties/photoUrls"}
    domain: "syntax"
    ignored: ["$id"]
warning: the following keywords are unknown and will be ignored: [$id, examples]
    level: "warning"
    schema: {"loadingURI":"#","pointer":"/items/properties/photoUrls/items"}
    domain: "syntax"
    ignored: ["$id","examples"]
warning: the following keywords are unknown and will be ignored: [$id, examples]
    level: "warning"
    schema: {"loadingURI":"#","pointer":"/items/properties/status"}
    domain: "syntax"
    ignored: ["$id","examples"]
warning: the following keywords are unknown and will be ignored: [$id]
    level: "warning"
    schema: {"loadingURI":"#","pointer":"/items/properties/tags"}
    domain: "syntax"
    ignored: ["$id"]
warning: the following keywords are unknown and will be ignored: [$id]
    level: "warning"
    schema: {"loadingURI":"#","pointer":"/items/properties/tags/items"}
    domain: "syntax"
    ignored: ["$id"]
warning: the following keywords are unknown and will be ignored: [$id, examples]
    level: "warning"
    schema: {"loadingURI":"#","pointer":"/items/properties/tags/items/properties/id"}
    domain: "syntax"
    ignored: ["$id","examples"]
warning: the following keywords are unknown and will be ignored: [$id, examples]
    level: "warning"
    schema: {"loadingURI":"#","pointer":"/items/properties/tags/items/properties/name"}
    domain: "syntax"
    ignored: ["$id","examples"]
warning: the following keywords are unknown and will be ignored: [$id]
    level: "warning"
    schema: {"loadingURI":"#","pointer":"/items"}
    domain: "syntax"
    ignored: ["$id"]
warning: the following keywords are unknown and will be ignored: [$id]
    level: "warning"
    schema: {"loadingURI":"#","pointer":"/items/properties/category"}
    domain: "syntax"
    ignored: ["$id"]
warning: the following keywords are unknown and will be ignored: [$id, examples]
    level: "warning"
    schema: {"loadingURI":"#","pointer":"/items/properties/category/properties/id"}
    domain: "syntax"
    ignored: ["$id","examples"]
warning: the following keywords are unknown and will be ignored: [$id, examples]
    level: "warning"
    schema: {"loadingURI":"#","pointer":"/items/properties/category/properties/name"}
    domain: "syntax"
    ignored: ["$id","examples"]
warning: the following keywords are unknown and will be ignored: [$id, examples]
    level: "warning"
    schema: {"loadingURI":"#","pointer":"/items/properties/id"}
    domain: "syntax"
    ignored: ["$id","examples"]
warning: the following keywords are unknown and will be ignored: [$id, examples]
    level: "warning"
    schema: {"loadingURI":"#","pointer":"/items/properties/name"}
    domain: "syntax"
    ignored: ["$id","examples"]
warning: the following keywords are unknown and will be ignored: [$id]
    level: "warning"
    schema: {"loadingURI":"#","pointer":"/items/properties/photoUrls"}
    domain: "syntax"
    ignored: ["$id"]
warning: the following keywords are unknown and will be ignored: [$id, examples]
    level: "warning"
    schema: {"loadingURI":"#","pointer":"/items/properties/photoUrls/items"}
    domain: "syntax"
    ignored: ["$id","examples"]
warning: the following keywords are unknown and will be ignored: [$id, examples]
    level: "warning"
    schema: {"loadingURI":"#","pointer":"/items/properties/status"}
    domain: "syntax"
    ignored: ["$id","examples"]
warning: the following keywords are unknown and will be ignored: [$id]
    level: "warning"
    schema: {"loadingURI":"#","pointer":"/items/properties/tags"}
    domain: "syntax"
    ignored: ["$id"]
warning: the following keywords are unknown and will be ignored: [$id]
    level: "warning"
    schema: {"loadingURI":"#","pointer":"/items/properties/tags/items"}
    domain: "syntax"
    ignored: ["$id"]
warning: the following keywords are unknown and will be ignored: [$id, examples]
    level: "warning"
    schema: {"loadingURI":"#","pointer":"/items/properties/tags/items/properties/id"}
    domain: "syntax"
    ignored: ["$id","examples"]
warning: the following keywords are unknown and will be ignored: [$id, examples]
    level: "warning"
    schema: {"loadingURI":"#","pointer":"/items/properties/tags/items/properties/name"}
    domain: "syntax"
    ignored: ["$id","examples"]
warning: the following keywords are unknown and will be ignored: [$id]
    level: "warning"
    schema: {"loadingURI":"#","pointer":"/items"}
    domain: "syntax"
    ignored: ["$id"]
warning: the following keywords are unknown and will be ignored: [$id]
    level: "warning"
    schema: {"loadingURI":"#","pointer":"/items/properties/category"}
    domain: "syntax"
    ignored: ["$id"]
warning: the following keywords are unknown and will be ignored: [$id, examples]
    level: "warning"
    schema: {"loadingURI":"#","pointer":"/items/properties/category/properties/id"}
    domain: "syntax"
    ignored: ["$id","examples"]
warning: the following keywords are unknown and will be ignored: [$id, examples]
    level: "warning"
    schema: {"loadingURI":"#","pointer":"/items/properties/category/properties/name"}
    domain: "syntax"
    ignored: ["$id","examples"]
warning: the following keywords are unknown and will be ignored: [$id, examples]
    level: "warning"
    schema: {"loadingURI":"#","pointer":"/items/properties/id"}
    domain: "syntax"
    ignored: ["$id","examples"]
warning: the following keywords are unknown and will be ignored: [$id, examples]
    level: "warning"
    schema: {"loadingURI":"#","pointer":"/items/properties/name"}
    domain: "syntax"
    ignored: ["$id","examples"]
warning: the following keywords are unknown and will be ignored: [$id]
    level: "warning"
    schema: {"loadingURI":"#","pointer":"/items/properties/photoUrls"}
    domain: "syntax"
    ignored: ["$id"]
warning: the following keywords are unknown and will be ignored: [$id, examples]
    level: "warning"
    schema: {"loadingURI":"#","pointer":"/items/properties/photoUrls/items"}
    domain: "syntax"
    ignored: ["$id","examples"]
warning: the following keywords are unknown and will be ignored: [$id, examples]
    level: "warning"
    schema: {"loadingURI":"#","pointer":"/items/properties/status"}
    domain: "syntax"
    ignored: ["$id","examples"]
warning: the following keywords are unknown and will be ignored: [$id]
    level: "warning"
    schema: {"loadingURI":"#","pointer":"/items/properties/tags"}
    domain: "syntax"
    ignored: ["$id"]
warning: the following keywords are unknown and will be ignored: [$id]
    level: "warning"
    schema: {"loadingURI":"#","pointer":"/items/properties/tags/items"}
    domain: "syntax"
    ignored: ["$id"]
warning: the following keywords are unknown and will be ignored: [$id, examples]
    level: "warning"
    schema: {"loadingURI":"#","pointer":"/items/properties/tags/items/properties/id"}
    domain: "syntax"
    ignored: ["$id","examples"]
warning: the following keywords are unknown and will be ignored: [$id, examples]
    level: "warning"
    schema: {"loadingURI":"#","pointer":"/items/properties/tags/items/properties/name"}
    domain: "syntax"
    ignored: ["$id","examples"]
warning: the following keywords are unknown and will be ignored: [$id]
    level: "warning"
    schema: {"loadingURI":"#","pointer":"/items"}
    domain: "syntax"
    ignored: ["$id"]
warning: the following keywords are unknown and will be ignored: [$id]
    level: "warning"
    schema: {"loadingURI":"#","pointer":"/items/properties/category"}
    domain: "syntax"
    ignored: ["$id"]
warning: the following keywords are unknown and will be ignored: [$id, examples]
    level: "warning"
    schema: {"loadingURI":"#","pointer":"/items/properties/category/properties/id"}
    domain: "syntax"
    ignored: ["$id","examples"]
warning: the following keywords are unknown and will be ignored: [$id, examples]
    level: "warning"
    schema: {"loadingURI":"#","pointer":"/items/properties/category/properties/name"}
    domain: "syntax"
    ignored: ["$id","examples"]
warning: the following keywords are unknown and will be ignored: [$id, examples]
    level: "warning"
    schema: {"loadingURI":"#","pointer":"/items/properties/id"}
    domain: "syntax"
    ignored: ["$id","examples"]
warning: the following keywords are unknown and will be ignored: [$id, examples]
    level: "warning"
    schema: {"loadingURI":"#","pointer":"/items/properties/name"}
    domain: "syntax"
    ignored: ["$id","examples"]
warning: the following keywords are unknown and will be ignored: [$id]
    level: "warning"
    schema: {"loadingURI":"#","pointer":"/items/properties/photoUrls"}
    domain: "syntax"
    ignored: ["$id"]
warning: the following keywords are unknown and will be ignored: [$id, examples]
    level: "warning"
    schema: {"loadingURI":"#","pointer":"/items/properties/photoUrls/items"}
    domain: "syntax"
    ignored: ["$id","examples"]
warning: the following keywords are unknown and will be ignored: [$id, examples]
    level: "warning"
    schema: {"loadingURI":"#","pointer":"/items/properties/status"}
    domain: "syntax"
    ignored: ["$id","examples"]
warning: the following keywords are unknown and will be ignored: [$id]
    level: "warning"
    schema: {"loadingURI":"#","pointer":"/items/properties/tags"}
    domain: "syntax"
    ignored: ["$id"]
warning: the following keywords are unknown and will be ignored: [$id]
    level: "warning"
    schema: {"loadingURI":"#","pointer":"/items/properties/tags/items"}
    domain: "syntax"
    ignored: ["$id"]
warning: the following keywords are unknown and will be ignored: [$id, examples]
    level: "warning"
    schema: {"loadingURI":"#","pointer":"/items/properties/tags/items/properties/id"}
    domain: "syntax"
    ignored: ["$id","examples"]
warning: the following keywords are unknown and will be ignored: [$id, examples]
    level: "warning"
    schema: {"loadingURI":"#","pointer":"/items/properties/tags/items/properties/name"}
    domain: "syntax"
    ignored: ["$id","examples"]
warning: the following keywords are unknown and will be ignored: [$id]
    level: "warning"
    schema: {"loadingURI":"#","pointer":"/items"}
    domain: "syntax"
    ignored: ["$id"]
warning: the following keywords are unknown and will be ignored: [$id]
    level: "warning"
    schema: {"loadingURI":"#","pointer":"/items/properties/category"}
    domain: "syntax"
    ignored: ["$id"]
warning: the following keywords are unknown and will be ignored: [$id, examples]
    level: "warning"
    schema: {"loadingURI":"#","pointer":"/items/properties/category/properties/id"}
    domain: "syntax"
    ignored: ["$id","examples"]
warning: the following keywords are unknown and will be ignored: [$id, examples]
    level: "warning"
    schema: {"loadingURI":"#","pointer":"/items/properties/category/properties/name"}
    domain: "syntax"
    ignored: ["$id","examples"]
warning: the following keywords are unknown and will be ignored: [$id, examples]
    level: "warning"
    schema: {"loadingURI":"#","pointer":"/items/properties/id"}
    domain: "syntax"
    ignored: ["$id","examples"]
warning: the following keywords are unknown and will be ignored: [$id, examples]
    level: "warning"
    schema: {"loadingURI":"#","pointer":"/items/properties/name"}
    domain: "syntax"
    ignored: ["$id","examples"]
warning: the following keywords are unknown and will be ignored: [$id]
    level: "warning"
    schema: {"loadingURI":"#","pointer":"/items/properties/photoUrls"}
    domain: "syntax"
    ignored: ["$id"]
warning: the following keywords are unknown and will be ignored: [$id, examples]
    level: "warning"
    schema: {"loadingURI":"#","pointer":"/items/properties/photoUrls/items"}
    domain: "syntax"
    ignored: ["$id","examples"]
warning: the following keywords are unknown and will be ignored: [$id, examples]
    level: "warning"
    schema: {"loadingURI":"#","pointer":"/items/properties/status"}
    domain: "syntax"
    ignored: ["$id","examples"]
warning: the following keywords are unknown and will be ignored: [$id]
    level: "warning"
    schema: {"loadingURI":"#","pointer":"/items/properties/tags"}
    domain: "syntax"
    ignored: ["$id"]
warning: the following keywords are unknown and will be ignored: [$id]
    level: "warning"
    schema: {"loadingURI":"#","pointer":"/items/properties/tags/items"}
    domain: "syntax"
    ignored: ["$id"]
warning: the following keywords are unknown and will be ignored: [$id, examples]
    level: "warning"
    schema: {"loadingURI":"#","pointer":"/items/properties/tags/items/properties/id"}
    domain: "syntax"
    ignored: ["$id","examples"]
warning: the following keywords are unknown and will be ignored: [$id, examples]
    level: "warning"
    schema: {"loadingURI":"#","pointer":"/items/properties/tags/items/properties/name"}
    domain: "syntax"
    ignored: ["$id","examples"]
warning: the following keywords are unknown and will be ignored: [$id]
    level: "warning"
    schema: {"loadingURI":"#","pointer":"/items"}
    domain: "syntax"
    ignored: ["$id"]
warning: the following keywords are unknown and will be ignored: [$id]
    level: "warning"
    schema: {"loadingURI":"#","pointer":"/items/properties/category"}
    domain: "syntax"
    ignored: ["$id"]
warning: the following keywords are unknown and will be ignored: [$id, examples]
    level: "warning"
    schema: {"loadingURI":"#","pointer":"/items/properties/category/properties/id"}
    domain: "syntax"
    ignored: ["$id","examples"]
warning: the following keywords are unknown and will be ignored: [$id, examples]
    level: "warning"
    schema: {"loadingURI":"#","pointer":"/items/properties/category/properties/name"}
    domain: "syntax"
    ignored: ["$id","examples"]
warning: the following keywords are unknown and will be ignored: [$id, examples]
    level: "warning"
    schema: {"loadingURI":"#","pointer":"/items/properties/id"}
    domain: "syntax"
    ignored: ["$id","examples"]
warning: the following keywords are unknown and will be ignored: [$id, examples]
    level: "warning"
    schema: {"loadingURI":"#","pointer":"/items/properties/name"}
    domain: "syntax"
    ignored: ["$id","examples"]
warning: the following keywords are unknown and will be ignored: [$id]
    level: "warning"
    schema: {"loadingURI":"#","pointer":"/items/properties/photoUrls"}
    domain: "syntax"
    ignored: ["$id"]
warning: the following keywords are unknown and will be ignored: [$id, examples]
    level: "warning"
    schema: {"loadingURI":"#","pointer":"/items/properties/photoUrls/items"}
    domain: "syntax"
    ignored: ["$id","examples"]
warning: the following keywords are unknown and will be ignored: [$id, examples]
    level: "warning"
    schema: {"loadingURI":"#","pointer":"/items/properties/status"}
    domain: "syntax"
    ignored: ["$id","examples"]
warning: the following keywords are unknown and will be ignored: [$id]
    level: "warning"
    schema: {"loadingURI":"#","pointer":"/items/properties/tags"}
    domain: "syntax"
    ignored: ["$id"]
warning: the following keywords are unknown and will be ignored: [$id]
    level: "warning"
    schema: {"loadingURI":"#","pointer":"/items/properties/tags/items"}
    domain: "syntax"
    ignored: ["$id"]
warning: the following keywords are unknown and will be ignored: [$id, examples]
    level: "warning"
    schema: {"loadingURI":"#","pointer":"/items/properties/tags/items/properties/id"}
    domain: "syntax"
    ignored: ["$id","examples"]
warning: the following keywords are unknown and will be ignored: [$id, examples]
    level: "warning"
    schema: {"loadingURI":"#","pointer":"/items/properties/tags/items/properties/name"}
    domain: "syntax"
    ignored: ["$id","examples"]
warning: the following keywords are unknown and will be ignored: [$id]
    level: "warning"
    schema: {"loadingURI":"#","pointer":"/items"}
    domain: "syntax"
    ignored: ["$id"]
warning: the following keywords are unknown and will be ignored: [$id]
    level: "warning"
    schema: {"loadingURI":"#","pointer":"/items/properties/category"}
    domain: "syntax"
    ignored: ["$id"]
warning: the following keywords are unknown and will be ignored: [$id, examples]
    level: "warning"
    schema: {"loadingURI":"#","pointer":"/items/properties/category/properties/id"}
    domain: "syntax"
    ignored: ["$id","examples"]
warning: the following keywords are unknown and will be ignored: [$id, examples]
    level: "warning"
    schema: {"loadingURI":"#","pointer":"/items/properties/category/properties/name"}
    domain: "syntax"
    ignored: ["$id","examples"]
warning: the following keywords are unknown and will be ignored: [$id, examples]
    level: "warning"
    schema: {"loadingURI":"#","pointer":"/items/properties/id"}
    domain: "syntax"
    ignored: ["$id","examples"]
warning: the following keywords are unknown and will be ignored: [$id, examples]
    level: "warning"
    schema: {"loadingURI":"#","pointer":"/items/properties/name"}
    domain: "syntax"
    ignored: ["$id","examples"]
warning: the following keywords are unknown and will be ignored: [$id]
    level: "warning"
    schema: {"loadingURI":"#","pointer":"/items/properties/photoUrls"}
    domain: "syntax"
    ignored: ["$id"]
warning: the following keywords are unknown and will be ignored: [$id, examples]
    level: "warning"
    schema: {"loadingURI":"#","pointer":"/items/properties/photoUrls/items"}
    domain: "syntax"
    ignored: ["$id","examples"]
warning: the following keywords are unknown and will be ignored: [$id, examples]
    level: "warning"
    schema: {"loadingURI":"#","pointer":"/items/properties/status"}
    domain: "syntax"
    ignored: ["$id","examples"]
warning: the following keywords are unknown and will be ignored: [$id]
    level: "warning"
    schema: {"loadingURI":"#","pointer":"/items/properties/tags"}
    domain: "syntax"
    ignored: ["$id"]
warning: the following keywords are unknown and will be ignored: [$id]
    level: "warning"
    schema: {"loadingURI":"#","pointer":"/items/properties/tags/items"}
    domain: "syntax"
    ignored: ["$id"]
warning: the following keywords are unknown and will be ignored: [$id, examples]
    level: "warning"
    schema: {"loadingURI":"#","pointer":"/items/properties/tags/items/properties/id"}
    domain: "syntax"
    ignored: ["$id","examples"]
warning: the following keywords are unknown and will be ignored: [$id, examples]
    level: "warning"
    schema: {"loadingURI":"#","pointer":"/items/properties/tags/items/properties/name"}
    domain: "syntax"
    ignored: ["$id","examples"]
warning: the following keywords are unknown and will be ignored: [$id]
    level: "warning"
    schema: {"loadingURI":"#","pointer":"/items"}
    domain: "syntax"
    ignored: ["$id"]
warning: the following keywords are unknown and will be ignored: [$id]
    level: "warning"
    schema: {"loadingURI":"#","pointer":"/items/properties/category"}
    domain: "syntax"
    ignored: ["$id"]
warning: the following keywords are unknown and will be ignored: [$id, examples]
    level: "warning"
    schema: {"loadingURI":"#","pointer":"/items/properties/category/properties/id"}
    domain: "syntax"
    ignored: ["$id","examples"]
warning: the following keywords are unknown and will be ignored: [$id, examples]
    level: "warning"
    schema: {"loadingURI":"#","pointer":"/items/properties/category/properties/name"}
    domain: "syntax"
    ignored: ["$id","examples"]
warning: the following keywords are unknown and will be ignored: [$id, examples]
    level: "warning"
    schema: {"loadingURI":"#","pointer":"/items/properties/id"}
    domain: "syntax"
    ignored: ["$id","examples"]
warning: the following keywords are unknown and will be ignored: [$id, examples]
    level: "warning"
    schema: {"loadingURI":"#","pointer":"/items/properties/name"}
    domain: "syntax"
    ignored: ["$id","examples"]
warning: the following keywords are unknown and will be ignored: [$id]
    level: "warning"
    schema: {"loadingURI":"#","pointer":"/items/properties/photoUrls"}
    domain: "syntax"
    ignored: ["$id"]
warning: the following keywords are unknown and will be ignored: [$id, examples]
    level: "warning"
    schema: {"loadingURI":"#","pointer":"/items/properties/photoUrls/items"}
    domain: "syntax"
    ignored: ["$id","examples"]
warning: the following keywords are unknown and will be ignored: [$id, examples]
    level: "warning"
    schema: {"loadingURI":"#","pointer":"/items/properties/status"}
    domain: "syntax"
    ignored: ["$id","examples"]
warning: the following keywords are unknown and will be ignored: [$id]
    level: "warning"
    schema: {"loadingURI":"#","pointer":"/items/properties/tags"}
    domain: "syntax"
    ignored: ["$id"]
warning: the following keywords are unknown and will be ignored: [$id]
    level: "warning"
    schema: {"loadingURI":"#","pointer":"/items/properties/tags/items"}
    domain: "syntax"
    ignored: ["$id"]
warning: the following keywords are unknown and will be ignored: [$id, examples]
    level: "warning"
    schema: {"loadingURI":"#","pointer":"/items/properties/tags/items/properties/id"}
    domain: "syntax"
    ignored: ["$id","examples"]
warning: the following keywords are unknown and will be ignored: [$id, examples]
    level: "warning"
    schema: {"loadingURI":"#","pointer":"/items/properties/tags/items/properties/name"}
    domain: "syntax"
    ignored: ["$id","examples"]
warning: the following keywords are unknown and will be ignored: [$id]
    level: "warning"
    schema: {"loadingURI":"#","pointer":"/items"}
    domain: "syntax"
    ignored: ["$id"]
warning: the following keywords are unknown and will be ignored: [$id]
    level: "warning"
    schema: {"loadingURI":"#","pointer":"/items/properties/category"}
    domain: "syntax"
    ignored: ["$id"]
warning: the following keywords are unknown and will be ignored: [$id, examples]
    level: "warning"
    schema: {"loadingURI":"#","pointer":"/items/properties/category/properties/id"}
    domain: "syntax"
    ignored: ["$id","examples"]
warning: the following keywords are unknown and will be ignored: [$id, examples]
    level: "warning"
    schema: {"loadingURI":"#","pointer":"/items/properties/category/properties/name"}
    domain: "syntax"
    ignored: ["$id","examples"]
warning: the following keywords are unknown and will be ignored: [$id, examples]
    level: "warning"
    schema: {"loadingURI":"#","pointer":"/items/properties/id"}
    domain: "syntax"
    ignored: ["$id","examples"]
warning: the following keywords are unknown and will be ignored: [$id, examples]
    level: "warning"
    schema: {"loadingURI":"#","pointer":"/items/properties/name"}
    domain: "syntax"
    ignored: ["$id","examples"]
warning: the following keywords are unknown and will be ignored: [$id]
    level: "warning"
    schema: {"loadingURI":"#","pointer":"/items/properties/photoUrls"}
    domain: "syntax"
    ignored: ["$id"]
warning: the following keywords are unknown and will be ignored: [$id, examples]
    level: "warning"
    schema: {"loadingURI":"#","pointer":"/items/properties/photoUrls/items"}
    domain: "syntax"
    ignored: ["$id","examples"]
warning: the following keywords are unknown and will be ignored: [$id, examples]
    level: "warning"
    schema: {"loadingURI":"#","pointer":"/items/properties/status"}
    domain: "syntax"
    ignored: ["$id","examples"]
warning: the following keywords are unknown and will be ignored: [$id]
    level: "warning"
    schema: {"loadingURI":"#","pointer":"/items/properties/tags"}
    domain: "syntax"
    ignored: ["$id"]
warning: the following keywords are unknown and will be ignored: [$id]
    level: "warning"
    schema: {"loadingURI":"#","pointer":"/items/properties/tags/items"}
    domain: "syntax"
    ignored: ["$id"]
warning: the following keywords are unknown and will be ignored: [$id, examples]
    level: "warning"
    schema: {"loadingURI":"#","pointer":"/items/properties/tags/items/properties/id"}
    domain: "syntax"
    ignored: ["$id","examples"]
warning: the following keywords are unknown and will be ignored: [$id, examples]
    level: "warning"
    schema: {"loadingURI":"#","pointer":"/items/properties/tags/items/properties/name"}
    domain: "syntax"
    ignored: ["$id","examples"]
warning: the following keywords are unknown and will be ignored: [$id]
    level: "warning"
    schema: {"loadingURI":"#","pointer":"/items"}
    domain: "syntax"
    ignored: ["$id"]
warning: the following keywords are unknown and will be ignored: [$id]
    level: "warning"
    schema: {"loadingURI":"#","pointer":"/items/properties/category"}
    domain: "syntax"
    ignored: ["$id"]
warning: the following keywords are unknown and will be ignored: [$id, examples]
    level: "warning"
    schema: {"loadingURI":"#","pointer":"/items/properties/category/properties/id"}
    domain: "syntax"
    ignored: ["$id","examples"]
warning: the following keywords are unknown and will be ignored: [$id, examples]
    level: "warning"
    schema: {"loadingURI":"#","pointer":"/items/properties/category/properties/name"}
    domain: "syntax"
    ignored: ["$id","examples"]
warning: the following keywords are unknown and will be ignored: [$id, examples]
    level: "warning"
    schema: {"loadingURI":"#","pointer":"/items/properties/id"}
    domain: "syntax"
    ignored: ["$id","examples"]
warning: the following keywords are unknown and will be ignored: [$id, examples]
    level: "warning"
    schema: {"loadingURI":"#","pointer":"/items/properties/name"}
    domain: "syntax"
    ignored: ["$id","examples"]
warning: the following keywords are unknown and will be ignored: [$id]
    level: "warning"
    schema: {"loadingURI":"#","pointer":"/items/properties/photoUrls"}
    domain: "syntax"
    ignored: ["$id"]
warning: the following keywords are unknown and will be ignored: [$id, examples]
    level: "warning"
    schema: {"loadingURI":"#","pointer":"/items/properties/photoUrls/items"}
    domain: "syntax"
    ignored: ["$id","examples"]
warning: the following keywords are unknown and will be ignored: [$id, examples]
    level: "warning"
    schema: {"loadingURI":"#","pointer":"/items/properties/status"}
    domain: "syntax"
    ignored: ["$id","examples"]
warning: the following keywords are unknown and will be ignored: [$id]
    level: "warning"
    schema: {"loadingURI":"#","pointer":"/items/properties/tags"}
    domain: "syntax"
    ignored: ["$id"]
warning: the following keywords are unknown and will be ignored: [$id]
    level: "warning"
    schema: {"loadingURI":"#","pointer":"/items/properties/tags/items"}
    domain: "syntax"
    ignored: ["$id"]
warning: the following keywords are unknown and will be ignored: [$id, examples]
    level: "warning"
    schema: {"loadingURI":"#","pointer":"/items/properties/tags/items/properties/id"}
    domain: "syntax"
    ignored: ["$id","examples"]
warning: the following keywords are unknown and will be ignored: [$id, examples]
    level: "warning"
    schema: {"loadingURI":"#","pointer":"/items/properties/tags/items/properties/name"}
    domain: "syntax"
    ignored: ["$id","examples"]
warning: the following keywords are unknown and will be ignored: [$id]
    level: "warning"
    schema: {"loadingURI":"#","pointer":"/items"}
    domain: "syntax"
    ignored: ["$id"]
warning: the following keywords are unknown and will be ignored: [$id]
    level: "warning"
    schema: {"loadingURI":"#","pointer":"/items/properties/category"}
    domain: "syntax"
    ignored: ["$id"]
warning: the following keywords are unknown and will be ignored: [$id, examples]
    level: "warning"
    schema: {"loadingURI":"#","pointer":"/items/properties/category/properties/id"}
    domain: "syntax"
    ignored: ["$id","examples"]
warning: the following keywords are unknown and will be ignored: [$id, examples]
    level: "warning"
    schema: {"loadingURI":"#","pointer":"/items/properties/category/properties/name"}
    domain: "syntax"
    ignored: ["$id","examples"]
warning: the following keywords are unknown and will be ignored: [$id, examples]
    level: "warning"
    schema: {"loadingURI":"#","pointer":"/items/properties/id"}
    domain: "syntax"
    ignored: ["$id","examples"]
warning: the following keywords are unknown and will be ignored: [$id, examples]
    level: "warning"
    schema: {"loadingURI":"#","pointer":"/items/properties/name"}
    domain: "syntax"
    ignored: ["$id","examples"]
warning: the following keywords are unknown and will be ignored: [$id]
    level: "warning"
    schema: {"loadingURI":"#","pointer":"/items/properties/photoUrls"}
    domain: "syntax"
    ignored: ["$id"]
warning: the following keywords are unknown and will be ignored: [$id, examples]
    level: "warning"
    schema: {"loadingURI":"#","pointer":"/items/properties/photoUrls/items"}
    domain: "syntax"
    ignored: ["$id","examples"]
warning: the following keywords are unknown and will be ignored: [$id, examples]
    level: "warning"
    schema: {"loadingURI":"#","pointer":"/items/properties/status"}
    domain: "syntax"
    ignored: ["$id","examples"]
warning: the following keywords are unknown and will be ignored: [$id]
    level: "warning"
    schema: {"loadingURI":"#","pointer":"/items/properties/tags"}
    domain: "syntax"
    ignored: ["$id"]
warning: the following keywords are unknown and will be ignored: [$id]
    level: "warning"
    schema: {"loadingURI":"#","pointer":"/items/properties/tags/items"}
    domain: "syntax"
    ignored: ["$id"]
warning: the following keywords are unknown and will be ignored: [$id, examples]
    level: "warning"
    schema: {"loadingURI":"#","pointer":"/items/properties/tags/items/properties/id"}
    domain: "syntax"
    ignored: ["$id","examples"]
warning: the following keywords are unknown and will be ignored: [$id, examples]
    level: "warning"
    schema: {"loadingURI":"#","pointer":"/items/properties/tags/items/properties/name"}
    domain: "syntax"
    ignored: ["$id","examples"]
warning: the following keywords are unknown and will be ignored: [$id]
    level: "warning"
    schema: {"loadingURI":"#","pointer":"/items"}
    domain: "syntax"
    ignored: ["$id"]
warning: the following keywords are unknown and will be ignored: [$id]
    level: "warning"
    schema: {"loadingURI":"#","pointer":"/items/properties/category"}
    domain: "syntax"
    ignored: ["$id"]
warning: the following keywords are unknown and will be ignored: [$id, examples]
    level: "warning"
    schema: {"loadingURI":"#","pointer":"/items/properties/category/properties/id"}
    domain: "syntax"
    ignored: ["$id","examples"]
warning: the following keywords are unknown and will be ignored: [$id, examples]
    level: "warning"
    schema: {"loadingURI":"#","pointer":"/items/properties/category/properties/name"}
    domain: "syntax"
    ignored: ["$id","examples"]
warning: the following keywords are unknown and will be ignored: [$id, examples]
    level: "warning"
    schema: {"loadingURI":"#","pointer":"/items/properties/id"}
    domain: "syntax"
    ignored: ["$id","examples"]
warning: the following keywords are unknown and will be ignored: [$id, examples]
    level: "warning"
    schema: {"loadingURI":"#","pointer":"/items/properties/name"}
    domain: "syntax"
    ignored: ["$id","examples"]
warning: the following keywords are unknown and will be ignored: [$id]
    level: "warning"
    schema: {"loadingURI":"#","pointer":"/items/properties/photoUrls"}
    domain: "syntax"
    ignored: ["$id"]
warning: the following keywords are unknown and will be ignored: [$id, examples]
    level: "warning"
    schema: {"loadingURI":"#","pointer":"/items/properties/photoUrls/items"}
    domain: "syntax"
    ignored: ["$id","examples"]
warning: the following keywords are unknown and will be ignored: [$id, examples]
    level: "warning"
    schema: {"loadingURI":"#","pointer":"/items/properties/status"}
    domain: "syntax"
    ignored: ["$id","examples"]
warning: the following keywords are unknown and will be ignored: [$id]
    level: "warning"
    schema: {"loadingURI":"#","pointer":"/items/properties/tags"}
    domain: "syntax"
    ignored: ["$id"]
warning: the following keywords are unknown and will be ignored: [$id]
    level: "warning"
    schema: {"loadingURI":"#","pointer":"/items/properties/tags/items"}
    domain: "syntax"
    ignored: ["$id"]
warning: the following keywords are unknown and will be ignored: [$id, examples]
    level: "warning"
    schema: {"loadingURI":"#","pointer":"/items/properties/tags/items/properties/id"}
    domain: "syntax"
    ignored: ["$id","examples"]
warning: the following keywords are unknown and will be ignored: [$id, examples]
    level: "warning"
    schema: {"loadingURI":"#","pointer":"/items/properties/tags/items/properties/name"}
    domain: "syntax"
    ignored: ["$id","examples"]
warning: the following keywords are unknown and will be ignored: [$id]
    level: "warning"
    schema: {"loadingURI":"#","pointer":"/items"}
    domain: "syntax"
    ignored: ["$id"]
warning: the following keywords are unknown and will be ignored: [$id]
    level: "warning"
    schema: {"loadingURI":"#","pointer":"/items/properties/category"}
    domain: "syntax"
    ignored: ["$id"]
warning: the following keywords are unknown and will be ignored: [$id, examples]
    level: "warning"
    schema: {"loadingURI":"#","pointer":"/items/properties/category/properties/id"}
    domain: "syntax"
    ignored: ["$id","examples"]
warning: the following keywords are unknown and will be ignored: [$id, examples]
    level: "warning"
    schema: {"loadingURI":"#","pointer":"/items/properties/category/properties/name"}
    domain: "syntax"
    ignored: ["$id","examples"]
warning: the following keywords are unknown and will be ignored: [$id, examples]
    level: "warning"
    schema: {"loadingURI":"#","pointer":"/items/properties/id"}
    domain: "syntax"
    ignored: ["$id","examples"]
warning: the following keywords are unknown and will be ignored: [$id, examples]
    level: "warning"
    schema: {"loadingURI":"#","pointer":"/items/properties/name"}
    domain: "syntax"
    ignored: ["$id","examples"]
warning: the following keywords are unknown and will be ignored: [$id]
    level: "warning"
    schema: {"loadingURI":"#","pointer":"/items/properties/photoUrls"}
    domain: "syntax"
    ignored: ["$id"]
warning: the following keywords are unknown and will be ignored: [$id, examples]
    level: "warning"
    schema: {"loadingURI":"#","pointer":"/items/properties/photoUrls/items"}
    domain: "syntax"
    ignored: ["$id","examples"]
warning: the following keywords are unknown and will be ignored: [$id, examples]
    level: "warning"
    schema: {"loadingURI":"#","pointer":"/items/properties/status"}
    domain: "syntax"
    ignored: ["$id","examples"]
warning: the following keywords are unknown and will be ignored: [$id]
    level: "warning"
    schema: {"loadingURI":"#","pointer":"/items/properties/tags"}
    domain: "syntax"
    ignored: ["$id"]
warning: the following keywords are unknown and will be ignored: [$id]
    level: "warning"
    schema: {"loadingURI":"#","pointer":"/items/properties/tags/items"}
    domain: "syntax"
    ignored: ["$id"]
warning: the following keywords are unknown and will be ignored: [$id, examples]
    level: "warning"
    schema: {"loadingURI":"#","pointer":"/items/properties/tags/items/properties/id"}
    domain: "syntax"
    ignored: ["$id","examples"]
warning: the following keywords are unknown and will be ignored: [$id, examples]
    level: "warning"
    schema: {"loadingURI":"#","pointer":"/items/properties/tags/items/properties/name"}
    domain: "syntax"
    ignored: ["$id","examples"]
error: object has missing required properties (["category"])
    level: "error"
    schema: {"loadingURI":"#","pointer":"/items"}
    instance: {"pointer":"/326"}
    domain: "validation"
    keyword: "required"
    required: ["category","id","name","photoUrls","status","tags"]
    missing: ["category"]
warning: the following keywords are unknown and will be ignored: [$id]
    level: "warning"
    schema: {"loadingURI":"#","pointer":"/items"}
    domain: "syntax"
    ignored: ["$id"]
warning: the following keywords are unknown and will be ignored: [$id]
    level: "warning"
    schema: {"loadingURI":"#","pointer":"/items/properties/category"}
    domain: "syntax"
    ignored: ["$id"]
warning: the following keywords are unknown and will be ignored: [$id, examples]
    level: "warning"
    schema: {"loadingURI":"#","pointer":"/items/properties/category/properties/id"}
    domain: "syntax"
    ignored: ["$id","examples"]
warning: the following keywords are unknown and will be ignored: [$id, examples]
    level: "warning"
    schema: {"loadingURI":"#","pointer":"/items/properties/category/properties/name"}
    domain: "syntax"
    ignored: ["$id","examples"]
warning: the following keywords are unknown and will be ignored: [$id, examples]
    level: "warning"
    schema: {"loadingURI":"#","pointer":"/items/properties/id"}
    domain: "syntax"
    ignored: ["$id","examples"]
warning: the following keywords are unknown and will be ignored: [$id, examples]
    level: "warning"
    schema: {"loadingURI":"#","pointer":"/items/properties/name"}
    domain: "syntax"
    ignored: ["$id","examples"]
warning: the following keywords are unknown and will be ignored: [$id]
    level: "warning"
    schema: {"loadingURI":"#","pointer":"/items/properties/photoUrls"}
    domain: "syntax"
    ignored: ["$id"]
warning: the following keywords are unknown and will be ignored: [$id, examples]
    level: "warning"
    schema: {"loadingURI":"#","pointer":"/items/properties/photoUrls/items"}
    domain: "syntax"
    ignored: ["$id","examples"]
warning: the following keywords are unknown and will be ignored: [$id, examples]
    level: "warning"
    schema: {"loadingURI":"#","pointer":"/items/properties/status"}
    domain: "syntax"
    ignored: ["$id","examples"]
warning: the following keywords are unknown and will be ignored: [$id]
    level: "warning"
    schema: {"loadingURI":"#","pointer":"/items/properties/tags"}
    domain: "syntax"
    ignored: ["$id"]
warning: the following keywords are unknown and will be ignored: [$id]
    level: "warning"
    schema: {"loadingURI":"#","pointer":"/items/properties/tags/items"}
    domain: "syntax"
    ignored: ["$id"]
warning: the following keywords are unknown and will be ignored: [$id, examples]
    level: "warning"
    schema: {"loadingURI":"#","pointer":"/items/properties/tags/items/properties/id"}
    domain: "syntax"
    ignored: ["$id","examples"]
warning: the following keywords are unknown and will be ignored: [$id, examples]
    level: "warning"
    schema: {"loadingURI":"#","pointer":"/items/properties/tags/items/properties/name"}
    domain: "syntax"
    ignored: ["$id","examples"]
warning: the following keywords are unknown and will be ignored: [$id]
    level: "warning"
    schema: {"loadingURI":"#","pointer":"/items"}
    domain: "syntax"
    ignored: ["$id"]
warning: the following keywords are unknown and will be ignored: [$id]
    level: "warning"
    schema: {"loadingURI":"#","pointer":"/items/properties/category"}
    domain: "syntax"
    ignored: ["$id"]
warning: the following keywords are unknown and will be ignored: [$id, examples]
    level: "warning"
    schema: {"loadingURI":"#","pointer":"/items/properties/category/properties/id"}
    domain: "syntax"
    ignored: ["$id","examples"]
warning: the following keywords are unknown and will be ignored: [$id, examples]
    level: "warning"
    schema: {"loadingURI":"#","pointer":"/items/properties/category/properties/name"}
    domain: "syntax"
    ignored: ["$id","examples"]
warning: the following keywords are unknown and will be ignored: [$id, examples]
    level: "warning"
    schema: {"loadingURI":"#","pointer":"/items/properties/id"}
    domain: "syntax"
    ignored: ["$id","examples"]
warning: the following keywords are unknown and will be ignored: [$id, examples]
    level: "warning"
    schema: {"loadingURI":"#","pointer":"/items/properties/name"}
    domain: "syntax"
    ignored: ["$id","examples"]
warning: the following keywords are unknown and will be ignored: [$id]
    level: "warning"
    schema: {"loadingURI":"#","pointer":"/items/properties/photoUrls"}
    domain: "syntax"
    ignored: ["$id"]
warning: the following keywords are unknown and will be ignored: [$id, examples]
    level: "warning"
    schema: {"loadingURI":"#","pointer":"/items/properties/photoUrls/items"}
    domain: "syntax"
    ignored: ["$id","examples"]
warning: the following keywords are unknown and will be ignored: [$id, examples]
    level: "warning"
    schema: {"loadingURI":"#","pointer":"/items/properties/status"}
    domain: "syntax"
    ignored: ["$id","examples"]
warning: the following keywords are unknown and will be ignored: [$id]
    level: "warning"
    schema: {"loadingURI":"#","pointer":"/items/properties/tags"}
    domain: "syntax"
    ignored: ["$id"]
warning: the following keywords are unknown and will be ignored: [$id]
    level: "warning"
    schema: {"loadingURI":"#","pointer":"/items/properties/tags/items"}
    domain: "syntax"
    ignored: ["$id"]
warning: the following keywords are unknown and will be ignored: [$id, examples]
    level: "warning"
    schema: {"loadingURI":"#","pointer":"/items/properties/tags/items/properties/id"}
    domain: "syntax"
    ignored: ["$id","examples"]
warning: the following keywords are unknown and will be ignored: [$id, examples]
    level: "warning"
    schema: {"loadingURI":"#","pointer":"/items/properties/tags/items/properties/name"}
    domain: "syntax"
    ignored: ["$id","examples"]
warning: the following keywords are unknown and will be ignored: [$id]
    level: "warning"
    schema: {"loadingURI":"#","pointer":"/items"}
    domain: "syntax"
    ignored: ["$id"]
warning: the following keywords are unknown and will be ignored: [$id]
    level: "warning"
    schema: {"loadingURI":"#","pointer":"/items/properties/category"}
    domain: "syntax"
    ignored: ["$id"]
warning: the following keywords are unknown and will be ignored: [$id, examples]
    level: "warning"
    schema: {"loadingURI":"#","pointer":"/items/properties/category/properties/id"}
    domain: "syntax"
    ignored: ["$id","examples"]
warning: the following keywords are unknown and will be ignored: [$id, examples]
    level: "warning"
    schema: {"loadingURI":"#","pointer":"/items/properties/category/properties/name"}
    domain: "syntax"
    ignored: ["$id","examples"]
warning: the following keywords are unknown and will be ignored: [$id, examples]
    level: "warning"
    schema: {"loadingURI":"#","pointer":"/items/properties/id"}
    domain: "syntax"
    ignored: ["$id","examples"]
warning: the following keywords are unknown and will be ignored: [$id, examples]
    level: "warning"
    schema: {"loadingURI":"#","pointer":"/items/properties/name"}
    domain: "syntax"
    ignored: ["$id","examples"]
warning: the following keywords are unknown and will be ignored: [$id]
    level: "warning"
    schema: {"loadingURI":"#","pointer":"/items/properties/photoUrls"}
    domain: "syntax"
    ignored: ["$id"]
warning: the following keywords are unknown and will be ignored: [$id, examples]
    level: "warning"
    schema: {"loadingURI":"#","pointer":"/items/properties/photoUrls/items"}
    domain: "syntax"
    ignored: ["$id","examples"]
warning: the following keywords are unknown and will be ignored: [$id, examples]
    level: "warning"
    schema: {"loadingURI":"#","pointer":"/items/properties/status"}
    domain: "syntax"
    ignored: ["$id","examples"]
warning: the following keywords are unknown and will be ignored: [$id]
    level: "warning"
    schema: {"loadingURI":"#","pointer":"/items/properties/tags"}
    domain: "syntax"
    ignored: ["$id"]
warning: the following keywords are unknown and will be ignored: [$id]
    level: "warning"
    schema: {"loadingURI":"#","pointer":"/items/properties/tags/items"}
    domain: "syntax"
    ignored: ["$id"]
warning: the following keywords are unknown and will be ignored: [$id, examples]
    level: "warning"
    schema: {"loadingURI":"#","pointer":"/items/properties/tags/items/properties/id"}
    domain: "syntax"
    ignored: ["$id","examples"]
warning: the following keywords are unknown and will be ignored: [$id, examples]
    level: "warning"
    schema: {"loadingURI":"#","pointer":"/items/properties/tags/items/properties/name"}
    domain: "syntax"
    ignored: ["$id","examples"]
warning: the following keywords are unknown and will be ignored: [$id]
    level: "warning"
    schema: {"loadingURI":"#","pointer":"/items"}
    domain: "syntax"
    ignored: ["$id"]
warning: the following keywords are unknown and will be ignored: [$id]
    level: "warning"
    schema: {"loadingURI":"#","pointer":"/items/properties/category"}
    domain: "syntax"
    ignored: ["$id"]
warning: the following keywords are unknown and will be ignored: [$id, examples]
    level: "warning"
    schema: {"loadingURI":"#","pointer":"/items/properties/category/properties/id"}
    domain: "syntax"
    ignored: ["$id","examples"]
warning: the following keywords are unknown and will be ignored: [$id, examples]
    level: "warning"
    schema: {"loadingURI":"#","pointer":"/items/properties/category/properties/name"}
    domain: "syntax"
    ignored: ["$id","examples"]
warning: the following keywords are unknown and will be ignored: [$id, examples]
    level: "warning"
    schema: {"loadingURI":"#","pointer":"/items/properties/id"}
    domain: "syntax"
    ignored: ["$id","examples"]
warning: the following keywords are unknown and will be ignored: [$id, examples]
    level: "warning"
    schema: {"loadingURI":"#","pointer":"/items/properties/name"}
    domain: "syntax"
    ignored: ["$id","examples"]
warning: the following keywords are unknown and will be ignored: [$id]
    level: "warning"
    schema: {"loadingURI":"#","pointer":"/items/properties/photoUrls"}
    domain: "syntax"
    ignored: ["$id"]
warning: the following keywords are unknown and will be ignored: [$id, examples]
    level: "warning"
    schema: {"loadingURI":"#","pointer":"/items/properties/photoUrls/items"}
    domain: "syntax"
    ignored: ["$id","examples"]
warning: the following keywords are unknown and will be ignored: [$id, examples]
    level: "warning"
    schema: {"loadingURI":"#","pointer":"/items/properties/status"}
    domain: "syntax"
    ignored: ["$id","examples"]
warning: the following keywords are unknown and will be ignored: [$id]
    level: "warning"
    schema: {"loadingURI":"#","pointer":"/items/properties/tags"}
    domain: "syntax"
    ignored: ["$id"]
warning: the following keywords are unknown and will be ignored: [$id]
    level: "warning"
    schema: {"loadingURI":"#","pointer":"/items/properties/tags/items"}
    domain: "syntax"
    ignored: ["$id"]
warning: the following keywords are unknown and will be ignored: [$id, examples]
    level: "warning"
    schema: {"loadingURI":"#","pointer":"/items/properties/tags/items/properties/id"}
    domain: "syntax"
    ignored: ["$id","examples"]
warning: the following keywords are unknown and will be ignored: [$id, examples]
    level: "warning"
    schema: {"loadingURI":"#","pointer":"/items/properties/tags/items/properties/name"}
    domain: "syntax"
    ignored: ["$id","examples"]
warning: the following keywords are unknown and will be ignored: [$id]
    level: "warning"
    schema: {"loadingURI":"#","pointer":"/items"}
    domain: "syntax"
    ignored: ["$id"]
warning: the following keywords are unknown and will be ignored: [$id]
    level: "warning"
    schema: {"loadingURI":"#","pointer":"/items/properties/category"}
    domain: "syntax"
    ignored: ["$id"]
warning: the following keywords are unknown and will be ignored: [$id, examples]
    level: "warning"
    schema: {"loadingURI":"#","pointer":"/items/properties/category/properties/id"}
    domain: "syntax"
    ignored: ["$id","examples"]
warning: the following keywords are unknown and will be ignored: [$id, examples]
    level: "warning"
    schema: {"loadingURI":"#","pointer":"/items/properties/category/properties/name"}
    domain: "syntax"
    ignored: ["$id","examples"]
warning: the following keywords are unknown and will be ignored: [$id, examples]
    level: "warning"
    schema: {"loadingURI":"#","pointer":"/items/properties/id"}
    domain: "syntax"
    ignored: ["$id","examples"]
warning: the following keywords are unknown and will be ignored: [$id, examples]
    level: "warning"
    schema: {"loadingURI":"#","pointer":"/items/properties/name"}
    domain: "syntax"
    ignored: ["$id","examples"]
warning: the following keywords are unknown and will be ignored: [$id]
    level: "warning"
    schema: {"loadingURI":"#","pointer":"/items/properties/photoUrls"}
    domain: "syntax"
    ignored: ["$id"]
warning: the following keywords are unknown and will be ignored: [$id, examples]
    level: "warning"
    schema: {"loadingURI":"#","pointer":"/items/properties/photoUrls/items"}
    domain: "syntax"
    ignored: ["$id","examples"]
warning: the following keywords are unknown and will be ignored: [$id, examples]
    level: "warning"
    schema: {"loadingURI":"#","pointer":"/items/properties/status"}
    domain: "syntax"
    ignored: ["$id","examples"]
warning: the following keywords are unknown and will be ignored: [$id]
    level: "warning"
    schema: {"loadingURI":"#","pointer":"/items/properties/tags"}
    domain: "syntax"
    ignored: ["$id"]
warning: the following keywords are unknown and will be ignored: [$id]
    level: "warning"
    schema: {"loadingURI":"#","pointer":"/items/properties/tags/items"}
    domain: "syntax"
    ignored: ["$id"]
warning: the following keywords are unknown and will be ignored: [$id, examples]
    level: "warning"
    schema: {"loadingURI":"#","pointer":"/items/properties/tags/items/properties/id"}
    domain: "syntax"
    ignored: ["$id","examples"]
warning: the following keywords are unknown and will be ignored: [$id, examples]
    level: "warning"
    schema: {"loadingURI":"#","pointer":"/items/properties/tags/items/properties/name"}
    domain: "syntax"
    ignored: ["$id","examples"]
warning: the following keywords are unknown and will be ignored: [$id]
    level: "warning"
    schema: {"loadingURI":"#","pointer":"/items"}
    domain: "syntax"
    ignored: ["$id"]
warning: the following keywords are unknown and will be ignored: [$id]
    level: "warning"
    schema: {"loadingURI":"#","pointer":"/items/properties/category"}
    domain: "syntax"
    ignored: ["$id"]
warning: the following keywords are unknown and will be ignored: [$id, examples]
    level: "warning"
    schema: {"loadingURI":"#","pointer":"/items/properties/category/properties/id"}
    domain: "syntax"
    ignored: ["$id","examples"]
warning: the following keywords are unknown and will be ignored: [$id, examples]
    level: "warning"
    schema: {"loadingURI":"#","pointer":"/items/properties/category/properties/name"}
    domain: "syntax"
    ignored: ["$id","examples"]
warning: the following keywords are unknown and will be ignored: [$id, examples]
    level: "warning"
    schema: {"loadingURI":"#","pointer":"/items/properties/id"}
    domain: "syntax"
    ignored: ["$id","examples"]
warning: the following keywords are unknown and will be ignored: [$id, examples]
    level: "warning"
    schema: {"loadingURI":"#","pointer":"/items/properties/name"}
    domain: "syntax"
    ignored: ["$id","examples"]
warning: the following keywords are unknown and will be ignored: [$id]
    level: "warning"
    schema: {"loadingURI":"#","pointer":"/items/properties/photoUrls"}
    domain: "syntax"
    ignored: ["$id"]
warning: the following keywords are unknown and will be ignored: [$id, examples]
    level: "warning"
    schema: {"loadingURI":"#","pointer":"/items/properties/photoUrls/items"}
    domain: "syntax"
    ignored: ["$id","examples"]
warning: the following keywords are unknown and will be ignored: [$id, examples]
    level: "warning"
    schema: {"loadingURI":"#","pointer":"/items/properties/status"}
    domain: "syntax"
    ignored: ["$id","examples"]
warning: the following keywords are unknown and will be ignored: [$id]
    level: "warning"
    schema: {"loadingURI":"#","pointer":"/items/properties/tags"}
    domain: "syntax"
    ignored: ["$id"]
warning: the following keywords are unknown and will be ignored: [$id]
    level: "warning"
    schema: {"loadingURI":"#","pointer":"/items/properties/tags/items"}
    domain: "syntax"
    ignored: ["$id"]
warning: the following keywords are unknown and will be ignored: [$id, examples]
    level: "warning"
    schema: {"loadingURI":"#","pointer":"/items/properties/tags/items/properties/id"}
    domain: "syntax"
    ignored: ["$id","examples"]
warning: the following keywords are unknown and will be ignored: [$id, examples]
    level: "warning"
    schema: {"loadingURI":"#","pointer":"/items/properties/tags/items/properties/name"}
    domain: "syntax"
    ignored: ["$id","examples"]
warning: the following keywords are unknown and will be ignored: [$id]
    level: "warning"
    schema: {"loadingURI":"#","pointer":"/items"}
    domain: "syntax"
    ignored: ["$id"]
warning: the following keywords are unknown and will be ignored: [$id]
    level: "warning"
    schema: {"loadingURI":"#","pointer":"/items/properties/category"}
    domain: "syntax"
    ignored: ["$id"]
warning: the following keywords are unknown and will be ignored: [$id, examples]
    level: "warning"
    schema: {"loadingURI":"#","pointer":"/items/properties/category/properties/id"}
    domain: "syntax"
    ignored: ["$id","examples"]
warning: the following keywords are unknown and will be ignored: [$id, examples]
    level: "warning"
    schema: {"loadingURI":"#","pointer":"/items/properties/category/properties/name"}
    domain: "syntax"
    ignored: ["$id","examples"]
warning: the following keywords are unknown and will be ignored: [$id, examples]
    level: "warning"
    schema: {"loadingURI":"#","pointer":"/items/properties/id"}
    domain: "syntax"
    ignored: ["$id","examples"]
warning: the following keywords are unknown and will be ignored: [$id, examples]
    level: "warning"
    schema: {"loadingURI":"#","pointer":"/items/properties/name"}
    domain: "syntax"
    ignored: ["$id","examples"]
warning: the following keywords are unknown and will be ignored: [$id]
    level: "warning"
    schema: {"loadingURI":"#","pointer":"/items/properties/photoUrls"}
    domain: "syntax"
    ignored: ["$id"]
warning: the following keywords are unknown and will be ignored: [$id, examples]
    level: "warning"
    schema: {"loadingURI":"#","pointer":"/items/properties/photoUrls/items"}
    domain: "syntax"
    ignored: ["$id","examples"]
warning: the following keywords are unknown and will be ignored: [$id, examples]
    level: "warning"
    schema: {"loadingURI":"#","pointer":"/items/properties/status"}
    domain: "syntax"
    ignored: ["$id","examples"]
warning: the following keywords are unknown and will be ignored: [$id]
    level: "warning"
    schema: {"loadingURI":"#","pointer":"/items/properties/tags"}
    domain: "syntax"
    ignored: ["$id"]
warning: the following keywords are unknown and will be ignored: [$id]
    level: "warning"
    schema: {"loadingURI":"#","pointer":"/items/properties/tags/items"}
    domain: "syntax"
    ignored: ["$id"]
warning: the following keywords are unknown and will be ignored: [$id, examples]
    level: "warning"
    schema: {"loadingURI":"#","pointer":"/items/properties/tags/items/properties/id"}
    domain: "syntax"
    ignored: ["$id","examples"]
warning: the following keywords are unknown and will be ignored: [$id, examples]
    level: "warning"
    schema: {"loadingURI":"#","pointer":"/items/properties/tags/items/properties/name"}
    domain: "syntax"
    ignored: ["$id","examples"]
warning: the following keywords are unknown and will be ignored: [$id]
    level: "warning"
    schema: {"loadingURI":"#","pointer":"/items"}
    domain: "syntax"
    ignored: ["$id"]
warning: the following keywords are unknown and will be ignored: [$id]
    level: "warning"
    schema: {"loadingURI":"#","pointer":"/items/properties/category"}
    domain: "syntax"
    ignored: ["$id"]
warning: the following keywords are unknown and will be ignored: [$id, examples]
    level: "warning"
    schema: {"loadingURI":"#","pointer":"/items/properties/category/properties/id"}
    domain: "syntax"
    ignored: ["$id","examples"]
warning: the following keywords are unknown and will be ignored: [$id, examples]
    level: "warning"
    schema: {"loadingURI":"#","pointer":"/items/properties/category/properties/name"}
    domain: "syntax"
    ignored: ["$id","examples"]
warning: the following keywords are unknown and will be ignored: [$id, examples]
    level: "warning"
    schema: {"loadingURI":"#","pointer":"/items/properties/id"}
    domain: "syntax"
    ignored: ["$id","examples"]
warning: the following keywords are unknown and will be ignored: [$id, examples]
    level: "warning"
    schema: {"loadingURI":"#","pointer":"/items/properties/name"}
    domain: "syntax"
    ignored: ["$id","examples"]
warning: the following keywords are unknown and will be ignored: [$id]
    level: "warning"
    schema: {"loadingURI":"#","pointer":"/items/properties/photoUrls"}
    domain: "syntax"
    ignored: ["$id"]
warning: the following keywords are unknown and will be ignored: [$id, examples]
    level: "warning"
    schema: {"loadingURI":"#","pointer":"/items/properties/photoUrls/items"}
    domain: "syntax"
    ignored: ["$id","examples"]
warning: the following keywords are unknown and will be ignored: [$id, examples]
    level: "warning"
    schema: {"loadingURI":"#","pointer":"/items/properties/status"}
    domain: "syntax"
    ignored: ["$id","examples"]
warning: the following keywords are unknown and will be ignored: [$id]
    level: "warning"
    schema: {"loadingURI":"#","pointer":"/items/properties/tags"}
    domain: "syntax"
    ignored: ["$id"]
warning: the following keywords are unknown and will be ignored: [$id]
    level: "warning"
    schema: {"loadingURI":"#","pointer":"/items/properties/tags/items"}
    domain: "syntax"
    ignored: ["$id"]
warning: the following keywords are unknown and will be ignored: [$id, examples]
    level: "warning"
    schema: {"loadingURI":"#","pointer":"/items/properties/tags/items/properties/id"}
    domain: "syntax"
    ignored: ["$id","examples"]
warning: the following keywords are unknown and will be ignored: [$id, examples]
    level: "warning"
    schema: {"loadingURI":"#","pointer":"/items/properties/tags/items/properties/name"}
    domain: "syntax"
    ignored: ["$id","examples"]
warning: the following keywords are unknown and will be ignored: [$id]
    level: "warning"
    schema: {"loadingURI":"#","pointer":"/items"}
    domain: "syntax"
    ignored: ["$id"]
warning: the following keywords are unknown and will be ignored: [$id]
    level: "warning"
    schema: {"loadingURI":"#","pointer":"/items/properties/category"}
    domain: "syntax"
    ignored: ["$id"]
warning: the following keywords are unknown and will be ignored: [$id, examples]
    level: "warning"
    schema: {"loadingURI":"#","pointer":"/items/properties/category/properties/id"}
    domain: "syntax"
    ignored: ["$id","examples"]
warning: the following keywords are unknown and will be ignored: [$id, examples]
    level: "warning"
    schema: {"loadingURI":"#","pointer":"/items/properties/category/properties/name"}
    domain: "syntax"
    ignored: ["$id","examples"]
warning: the following keywords are unknown and will be ignored: [$id, examples]
    level: "warning"
    schema: {"loadingURI":"#","pointer":"/items/properties/id"}
    domain: "syntax"
    ignored: ["$id","examples"]
warning: the following keywords are unknown and will be ignored: [$id, examples]
    level: "warning"
    schema: {"loadingURI":"#","pointer":"/items/properties/name"}
    domain: "syntax"
    ignored: ["$id","examples"]
warning: the following keywords are unknown and will be ignored: [$id]
    level: "warning"
    schema: {"loadingURI":"#","pointer":"/items/properties/photoUrls"}
    domain: "syntax"
    ignored: ["$id"]
warning: the following keywords are unknown and will be ignored: [$id, examples]
    level: "warning"
    schema: {"loadingURI":"#","pointer":"/items/properties/photoUrls/items"}
    domain: "syntax"
    ignored: ["$id","examples"]
warning: the following keywords are unknown and will be ignored: [$id, examples]
    level: "warning"
    schema: {"loadingURI":"#","pointer":"/items/properties/status"}
    domain: "syntax"
    ignored: ["$id","examples"]
warning: the following keywords are unknown and will be ignored: [$id]
    level: "warning"
    schema: {"loadingURI":"#","pointer":"/items/properties/tags"}
    domain: "syntax"
    ignored: ["$id"]
warning: the following keywords are unknown and will be ignored: [$id]
    level: "warning"
    schema: {"loadingURI":"#","pointer":"/items/properties/tags/items"}
    domain: "syntax"
    ignored: ["$id"]
warning: the following keywords are unknown and will be ignored: [$id, examples]
    level: "warning"
    schema: {"loadingURI":"#","pointer":"/items/properties/tags/items/properties/id"}
    domain: "syntax"
    ignored: ["$id","examples"]
warning: the following keywords are unknown and will be ignored: [$id, examples]
    level: "warning"
    schema: {"loadingURI":"#","pointer":"/items/properties/tags/items/properties/name"}
    domain: "syntax"
    ignored: ["$id","examples"]
warning: the following keywords are unknown and will be ignored: [$id]
    level: "warning"
    schema: {"loadingURI":"#","pointer":"/items"}
    domain: "syntax"
    ignored: ["$id"]
warning: the following keywords are unknown and will be ignored: [$id]
    level: "warning"
    schema: {"loadingURI":"#","pointer":"/items/properties/category"}
    domain: "syntax"
    ignored: ["$id"]
warning: the following keywords are unknown and will be ignored: [$id, examples]
    level: "warning"
    schema: {"loadingURI":"#","pointer":"/items/properties/category/properties/id"}
    domain: "syntax"
    ignored: ["$id","examples"]
warning: the following keywords are unknown and will be ignored: [$id, examples]
    level: "warning"
    schema: {"loadingURI":"#","pointer":"/items/properties/category/properties/name"}
    domain: "syntax"
    ignored: ["$id","examples"]
warning: the following keywords are unknown and will be ignored: [$id, examples]
    level: "warning"
    schema: {"loadingURI":"#","pointer":"/items/properties/id"}
    domain: "syntax"
    ignored: ["$id","examples"]
warning: the following keywords are unknown and will be ignored: [$id, examples]
    level: "warning"
    schema: {"loadingURI":"#","pointer":"/items/properties/name"}
    domain: "syntax"
    ignored: ["$id","examples"]
warning: the following keywords are unknown and will be ignored: [$id]
    level: "warning"
    schema: {"loadingURI":"#","pointer":"/items/properties/photoUrls"}
    domain: "syntax"
    ignored: ["$id"]
warning: the following keywords are unknown and will be ignored: [$id, examples]
    level: "warning"
    schema: {"loadingURI":"#","pointer":"/items/properties/photoUrls/items"}
    domain: "syntax"
    ignored: ["$id","examples"]
warning: the following keywords are unknown and will be ignored: [$id, examples]
    level: "warning"
    schema: {"loadingURI":"#","pointer":"/items/properties/status"}
    domain: "syntax"
    ignored: ["$id","examples"]
warning: the following keywords are unknown and will be ignored: [$id]
    level: "warning"
    schema: {"loadingURI":"#","pointer":"/items/properties/tags"}
    domain: "syntax"
    ignored: ["$id"]
warning: the following keywords are unknown and will be ignored: [$id]
    level: "warning"
    schema: {"loadingURI":"#","pointer":"/items/properties/tags/items"}
    domain: "syntax"
    ignored: ["$id"]
warning: the following keywords are unknown and will be ignored: [$id, examples]
    level: "warning"
    schema: {"loadingURI":"#","pointer":"/items/properties/tags/items/properties/id"}
    domain: "syntax"
    ignored: ["$id","examples"]
warning: the following keywords are unknown and will be ignored: [$id, examples]
    level: "warning"
    schema: {"loadingURI":"#","pointer":"/items/properties/tags/items/properties/name"}
    domain: "syntax"
    ignored: ["$id","examples"]

  Actual: [{"id":23244,"category":{"id":3,"name":"BIRD"},"name":"Carson","photoUrls":["string"],"tags":[{"id":3,"name":"tiny"}],"status":"available"},{"id":9223372036854031791,"category":{"id":0,"name":"string"},"name":"Tiger8887277","photoUrls":["string"],"tags":[{"id":0,"name":"string"}],"status":"available"},{"id":9223372036854031792,"category":{"id":0,"name":"string"},"name":"Tiger1403218","photoUrls":["string"],"tags":[{"id":0,"name":"string"}],"status":"available"},{"id":9223372036854031793,"category":{"id":0,"name":"string"},"name":"Tiger3643737","photoUrls":["string"],"tags":[{"id":0,"name":"string"}],"status":"available"},{"id":9223372036854031794,"category":{"id":0,"name":"string"},"name":"Tiger5754486","photoUrls":["string"],"tags":[{"id":0,"name":"string"}],"status":"available"},{"id":9223372036854031795,"category":{"id":0,"name":"string"},"name":"Tiger8205769","photoUrls":["string"],"tags":[{"id":0,"name":"string"}],"status":"available"},{"id":9223372036854031796,"category":{"id":0,"name":"string"},"name":"Tiger7012112","photoUrls":["string"],"tags":[{"id":0,"name":"string"}],"status":"available"},{"id":9223372036854031797,"category":{"id":0,"name":"string"},"name":"Tiger3495019","photoUrls":["string"],"tags":[{"id":0,"name":"string"}],"status":"available"},{"id":9223372036854031798,"category":{"id":0,"name":"string"},"name":"Tiger4880782","photoUrls":["string"],"tags":[{"id":0,"name":"string"}],"status":"available"},{"id":9223372036854031799,"category":{"id":0,"name":"string"},"name":"Tiger6857599","photoUrls":["string"],"tags":[{"id":0,"name":"string"}],"status":"available"},{"id":9223372036854031800,"category":{"id":0,"name":"string"},"name":"Tiger6405654","photoUrls":["string"],"tags":[{"id":0,"name":"string"}],"status":"available"},{"id":9223372036854031801,"category":{"id":0,"name":"string"},"name":"Tiger3411847","photoUrls":["string"],"tags":[{"id":0,"name":"string"}],"status":"available"},{"id":9223372036854031802,"category":{"id":0,"name":"string"},"name":"Tiger9361605","photoUrls":["string"],"tags":[{"id":0,"name":"string"}],"status":"available"},{"id":9223372036854031803,"category":{"id":0,"name":"string"},"name":"Tiger1456953","photoUrls":["string"],"tags":[{"id":0,"name":"string"}],"status":"available"},{"id":9223372036854031804,"category":{"id":0,"name":"string"},"name":"Tiger3129199","photoUrls":["string"],"tags":[{"id":0,"name":"string"}],"status":"available"},{"id":9223372036854031805,"category":{"id":0,"name":"string"},"name":"Tiger3269327","photoUrls":["string"],"tags":[{"id":0,"name":"string"}],"status":"available"},{"id":9223372036854031806,"category":{"id":0,"name":"string"},"name":"Tiger7162123","photoUrls":["string"],"tags":[{"id":0,"name":"string"}],"status":"available"},{"id":9223372036854031807,"category":{"id":0,"name":"string"},"name":"Tiger2728311","photoUrls":["string"],"tags":[{"id":0,"name":"string"}],"status":"available"},{"id":9223372036854031808,"category":{"id":0,"name":"string"},"name":"Tiger4636976","photoUrls":["string"],"tags":[{"id":0,"name":"string"}],"status":"available"},{"id":9223372036854031809,"category":{"id":0,"name":"string"},"name":"Tiger9972524","photoUrls":["string"],"tags":[{"id":0,"name":"string"}],"status":"available"},{"id":9223372036854031810,"category":{"id":0,"name":"string"},"name":"Tiger7970862","photoUrls":["string"],"tags":[{"id":0,"name":"string"}],"status":"available"},{"id":638,"category":{"id":6004,"name":"asperiores"},"name":"herring","photoUrls":["www.raphael-schroeder.info"],"tags":[{"id":1,"name":"et"}],"status":"available"},{"id":9222968140497180179,"category":{"id":0,"name":"string"},"name":"test","photoUrls":["string"],"tags":[{"id":0,"name":"string"}],"status":"available"},{"id":9223372036854031833,"category":{"id":0,"name":"string"},"name":"pies","photoUrls":["string"],"tags":[{"id":0,"name":"junior"}],"status":"available"},{"id":9223372036854031837,"category":{"id":0,"name":"string"},"name":"Tiger3918945","photoUrls":["string"],"tags":[{"id":0,"name":"string"}],"status":"available"},{"id":9223372036854031838,"category":{"id":0,"name":"string"},"name":"Tiger6424458","photoUrls":["string"],"tags":[{"id":0,"name":"string"}],"status":"available"},{"id":9223372036854031839,"category":{"id":0,"name":"string"},"name":"Tiger4591264","photoUrls":["string"],"tags":[{"id":0,"name":"string"}],"status":"available"},{"id":9223372036854031840,"category":{"id":0,"name":"string"},"name":"Tiger1722013","photoUrls":["string"],"tags":[{"id":0,"name":"string"}],"status":"available"},{"id":9223372036854031841,"category":{"id":0,"name":"string"},"name":"Tiger2879118","photoUrls":["string"],"tags":[{"id":0,"name":"string"}],"status":"available"},{"id":9223372036854031842,"category":{"id":0,"name":"string"},"name":"Tiger6194078","photoUrls":["string"],"tags":[{"id":0,"name":"string"}],"status":"available"},{"id":9223372036854031843,"category":{"id":0,"name":"string"},"name":"Tiger6217358","photoUrls":["string"],"tags":[{"id":0,"name":"string"}],"status":"available"},{"id":9223372036854031844,"category":{"id":0,"name":"string"},"name":"Tiger9665706","photoUrls":["string"],"tags":[{"id":0,"name":"string"}],"status":"available"},{"id":9223372036854031845,"category":{"id":0,"name":"string"},"name":"Tiger973239","photoUrls":["string"],"tags":[{"id":0,"name":"string"}],"status":"available"},{"id":9223372036854031846,"category":{"id":0,"name":"string"},"name":"Tiger8122747","photoUrls":["string"],"tags":[{"id":0,"name":"string"}],"status":"available"},{"id":9223372036854031848,"category":{"id":0,"name":"string"},"name":"Tiger6176635","photoUrls":["string"],"tags":[{"id":0,"name":"string"}],"status":"available"},{"id":9223372036854031849,"category":{"id":0,"name":"string"},"name":"Tiger1965020","photoUrls":["string"],"tags":[{"id":0,"name":"string"}],"status":"available"},{"id":9223372036854031850,"category":{"id":0,"name":"string"},"name":"Tiger4840604","photoUrls":["string"],"tags":[{"id":0,"name":"string"}],"status":"available"},{"id":9223372036854031851,"category":{"id":0,"name":"string"},"name":"Tiger5463536","photoUrls":["string"],"tags":[{"id":0,"name":"string"}],"status":"available"},{"id":9223372036854031852,"category":{"id":0,"name":"string"},"name":"Tiger3643780","photoUrls":["string"],"tags":[{"id":0,"name":"string"}],"status":"available"},{"id":9223372036854031853,"category":{"id":0,"name":"string"},"name":"Tiger3451777","photoUrls":["string"],"tags":[{"id":0,"name":"string"}],"status":"available"},{"id":9223372036854031854,"category":{"id":0,"name":"string"},"name":"Tiger3287864","photoUrls":["string"],"tags":[{"id":0,"name":"string"}],"status":"available"},{"id":9223372036854031855,"category":{"id":0,"name":"string"},"name":"Tiger9770695","photoUrls":["string"],"tags":[{"id":0,"name":"string"}],"status":"available"},{"id":9223372036854031856,"category":{"id":0,"name":"string"},"name":"Tiger6977555","photoUrls":["string"],"tags":[{"id":0,"name":"string"}],"status":"available"},{"id":9223372036854031857,"category":{"id":0,"name":"string"},"name":"Tiger9528993","photoUrls":["string"],"tags":[{"id":0,"name":"string"}],"status":"available"},{"id":9223372036854031858,"category":{"id":0,"name":"string"},"name":"doggie","photoUrls":["string"],"tags":[{"id":0,"name":"string"}],"status":"available"},{"id":583,"category":{"id":82,"name":"dog"},"name":"Tania","photoUrls":[],"tags":[],"status":"available"},{"id":720,"category":{"id":142,"name":"dog"},"name":"Angelina","photoUrls":[],"tags":[],"status":"available"},{"id":9223372036854031868,"category":{"id":0,"name":"string"},"name":"morce","photoUrls":["string"],"tags":[{"id":0,"name":"string"}],"status":"available"},{"id":9223372036854031871,"category":{"id":0,"name":"string"},"name":"fish","photoUrls":["string"],"tags":[{"id":0,"name":"string"}],"status":"available"},{"id":9223372036854031872,"category":{"id":0,"name":"string"},"name":"fish","photoUrls":["string"],"tags":[{"id":0,"name":"string"}],"status":"available"},{"id":234567,"category":{"id":0,"name":"string"},"name":"Puňťa","photoUrls":["string"],"tags":[{"id":0,"name":"string"}],"status":"available"},{"id":9223372036854031873,"category":{"id":0,"name":"string"},"name":"Puff","photoUrls":["string"],"tags":[{"id":0,"name":"string"}],"status":"available"},{"id":9223372036854031874,"category":{"id":0,"name":"string"},"name":"Tiger565968","photoUrls":["string"],"tags":[{"id":0,"name":"string"}],"status":"available"},{"id":9223372036854031875,"category":{"id":0,"name":"string"},"name":"Tiger4506656","photoUrls":["string"],"tags":[{"id":0,"name":"string"}],"status":"available"},{"id":9223372036854031876,"category":{"id":0,"name":"string"},"name":"Tiger5504183","photoUrls":["string"],"tags":[{"id":0,"name":"string"}],"status":"available"},{"id":9223372036854031879,"category":{"id":0,"name":"string"},"name":"doggie","photoUrls":["string"],"tags":[{"id":0,"name":"string"}],"status":"available"},{"id":9223372036854031880,"category":{"id":0,"name":"string"},"name":"doggie","photoUrls":["string"],"tags":[{"id":0,"name":"string"}],"status":"available"},{"id":9223372036854031881,"category":{"id":0,"name":"string"},"name":"Tiger1760402","photoUrls":["string"],"tags":[{"id":0,"name":"string"}],"status":"available"},{"id":9223372036854031882,"category":{"id":0,"name":"string"},"name":"doggie","photoUrls":["string"],"tags":[{"id":0,"name":"string"}],"status":"available"},{"id":9223372036854031883,"category":{"id":0,"name":"string"},"name":"doggie","photoUrls":["string"],"tags":[{"id":0,"name":"string"}],"status":"available"},{"id":9223372036854031884,"category":{"id":0,"name":"string"},"name":"Вася_меняем","photoUrls":["https://images.app.goo.gl/iYNub8fsUdJ4xVwo6"],"tags":[{"id":0,"name":"string"}],"status":"available"},{"id":9223372036854031885,"category":{"id":0,"name":"string"},"name":"fish","photoUrls":["string"],"tags":[{"id":0,"name":"string"}],"status":"available"},{"id":42,"category":{"id":1,"name":"Dogs"},"name":"Buddysik","photoUrls":["https://example.com/photos/buddy.jpg"],"tags":[{"id":7,"name":"Cute"}],"status":"available"},{"id":9223372036854031886,"category":{"id":0,"name":"string"},"name":"Tiger5016317","photoUrls":["string"],"tags":[{"id":0,"name":"string"}],"status":"available"},{"id":9223372036854031887,"category":{"id":0,"name":"string"},"name":"Tiger5227595","photoUrls":["string"],"tags":[{"id":0,"name":"string"}],"status":"available"},{"id":2323,"category":{"id":0,"name":"string"},"name":"dog","photoUrls":["string"],"tags":[{"id":0,"name":"tomy"}],"status":"available"},{"id":9223372036854031890,"category":{"id":0,"name":"string"},"name":"Tiger8486296","photoUrls":["string"],"tags":[{"id":0,"name":"string"}],"status":"available"},{"id":9223372036854031891,"category":{"id":0,"name":"string"},"name":"Tiger1378620","photoUrls":["string"],"tags":[{"id":0,"name":"string"}],"status":"available"},{"id":9223372036854031892,"category":{"id":0,"name":"string"},"name":"Tiger4531197","photoUrls":["string"],"tags":[{"id":0,"name":"string"}],"status":"available"},{"id":420,"category":{"id":42,"name":"Chihuahua"},"name":"PasBre","photoUrls":["string"],"tags":[{"id":0,"name":"string"}],"status":"available"},{"id":9223372036854031893,"category":{"id":0,"name":"string"},"name":"Tiger6034489","photoUrls":["string"],"tags":[{"id":0,"name":"string"}],"status":"available"},{"id":9223372036854031894,"category":{"id":0,"name":"string"},"name":"Tiger6455156","photoUrls":["string"],"tags":[{"id":0,"name":"string"}],"status":"available"},{"id":9223372036854031895,"category":{"id":0,"name":"string"},"name":"Tiger7585277","photoUrls":["string"],"tags":[{"id":0,"name":"string"}],"status":"available"},{"id":9223372036854031896,"name":"doggie","photoUrls":["string"],"tags":[],"status":"available"},{"id":9223372036854031897,"category":{"id":8212614,"name":"voluptate ea qui sint"},"name":"doggie","photoUrls":["quis Lorem Duis aute","veniam nulla culpa"],"tags":[{"id":-42092226,"name":"labore"},{"id":-72688380,"name":"consectetur sint qui"}],"status":"available"},{"id":9223372036854031898,"category":{"id":0,"name":"string"},"name":"Tiger5497091","photoUrls":["string"],"tags":[{"id":0,"name":"string"}],"status":"available"},{"id":9223372036854031899,"category":{"id":0,"name":"string"},"name":"Tiger9650593","photoUrls":["string"],"tags":[{"id":0,"name":"string"}],"status":"available"},{"id":9223372036854031900,"category":{"id":0,"name":"string"},"name":"doggie","photoUrls":["string"],"tags":[{"id":0,"name":"string"}],"status":"available"},{"id":9223372036854031901,"category":{"id":0,"name":"string"},"name":"doggie","photoUrls":["string"],"tags":[{"id":0,"name":"string"}],"status":"available"},{"id":9223372036854031902,"category":{"id":0,"name":"string"},"name":"Tiger6894590","photoUrls":["string"],"tags":[{"id":0,"name":"string"}],"status":"available"},{"id":9223372036854031903,"category":{"id":0,"name":"string"},"name":"Tiger7586740","photoUrls":["string"],"tags":[{"id":0,"name":"string"}],"status":"available"},{"id":9223372036854031904,"category":{"id":0,"name":"string"},"name":"Tiger7641151","photoUrls":["string"],"tags":[{"id":0,"name":"string"}],"status":"available"},{"id":9223372036854031905,"category":{"id":0,"name":"string"},"name":"Tiger7532226","photoUrls":["string"],"tags":[{"id":0,"name":"string"}],"status":"available"},{"id":9223372036854031906,"category":{"id":0,"name":"string"},"name":"Tiger6061640","photoUrls":["string"],"tags":[{"id":0,"name":"string"}],"status":"available"},{"id":9223372036854031907,"category":{"id":0,"name":"string"},"name":"Tiger8385691","photoUrls":["string"],"tags":[{"id":0,"name":"string"}],"status":"available"},{"id":9223372036854031908,"category":{"id":0,"name":"string"},"name":"Tiger3060941","photoUrls":["string"],"tags":[{"id":0,"name":"string"}],"status":"available"},{"id":9223372036854031909,"category":{"id":0,"name":"string"},"name":"Tiger4595092","photoUrls":["string"],"tags":[{"id":0,"name":"string"}],"status":"available"},{"id":9223372036854031910,"category":{"id":0,"name":"string"},"name":"Tiger1657647","photoUrls":["string"],"tags":[{"id":0,"name":"string"}],"status":"available"},{"id":9223372036854031911,"category":{"id":0,"name":"string"},"name":"Tiger2039321","photoUrls":["string"],"tags":[{"id":0,"name":"string"}],"status":"available"},{"id":9223372036854031912,"category":{"id":0,"name":"string"},"name":"fish","photoUrls":["string"],"tags":[{"id":0,"name":"string"}],"status":"available"},{"id":201425,"category":{"id":54,"name":"sint"},"name":"ox","photoUrls":["www.adolfo-gerlach.com"],"tags":[{"id":70,"name":"magni"}],"status":"available"},{"id":121173,"category":{"id":0,"name":"string"},"name":"doggie","photoUrls":["string"],"tags":[{"id":0,"name":"string"}],"status":"available"},{"id":9223372036854031921,"category":{"id":0,"name":"string"},"name":"kangaroo","photoUrls":["string"],"tags":[{"id":0,"name":"small"}],"status":"available"},{"id":9223372036854031922,"category":{"id":0,"name":"string"},"name":"doggie","photoUrls":["string"],"tags":[{"id":0,"name":"string"}],"status":"available"},{"id":9223372036854031925,"category":{"id":0,"name":"string"},"name":"doggie","photoUrls":["string"],"tags":[{"id":0,"name":"string"}],"status":"available"},{"id":9223372036854031932,"category":{"id":0,"name":"string"},"name":"doggie","photoUrls":["string"],"tags":[{"id":0,"name":"string"}],"status":"available"},{"id":941,"category":{"id":367,"name":"dog"},"name":"Lamar","photoUrls":[],"tags":[],"status":"available"},{"id":9223372036854031933,"category":{"id":0,"name":"string"},"name":"doggie","photoUrls":["string"],"tags":[{"id":0,"name":"string"}],"status":"available"},{"id":9223372036854031934,"category":{"id":0,"name":"string"},"name":"kangaroo","photoUrls":["string"],"tags":[{"id":0,"name":"small"}],"status":"available"},{"id":9223372036854031937,"category":{"id":0,"name":"string"},"name":"doggie","photoUrls":["string"],"tags":[{"id":0,"name":"string"}],"status":"available"},{"id":398,"category":{"id":959,"name":"dog"},"name":"Thea","photoUrls":[],"tags":[],"status":"available"},{"id":9223372036854031940,"category":{"id":0,"name":"string"},"name":"fish","photoUrls":["string"],"tags":[{"id":0,"name":"string"}],"status":"available"},{"id":9223372036854031941,"category":{"id":0,"name":"string"},"name":"kangaroo","photoUrls":["string"],"tags":[{"id":0,"name":"small"}],"status":"available"},{"id":9223372036854031943,"category":{"id":0,"name":"string"},"name":"doggie","photoUrls":["string"],"tags":[{"id":0,"name":"string"}],"status":"available"},{"id":921,"category":{"id":321,"name":"dog"},"name":"Sarah","photoUrls":[],"tags":[],"status":"available"},{"id":9223372036854031949,"category":{"id":0,"name":"string"},"name":"doggie","photoUrls":["string"],"tags":[{"id":0,"name":"string"}],"status":"available"},{"id":9223372036854031950,"category":{"id":0,"name":"string"},"name":"fish","photoUrls":["string"],"tags":[{"id":0,"name":"string"}],"status":"available"},{"id":9223372036854031953,"category":{"id":0,"name":"string"},"name":"fish","photoUrls":["string"],"tags":[{"id":0,"name":"string"}],"status":"available"},{"id":9223372036854031954,"category":{"id":0,"name":"string"},"name":"Puff","photoUrls":["string"],"tags":[{"id":0,"name":"string"}],"status":"available"},{"id":9223372036854031955,"category":{"id":0,"name":"string"},"name":"doggie","photoUrls":["string"],"tags":[{"id":0,"name":"string"}],"status":"available"},{"id":9223372036854031956,"category":{"id":0,"name":"string"},"name":"doggie","photoUrls":["string"],"tags":[{"id":0,"name":"string"}],"status":"available"},{"id":1245,"category":{"id":1245,"name":"xyz"},"name":"xyz","photoUrls":["test"],"tags":[],"status":"available"},{"id":9223372036854031963,"category":{"id":0,"name":"string"},"name":"kangaroo","photoUrls":["string"],"tags":[{"id":0,"name":"small"}],"status":"available"},{"id":9223372036854031964,"category":{"id":0,"name":"string"},"name":"doggie","photoUrls":["string"],"tags":[{"id":0,"name":"string"}],"status":"available"},{"id":9223372036854031965,"category":{"id":0,"name":"string"},"name":"doggie","photoUrls":["string"],"tags":[{"id":0,"name":"string"}],"status":"available"},{"id":9223372036854031966,"category":{"id":0,"name":"string"},"name":"doggie","photoUrls":["string"],"tags":[{"id":0,"name":"string"}],"status":"available"},{"id":9223372036854031967,"category":{"id":0,"name":"string"},"name":"doggie","photoUrls":["string"],"tags":[{"id":0,"name":"string"}],"status":"available"},{"id":9223372036854031970,"category":{"id":0,"name":"string"},"name":"doggie","photoUrls":["string"],"tags":[{"id":0,"name":"string"}],"status":"available"},{"id":9223372036854031971,"category":{"id":0,"name":"string"},"name":"doggie","photoUrls":["string"],"tags":[{"id":0,"name":"string"}],"status":"available"},{"id":223,"category":{"id":109,"name":"puppy"},"name":"Jordanian Dinar","photoUrls":["string"],"tags":[{"id":112,"name":"dogs"}],"status":"available"},{"id":9223372036854031972,"category":{"id":0,"name":"string"},"name":"doggie","photoUrls":["string"],"tags":[{"id":0,"name":"string"}],"status":"available"},{"id":9223372036854031973,"category":{"id":0,"name":"string"},"name":"fish","photoUrls":["string"],"tags":[{"id":0,"name":"string"}],"status":"available"},{"id":9223372036854031974,"category":{"id":0,"name":"string"},"name":"fish","photoUrls":["string"],"tags":[{"id":0,"name":"string"}],"status":"available"},{"id":9223372036854031975,"category":{"id":0,"name":"string"},"name":"doggie","photoUrls":["string"],"tags":[{"id":0,"name":"string"}],"status":"available"},{"id":9223372036854031976,"category":{"id":0,"name":"string"},"name":"doggie","photoUrls":["string"],"tags":[{"id":0,"name":"string"}],"status":"available"},{"id":9223372036854031977,"category":{"id":0,"name":"string"},"name":"fish","photoUrls":["string"],"tags":[{"id":0,"name":"string"}],"status":"available"},{"id":9223372036854031978,"category":{"id":0,"name":"string"},"name":"doggie","photoUrls":["string"],"tags":[{"id":0,"name":"string"}],"status":"available"},{"id":9223372036854031983,"category":{"id":0,"name":"string"},"name":"kangaroo","photoUrls":["string"],"tags":[{"id":0,"name":"small"}],"status":"available"},{"id":9223372036854031987,"category":{"id":0,"name":"string"},"name":"kangaroo","photoUrls":["string"],"tags":[{"id":0,"name":"small"}],"status":"available"},{"id":9223372036854031988,"category":{"id":0,"name":"string"},"name":"doggie","photoUrls":["string"],"tags":[{"id":0,"name":"string"}],"status":"available"},{"id":9223372036854031992,"category":{"id":0,"name":"string"},"name":"doggie","photoUrls":["string"],"tags":[{"id":0,"name":"string"}],"status":"available"},{"id":9223372036854031993,"category":{"id":0,"name":"string"},"name":"kangaroo","photoUrls":["string"],"tags":[{"id":0,"name":"small"}],"status":"available"},{"id":9223372036854031998,"category":{"id":0,"name":"string"},"name":"kangaroo","photoUrls":["string"],"tags":[{"id":0,"name":"small"}],"status":"available"},{"id":9223372036854031999,"category":{"id":0,"name":"string"},"name":"doggie","photoUrls":["string"],"tags":[{"id":0,"name":"string"}],"status":"available"},{"id":9223372036854032000,"category":{"id":0,"name":"string"},"name":"catdog","photoUrls":["string"],"tags":[{"id":0,"name":"string"}],"status":"available"},{"id":9223372036854032005,"category":{"id":0,"name":"string"},"name":"catdog","photoUrls":["string"],"tags":[{"id":0,"name":"string"}],"status":"available"},{"id":36071088,"category":{"id":36135777,"name":"laborum elit"},"name":"doggie","photoUrls":["elit cillum exercitation","tempor cupidatat sint aliqua"],"tags":[{"id":58986065,"name":"id ut dolore ipsum dol"},{"id":20316514,"name":"adipisicing nostrud"}],"status":"available"},{"id":9223372036854032010,"category":{"id":0,"name":"string"},"name":"catdog","photoUrls":["string"],"tags":[{"id":0,"name":"string"}],"status":"available"},{"id":9223372036854032013,"category":{"id":0,"name":"string"},"name":"fish","photoUrls":["string"],"tags":[{"id":0,"name":"string"}],"status":"available"},{"id":9223372036854032015,"category":{"id":0,"name":"string"},"name":"fish","photoUrls":["string"],"tags":[{"id":0,"name":"string"}],"status":"available"},{"id":9223372036854032016,"category":{"id":0,"name":"string"},"name":"catdog","photoUrls":["string"],"tags":[{"id":0,"name":"string"}],"status":"available"},{"id":9223372036854032020,"category":{"id":0,"name":"string"},"name":"catdog","photoUrls":["string"],"tags":[{"id":0,"name":"string"}],"status":"available"},{"id":9223372036854032021,"category":{"id":0,"name":"string"},"name":"Puff","photoUrls":["string"],"tags":[{"id":0,"name":"string"}],"status":"available"},{"id":9223372036854032022,"category":{"id":0,"name":"string"},"name":"doggie","photoUrls":["string"],"tags":[{"id":0,"name":"string"}],"status":"available"},{"id":9223372036854032023,"category":{"id":0,"name":"string"},"name":"doggie","photoUrls":["string"],"tags":[{"id":0,"name":"string"}],"status":"available"},{"id":16377,"category":{"id":16377,"name":"Category Test Name 16377"},"name":"Test Name 16377","photoUrls":["Deneme Photo Url"],"tags":[{"id":16377,"name":"Tags Test Name 16377"}],"status":"available"},{"id":9223372036854032024,"category":{"id":0,"name":"string"},"name":"catdog","photoUrls":["string"],"tags":[{"id":0,"name":"string"}],"status":"available"},{"id":9223372036854032025,"category":{"id":0,"name":"string"},"name":"doggie","photoUrls":["string"],"tags":[{"id":0,"name":"string"}],"status":"available"},{"id":9223372036854032026,"category":{"id":0,"name":"string"},"name":"doggie","photoUrls":["string"],"tags":[{"id":0,"name":"string"}],"status":"available"},{"id":9223372036854032027,"category":{"id":0,"name":"string"},"name":"fish","photoUrls":["string"],"tags":[{"id":0,"name":"string"}],"status":"available"},{"id":9223372036854032031,"category":{"id":0,"name":"string"},"name":"fish","photoUrls":["string"],"tags":[{"id":0,"name":"string"}],"status":"available"},{"id":9223372036854032033,"category":{"id":0,"name":"string"},"name":"11111","photoUrls":["string"],"tags":[{"id":0,"name":"beautiful"}],"status":"available"},{"id":9223372036854032039,"category":{"id":0,"name":"string"},"name":"doggie","photoUrls":["string"],"tags":[{"id":0,"name":"string"}],"status":"available"},{"id":39861,"category":{"id":39861,"name":"Category Test Name 39861"},"name":"Test Name 39861","photoUrls":["Deneme Photo Url"],"tags":[{"id":39861,"name":"Tags Test Name 39861"}],"status":"available"},{"id":9223372036854032059,"category":{"id":0,"name":"string"},"name":"fish","photoUrls":["string"],"tags":[{"id":0,"name":"string"}],"status":"available"},{"id":9223372036854032062,"category":{"id":0,"name":"string"},"name":"fish","photoUrls":["string"],"tags":[{"id":0,"name":"string"}],"status":"available"},{"id":9223372036854032063,"category":{"id":0,"name":"string"},"name":"fish","photoUrls":["string"],"tags":[{"id":0,"name":"string"}],"status":"available"},{"id":9223372036854032067,"category":{"id":0,"name":"string"},"name":"Puff","photoUrls":["string"],"tags":[{"id":0,"name":"string"}],"status":"available"},{"id":9223372036854032069,"category":{"id":0,"name":"string"},"name":"doggie","photoUrls":["string"],"tags":[{"id":0,"name":"string"}],"status":"available"},{"id":9223372036854032070,"category":{"id":0,"name":"string"},"name":"doggie","photoUrls":["string"],"tags":[{"id":0,"name":"string"}],"status":"available"},{"id":9223372036854032071,"category":{"id":0,"name":"string"},"name":"doggie","photoUrls":["string"],"tags":[{"id":0,"name":"string"}],"status":"available"},{"id":9223372036854032072,"category":{"id":0,"name":"string"},"name":"doggie","photoUrls":["string"],"tags":[{"id":0,"name":"string"}],"status":"available"},{"id":9223372036854032081,"category":{"id":0,"name":"string"},"name":"fish","photoUrls":["string"],"tags":[{"id":0,"name":"string"}],"status":"available"},{"id":9223372036854032082,"category":{"id":0,"name":"string"},"name":"fish","photoUrls":["string"],"tags":[{"id":0,"name":"string"}],"status":"available"},{"id":9223372036854032083,"category":{"id":0,"name":"string"},"name":"fish","photoUrls":["string"],"tags":[{"id":0,"name":"string"}],"status":"available"},{"id":9223372036854032115,"category":{"id":0,"name":"string"},"name":"fish","photoUrls":["string"],"tags":[{"id":0,"name":"string"}],"status":"available"},{"id":9223372036854032118,"category":{"id":0,"name":"string"},"name":"fish","photoUrls":["string"],"tags":[{"id":0,"name":"string"}],"status":"available"},{"id":9223372036854032119,"category":{"id":0,"name":"string"},"name":"doggie","photoUrls":["string"],"tags":[{"id":0,"name":"string"}],"status":"available"},{"id":9223372036854032125,"category":{"id":0,"name":"string"},"name":"Puff","photoUrls":["string"],"tags":[{"id":0,"name":"string"}],"status":"available"},{"id":9223372036854032135,"category":{"id":0,"name":"string"},"name":"doggie","photoUrls":["string"],"tags":[{"id":0,"name":"string"}],"status":"available"},{"id":9223372036854032136,"category":{"id":0,"name":"string"},"name":"doggie","photoUrls":["string"],"tags":[{"id":0,"name":"string"}],"status":"available"},{"id":9223372036854032137,"category":{"id":0,"name":"string"},"name":"fish","photoUrls":["string"],"tags":[{"id":0,"name":"string"}],"status":"available"},{"id":9223372036854032147,"category":{"id":0,"name":"string"},"name":"fish","photoUrls":["string"],"tags":[{"id":0,"name":"string"}],"status":"available"},{"id":9223372036854032148,"category":{"id":0,"name":"string"},"name":"doggie","photoUrls":["string"],"tags":[{"id":0,"name":"string"}],"status":"available"},{"id":9223372036854032149,"category":{"id":0,"name":"string"},"name":"doggie","photoUrls":["string"],"tags":[{"id":0,"name":"string"}],"status":"available"},{"id":7653,"category":{"id":1,"name":"crazycats"},"name":"buka","photoUrls":["string"],"tags":[{"id":0,"name":"string"}],"status":"available"},{"id":26039,"category":{"id":3,"name":"BIRD"},"name":"Shayna","photoUrls":["string"],"tags":[{"id":12,"name":"obedient"},{"id":5,"name":"loyal"},{"id":5,"name":"loyal"}],"status":"available"},{"id":9223372036854032153,"category":{"id":0,"name":"string"},"name":"doggie","photoUrls":["string"],"tags":[{"id":0,"name":"string"}],"status":"available"},{"id":9223372036854032166,"category":{"id":0,"name":"string"},"name":"fish","photoUrls":["string"],"tags":[{"id":0,"name":"string"}],"status":"available"},{"id":9223372036854032169,"category":{"id":0,"name":"string"},"name":"fish","photoUrls":["string"],"tags":[{"id":0,"name":"string"}],"status":"available"},{"id":9223372036854032170,"category":{"id":0,"name":"string"},"name":"fish","photoUrls":["string"],"tags":[{"id":0,"name":"string"}],"status":"available"},{"id":9223372036854032171,"category":{"id":0,"name":"string"},"name":"doggie","photoUrls":["string"],"tags":[{"id":0,"name":"string"}],"status":"available"},{"id":9223372036854032174,"category":{"id":0,"name":"string"},"name":"Puff","photoUrls":["string"],"tags":[{"id":0,"name":"string"}],"status":"available"},{"id":9223372036854032179,"category":{"id":0,"name":"string"},"name":"doggie","photoUrls":["string"],"tags":[{"id":0,"name":"string"}],"status":"available"},{"id":9223372036854032180,"category":{"id":0,"name":"string"},"name":"doggie","photoUrls":["string"],"tags":[{"id":0,"name":"string"}],"status":"available"},{"id":9223372036854032181,"category":{"id":0,"name":"string"},"name":"doggie","photoUrls":["string"],"tags":[{"id":0,"name":"string"}],"status":"available"},{"id":9223372036854032182,"category":{"id":0,"name":"string"},"name":"doggie","photoUrls":["string"],"tags":[{"id":0,"name":"string"}],"status":"available"},{"id":9223372036854032185,"category":{"id":0,"name":"string"},"name":"fish","photoUrls":["string"],"tags":[{"id":0,"name":"string"}],"status":"available"},{"id":9223372036854032186,"category":{"id":0,"name":"string"},"name":"fish","photoUrls":["string"],"tags":[{"id":0,"name":"string"}],"status":"available"},{"id":9223372036854032187,"category":{"id":0,"name":"string"},"name":"fish","photoUrls":["string"],"tags":[{"id":0,"name":"string"}],"status":"available"},{"id":9223372036854032188,"category":{"id":0,"name":"string"},"name":"fish","photoUrls":["string"],"tags":[{"id":0,"name":"string"}],"status":"available"},{"id":688,"category":{"id":497,"name":"Senger"},"name":"Sean","photoUrls":["http://marcia.info","http://eliseo.name"],"tags":[{"id":291,"name":"cross-platform"}],"status":"available"},{"id":55,"category":{"id":109,"name":"puppy"},"name":"Bella","photoUrls":["string"],"tags":[{"id":112,"name":"dogs"},{"id":113,"name":"middle breed"}],"status":"available"},{"id":9223372036854032235,"category":{"id":0,"name":"string"},"name":"fish","photoUrls":["string"],"tags":[{"id":0,"name":"string"}],"status":"available"},{"id":9223372036854032236,"category":{"id":0,"name":"string"},"name":"fish","photoUrls":["string"],"tags":[{"id":0,"name":"string"}],"status":"available"},{"id":9223372036854032237,"category":{"id":0,"name":"string"},"name":"doggie","photoUrls":["string"],"tags":[{"id":0,"name":"string"}],"status":"available"},{"id":9223372036854032238,"category":{"id":0,"name":"string"},"name":"Puff","photoUrls":["string"],"tags":[{"id":0,"name":"string"}],"status":"available"},{"id":9223372036854032246,"category":{"id":0,"name":"string"},"name":"doggie","photoUrls":["string"],"tags":[{"id":0,"name":"string"}],"status":"available"},{"id":9223372036854032247,"category":{"id":0,"name":"string"},"name":"doggie","photoUrls":["string"],"tags":[{"id":0,"name":"string"}],"status":"available"},{"id":9223372036854032248,"category":{"id":0,"name":"string"},"name":"doggie","photoUrls":["string"],"tags":[{"id":0,"name":"string"}],"status":"available"},{"id":9223372036854032249,"category":{"id":0,"name":"string"},"name":"doggie","photoUrls":["string"],"tags":[{"id":0,"name":"string"}],"status":"available"},{"id":9223372036854032250,"category":{"id":0,"name":"string"},"name":"fish","photoUrls":["string"],"tags":[{"id":0,"name":"string"}],"status":"available"},{"id":9223372036854032270,"category":{"id":0,"name":"string"},"name":"fish","photoUrls":["string"],"tags":[{"id":0,"name":"string"}],"status":"available"},{"id":9223372036854032274,"category":{"id":0,"name":"string"},"name":"doggie","photoUrls":["string"],"tags":[{"id":0,"name":"string"}],"status":"available"},{"id":9223372036854032278,"category":{"id":0,"name":"string"},"name":"doggie","photoUrls":["string"],"tags":[{"id":0,"name":"string"}],"status":"available"},{"id":9223372036854032288,"category":{"id":0,"name":"string"},"name":"fish","photoUrls":["string"],"tags":[{"id":0,"name":"string"}],"status":"available"},{"id":9223372036854032290,"category":{"id":0,"name":"string"},"name":"fish","photoUrls":["string"],"tags":[{"id":0,"name":"string"}],"status":"available"},{"id":9223372036854032291,"category":{"id":0,"name":"string"},"name":"fish","photoUrls":["string"],"tags":[{"id":0,"name":"string"}],"status":"available"},{"id":9223372036854032292,"category":{"id":0,"name":"string"},"name":"Puff","photoUrls":["string"],"tags":[{"id":0,"name":"string"}],"status":"available"},{"id":9223372036854032299,"category":{"id":0,"name":"string"},"name":"doggie","photoUrls":["string"],"tags":[{"id":0,"name":"string"}],"status":"available"},{"id":9223372036854032300,"category":{"id":0,"name":"string"},"name":"doggie","photoUrls":["string"],"tags":[{"id":0,"name":"string"}],"status":"available"},{"id":9223372036854032303,"category":{"id":0,"name":"string"},"name":"doggie","photoUrls":["string"],"tags":[{"id":0,"name":"string"}],"status":"available"},{"id":9223372036854032304,"category":{"id":0,"name":"string"},"name":"doggie","photoUrls":["string"],"tags":[{"id":0,"name":"string"}],"status":"available"},{"id":9223372036854032306,"category":{"id":0,"name":"string"},"name":"11111","photoUrls":["string"],"tags":[{"id":0,"name":"beautiful"}],"status":"available"},{"id":9223372036854032309,"category":{"id":0,"name":"string"},"name":"fish","photoUrls":["string"],"tags":[{"id":0,"name":"string"}],"status":"available"},{"id":9223372036854032310,"category":{"id":0,"name":"string"},"name":"fish","photoUrls":["string"],"tags":[{"id":0,"name":"string"}],"status":"available"},{"id":9223372036854032311,"category":{"id":0,"name":"string"},"name":"fish","photoUrls":["string"],"tags":[{"id":0,"name":"string"}],"status":"available"},{"id":9223372036854032312,"category":{"id":0,"name":"string"},"name":"11111","photoUrls":["string"],"tags":[{"id":0,"name":"beautiful"}],"status":"available"},{"id":136,"category":{"id":136,"name":"8rncp"},"photoUrls":[],"tags":[],"status":"available"},{"id":9223372036854032342,"category":{"id":0,"name":"string"},"name":"11111","photoUrls":["string"],"tags":[{"id":0,"name":"beautiful"}],"status":"available"},{"id":9223372036854032343,"category":{"id":0,"name":"string"},"name":"fish","photoUrls":["string"],"tags":[{"id":0,"name":"string"}],"status":"available"},{"id":9223372036854032344,"category":{"id":0,"name":"string"},"name":"fish","photoUrls":["string"],"tags":[{"id":0,"name":"string"}],"status":"available"},{"id":9223372036854032345,"category":{"id":0,"name":"string"},"name":"Puff","photoUrls":["string"],"tags":[{"id":0,"name":"string"}],"status":"available"},{"id":9223372036854032350,"category":{"id":0,"name":"string"},"name":"doggie","photoUrls":["string"],"tags":[{"id":0,"name":"string"}],"status":"available"},{"id":9223372036854032351,"category":{"id":0,"name":"string"},"name":"doggie","photoUrls":["string"],"tags":[{"id":0,"name":"string"}],"status":"available"},{"id":9223372036854032352,"category":{"id":0,"name":"string"},"name":"doggie","photoUrls":["string"],"tags":[{"id":0,"name":"string"}],"status":"available"},{"id":9223372036854032353,"category":{"id":0,"name":"string"},"name":"doggie","photoUrls":["string"],"tags":[{"id":0,"name":"string"}],"status":"available"},{"id":9223372036854032357,"category":{"id":0,"name":"string"},"name":"fish","photoUrls":["string"],"tags":[{"id":0,"name":"string"}],"status":"available"},{"id":9223372036854032360,"category":{"id":0,"name":"string"},"name":"fish","photoUrls":["string"],"tags":[{"id":0,"name":"string"}],"status":"available"},{"id":9223372036854032365,"category":{"id":0,"name":"string"},"name":"doggie","photoUrls":["string"],"tags":[{"id":0,"name":"string"}],"status":"available"},{"id":9223372036854032387,"category":{"id":0,"name":"string"},"name":"fish","photoUrls":["string"],"tags":[{"id":0,"name":"string"}],"status":"available"},{"id":45,"category":{"id":0,"name":"cat"},"name":"camell","photoUrls":["string"],"tags":[{"id":45,"name":"greate"},{"id":45100,"name":"pig"}],"status":"available"},{"id":9223372036854032391,"category":{"id":0,"name":"string"},"name":"fish","photoUrls":["string"],"tags":[{"id":0,"name":"string"}],"status":"available"},{"id":9223372036854032392,"category":{"id":0,"name":"string"},"name":"fish","photoUrls":["string"],"tags":[{"id":0,"name":"string"}],"status":"available"},{"id":9223372036854032394,"category":{"id":0,"name":"string"},"name":"Puff","photoUrls":["string"],"tags":[{"id":0,"name":"string"}],"status":"available"},{"id":9223372036854032397,"category":{"id":0,"name":"string"},"name":"doggie","photoUrls":["string"],"tags":[{"id":0,"name":"string"}],"status":"available"},{"id":9223372036854032399,"category":{"id":0,"name":"string"},"name":"doggie","photoUrls":["string"],"tags":[{"id":0,"name":"string"}],"status":"available"},{"id":9223372036854032402,"category":{"id":0,"name":"string"},"name":"doggie","photoUrls":["string"],"tags":[{"id":0,"name":"string"}],"status":"available"},{"id":9223372036854032403,"category":{"id":0,"name":"string"},"name":"doggie","photoUrls":["string"],"tags":[{"id":0,"name":"string"}],"status":"available"},{"id":9223372036854032413,"category":{"id":0,"name":"string"},"name":"fish","photoUrls":["string"],"tags":[{"id":0,"name":"string"}],"status":"available"},{"id":9223372036854032414,"category":{"id":0,"name":"string"},"name":"fish","photoUrls":["string"],"tags":[{"id":0,"name":"string"}],"status":"available"},{"id":9223372036854032415,"category":{"id":0,"name":"string"},"name":"fish","photoUrls":["string"],"tags":[{"id":0,"name":"string"}],"status":"available"},{"id":9223372036854032416,"category":{"id":0,"name":"string"},"name":"11111","photoUrls":["string"],"tags":[{"id":0,"name":"beautiful"}],"status":"available"},{"id":9223372036854032441,"category":{"id":0,"name":"string"},"name":"fish","photoUrls":["string"],"tags":[{"id":0,"name":"string"}],"status":"available"},{"id":9223372036854032442,"category":{"id":0,"name":"string"},"name":"fish","photoUrls":["string"],"tags":[{"id":0,"name":"string"}],"status":"available"},{"id":9223372036854032443,"category":{"id":0,"name":"string"},"name":"doggie","photoUrls":["string"],"tags":[{"id":0,"name":"string"}],"status":"available"},{"id":9223372036854032444,"category":{"id":0,"name":"string"},"name":"Puff","photoUrls":["string"],"tags":[{"id":0,"name":"string"}],"status":"available"},{"id":9223372036854032445,"category":{"id":0,"name":"string"},"name":"doggie","photoUrls":["string"],"tags":[{"id":0,"name":"string"}],"status":"available"},{"id":9223372036854032446,"category":{"id":0,"name":"string"},"name":"doggie","photoUrls":["string"],"tags":[{"id":0,"name":"string"}],"status":"available"},{"id":9223372036854032449,"category":{"id":0,"name":"string"},"name":"doggie","photoUrls":["string"],"tags":[{"id":0,"name":"string"}],"status":"available"},{"id":9223372036854032450,"category":{"id":0,"name":"string"},"name":"doggie","photoUrls":["string"],"tags":[{"id":0,"name":"string"}],"status":"available"},{"id":9223372036854032453,"category":{"id":0,"name":"string"},"name":"fish","photoUrls":["string"],"tags":[{"id":0,"name":"string"}],"status":"available"},{"id":9223372036854032468,"category":{"id":0,"name":"string"},"name":"test","photoUrls":["string"],"tags":[{"id":0,"name":"string"}],"status":"available"},{"id":9223372036854032469,"category":{"id":0,"name":"string"},"name":"test","photoUrls":["string"],"tags":[{"id":0,"name":"string"}],"status":"available"},{"id":9223372036854032470,"category":{"id":0,"name":"string"},"name":"test","photoUrls":["string"],"tags":[{"id":0,"name":"string"}],"status":"available"},{"id":9223372036854032471,"category":{"id":0,"name":"string"},"name":"test","photoUrls":["string"],"tags":[{"id":0,"name":"string"}],"status":"available"},{"id":9223372036854032472,"category":{"id":0,"name":"string"},"name":"fish","photoUrls":["string"],"tags":[{"id":0,"name":"string"}],"status":"available"},{"id":9223372036854032478,"category":{"id":0,"name":"string"},"name":"doggie","photoUrls":["string"],"tags":[{"id":0,"name":"string"}],"status":"available"},{"id":9223372036854032479,"category":{"id":0,"name":"Cat"},"name":"Bonaparte","photoUrls":["string"],"tags":[{"id":0,"name":"Cat"}],"status":"available"},{"id":9223372036854032496,"category":{"id":0,"name":"string"},"name":"fish","photoUrls":["string"],"tags":[{"id":0,"name":"string"}],"status":"available"},{"id":9223372036854032501,"category":{"id":0,"name":"string"},"name":"doggie","photoUrls":["string"],"tags":[{"id":0,"name":"string"}],"status":"available"},{"id":112233,"category":{"id":30,"name":"Eq-dog"},"name":"Postman","photoUrls":["URLLink"],"tags":[{"id":10,"name":"Doberman"}],"status":"available"},{"id":9223372036854032505,"category":{"id":0,"name":"string"},"name":"fish","photoUrls":["string"],"tags":[{"id":0,"name":"string"}],"status":"available"},{"id":9223372036854032506,"category":{"id":0,"name":"string"},"name":"fish","photoUrls":["string"],"tags":[{"id":0,"name":"string"}],"status":"available"},{"id":9223372036854032509,"category":{"id":0,"name":"string"},"name":"Puff","photoUrls":["string"],"tags":[{"id":0,"name":"string"}],"status":"available"},{"id":9223372036854032510,"category":{"id":0,"name":"string"},"name":"11111","photoUrls":["string"],"tags":[{"id":0,"name":"beautiful"}],"status":"available"},{"id":9223372036854032511,"category":{"id":0,"name":"string"},"name":"doggie","photoUrls":["string"],"tags":[{"id":0,"name":"string"}],"status":"available"},{"id":9223372036854032512,"category":{"id":0,"name":"string"},"name":"doggie","photoUrls":["string"],"tags":[{"id":0,"name":"string"}],"status":"available"},{"id":9223372036854032515,"category":{"id":0,"name":"string"},"name":"doggie","photoUrls":["string"],"tags":[{"id":0,"name":"string"}],"status":"available"},{"id":9223372036854032516,"category":{"id":0,"name":"string"},"name":"doggie","photoUrls":["string"],"tags":[{"id":0,"name":"string"}],"status":"available"},{"id":9223372036854032523,"category":{"id":0,"name":"string"},"name":"fish","photoUrls":["string"],"tags":[{"id":0,"name":"string"}],"status":"available"},{"id":12,"category":{"id":1,"name":"string"},"name":"doggie","photoUrls":["string"],"tags":[{"id":1,"name":"string"}],"status":"available"},{"id":9223372036854032524,"category":{"id":0,"name":"string"},"name":"11111","photoUrls":["string"],"tags":[{"id":0,"name":"beautiful"}],"status":"available"},{"id":9223372036854032525,"category":{"id":0,"name":"string"},"name":"fish","photoUrls":["string"],"tags":[{"id":0,"name":"string"}],"status":"available"},{"id":9223372036854032526,"category":{"id":0,"name":"string"},"name":"fish","photoUrls":["string"],"tags":[{"id":0,"name":"string"}],"status":"available"},{"id":9223372036854032527,"category":{"id":0,"name":"string"},"name":"fish","photoUrls":["string"],"tags":[{"id":0,"name":"string"}],"status":"available"},{"id":9223372036854032536,"category":{"id":0,"name":"string"},"name":"pies","photoUrls":["string"],"tags":[{"id":0,"name":"junior"}],"status":"available"},{"id":9223372036854032537,"category":{"id":0,"name":"string"},"name":"kot","photoUrls":["string"],"tags":[{"id":0,"name":"little"}],"status":"available"},{"id":9223372036854032540,"category":{"id":2,"name":"Cats"},"name":"Tom","photoUrls":[],"tags":[],"status":"available"},{"id":9223372036854032572,"category":{"id":0,"name":"string"},"name":"doggie","photoUrls":["string"],"tags":[{"id":0,"name":"string"}],"status":"available"},{"id":9223372036854032574,"category":{"id":0,"name":"string"},"name":"fish","photoUrls":["string"],"tags":[{"id":0,"name":"string"}],"status":"available"},{"id":9222968140491042131,"category":{"id":0,"name":"string"},"name":"doggie","photoUrls":["string"],"tags":[{"id":0,"name":"string"}],"status":"available"},{"id":9223372036854032575,"category":{"id":0,"name":"string"},"name":"fish","photoUrls":["string"],"tags":[{"id":0,"name":"string"}],"status":"available"},{"id":9223372036854032576,"category":{"id":0,"name":"Pomeranian"},"name":"Yeontn","photoUrls":["https://www.google.com/url?sa=i&url=https%3A%2F%2Fwikibio.in%2Fyeontan%2F&psig=AOvVaw0UdJeOGlk-jKSOtT-nplW1&ust=1682581409377000&source=images&cd=vfe&ved=0CA4QjRxqFwoTCMCQvJiuyP4CFQAAAAAdAAAAABAI"],"tags":[{"id":0,"name":"Dog"}],"status":"available"},{"id":9223372036854032577,"category":{"id":0,"name":"string"},"name":"Wanda Howell","photoUrls":["string"],"tags":[{"id":0,"name":"string"}],"status":"available"},{"id":9223372036854032578,"name":"Azorell without category","photoUrls":["https://i.insider.com/5489a390eab8ea6938b17e33?width=300&format=jpeg&auto=webp"],"tags":[{"id":0,"name":"castrat"}],"status":"available"},{"id":9223372036854032579,"category":{"id":0,"name":"dalmatian"},"photoUrls":["https://i.insider.com/5484a322eab8ea6938b17e33?width=300&format=jpeg&auto=webp"],"tags":[{"id":0,"name":"castrat"}],"status":"available"},{"id":9223372036854032584,"name":"Grivei update","photoUrls":[],"tags":[{"id":1,"name":"dalmatian"}],"status":"available"},{"id":1234321,"category":{"id":0,"name":"Cat"},"name":"Pamuk","photoUrls":["string"],"tags":[{"id":0,"name":"My cute cat"}],"status":"available"},{"id":9223372036854032585,"category":{"id":0,"name":"Cat"},"name":"cotton","photoUrls":["string"],"tags":[{"id":0,"name":"my lovely cat"}],"status":"available"},{"id":9223372036854032586,"category":{"id":0,"name":"string"},"name":"Puff","photoUrls":["string"],"tags":[{"id":0,"name":"string"}],"status":"available"},{"id":9223372036854032590,"category":{"id":0,"name":"Nemo"},"name":"Fish","photoUrls":["https://avatars.mds.yandex.net/i?id=1987d977026b87b0889f11fa19ed76ffd75699d0-10876270-images-thumbs&n=13"],"tags":[{"id":0,"name":"string"}],"status":"available"},{"id":9223372016900017280,"category":{"id":0,"name":"FISH NEMO"},"name":"NEMO FISH","photoUrls":["string"],"tags":[{"id":0,"name":"string"}],"status":"available"},{"id":9223372036854032593,"category":{"id":0,"name":"string"},"name":"doggie","photoUrls":["string"],"tags":[{"id":0,"name":"string"}],"status":"available"},{"id":9223372036854032594,"category":{"id":0,"name":"string"},"name":"doggie","photoUrls":["string"],"tags":[{"id":0,"name":"string"}],"status":"available"},{"id":9223372036854032595,"category":{"id":0,"name":"string"},"name":"doggie","photoUrls":["string"],"tags":[{"id":0,"name":"string"}],"status":"available"},{"id":42181115,"category":{"id":8557341,"name":"ut nisi"},"name":"doggie","photoUrls":["fugiat cillum","cillum"],"tags":[{"id":67927893,"name":"et Excepteur ad"},{"id":-13431872,"name":"sint ut"}],"status":"available"},{"id":20083319,"category":{"id":62517053,"name":"non anim quis"},"name":"doggie","photoUrls":["enim Ut","ad "],"tags":[{"id":-59403361,"name":"nulla ad"},{"id":-56161569,"name":"ullamco ex"}],"status":"available"},{"id":9223372036854032596,"category":{"id":0,"name":"string"},"name":"doggie","photoUrls":["string"],"tags":[{"id":0,"name":"string"}],"status":"available"},{"id":121212,"category":{"id":0,"name":"birdie"},"name":"cikcik","photoUrls":["string"],"tags":[{"id":0,"name":"cute"}],"status":"available"},{"id":9223372036854032599,"category":{"id":0,"name":"string"},"name":"fish","photoUrls":["string"],"tags":[{"id":0,"name":"string"}],"status":"available"},{"id":9223372036854032611,"category":{"id":0,"name":"string"},"name":"fish","photoUrls":["string"],"tags":[{"id":0,"name":"string"}],"status":"available"},{"id":9223372036854032612,"category":{"id":0,"name":"string"},"name":"Вася_меняем","photoUrls":["https://images.app.goo.gl/iYNub8fsUdJ4xVwo6"],"tags":[{"id":0,"name":"string"}],"status":"available"},{"id":9223372036854032616,"category":{"id":0,"name":"string"},"name":"doggie","photoUrls":["string"],"tags":[{"id":0,"name":"string"}],"status":"available"},{"id":9223372036854032621,"category":{"id":0,"name":"string"},"name":"doggie","photoUrls":["string"],"tags":[{"id":0,"name":"string"}],"status":"available"},{"id":9223372036854032622,"category":{"id":0,"name":"string"},"name":"pies","photoUrls":["string"],"tags":[{"id":0,"name":"junior"}],"status":"available"},{"id":9223372036854032623,"category":{"id":0,"name":"string"},"name":"kot","photoUrls":["string"],"tags":[{"id":0,"name":"little"}],"status":"available"},{"id":9223372036854032630,"category":{"id":0,"name":"string"},"name":"Moti","photoUrls":["string"],"tags":[{"id":0,"name":"string"}],"status":"available"},{"id":9223372036854032634,"category":{"id":0,"name":"string"},"name":"fish","photoUrls":["string"],"tags":[{"id":0,"name":"string"}],"status":"available"},{"id":99,"category":{"id":1,"name":"name"},"name":"FullName","photoUrls":["testUrl"],"tags":[{"id":1,"name":"tagName"},{"id":2,"name":"tagName2"}],"status":"available"},{"id":9223372036854032648,"category":{"id":0,"name":"string"},"name":"fish","photoUrls":["string"],"tags":[{"id":0,"name":"string"}],"status":"available"},{"id":9223372036854032649,"category":{"id":0,"name":"string"},"name":"fish","photoUrls":["string"],"tags":[{"id":0,"name":"string"}],"status":"available"},{"id":9223372036854032650,"category":{"id":0,"name":"string"},"name":"11111","photoUrls":["string"],"tags":[{"id":0,"name":"beautiful"}],"status":"available"},{"id":9223372036854032651,"category":{"id":0,"name":"string"},"name":"Puff","photoUrls":["string"],"tags":[{"id":0,"name":"string"}],"status":"available"},{"id":9223372036854032652,"category":{"id":0,"name":"string"},"name":"doggie","photoUrls":["string"],"tags":[{"id":0,"name":"string"}],"status":"available"},{"id":9223372036854032653,"category":{"id":0,"name":"string"},"name":"doggie","photoUrls":["string"],"tags":[{"id":0,"name":"string"}],"status":"available"},{"id":1324,"category":{"id":2,"name":"rabbit"},"name":"fox","photoUrls":["string"],"tags":[{"id":3,"name":"beautiful"},{"id":4,"name":"small"}],"status":"available"},{"id":9223372036854032655,"category":{"id":0,"name":"string"},"name":"doggie","photoUrls":["string"],"tags":[{"id":0,"name":"string"}],"status":"available"},{"id":9223372036854032656,"category":{"id":0,"name":"string"},"name":"doggie","photoUrls":["string"],"tags":[{"id":0,"name":"string"}],"status":"available"},{"id":9223372036854032665,"category":{"id":0,"name":"string"},"name":"doggie","photoUrls":["string"],"tags":[{"id":0,"name":"string"}],"status":"available"},{"id":9223372036854032666,"category":{"id":0,"name":"string"},"name":"fish","photoUrls":["string"],"tags":[{"id":0,"name":"string"}],"status":"available"},{"id":9223372036854032667,"category":{"id":0,"name":"string"},"name":"fish","photoUrls":["string"],"tags":[{"id":0,"name":"string"}],"status":"available"},{"id":9223372036854032668,"category":{"id":0,"name":"string"},"name":"fish","photoUrls":["string"],"tags":[{"id":0,"name":"string"}],"status":"available"},{"id":9223372036854032675,"category":{"id":0,"name":"string"},"name":"doggie","photoUrls":["string"],"tags":[{"id":0,"name":"string"}],"status":"available"},{"id":222,"category":{"id":0,"name":"string"},"name":"roberto","photoUrls":["string"],"tags":[{"id":0,"name":"string"}],"status":"available"},{"id":9223372036854032678,"category":{"id":0,"name":"string"},"name":"doggie","photoUrls":["string"],"tags":[{"id":0,"name":"string"}],"status":"available"},{"id":9223372036854032679,"name":"doggie","photoUrls":["string"],"tags":[{"id":0,"name":"string"}],"status":"available"},{"id":9223372036854032702,"category":{"id":0,"name":"string"},"name":"fish","photoUrls":["string"],"tags":[{"id":0,"name":"string"}],"status":"available"},{"id":9223372036854032703,"category":{"id":0,"name":"string"},"name":"fish","photoUrls":["string"],"tags":[{"id":0,"name":"string"}],"status":"available"},{"id":9223372036854032715,"category":{"id":0,"name":"string"},"name":"Puff","photoUrls":["string"],"tags":[{"id":0,"name":"string"}],"status":"available"},{"id":9223372036854032716,"category":{"id":0,"name":"string"},"name":"doggie","photoUrls":["string"],"tags":[{"id":0,"name":"string"}],"status":"available"},{"id":9223372036854032717,"category":{"id":0,"name":"string"},"name":"doggie","photoUrls":["string"],"tags":[{"id":0,"name":"string"}],"status":"available"},{"id":9223372036854032718,"category":{"id":0,"name":"string"},"name":"doggie","photoUrls":["string"],"tags":[{"id":0,"name":"string"}],"status":"available"},{"id":9223372036854032720,"category":{"id":0,"name":"string"},"name":"doggie","photoUrls":["string"],"tags":[{"id":0,"name":"string"}],"status":"available"},{"id":9223372036854032721,"category":{"id":0,"name":"string"},"name":"doggie","photoUrls":["string"],"tags":[{"id":0,"name":"string"}],"status":"available"},{"id":9223372036854032722,"category":{"id":0,"name":"string"},"name":"fish","photoUrls":["string"],"tags":[{"id":0,"name":"string"}],"status":"available"},{"id":1,"category":{"id":1,"name":"string"},"name":"doggie","photoUrls":["string"],"tags":[{"id":1,"name":"string"}],"status":"available"}]

	at java.base/jdk.internal.reflect.NativeConstructorAccessorImpl.newInstance0(Native Method)
	at java.base/jdk.internal.reflect.NativeConstructorAccessorImpl.newInstance(NativeConstructorAccessorImpl.java:77)
	at java.base/jdk.internal.reflect.DelegatingConstructorAccessorImpl.newInstance(DelegatingConstructorAccessorImpl.java:45)
	at java.base/java.lang.reflect.Constructor.newInstanceWithCaller(Constructor.java:499)
	at java.base/java.lang.reflect.Constructor.newInstance(Constructor.java:480)
	at org.codehaus.groovy.reflection.CachedConstructor.invoke(CachedConstructor.java:73)
	at org.codehaus.groovy.runtime.callsite.ConstructorSite$ConstructorSiteNoUnwrapNoCoerce.callConstructor(ConstructorSite.java:108)
	at org.codehaus.groovy.runtime.callsite.CallSiteArray.defaultCallConstructor(CallSiteArray.java:57)
	at org.codehaus.groovy.runtime.callsite.AbstractCallSite.callConstructor(AbstractCallSite.java:263)
	at org.codehaus.groovy.runtime.callsite.AbstractCallSite.callConstructor(AbstractCallSite.java:277)
	at io.restassured.internal.ResponseSpecificationImpl$HamcrestAssertionClosure.validate(ResponseSpecificationImpl.groovy:512)
	at io.restassured.internal.ResponseSpecificationImpl$HamcrestAssertionClosure$validate$1.call(Unknown Source)
	at org.codehaus.groovy.runtime.callsite.CallSiteArray.defaultCall(CallSiteArray.java:45)
	at org.codehaus.groovy.runtime.callsite.AbstractCallSite.call(AbstractCallSite.java:125)
	at org.codehaus.groovy.runtime.callsite.AbstractCallSite.call(AbstractCallSite.java:139)
	at io.restassured.internal.ResponseSpecificationImpl.validateResponseIfRequired(ResponseSpecificationImpl.groovy:696)
	at io.restassured.internal.ResponseSpecificationImpl.this$2$validateResponseIfRequired(ResponseSpecificationImpl.groovy)
	at java.base/jdk.internal.reflect.NativeMethodAccessorImpl.invoke0(Native Method)
	at java.base/jdk.internal.reflect.NativeMethodAccessorImpl.invoke(NativeMethodAccessorImpl.java:77)
	at java.base/jdk.internal.reflect.DelegatingMethodAccessorImpl.invoke(DelegatingMethodAccessorImpl.java:43)
	at java.base/java.lang.reflect.Method.invoke(Method.java:568)
	at org.codehaus.groovy.runtime.callsite.PlainObjectMetaMethodSite.doInvoke(PlainObjectMetaMethodSite.java:43)
	at org.codehaus.groovy.runtime.callsite.PogoMetaMethodSite$PogoCachedMethodSiteNoUnwrapNoCoerce.invoke(PogoMetaMethodSite.java:198)
	at org.codehaus.groovy.runtime.callsite.PogoMetaMethodSite.callCurrent(PogoMetaMethodSite.java:62)
	at org.codehaus.groovy.runtime.callsite.CallSiteArray.defaultCallCurrent(CallSiteArray.java:49)
	at org.codehaus.groovy.runtime.callsite.AbstractCallSite.callCurrent(AbstractCallSite.java:171)
	at org.codehaus.groovy.runtime.callsite.AbstractCallSite.callCurrent(AbstractCallSite.java:185)
	at io.restassured.internal.ResponseSpecificationImpl.body(ResponseSpecificationImpl.groovy:107)
	at io.restassured.internal.ValidatableResponseOptionsImpl.body(ValidatableResponseOptionsImpl.java:238)
	at petapitests.PetAPITests.testGetAllAvaiablePets(PetAPITests.java:52)
	at java.base/jdk.internal.reflect.NativeMethodAccessorImpl.invoke0(Native Method)
	at java.base/jdk.internal.reflect.NativeMethodAccessorImpl.invoke(NativeMethodAccessorImpl.java:77)
	at java.base/jdk.internal.reflect.DelegatingMethodAccessorImpl.invoke(DelegatingMethodAccessorImpl.java:43)
	at java.base/java.lang.reflect.Method.invoke(Method.java:568)
	at org.testng.internal.invokers.MethodInvocationHelper.invokeMethod(MethodInvocationHelper.java:139)
	at org.testng.internal.invokers.TestInvoker.invokeMethod(TestInvoker.java:664)
	at org.testng.internal.invokers.TestInvoker.invokeTestMethod(TestInvoker.java:227)
	at org.testng.internal.invokers.MethodRunner.runInSequence(MethodRunner.java:50)
	at org.testng.internal.invokers.TestInvoker$MethodInvocationAgent.invoke(TestInvoker.java:957)
	at org.testng.internal.invokers.TestInvoker.invokeTestMethods(TestInvoker.java:200)
	at org.testng.internal.invokers.TestMethodWorker.invokeTestMethods(TestMethodWorker.java:148)
	at org.testng.internal.invokers.TestMethodWorker.run(TestMethodWorker.java:128)
	at java.base/java.util.ArrayList.forEach(ArrayList.java:1511)
	at org.testng.TestRunner.privateRun(TestRunner.java:848)
	at org.testng.TestRunner.run(TestRunner.java:621)
	at org.testng.SuiteRunner.runTest(SuiteRunner.java:443)
	at org.testng.SuiteRunner.runSequentially(SuiteRunner.java:437)
	at org.testng.SuiteRunner.privateRun(SuiteRunner.java:397)
	at org.testng.SuiteRunner.run(SuiteRunner.java:336)
	at org.testng.SuiteRunnerWorker.runSuite(SuiteRunnerWorker.java:52)
	at org.testng.SuiteRunnerWorker.run(SuiteRunnerWorker.java:95)
	at org.testng.TestNG.runSuitesSequentially(TestNG.java:1280)
	at org.testng.TestNG.runSuitesLocally(TestNG.java:1200)
	at org.testng.TestNG.runSuites(TestNG.java:1114)
	at org.testng.TestNG.run(TestNG.java:1082)
	at org.apache.maven.surefire.testng.TestNGExecutor.run(TestNGExecutor.java:308)
	at org.apache.maven.surefire.testng.TestNGXmlTestSuite.execute(TestNGXmlTestSuite.java:71)
	at org.apache.maven.surefire.testng.TestNGProvider.invoke(TestNGProvider.java:113)
	at org.apache.maven.surefire.booter.ForkedBooter.runSuitesInProcess(ForkedBooter.java:385)
	at org.apache.maven.surefire.booter.ForkedBooter.execute(ForkedBooter.java:162)
	at org.apache.maven.surefire.booter.ForkedBooter.run(ForkedBooter.java:507)
	at org.apache.maven.surefire.booter.ForkedBooter.main(ForkedBooter.java:495)
]]></failure>
    <system-out><![CDATA[...
... TestNG 7.8.0 by Cédric Beust (cedric@beust.com)
...

Request method:	GET
Request URI:	https://petstore.swagger.io/v2/pet/findByStatus?status=available
Proxy:			<none>
Request params:	<none>
Query params:	<none>
Form params:	<none>
Path params:	<none>
Headers:		Accept=application/json
				Content-Type=application/json
Cookies:		<none>
Multiparts:		<none>
Body:			<none>
HTTP/1.1 200 OK
Date: Sat, 03 Feb 2024 16:11:38 GMT
Content-Type: application/json
Transfer-Encoding: chunked
Connection: keep-alive
Access-Control-Allow-Origin: *
Access-Control-Allow-Methods: GET, POST, DELETE, PUT
Access-Control-Allow-Headers: Content-Type, api_key, Authorization
Server: Jetty(9.2.9.v20150224)

[
    {
        "id": 23244,
        "category": {
            "id": 3,
            "name": "BIRD"
        },
        "name": "Carson",
        "photoUrls": [
            "string"
        ],
        "tags": [
            {
                "id": 3,
                "name": "tiny"
            }
        ],
        "status": "available"
    },
    {
        "id": 9223372036854031791,
        "category": {
            "id": 0,
            "name": "string"
        },
        "name": "Tiger8887277",
        "photoUrls": [
            "string"
        ],
        "tags": [
            {
                "id": 0,
                "name": "string"
            }
        ],
        "status": "available"
    },
    {
        "id": 9223372036854031792,
        "category": {
            "id": 0,
            "name": "string"
        },
        "name": "Tiger1403218",
        "photoUrls": [
            "string"
        ],
        "tags": [
            {
                "id": 0,
                "name": "string"
            }
        ],
        "status": "available"
    },
    {
        "id": 9223372036854031793,
        "category": {
            "id": 0,
            "name": "string"
        },
        "name": "Tiger3643737",
        "photoUrls": [
            "string"
        ],
        "tags": [
            {
                "id": 0,
                "name": "string"
            }
        ],
        "status": "available"
    },
    {
        "id": 9223372036854031794,
        "category": {
            "id": 0,
            "name": "string"
        },
        "name": "Tiger5754486",
        "photoUrls": [
            "string"
        ],
        "tags": [
            {
                "id": 0,
                "name": "string"
            }
        ],
        "status": "available"
    },
    {
        "id": 9223372036854031795,
        "category": {
            "id": 0,
            "name": "string"
        },
        "name": "Tiger8205769",
        "photoUrls": [
            "string"
        ],
        "tags": [
            {
                "id": 0,
                "name": "string"
            }
        ],
        "status": "available"
    },
    {
        "id": 9223372036854031796,
        "category": {
            "id": 0,
            "name": "string"
        },
        "name": "Tiger7012112",
        "photoUrls": [
            "string"
        ],
        "tags": [
            {
                "id": 0,
                "name": "string"
            }
        ],
        "status": "available"
    },
    {
        "id": 9223372036854031797,
        "category": {
            "id": 0,
            "name": "string"
        },
        "name": "Tiger3495019",
        "photoUrls": [
            "string"
        ],
        "tags": [
            {
                "id": 0,
                "name": "string"
            }
        ],
        "status": "available"
    },
    {
        "id": 9223372036854031798,
        "category": {
            "id": 0,
            "name": "string"
        },
        "name": "Tiger4880782",
        "photoUrls": [
            "string"
        ],
        "tags": [
            {
                "id": 0,
                "name": "string"
            }
        ],
        "status": "available"
    },
    {
        "id": 9223372036854031799,
        "category": {
            "id": 0,
            "name": "string"
        },
        "name": "Tiger6857599",
        "photoUrls": [
            "string"
        ],
        "tags": [
            {
                "id": 0,
                "name": "string"
            }
        ],
        "status": "available"
    },
    {
        "id": 9223372036854031800,
        "category": {
            "id": 0,
            "name": "string"
        },
        "name": "Tiger6405654",
        "photoUrls": [
            "string"
        ],
        "tags": [
            {
                "id": 0,
                "name": "string"
            }
        ],
        "status": "available"
    },
    {
        "id": 9223372036854031801,
        "category": {
            "id": 0,
            "name": "string"
        },
        "name": "Tiger3411847",
        "photoUrls": [
            "string"
        ],
        "tags": [
            {
                "id": 0,
                "name": "string"
            }
        ],
        "status": "available"
    },
    {
        "id": 9223372036854031802,
        "category": {
            "id": 0,
            "name": "string"
        },
        "name": "Tiger9361605",
        "photoUrls": [
            "string"
        ],
        "tags": [
            {
                "id": 0,
                "name": "string"
            }
        ],
        "status": "available"
    },
    {
        "id": 9223372036854031803,
        "category": {
            "id": 0,
            "name": "string"
        },
        "name": "Tiger1456953",
        "photoUrls": [
            "string"
        ],
        "tags": [
            {
                "id": 0,
                "name": "string"
            }
        ],
        "status": "available"
    },
    {
        "id": 9223372036854031804,
        "category": {
            "id": 0,
            "name": "string"
        },
        "name": "Tiger3129199",
        "photoUrls": [
            "string"
        ],
        "tags": [
            {
                "id": 0,
                "name": "string"
            }
        ],
        "status": "available"
    },
    {
        "id": 9223372036854031805,
        "category": {
            "id": 0,
            "name": "string"
        },
        "name": "Tiger3269327",
        "photoUrls": [
            "string"
        ],
        "tags": [
            {
                "id": 0,
                "name": "string"
            }
        ],
        "status": "available"
    },
    {
        "id": 9223372036854031806,
        "category": {
            "id": 0,
            "name": "string"
        },
        "name": "Tiger7162123",
        "photoUrls": [
            "string"
        ],
        "tags": [
            {
                "id": 0,
                "name": "string"
            }
        ],
        "status": "available"
    },
    {
        "id": 9223372036854031807,
        "category": {
            "id": 0,
            "name": "string"
        },
        "name": "Tiger2728311",
        "photoUrls": [
            "string"
        ],
        "tags": [
            {
                "id": 0,
                "name": "string"
            }
        ],
        "status": "available"
    },
    {
        "id": 9223372036854031808,
        "category": {
            "id": 0,
            "name": "string"
        },
        "name": "Tiger4636976",
        "photoUrls": [
            "string"
        ],
        "tags": [
            {
                "id": 0,
                "name": "string"
            }
        ],
        "status": "available"
    },
    {
        "id": 9223372036854031809,
        "category": {
            "id": 0,
            "name": "string"
        },
        "name": "Tiger9972524",
        "photoUrls": [
            "string"
        ],
        "tags": [
            {
                "id": 0,
                "name": "string"
            }
        ],
        "status": "available"
    },
    {
        "id": 9223372036854031810,
        "category": {
            "id": 0,
            "name": "string"
        },
        "name": "Tiger7970862",
        "photoUrls": [
            "string"
        ],
        "tags": [
            {
                "id": 0,
                "name": "string"
            }
        ],
        "status": "available"
    },
    {
        "id": 638,
        "category": {
            "id": 6004,
            "name": "asperiores"
        },
        "name": "herring",
        "photoUrls": [
            "www.raphael-schroeder.info"
        ],
        "tags": [
            {
                "id": 1,
                "name": "et"
            }
        ],
        "status": "available"
    },
    {
        "id": 9222968140497180179,
        "category": {
            "id": 0,
            "name": "string"
        },
        "name": "test",
        "photoUrls": [
            "string"
        ],
        "tags": [
            {
                "id": 0,
                "name": "string"
            }
        ],
        "status": "available"
    },
    {
        "id": 9223372036854031833,
        "category": {
            "id": 0,
            "name": "string"
        },
        "name": "pies",
        "photoUrls": [
            "string"
        ],
        "tags": [
            {
                "id": 0,
                "name": "junior"
            }
        ],
        "status": "available"
    },
    {
        "id": 9223372036854031837,
        "category": {
            "id": 0,
            "name": "string"
        },
        "name": "Tiger3918945",
        "photoUrls": [
            "string"
        ],
        "tags": [
            {
                "id": 0,
                "name": "string"
            }
        ],
        "status": "available"
    },
    {
        "id": 9223372036854031838,
        "category": {
            "id": 0,
            "name": "string"
        },
        "name": "Tiger6424458",
        "photoUrls": [
            "string"
        ],
        "tags": [
            {
                "id": 0,
                "name": "string"
            }
        ],
        "status": "available"
    },
    {
        "id": 9223372036854031839,
        "category": {
            "id": 0,
            "name": "string"
        },
        "name": "Tiger4591264",
        "photoUrls": [
            "string"
        ],
        "tags": [
            {
                "id": 0,
                "name": "string"
            }
        ],
        "status": "available"
    },
    {
        "id": 9223372036854031840,
        "category": {
            "id": 0,
            "name": "string"
        },
        "name": "Tiger1722013",
        "photoUrls": [
            "string"
        ],
        "tags": [
            {
                "id": 0,
                "name": "string"
            }
        ],
        "status": "available"
    },
    {
        "id": 9223372036854031841,
        "category": {
            "id": 0,
            "name": "string"
        },
        "name": "Tiger2879118",
        "photoUrls": [
            "string"
        ],
        "tags": [
            {
                "id": 0,
                "name": "string"
            }
        ],
        "status": "available"
    },
    {
        "id": 9223372036854031842,
        "category": {
            "id": 0,
            "name": "string"
        },
        "name": "Tiger6194078",
        "photoUrls": [
            "string"
        ],
        "tags": [
            {
                "id": 0,
                "name": "string"
            }
        ],
        "status": "available"
    },
    {
        "id": 9223372036854031843,
        "category": {
            "id": 0,
            "name": "string"
        },
        "name": "Tiger6217358",
        "photoUrls": [
            "string"
        ],
        "tags": [
            {
                "id": 0,
                "name": "string"
            }
        ],
        "status": "available"
    },
    {
        "id": 9223372036854031844,
        "category": {
            "id": 0,
            "name": "string"
        },
        "name": "Tiger9665706",
        "photoUrls": [
            "string"
        ],
        "tags": [
            {
                "id": 0,
                "name": "string"
            }
        ],
        "status": "available"
    },
    {
        "id": 9223372036854031845,
        "category": {
            "id": 0,
            "name": "string"
        },
        "name": "Tiger973239",
        "photoUrls": [
            "string"
        ],
        "tags": [
            {
                "id": 0,
                "name": "string"
            }
        ],
        "status": "available"
    },
    {
        "id": 9223372036854031846,
        "category": {
            "id": 0,
            "name": "string"
        },
        "name": "Tiger8122747",
        "photoUrls": [
            "string"
        ],
        "tags": [
            {
                "id": 0,
                "name": "string"
            }
        ],
        "status": "available"
    },
    {
        "id": 9223372036854031848,
        "category": {
            "id": 0,
            "name": "string"
        },
        "name": "Tiger6176635",
        "photoUrls": [
            "string"
        ],
        "tags": [
            {
                "id": 0,
                "name": "string"
            }
        ],
        "status": "available"
    },
    {
        "id": 9223372036854031849,
        "category": {
            "id": 0,
            "name": "string"
        },
        "name": "Tiger1965020",
        "photoUrls": [
            "string"
        ],
        "tags": [
            {
                "id": 0,
                "name": "string"
            }
        ],
        "status": "available"
    },
    {
        "id": 9223372036854031850,
        "category": {
            "id": 0,
            "name": "string"
        },
        "name": "Tiger4840604",
        "photoUrls": [
            "string"
        ],
        "tags": [
            {
                "id": 0,
                "name": "string"
            }
        ],
        "status": "available"
    },
    {
        "id": 9223372036854031851,
        "category": {
            "id": 0,
            "name": "string"
        },
        "name": "Tiger5463536",
        "photoUrls": [
            "string"
        ],
        "tags": [
            {
                "id": 0,
                "name": "string"
            }
        ],
        "status": "available"
    },
    {
        "id": 9223372036854031852,
        "category": {
            "id": 0,
            "name": "string"
        },
        "name": "Tiger3643780",
        "photoUrls": [
            "string"
        ],
        "tags": [
            {
                "id": 0,
                "name": "string"
            }
        ],
        "status": "available"
    },
    {
        "id": 9223372036854031853,
        "category": {
            "id": 0,
            "name": "string"
        },
        "name": "Tiger3451777",
        "photoUrls": [
            "string"
        ],
        "tags": [
            {
                "id": 0,
                "name": "string"
            }
        ],
        "status": "available"
    },
    {
        "id": 9223372036854031854,
        "category": {
            "id": 0,
            "name": "string"
        },
        "name": "Tiger3287864",
        "photoUrls": [
            "string"
        ],
        "tags": [
            {
                "id": 0,
                "name": "string"
            }
        ],
        "status": "available"
    },
    {
        "id": 9223372036854031855,
        "category": {
            "id": 0,
            "name": "string"
        },
        "name": "Tiger9770695",
        "photoUrls": [
            "string"
        ],
        "tags": [
            {
                "id": 0,
                "name": "string"
            }
        ],
        "status": "available"
    },
    {
        "id": 9223372036854031856,
        "category": {
            "id": 0,
            "name": "string"
        },
        "name": "Tiger6977555",
        "photoUrls": [
            "string"
        ],
        "tags": [
            {
                "id": 0,
                "name": "string"
            }
        ],
        "status": "available"
    },
    {
        "id": 9223372036854031857,
        "category": {
            "id": 0,
            "name": "string"
        },
        "name": "Tiger9528993",
        "photoUrls": [
            "string"
        ],
        "tags": [
            {
                "id": 0,
                "name": "string"
            }
        ],
        "status": "available"
    },
    {
        "id": 9223372036854031858,
        "category": {
            "id": 0,
            "name": "string"
        },
        "name": "doggie",
        "photoUrls": [
            "string"
        ],
        "tags": [
            {
                "id": 0,
                "name": "string"
            }
        ],
        "status": "available"
    },
    {
        "id": 583,
        "category": {
            "id": 82,
            "name": "dog"
        },
        "name": "Tania",
        "photoUrls": [
            
        ],
        "tags": [
            
        ],
        "status": "available"
    },
    {
        "id": 720,
        "category": {
            "id": 142,
            "name": "dog"
        },
        "name": "Angelina",
        "photoUrls": [
            
        ],
        "tags": [
            
        ],
        "status": "available"
    },
    {
        "id": 9223372036854031868,
        "category": {
            "id": 0,
            "name": "string"
        },
        "name": "morce",
        "photoUrls": [
            "string"
        ],
        "tags": [
            {
                "id": 0,
                "name": "string"
            }
        ],
        "status": "available"
    },
    {
        "id": 9223372036854031871,
        "category": {
            "id": 0,
            "name": "string"
        },
        "name": "fish",
        "photoUrls": [
            "string"
        ],
        "tags": [
            {
                "id": 0,
                "name": "string"
            }
        ],
        "status": "available"
    },
    {
        "id": 9223372036854031872,
        "category": {
            "id": 0,
            "name": "string"
        },
        "name": "fish",
        "photoUrls": [
            "string"
        ],
        "tags": [
            {
                "id": 0,
                "name": "string"
            }
        ],
        "status": "available"
    },
    {
        "id": 234567,
        "category": {
            "id": 0,
            "name": "string"
        },
        "name": "Puňťa",
        "photoUrls": [
            "string"
        ],
        "tags": [
            {
                "id": 0,
                "name": "string"
            }
        ],
        "status": "available"
    },
    {
        "id": 9223372036854031873,
        "category": {
            "id": 0,
            "name": "string"
        },
        "name": "Puff",
        "photoUrls": [
            "string"
        ],
        "tags": [
            {
                "id": 0,
                "name": "string"
            }
        ],
        "status": "available"
    },
    {
        "id": 9223372036854031874,
        "category": {
            "id": 0,
            "name": "string"
        },
        "name": "Tiger565968",
        "photoUrls": [
            "string"
        ],
        "tags": [
            {
                "id": 0,
                "name": "string"
            }
        ],
        "status": "available"
    },
    {
        "id": 9223372036854031875,
        "category": {
            "id": 0,
            "name": "string"
        },
        "name": "Tiger4506656",
        "photoUrls": [
            "string"
        ],
        "tags": [
            {
                "id": 0,
                "name": "string"
            }
        ],
        "status": "available"
    },
    {
        "id": 9223372036854031876,
        "category": {
            "id": 0,
            "name": "string"
        },
        "name": "Tiger5504183",
        "photoUrls": [
            "string"
        ],
        "tags": [
            {
                "id": 0,
                "name": "string"
            }
        ],
        "status": "available"
    },
    {
        "id": 9223372036854031879,
        "category": {
            "id": 0,
            "name": "string"
        },
        "name": "doggie",
        "photoUrls": [
            "string"
        ],
        "tags": [
            {
                "id": 0,
                "name": "string"
            }
        ],
        "status": "available"
    },
    {
        "id": 9223372036854031880,
        "category": {
            "id": 0,
            "name": "string"
        },
        "name": "doggie",
        "photoUrls": [
            "string"
        ],
        "tags": [
            {
                "id": 0,
                "name": "string"
            }
        ],
        "status": "available"
    },
    {
        "id": 9223372036854031881,
        "category": {
            "id": 0,
            "name": "string"
        },
        "name": "Tiger1760402",
        "photoUrls": [
            "string"
        ],
        "tags": [
            {
                "id": 0,
                "name": "string"
            }
        ],
        "status": "available"
    },
    {
        "id": 9223372036854031882,
        "category": {
            "id": 0,
            "name": "string"
        },
        "name": "doggie",
        "photoUrls": [
            "string"
        ],
        "tags": [
            {
                "id": 0,
                "name": "string"
            }
        ],
        "status": "available"
    },
    {
        "id": 9223372036854031883,
        "category": {
            "id": 0,
            "name": "string"
        },
        "name": "doggie",
        "photoUrls": [
            "string"
        ],
        "tags": [
            {
                "id": 0,
                "name": "string"
            }
        ],
        "status": "available"
    },
    {
        "id": 9223372036854031884,
        "category": {
            "id": 0,
            "name": "string"
        },
        "name": "Вася_меняем",
        "photoUrls": [
            "https://images.app.goo.gl/iYNub8fsUdJ4xVwo6"
        ],
        "tags": [
            {
                "id": 0,
                "name": "string"
            }
        ],
        "status": "available"
    },
    {
        "id": 9223372036854031885,
        "category": {
            "id": 0,
            "name": "string"
        },
        "name": "fish",
        "photoUrls": [
            "string"
        ],
        "tags": [
            {
                "id": 0,
                "name": "string"
            }
        ],
        "status": "available"
    },
    {
        "id": 42,
        "category": {
            "id": 1,
            "name": "Dogs"
        },
        "name": "Buddysik",
        "photoUrls": [
            "https://example.com/photos/buddy.jpg"
        ],
        "tags": [
            {
                "id": 7,
                "name": "Cute"
            }
        ],
        "status": "available"
    },
    {
        "id": 9223372036854031886,
        "category": {
            "id": 0,
            "name": "string"
        },
        "name": "Tiger5016317",
        "photoUrls": [
            "string"
        ],
        "tags": [
            {
                "id": 0,
                "name": "string"
            }
        ],
        "status": "available"
    },
    {
        "id": 9223372036854031887,
        "category": {
            "id": 0,
            "name": "string"
        },
        "name": "Tiger5227595",
        "photoUrls": [
            "string"
        ],
        "tags": [
            {
                "id": 0,
                "name": "string"
            }
        ],
        "status": "available"
    },
    {
        "id": 2323,
        "category": {
            "id": 0,
            "name": "string"
        },
        "name": "dog",
        "photoUrls": [
            "string"
        ],
        "tags": [
            {
                "id": 0,
                "name": "tomy"
            }
        ],
        "status": "available"
    },
    {
        "id": 9223372036854031890,
        "category": {
            "id": 0,
            "name": "string"
        },
        "name": "Tiger8486296",
        "photoUrls": [
            "string"
        ],
        "tags": [
            {
                "id": 0,
                "name": "string"
            }
        ],
        "status": "available"
    },
    {
        "id": 9223372036854031891,
        "category": {
            "id": 0,
            "name": "string"
        },
        "name": "Tiger1378620",
        "photoUrls": [
            "string"
        ],
        "tags": [
            {
                "id": 0,
                "name": "string"
            }
        ],
        "status": "available"
    },
    {
        "id": 9223372036854031892,
        "category": {
            "id": 0,
            "name": "string"
        },
        "name": "Tiger4531197",
        "photoUrls": [
            "string"
        ],
        "tags": [
            {
                "id": 0,
                "name": "string"
            }
        ],
        "status": "available"
    },
    {
        "id": 420,
        "category": {
            "id": 42,
            "name": "Chihuahua"
        },
        "name": "PasBre",
        "photoUrls": [
            "string"
        ],
        "tags": [
            {
                "id": 0,
                "name": "string"
            }
        ],
        "status": "available"
    },
    {
        "id": 9223372036854031893,
        "category": {
            "id": 0,
            "name": "string"
        },
        "name": "Tiger6034489",
        "photoUrls": [
            "string"
        ],
        "tags": [
            {
                "id": 0,
                "name": "string"
            }
        ],
        "status": "available"
    },
    {
        "id": 9223372036854031894,
        "category": {
            "id": 0,
            "name": "string"
        },
        "name": "Tiger6455156",
        "photoUrls": [
            "string"
        ],
        "tags": [
            {
                "id": 0,
                "name": "string"
            }
        ],
        "status": "available"
    },
    {
        "id": 9223372036854031895,
        "category": {
            "id": 0,
            "name": "string"
        },
        "name": "Tiger7585277",
        "photoUrls": [
            "string"
        ],
        "tags": [
            {
                "id": 0,
                "name": "string"
            }
        ],
        "status": "available"
    },
    {
        "id": 9223372036854031896,
        "name": "doggie",
        "photoUrls": [
            "string"
        ],
        "tags": [
            
        ],
        "status": "available"
    },
    {
        "id": 9223372036854031897,
        "category": {
            "id": 8212614,
            "name": "voluptate ea qui sint"
        },
        "name": "doggie",
        "photoUrls": [
            "quis Lorem Duis aute",
            "veniam nulla culpa"
        ],
        "tags": [
            {
                "id": -42092226,
                "name": "labore"
            },
            {
                "id": -72688380,
                "name": "consectetur sint qui"
            }
        ],
        "status": "available"
    },
    {
        "id": 9223372036854031898,
        "category": {
            "id": 0,
            "name": "string"
        },
        "name": "Tiger5497091",
        "photoUrls": [
            "string"
        ],
        "tags": [
            {
                "id": 0,
                "name": "string"
            }
        ],
        "status": "available"
    },
    {
        "id": 9223372036854031899,
        "category": {
            "id": 0,
            "name": "string"
        },
        "name": "Tiger9650593",
        "photoUrls": [
            "string"
        ],
        "tags": [
            {
                "id": 0,
                "name": "string"
            }
        ],
        "status": "available"
    },
    {
        "id": 9223372036854031900,
        "category": {
            "id": 0,
            "name": "string"
        },
        "name": "doggie",
        "photoUrls": [
            "string"
        ],
        "tags": [
            {
                "id": 0,
                "name": "string"
            }
        ],
        "status": "available"
    },
    {
        "id": 9223372036854031901,
        "category": {
            "id": 0,
            "name": "string"
        },
        "name": "doggie",
        "photoUrls": [
            "string"
        ],
        "tags": [
            {
                "id": 0,
                "name": "string"
            }
        ],
        "status": "available"
    },
    {
        "id": 9223372036854031902,
        "category": {
            "id": 0,
            "name": "string"
        },
        "name": "Tiger6894590",
        "photoUrls": [
            "string"
        ],
        "tags": [
            {
                "id": 0,
                "name": "string"
            }
        ],
        "status": "available"
    },
    {
        "id": 9223372036854031903,
        "category": {
            "id": 0,
            "name": "string"
        },
        "name": "Tiger7586740",
        "photoUrls": [
            "string"
        ],
        "tags": [
            {
                "id": 0,
                "name": "string"
            }
        ],
        "status": "available"
    },
    {
        "id": 9223372036854031904,
        "category": {
            "id": 0,
            "name": "string"
        },
        "name": "Tiger7641151",
        "photoUrls": [
            "string"
        ],
        "tags": [
            {
                "id": 0,
                "name": "string"
            }
        ],
        "status": "available"
    },
    {
        "id": 9223372036854031905,
        "category": {
            "id": 0,
            "name": "string"
        },
        "name": "Tiger7532226",
        "photoUrls": [
            "string"
        ],
        "tags": [
            {
                "id": 0,
                "name": "string"
            }
        ],
        "status": "available"
    },
    {
        "id": 9223372036854031906,
        "category": {
            "id": 0,
            "name": "string"
        },
        "name": "Tiger6061640",
        "photoUrls": [
            "string"
        ],
        "tags": [
            {
                "id": 0,
                "name": "string"
            }
        ],
        "status": "available"
    },
    {
        "id": 9223372036854031907,
        "category": {
            "id": 0,
            "name": "string"
        },
        "name": "Tiger8385691",
        "photoUrls": [
            "string"
        ],
        "tags": [
            {
                "id": 0,
                "name": "string"
            }
        ],
        "status": "available"
    },
    {
        "id": 9223372036854031908,
        "category": {
            "id": 0,
            "name": "string"
        },
        "name": "Tiger3060941",
        "photoUrls": [
            "string"
        ],
        "tags": [
            {
                "id": 0,
                "name": "string"
            }
        ],
        "status": "available"
    },
    {
        "id": 9223372036854031909,
        "category": {
            "id": 0,
            "name": "string"
        },
        "name": "Tiger4595092",
        "photoUrls": [
            "string"
        ],
        "tags": [
            {
                "id": 0,
                "name": "string"
            }
        ],
        "status": "available"
    },
    {
        "id": 9223372036854031910,
        "category": {
            "id": 0,
            "name": "string"
        },
        "name": "Tiger1657647",
        "photoUrls": [
            "string"
        ],
        "tags": [
            {
                "id": 0,
                "name": "string"
            }
        ],
        "status": "available"
    },
    {
        "id": 9223372036854031911,
        "category": {
            "id": 0,
            "name": "string"
        },
        "name": "Tiger2039321",
        "photoUrls": [
            "string"
        ],
        "tags": [
            {
                "id": 0,
                "name": "string"
            }
        ],
        "status": "available"
    },
    {
        "id": 9223372036854031912,
        "category": {
            "id": 0,
            "name": "string"
        },
        "name": "fish",
        "photoUrls": [
            "string"
        ],
        "tags": [
            {
                "id": 0,
                "name": "string"
            }
        ],
        "status": "available"
    },
    {
        "id": 201425,
        "category": {
            "id": 54,
            "name": "sint"
        },
        "name": "ox",
        "photoUrls": [
            "www.adolfo-gerlach.com"
        ],
        "tags": [
            {
                "id": 70,
                "name": "magni"
            }
        ],
        "status": "available"
    },
    {
        "id": 121173,
        "category": {
            "id": 0,
            "name": "string"
        },
        "name": "doggie",
        "photoUrls": [
            "string"
        ],
        "tags": [
            {
                "id": 0,
                "name": "string"
            }
        ],
        "status": "available"
    },
    {
        "id": 9223372036854031921,
        "category": {
            "id": 0,
            "name": "string"
        },
        "name": "kangaroo",
        "photoUrls": [
            "string"
        ],
        "tags": [
            {
                "id": 0,
                "name": "small"
            }
        ],
        "status": "available"
    },
    {
        "id": 9223372036854031922,
        "category": {
            "id": 0,
            "name": "string"
        },
        "name": "doggie",
        "photoUrls": [
            "string"
        ],
        "tags": [
            {
                "id": 0,
                "name": "string"
            }
        ],
        "status": "available"
    },
    {
        "id": 9223372036854031925,
        "category": {
            "id": 0,
            "name": "string"
        },
        "name": "doggie",
        "photoUrls": [
            "string"
        ],
        "tags": [
            {
                "id": 0,
                "name": "string"
            }
        ],
        "status": "available"
    },
    {
        "id": 9223372036854031932,
        "category": {
            "id": 0,
            "name": "string"
        },
        "name": "doggie",
        "photoUrls": [
            "string"
        ],
        "tags": [
            {
                "id": 0,
                "name": "string"
            }
        ],
        "status": "available"
    },
    {
        "id": 941,
        "category": {
            "id": 367,
            "name": "dog"
        },
        "name": "Lamar",
        "photoUrls": [
            
        ],
        "tags": [
            
        ],
        "status": "available"
    },
    {
        "id": 9223372036854031933,
        "category": {
            "id": 0,
            "name": "string"
        },
        "name": "doggie",
        "photoUrls": [
            "string"
        ],
        "tags": [
            {
                "id": 0,
                "name": "string"
            }
        ],
        "status": "available"
    },
    {
        "id": 9223372036854031934,
        "category": {
            "id": 0,
            "name": "string"
        },
        "name": "kangaroo",
        "photoUrls": [
            "string"
        ],
        "tags": [
            {
                "id": 0,
                "name": "small"
            }
        ],
        "status": "available"
    },
    {
        "id": 9223372036854031937,
        "category": {
            "id": 0,
            "name": "string"
        },
        "name": "doggie",
        "photoUrls": [
            "string"
        ],
        "tags": [
            {
                "id": 0,
                "name": "string"
            }
        ],
        "status": "available"
    },
    {
        "id": 398,
        "category": {
            "id": 959,
            "name": "dog"
        },
        "name": "Thea",
        "photoUrls": [
            
        ],
        "tags": [
            
        ],
        "status": "available"
    },
    {
        "id": 9223372036854031940,
        "category": {
            "id": 0,
            "name": "string"
        },
        "name": "fish",
        "photoUrls": [
            "string"
        ],
        "tags": [
            {
                "id": 0,
                "name": "string"
            }
        ],
        "status": "available"
    },
    {
        "id": 9223372036854031941,
        "category": {
            "id": 0,
            "name": "string"
        },
        "name": "kangaroo",
        "photoUrls": [
            "string"
        ],
        "tags": [
            {
                "id": 0,
                "name": "small"
            }
        ],
        "status": "available"
    },
    {
        "id": 9223372036854031943,
        "category": {
            "id": 0,
            "name": "string"
        },
        "name": "doggie",
        "photoUrls": [
            "string"
        ],
        "tags": [
            {
                "id": 0,
                "name": "string"
            }
        ],
        "status": "available"
    },
    {
        "id": 921,
        "category": {
            "id": 321,
            "name": "dog"
        },
        "name": "Sarah",
        "photoUrls": [
            
        ],
        "tags": [
            
        ],
        "status": "available"
    },
    {
        "id": 9223372036854031949,
        "category": {
            "id": 0,
            "name": "string"
        },
        "name": "doggie",
        "photoUrls": [
            "string"
        ],
        "tags": [
            {
                "id": 0,
                "name": "string"
            }
        ],
        "status": "available"
    },
    {
        "id": 9223372036854031950,
        "category": {
            "id": 0,
            "name": "string"
        },
        "name": "fish",
        "photoUrls": [
            "string"
        ],
        "tags": [
            {
                "id": 0,
                "name": "string"
            }
        ],
        "status": "available"
    },
    {
        "id": 9223372036854031953,
        "category": {
            "id": 0,
            "name": "string"
        },
        "name": "fish",
        "photoUrls": [
            "string"
        ],
        "tags": [
            {
                "id": 0,
                "name": "string"
            }
        ],
        "status": "available"
    },
    {
        "id": 9223372036854031954,
        "category": {
            "id": 0,
            "name": "string"
        },
        "name": "Puff",
        "photoUrls": [
            "string"
        ],
        "tags": [
            {
                "id": 0,
                "name": "string"
            }
        ],
        "status": "available"
    },
    {
        "id": 9223372036854031955,
        "category": {
            "id": 0,
            "name": "string"
        },
        "name": "doggie",
        "photoUrls": [
            "string"
        ],
        "tags": [
            {
                "id": 0,
                "name": "string"
            }
        ],
        "status": "available"
    },
    {
        "id": 9223372036854031956,
        "category": {
            "id": 0,
            "name": "string"
        },
        "name": "doggie",
        "photoUrls": [
            "string"
        ],
        "tags": [
            {
                "id": 0,
                "name": "string"
            }
        ],
        "status": "available"
    },
    {
        "id": 1245,
        "category": {
            "id": 1245,
            "name": "xyz"
        },
        "name": "xyz",
        "photoUrls": [
            "test"
        ],
        "tags": [
            
        ],
        "status": "available"
    },
    {
        "id": 9223372036854031963,
        "category": {
            "id": 0,
            "name": "string"
        },
        "name": "kangaroo",
        "photoUrls": [
            "string"
        ],
        "tags": [
            {
                "id": 0,
                "name": "small"
            }
        ],
        "status": "available"
    },
    {
        "id": 9223372036854031964,
        "category": {
            "id": 0,
            "name": "string"
        },
        "name": "doggie",
        "photoUrls": [
            "string"
        ],
        "tags": [
            {
                "id": 0,
                "name": "string"
            }
        ],
        "status": "available"
    },
    {
        "id": 9223372036854031965,
        "category": {
            "id": 0,
            "name": "string"
        },
        "name": "doggie",
        "photoUrls": [
            "string"
        ],
        "tags": [
            {
                "id": 0,
                "name": "string"
            }
        ],
        "status": "available"
    },
    {
        "id": 9223372036854031966,
        "category": {
            "id": 0,
            "name": "string"
        },
        "name": "doggie",
        "photoUrls": [
            "string"
        ],
        "tags": [
            {
                "id": 0,
                "name": "string"
            }
        ],
        "status": "available"
    },
    {
        "id": 9223372036854031967,
        "category": {
            "id": 0,
            "name": "string"
        },
        "name": "doggie",
        "photoUrls": [
            "string"
        ],
        "tags": [
            {
                "id": 0,
                "name": "string"
            }
        ],
        "status": "available"
    },
    {
        "id": 9223372036854031970,
        "category": {
            "id": 0,
            "name": "string"
        },
        "name": "doggie",
        "photoUrls": [
            "string"
        ],
        "tags": [
            {
                "id": 0,
                "name": "string"
            }
        ],
        "status": "available"
    },
    {
        "id": 9223372036854031971,
        "category": {
            "id": 0,
            "name": "string"
        },
        "name": "doggie",
        "photoUrls": [
            "string"
        ],
        "tags": [
            {
                "id": 0,
                "name": "string"
            }
        ],
        "status": "available"
    },
    {
        "id": 223,
        "category": {
            "id": 109,
            "name": "puppy"
        },
        "name": "Jordanian Dinar",
        "photoUrls": [
            "string"
        ],
        "tags": [
            {
                "id": 112,
                "name": "dogs"
            }
        ],
        "status": "available"
    },
    {
        "id": 9223372036854031972,
        "category": {
            "id": 0,
            "name": "string"
        },
        "name": "doggie",
        "photoUrls": [
            "string"
        ],
        "tags": [
            {
                "id": 0,
                "name": "string"
            }
        ],
        "status": "available"
    },
    {
        "id": 9223372036854031973,
        "category": {
            "id": 0,
            "name": "string"
        },
        "name": "fish",
        "photoUrls": [
            "string"
        ],
        "tags": [
            {
                "id": 0,
                "name": "string"
            }
        ],
        "status": "available"
    },
    {
        "id": 9223372036854031974,
        "category": {
            "id": 0,
            "name": "string"
        },
        "name": "fish",
        "photoUrls": [
            "string"
        ],
        "tags": [
            {
                "id": 0,
                "name": "string"
            }
        ],
        "status": "available"
    },
    {
        "id": 9223372036854031975,
        "category": {
            "id": 0,
            "name": "string"
        },
        "name": "doggie",
        "photoUrls": [
            "string"
        ],
        "tags": [
            {
                "id": 0,
                "name": "string"
            }
        ],
        "status": "available"
    },
    {
        "id": 9223372036854031976,
        "category": {
            "id": 0,
            "name": "string"
        },
        "name": "doggie",
        "photoUrls": [
            "string"
        ],
        "tags": [
            {
                "id": 0,
                "name": "string"
            }
        ],
        "status": "available"
    },
    {
        "id": 9223372036854031977,
        "category": {
            "id": 0,
            "name": "string"
        },
        "name": "fish",
        "photoUrls": [
            "string"
        ],
        "tags": [
            {
                "id": 0,
                "name": "string"
            }
        ],
        "status": "available"
    },
    {
        "id": 9223372036854031978,
        "category": {
            "id": 0,
            "name": "string"
        },
        "name": "doggie",
        "photoUrls": [
            "string"
        ],
        "tags": [
            {
                "id": 0,
                "name": "string"
            }
        ],
        "status": "available"
    },
    {
        "id": 9223372036854031983,
        "category": {
            "id": 0,
            "name": "string"
        },
        "name": "kangaroo",
        "photoUrls": [
            "string"
        ],
        "tags": [
            {
                "id": 0,
                "name": "small"
            }
        ],
        "status": "available"
    },
    {
        "id": 9223372036854031987,
        "category": {
            "id": 0,
            "name": "string"
        },
        "name": "kangaroo",
        "photoUrls": [
            "string"
        ],
        "tags": [
            {
                "id": 0,
                "name": "small"
            }
        ],
        "status": "available"
    },
    {
        "id": 9223372036854031988,
        "category": {
            "id": 0,
            "name": "string"
        },
        "name": "doggie",
        "photoUrls": [
            "string"
        ],
        "tags": [
            {
                "id": 0,
                "name": "string"
            }
        ],
        "status": "available"
    },
    {
        "id": 9223372036854031992,
        "category": {
            "id": 0,
            "name": "string"
        },
        "name": "doggie",
        "photoUrls": [
            "string"
        ],
        "tags": [
            {
                "id": 0,
                "name": "string"
            }
        ],
        "status": "available"
    },
    {
        "id": 9223372036854031993,
        "category": {
            "id": 0,
            "name": "string"
        },
        "name": "kangaroo",
        "photoUrls": [
            "string"
        ],
        "tags": [
            {
                "id": 0,
                "name": "small"
            }
        ],
        "status": "available"
    },
    {
        "id": 9223372036854031998,
        "category": {
            "id": 0,
            "name": "string"
        },
        "name": "kangaroo",
        "photoUrls": [
            "string"
        ],
        "tags": [
            {
                "id": 0,
                "name": "small"
            }
        ],
        "status": "available"
    },
    {
        "id": 9223372036854031999,
        "category": {
            "id": 0,
            "name": "string"
        },
        "name": "doggie",
        "photoUrls": [
            "string"
        ],
        "tags": [
            {
                "id": 0,
                "name": "string"
            }
        ],
        "status": "available"
    },
    {
        "id": 9223372036854032000,
        "category": {
            "id": 0,
            "name": "string"
        },
        "name": "catdog",
        "photoUrls": [
            "string"
        ],
        "tags": [
            {
                "id": 0,
                "name": "string"
            }
        ],
        "status": "available"
    },
    {
        "id": 9223372036854032005,
        "category": {
            "id": 0,
            "name": "string"
        },
        "name": "catdog",
        "photoUrls": [
            "string"
        ],
        "tags": [
            {
                "id": 0,
                "name": "string"
            }
        ],
        "status": "available"
    },
    {
        "id": 36071088,
        "category": {
            "id": 36135777,
            "name": "laborum elit"
        },
        "name": "doggie",
        "photoUrls": [
            "elit cillum exercitation",
            "tempor cupidatat sint aliqua"
        ],
        "tags": [
            {
                "id": 58986065,
                "name": "id ut dolore ipsum dol"
            },
            {
                "id": 20316514,
                "name": "adipisicing nostrud"
            }
        ],
        "status": "available"
    },
    {
        "id": 9223372036854032010,
        "category": {
            "id": 0,
            "name": "string"
        },
        "name": "catdog",
        "photoUrls": [
            "string"
        ],
        "tags": [
            {
                "id": 0,
                "name": "string"
            }
        ],
        "status": "available"
    },
    {
        "id": 9223372036854032013,
        "category": {
            "id": 0,
            "name": "string"
        },
        "name": "fish",
        "photoUrls": [
            "string"
        ],
        "tags": [
            {
                "id": 0,
                "name": "string"
            }
        ],
        "status": "available"
    },
    {
        "id": 9223372036854032015,
        "category": {
            "id": 0,
            "name": "string"
        },
        "name": "fish",
        "photoUrls": [
            "string"
        ],
        "tags": [
            {
                "id": 0,
                "name": "string"
            }
        ],
        "status": "available"
    },
    {
        "id": 9223372036854032016,
        "category": {
            "id": 0,
            "name": "string"
        },
        "name": "catdog",
        "photoUrls": [
            "string"
        ],
        "tags": [
            {
                "id": 0,
                "name": "string"
            }
        ],
        "status": "available"
    },
    {
        "id": 9223372036854032020,
        "category": {
            "id": 0,
            "name": "string"
        },
        "name": "catdog",
        "photoUrls": [
            "string"
        ],
        "tags": [
            {
                "id": 0,
                "name": "string"
            }
        ],
        "status": "available"
    },
    {
        "id": 9223372036854032021,
        "category": {
            "id": 0,
            "name": "string"
        },
        "name": "Puff",
        "photoUrls": [
            "string"
        ],
        "tags": [
            {
                "id": 0,
                "name": "string"
            }
        ],
        "status": "available"
    },
    {
        "id": 9223372036854032022,
        "category": {
            "id": 0,
            "name": "string"
        },
        "name": "doggie",
        "photoUrls": [
            "string"
        ],
        "tags": [
            {
                "id": 0,
                "name": "string"
            }
        ],
        "status": "available"
    },
    {
        "id": 9223372036854032023,
        "category": {
            "id": 0,
            "name": "string"
        },
        "name": "doggie",
        "photoUrls": [
            "string"
        ],
        "tags": [
            {
                "id": 0,
                "name": "string"
            }
        ],
        "status": "available"
    },
    {
        "id": 16377,
        "category": {
            "id": 16377,
            "name": "Category Test Name 16377"
        },
        "name": "Test Name 16377",
        "photoUrls": [
            "Deneme Photo Url"
        ],
        "tags": [
            {
                "id": 16377,
                "name": "Tags Test Name 16377"
            }
        ],
        "status": "available"
    },
    {
        "id": 9223372036854032024,
        "category": {
            "id": 0,
            "name": "string"
        },
        "name": "catdog",
        "photoUrls": [
            "string"
        ],
        "tags": [
            {
                "id": 0,
                "name": "string"
            }
        ],
        "status": "available"
    },
    {
        "id": 9223372036854032025,
        "category": {
            "id": 0,
            "name": "string"
        },
        "name": "doggie",
        "photoUrls": [
            "string"
        ],
        "tags": [
            {
                "id": 0,
                "name": "string"
            }
        ],
        "status": "available"
    },
    {
        "id": 9223372036854032026,
        "category": {
            "id": 0,
            "name": "string"
        },
        "name": "doggie",
        "photoUrls": [
            "string"
        ],
        "tags": [
            {
                "id": 0,
                "name": "string"
            }
        ],
        "status": "available"
    },
    {
        "id": 9223372036854032027,
        "category": {
            "id": 0,
            "name": "string"
        },
        "name": "fish",
        "photoUrls": [
            "string"
        ],
        "tags": [
            {
                "id": 0,
                "name": "string"
            }
        ],
        "status": "available"
    },
    {
        "id": 9223372036854032031,
        "category": {
            "id": 0,
            "name": "string"
        },
        "name": "fish",
        "photoUrls": [
            "string"
        ],
        "tags": [
            {
                "id": 0,
                "name": "string"
            }
        ],
        "status": "available"
    },
    {
        "id": 9223372036854032033,
        "category": {
            "id": 0,
            "name": "string"
        },
        "name": "11111",
        "photoUrls": [
            "string"
        ],
        "tags": [
            {
                "id": 0,
                "name": "beautiful"
            }
        ],
        "status": "available"
    },
    {
        "id": 9223372036854032039,
        "category": {
            "id": 0,
            "name": "string"
        },
        "name": "doggie",
        "photoUrls": [
            "string"
        ],
        "tags": [
            {
                "id": 0,
                "name": "string"
            }
        ],
        "status": "available"
    },
    {
        "id": 39861,
        "category": {
            "id": 39861,
            "name": "Category Test Name 39861"
        },
        "name": "Test Name 39861",
        "photoUrls": [
            "Deneme Photo Url"
        ],
        "tags": [
            {
                "id": 39861,
                "name": "Tags Test Name 39861"
            }
        ],
        "status": "available"
    },
    {
        "id": 9223372036854032059,
        "category": {
            "id": 0,
            "name": "string"
        },
        "name": "fish",
        "photoUrls": [
            "string"
        ],
        "tags": [
            {
                "id": 0,
                "name": "string"
            }
        ],
        "status": "available"
    },
    {
        "id": 9223372036854032062,
        "category": {
            "id": 0,
            "name": "string"
        },
        "name": "fish",
        "photoUrls": [
            "string"
        ],
        "tags": [
            {
                "id": 0,
                "name": "string"
            }
        ],
        "status": "available"
    },
    {
        "id": 9223372036854032063,
        "category": {
            "id": 0,
            "name": "string"
        },
        "name": "fish",
        "photoUrls": [
            "string"
        ],
        "tags": [
            {
                "id": 0,
                "name": "string"
            }
        ],
        "status": "available"
    },
    {
        "id": 9223372036854032067,
        "category": {
            "id": 0,
            "name": "string"
        },
        "name": "Puff",
        "photoUrls": [
            "string"
        ],
        "tags": [
            {
                "id": 0,
                "name": "string"
            }
        ],
        "status": "available"
    },
    {
        "id": 9223372036854032069,
        "category": {
            "id": 0,
            "name": "string"
        },
        "name": "doggie",
        "photoUrls": [
            "string"
        ],
        "tags": [
            {
                "id": 0,
                "name": "string"
            }
        ],
        "status": "available"
    },
    {
        "id": 9223372036854032070,
        "category": {
            "id": 0,
            "name": "string"
        },
        "name": "doggie",
        "photoUrls": [
            "string"
        ],
        "tags": [
            {
                "id": 0,
                "name": "string"
            }
        ],
        "status": "available"
    },
    {
        "id": 9223372036854032071,
        "category": {
            "id": 0,
            "name": "string"
        },
        "name": "doggie",
        "photoUrls": [
            "string"
        ],
        "tags": [
            {
                "id": 0,
                "name": "string"
            }
        ],
        "status": "available"
    },
    {
        "id": 9223372036854032072,
        "category": {
            "id": 0,
            "name": "string"
        },
        "name": "doggie",
        "photoUrls": [
            "string"
        ],
        "tags": [
            {
                "id": 0,
                "name": "string"
            }
        ],
        "status": "available"
    },
    {
        "id": 9223372036854032081,
        "category": {
            "id": 0,
            "name": "string"
        },
        "name": "fish",
        "photoUrls": [
            "string"
        ],
        "tags": [
            {
                "id": 0,
                "name": "string"
            }
        ],
        "status": "available"
    },
    {
        "id": 9223372036854032082,
        "category": {
            "id": 0,
            "name": "string"
        },
        "name": "fish",
        "photoUrls": [
            "string"
        ],
        "tags": [
            {
                "id": 0,
                "name": "string"
            }
        ],
        "status": "available"
    },
    {
        "id": 9223372036854032083,
        "category": {
            "id": 0,
            "name": "string"
        },
        "name": "fish",
        "photoUrls": [
            "string"
        ],
        "tags": [
            {
                "id": 0,
                "name": "string"
            }
        ],
        "status": "available"
    },
    {
        "id": 9223372036854032115,
        "category": {
            "id": 0,
            "name": "string"
        },
        "name": "fish",
        "photoUrls": [
            "string"
        ],
        "tags": [
            {
                "id": 0,
                "name": "string"
            }
        ],
        "status": "available"
    },
    {
        "id": 9223372036854032118,
        "category": {
            "id": 0,
            "name": "string"
        },
        "name": "fish",
        "photoUrls": [
            "string"
        ],
        "tags": [
            {
                "id": 0,
                "name": "string"
            }
        ],
        "status": "available"
    },
    {
        "id": 9223372036854032119,
        "category": {
            "id": 0,
            "name": "string"
        },
        "name": "doggie",
        "photoUrls": [
            "string"
        ],
        "tags": [
            {
                "id": 0,
                "name": "string"
            }
        ],
        "status": "available"
    },
    {
        "id": 9223372036854032125,
        "category": {
            "id": 0,
            "name": "string"
        },
        "name": "Puff",
        "photoUrls": [
            "string"
        ],
        "tags": [
            {
                "id": 0,
                "name": "string"
            }
        ],
        "status": "available"
    },
    {
        "id": 9223372036854032135,
        "category": {
            "id": 0,
            "name": "string"
        },
        "name": "doggie",
        "photoUrls": [
            "string"
        ],
        "tags": [
            {
                "id": 0,
                "name": "string"
            }
        ],
        "status": "available"
    },
    {
        "id": 9223372036854032136,
        "category": {
            "id": 0,
            "name": "string"
        },
        "name": "doggie",
        "photoUrls": [
            "string"
        ],
        "tags": [
            {
                "id": 0,
                "name": "string"
            }
        ],
        "status": "available"
    },
    {
        "id": 9223372036854032137,
        "category": {
            "id": 0,
            "name": "string"
        },
        "name": "fish",
        "photoUrls": [
            "string"
        ],
        "tags": [
            {
                "id": 0,
                "name": "string"
            }
        ],
        "status": "available"
    },
    {
        "id": 9223372036854032147,
        "category": {
            "id": 0,
            "name": "string"
        },
        "name": "fish",
        "photoUrls": [
            "string"
        ],
        "tags": [
            {
                "id": 0,
                "name": "string"
            }
        ],
        "status": "available"
    },
    {
        "id": 9223372036854032148,
        "category": {
            "id": 0,
            "name": "string"
        },
        "name": "doggie",
        "photoUrls": [
            "string"
        ],
        "tags": [
            {
                "id": 0,
                "name": "string"
            }
        ],
        "status": "available"
    },
    {
        "id": 9223372036854032149,
        "category": {
            "id": 0,
            "name": "string"
        },
        "name": "doggie",
        "photoUrls": [
            "string"
        ],
        "tags": [
            {
                "id": 0,
                "name": "string"
            }
        ],
        "status": "available"
    },
    {
        "id": 7653,
        "category": {
            "id": 1,
            "name": "crazycats"
        },
        "name": "buka",
        "photoUrls": [
            "string"
        ],
        "tags": [
            {
                "id": 0,
                "name": "string"
            }
        ],
        "status": "available"
    },
    {
        "id": 26039,
        "category": {
            "id": 3,
            "name": "BIRD"
        },
        "name": "Shayna",
        "photoUrls": [
            "string"
        ],
        "tags": [
            {
                "id": 12,
                "name": "obedient"
            },
            {
                "id": 5,
                "name": "loyal"
            },
            {
                "id": 5,
                "name": "loyal"
            }
        ],
        "status": "available"
    },
    {
        "id": 9223372036854032153,
        "category": {
            "id": 0,
            "name": "string"
        },
        "name": "doggie",
        "photoUrls": [
            "string"
        ],
        "tags": [
            {
                "id": 0,
                "name": "string"
            }
        ],
        "status": "available"
    },
    {
        "id": 9223372036854032166,
        "category": {
            "id": 0,
            "name": "string"
        },
        "name": "fish",
        "photoUrls": [
            "string"
        ],
        "tags": [
            {
                "id": 0,
                "name": "string"
            }
        ],
        "status": "available"
    },
    {
        "id": 9223372036854032169,
        "category": {
            "id": 0,
            "name": "string"
        },
        "name": "fish",
        "photoUrls": [
            "string"
        ],
        "tags": [
            {
                "id": 0,
                "name": "string"
            }
        ],
        "status": "available"
    },
    {
        "id": 9223372036854032170,
        "category": {
            "id": 0,
            "name": "string"
        },
        "name": "fish",
        "photoUrls": [
            "string"
        ],
        "tags": [
            {
                "id": 0,
                "name": "string"
            }
        ],
        "status": "available"
    },
    {
        "id": 9223372036854032171,
        "category": {
            "id": 0,
            "name": "string"
        },
        "name": "doggie",
        "photoUrls": [
            "string"
        ],
        "tags": [
            {
                "id": 0,
                "name": "string"
            }
        ],
        "status": "available"
    },
    {
        "id": 9223372036854032174,
        "category": {
            "id": 0,
            "name": "string"
        },
        "name": "Puff",
        "photoUrls": [
            "string"
        ],
        "tags": [
            {
                "id": 0,
                "name": "string"
            }
        ],
        "status": "available"
    },
    {
        "id": 9223372036854032179,
        "category": {
            "id": 0,
            "name": "string"
        },
        "name": "doggie",
        "photoUrls": [
            "string"
        ],
        "tags": [
            {
                "id": 0,
                "name": "string"
            }
        ],
        "status": "available"
    },
    {
        "id": 9223372036854032180,
        "category": {
            "id": 0,
            "name": "string"
        },
        "name": "doggie",
        "photoUrls": [
            "string"
        ],
        "tags": [
            {
                "id": 0,
                "name": "string"
            }
        ],
        "status": "available"
    },
    {
        "id": 9223372036854032181,
        "category": {
            "id": 0,
            "name": "string"
        },
        "name": "doggie",
        "photoUrls": [
            "string"
        ],
        "tags": [
            {
                "id": 0,
                "name": "string"
            }
        ],
        "status": "available"
    },
    {
        "id": 9223372036854032182,
        "category": {
            "id": 0,
            "name": "string"
        },
        "name": "doggie",
        "photoUrls": [
            "string"
        ],
        "tags": [
            {
                "id": 0,
                "name": "string"
            }
        ],
        "status": "available"
    },
    {
        "id": 9223372036854032185,
        "category": {
            "id": 0,
            "name": "string"
        },
        "name": "fish",
        "photoUrls": [
            "string"
        ],
        "tags": [
            {
                "id": 0,
                "name": "string"
            }
        ],
        "status": "available"
    },
    {
        "id": 9223372036854032186,
        "category": {
            "id": 0,
            "name": "string"
        },
        "name": "fish",
        "photoUrls": [
            "string"
        ],
        "tags": [
            {
                "id": 0,
                "name": "string"
            }
        ],
        "status": "available"
    },
    {
        "id": 9223372036854032187,
        "category": {
            "id": 0,
            "name": "string"
        },
        "name": "fish",
        "photoUrls": [
            "string"
        ],
        "tags": [
            {
                "id": 0,
                "name": "string"
            }
        ],
        "status": "available"
    },
    {
        "id": 9223372036854032188,
        "category": {
            "id": 0,
            "name": "string"
        },
        "name": "fish",
        "photoUrls": [
            "string"
        ],
        "tags": [
            {
                "id": 0,
                "name": "string"
            }
        ],
        "status": "available"
    },
    {
        "id": 688,
        "category": {
            "id": 497,
            "name": "Senger"
        },
        "name": "Sean",
        "photoUrls": [
            "http://marcia.info",
            "http://eliseo.name"
        ],
        "tags": [
            {
                "id": 291,
                "name": "cross-platform"
            }
        ],
        "status": "available"
    },
    {
        "id": 55,
        "category": {
            "id": 109,
            "name": "puppy"
        },
        "name": "Bella",
        "photoUrls": [
            "string"
        ],
        "tags": [
            {
                "id": 112,
                "name": "dogs"
            },
            {
                "id": 113,
                "name": "middle breed"
            }
        ],
        "status": "available"
    },
    {
        "id": 9223372036854032235,
        "category": {
            "id": 0,
            "name": "string"
        },
        "name": "fish",
        "photoUrls": [
            "string"
        ],
        "tags": [
            {
                "id": 0,
                "name": "string"
            }
        ],
        "status": "available"
    },
    {
        "id": 9223372036854032236,
        "category": {
            "id": 0,
            "name": "string"
        },
        "name": "fish",
        "photoUrls": [
            "string"
        ],
        "tags": [
            {
                "id": 0,
                "name": "string"
            }
        ],
        "status": "available"
    },
    {
        "id": 9223372036854032237,
        "category": {
            "id": 0,
            "name": "string"
        },
        "name": "doggie",
        "photoUrls": [
            "string"
        ],
        "tags": [
            {
                "id": 0,
                "name": "string"
            }
        ],
        "status": "available"
    },
    {
        "id": 9223372036854032238,
        "category": {
            "id": 0,
            "name": "string"
        },
        "name": "Puff",
        "photoUrls": [
            "string"
        ],
        "tags": [
            {
                "id": 0,
                "name": "string"
            }
        ],
        "status": "available"
    },
    {
        "id": 9223372036854032246,
        "category": {
            "id": 0,
            "name": "string"
        },
        "name": "doggie",
        "photoUrls": [
            "string"
        ],
        "tags": [
            {
                "id": 0,
                "name": "string"
            }
        ],
        "status": "available"
    },
    {
        "id": 9223372036854032247,
        "category": {
            "id": 0,
            "name": "string"
        },
        "name": "doggie",
        "photoUrls": [
            "string"
        ],
        "tags": [
            {
                "id": 0,
                "name": "string"
            }
        ],
        "status": "available"
    },
    {
        "id": 9223372036854032248,
        "category": {
            "id": 0,
            "name": "string"
        },
        "name": "doggie",
        "photoUrls": [
            "string"
        ],
        "tags": [
            {
                "id": 0,
                "name": "string"
            }
        ],
        "status": "available"
    },
    {
        "id": 9223372036854032249,
        "category": {
            "id": 0,
            "name": "string"
        },
        "name": "doggie",
        "photoUrls": [
            "string"
        ],
        "tags": [
            {
                "id": 0,
                "name": "string"
            }
        ],
        "status": "available"
    },
    {
        "id": 9223372036854032250,
        "category": {
            "id": 0,
            "name": "string"
        },
        "name": "fish",
        "photoUrls": [
            "string"
        ],
        "tags": [
            {
                "id": 0,
                "name": "string"
            }
        ],
        "status": "available"
    },
    {
        "id": 9223372036854032270,
        "category": {
            "id": 0,
            "name": "string"
        },
        "name": "fish",
        "photoUrls": [
            "string"
        ],
        "tags": [
            {
                "id": 0,
                "name": "string"
            }
        ],
        "status": "available"
    },
    {
        "id": 9223372036854032274,
        "category": {
            "id": 0,
            "name": "string"
        },
        "name": "doggie",
        "photoUrls": [
            "string"
        ],
        "tags": [
            {
                "id": 0,
                "name": "string"
            }
        ],
        "status": "available"
    },
    {
        "id": 9223372036854032278,
        "category": {
            "id": 0,
            "name": "string"
        },
        "name": "doggie",
        "photoUrls": [
            "string"
        ],
        "tags": [
            {
                "id": 0,
                "name": "string"
            }
        ],
        "status": "available"
    },
    {
        "id": 9223372036854032288,
        "category": {
            "id": 0,
            "name": "string"
        },
        "name": "fish",
        "photoUrls": [
            "string"
        ],
        "tags": [
            {
                "id": 0,
                "name": "string"
            }
        ],
        "status": "available"
    },
    {
        "id": 9223372036854032290,
        "category": {
            "id": 0,
            "name": "string"
        },
        "name": "fish",
        "photoUrls": [
            "string"
        ],
        "tags": [
            {
                "id": 0,
                "name": "string"
            }
        ],
        "status": "available"
    },
    {
        "id": 9223372036854032291,
        "category": {
            "id": 0,
            "name": "string"
        },
        "name": "fish",
        "photoUrls": [
            "string"
        ],
        "tags": [
            {
                "id": 0,
                "name": "string"
            }
        ],
        "status": "available"
    },
    {
        "id": 9223372036854032292,
        "category": {
            "id": 0,
            "name": "string"
        },
        "name": "Puff",
        "photoUrls": [
            "string"
        ],
        "tags": [
            {
                "id": 0,
                "name": "string"
            }
        ],
        "status": "available"
    },
    {
        "id": 9223372036854032299,
        "category": {
            "id": 0,
            "name": "string"
        },
        "name": "doggie",
        "photoUrls": [
            "string"
        ],
        "tags": [
            {
                "id": 0,
                "name": "string"
            }
        ],
        "status": "available"
    },
    {
        "id": 9223372036854032300,
        "category": {
            "id": 0,
            "name": "string"
        },
        "name": "doggie",
        "photoUrls": [
            "string"
        ],
        "tags": [
            {
                "id": 0,
                "name": "string"
            }
        ],
        "status": "available"
    },
    {
        "id": 9223372036854032303,
        "category": {
            "id": 0,
            "name": "string"
        },
        "name": "doggie",
        "photoUrls": [
            "string"
        ],
        "tags": [
            {
                "id": 0,
                "name": "string"
            }
        ],
        "status": "available"
    },
    {
        "id": 9223372036854032304,
        "category": {
            "id": 0,
            "name": "string"
        },
        "name": "doggie",
        "photoUrls": [
            "string"
        ],
        "tags": [
            {
                "id": 0,
                "name": "string"
            }
        ],
        "status": "available"
    },
    {
        "id": 9223372036854032306,
        "category": {
            "id": 0,
            "name": "string"
        },
        "name": "11111",
        "photoUrls": [
            "string"
        ],
        "tags": [
            {
                "id": 0,
                "name": "beautiful"
            }
        ],
        "status": "available"
    },
    {
        "id": 9223372036854032309,
        "category": {
            "id": 0,
            "name": "string"
        },
        "name": "fish",
        "photoUrls": [
            "string"
        ],
        "tags": [
            {
                "id": 0,
                "name": "string"
            }
        ],
        "status": "available"
    },
    {
        "id": 9223372036854032310,
        "category": {
            "id": 0,
            "name": "string"
        },
        "name": "fish",
        "photoUrls": [
            "string"
        ],
        "tags": [
            {
                "id": 0,
                "name": "string"
            }
        ],
        "status": "available"
    },
    {
        "id": 9223372036854032311,
        "category": {
            "id": 0,
            "name": "string"
        },
        "name": "fish",
        "photoUrls": [
            "string"
        ],
        "tags": [
            {
                "id": 0,
                "name": "string"
            }
        ],
        "status": "available"
    },
    {
        "id": 9223372036854032312,
        "category": {
            "id": 0,
            "name": "string"
        },
        "name": "11111",
        "photoUrls": [
            "string"
        ],
        "tags": [
            {
                "id": 0,
                "name": "beautiful"
            }
        ],
        "status": "available"
    },
    {
        "id": 136,
        "category": {
            "id": 136,
            "name": "8rncp"
        },
        "photoUrls": [
            
        ],
        "tags": [
            
        ],
        "status": "available"
    },
    {
        "id": 9223372036854032342,
        "category": {
            "id": 0,
            "name": "string"
        },
        "name": "11111",
        "photoUrls": [
            "string"
        ],
        "tags": [
            {
                "id": 0,
                "name": "beautiful"
            }
        ],
        "status": "available"
    },
    {
        "id": 9223372036854032343,
        "category": {
            "id": 0,
            "name": "string"
        },
        "name": "fish",
        "photoUrls": [
            "string"
        ],
        "tags": [
            {
                "id": 0,
                "name": "string"
            }
        ],
        "status": "available"
    },
    {
        "id": 9223372036854032344,
        "category": {
            "id": 0,
            "name": "string"
        },
        "name": "fish",
        "photoUrls": [
            "string"
        ],
        "tags": [
            {
                "id": 0,
                "name": "string"
            }
        ],
        "status": "available"
    },
    {
        "id": 9223372036854032345,
        "category": {
            "id": 0,
            "name": "string"
        },
        "name": "Puff",
        "photoUrls": [
            "string"
        ],
        "tags": [
            {
                "id": 0,
                "name": "string"
            }
        ],
        "status": "available"
    },
    {
        "id": 9223372036854032350,
        "category": {
            "id": 0,
            "name": "string"
        },
        "name": "doggie",
        "photoUrls": [
            "string"
        ],
        "tags": [
            {
                "id": 0,
                "name": "string"
            }
        ],
        "status": "available"
    },
    {
        "id": 9223372036854032351,
        "category": {
            "id": 0,
            "name": "string"
        },
        "name": "doggie",
        "photoUrls": [
            "string"
        ],
        "tags": [
            {
                "id": 0,
                "name": "string"
            }
        ],
        "status": "available"
    },
    {
        "id": 9223372036854032352,
        "category": {
            "id": 0,
            "name": "string"
        },
        "name": "doggie",
        "photoUrls": [
            "string"
        ],
        "tags": [
            {
                "id": 0,
                "name": "string"
            }
        ],
        "status": "available"
    },
    {
        "id": 9223372036854032353,
        "category": {
            "id": 0,
            "name": "string"
        },
        "name": "doggie",
        "photoUrls": [
            "string"
        ],
        "tags": [
            {
                "id": 0,
                "name": "string"
            }
        ],
        "status": "available"
    },
    {
        "id": 9223372036854032357,
        "category": {
            "id": 0,
            "name": "string"
        },
        "name": "fish",
        "photoUrls": [
            "string"
        ],
        "tags": [
            {
                "id": 0,
                "name": "string"
            }
        ],
        "status": "available"
    },
    {
        "id": 9223372036854032360,
        "category": {
            "id": 0,
            "name": "string"
        },
        "name": "fish",
        "photoUrls": [
            "string"
        ],
        "tags": [
            {
                "id": 0,
                "name": "string"
            }
        ],
        "status": "available"
    },
    {
        "id": 9223372036854032365,
        "category": {
            "id": 0,
            "name": "string"
        },
        "name": "doggie",
        "photoUrls": [
            "string"
        ],
        "tags": [
            {
                "id": 0,
                "name": "string"
            }
        ],
        "status": "available"
    },
    {
        "id": 9223372036854032387,
        "category": {
            "id": 0,
            "name": "string"
        },
        "name": "fish",
        "photoUrls": [
            "string"
        ],
        "tags": [
            {
                "id": 0,
                "name": "string"
            }
        ],
        "status": "available"
    },
    {
        "id": 45,
        "category": {
            "id": 0,
            "name": "cat"
        },
        "name": "camell",
        "photoUrls": [
            "string"
        ],
        "tags": [
            {
                "id": 45,
                "name": "greate"
            },
            {
                "id": 45100,
                "name": "pig"
            }
        ],
        "status": "available"
    },
    {
        "id": 9223372036854032391,
        "category": {
            "id": 0,
            "name": "string"
        },
        "name": "fish",
        "photoUrls": [
            "string"
        ],
        "tags": [
            {
                "id": 0,
                "name": "string"
            }
        ],
        "status": "available"
    },
    {
        "id": 9223372036854032392,
        "category": {
            "id": 0,
            "name": "string"
        },
        "name": "fish",
        "photoUrls": [
            "string"
        ],
        "tags": [
            {
                "id": 0,
                "name": "string"
            }
        ],
        "status": "available"
    },
    {
        "id": 9223372036854032394,
        "category": {
            "id": 0,
            "name": "string"
        },
        "name": "Puff",
        "photoUrls": [
            "string"
        ],
        "tags": [
            {
                "id": 0,
                "name": "string"
            }
        ],
        "status": "available"
    },
    {
        "id": 9223372036854032397,
        "category": {
            "id": 0,
            "name": "string"
        },
        "name": "doggie",
        "photoUrls": [
            "string"
        ],
        "tags": [
            {
                "id": 0,
                "name": "string"
            }
        ],
        "status": "available"
    },
    {
        "id": 9223372036854032399,
        "category": {
            "id": 0,
            "name": "string"
        },
        "name": "doggie",
        "photoUrls": [
            "string"
        ],
        "tags": [
            {
                "id": 0,
                "name": "string"
            }
        ],
        "status": "available"
    },
    {
        "id": 9223372036854032402,
        "category": {
            "id": 0,
            "name": "string"
        },
        "name": "doggie",
        "photoUrls": [
            "string"
        ],
        "tags": [
            {
                "id": 0,
                "name": "string"
            }
        ],
        "status": "available"
    },
    {
        "id": 9223372036854032403,
        "category": {
            "id": 0,
            "name": "string"
        },
        "name": "doggie",
        "photoUrls": [
            "string"
        ],
        "tags": [
            {
                "id": 0,
                "name": "string"
            }
        ],
        "status": "available"
    },
    {
        "id": 9223372036854032413,
        "category": {
            "id": 0,
            "name": "string"
        },
        "name": "fish",
        "photoUrls": [
            "string"
        ],
        "tags": [
            {
                "id": 0,
                "name": "string"
            }
        ],
        "status": "available"
    },
    {
        "id": 9223372036854032414,
        "category": {
            "id": 0,
            "name": "string"
        },
        "name": "fish",
        "photoUrls": [
            "string"
        ],
        "tags": [
            {
                "id": 0,
                "name": "string"
            }
        ],
        "status": "available"
    },
    {
        "id": 9223372036854032415,
        "category": {
            "id": 0,
            "name": "string"
        },
        "name": "fish",
        "photoUrls": [
            "string"
        ],
        "tags": [
            {
                "id": 0,
                "name": "string"
            }
        ],
        "status": "available"
    },
    {
        "id": 9223372036854032416,
        "category": {
            "id": 0,
            "name": "string"
        },
        "name": "11111",
        "photoUrls": [
            "string"
        ],
        "tags": [
            {
                "id": 0,
                "name": "beautiful"
            }
        ],
        "status": "available"
    },
    {
        "id": 9223372036854032441,
        "category": {
            "id": 0,
            "name": "string"
        },
        "name": "fish",
        "photoUrls": [
            "string"
        ],
        "tags": [
            {
                "id": 0,
                "name": "string"
            }
        ],
        "status": "available"
    },
    {
        "id": 9223372036854032442,
        "category": {
            "id": 0,
            "name": "string"
        },
        "name": "fish",
        "photoUrls": [
            "string"
        ],
        "tags": [
            {
                "id": 0,
                "name": "string"
            }
        ],
        "status": "available"
    },
    {
        "id": 9223372036854032443,
        "category": {
            "id": 0,
            "name": "string"
        },
        "name": "doggie",
        "photoUrls": [
            "string"
        ],
        "tags": [
            {
                "id": 0,
                "name": "string"
            }
        ],
        "status": "available"
    },
    {
        "id": 9223372036854032444,
        "category": {
            "id": 0,
            "name": "string"
        },
        "name": "Puff",
        "photoUrls": [
            "string"
        ],
        "tags": [
            {
                "id": 0,
                "name": "string"
            }
        ],
        "status": "available"
    },
    {
        "id": 9223372036854032445,
        "category": {
            "id": 0,
            "name": "string"
        },
        "name": "doggie",
        "photoUrls": [
            "string"
        ],
        "tags": [
            {
                "id": 0,
                "name": "string"
            }
        ],
        "status": "available"
    },
    {
        "id": 9223372036854032446,
        "category": {
            "id": 0,
            "name": "string"
        },
        "name": "doggie",
        "photoUrls": [
            "string"
        ],
        "tags": [
            {
                "id": 0,
                "name": "string"
            }
        ],
        "status": "available"
    },
    {
        "id": 9223372036854032449,
        "category": {
            "id": 0,
            "name": "string"
        },
        "name": "doggie",
        "photoUrls": [
            "string"
        ],
        "tags": [
            {
                "id": 0,
                "name": "string"
            }
        ],
        "status": "available"
    },
    {
        "id": 9223372036854032450,
        "category": {
            "id": 0,
            "name": "string"
        },
        "name": "doggie",
        "photoUrls": [
            "string"
        ],
        "tags": [
            {
                "id": 0,
                "name": "string"
            }
        ],
        "status": "available"
    },
    {
        "id": 9223372036854032453,
        "category": {
            "id": 0,
            "name": "string"
        },
        "name": "fish",
        "photoUrls": [
            "string"
        ],
        "tags": [
            {
                "id": 0,
                "name": "string"
            }
        ],
        "status": "available"
    },
    {
        "id": 9223372036854032468,
        "category": {
            "id": 0,
            "name": "string"
        },
        "name": "test",
        "photoUrls": [
            "string"
        ],
        "tags": [
            {
                "id": 0,
                "name": "string"
            }
        ],
        "status": "available"
    },
    {
        "id": 9223372036854032469,
        "category": {
            "id": 0,
            "name": "string"
        },
        "name": "test",
        "photoUrls": [
            "string"
        ],
        "tags": [
            {
                "id": 0,
                "name": "string"
            }
        ],
        "status": "available"
    },
    {
        "id": 9223372036854032470,
        "category": {
            "id": 0,
            "name": "string"
        },
        "name": "test",
        "photoUrls": [
            "string"
        ],
        "tags": [
            {
                "id": 0,
                "name": "string"
            }
        ],
        "status": "available"
    },
    {
        "id": 9223372036854032471,
        "category": {
            "id": 0,
            "name": "string"
        },
        "name": "test",
        "photoUrls": [
            "string"
        ],
        "tags": [
            {
                "id": 0,
                "name": "string"
            }
        ],
        "status": "available"
    },
    {
        "id": 9223372036854032472,
        "category": {
            "id": 0,
            "name": "string"
        },
        "name": "fish",
        "photoUrls": [
            "string"
        ],
        "tags": [
            {
                "id": 0,
                "name": "string"
            }
        ],
        "status": "available"
    },
    {
        "id": 9223372036854032478,
        "category": {
            "id": 0,
            "name": "string"
        },
        "name": "doggie",
        "photoUrls": [
            "string"
        ],
        "tags": [
            {
                "id": 0,
                "name": "string"
            }
        ],
        "status": "available"
    },
    {
        "id": 9223372036854032479,
        "category": {
            "id": 0,
            "name": "Cat"
        },
        "name": "Bonaparte",
        "photoUrls": [
            "string"
        ],
        "tags": [
            {
                "id": 0,
                "name": "Cat"
            }
        ],
        "status": "available"
    },
    {
        "id": 9223372036854032496,
        "category": {
            "id": 0,
            "name": "string"
        },
        "name": "fish",
        "photoUrls": [
            "string"
        ],
        "tags": [
            {
                "id": 0,
                "name": "string"
            }
        ],
        "status": "available"
    },
    {
        "id": 9223372036854032501,
        "category": {
            "id": 0,
            "name": "string"
        },
        "name": "doggie",
        "photoUrls": [
            "string"
        ],
        "tags": [
            {
                "id": 0,
                "name": "string"
            }
        ],
        "status": "available"
    },
    {
        "id": 112233,
        "category": {
            "id": 30,
            "name": "Eq-dog"
        },
        "name": "Postman",
        "photoUrls": [
            "URLLink"
        ],
        "tags": [
            {
                "id": 10,
                "name": "Doberman"
            }
        ],
        "status": "available"
    },
    {
        "id": 9223372036854032505,
        "category": {
            "id": 0,
            "name": "string"
        },
        "name": "fish",
        "photoUrls": [
            "string"
        ],
        "tags": [
            {
                "id": 0,
                "name": "string"
            }
        ],
        "status": "available"
    },
    {
        "id": 9223372036854032506,
        "category": {
            "id": 0,
            "name": "string"
        },
        "name": "fish",
        "photoUrls": [
            "string"
        ],
        "tags": [
            {
                "id": 0,
                "name": "string"
            }
        ],
        "status": "available"
    },
    {
        "id": 9223372036854032509,
        "category": {
            "id": 0,
            "name": "string"
        },
        "name": "Puff",
        "photoUrls": [
            "string"
        ],
        "tags": [
            {
                "id": 0,
                "name": "string"
            }
        ],
        "status": "available"
    },
    {
        "id": 9223372036854032510,
        "category": {
            "id": 0,
            "name": "string"
        },
        "name": "11111",
        "photoUrls": [
            "string"
        ],
        "tags": [
            {
                "id": 0,
                "name": "beautiful"
            }
        ],
        "status": "available"
    },
    {
        "id": 9223372036854032511,
        "category": {
            "id": 0,
            "name": "string"
        },
        "name": "doggie",
        "photoUrls": [
            "string"
        ],
        "tags": [
            {
                "id": 0,
                "name": "string"
            }
        ],
        "status": "available"
    },
    {
        "id": 9223372036854032512,
        "category": {
            "id": 0,
            "name": "string"
        },
        "name": "doggie",
        "photoUrls": [
            "string"
        ],
        "tags": [
            {
                "id": 0,
                "name": "string"
            }
        ],
        "status": "available"
    },
    {
        "id": 9223372036854032515,
        "category": {
            "id": 0,
            "name": "string"
        },
        "name": "doggie",
        "photoUrls": [
            "string"
        ],
        "tags": [
            {
                "id": 0,
                "name": "string"
            }
        ],
        "status": "available"
    },
    {
        "id": 9223372036854032516,
        "category": {
            "id": 0,
            "name": "string"
        },
        "name": "doggie",
        "photoUrls": [
            "string"
        ],
        "tags": [
            {
                "id": 0,
                "name": "string"
            }
        ],
        "status": "available"
    },
    {
        "id": 9223372036854032523,
        "category": {
            "id": 0,
            "name": "string"
        },
        "name": "fish",
        "photoUrls": [
            "string"
        ],
        "tags": [
            {
                "id": 0,
                "name": "string"
            }
        ],
        "status": "available"
    },
    {
        "id": 12,
        "category": {
            "id": 1,
            "name": "string"
        },
        "name": "doggie",
        "photoUrls": [
            "string"
        ],
        "tags": [
            {
                "id": 1,
                "name": "string"
            }
        ],
        "status": "available"
    },
    {
        "id": 9223372036854032524,
        "category": {
            "id": 0,
            "name": "string"
        },
        "name": "11111",
        "photoUrls": [
            "string"
        ],
        "tags": [
            {
                "id": 0,
                "name": "beautiful"
            }
        ],
        "status": "available"
    },
    {
        "id": 9223372036854032525,
        "category": {
            "id": 0,
            "name": "string"
        },
        "name": "fish",
        "photoUrls": [
            "string"
        ],
        "tags": [
            {
                "id": 0,
                "name": "string"
            }
        ],
        "status": "available"
    },
    {
        "id": 9223372036854032526,
        "category": {
            "id": 0,
            "name": "string"
        },
        "name": "fish",
        "photoUrls": [
            "string"
        ],
        "tags": [
            {
                "id": 0,
                "name": "string"
            }
        ],
        "status": "available"
    },
    {
        "id": 9223372036854032527,
        "category": {
            "id": 0,
            "name": "string"
        },
        "name": "fish",
        "photoUrls": [
            "string"
        ],
        "tags": [
            {
                "id": 0,
                "name": "string"
            }
        ],
        "status": "available"
    },
    {
        "id": 9223372036854032536,
        "category": {
            "id": 0,
            "name": "string"
        },
        "name": "pies",
        "photoUrls": [
            "string"
        ],
        "tags": [
            {
                "id": 0,
                "name": "junior"
            }
        ],
        "status": "available"
    },
    {
        "id": 9223372036854032537,
        "category": {
            "id": 0,
            "name": "string"
        },
        "name": "kot",
        "photoUrls": [
            "string"
        ],
        "tags": [
            {
                "id": 0,
                "name": "little"
            }
        ],
        "status": "available"
    },
    {
        "id": 9223372036854032540,
        "category": {
            "id": 2,
            "name": "Cats"
        },
        "name": "Tom",
        "photoUrls": [
            
        ],
        "tags": [
            
        ],
        "status": "available"
    },
    {
        "id": 9223372036854032572,
        "category": {
            "id": 0,
            "name": "string"
        },
        "name": "doggie",
        "photoUrls": [
            "string"
        ],
        "tags": [
            {
                "id": 0,
                "name": "string"
            }
        ],
        "status": "available"
    },
    {
        "id": 9223372036854032574,
        "category": {
            "id": 0,
            "name": "string"
        },
        "name": "fish",
        "photoUrls": [
            "string"
        ],
        "tags": [
            {
                "id": 0,
                "name": "string"
            }
        ],
        "status": "available"
    },
    {
        "id": 9222968140491042131,
        "category": {
            "id": 0,
            "name": "string"
        },
        "name": "doggie",
        "photoUrls": [
            "string"
        ],
        "tags": [
            {
                "id": 0,
                "name": "string"
            }
        ],
        "status": "available"
    },
    {
        "id": 9223372036854032575,
        "category": {
            "id": 0,
            "name": "string"
        },
        "name": "fish",
        "photoUrls": [
            "string"
        ],
        "tags": [
            {
                "id": 0,
                "name": "string"
            }
        ],
        "status": "available"
    },
    {
        "id": 9223372036854032576,
        "category": {
            "id": 0,
            "name": "Pomeranian"
        },
        "name": "Yeontn",
        "photoUrls": [
            "https://www.google.com/url?sa=i&url=https%3A%2F%2Fwikibio.in%2Fyeontan%2F&psig=AOvVaw0UdJeOGlk-jKSOtT-nplW1&ust=1682581409377000&source=images&cd=vfe&ved=0CA4QjRxqFwoTCMCQvJiuyP4CFQAAAAAdAAAAABAI"
        ],
        "tags": [
            {
                "id": 0,
                "name": "Dog"
            }
        ],
        "status": "available"
    },
    {
        "id": 9223372036854032577,
        "category": {
            "id": 0,
            "name": "string"
        },
        "name": "Wanda Howell",
        "photoUrls": [
            "string"
        ],
        "tags": [
            {
                "id": 0,
                "name": "string"
            }
        ],
        "status": "available"
    },
    {
        "id": 9223372036854032578,
        "name": "Azorell without category",
        "photoUrls": [
            "https://i.insider.com/5489a390eab8ea6938b17e33?width=300&format=jpeg&auto=webp"
        ],
        "tags": [
            {
                "id": 0,
                "name": "castrat"
            }
        ],
        "status": "available"
    },
    {
        "id": 9223372036854032579,
        "category": {
            "id": 0,
            "name": "dalmatian"
        },
        "photoUrls": [
            "https://i.insider.com/5484a322eab8ea6938b17e33?width=300&format=jpeg&auto=webp"
        ],
        "tags": [
            {
                "id": 0,
                "name": "castrat"
            }
        ],
        "status": "available"
    },
    {
        "id": 9223372036854032584,
        "name": "Grivei update",
        "photoUrls": [
            
        ],
        "tags": [
            {
                "id": 1,
                "name": "dalmatian"
            }
        ],
        "status": "available"
    },
    {
        "id": 1234321,
        "category": {
            "id": 0,
            "name": "Cat"
        },
        "name": "Pamuk",
        "photoUrls": [
            "string"
        ],
        "tags": [
            {
                "id": 0,
                "name": "My cute cat"
            }
        ],
        "status": "available"
    },
    {
        "id": 9223372036854032585,
        "category": {
            "id": 0,
            "name": "Cat"
        },
        "name": "cotton",
        "photoUrls": [
            "string"
        ],
        "tags": [
            {
                "id": 0,
                "name": "my lovely cat"
            }
        ],
        "status": "available"
    },
    {
        "id": 9223372036854032586,
        "category": {
            "id": 0,
            "name": "string"
        },
        "name": "Puff",
        "photoUrls": [
            "string"
        ],
        "tags": [
            {
                "id": 0,
                "name": "string"
            }
        ],
        "status": "available"
    },
    {
        "id": 9223372036854032590,
        "category": {
            "id": 0,
            "name": "Nemo"
        },
        "name": "Fish",
        "photoUrls": [
            "https://avatars.mds.yandex.net/i?id=1987d977026b87b0889f11fa19ed76ffd75699d0-10876270-images-thumbs&n=13"
        ],
        "tags": [
            {
                "id": 0,
                "name": "string"
            }
        ],
        "status": "available"
    },
    {
        "id": 9223372016900017280,
        "category": {
            "id": 0,
            "name": "FISH NEMO"
        },
        "name": "NEMO FISH",
        "photoUrls": [
            "string"
        ],
        "tags": [
            {
                "id": 0,
                "name": "string"
            }
        ],
        "status": "available"
    },
    {
        "id": 9223372036854032593,
        "category": {
            "id": 0,
            "name": "string"
        },
        "name": "doggie",
        "photoUrls": [
            "string"
        ],
        "tags": [
            {
                "id": 0,
                "name": "string"
            }
        ],
        "status": "available"
    },
    {
        "id": 9223372036854032594,
        "category": {
            "id": 0,
            "name": "string"
        },
        "name": "doggie",
        "photoUrls": [
            "string"
        ],
        "tags": [
            {
                "id": 0,
                "name": "string"
            }
        ],
        "status": "available"
    },
    {
        "id": 9223372036854032595,
        "category": {
            "id": 0,
            "name": "string"
        },
        "name": "doggie",
        "photoUrls": [
            "string"
        ],
        "tags": [
            {
                "id": 0,
                "name": "string"
            }
        ],
        "status": "available"
    },
    {
        "id": 42181115,
        "category": {
            "id": 8557341,
            "name": "ut nisi"
        },
        "name": "doggie",
        "photoUrls": [
            "fugiat cillum",
            "cillum"
        ],
        "tags": [
            {
                "id": 67927893,
                "name": "et Excepteur ad"
            },
            {
                "id": -13431872,
                "name": "sint ut"
            }
        ],
        "status": "available"
    },
    {
        "id": 20083319,
        "category": {
            "id": 62517053,
            "name": "non anim quis"
        },
        "name": "doggie",
        "photoUrls": [
            "enim Ut",
            "ad "
        ],
        "tags": [
            {
                "id": -59403361,
                "name": "nulla ad"
            },
            {
                "id": -56161569,
                "name": "ullamco ex"
            }
        ],
        "status": "available"
    },
    {
        "id": 9223372036854032596,
        "category": {
            "id": 0,
            "name": "string"
        },
        "name": "doggie",
        "photoUrls": [
            "string"
        ],
        "tags": [
            {
                "id": 0,
                "name": "string"
            }
        ],
        "status": "available"
    },
    {
        "id": 121212,
        "category": {
            "id": 0,
            "name": "birdie"
        },
        "name": "cikcik",
        "photoUrls": [
            "string"
        ],
        "tags": [
            {
                "id": 0,
                "name": "cute"
            }
        ],
        "status": "available"
    },
    {
        "id": 9223372036854032599,
        "category": {
            "id": 0,
            "name": "string"
        },
        "name": "fish",
        "photoUrls": [
            "string"
        ],
        "tags": [
            {
                "id": 0,
                "name": "string"
            }
        ],
        "status": "available"
    },
    {
        "id": 9223372036854032611,
        "category": {
            "id": 0,
            "name": "string"
        },
        "name": "fish",
        "photoUrls": [
            "string"
        ],
        "tags": [
            {
                "id": 0,
                "name": "string"
            }
        ],
        "status": "available"
    },
    {
        "id": 9223372036854032612,
        "category": {
            "id": 0,
            "name": "string"
        },
        "name": "Вася_меняем",
        "photoUrls": [
            "https://images.app.goo.gl/iYNub8fsUdJ4xVwo6"
        ],
        "tags": [
            {
                "id": 0,
                "name": "string"
            }
        ],
        "status": "available"
    },
    {
        "id": 9223372036854032616,
        "category": {
            "id": 0,
            "name": "string"
        },
        "name": "doggie",
        "photoUrls": [
            "string"
        ],
        "tags": [
            {
                "id": 0,
                "name": "string"
            }
        ],
        "status": "available"
    },
    {
        "id": 9223372036854032621,
        "category": {
            "id": 0,
            "name": "string"
        },
        "name": "doggie",
        "photoUrls": [
            "string"
        ],
        "tags": [
            {
                "id": 0,
                "name": "string"
            }
        ],
        "status": "available"
    },
    {
        "id": 9223372036854032622,
        "category": {
            "id": 0,
            "name": "string"
        },
        "name": "pies",
        "photoUrls": [
            "string"
        ],
        "tags": [
            {
                "id": 0,
                "name": "junior"
            }
        ],
        "status": "available"
    },
    {
        "id": 9223372036854032623,
        "category": {
            "id": 0,
            "name": "string"
        },
        "name": "kot",
        "photoUrls": [
            "string"
        ],
        "tags": [
            {
                "id": 0,
                "name": "little"
            }
        ],
        "status": "available"
    },
    {
        "id": 9223372036854032630,
        "category": {
            "id": 0,
            "name": "string"
        },
        "name": "Moti",
        "photoUrls": [
            "string"
        ],
        "tags": [
            {
                "id": 0,
                "name": "string"
            }
        ],
        "status": "available"
    },
    {
        "id": 9223372036854032634,
        "category": {
            "id": 0,
            "name": "string"
        },
        "name": "fish",
        "photoUrls": [
            "string"
        ],
        "tags": [
            {
                "id": 0,
                "name": "string"
            }
        ],
        "status": "available"
    },
    {
        "id": 99,
        "category": {
            "id": 1,
            "name": "name"
        },
        "name": "FullName",
        "photoUrls": [
            "testUrl"
        ],
        "tags": [
            {
                "id": 1,
                "name": "tagName"
            },
            {
                "id": 2,
                "name": "tagName2"
            }
        ],
        "status": "available"
    },
    {
        "id": 9223372036854032648,
        "category": {
            "id": 0,
            "name": "string"
        },
        "name": "fish",
        "photoUrls": [
            "string"
        ],
        "tags": [
            {
                "id": 0,
                "name": "string"
            }
        ],
        "status": "available"
    },
    {
        "id": 9223372036854032649,
        "category": {
            "id": 0,
            "name": "string"
        },
        "name": "fish",
        "photoUrls": [
            "string"
        ],
        "tags": [
            {
                "id": 0,
                "name": "string"
            }
        ],
        "status": "available"
    },
    {
        "id": 9223372036854032650,
        "category": {
            "id": 0,
            "name": "string"
        },
        "name": "11111",
        "photoUrls": [
            "string"
        ],
        "tags": [
            {
                "id": 0,
                "name": "beautiful"
            }
        ],
        "status": "available"
    },
    {
        "id": 9223372036854032651,
        "category": {
            "id": 0,
            "name": "string"
        },
        "name": "Puff",
        "photoUrls": [
            "string"
        ],
        "tags": [
            {
                "id": 0,
                "name": "string"
            }
        ],
        "status": "available"
    },
    {
        "id": 9223372036854032652,
        "category": {
            "id": 0,
            "name": "string"
        },
        "name": "doggie",
        "photoUrls": [
            "string"
        ],
        "tags": [
            {
                "id": 0,
                "name": "string"
            }
        ],
        "status": "available"
    },
    {
        "id": 9223372036854032653,
        "category": {
            "id": 0,
            "name": "string"
        },
        "name": "doggie",
        "photoUrls": [
            "string"
        ],
        "tags": [
            {
                "id": 0,
                "name": "string"
            }
        ],
        "status": "available"
    },
    {
        "id": 1324,
        "category": {
            "id": 2,
            "name": "rabbit"
        },
        "name": "fox",
        "photoUrls": [
            "string"
        ],
        "tags": [
            {
                "id": 3,
                "name": "beautiful"
            },
            {
                "id": 4,
                "name": "small"
            }
        ],
        "status": "available"
    },
    {
        "id": 9223372036854032655,
        "category": {
            "id": 0,
            "name": "string"
        },
        "name": "doggie",
        "photoUrls": [
            "string"
        ],
        "tags": [
            {
                "id": 0,
                "name": "string"
            }
        ],
        "status": "available"
    },
    {
        "id": 9223372036854032656,
        "category": {
            "id": 0,
            "name": "string"
        },
        "name": "doggie",
        "photoUrls": [
            "string"
        ],
        "tags": [
            {
                "id": 0,
                "name": "string"
            }
        ],
        "status": "available"
    },
    {
        "id": 9223372036854032665,
        "category": {
            "id": 0,
            "name": "string"
        },
        "name": "doggie",
        "photoUrls": [
            "string"
        ],
        "tags": [
            {
                "id": 0,
                "name": "string"
            }
        ],
        "status": "available"
    },
    {
        "id": 9223372036854032666,
        "category": {
            "id": 0,
            "name": "string"
        },
        "name": "fish",
        "photoUrls": [
            "string"
        ],
        "tags": [
            {
                "id": 0,
                "name": "string"
            }
        ],
        "status": "available"
    },
    {
        "id": 9223372036854032667,
        "category": {
            "id": 0,
            "name": "string"
        },
        "name": "fish",
        "photoUrls": [
            "string"
        ],
        "tags": [
            {
                "id": 0,
                "name": "string"
            }
        ],
        "status": "available"
    },
    {
        "id": 9223372036854032668,
        "category": {
            "id": 0,
            "name": "string"
        },
        "name": "fish",
        "photoUrls": [
            "string"
        ],
        "tags": [
            {
                "id": 0,
                "name": "string"
            }
        ],
        "status": "available"
    },
    {
        "id": 9223372036854032675,
        "category": {
            "id": 0,
            "name": "string"
        },
        "name": "doggie",
        "photoUrls": [
            "string"
        ],
        "tags": [
            {
                "id": 0,
                "name": "string"
            }
        ],
        "status": "available"
    },
    {
        "id": 222,
        "category": {
            "id": 0,
            "name": "string"
        },
        "name": "roberto",
        "photoUrls": [
            "string"
        ],
        "tags": [
            {
                "id": 0,
                "name": "string"
            }
        ],
        "status": "available"
    },
    {
        "id": 9223372036854032678,
        "category": {
            "id": 0,
            "name": "string"
        },
        "name": "doggie",
        "photoUrls": [
            "string"
        ],
        "tags": [
            {
                "id": 0,
                "name": "string"
            }
        ],
        "status": "available"
    },
    {
        "id": 9223372036854032679,
        "name": "doggie",
        "photoUrls": [
            "string"
        ],
        "tags": [
            {
                "id": 0,
                "name": "string"
            }
        ],
        "status": "available"
    },
    {
        "id": 9223372036854032702,
        "category": {
            "id": 0,
            "name": "string"
        },
        "name": "fish",
        "photoUrls": [
            "string"
        ],
        "tags": [
            {
                "id": 0,
                "name": "string"
            }
        ],
        "status": "available"
    },
    {
        "id": 9223372036854032703,
        "category": {
            "id": 0,
            "name": "string"
        },
        "name": "fish",
        "photoUrls": [
            "string"
        ],
        "tags": [
            {
                "id": 0,
                "name": "string"
            }
        ],
        "status": "available"
    },
    {
        "id": 9223372036854032715,
        "category": {
            "id": 0,
            "name": "string"
        },
        "name": "Puff",
        "photoUrls": [
            "string"
        ],
        "tags": [
            {
                "id": 0,
                "name": "string"
            }
        ],
        "status": "available"
    },
    {
        "id": 9223372036854032716,
        "category": {
            "id": 0,
            "name": "string"
        },
        "name": "doggie",
        "photoUrls": [
            "string"
        ],
        "tags": [
            {
                "id": 0,
                "name": "string"
            }
        ],
        "status": "available"
    },
    {
        "id": 9223372036854032717,
        "category": {
            "id": 0,
            "name": "string"
        },
        "name": "doggie",
        "photoUrls": [
            "string"
        ],
        "tags": [
            {
                "id": 0,
                "name": "string"
            }
        ],
        "status": "available"
    },
    {
        "id": 9223372036854032718,
        "category": {
            "id": 0,
            "name": "string"
        },
        "name": "doggie",
        "photoUrls": [
            "string"
        ],
        "tags": [
            {
                "id": 0,
                "name": "string"
            }
        ],
        "status": "available"
    },
    {
        "id": 9223372036854032720,
        "category": {
            "id": 0,
            "name": "string"
        },
        "name": "doggie",
        "photoUrls": [
            "string"
        ],
        "tags": [
            {
                "id": 0,
                "name": "string"
            }
        ],
        "status": "available"
    },
    {
        "id": 9223372036854032721,
        "category": {
            "id": 0,
            "name": "string"
        },
        "name": "doggie",
        "photoUrls": [
            "string"
        ],
        "tags": [
            {
                "id": 0,
                "name": "string"
            }
        ],
        "status": "available"
    },
    {
        "id": 9223372036854032722,
        "category": {
            "id": 0,
            "name": "string"
        },
        "name": "fish",
        "photoUrls": [
            "string"
        ],
        "tags": [
            {
                "id": 0,
                "name": "string"
            }
        ],
        "status": "available"
    },
    {
        "id": 1,
        "category": {
            "id": 1,
            "name": "string"
        },
        "name": "doggie",
        "photoUrls": [
            "string"
        ],
        "tags": [
            {
                "id": 1,
                "name": "string"
            }
        ],
        "status": "available"
    }
]
]]></system-out>
    <system-err><![CDATA[SLF4J: Failed to load class "org.slf4j.impl.StaticLoggerBinder".
SLF4J: Defaulting to no-operation (NOP) logger implementation
SLF4J: See http://www.slf4j.org/codes.html#StaticLoggerBinder for further details.
]]></system-err>
  </testcase>
  <testcase name="testUpdatePet[org.testng.TestRunner@76134b9b](1)" classname="petapitests.PetAPITests" time="1.866">
    <system-out><![CDATA[Request method:	PUT
Request URI:	https://petstore.swagger.io/v2/pet
Proxy:			<none>
Request params:	<none>
Query params:	<none>
Form params:	<none>
Path params:	<none>
Headers:		Accept=application/json
				Content-Type=application/json
Cookies:		<none>
Multiparts:		<none>
Body:
{
    "id": null,
    "category": {
        "id": 0,
        "name": "string"
    },
    "name": "Moti",
    "photoUrls": [
        "string"
    ],
    "tags": [
        {
            "id": 0,
            "name": "string"
        }
    ],
    "status": "available"
}
HTTP/1.1 200 OK
Date: Sat, 03 Feb 2024 16:11:41 GMT
Content-Type: application/json
Transfer-Encoding: chunked
Connection: keep-alive
Access-Control-Allow-Origin: *
Access-Control-Allow-Methods: GET, POST, DELETE, PUT
Access-Control-Allow-Headers: Content-Type, api_key, Authorization
Server: Jetty(9.2.9.v20150224)

{
    "id": 9223372036854032726,
    "category": {
        "id": 0,
        "name": "string"
    },
    "name": "Moti",
    "photoUrls": [
        "string"
    ],
    "tags": [
        {
            "id": 0,
            "name": "string"
        }
    ],
    "status": "available"
}
]]></system-out>
  </testcase>
  <testcase name="testGetPetDetails[org.testng.TestRunner@76134b9b](1)" classname="petapitests.PetAPITests" time="1.3">
    <system-out><![CDATA[Request method:	GET
Request URI:	https://petstore.swagger.io/v2/pet/9223372036854032726
Proxy:			<none>
Request params:	<none>
Query params:	<none>
Form params:	<none>
Path params:	<none>
Headers:		Accept=application/json
				Content-Type=application/json
Cookies:		<none>
Multiparts:		<none>
Body:			<none>
HTTP/1.1 200 OK
Date: Sat, 03 Feb 2024 16:11:43 GMT
Content-Type: application/json
Transfer-Encoding: chunked
Connection: keep-alive
Access-Control-Allow-Origin: *
Access-Control-Allow-Methods: GET, POST, DELETE, PUT
Access-Control-Allow-Headers: Content-Type, api_key, Authorization
Server: Jetty(9.2.9.v20150224)

{
    "id": 9223372036854032726,
    "category": {
        "id": 0,
        "name": "string"
    },
    "name": "Moti",
    "photoUrls": [
        "string"
    ],
    "tags": [
        {
            "id": 0,
            "name": "string"
        }
    ],
    "status": "available"
}
***********************{"id":9223372036854032726,"category":{"id":0,"name":"string"},"name":"Moti","photoUrls":["string"],"tags":[{"id":0,"name":"string"}],"status":"available"}
]]></system-out>
  </testcase>
</testsuite>