<?xml version="1.0" encoding="UTF-8"?>
<!-- Generated by org.testng.reporters.JUnitReportReporter -->
<testsuite hostname="saurav-purohit" failures="0" tests="1" name="petapitests.PetAPI" time="3.567" errors="0" timestamp="2024-02-02T21:13:06 IST" skipped="0">
  <testcase classname="petapitests.PetAPI" name="testGetAllAvaiablePets" time="3.567"/>
</testsuite> <!-- petapitests.PetAPI -->
